[35m[Appium][39m Welcome to Appium v1.14.0
[35m[Appium][39m Non-default server args:
[35m[Appium][39m   port: 53654
[35m[Appium][39m   loglevel: info
[35m[Appium][39m   chromeDriverPort: 53656
[35m[Appium][39m   tmpDir: /var/folders/38/x4crs4qx0hn0r3_szny2t9sw0000gn/T//Katalon/Appium/Temp1566220034024
[35m[Appium][39m Appium REST http interface listener started on 0.0.0.0:53654
[35m[HTTP][39m [37m-->[39m [37mGET[39m [37m/wd/hub/status[39m
[35m[HTTP][39m [90m{}[39m
[35m[HTTP][39m [37m<-- GET /wd/hub/status [39m[32m200[39m [90m14 ms - 68[39m
[35m[HTTP][39m [90m[39m
[35m[HTTP][39m [37m-->[39m [37mPOST[39m [37m/wd/hub/session[39m
[35m[HTTP][39m [90m{"desiredCapabilities":{"app":"/Users/sumittulsyan/Downloads/app-release (1).apk","noReset":false,"deviceName":"Google Pixel (Android 9)","fullReset":true,"platform":"ANDROID","newCommandTimeout":1800,"platformVersion":"9","automationName":"uiautomator2","autoGrantPermissions":true,"platformName":"Android","udid":"FA6AW0302799","systemPort":53653},"capabilities":{"firstMatch":[{"appium:app":"/Users/sumittulsyan/Downloads/app-release (1).apk","appium:autoGrantPermissions":true,"appium:automationName":"uiautomator2","appium:deviceName":"Google Pixel (Android 9)","appium:fullReset":true,"appium:newCommandTimeout":1800,"appium:noReset":false,"platform":"ANDROID","platformName":"android","appium:platformVersion":"9","appium:systemPort":53653,"appium:udid":"FA6AW0302799"}]}}[39m
[35m[BaseDriver][39m The capabilities ["platform"] are not standard capabilities and should have an extension prefix
[35m[Appium][39m Appium v1.14.0 creating new AndroidUiautomator2Driver (v1.33.1) session
[35m[Appium][39m Capabilities:
[35m[Appium][39m   platform: ANDROID
[35m[Appium][39m   platformName: android
[35m[Appium][39m   app: /Users/sumittulsyan/Downloads/app-release (1).apk
[35m[Appium][39m   autoGrantPermissions: true
[35m[Appium][39m   automationName: uiautomator2
[35m[Appium][39m   deviceName: Google Pixel (Android 9)
[35m[Appium][39m   fullReset: true
[35m[Appium][39m   newCommandTimeout: 1800
[35m[Appium][39m   noReset: false
[35m[Appium][39m   platformVersion: 9
[35m[Appium][39m   systemPort: 53653
[35m[Appium][39m   udid: FA6AW0302799
[35m[BaseDriver][39m The following capabilities were provided, but are not recognized by Appium:
[35m[BaseDriver][39m   platform
[35m[BaseDriver][39m Session created with session id: d076d59e-d0c4-4370-8f68-9d374d32450b
[35m[BaseDriver][39m Using local app '/Users/sumittulsyan/Downloads/app-release (1).apk'
[35m[ADB][39m Found 1 'build-tools' folders under '/Users/sumittulsyan/.katalon/tools/android_sdk' (newest first):
[35m[ADB][39m     /Users/sumittulsyan/.katalon/tools/android_sdk/build-tools/29.0.1
[35m[ADB][39m Using 'adb' from '/Users/sumittulsyan/.katalon/tools/android_sdk/platform-tools/adb'
[35m[AndroidDriver][39m Retrieving device list
[35m[AndroidDriver][39m Using device: FA6AW0302799
[35m[ADB][39m Using 'adb' from '/Users/sumittulsyan/.katalon/tools/android_sdk/platform-tools/adb'
[35m[UiAutomator2][39m Relaxing hidden api policy
[35m[ADB][39m Using 'apkanalyzer' from '/Users/sumittulsyan/.katalon/tools/android_sdk/tools/bin/apkanalyzer'
[35m[ADB][39m Using the alternative activity name detection method because of: Command '/Users/sumittulsyan/.katalon/tools/android_sdk/tools/bin/apkanalyzer -h manifest print '/Users/sumittulsyan/Downloads/app-release (1).apk'' exited with code 2
[35m[ADB][39m Using 'aapt' from '/Users/sumittulsyan/.katalon/tools/android_sdk/build-tools/29.0.1/aapt'
[35m[ADB][39m Extracting package and launch activity from manifest
[35m[ADB][39m Package name: 'io.nativebase.market.geekyants.taxiapprider'
[35m[ADB][39m Main activity name: 'io.nativebase.market.geekyants.taxiapprider.MainActivity'
[35m[ADB][39m Using 'apksigner' from '/Users/sumittulsyan/.katalon/tools/android_sdk/build-tools/29.0.1/apksigner'
[35m[UiAutomator2][39m Server packages are not going to be (re)installed
[35m[ADB][39m io.nativebase.market.geekyants.taxiapprider was successfully uninstalled
[35m[ADB][39m The application at '/Users/sumittulsyan/Downloads/app-release (1).apk' is already cached to '/data/local/tmp/appium_cache/319121ffd2a4e89e1742e996fe8df850b3a56b9f.apk'
[35m[ADB][39m The installation of 'app-release (1).apk' took 5.128s
[35m[UiAutomator2][39m Starting UIAutomator2 server 3.7.0
[35m[UiAutomator2][39m Using UIAutomator2 server from '/Users/sumittulsyan/Downloads/appium-mobile-test/node_modules/appium-uiautomator2-server/apks/appium-uiautomator2-server-v3.7.0.apk' and test from '/Users/sumittulsyan/Downloads/appium-mobile-test/node_modules/appium-uiautomator2-server/apks/appium-uiautomator2-server-debug-androidTest.apk'
[35m[UiAutomator2][39m Waiting up to 30000ms for UiAutomator2 to be online...
[35m[WD Proxy][39m Got an unexpected response: {"code":"ECONNRESET"}
[35m[WD Proxy][39m Got an unexpected response: {"code":"ECONNRESET"}
[35m[WD Proxy][39m Got an unexpected response: {"code":"ECONNRESET"}
[35m[AndroidDriver][39m Screen already unlocked, doing nothing
[35m[UiAutomator2][39m UiAutomator2 did not start the activity we were waiting for, 'io.nativebase.market.geekyants.taxiapprider/io.nativebase.market.geekyants.taxiapprider.MainActivity'. Starting it ourselves
[35m[Appium][39m New AndroidUiautomator2Driver session created successfully, session d076d59e-d0c4-4370-8f68-9d374d32450b added to master session list
[35m[HTTP][39m [37m<-- POST /wd/hub/session [39m[32m200[39m [90m21281 ms - 1220[39m
[35m[HTTP][39m [90m[39m
[35m[HTTP][39m [37m-->[39m [37mGET[39m [37m/wd/hub/session/d076d59e-d0c4-4370-8f68-9d374d32450b[39m
[35m[HTTP][39m [90m{}[39m
[35m[HTTP][39m [37m<-- GET /wd/hub/session/d076d59e-d0c4-4370-8f68-9d374d32450b [39m[32m200[39m [90m51 ms - 1152[39m
[35m[HTTP][39m [90m[39m
[35m[HTTP][39m [37m-->[39m [37mGET[39m [37m/wd/hub/session/d076d59e-d0c4-4370-8f68-9d374d32450b[39m
[35m[HTTP][39m [90m{}[39m
[35m[HTTP][39m [37m<-- GET /wd/hub/session/d076d59e-d0c4-4370-8f68-9d374d32450b [39m[32m200[39m [90m22 ms - 1152[39m
[35m[HTTP][39m [90m[39m
[35m[HTTP][39m [37m-->[39m [37mGET[39m [37m/wd/hub/status[39m
[35m[HTTP][39m [90m{}[39m
[35m[HTTP][39m [37m<-- GET /wd/hub/status [39m[32m200[39m [90m2 ms - 68[39m
[35m[HTTP][39m [90m[39m
[35m[HTTP][39m [37m-->[39m [37mPOST[39m [37m/wd/hub/session/d076d59e-d0c4-4370-8f68-9d374d32450b/timeouts[39m
[35m[HTTP][39m [90m{"implicit":30000}[39m
[35m[HTTP][39m [37m<-- POST /wd/hub/session/d076d59e-d0c4-4370-8f68-9d374d32450b/timeouts [39m[32m200[39m [90m4 ms - 14[39m
[35m[HTTP][39m [90m[39m
[35m[HTTP][39m [37m-->[39m [37mPOST[39m [37m/wd/hub/session/d076d59e-d0c4-4370-8f68-9d374d32450b/timeouts[39m
[35m[HTTP][39m [90m{"implicit":50}[39m
[35m[HTTP][39m [37m<-- POST /wd/hub/session/d076d59e-d0c4-4370-8f68-9d374d32450b/timeouts [39m[32m200[39m [90m2 ms - 14[39m
[35m[HTTP][39m [90m[39m
[35m[HTTP][39m [37m-->[39m [37mGET[39m [37m/wd/hub/session/d076d59e-d0c4-4370-8f68-9d374d32450b/window/rect[39m
[35m[HTTP][39m [90m{}[39m
[35m[HTTP][39m [37m<-- GET /wd/hub/session/d076d59e-d0c4-4370-8f68-9d374d32450b/window/rect [39m[32m200[39m [90m36 ms - 50[39m
[35m[HTTP][39m [90m[39m
[35m[HTTP][39m [37m-->[39m [37mPOST[39m [37m/wd/hub/session/d076d59e-d0c4-4370-8f68-9d374d32450b/elements[39m
[35m[HTTP][39m [90m{"using":"-android uiautomator","value":"new UiSelector().className(\"android.widget.TextView\").text(\"Sign In\")"}[39m
[35m[HTTP][39m [37m<-- POST /wd/hub/session/d076d59e-d0c4-4370-8f68-9d374d32450b/elements [39m[32m200[39m [90m77 ms - 12[39m
[35m[HTTP][39m [90m[39m
[35m[HTTP][39m [37m-->[39m [37mPOST[39m [37m/wd/hub/session/d076d59e-d0c4-4370-8f68-9d374d32450b/elements[39m
[35m[HTTP][39m [90m{"using":"-android uiautomator","value":"new UiSelector().className(\"android.widget.TextView\").text(\"Sign In\")"}[39m
[35m[HTTP][39m [37m<-- POST /wd/hub/session/d076d59e-d0c4-4370-8f68-9d374d32450b/elements [39m[32m200[39m [90m56 ms - 12[39m
[35m[HTTP][39m [90m[39m
[35m[HTTP][39m [37m-->[39m [37mPOST[39m [37m/wd/hub/session/d076d59e-d0c4-4370-8f68-9d374d32450b/elements[39m
[35m[HTTP][39m [90m{"using":"-android uiautomator","value":"new UiSelector().className(\"android.widget.TextView\").text(\"Sign In\")"}[39m
[35m[HTTP][39m [37m<-- POST /wd/hub/session/d076d59e-d0c4-4370-8f68-9d374d32450b/elements [39m[32m200[39m [90m643 ms - 12[39m
[35m[HTTP][39m [90m[39m
[35m[HTTP][39m [37m-->[39m [37mPOST[39m [37m/wd/hub/session/d076d59e-d0c4-4370-8f68-9d374d32450b/elements[39m
[35m[HTTP][39m [90m{"using":"-android uiautomator","value":"new UiSelector().className(\"android.widget.TextView\").text(\"Sign In\")"}[39m
[35m[HTTP][39m [37m<-- POST /wd/hub/session/d076d59e-d0c4-4370-8f68-9d374d32450b/elements [39m[32m200[39m [90m61 ms - 12[39m
[35m[HTTP][39m [90m[39m
[35m[HTTP][39m [37m-->[39m [37mPOST[39m [37m/wd/hub/session/d076d59e-d0c4-4370-8f68-9d374d32450b/elements[39m
[35m[HTTP][39m [90m{"using":"-android uiautomator","value":"new UiSelector().className(\"android.widget.TextView\").text(\"Sign In\")"}[39m
[35m[HTTP][39m [37m<-- POST /wd/hub/session/d076d59e-d0c4-4370-8f68-9d374d32450b/elements [39m[32m200[39m [90m62 ms - 12[39m
[35m[HTTP][39m [90m[39m
[35m[HTTP][39m [37m-->[39m [37mPOST[39m [37m/wd/hub/session/d076d59e-d0c4-4370-8f68-9d374d32450b/elements[39m
[35m[HTTP][39m [90m{"using":"-android uiautomator","value":"new UiSelector().className(\"android.widget.TextView\").text(\"Sign In\")"}[39m
[35m[HTTP][39m [37m<-- POST /wd/hub/session/d076d59e-d0c4-4370-8f68-9d374d32450b/elements [39m[32m200[39m [90m63 ms - 12[39m
[35m[HTTP][39m [90m[39m
[35m[HTTP][39m [37m-->[39m [37mPOST[39m [37m/wd/hub/session/d076d59e-d0c4-4370-8f68-9d374d32450b/elements[39m
[35m[HTTP][39m [90m{"using":"-android uiautomator","value":"new UiSelector().className(\"android.widget.TextView\").text(\"Sign In\")"}[39m
[35m[HTTP][39m [37m<-- POST /wd/hub/session/d076d59e-d0c4-4370-8f68-9d374d32450b/elements [39m[32m200[39m [90m1401 ms - 139[39m
[35m[HTTP][39m [90m[39m
[35m[HTTP][39m [37m-->[39m [37mGET[39m [37m/wd/hub/session/d076d59e-d0c4-4370-8f68-9d374d32450b/element/fc3a6179-8600-4e3e-9698-fe530b5dbec4/location[39m
[35m[HTTP][39m [90m{}[39m
[35m[W3C (d076d59e)][39m Driver proxy active, passing request on via HTTP proxy
[35m[WD Proxy][39m Replacing sessionId f452b333-3657-47d6-bd60-a70e951c7e45 with d076d59e-d0c4-4370-8f68-9d374d32450b
[35m[HTTP][39m [37m<-- GET /wd/hub/session/d076d59e-d0c4-4370-8f68-9d374d32450b/element/fc3a6179-8600-4e3e-9698-fe530b5dbec4/location [39m[32m200[39m [90m78 ms - 90[39m
[35m[HTTP][39m [90m[39m
[35m[HTTP][39m [37m-->[39m [37mPOST[39m [37m/wd/hub/session/d076d59e-d0c4-4370-8f68-9d374d32450b/timeouts[39m
[35m[HTTP][39m [90m{"implicit":30000}[39m
[35m[HTTP][39m [37m<-- POST /wd/hub/session/d076d59e-d0c4-4370-8f68-9d374d32450b/timeouts [39m[32m200[39m [90m3 ms - 14[39m
[35m[HTTP][39m [90m[39m
[35m[HTTP][39m [37m-->[39m [37mPOST[39m [37m/wd/hub/session/d076d59e-d0c4-4370-8f68-9d374d32450b/touch/perform[39m
[35m[HTTP][39m [90m{"actions":[{"action":"tap","options":{"x":1,"y":1,"element":"fc3a6179-8600-4e3e-9698-fe530b5dbec4"}},{"action":"release","options":{}}]}[39m
[35m[UiAutomator2][39m calling get location: fc3a6179-8600-4e3e-9698-fe530b5dbec4
[35m[HTTP][39m [37m<-- POST /wd/hub/session/d076d59e-d0c4-4370-8f68-9d374d32450b/touch/perform [39m[32m200[39m [90m1269 ms - 14[39m
[35m[HTTP][39m [90m[39m
[35m[HTTP][39m [37m-->[39m [37mPOST[39m [37m/wd/hub/session/d076d59e-d0c4-4370-8f68-9d374d32450b/timeouts[39m
[35m[HTTP][39m [90m{"implicit":50}[39m
[35m[HTTP][39m [37m<-- POST /wd/hub/session/d076d59e-d0c4-4370-8f68-9d374d32450b/timeouts [39m[32m200[39m [90m2 ms - 14[39m
[35m[HTTP][39m [90m[39m
[35m[HTTP][39m [37m-->[39m [37mGET[39m [37m/wd/hub/session/d076d59e-d0c4-4370-8f68-9d374d32450b/window/rect[39m
[35m[HTTP][39m [90m{}[39m
[35m[HTTP][39m [37m<-- GET /wd/hub/session/d076d59e-d0c4-4370-8f68-9d374d32450b/window/rect [39m[32m200[39m [90m30 ms - 50[39m
[35m[HTTP][39m [90m[39m
[35m[HTTP][39m [37m-->[39m [37mPOST[39m [37m/wd/hub/session/d076d59e-d0c4-4370-8f68-9d374d32450b/elements[39m
[35m[HTTP][39m [90m{"using":"-android uiautomator","value":"new UiSelector().className(\"android.widget.EditText\").text(\"Email\")"}[39m
[35m[HTTP][39m [37m<-- POST /wd/hub/session/d076d59e-d0c4-4370-8f68-9d374d32450b/elements [39m[32m200[39m [90m127 ms - 139[39m
[35m[HTTP][39m [90m[39m
[35m[HTTP][39m [37m-->[39m [37mGET[39m [37m/wd/hub/session/d076d59e-d0c4-4370-8f68-9d374d32450b/element/98ed695b-2443-47bf-8241-b31d9fca1440/location[39m
[35m[HTTP][39m [90m{}[39m
[35m[W3C (d076d59e)][39m Driver proxy active, passing request on via HTTP proxy
[35m[WD Proxy][39m Replacing sessionId f452b333-3657-47d6-bd60-a70e951c7e45 with d076d59e-d0c4-4370-8f68-9d374d32450b
[35m[HTTP][39m [37m<-- GET /wd/hub/session/d076d59e-d0c4-4370-8f68-9d374d32450b/element/98ed695b-2443-47bf-8241-b31d9fca1440/location [39m[32m200[39m [90m77 ms - 89[39m
[35m[HTTP][39m [90m[39m
[35m[HTTP][39m [37m-->[39m [37mPOST[39m [37m/wd/hub/session/d076d59e-d0c4-4370-8f68-9d374d32450b/timeouts[39m
[35m[HTTP][39m [90m{"implicit":30000}[39m
[35m[HTTP][39m [37m<-- POST /wd/hub/session/d076d59e-d0c4-4370-8f68-9d374d32450b/timeouts [39m[32m200[39m [90m2 ms - 14[39m
[35m[HTTP][39m [90m[39m
[35m[HTTP][39m [37m-->[39m [37mPOST[39m [37m/wd/hub/session/d076d59e-d0c4-4370-8f68-9d374d32450b/element/98ed695b-2443-47bf-8241-b31d9fca1440/clear[39m
[35m[HTTP][39m [90m{"id":"98ed695b-2443-47bf-8241-b31d9fca1440"}[39m
[35m[HTTP][39m [37m<-- POST /wd/hub/session/d076d59e-d0c4-4370-8f68-9d374d32450b/element/98ed695b-2443-47bf-8241-b31d9fca1440/clear [39m[32m200[39m [90m63 ms - 27[39m
[35m[HTTP][39m [90m[39m
[35m[HTTP][39m [37m-->[39m [37mPOST[39m [37m/wd/hub/session/d076d59e-d0c4-4370-8f68-9d374d32450b/element/98ed695b-2443-47bf-8241-b31d9fca1440/value[39m
[35m[HTTP][39m [90m{"id":"98ed695b-2443-47bf-8241-b31d9fca1440","text":"taxirider@gmail.com","value":["t","a","x","i","r","i","d","e","r","@","g","m","a","i","l",".","c","o","m"]}[39m
[35m[HTTP][39m [37m<-- POST /wd/hub/session/d076d59e-d0c4-4370-8f68-9d374d32450b/element/98ed695b-2443-47bf-8241-b31d9fca1440/value [39m[32m200[39m [90m1605 ms - 12[39m
[35m[HTTP][39m [90m[39m
[35m[HTTP][39m [37m-->[39m [37mPOST[39m [37m/wd/hub/session/d076d59e-d0c4-4370-8f68-9d374d32450b/timeouts[39m
[35m[HTTP][39m [90m{"implicit":50}[39m
[35m[HTTP][39m [37m<-- POST /wd/hub/session/d076d59e-d0c4-4370-8f68-9d374d32450b/timeouts [39m[32m200[39m [90m2 ms - 14[39m
[35m[HTTP][39m [90m[39m
[35m[HTTP][39m [37m-->[39m [37mGET[39m [37m/wd/hub/session/d076d59e-d0c4-4370-8f68-9d374d32450b/window/rect[39m
[35m[HTTP][39m [90m{}[39m
[35m[HTTP][39m [37m<-- GET /wd/hub/session/d076d59e-d0c4-4370-8f68-9d374d32450b/window/rect [39m[32m200[39m [90m34 ms - 50[39m
[35m[HTTP][39m [90m[39m
[35m[HTTP][39m [37m-->[39m [37mPOST[39m [37m/wd/hub/session/d076d59e-d0c4-4370-8f68-9d374d32450b/elements[39m
[35m[HTTP][39m [90m{"using":"-android uiautomator","value":"new UiSelector().className(\"android.widget.EditText\").text(\"Password\")"}[39m
[35m[HTTP][39m [37m<-- POST /wd/hub/session/d076d59e-d0c4-4370-8f68-9d374d32450b/elements [39m[32m200[39m [90m479 ms - 139[39m
[35m[HTTP][39m [90m[39m
[35m[HTTP][39m [37m-->[39m [37mGET[39m [37m/wd/hub/session/d076d59e-d0c4-4370-8f68-9d374d32450b/element/a65c6a2f-ed17-4ac5-9d70-64a1f08d9bbf/location[39m
[35m[HTTP][39m [90m{}[39m
[35m[W3C (d076d59e)][39m Driver proxy active, passing request on via HTTP proxy
[35m[WD Proxy][39m Replacing sessionId f452b333-3657-47d6-bd60-a70e951c7e45 with d076d59e-d0c4-4370-8f68-9d374d32450b
[35m[HTTP][39m [37m<-- GET /wd/hub/session/d076d59e-d0c4-4370-8f68-9d374d32450b/element/a65c6a2f-ed17-4ac5-9d70-64a1f08d9bbf/location [39m[32m200[39m [90m55 ms - 90[39m
[35m[HTTP][39m [90m[39m
[35m[HTTP][39m [37m-->[39m [37mPOST[39m [37m/wd/hub/session/d076d59e-d0c4-4370-8f68-9d374d32450b/timeouts[39m
[35m[HTTP][39m [90m{"implicit":30000}[39m
[35m[HTTP][39m [37m<-- POST /wd/hub/session/d076d59e-d0c4-4370-8f68-9d374d32450b/timeouts [39m[32m200[39m [90m2 ms - 14[39m
[35m[HTTP][39m [90m[39m
[35m[HTTP][39m [37m-->[39m [37mPOST[39m [37m/wd/hub/session/d076d59e-d0c4-4370-8f68-9d374d32450b/element/a65c6a2f-ed17-4ac5-9d70-64a1f08d9bbf/clear[39m
[35m[HTTP][39m [90m{"id":"a65c6a2f-ed17-4ac5-9d70-64a1f08d9bbf"}[39m
[35m[HTTP][39m [37m<-- POST /wd/hub/session/d076d59e-d0c4-4370-8f68-9d374d32450b/element/a65c6a2f-ed17-4ac5-9d70-64a1f08d9bbf/clear [39m[32m200[39m [90m56 ms - 27[39m
[35m[HTTP][39m [90m[39m
[35m[HTTP][39m [37m-->[39m [37mPOST[39m [37m/wd/hub/session/d076d59e-d0c4-4370-8f68-9d374d32450b/element/a65c6a2f-ed17-4ac5-9d70-64a1f08d9bbf/value[39m
[35m[HTTP][39m [90m{"id":"a65c6a2f-ed17-4ac5-9d70-64a1f08d9bbf","text":"123456","value":["1","2","3","4","5","6"]}[39m
[35m[HTTP][39m [37m<-- POST /wd/hub/session/d076d59e-d0c4-4370-8f68-9d374d32450b/element/a65c6a2f-ed17-4ac5-9d70-64a1f08d9bbf/value [39m[32m200[39m [90m1082 ms - 12[39m
[35m[HTTP][39m [90m[39m
[35m[HTTP][39m [37m-->[39m [37mPOST[39m [37m/wd/hub/session/d076d59e-d0c4-4370-8f68-9d374d32450b/timeouts[39m
[35m[HTTP][39m [90m{"implicit":50}[39m
[35m[HTTP][39m [37m<-- POST /wd/hub/session/d076d59e-d0c4-4370-8f68-9d374d32450b/timeouts [39m[32m200[39m [90m2 ms - 14[39m
[35m[HTTP][39m [90m[39m
[35m[HTTP][39m [37m-->[39m [37mGET[39m [37m/wd/hub/session/d076d59e-d0c4-4370-8f68-9d374d32450b/window/rect[39m
[35m[HTTP][39m [90m{}[39m
[35m[HTTP][39m [37m<-- GET /wd/hub/session/d076d59e-d0c4-4370-8f68-9d374d32450b/window/rect [39m[32m200[39m [90m32 ms - 50[39m
[35m[HTTP][39m [90m[39m
[35m[HTTP][39m [37m-->[39m [37mPOST[39m [37m/wd/hub/session/d076d59e-d0c4-4370-8f68-9d374d32450b/elements[39m
[35m[HTTP][39m [90m{"using":"xpath","value":"//hierarchy/android.widget.FrameLayout[1]/android.widget.LinearLayout[1]/android.widget.FrameLayout[1]/android.widget.LinearLayout[1]/android.widget.FrameLayout[1]/android.widget.FrameLayout[1]/android.view.ViewGroup[1]/android.view.ViewGroup[1]/android.view.ViewGroup[1]/android.view.ViewGroup[1]/android.support.v4.widget.DrawerLayout[1]/android.view.ViewGroup[1]/android.view.ViewGroup[1]/android.view.ViewGroup[1]/android.view.ViewGroup[1]/android.view.ViewGroup[1]/android.view.ViewGroup[1]/android.widget.ScrollView[1]/android.view.ViewGroup[1]/android.view.ViewGroup[7]/android.widget.TextView[1]"}[39m
[35m[HTTP][39m [37m<-- POST /wd/hub/session/d076d59e-d0c4-4370-8f68-9d374d32450b/elements [39m[32m200[39m [90m859 ms - 139[39m
[35m[HTTP][39m [90m[39m
[35m[HTTP][39m [37m-->[39m [37mGET[39m [37m/wd/hub/session/d076d59e-d0c4-4370-8f68-9d374d32450b/element/a1acd957-4198-4dbf-bb96-a8aa615e1890/location[39m
[35m[HTTP][39m [90m{}[39m
[35m[W3C (d076d59e)][39m Driver proxy active, passing request on via HTTP proxy
[35m[WD Proxy][39m Replacing sessionId f452b333-3657-47d6-bd60-a70e951c7e45 with d076d59e-d0c4-4370-8f68-9d374d32450b
[35m[HTTP][39m [37m<-- GET /wd/hub/session/d076d59e-d0c4-4370-8f68-9d374d32450b/element/a1acd957-4198-4dbf-bb96-a8aa615e1890/location [39m[32m200[39m [90m26 ms - 90[39m
[35m[HTTP][39m [90m[39m
[35m[HTTP][39m [37m-->[39m [37mPOST[39m [37m/wd/hub/session/d076d59e-d0c4-4370-8f68-9d374d32450b/timeouts[39m
[35m[HTTP][39m [90m{"implicit":30000}[39m
[35m[HTTP][39m [37m<-- POST /wd/hub/session/d076d59e-d0c4-4370-8f68-9d374d32450b/timeouts [39m[32m200[39m [90m2 ms - 14[39m
[35m[HTTP][39m [90m[39m
[35m[HTTP][39m [37m-->[39m [37mPOST[39m [37m/wd/hub/session/d076d59e-d0c4-4370-8f68-9d374d32450b/touch/perform[39m
[35m[HTTP][39m [90m{"actions":[{"action":"tap","options":{"x":1,"y":1,"element":"a1acd957-4198-4dbf-bb96-a8aa615e1890"}},{"action":"release","options":{}}]}[39m
[35m[UiAutomator2][39m calling get location: a1acd957-4198-4dbf-bb96-a8aa615e1890
[35m[HTTP][39m [37m<-- POST /wd/hub/session/d076d59e-d0c4-4370-8f68-9d374d32450b/touch/perform [39m[32m200[39m [90m74 ms - 14[39m
[35m[HTTP][39m [90m[39m
[35m[HTTP][39m [37m-->[39m [37mPOST[39m [37m/wd/hub/session/d076d59e-d0c4-4370-8f68-9d374d32450b/timeouts[39m
[35m[HTTP][39m [90m{"implicit":50}[39m
[35m[HTTP][39m [37m<-- POST /wd/hub/session/d076d59e-d0c4-4370-8f68-9d374d32450b/timeouts [39m[32m200[39m [90m2 ms - 14[39m
[35m[HTTP][39m [90m[39m
[35m[HTTP][39m [37m-->[39m [37mGET[39m [37m/wd/hub/session/d076d59e-d0c4-4370-8f68-9d374d32450b/window/rect[39m
[35m[HTTP][39m [90m{}[39m
[35m[HTTP][39m [37m<-- GET /wd/hub/session/d076d59e-d0c4-4370-8f68-9d374d32450b/window/rect [39m[32m200[39m [90m35 ms - 50[39m
[35m[HTTP][39m [90m[39m
[35m[HTTP][39m [37m-->[39m [37mPOST[39m [37m/wd/hub/session/d076d59e-d0c4-4370-8f68-9d374d32450b/elements[39m
[35m[HTTP][39m [90m{"using":"-android uiautomator","value":"new UiSelector().className(\"android.widget.TextView\").text(\"4, Ranka Colony Rd, Munivenkatppa Layout, Bilekahalli, Bengaluru, Karnataka 560076, India\")"}[39m
[35m[HTTP][39m [37m<-- POST /wd/hub/session/d076d59e-d0c4-4370-8f68-9d374d32450b/elements [39m[32m200[39m [90m742 ms - 12[39m
[35m[HTTP][39m [90m[39m
[35m[HTTP][39m [37m-->[39m [37mPOST[39m [37m/wd/hub/session/d076d59e-d0c4-4370-8f68-9d374d32450b/elements[39m
[35m[HTTP][39m [90m{"using":"-android uiautomator","value":"new UiSelector().className(\"android.widget.TextView\").text(\"4, Ranka Colony Rd, Munivenkatppa Layout, Bilekahalli, Bengaluru, Karnataka 560076, India\")"}[39m
[35m[HTTP][39m [37m<-- POST /wd/hub/session/d076d59e-d0c4-4370-8f68-9d374d32450b/elements [39m[32m200[39m [90m1784 ms - 139[39m
[35m[HTTP][39m [90m[39m
[35m[HTTP][39m [37m-->[39m [37mGET[39m [37m/wd/hub/session/d076d59e-d0c4-4370-8f68-9d374d32450b/element/355448f0-59b3-438b-bf0e-536897ece09d/location[39m
[35m[HTTP][39m [90m{}[39m
[35m[W3C (d076d59e)][39m Driver proxy active, passing request on via HTTP proxy
[35m[WD Proxy][39m Replacing sessionId f452b333-3657-47d6-bd60-a70e951c7e45 with d076d59e-d0c4-4370-8f68-9d374d32450b
[35m[HTTP][39m [37m<-- GET /wd/hub/session/d076d59e-d0c4-4370-8f68-9d374d32450b/element/355448f0-59b3-438b-bf0e-536897ece09d/location [39m[32m200[39m [90m70 ms - 89[39m
[35m[HTTP][39m [90m[39m
[35m[HTTP][39m [37m-->[39m [37mPOST[39m [37m/wd/hub/session/d076d59e-d0c4-4370-8f68-9d374d32450b/timeouts[39m
[35m[HTTP][39m [90m{"implicit":30000}[39m
[35m[HTTP][39m [37m<-- POST /wd/hub/session/d076d59e-d0c4-4370-8f68-9d374d32450b/timeouts [39m[32m200[39m [90m2 ms - 14[39m
[35m[HTTP][39m [90m[39m
[35m[HTTP][39m [37m-->[39m [37mPOST[39m [37m/wd/hub/session/d076d59e-d0c4-4370-8f68-9d374d32450b/touch/perform[39m
[35m[HTTP][39m [90m{"actions":[{"action":"tap","options":{"x":1,"y":1,"element":"355448f0-59b3-438b-bf0e-536897ece09d"}},{"action":"release","options":{}}]}[39m
[35m[UiAutomator2][39m calling get location: 355448f0-59b3-438b-bf0e-536897ece09d
[35m[HTTP][39m [37m<-- POST /wd/hub/session/d076d59e-d0c4-4370-8f68-9d374d32450b/touch/perform [39m[32m200[39m [90m1292 ms - 14[39m
[35m[HTTP][39m [90m[39m
[35m[HTTP][39m [37m-->[39m [37mPOST[39m [37m/wd/hub/session/d076d59e-d0c4-4370-8f68-9d374d32450b/timeouts[39m
[35m[HTTP][39m [90m{"implicit":50}[39m
[35m[HTTP][39m [37m<-- POST /wd/hub/session/d076d59e-d0c4-4370-8f68-9d374d32450b/timeouts [39m[32m200[39m [90m2 ms - 14[39m
[35m[HTTP][39m [90m[39m
[35m[HTTP][39m [37m-->[39m [37mGET[39m [37m/wd/hub/session/d076d59e-d0c4-4370-8f68-9d374d32450b/window/rect[39m
[35m[HTTP][39m [90m{}[39m
[35m[HTTP][39m [37m<-- GET /wd/hub/session/d076d59e-d0c4-4370-8f68-9d374d32450b/window/rect [39m[32m200[39m [90m32 ms - 50[39m
[35m[HTTP][39m [90m[39m
[35m[HTTP][39m [37m-->[39m [37mPOST[39m [37m/wd/hub/session/d076d59e-d0c4-4370-8f68-9d374d32450b/elements[39m
[35m[HTTP][39m [90m{"using":"-android uiautomator","value":"new UiSelector().className(\"android.widget.EditText\").text(\"Search for locality or place\")"}[39m
[35m[HTTP][39m [37m<-- POST /wd/hub/session/d076d59e-d0c4-4370-8f68-9d374d32450b/elements [39m[32m200[39m [90m83 ms - 139[39m
[35m[HTTP][39m [90m[39m
[35m[HTTP][39m [37m-->[39m [37mGET[39m [37m/wd/hub/session/d076d59e-d0c4-4370-8f68-9d374d32450b/element/32bf9566-e53d-4fbd-8db5-af8641fd9ed9/location[39m
[35m[HTTP][39m [90m{}[39m
[35m[W3C (d076d59e)][39m Driver proxy active, passing request on via HTTP proxy
[35m[WD Proxy][39m Replacing sessionId f452b333-3657-47d6-bd60-a70e951c7e45 with d076d59e-d0c4-4370-8f68-9d374d32450b
[35m[HTTP][39m [37m<-- GET /wd/hub/session/d076d59e-d0c4-4370-8f68-9d374d32450b/element/32bf9566-e53d-4fbd-8db5-af8641fd9ed9/location [39m[32m200[39m [90m46 ms - 88[39m
[35m[HTTP][39m [90m[39m
[35m[HTTP][39m [37m-->[39m [37mPOST[39m [37m/wd/hub/session/d076d59e-d0c4-4370-8f68-9d374d32450b/timeouts[39m
[35m[HTTP][39m [90m{"implicit":30000}[39m
[35m[HTTP][39m [37m<-- POST /wd/hub/session/d076d59e-d0c4-4370-8f68-9d374d32450b/timeouts [39m[32m200[39m [90m2 ms - 14[39m
[35m[HTTP][39m [90m[39m
[35m[HTTP][39m [37m-->[39m [37mPOST[39m [37m/wd/hub/session/d076d59e-d0c4-4370-8f68-9d374d32450b/element/32bf9566-e53d-4fbd-8db5-af8641fd9ed9/clear[39m
[35m[HTTP][39m [90m{"id":"32bf9566-e53d-4fbd-8db5-af8641fd9ed9"}[39m
[35m[HTTP][39m [37m<-- POST /wd/hub/session/d076d59e-d0c4-4370-8f68-9d374d32450b/element/32bf9566-e53d-4fbd-8db5-af8641fd9ed9/clear [39m[32m200[39m [90m62 ms - 27[39m
[35m[HTTP][39m [90m[39m
[35m[HTTP][39m [37m-->[39m [37mPOST[39m [37m/wd/hub/session/d076d59e-d0c4-4370-8f68-9d374d32450b/element/32bf9566-e53d-4fbd-8db5-af8641fd9ed9/value[39m
[35m[HTTP][39m [90m{"id":"32bf9566-e53d-4fbd-8db5-af8641fd9ed9","text":"Ranka colony","value":["R","a","n","k","a"," ","c","o","l","o","n","y"]}[39m
[35m[HTTP][39m [37m<-- POST /wd/hub/session/d076d59e-d0c4-4370-8f68-9d374d32450b/element/32bf9566-e53d-4fbd-8db5-af8641fd9ed9/value [39m[32m200[39m [90m1302 ms - 12[39m
[35m[HTTP][39m [90m[39m
[35m[HTTP][39m [37m-->[39m [37mPOST[39m [37m/wd/hub/session/d076d59e-d0c4-4370-8f68-9d374d32450b/timeouts[39m
[35m[HTTP][39m [90m{"implicit":50}[39m
[35m[HTTP][39m [37m<-- POST /wd/hub/session/d076d59e-d0c4-4370-8f68-9d374d32450b/timeouts [39m[32m200[39m [90m2 ms - 14[39m
[35m[HTTP][39m [90m[39m
[35m[HTTP][39m [37m-->[39m [37mGET[39m [37m/wd/hub/session/d076d59e-d0c4-4370-8f68-9d374d32450b/window/rect[39m
[35m[HTTP][39m [90m{}[39m
[35m[HTTP][39m [37m<-- GET /wd/hub/session/d076d59e-d0c4-4370-8f68-9d374d32450b/window/rect [39m[32m200[39m [90m33 ms - 50[39m
[35m[HTTP][39m [90m[39m
[35m[HTTP][39m [37m-->[39m [37mPOST[39m [37m/wd/hub/session/d076d59e-d0c4-4370-8f68-9d374d32450b/elements[39m
[35m[HTTP][39m [90m{"using":"-android uiautomator","value":"new UiSelector().className(\"android.widget.TextView\").text(\"Ranka Colony, Bilekahalli, Bengaluru, Karnataka, India\")"}[39m
[35m[HTTP][39m [37m<-- POST /wd/hub/session/d076d59e-d0c4-4370-8f68-9d374d32450b/elements [39m[32m200[39m [90m863 ms - 139[39m
[35m[HTTP][39m [90m[39m
[35m[HTTP][39m [37m-->[39m [37mGET[39m [37m/wd/hub/session/d076d59e-d0c4-4370-8f68-9d374d32450b/element/eaf21648-fa0f-4c47-b397-c24bbf04fe0c/location[39m
[35m[HTTP][39m [90m{}[39m
[35m[W3C (d076d59e)][39m Driver proxy active, passing request on via HTTP proxy
[35m[WD Proxy][39m Replacing sessionId f452b333-3657-47d6-bd60-a70e951c7e45 with d076d59e-d0c4-4370-8f68-9d374d32450b
[35m[HTTP][39m [37m<-- GET /wd/hub/session/d076d59e-d0c4-4370-8f68-9d374d32450b/element/eaf21648-fa0f-4c47-b397-c24bbf04fe0c/location [39m[32m200[39m [90m51 ms - 88[39m
[35m[HTTP][39m [90m[39m
[35m[HTTP][39m [37m-->[39m [37mPOST[39m [37m/wd/hub/session/d076d59e-d0c4-4370-8f68-9d374d32450b/timeouts[39m
[35m[HTTP][39m [90m{"implicit":30000}[39m
[35m[HTTP][39m [37m<-- POST /wd/hub/session/d076d59e-d0c4-4370-8f68-9d374d32450b/timeouts [39m[32m200[39m [90m3 ms - 14[39m
[35m[HTTP][39m [90m[39m
[35m[HTTP][39m [37m-->[39m [37mPOST[39m [37m/wd/hub/session/d076d59e-d0c4-4370-8f68-9d374d32450b/touch/perform[39m
[35m[HTTP][39m [90m{"actions":[{"action":"tap","options":{"x":1,"y":1,"element":"eaf21648-fa0f-4c47-b397-c24bbf04fe0c"}},{"action":"release","options":{}}]}[39m
[35m[UiAutomator2][39m calling get location: eaf21648-fa0f-4c47-b397-c24bbf04fe0c
[35m[HTTP][39m [37m<-- POST /wd/hub/session/d076d59e-d0c4-4370-8f68-9d374d32450b/touch/perform [39m[32m200[39m [90m1203 ms - 14[39m
[35m[HTTP][39m [90m[39m
[35m[HTTP][39m [37m-->[39m [37mPOST[39m [37m/wd/hub/session/d076d59e-d0c4-4370-8f68-9d374d32450b/timeouts[39m
[35m[HTTP][39m [90m{"implicit":50}[39m
[35m[HTTP][39m [37m<-- POST /wd/hub/session/d076d59e-d0c4-4370-8f68-9d374d32450b/timeouts [39m[32m200[39m [90m2 ms - 14[39m
[35m[HTTP][39m [90m[39m
[35m[HTTP][39m [37m-->[39m [37mGET[39m [37m/wd/hub/session/d076d59e-d0c4-4370-8f68-9d374d32450b/window/rect[39m
[35m[HTTP][39m [90m{}[39m
[35m[HTTP][39m [37m<-- GET /wd/hub/session/d076d59e-d0c4-4370-8f68-9d374d32450b/window/rect [39m[32m200[39m [90m38 ms - 50[39m
[35m[HTTP][39m [90m[39m
[35m[HTTP][39m [37m-->[39m [37mPOST[39m [37m/wd/hub/session/d076d59e-d0c4-4370-8f68-9d374d32450b/elements[39m
[35m[HTTP][39m [90m{"using":"-android uiautomator","value":"new UiSelector().className(\"android.widget.TextView\").text(\"Enter Drop Location\")"}[39m
[35m[HTTP][39m [37m<-- POST /wd/hub/session/d076d59e-d0c4-4370-8f68-9d374d32450b/elements [39m[32m200[39m [90m88 ms - 139[39m
[35m[HTTP][39m [90m[39m
[35m[HTTP][39m [37m-->[39m [37mGET[39m [37m/wd/hub/session/d076d59e-d0c4-4370-8f68-9d374d32450b/element/055780a6-4dd9-4fad-a1d4-34590d3abf2b/location[39m
[35m[HTTP][39m [90m{}[39m
[35m[W3C (d076d59e)][39m Driver proxy active, passing request on via HTTP proxy
[35m[WD Proxy][39m Replacing sessionId f452b333-3657-47d6-bd60-a70e951c7e45 with d076d59e-d0c4-4370-8f68-9d374d32450b
[35m[HTTP][39m [37m<-- GET /wd/hub/session/d076d59e-d0c4-4370-8f68-9d374d32450b/element/055780a6-4dd9-4fad-a1d4-34590d3abf2b/location [39m[32m200[39m [90m51 ms - 89[39m
[35m[HTTP][39m [90m[39m
[35m[HTTP][39m [37m-->[39m [37mPOST[39m [37m/wd/hub/session/d076d59e-d0c4-4370-8f68-9d374d32450b/timeouts[39m
[35m[HTTP][39m [90m{"implicit":30000}[39m
[35m[HTTP][39m [37m<-- POST /wd/hub/session/d076d59e-d0c4-4370-8f68-9d374d32450b/timeouts [39m[32m200[39m [90m2 ms - 14[39m
[35m[HTTP][39m [90m[39m
[35m[HTTP][39m [37m-->[39m [37mPOST[39m [37m/wd/hub/session/d076d59e-d0c4-4370-8f68-9d374d32450b/touch/perform[39m
[35m[HTTP][39m [90m{"actions":[{"action":"tap","options":{"x":1,"y":1,"element":"055780a6-4dd9-4fad-a1d4-34590d3abf2b"}},{"action":"release","options":{}}]}[39m
[35m[UiAutomator2][39m calling get location: 055780a6-4dd9-4fad-a1d4-34590d3abf2b
[35m[HTTP][39m [37m<-- POST /wd/hub/session/d076d59e-d0c4-4370-8f68-9d374d32450b/touch/perform [39m[32m200[39m [90m1678 ms - 14[39m
[35m[HTTP][39m [90m[39m
[35m[HTTP][39m [37m-->[39m [37mPOST[39m [37m/wd/hub/session/d076d59e-d0c4-4370-8f68-9d374d32450b/timeouts[39m
[35m[HTTP][39m [90m{"implicit":50}[39m
[35m[HTTP][39m [37m<-- POST /wd/hub/session/d076d59e-d0c4-4370-8f68-9d374d32450b/timeouts [39m[32m200[39m [90m2 ms - 14[39m
[35m[HTTP][39m [90m[39m
[35m[HTTP][39m [37m-->[39m [37mGET[39m [37m/wd/hub/session/d076d59e-d0c4-4370-8f68-9d374d32450b/window/rect[39m
[35m[HTTP][39m [90m{}[39m
[35m[HTTP][39m [37m<-- GET /wd/hub/session/d076d59e-d0c4-4370-8f68-9d374d32450b/window/rect [39m[32m200[39m [90m29 ms - 50[39m
[35m[HTTP][39m [90m[39m
[35m[HTTP][39m [37m-->[39m [37mPOST[39m [37m/wd/hub/session/d076d59e-d0c4-4370-8f68-9d374d32450b/elements[39m
[35m[HTTP][39m [90m{"using":"-android uiautomator","value":"new UiSelector().className(\"android.widget.EditText\").text(\"Search for locality or place\")"}[39m
[35m[HTTP][39m [37m<-- POST /wd/hub/session/d076d59e-d0c4-4370-8f68-9d374d32450b/elements [39m[32m200[39m [90m76 ms - 139[39m
[35m[HTTP][39m [90m[39m
[35m[HTTP][39m [37m-->[39m [37mGET[39m [37m/wd/hub/session/d076d59e-d0c4-4370-8f68-9d374d32450b/element/55a6f8e3-6a59-4a09-9356-01d631bf49ca/location[39m
[35m[HTTP][39m [90m{}[39m
[35m[W3C (d076d59e)][39m Driver proxy active, passing request on via HTTP proxy
[35m[WD Proxy][39m Replacing sessionId f452b333-3657-47d6-bd60-a70e951c7e45 with d076d59e-d0c4-4370-8f68-9d374d32450b
[35m[HTTP][39m [37m<-- GET /wd/hub/session/d076d59e-d0c4-4370-8f68-9d374d32450b/element/55a6f8e3-6a59-4a09-9356-01d631bf49ca/location [39m[32m200[39m [90m63 ms - 88[39m
[35m[HTTP][39m [90m[39m
[35m[HTTP][39m [37m-->[39m [37mPOST[39m [37m/wd/hub/session/d076d59e-d0c4-4370-8f68-9d374d32450b/timeouts[39m
[35m[HTTP][39m [90m{"implicit":30000}[39m
[35m[HTTP][39m [37m<-- POST /wd/hub/session/d076d59e-d0c4-4370-8f68-9d374d32450b/timeouts [39m[32m200[39m [90m5 ms - 14[39m
[35m[HTTP][39m [90m[39m
[35m[HTTP][39m [37m-->[39m [37mPOST[39m [37m/wd/hub/session/d076d59e-d0c4-4370-8f68-9d374d32450b/element/55a6f8e3-6a59-4a09-9356-01d631bf49ca/clear[39m
[35m[HTTP][39m [90m{"id":"55a6f8e3-6a59-4a09-9356-01d631bf49ca"}[39m
[35m[HTTP][39m [37m<-- POST /wd/hub/session/d076d59e-d0c4-4370-8f68-9d374d32450b/element/55a6f8e3-6a59-4a09-9356-01d631bf49ca/clear [39m[32m200[39m [90m94 ms - 27[39m
[35m[HTTP][39m [90m[39m
[35m[HTTP][39m [37m-->[39m [37mPOST[39m [37m/wd/hub/session/d076d59e-d0c4-4370-8f68-9d374d32450b/element/55a6f8e3-6a59-4a09-9356-01d631bf49ca/value[39m
[35m[HTTP][39m [90m{"id":"55a6f8e3-6a59-4a09-9356-01d631bf49ca","text":"silk board","value":["s","i","l","k"," ","b","o","a","r","d"]}[39m
[35m[HTTP][39m [37m<-- POST /wd/hub/session/d076d59e-d0c4-4370-8f68-9d374d32450b/element/55a6f8e3-6a59-4a09-9356-01d631bf49ca/value [39m[32m200[39m [90m1272 ms - 12[39m
[35m[HTTP][39m [90m[39m
[35m[HTTP][39m [37m-->[39m [37mPOST[39m [37m/wd/hub/session/d076d59e-d0c4-4370-8f68-9d374d32450b/timeouts[39m
[35m[HTTP][39m [90m{"implicit":50}[39m
[35m[HTTP][39m [37m<-- POST /wd/hub/session/d076d59e-d0c4-4370-8f68-9d374d32450b/timeouts [39m[32m200[39m [90m6 ms - 14[39m
[35m[HTTP][39m [90m[39m
[35m[HTTP][39m [37m-->[39m [37mGET[39m [37m/wd/hub/session/d076d59e-d0c4-4370-8f68-9d374d32450b/window/rect[39m
[35m[HTTP][39m [90m{}[39m
[35m[HTTP][39m [37m<-- GET /wd/hub/session/d076d59e-d0c4-4370-8f68-9d374d32450b/window/rect [39m[32m200[39m [90m35 ms - 50[39m
[35m[HTTP][39m [90m[39m
[35m[HTTP][39m [37m-->[39m [37mPOST[39m [37m/wd/hub/session/d076d59e-d0c4-4370-8f68-9d374d32450b/elements[39m
[35m[HTTP][39m [90m{"using":"-android uiautomator","value":"new UiSelector().className(\"android.widget.TextView\").text(\"Silk board bus stand, Central Silk Board Colony, Stage 2, BTM Layout, Bengaluru, Karnataka, India\")"}[39m
[35m[HTTP][39m [37m<-- POST /wd/hub/session/d076d59e-d0c4-4370-8f68-9d374d32450b/elements [39m[32m200[39m [90m867 ms - 139[39m
[35m[HTTP][39m [90m[39m
[35m[HTTP][39m [37m-->[39m [37mGET[39m [37m/wd/hub/session/d076d59e-d0c4-4370-8f68-9d374d32450b/element/626b6ed8-ad35-4551-93a5-bea6257ae7eb/location[39m
[35m[HTTP][39m [90m{}[39m
[35m[W3C (d076d59e)][39m Driver proxy active, passing request on via HTTP proxy
[35m[WD Proxy][39m Replacing sessionId f452b333-3657-47d6-bd60-a70e951c7e45 with d076d59e-d0c4-4370-8f68-9d374d32450b
[35m[HTTP][39m [37m<-- GET /wd/hub/session/d076d59e-d0c4-4370-8f68-9d374d32450b/element/626b6ed8-ad35-4551-93a5-bea6257ae7eb/location [39m[32m200[39m [90m63 ms - 88[39m
[35m[HTTP][39m [90m[39m
[35m[HTTP][39m [37m-->[39m [37mPOST[39m [37m/wd/hub/session/d076d59e-d0c4-4370-8f68-9d374d32450b/timeouts[39m
[35m[HTTP][39m [90m{"implicit":30000}[39m
[35m[HTTP][39m [37m<-- POST /wd/hub/session/d076d59e-d0c4-4370-8f68-9d374d32450b/timeouts [39m[32m200[39m [90m2 ms - 14[39m
[35m[HTTP][39m [90m[39m
[35m[HTTP][39m [37m-->[39m [37mPOST[39m [37m/wd/hub/session/d076d59e-d0c4-4370-8f68-9d374d32450b/touch/perform[39m
[35m[HTTP][39m [90m{"actions":[{"action":"tap","options":{"x":1,"y":1,"element":"626b6ed8-ad35-4551-93a5-bea6257ae7eb"}},{"action":"release","options":{}}]}[39m
[35m[UiAutomator2][39m calling get location: 626b6ed8-ad35-4551-93a5-bea6257ae7eb
[35m[HTTP][39m [37m<-- POST /wd/hub/session/d076d59e-d0c4-4370-8f68-9d374d32450b/touch/perform [39m[32m200[39m [90m1112 ms - 14[39m
[35m[HTTP][39m [90m[39m
[35m[HTTP][39m [37m-->[39m [37mPOST[39m [37m/wd/hub/session/d076d59e-d0c4-4370-8f68-9d374d32450b/timeouts[39m
[35m[HTTP][39m [90m{"implicit":50}[39m
[35m[HTTP][39m [37m<-- POST /wd/hub/session/d076d59e-d0c4-4370-8f68-9d374d32450b/timeouts [39m[32m200[39m [90m2 ms - 14[39m
[35m[HTTP][39m [90m[39m
[35m[HTTP][39m [37m-->[39m [37mGET[39m [37m/wd/hub/session/d076d59e-d0c4-4370-8f68-9d374d32450b/window/rect[39m
[35m[HTTP][39m [90m{}[39m
[35m[HTTP][39m [37m<-- GET /wd/hub/session/d076d59e-d0c4-4370-8f68-9d374d32450b/window/rect [39m[32m200[39m [90m27 ms - 50[39m
[35m[HTTP][39m [90m[39m
[35m[HTTP][39m [37m-->[39m [37mPOST[39m [37m/wd/hub/session/d076d59e-d0c4-4370-8f68-9d374d32450b/elements[39m
[35m[HTTP][39m [90m{"using":"-android uiautomator","value":"new UiSelector().className(\"android.widget.TextView\").text(\"Book Ride\")"}[39m
[35m[HTTP][39m [37m<-- POST /wd/hub/session/d076d59e-d0c4-4370-8f68-9d374d32450b/elements [39m[32m200[39m [90m61 ms - 139[39m
[35m[HTTP][39m [90m[39m
[35m[HTTP][39m [37m-->[39m [37mGET[39m [37m/wd/hub/session/d076d59e-d0c4-4370-8f68-9d374d32450b/element/542e0405-a2a1-4f1f-a149-66036e0fc09c/location[39m
[35m[HTTP][39m [90m{}[39m
[35m[W3C (d076d59e)][39m Driver proxy active, passing request on via HTTP proxy
[35m[WD Proxy][39m Replacing sessionId f452b333-3657-47d6-bd60-a70e951c7e45 with d076d59e-d0c4-4370-8f68-9d374d32450b
[35m[HTTP][39m [37m<-- GET /wd/hub/session/d076d59e-d0c4-4370-8f68-9d374d32450b/element/542e0405-a2a1-4f1f-a149-66036e0fc09c/location [39m[32m200[39m [90m48 ms - 90[39m
[35m[HTTP][39m [90m[39m
[35m[HTTP][39m [37m-->[39m [37mPOST[39m [37m/wd/hub/session/d076d59e-d0c4-4370-8f68-9d374d32450b/timeouts[39m
[35m[HTTP][39m [90m{"implicit":30000}[39m
[35m[HTTP][39m [37m<-- POST /wd/hub/session/d076d59e-d0c4-4370-8f68-9d374d32450b/timeouts [39m[32m200[39m [90m2 ms - 14[39m
[35m[HTTP][39m [90m[39m
[35m[HTTP][39m [37m-->[39m [37mPOST[39m [37m/wd/hub/session/d076d59e-d0c4-4370-8f68-9d374d32450b/touch/perform[39m
[35m[HTTP][39m [90m{"actions":[{"action":"tap","options":{"x":1,"y":1,"element":"542e0405-a2a1-4f1f-a149-66036e0fc09c"}},{"action":"release","options":{}}]}[39m
[35m[UiAutomator2][39m calling get location: 542e0405-a2a1-4f1f-a149-66036e0fc09c
[35m[HTTP][39m [37m<-- POST /wd/hub/session/d076d59e-d0c4-4370-8f68-9d374d32450b/touch/perform [39m[32m200[39m [90m1060 ms - 14[39m
[35m[HTTP][39m [90m[39m
[35m[HTTP][39m [37m-->[39m [37mPOST[39m [37m/wd/hub/session/d076d59e-d0c4-4370-8f68-9d374d32450b/timeouts[39m
[35m[HTTP][39m [90m{"implicit":50}[39m
[35m[HTTP][39m [37m<-- POST /wd/hub/session/d076d59e-d0c4-4370-8f68-9d374d32450b/timeouts [39m[32m200[39m [90m2 ms - 14[39m
[35m[HTTP][39m [90m[39m
[35m[HTTP][39m [37m-->[39m [37mGET[39m [37m/wd/hub/session/d076d59e-d0c4-4370-8f68-9d374d32450b/window/rect[39m
[35m[HTTP][39m [90m{}[39m
[35m[HTTP][39m [37m<-- GET /wd/hub/session/d076d59e-d0c4-4370-8f68-9d374d32450b/window/rect [39m[32m200[39m [90m25 ms - 50[39m
[35m[HTTP][39m [90m[39m
[35m[HTTP][39m [37m-->[39m [37mPOST[39m [37m/wd/hub/session/d076d59e-d0c4-4370-8f68-9d374d32450b/elements[39m
[35m[HTTP][39m [90m{"using":"-android uiautomator","value":"new UiSelector().className(\"android.widget.TextView\").text(\"Request Taxi\")"}[39m
[35m[HTTP][39m [37m<-- POST /wd/hub/session/d076d59e-d0c4-4370-8f68-9d374d32450b/elements [39m[32m200[39m [90m80 ms - 139[39m
[35m[HTTP][39m [90m[39m
[35m[HTTP][39m [37m-->[39m [37mGET[39m [37m/wd/hub/session/d076d59e-d0c4-4370-8f68-9d374d32450b/element/72c66193-e835-4323-af33-18f685d1d824/location[39m
[35m[HTTP][39m [90m{}[39m
[35m[W3C (d076d59e)][39m Driver proxy active, passing request on via HTTP proxy
[35m[WD Proxy][39m Replacing sessionId f452b333-3657-47d6-bd60-a70e951c7e45 with d076d59e-d0c4-4370-8f68-9d374d32450b
[35m[HTTP][39m [37m<-- GET /wd/hub/session/d076d59e-d0c4-4370-8f68-9d374d32450b/element/72c66193-e835-4323-af33-18f685d1d824/location [39m[32m200[39m [90m40 ms - 90[39m
[35m[HTTP][39m [90m[39m
[35m[HTTP][39m [37m-->[39m [37mPOST[39m [37m/wd/hub/session/d076d59e-d0c4-4370-8f68-9d374d32450b/timeouts[39m
[35m[HTTP][39m [90m{"implicit":30000}[39m
[35m[HTTP][39m [37m<-- POST /wd/hub/session/d076d59e-d0c4-4370-8f68-9d374d32450b/timeouts [39m[32m200[39m [90m2 ms - 14[39m
[35m[HTTP][39m [90m[39m
[35m[HTTP][39m [37m-->[39m [37mPOST[39m [37m/wd/hub/session/d076d59e-d0c4-4370-8f68-9d374d32450b/touch/perform[39m
[35m[HTTP][39m [90m{"actions":[{"action":"tap","options":{"x":1,"y":1,"element":"72c66193-e835-4323-af33-18f685d1d824"}},{"action":"release","options":{}}]}[39m
[35m[UiAutomator2][39m calling get location: 72c66193-e835-4323-af33-18f685d1d824
[35m[HTTP][39m [37m<-- POST /wd/hub/session/d076d59e-d0c4-4370-8f68-9d374d32450b/touch/perform [39m[32m200[39m [90m1010 ms - 14[39m
[35m[HTTP][39m [90m[39m
[35m[Appium][39m Received SIGINT - shutting down
[35m[BaseDriver][39m Shutting down because we waited 1800 seconds for a command
[35m[Appium][39m Closing session, cause was 'New Command Timeout of 1800 seconds expired. Try customizing the timeout using the 'newCommandTimeout' desired capability'
[35m[Appium][39m Removing session d076d59e-d0c4-4370-8f68-9d374d32450b from our master session list
[35m[WD Proxy][39m Got an unexpected response: {"errno":"ECONNREFUSED","code":"ECONNREFUSED","syscall":"connect","address":"127.0.0.1","port":53653}
[35m[UiAutomator2][39m Did not get confirmation UiAutomator2 deleteSession worked; Error was: UnknownError: An unknown server-side error occurred while processing the command. Original error: Could not proxy command to remote server. Original error: Error: connect ECONNREFUSED 127.0.0.1:53653
[35m[UiAutomator2][39m Unable to force stop app: Error executing adbExec. Original error: 'Command '/Users/sumittulsyan/.katalon/tools/android_sdk/platform-tools/adb -P 5037 -s FA6AW0302799 shell am force-stop io.nativebase.market.geekyants.taxiapprider' exited with code 1'; Stderr: '* daemon not running; starting now at tcp:5037
[35m[UiAutomator2][39m ADB server didn't ACK
[35m[UiAutomator2][39m Full server startup log: /var/folders/38/x4crs4qx0hn0r3_szny2t9sw0000gn/T//adb.501.log
[35m[UiAutomator2][39m Server had pid: 21010
[35m[UiAutomator2][39m --- adb starting (pid 21010) ---
[35m[UiAutomator2][39m adb I 08-19 19:08:06 21010 201933 main.cpp:60] Android Debug Bridge version 1.0.41
[35m[UiAutomator2][39m adb I 08-19 19:08:06 21010 201933 main.cpp:60] Version 29.0.1-5644136
[35m[UiAutomator2][39m adb I 08-19 19:08:06 21010 201933 main.cpp:60] Installed as /Users/sumittulsyan/.katalon/tools/android_sdk/platform-tools/adb
[35m[UiAutomator2][39m adb I 08-19 19:08:06 21010 201933 main.cpp:60] 
[35m[UiAutomator2][39m adb I 08-19 19:08:06 21010 201933 auth.cpp:436] adb_auth_init...
[35m[UiAutomator2][39m adb server killed by remote request
[35m[UiAutomator2][39m 
[35m[UiAutomator2][39m * failed to start daemon
[35m[UiAutomator2][39m error: cannot connect to daemon'; Code: '1'
[35m[UiAutomator2][39m Unable to uninstall app: Error finding if 'io.nativebase.market.geekyants.taxiapprider' is installed. Original error: Error executing adbExec. Original error: 'Command '/Users/sumittulsyan/.katalon/tools/android_sdk/platform-tools/adb -P 5037 -s FA6AW0302799 shell dumpsys package io.nativebase.market.geekyants.taxiapprider' exited with code 1'; Stderr: '* daemon not running; starting now at tcp:5037
[35m[UiAutomator2][39m ADB server didn't ACK
[35m[UiAutomator2][39m Full server startup log: /var/folders/38/x4crs4qx0hn0r3_szny2t9sw0000gn/T//adb.501.log
[35m[UiAutomator2][39m Server had pid: 21015
[35m[UiAutomator2][39m --- adb starting (pid 21015) ---
[35m[UiAutomator2][39m adb I 08-19 19:08:09 21015 201953 main.cpp:60] Android Debug Bridge version 1.0.41
[35m[UiAutomator2][39m adb I 08-19 19:08:09 21015 201953 main.cpp:60] Version 29.0.1-5644136
[35m[UiAutomator2][39m adb I 08-19 19:08:09 21015 201953 main.cpp:60] Installed as /Users/sumittulsyan/.katalon/tools/android_sdk/platform-tools/adb
[35m[UiAutomator2][39m adb I 08-19 19:08:09 21015 201953 main.cpp:60] 
[35m[UiAutomator2][39m adb I 08-19 19:08:09 21015 201953 auth.cpp:436] adb_auth_init...
[35m[UiAutomator2][39m adb server killed by remote request
[35m[UiAutomator2][39m 
[35m[UiAutomator2][39m * failed to start daemon
[35m[UiAutomator2][39m error: cannot connect to daemon'; Code: '1'
[35m[UiAutomator2][39m Unable to remove port forward 'Error executing adbExec. Original error: 'Command '/Users/sumittulsyan/.katalon/tools/android_sdk/platform-tools/adb -P 5037 -s FA6AW0302799 forward --remove tcp\:53653' exited with code 1'; Stderr: '* daemon not running; starting now at tcp:5037
[35m[UiAutomator2][39m ADB server didn't ACK
[35m[UiAutomator2][39m Full server startup log: /var/folders/38/x4crs4qx0hn0r3_szny2t9sw0000gn/T//adb.501.log
[35m[UiAutomator2][39m Server had pid: 21019
[35m[UiAutomator2][39m --- adb starting (pid 21019) ---
[35m[UiAutomator2][39m adb I 08-19 19:08:09 21019 201968 main.cpp:60] Android Debug Bridge version 1.0.41
[35m[UiAutomator2][39m adb I 08-19 19:08:09 21019 201968 main.cpp:60] Version 29.0.1-5644136
[35m[UiAutomator2][39m adb I 08-19 19:08:09 21019 201968 main.cpp:60] Installed as /Users/sumittulsyan/.katalon/tools/android_sdk/platform-tools/adb
[35m[UiAutomator2][39m adb I 08-19 19:08:09 21019 201968 main.cpp:60] 
[35m[UiAutomator2][39m adb I 08-19 19:08:09 21019 201968 auth.cpp:436] adb_auth_init...
[35m[UiAutomator2][39m adb server killed by remote request
[35m[UiAutomator2][39m 
[35m[UiAutomator2][39m * failed to start daemon
[35m[UiAutomator2][39m adb: error: cannot connect to daemon'; Code: '1''
[35m[UiAutomator2][39m Restoring hidden api policy to the device default configuration
