[35m[Appium][39m Welcome to Appium v1.14.0
[35m[Appium][39m Non-default server args:
[35m[Appium][39m   port: 53865
[35m[Appium][39m   loglevel: info
[35m[Appium][39m   chromeDriverPort: 53868
[35m[Appium][39m   tmpDir: /var/folders/38/x4crs4qx0hn0r3_szny2t9sw0000gn/T//Katalon/Appium/Temp1566209679705
[35m[Appium][39m Appium REST http interface listener started on 0.0.0.0:53865
[35m[HTTP][39m [37m-->[39m [37mGET[39m [37m/wd/hub/status[39m
[35m[HTTP][39m [90m{}[39m
[35m[HTTP][39m [37m<-- GET /wd/hub/status [39m[32m200[39m [90m7 ms - 68[39m
[35m[HTTP][39m [90m[39m
[35m[HTTP][39m [37m-->[39m [37mPOST[39m [37m/wd/hub/session[39m
[35m[HTTP][39m [90m{"desiredCapabilities":{"app":"/Users/sumittulsyan/Downloads/app-release (1).apk","noReset":false,"deviceName":"emulator-5554 (Android SDK built for x86 - Android 9)","fullReset":true,"platform":"ANDROID","newCommandTimeout":1800,"platformVersion":"9","automationName":"uiautomator2","autoGrantPermissions":true,"platformName":"Android","udid":"emulator-5554","systemPort":53864},"capabilities":{"firstMatch":[{"appium:app":"/Users/sumittulsyan/Downloads/app-release (1).apk","appium:autoGrantPermissions":true,"appium:automationName":"uiautomator2","appium:deviceName":"emulator-5554 (Android SDK built for x86 - Android 9)","appium:fullReset":true,"appium:newCommandTimeout":1800,"appium:noReset":false,"platform":"ANDROID","platformName":"android","appium:platformVersion":"9","appium:systemPort":53864,"appium:udid":"emulator-5554"}]}}[39m
[35m[BaseDriver][39m The capabilities ["platform"] are not standard capabilities and should have an extension prefix
[35m[Appium][39m Appium v1.14.0 creating new AndroidUiautomator2Driver (v1.33.1) session
[35m[Appium][39m Capabilities:
[35m[Appium][39m   platform: ANDROID
[35m[Appium][39m   platformName: android
[35m[Appium][39m   app: /Users/sumittulsyan/Downloads/app-release (1).apk
[35m[Appium][39m   autoGrantPermissions: true
[35m[Appium][39m   automationName: uiautomator2
[35m[Appium][39m   deviceName: emulator-5554 (Android SDK built for x86 - Android 9)
[35m[Appium][39m   fullReset: true
[35m[Appium][39m   newCommandTimeout: 1800
[35m[Appium][39m   noReset: false
[35m[Appium][39m   platformVersion: 9
[35m[Appium][39m   systemPort: 53864
[35m[Appium][39m   udid: emulator-5554
[35m[BaseDriver][39m The following capabilities were provided, but are not recognized by Appium:
[35m[BaseDriver][39m   platform
[35m[BaseDriver][39m Session created with session id: cf68de0f-fc5f-4dfc-995a-257d871aaa95
[35m[BaseDriver][39m Using local app '/Users/sumittulsyan/Downloads/app-release (1).apk'
[35m[ADB][39m Found 1 'build-tools' folders under '/Users/sumittulsyan/.katalon/tools/android_sdk' (newest first):
[35m[ADB][39m     /Users/sumittulsyan/.katalon/tools/android_sdk/build-tools/29.0.1
[35m[ADB][39m Using 'adb' from '/Users/sumittulsyan/.katalon/tools/android_sdk/platform-tools/adb'
[35m[AndroidDriver][39m Retrieving device list
[35m[AndroidDriver][39m Using device: emulator-5554
[35m[ADB][39m Using 'adb' from '/Users/sumittulsyan/.katalon/tools/android_sdk/platform-tools/adb'
[35m[UiAutomator2][39m Relaxing hidden api policy
[35m[ADB][39m Using 'apkanalyzer' from '/Users/sumittulsyan/.katalon/tools/android_sdk/tools/bin/apkanalyzer'
[35m[ADB][39m Using the alternative activity name detection method because of: Command '/Users/sumittulsyan/.katalon/tools/android_sdk/tools/bin/apkanalyzer -h manifest print '/Users/sumittulsyan/Downloads/app-release (1).apk'' exited with code 2
[35m[ADB][39m Using 'aapt' from '/Users/sumittulsyan/.katalon/tools/android_sdk/build-tools/29.0.1/aapt'
[35m[ADB][39m Extracting package and launch activity from manifest
[35m[ADB][39m Package name: 'io.nativebase.market.geekyants.taxiapprider'
[35m[ADB][39m Main activity name: 'io.nativebase.market.geekyants.taxiapprider.MainActivity'
[35m[ADB][39m Using 'apksigner' from '/Users/sumittulsyan/.katalon/tools/android_sdk/build-tools/29.0.1/apksigner'
[35m[UiAutomator2][39m Server packages are not going to be (re)installed
[35m[ADB][39m io.nativebase.market.geekyants.taxiapprider was successfully uninstalled
[35m[ADB][39m The application at '/Users/sumittulsyan/Downloads/app-release (1).apk' is already cached to '/data/local/tmp/appium_cache/319121ffd2a4e89e1742e996fe8df850b3a56b9f.apk'
[35m[ADB][39m The installation of 'app-release (1).apk' took 6.217s
[35m[UiAutomator2][39m Starting UIAutomator2 server 3.7.0
[35m[UiAutomator2][39m Using UIAutomator2 server from '/Users/sumittulsyan/Downloads/appium-mobile-test/node_modules/appium-uiautomator2-server/apks/appium-uiautomator2-server-v3.7.0.apk' and test from '/Users/sumittulsyan/Downloads/appium-mobile-test/node_modules/appium-uiautomator2-server/apks/appium-uiautomator2-server-debug-androidTest.apk'
[35m[UiAutomator2][39m Waiting up to 30000ms for UiAutomator2 to be online...
[35m[WD Proxy][39m Got an unexpected response: {"code":"ECONNRESET"}
[35m[WD Proxy][39m Got an unexpected response: {"code":"ECONNRESET"}
[35m[AndroidDriver][39m Screen already unlocked, doing nothing
[35m[UiAutomator2][39m UiAutomator2 did not start the activity we were waiting for, 'io.nativebase.market.geekyants.taxiapprider/io.nativebase.market.geekyants.taxiapprider.MainActivity'. Starting it ourselves
[35m[Appium][39m New AndroidUiautomator2Driver session created successfully, session cf68de0f-fc5f-4dfc-995a-257d871aaa95 added to master session list
[35m[HTTP][39m [37m<-- POST /wd/hub/session [39m[32m200[39m [90m21475 ms - 1271[39m
[35m[HTTP][39m [90m[39m
[35m[HTTP][39m [37m-->[39m [37mGET[39m [37m/wd/hub/session/cf68de0f-fc5f-4dfc-995a-257d871aaa95[39m
[35m[HTTP][39m [90m{}[39m
[35m[HTTP][39m [37m<-- GET /wd/hub/session/cf68de0f-fc5f-4dfc-995a-257d871aaa95 [39m[32m200[39m [90m68 ms - 1203[39m
[35m[HTTP][39m [90m[39m
[35m[HTTP][39m [37m-->[39m [37mGET[39m [37m/wd/hub/session/cf68de0f-fc5f-4dfc-995a-257d871aaa95[39m
[35m[HTTP][39m [90m{}[39m
[35m[HTTP][39m [37m<-- GET /wd/hub/session/cf68de0f-fc5f-4dfc-995a-257d871aaa95 [39m[32m200[39m [90m26 ms - 1203[39m
[35m[HTTP][39m [90m[39m
[35m[HTTP][39m [37m-->[39m [37mGET[39m [37m/wd/hub/status[39m
[35m[HTTP][39m [90m{}[39m
[35m[HTTP][39m [37m<-- GET /wd/hub/status [39m[32m200[39m [90m1 ms - 68[39m
[35m[HTTP][39m [90m[39m
[35m[HTTP][39m [37m-->[39m [37mPOST[39m [37m/wd/hub/session/cf68de0f-fc5f-4dfc-995a-257d871aaa95/timeouts[39m
[35m[HTTP][39m [90m{"implicit":30000}[39m
[35m[HTTP][39m [37m<-- POST /wd/hub/session/cf68de0f-fc5f-4dfc-995a-257d871aaa95/timeouts [39m[32m200[39m [90m3 ms - 14[39m
[35m[HTTP][39m [90m[39m
[35m[HTTP][39m [37m-->[39m [37mPOST[39m [37m/wd/hub/session/cf68de0f-fc5f-4dfc-995a-257d871aaa95/timeouts[39m
[35m[HTTP][39m [90m{"implicit":50}[39m
[35m[HTTP][39m [37m<-- POST /wd/hub/session/cf68de0f-fc5f-4dfc-995a-257d871aaa95/timeouts [39m[32m200[39m [90m3 ms - 14[39m
[35m[HTTP][39m [90m[39m
[35m[HTTP][39m [37m-->[39m [37mGET[39m [37m/wd/hub/session/cf68de0f-fc5f-4dfc-995a-257d871aaa95/window/rect[39m
[35m[HTTP][39m [90m{}[39m
[35m[HTTP][39m [37m<-- GET /wd/hub/session/cf68de0f-fc5f-4dfc-995a-257d871aaa95/window/rect [39m[32m200[39m [90m39 ms - 50[39m
[35m[HTTP][39m [90m[39m
[35m[HTTP][39m [37m-->[39m [37mPOST[39m [37m/wd/hub/session/cf68de0f-fc5f-4dfc-995a-257d871aaa95/elements[39m
[35m[HTTP][39m [90m{"using":"-android uiautomator","value":"new UiSelector().className(\"android.widget.TextView\").text(\"Sign In\")"}[39m
[35m[HTTP][39m [37m<-- POST /wd/hub/session/cf68de0f-fc5f-4dfc-995a-257d871aaa95/elements [39m[32m200[39m [90m140 ms - 12[39m
[35m[HTTP][39m [90m[39m
[35m[HTTP][39m [37m-->[39m [37mPOST[39m [37m/wd/hub/session/cf68de0f-fc5f-4dfc-995a-257d871aaa95/elements[39m
[35m[HTTP][39m [90m{"using":"-android uiautomator","value":"new UiSelector().className(\"android.widget.TextView\").text(\"Sign In\")"}[39m
[35m[HTTP][39m [37m<-- POST /wd/hub/session/cf68de0f-fc5f-4dfc-995a-257d871aaa95/elements [39m[32m200[39m [90m570 ms - 12[39m
[35m[HTTP][39m [90m[39m
[35m[HTTP][39m [37m-->[39m [37mPOST[39m [37m/wd/hub/session/cf68de0f-fc5f-4dfc-995a-257d871aaa95/elements[39m
[35m[HTTP][39m [90m{"using":"-android uiautomator","value":"new UiSelector().className(\"android.widget.TextView\").text(\"Sign In\")"}[39m
[35m[HTTP][39m [37m<-- POST /wd/hub/session/cf68de0f-fc5f-4dfc-995a-257d871aaa95/elements [39m[32m200[39m [90m578 ms - 12[39m
[35m[HTTP][39m [90m[39m
[35m[HTTP][39m [37m-->[39m [37mPOST[39m [37m/wd/hub/session/cf68de0f-fc5f-4dfc-995a-257d871aaa95/elements[39m
[35m[HTTP][39m [90m{"using":"-android uiautomator","value":"new UiSelector().className(\"android.widget.TextView\").text(\"Sign In\")"}[39m
[35m[HTTP][39m [37m<-- POST /wd/hub/session/cf68de0f-fc5f-4dfc-995a-257d871aaa95/elements [39m[32m200[39m [90m1550 ms - 139[39m
[35m[HTTP][39m [90m[39m
[35m[HTTP][39m [37m-->[39m [37mGET[39m [37m/wd/hub/session/cf68de0f-fc5f-4dfc-995a-257d871aaa95/element/fad3e52c-4cae-4452-a341-d08b49b84930/location[39m
[35m[HTTP][39m [90m{}[39m
[35m[W3C (cf68de0f)][39m Driver proxy active, passing request on via HTTP proxy
[35m[WD Proxy][39m Replacing sessionId aa381a57-2fa6-4915-8f4f-4108e813d987 with cf68de0f-fc5f-4dfc-995a-257d871aaa95
[35m[HTTP][39m [37m<-- GET /wd/hub/session/cf68de0f-fc5f-4dfc-995a-257d871aaa95/element/fad3e52c-4cae-4452-a341-d08b49b84930/location [39m[32m200[39m [90m38 ms - 90[39m
[35m[HTTP][39m [90m[39m
[35m[HTTP][39m [37m-->[39m [37mPOST[39m [37m/wd/hub/session/cf68de0f-fc5f-4dfc-995a-257d871aaa95/timeouts[39m
[35m[HTTP][39m [90m{"implicit":30000}[39m
[35m[HTTP][39m [37m<-- POST /wd/hub/session/cf68de0f-fc5f-4dfc-995a-257d871aaa95/timeouts [39m[32m200[39m [90m2 ms - 14[39m
[35m[HTTP][39m [90m[39m
[35m[HTTP][39m [37m-->[39m [37mPOST[39m [37m/wd/hub/session/cf68de0f-fc5f-4dfc-995a-257d871aaa95/touch/perform[39m
[35m[HTTP][39m [90m{"actions":[{"action":"tap","options":{"x":1,"y":1,"element":"fad3e52c-4cae-4452-a341-d08b49b84930"}},{"action":"release","options":{}}]}[39m
[35m[UiAutomator2][39m calling get location: fad3e52c-4cae-4452-a341-d08b49b84930
[35m[HTTP][39m [37m<-- POST /wd/hub/session/cf68de0f-fc5f-4dfc-995a-257d871aaa95/touch/perform [39m[32m200[39m [90m1115 ms - 14[39m
[35m[HTTP][39m [90m[39m
[35m[HTTP][39m [37m-->[39m [37mPOST[39m [37m/wd/hub/session/cf68de0f-fc5f-4dfc-995a-257d871aaa95/timeouts[39m
[35m[HTTP][39m [90m{"implicit":50}[39m
[35m[HTTP][39m [37m<-- POST /wd/hub/session/cf68de0f-fc5f-4dfc-995a-257d871aaa95/timeouts [39m[32m200[39m [90m3 ms - 14[39m
[35m[HTTP][39m [90m[39m
[35m[HTTP][39m [37m-->[39m [37mGET[39m [37m/wd/hub/session/cf68de0f-fc5f-4dfc-995a-257d871aaa95/window/rect[39m
[35m[HTTP][39m [90m{}[39m
[35m[HTTP][39m [37m<-- GET /wd/hub/session/cf68de0f-fc5f-4dfc-995a-257d871aaa95/window/rect [39m[32m200[39m [90m31 ms - 50[39m
[35m[HTTP][39m [90m[39m
[35m[HTTP][39m [37m-->[39m [37mPOST[39m [37m/wd/hub/session/cf68de0f-fc5f-4dfc-995a-257d871aaa95/elements[39m
[35m[HTTP][39m [90m{"using":"-android uiautomator","value":"new UiSelector().className(\"android.widget.EditText\").text(\"Email\")"}[39m
[35m[HTTP][39m [37m<-- POST /wd/hub/session/cf68de0f-fc5f-4dfc-995a-257d871aaa95/elements [39m[32m200[39m [90m69 ms - 139[39m
[35m[HTTP][39m [90m[39m
[35m[HTTP][39m [37m-->[39m [37mGET[39m [37m/wd/hub/session/cf68de0f-fc5f-4dfc-995a-257d871aaa95/element/e7d3c3d3-2714-4107-8217-76558515d5c8/location[39m
[35m[HTTP][39m [90m{}[39m
[35m[W3C (cf68de0f)][39m Driver proxy active, passing request on via HTTP proxy
[35m[WD Proxy][39m Replacing sessionId aa381a57-2fa6-4915-8f4f-4108e813d987 with cf68de0f-fc5f-4dfc-995a-257d871aaa95
[35m[HTTP][39m [37m<-- GET /wd/hub/session/cf68de0f-fc5f-4dfc-995a-257d871aaa95/element/e7d3c3d3-2714-4107-8217-76558515d5c8/location [39m[32m200[39m [90m49 ms - 90[39m
[35m[HTTP][39m [90m[39m
[35m[HTTP][39m [37m-->[39m [37mPOST[39m [37m/wd/hub/session/cf68de0f-fc5f-4dfc-995a-257d871aaa95/timeouts[39m
[35m[HTTP][39m [90m{"implicit":30000}[39m
[35m[HTTP][39m [37m<-- POST /wd/hub/session/cf68de0f-fc5f-4dfc-995a-257d871aaa95/timeouts [39m[32m200[39m [90m2 ms - 14[39m
[35m[HTTP][39m [90m[39m
[35m[HTTP][39m [37m-->[39m [37mPOST[39m [37m/wd/hub/session/cf68de0f-fc5f-4dfc-995a-257d871aaa95/element/e7d3c3d3-2714-4107-8217-76558515d5c8/clear[39m
[35m[HTTP][39m [90m{"id":"e7d3c3d3-2714-4107-8217-76558515d5c8"}[39m
[35m[HTTP][39m [37m<-- POST /wd/hub/session/cf68de0f-fc5f-4dfc-995a-257d871aaa95/element/e7d3c3d3-2714-4107-8217-76558515d5c8/clear [39m[32m200[39m [90m46 ms - 27[39m
[35m[HTTP][39m [90m[39m
[35m[HTTP][39m [37m-->[39m [37mPOST[39m [37m/wd/hub/session/cf68de0f-fc5f-4dfc-995a-257d871aaa95/element/e7d3c3d3-2714-4107-8217-76558515d5c8/value[39m
[35m[HTTP][39m [90m{"id":"e7d3c3d3-2714-4107-8217-76558515d5c8","text":"taxirider@gmail.com","value":["t","a","x","i","r","i","d","e","r","@","g","m","a","i","l",".","c","o","m"]}[39m
[35m[HTTP][39m [37m<-- POST /wd/hub/session/cf68de0f-fc5f-4dfc-995a-257d871aaa95/element/e7d3c3d3-2714-4107-8217-76558515d5c8/value [39m[32m200[39m [90m1057 ms - 12[39m
[35m[HTTP][39m [90m[39m
[35m[HTTP][39m [37m-->[39m [37mPOST[39m [37m/wd/hub/session/cf68de0f-fc5f-4dfc-995a-257d871aaa95/timeouts[39m
[35m[HTTP][39m [90m{"implicit":50}[39m
[35m[HTTP][39m [37m<-- POST /wd/hub/session/cf68de0f-fc5f-4dfc-995a-257d871aaa95/timeouts [39m[32m200[39m [90m2 ms - 14[39m
[35m[HTTP][39m [90m[39m
[35m[HTTP][39m [37m-->[39m [37mGET[39m [37m/wd/hub/session/cf68de0f-fc5f-4dfc-995a-257d871aaa95/window/rect[39m
[35m[HTTP][39m [90m{}[39m
[35m[HTTP][39m [37m<-- GET /wd/hub/session/cf68de0f-fc5f-4dfc-995a-257d871aaa95/window/rect [39m[32m200[39m [90m50 ms - 50[39m
[35m[HTTP][39m [90m[39m
[35m[HTTP][39m [37m-->[39m [37mPOST[39m [37m/wd/hub/session/cf68de0f-fc5f-4dfc-995a-257d871aaa95/elements[39m
[35m[HTTP][39m [90m{"using":"-android uiautomator","value":"new UiSelector().className(\"android.widget.EditText\").text(\"Password\")"}[39m
[35m[HTTP][39m [37m<-- POST /wd/hub/session/cf68de0f-fc5f-4dfc-995a-257d871aaa95/elements [39m[32m200[39m [90m393 ms - 139[39m
[35m[HTTP][39m [90m[39m
[35m[HTTP][39m [37m-->[39m [37mGET[39m [37m/wd/hub/session/cf68de0f-fc5f-4dfc-995a-257d871aaa95/element/cd1346f7-162c-4dea-958c-ae205faaafc4/location[39m
[35m[HTTP][39m [90m{}[39m
[35m[W3C (cf68de0f)][39m Driver proxy active, passing request on via HTTP proxy
[35m[WD Proxy][39m Replacing sessionId aa381a57-2fa6-4915-8f4f-4108e813d987 with cf68de0f-fc5f-4dfc-995a-257d871aaa95
[35m[HTTP][39m [37m<-- GET /wd/hub/session/cf68de0f-fc5f-4dfc-995a-257d871aaa95/element/cd1346f7-162c-4dea-958c-ae205faaafc4/location [39m[32m200[39m [90m32 ms - 90[39m
[35m[HTTP][39m [90m[39m
[35m[HTTP][39m [37m-->[39m [37mPOST[39m [37m/wd/hub/session/cf68de0f-fc5f-4dfc-995a-257d871aaa95/timeouts[39m
[35m[HTTP][39m [90m{"implicit":30000}[39m
[35m[HTTP][39m [37m<-- POST /wd/hub/session/cf68de0f-fc5f-4dfc-995a-257d871aaa95/timeouts [39m[32m200[39m [90m2 ms - 14[39m
[35m[HTTP][39m [90m[39m
[35m[HTTP][39m [37m-->[39m [37mPOST[39m [37m/wd/hub/session/cf68de0f-fc5f-4dfc-995a-257d871aaa95/element/cd1346f7-162c-4dea-958c-ae205faaafc4/clear[39m
[35m[HTTP][39m [90m{"id":"cd1346f7-162c-4dea-958c-ae205faaafc4"}[39m
[35m[HTTP][39m [37m<-- POST /wd/hub/session/cf68de0f-fc5f-4dfc-995a-257d871aaa95/element/cd1346f7-162c-4dea-958c-ae205faaafc4/clear [39m[32m200[39m [90m36 ms - 27[39m
[35m[HTTP][39m [90m[39m
[35m[HTTP][39m [37m-->[39m [37mPOST[39m [37m/wd/hub/session/cf68de0f-fc5f-4dfc-995a-257d871aaa95/element/cd1346f7-162c-4dea-958c-ae205faaafc4/value[39m
[35m[HTTP][39m [90m{"id":"cd1346f7-162c-4dea-958c-ae205faaafc4","text":"123456","value":["1","2","3","4","5","6"]}[39m
[35m[HTTP][39m [37m<-- POST /wd/hub/session/cf68de0f-fc5f-4dfc-995a-257d871aaa95/element/cd1346f7-162c-4dea-958c-ae205faaafc4/value [39m[32m200[39m [90m1047 ms - 12[39m
[35m[HTTP][39m [90m[39m
[35m[HTTP][39m [37m-->[39m [37mPOST[39m [37m/wd/hub/session/cf68de0f-fc5f-4dfc-995a-257d871aaa95/timeouts[39m
[35m[HTTP][39m [90m{"implicit":50}[39m
[35m[HTTP][39m [37m<-- POST /wd/hub/session/cf68de0f-fc5f-4dfc-995a-257d871aaa95/timeouts [39m[32m200[39m [90m2 ms - 14[39m
[35m[HTTP][39m [90m[39m
[35m[HTTP][39m [37m-->[39m [37mGET[39m [37m/wd/hub/session/cf68de0f-fc5f-4dfc-995a-257d871aaa95/window/rect[39m
[35m[HTTP][39m [90m{}[39m
[35m[HTTP][39m [37m<-- GET /wd/hub/session/cf68de0f-fc5f-4dfc-995a-257d871aaa95/window/rect [39m[32m200[39m [90m23 ms - 50[39m
[35m[HTTP][39m [90m[39m
[35m[HTTP][39m [37m-->[39m [37mPOST[39m [37m/wd/hub/session/cf68de0f-fc5f-4dfc-995a-257d871aaa95/elements[39m
[35m[HTTP][39m [90m{"using":"xpath","value":"//hierarchy/android.widget.FrameLayout[1]/android.widget.LinearLayout[1]/android.widget.FrameLayout[1]/android.widget.LinearLayout[1]/android.widget.FrameLayout[1]/android.widget.FrameLayout[1]/android.view.ViewGroup[1]/android.view.ViewGroup[1]/android.view.ViewGroup[1]/android.view.ViewGroup[1]/android.support.v4.widget.DrawerLayout[1]/android.view.ViewGroup[1]/android.view.ViewGroup[1]/android.view.ViewGroup[1]/android.view.ViewGroup[1]/android.view.ViewGroup[1]/android.view.ViewGroup[1]/android.widget.ScrollView[1]/android.view.ViewGroup[1]/android.view.ViewGroup[7]/android.widget.TextView[1]"}[39m
[35m[HTTP][39m [37m<-- POST /wd/hub/session/cf68de0f-fc5f-4dfc-995a-257d871aaa95/elements [39m[32m200[39m [90m639 ms - 139[39m
[35m[HTTP][39m [90m[39m
[35m[HTTP][39m [37m-->[39m [37mGET[39m [37m/wd/hub/session/cf68de0f-fc5f-4dfc-995a-257d871aaa95/element/36712e5a-b007-46a2-99bf-3ebeda680d17/location[39m
[35m[HTTP][39m [90m{}[39m
[35m[W3C (cf68de0f)][39m Driver proxy active, passing request on via HTTP proxy
[35m[WD Proxy][39m Replacing sessionId aa381a57-2fa6-4915-8f4f-4108e813d987 with cf68de0f-fc5f-4dfc-995a-257d871aaa95
[35m[HTTP][39m [37m<-- GET /wd/hub/session/cf68de0f-fc5f-4dfc-995a-257d871aaa95/element/36712e5a-b007-46a2-99bf-3ebeda680d17/location [39m[32m200[39m [90m19 ms - 90[39m
[35m[HTTP][39m [90m[39m
[35m[HTTP][39m [37m-->[39m [37mPOST[39m [37m/wd/hub/session/cf68de0f-fc5f-4dfc-995a-257d871aaa95/timeouts[39m
[35m[HTTP][39m [90m{"implicit":30000}[39m
[35m[HTTP][39m [37m<-- POST /wd/hub/session/cf68de0f-fc5f-4dfc-995a-257d871aaa95/timeouts [39m[32m200[39m [90m2 ms - 14[39m
[35m[HTTP][39m [90m[39m
[35m[HTTP][39m [37m-->[39m [37mPOST[39m [37m/wd/hub/session/cf68de0f-fc5f-4dfc-995a-257d871aaa95/touch/perform[39m
[35m[HTTP][39m [90m{"actions":[{"action":"tap","options":{"x":1,"y":1,"element":"36712e5a-b007-46a2-99bf-3ebeda680d17"}},{"action":"release","options":{}}]}[39m
[35m[UiAutomator2][39m calling get location: 36712e5a-b007-46a2-99bf-3ebeda680d17
[35m[HTTP][39m [37m<-- POST /wd/hub/session/cf68de0f-fc5f-4dfc-995a-257d871aaa95/touch/perform [39m[32m200[39m [90m41 ms - 14[39m
[35m[HTTP][39m [90m[39m
[35m[HTTP][39m [37m-->[39m [37mPOST[39m [37m/wd/hub/session/cf68de0f-fc5f-4dfc-995a-257d871aaa95/timeouts[39m
[35m[HTTP][39m [90m{"implicit":50}[39m
[35m[HTTP][39m [37m<-- POST /wd/hub/session/cf68de0f-fc5f-4dfc-995a-257d871aaa95/timeouts [39m[32m200[39m [90m2 ms - 14[39m
[35m[HTTP][39m [90m[39m
[35m[HTTP][39m [37m-->[39m [37mGET[39m [37m/wd/hub/session/cf68de0f-fc5f-4dfc-995a-257d871aaa95/window/rect[39m
[35m[HTTP][39m [90m{}[39m
[35m[HTTP][39m [37m<-- GET /wd/hub/session/cf68de0f-fc5f-4dfc-995a-257d871aaa95/window/rect [39m[32m200[39m [90m37 ms - 50[39m
[35m[HTTP][39m [90m[39m
[35m[HTTP][39m [37m-->[39m [37mPOST[39m [37m/wd/hub/session/cf68de0f-fc5f-4dfc-995a-257d871aaa95/elements[39m
[35m[HTTP][39m [90m{"using":"-android uiautomator","value":"new UiSelector().className(\"android.widget.TextView\").text(\"Bannerghatta Main Road, BTM Layout, 2nd Stage, 2nd Main Road, No 18, First Floor, Bengaluru, Karnataka 560076, India\")"}[39m
[35m[HTTP][39m [37m<-- POST /wd/hub/session/cf68de0f-fc5f-4dfc-995a-257d871aaa95/elements [39m[32m200[39m [90m841 ms - 12[39m
[35m[HTTP][39m [90m[39m
[35m[HTTP][39m [37m-->[39m [37mPOST[39m [37m/wd/hub/session/cf68de0f-fc5f-4dfc-995a-257d871aaa95/elements[39m
[35m[HTTP][39m [90m{"using":"-android uiautomator","value":"new UiSelector().className(\"android.widget.TextView\").text(\"Bannerghatta Main Road, BTM Layout, 2nd Stage, 2nd Main Road, No 18, First Floor, Bengaluru, Karnataka 560076, India\")"}[39m
[35m[HTTP][39m [37m<-- POST /wd/hub/session/cf68de0f-fc5f-4dfc-995a-257d871aaa95/elements [39m[32m200[39m [90m124 ms - 12[39m
[35m[HTTP][39m [90m[39m
[35m[HTTP][39m [37m-->[39m [37mPOST[39m [37m/wd/hub/session/cf68de0f-fc5f-4dfc-995a-257d871aaa95/elements[39m
[35m[HTTP][39m [90m{"using":"-android uiautomator","value":"new UiSelector().className(\"android.widget.TextView\").text(\"Bannerghatta Main Road, BTM Layout, 2nd Stage, 2nd Main Road, No 18, First Floor, Bengaluru, Karnataka 560076, India\")"}[39m
[35m[HTTP][39m [37m<-- POST /wd/hub/session/cf68de0f-fc5f-4dfc-995a-257d871aaa95/elements [39m[32m200[39m [90m144 ms - 12[39m
[35m[HTTP][39m [90m[39m
[35m[HTTP][39m [37m-->[39m [37mPOST[39m [37m/wd/hub/session/cf68de0f-fc5f-4dfc-995a-257d871aaa95/elements[39m
[35m[HTTP][39m [90m{"using":"-android uiautomator","value":"new UiSelector().className(\"android.widget.TextView\").text(\"Bannerghatta Main Road, BTM Layout, 2nd Stage, 2nd Main Road, No 18, First Floor, Bengaluru, Karnataka 560076, India\")"}[39m
[35m[HTTP][39m [37m<-- POST /wd/hub/session/cf68de0f-fc5f-4dfc-995a-257d871aaa95/elements [39m[32m200[39m [90m155 ms - 12[39m
[35m[HTTP][39m [90m[39m
[35m[HTTP][39m [37m-->[39m [37mPOST[39m [37m/wd/hub/session/cf68de0f-fc5f-4dfc-995a-257d871aaa95/elements[39m
[35m[HTTP][39m [90m{"using":"-android uiautomator","value":"new UiSelector().className(\"android.widget.TextView\").text(\"Bannerghatta Main Road, BTM Layout, 2nd Stage, 2nd Main Road, No 18, First Floor, Bengaluru, Karnataka 560076, India\")"}[39m
[35m[HTTP][39m [37m<-- POST /wd/hub/session/cf68de0f-fc5f-4dfc-995a-257d871aaa95/elements [39m[32m200[39m [90m117 ms - 12[39m
[35m[HTTP][39m [90m[39m
[35m[HTTP][39m [37m-->[39m [37mPOST[39m [37m/wd/hub/session/cf68de0f-fc5f-4dfc-995a-257d871aaa95/elements[39m
[35m[HTTP][39m [90m{"using":"-android uiautomator","value":"new UiSelector().className(\"android.widget.TextView\").text(\"Bannerghatta Main Road, BTM Layout, 2nd Stage, 2nd Main Road, No 18, First Floor, Bengaluru, Karnataka 560076, India\")"}[39m
[35m[HTTP][39m [37m<-- POST /wd/hub/session/cf68de0f-fc5f-4dfc-995a-257d871aaa95/elements [39m[32m200[39m [90m572 ms - 12[39m
[35m[HTTP][39m [90m[39m
[35m[HTTP][39m [37m-->[39m [37mPOST[39m [37m/wd/hub/session/cf68de0f-fc5f-4dfc-995a-257d871aaa95/elements[39m
[35m[HTTP][39m [90m{"using":"-android uiautomator","value":"new UiSelector().className(\"android.widget.TextView\").text(\"Bannerghatta Main Road, BTM Layout, 2nd Stage, 2nd Main Road, No 18, First Floor, Bengaluru, Karnataka 560076, India\")"}[39m
[35m[HTTP][39m [37m<-- POST /wd/hub/session/cf68de0f-fc5f-4dfc-995a-257d871aaa95/elements [39m[32m200[39m [90m598 ms - 12[39m
[35m[HTTP][39m [90m[39m
[35m[HTTP][39m [37m-->[39m [37mPOST[39m [37m/wd/hub/session/cf68de0f-fc5f-4dfc-995a-257d871aaa95/elements[39m
[35m[HTTP][39m [90m{"using":"-android uiautomator","value":"new UiSelector().className(\"android.widget.TextView\").text(\"Bannerghatta Main Road, BTM Layout, 2nd Stage, 2nd Main Road, No 18, First Floor, Bengaluru, Karnataka 560076, India\")"}[39m
[35m[HTTP][39m [37m<-- POST /wd/hub/session/cf68de0f-fc5f-4dfc-995a-257d871aaa95/elements [39m[32m200[39m [90m590 ms - 12[39m
[35m[HTTP][39m [90m[39m
[35m[HTTP][39m [37m-->[39m [37mPOST[39m [37m/wd/hub/session/cf68de0f-fc5f-4dfc-995a-257d871aaa95/elements[39m
[35m[HTTP][39m [90m{"using":"-android uiautomator","value":"new UiSelector().className(\"android.widget.TextView\").text(\"Bannerghatta Main Road, BTM Layout, 2nd Stage, 2nd Main Road, No 18, First Floor, Bengaluru, Karnataka 560076, India\")"}[39m
[35m[HTTP][39m [37m<-- POST /wd/hub/session/cf68de0f-fc5f-4dfc-995a-257d871aaa95/elements [39m[32m200[39m [90m523 ms - 12[39m
[35m[HTTP][39m [90m[39m
[35m[HTTP][39m [37m-->[39m [37mPOST[39m [37m/wd/hub/session/cf68de0f-fc5f-4dfc-995a-257d871aaa95/elements[39m
[35m[HTTP][39m [90m{"using":"-android uiautomator","value":"new UiSelector().className(\"android.widget.TextView\").text(\"Bannerghatta Main Road, BTM Layout, 2nd Stage, 2nd Main Road, No 18, First Floor, Bengaluru, Karnataka 560076, India\")"}[39m
[35m[HTTP][39m [37m<-- POST /wd/hub/session/cf68de0f-fc5f-4dfc-995a-257d871aaa95/elements [39m[32m200[39m [90m464 ms - 12[39m
[35m[HTTP][39m [90m[39m
[35m[HTTP][39m [37m-->[39m [37mPOST[39m [37m/wd/hub/session/cf68de0f-fc5f-4dfc-995a-257d871aaa95/elements[39m
[35m[HTTP][39m [90m{"using":"-android uiautomator","value":"new UiSelector().className(\"android.widget.TextView\").text(\"Bannerghatta Main Road, BTM Layout, 2nd Stage, 2nd Main Road, No 18, First Floor, Bengaluru, Karnataka 560076, India\")"}[39m
[35m[HTTP][39m [37m<-- POST /wd/hub/session/cf68de0f-fc5f-4dfc-995a-257d871aaa95/elements [39m[32m200[39m [90m383 ms - 12[39m
[35m[HTTP][39m [90m[39m
[35m[HTTP][39m [37m-->[39m [37mPOST[39m [37m/wd/hub/session/cf68de0f-fc5f-4dfc-995a-257d871aaa95/elements[39m
[35m[HTTP][39m [90m{"using":"-android uiautomator","value":"new UiSelector().className(\"android.widget.TextView\").text(\"Bannerghatta Main Road, BTM Layout, 2nd Stage, 2nd Main Road, No 18, First Floor, Bengaluru, Karnataka 560076, India\")"}[39m
[35m[HTTP][39m [37m<-- POST /wd/hub/session/cf68de0f-fc5f-4dfc-995a-257d871aaa95/elements [39m[32m200[39m [90m345 ms - 12[39m
[35m[HTTP][39m [90m[39m
[35m[HTTP][39m [37m-->[39m [37mPOST[39m [37m/wd/hub/session/cf68de0f-fc5f-4dfc-995a-257d871aaa95/elements[39m
[35m[HTTP][39m [90m{"using":"-android uiautomator","value":"new UiSelector().className(\"android.widget.TextView\").text(\"Bannerghatta Main Road, BTM Layout, 2nd Stage, 2nd Main Road, No 18, First Floor, Bengaluru, Karnataka 560076, India\")"}[39m
[35m[HTTP][39m [37m<-- POST /wd/hub/session/cf68de0f-fc5f-4dfc-995a-257d871aaa95/elements [39m[32m200[39m [90m437 ms - 12[39m
[35m[HTTP][39m [90m[39m
[35m[HTTP][39m [37m-->[39m [37mPOST[39m [37m/wd/hub/session/cf68de0f-fc5f-4dfc-995a-257d871aaa95/elements[39m
[35m[HTTP][39m [90m{"using":"-android uiautomator","value":"new UiSelector().className(\"android.widget.TextView\").text(\"Bannerghatta Main Road, BTM Layout, 2nd Stage, 2nd Main Road, No 18, First Floor, Bengaluru, Karnataka 560076, India\")"}[39m
[35m[HTTP][39m [37m<-- POST /wd/hub/session/cf68de0f-fc5f-4dfc-995a-257d871aaa95/elements [39m[32m200[39m [90m63 ms - 12[39m
[35m[HTTP][39m [90m[39m
[35m[HTTP][39m [37m-->[39m [37mPOST[39m [37m/wd/hub/session/cf68de0f-fc5f-4dfc-995a-257d871aaa95/elements[39m
[35m[HTTP][39m [90m{"using":"-android uiautomator","value":"new UiSelector().className(\"android.widget.TextView\").text(\"Bannerghatta Main Road, BTM Layout, 2nd Stage, 2nd Main Road, No 18, First Floor, Bengaluru, Karnataka 560076, India\")"}[39m
[35m[HTTP][39m [37m<-- POST /wd/hub/session/cf68de0f-fc5f-4dfc-995a-257d871aaa95/elements [39m[32m200[39m [90m210 ms - 12[39m
[35m[HTTP][39m [90m[39m
[35m[HTTP][39m [37m-->[39m [37mPOST[39m [37m/wd/hub/session/cf68de0f-fc5f-4dfc-995a-257d871aaa95/elements[39m
[35m[HTTP][39m [90m{"using":"-android uiautomator","value":"new UiSelector().className(\"android.widget.TextView\").text(\"Bannerghatta Main Road, BTM Layout, 2nd Stage, 2nd Main Road, No 18, First Floor, Bengaluru, Karnataka 560076, India\")"}[39m
[35m[HTTP][39m [37m<-- POST /wd/hub/session/cf68de0f-fc5f-4dfc-995a-257d871aaa95/elements [39m[32m200[39m [90m76 ms - 12[39m
[35m[HTTP][39m [90m[39m
[35m[HTTP][39m [37m-->[39m [37mPOST[39m [37m/wd/hub/session/cf68de0f-fc5f-4dfc-995a-257d871aaa95/elements[39m
[35m[HTTP][39m [90m{"using":"-android uiautomator","value":"new UiSelector().className(\"android.widget.TextView\").text(\"Bannerghatta Main Road, BTM Layout, 2nd Stage, 2nd Main Road, No 18, First Floor, Bengaluru, Karnataka 560076, India\")"}[39m
[35m[HTTP][39m [37m<-- POST /wd/hub/session/cf68de0f-fc5f-4dfc-995a-257d871aaa95/elements [39m[32m200[39m [90m2935 ms - 139[39m
[35m[HTTP][39m [90m[39m
[35m[HTTP][39m [37m-->[39m [37mGET[39m [37m/wd/hub/session/cf68de0f-fc5f-4dfc-995a-257d871aaa95/element/97f727b2-42b2-41f4-961b-ca2eeae3c7ed/location[39m
[35m[HTTP][39m [90m{}[39m
[35m[W3C (cf68de0f)][39m Driver proxy active, passing request on via HTTP proxy
[35m[WD Proxy][39m Replacing sessionId aa381a57-2fa6-4915-8f4f-4108e813d987 with cf68de0f-fc5f-4dfc-995a-257d871aaa95
[35m[HTTP][39m [37m<-- GET /wd/hub/session/cf68de0f-fc5f-4dfc-995a-257d871aaa95/element/97f727b2-42b2-41f4-961b-ca2eeae3c7ed/location [39m[32m200[39m [90m65 ms - 89[39m
[35m[HTTP][39m [90m[39m
[35m[HTTP][39m [37m-->[39m [37mPOST[39m [37m/wd/hub/session/cf68de0f-fc5f-4dfc-995a-257d871aaa95/timeouts[39m
[35m[HTTP][39m [90m{"implicit":30000}[39m
[35m[HTTP][39m [37m<-- POST /wd/hub/session/cf68de0f-fc5f-4dfc-995a-257d871aaa95/timeouts [39m[32m200[39m [90m2 ms - 14[39m
[35m[HTTP][39m [90m[39m
[35m[HTTP][39m [37m-->[39m [37mPOST[39m [37m/wd/hub/session/cf68de0f-fc5f-4dfc-995a-257d871aaa95/touch/perform[39m
[35m[HTTP][39m [90m{"actions":[{"action":"tap","options":{"x":1,"y":1,"element":"97f727b2-42b2-41f4-961b-ca2eeae3c7ed"}},{"action":"release","options":{}}]}[39m
[35m[UiAutomator2][39m calling get location: 97f727b2-42b2-41f4-961b-ca2eeae3c7ed
[35m[HTTP][39m [37m<-- POST /wd/hub/session/cf68de0f-fc5f-4dfc-995a-257d871aaa95/touch/perform [39m[32m200[39m [90m2477 ms - 14[39m
[35m[HTTP][39m [90m[39m
[35m[HTTP][39m [37m-->[39m [37mPOST[39m [37m/wd/hub/session/cf68de0f-fc5f-4dfc-995a-257d871aaa95/timeouts[39m
[35m[HTTP][39m [90m{"implicit":50}[39m
[35m[HTTP][39m [37m<-- POST /wd/hub/session/cf68de0f-fc5f-4dfc-995a-257d871aaa95/timeouts [39m[32m200[39m [90m2 ms - 14[39m
[35m[HTTP][39m [90m[39m
[35m[HTTP][39m [37m-->[39m [37mGET[39m [37m/wd/hub/session/cf68de0f-fc5f-4dfc-995a-257d871aaa95/window/rect[39m
[35m[HTTP][39m [90m{}[39m
[35m[HTTP][39m [37m<-- GET /wd/hub/session/cf68de0f-fc5f-4dfc-995a-257d871aaa95/window/rect [39m[32m200[39m [90m46 ms - 50[39m
[35m[HTTP][39m [90m[39m
[35m[HTTP][39m [37m-->[39m [37mPOST[39m [37m/wd/hub/session/cf68de0f-fc5f-4dfc-995a-257d871aaa95/elements[39m
[35m[HTTP][39m [90m{"using":"-android uiautomator","value":"new UiSelector().className(\"android.widget.EditText\").text(\"Search for locality or place\")"}[39m
[35m[HTTP][39m [37m<-- POST /wd/hub/session/cf68de0f-fc5f-4dfc-995a-257d871aaa95/elements [39m[32m200[39m [90m181 ms - 139[39m
[35m[HTTP][39m [90m[39m
[35m[HTTP][39m [37m-->[39m [37mGET[39m [37m/wd/hub/session/cf68de0f-fc5f-4dfc-995a-257d871aaa95/element/d9329022-b5c5-44c8-82f9-d8d9a18cfdd2/location[39m
[35m[HTTP][39m [90m{}[39m
[35m[W3C (cf68de0f)][39m Driver proxy active, passing request on via HTTP proxy
[35m[WD Proxy][39m Replacing sessionId aa381a57-2fa6-4915-8f4f-4108e813d987 with cf68de0f-fc5f-4dfc-995a-257d871aaa95
[35m[HTTP][39m [37m<-- GET /wd/hub/session/cf68de0f-fc5f-4dfc-995a-257d871aaa95/element/d9329022-b5c5-44c8-82f9-d8d9a18cfdd2/location [39m[32m200[39m [90m91 ms - 88[39m
[35m[HTTP][39m [90m[39m
[35m[HTTP][39m [37m-->[39m [37mPOST[39m [37m/wd/hub/session/cf68de0f-fc5f-4dfc-995a-257d871aaa95/timeouts[39m
[35m[HTTP][39m [90m{"implicit":30000}[39m
[35m[HTTP][39m [37m<-- POST /wd/hub/session/cf68de0f-fc5f-4dfc-995a-257d871aaa95/timeouts [39m[32m200[39m [90m2 ms - 14[39m
[35m[HTTP][39m [90m[39m
[35m[HTTP][39m [37m-->[39m [37mPOST[39m [37m/wd/hub/session/cf68de0f-fc5f-4dfc-995a-257d871aaa95/element/d9329022-b5c5-44c8-82f9-d8d9a18cfdd2/clear[39m
[35m[HTTP][39m [90m{"id":"d9329022-b5c5-44c8-82f9-d8d9a18cfdd2"}[39m
[35m[HTTP][39m [37m<-- POST /wd/hub/session/cf68de0f-fc5f-4dfc-995a-257d871aaa95/element/d9329022-b5c5-44c8-82f9-d8d9a18cfdd2/clear [39m[32m200[39m [90m146 ms - 27[39m
[35m[HTTP][39m [90m[39m
[35m[HTTP][39m [37m-->[39m [37mPOST[39m [37m/wd/hub/session/cf68de0f-fc5f-4dfc-995a-257d871aaa95/element/d9329022-b5c5-44c8-82f9-d8d9a18cfdd2/value[39m
[35m[HTTP][39m [90m{"id":"d9329022-b5c5-44c8-82f9-d8d9a18cfdd2","text":"Ranka colony","value":["R","a","n","k","a"," ","c","o","l","o","n","y"]}[39m
[35m[HTTP][39m [37m<-- POST /wd/hub/session/cf68de0f-fc5f-4dfc-995a-257d871aaa95/element/d9329022-b5c5-44c8-82f9-d8d9a18cfdd2/value [39m[32m200[39m [90m1405 ms - 12[39m
[35m[HTTP][39m [90m[39m
[35m[HTTP][39m [37m-->[39m [37mPOST[39m [37m/wd/hub/session/cf68de0f-fc5f-4dfc-995a-257d871aaa95/timeouts[39m
[35m[HTTP][39m [90m{"implicit":50}[39m
[35m[HTTP][39m [37m<-- POST /wd/hub/session/cf68de0f-fc5f-4dfc-995a-257d871aaa95/timeouts [39m[32m200[39m [90m2 ms - 14[39m
[35m[HTTP][39m [90m[39m
[35m[HTTP][39m [37m-->[39m [37mGET[39m [37m/wd/hub/session/cf68de0f-fc5f-4dfc-995a-257d871aaa95/window/rect[39m
[35m[HTTP][39m [90m{}[39m
[35m[HTTP][39m [37m<-- GET /wd/hub/session/cf68de0f-fc5f-4dfc-995a-257d871aaa95/window/rect [39m[32m200[39m [90m141 ms - 50[39m
[35m[HTTP][39m [90m[39m
[35m[HTTP][39m [37m-->[39m [37mPOST[39m [37m/wd/hub/session/cf68de0f-fc5f-4dfc-995a-257d871aaa95/elements[39m
[35m[HTTP][39m [90m{"using":"-android uiautomator","value":"new UiSelector().className(\"android.widget.TextView\").text(\"Ranka Colony, Bilekahalli, Bengaluru, Karnataka, India\")"}[39m
[35m[HTTP][39m [37m<-- POST /wd/hub/session/cf68de0f-fc5f-4dfc-995a-257d871aaa95/elements [39m[32m200[39m [90m938 ms - 139[39m
[35m[HTTP][39m [90m[39m
[35m[HTTP][39m [37m-->[39m [37mGET[39m [37m/wd/hub/session/cf68de0f-fc5f-4dfc-995a-257d871aaa95/element/003eb1df-1c29-4fad-a0f4-d86ec1c1bb15/location[39m
[35m[HTTP][39m [90m{}[39m
[35m[W3C (cf68de0f)][39m Driver proxy active, passing request on via HTTP proxy
[35m[WD Proxy][39m Replacing sessionId aa381a57-2fa6-4915-8f4f-4108e813d987 with cf68de0f-fc5f-4dfc-995a-257d871aaa95
[35m[HTTP][39m [37m<-- GET /wd/hub/session/cf68de0f-fc5f-4dfc-995a-257d871aaa95/element/003eb1df-1c29-4fad-a0f4-d86ec1c1bb15/location [39m[32m200[39m [90m58 ms - 89[39m
[35m[HTTP][39m [90m[39m
[35m[HTTP][39m [37m-->[39m [37mPOST[39m [37m/wd/hub/session/cf68de0f-fc5f-4dfc-995a-257d871aaa95/timeouts[39m
[35m[HTTP][39m [90m{"implicit":30000}[39m
[35m[HTTP][39m [37m<-- POST /wd/hub/session/cf68de0f-fc5f-4dfc-995a-257d871aaa95/timeouts [39m[32m200[39m [90m2 ms - 14[39m
[35m[HTTP][39m [90m[39m
[35m[HTTP][39m [37m-->[39m [37mPOST[39m [37m/wd/hub/session/cf68de0f-fc5f-4dfc-995a-257d871aaa95/touch/perform[39m
[35m[HTTP][39m [90m{"actions":[{"action":"tap","options":{"x":1,"y":1,"element":"003eb1df-1c29-4fad-a0f4-d86ec1c1bb15"}},{"action":"release","options":{}}]}[39m
[35m[UiAutomator2][39m calling get location: 003eb1df-1c29-4fad-a0f4-d86ec1c1bb15
[35m[HTTP][39m [37m<-- POST /wd/hub/session/cf68de0f-fc5f-4dfc-995a-257d871aaa95/touch/perform [39m[32m200[39m [90m1378 ms - 14[39m
[35m[HTTP][39m [90m[39m
[35m[HTTP][39m [37m-->[39m [37mPOST[39m [37m/wd/hub/session/cf68de0f-fc5f-4dfc-995a-257d871aaa95/timeouts[39m
[35m[HTTP][39m [90m{"implicit":50}[39m
[35m[HTTP][39m [37m<-- POST /wd/hub/session/cf68de0f-fc5f-4dfc-995a-257d871aaa95/timeouts [39m[32m200[39m [90m2 ms - 14[39m
[35m[HTTP][39m [90m[39m
[35m[HTTP][39m [37m-->[39m [37mGET[39m [37m/wd/hub/session/cf68de0f-fc5f-4dfc-995a-257d871aaa95/window/rect[39m
[35m[HTTP][39m [90m{}[39m
[35m[HTTP][39m [37m<-- GET /wd/hub/session/cf68de0f-fc5f-4dfc-995a-257d871aaa95/window/rect [39m[32m200[39m [90m78 ms - 50[39m
[35m[HTTP][39m [90m[39m
[35m[HTTP][39m [37m-->[39m [37mPOST[39m [37m/wd/hub/session/cf68de0f-fc5f-4dfc-995a-257d871aaa95/elements[39m
[35m[HTTP][39m [90m{"using":"-android uiautomator","value":"new UiSelector().className(\"android.widget.TextView\").text(\"Enter Drop Location\")"}[39m
[35m[HTTP][39m [37m<-- POST /wd/hub/session/cf68de0f-fc5f-4dfc-995a-257d871aaa95/elements [39m[32m200[39m [90m108 ms - 139[39m
[35m[HTTP][39m [90m[39m
[35m[HTTP][39m [37m-->[39m [37mGET[39m [37m/wd/hub/session/cf68de0f-fc5f-4dfc-995a-257d871aaa95/element/9a33f551-b769-49ef-bfc9-143a5c47759f/location[39m
[35m[HTTP][39m [90m{}[39m
[35m[W3C (cf68de0f)][39m Driver proxy active, passing request on via HTTP proxy
[35m[WD Proxy][39m Replacing sessionId aa381a57-2fa6-4915-8f4f-4108e813d987 with cf68de0f-fc5f-4dfc-995a-257d871aaa95
[35m[HTTP][39m [37m<-- GET /wd/hub/session/cf68de0f-fc5f-4dfc-995a-257d871aaa95/element/9a33f551-b769-49ef-bfc9-143a5c47759f/location [39m[32m200[39m [90m75 ms - 89[39m
[35m[HTTP][39m [90m[39m
[35m[HTTP][39m [37m-->[39m [37mPOST[39m [37m/wd/hub/session/cf68de0f-fc5f-4dfc-995a-257d871aaa95/timeouts[39m
[35m[HTTP][39m [90m{"implicit":30000}[39m
[35m[HTTP][39m [37m<-- POST /wd/hub/session/cf68de0f-fc5f-4dfc-995a-257d871aaa95/timeouts [39m[32m200[39m [90m1 ms - 14[39m
[35m[HTTP][39m [90m[39m
[35m[HTTP][39m [37m-->[39m [37mPOST[39m [37m/wd/hub/session/cf68de0f-fc5f-4dfc-995a-257d871aaa95/touch/perform[39m
[35m[HTTP][39m [90m{"actions":[{"action":"tap","options":{"x":1,"y":1,"element":"9a33f551-b769-49ef-bfc9-143a5c47759f"}},{"action":"release","options":{}}]}[39m
[35m[UiAutomator2][39m calling get location: 9a33f551-b769-49ef-bfc9-143a5c47759f
[35m[HTTP][39m [37m<-- POST /wd/hub/session/cf68de0f-fc5f-4dfc-995a-257d871aaa95/touch/perform [39m[32m200[39m [90m2383 ms - 14[39m
[35m[HTTP][39m [90m[39m
[35m[HTTP][39m [37m-->[39m [37mPOST[39m [37m/wd/hub/session/cf68de0f-fc5f-4dfc-995a-257d871aaa95/timeouts[39m
[35m[HTTP][39m [90m{"implicit":50}[39m
[35m[HTTP][39m [37m<-- POST /wd/hub/session/cf68de0f-fc5f-4dfc-995a-257d871aaa95/timeouts [39m[32m200[39m [90m7 ms - 14[39m
[35m[HTTP][39m [90m[39m
[35m[HTTP][39m [37m-->[39m [37mGET[39m [37m/wd/hub/session/cf68de0f-fc5f-4dfc-995a-257d871aaa95/window/rect[39m
[35m[HTTP][39m [90m{}[39m
[35m[HTTP][39m [37m<-- GET /wd/hub/session/cf68de0f-fc5f-4dfc-995a-257d871aaa95/window/rect [39m[32m200[39m [90m38 ms - 50[39m
[35m[HTTP][39m [90m[39m
[35m[HTTP][39m [37m-->[39m [37mPOST[39m [37m/wd/hub/session/cf68de0f-fc5f-4dfc-995a-257d871aaa95/elements[39m
[35m[HTTP][39m [90m{"using":"-android uiautomator","value":"new UiSelector().className(\"android.widget.EditText\").text(\"Search for locality or place\")"}[39m
[35m[HTTP][39m [37m<-- POST /wd/hub/session/cf68de0f-fc5f-4dfc-995a-257d871aaa95/elements [39m[32m200[39m [90m100 ms - 139[39m
[35m[HTTP][39m [90m[39m
[35m[HTTP][39m [37m-->[39m [37mGET[39m [37m/wd/hub/session/cf68de0f-fc5f-4dfc-995a-257d871aaa95/element/65ddb147-596e-4f53-aac1-b1c126e8137f/location[39m
[35m[HTTP][39m [90m{}[39m
[35m[W3C (cf68de0f)][39m Driver proxy active, passing request on via HTTP proxy
[35m[WD Proxy][39m Replacing sessionId aa381a57-2fa6-4915-8f4f-4108e813d987 with cf68de0f-fc5f-4dfc-995a-257d871aaa95
[35m[HTTP][39m [37m<-- GET /wd/hub/session/cf68de0f-fc5f-4dfc-995a-257d871aaa95/element/65ddb147-596e-4f53-aac1-b1c126e8137f/location [39m[32m200[39m [90m73 ms - 88[39m
[35m[HTTP][39m [90m[39m
[35m[HTTP][39m [37m-->[39m [37mPOST[39m [37m/wd/hub/session/cf68de0f-fc5f-4dfc-995a-257d871aaa95/timeouts[39m
[35m[HTTP][39m [90m{"implicit":30000}[39m
[35m[HTTP][39m [37m<-- POST /wd/hub/session/cf68de0f-fc5f-4dfc-995a-257d871aaa95/timeouts [39m[32m200[39m [90m2 ms - 14[39m
[35m[HTTP][39m [90m[39m
[35m[HTTP][39m [37m-->[39m [37mPOST[39m [37m/wd/hub/session/cf68de0f-fc5f-4dfc-995a-257d871aaa95/element/65ddb147-596e-4f53-aac1-b1c126e8137f/clear[39m
[35m[HTTP][39m [90m{"id":"65ddb147-596e-4f53-aac1-b1c126e8137f"}[39m
[35m[HTTP][39m [37m<-- POST /wd/hub/session/cf68de0f-fc5f-4dfc-995a-257d871aaa95/element/65ddb147-596e-4f53-aac1-b1c126e8137f/clear [39m[32m200[39m [90m169 ms - 27[39m
[35m[HTTP][39m [90m[39m
[35m[HTTP][39m [37m-->[39m [37mPOST[39m [37m/wd/hub/session/cf68de0f-fc5f-4dfc-995a-257d871aaa95/element/65ddb147-596e-4f53-aac1-b1c126e8137f/value[39m
[35m[HTTP][39m [90m{"id":"65ddb147-596e-4f53-aac1-b1c126e8137f","text":"silk board","value":["s","i","l","k"," ","b","o","a","r","d"]}[39m
[35m[HTTP][39m [37m<-- POST /wd/hub/session/cf68de0f-fc5f-4dfc-995a-257d871aaa95/element/65ddb147-596e-4f53-aac1-b1c126e8137f/value [39m[32m200[39m [90m1248 ms - 12[39m
[35m[HTTP][39m [90m[39m
[35m[HTTP][39m [37m-->[39m [37mPOST[39m [37m/wd/hub/session/cf68de0f-fc5f-4dfc-995a-257d871aaa95/timeouts[39m
[35m[HTTP][39m [90m{"implicit":50}[39m
[35m[HTTP][39m [37m<-- POST /wd/hub/session/cf68de0f-fc5f-4dfc-995a-257d871aaa95/timeouts [39m[32m200[39m [90m3 ms - 14[39m
[35m[HTTP][39m [90m[39m
[35m[HTTP][39m [37m-->[39m [37mGET[39m [37m/wd/hub/session/cf68de0f-fc5f-4dfc-995a-257d871aaa95/window/rect[39m
[35m[HTTP][39m [90m{}[39m
[35m[HTTP][39m [37m<-- GET /wd/hub/session/cf68de0f-fc5f-4dfc-995a-257d871aaa95/window/rect [39m[32m200[39m [90m51 ms - 50[39m
[35m[HTTP][39m [90m[39m
[35m[HTTP][39m [37m-->[39m [37mPOST[39m [37m/wd/hub/session/cf68de0f-fc5f-4dfc-995a-257d871aaa95/elements[39m
[35m[HTTP][39m [90m{"using":"-android uiautomator","value":"new UiSelector().className(\"android.widget.TextView\").text(\"Silk board bus stand, Central Silk Board Colony, Stage 2, BTM Layout, Bengaluru, Karnataka, India\")"}[39m
[35m[HTTP][39m [37m<-- POST /wd/hub/session/cf68de0f-fc5f-4dfc-995a-257d871aaa95/elements [39m[32m200[39m [90m857 ms - 139[39m
[35m[HTTP][39m [90m[39m
[35m[HTTP][39m [37m-->[39m [37mGET[39m [37m/wd/hub/session/cf68de0f-fc5f-4dfc-995a-257d871aaa95/element/f4ab3b58-e9f8-4bcc-bca6-4d2516fd8bb8/location[39m
[35m[HTTP][39m [90m{}[39m
[35m[W3C (cf68de0f)][39m Driver proxy active, passing request on via HTTP proxy
[35m[WD Proxy][39m Replacing sessionId aa381a57-2fa6-4915-8f4f-4108e813d987 with cf68de0f-fc5f-4dfc-995a-257d871aaa95
[35m[HTTP][39m [37m<-- GET /wd/hub/session/cf68de0f-fc5f-4dfc-995a-257d871aaa95/element/f4ab3b58-e9f8-4bcc-bca6-4d2516fd8bb8/location [39m[32m200[39m [90m33 ms - 89[39m
[35m[HTTP][39m [90m[39m
[35m[HTTP][39m [37m-->[39m [37mPOST[39m [37m/wd/hub/session/cf68de0f-fc5f-4dfc-995a-257d871aaa95/timeouts[39m
[35m[HTTP][39m [90m{"implicit":30000}[39m
[35m[HTTP][39m [37m<-- POST /wd/hub/session/cf68de0f-fc5f-4dfc-995a-257d871aaa95/timeouts [39m[32m200[39m [90m2 ms - 14[39m
[35m[HTTP][39m [90m[39m
[35m[HTTP][39m [37m-->[39m [37mPOST[39m [37m/wd/hub/session/cf68de0f-fc5f-4dfc-995a-257d871aaa95/touch/perform[39m
[35m[HTTP][39m [90m{"actions":[{"action":"tap","options":{"x":1,"y":1,"element":"f4ab3b58-e9f8-4bcc-bca6-4d2516fd8bb8"}},{"action":"release","options":{}}]}[39m
[35m[UiAutomator2][39m calling get location: f4ab3b58-e9f8-4bcc-bca6-4d2516fd8bb8
[35m[HTTP][39m [37m<-- POST /wd/hub/session/cf68de0f-fc5f-4dfc-995a-257d871aaa95/touch/perform [39m[32m200[39m [90m1229 ms - 14[39m
[35m[HTTP][39m [90m[39m
[35m[HTTP][39m [37m-->[39m [37mPOST[39m [37m/wd/hub/session/cf68de0f-fc5f-4dfc-995a-257d871aaa95/timeouts[39m
[35m[HTTP][39m [90m{"implicit":50}[39m
[35m[HTTP][39m [37m<-- POST /wd/hub/session/cf68de0f-fc5f-4dfc-995a-257d871aaa95/timeouts [39m[32m200[39m [90m4 ms - 14[39m
[35m[HTTP][39m [90m[39m
[35m[HTTP][39m [37m-->[39m [37mGET[39m [37m/wd/hub/session/cf68de0f-fc5f-4dfc-995a-257d871aaa95/window/rect[39m
[35m[HTTP][39m [90m{}[39m
[35m[HTTP][39m [37m<-- GET /wd/hub/session/cf68de0f-fc5f-4dfc-995a-257d871aaa95/window/rect [39m[32m200[39m [90m34 ms - 50[39m
[35m[HTTP][39m [90m[39m
[35m[HTTP][39m [37m-->[39m [37mPOST[39m [37m/wd/hub/session/cf68de0f-fc5f-4dfc-995a-257d871aaa95/elements[39m
[35m[HTTP][39m [90m{"using":"-android uiautomator","value":"new UiSelector().className(\"android.widget.TextView\").text(\"Book Ride\")"}[39m
[35m[HTTP][39m [37m<-- POST /wd/hub/session/cf68de0f-fc5f-4dfc-995a-257d871aaa95/elements [39m[32m200[39m [90m91 ms - 139[39m
[35m[HTTP][39m [90m[39m
[35m[HTTP][39m [37m-->[39m [37mGET[39m [37m/wd/hub/session/cf68de0f-fc5f-4dfc-995a-257d871aaa95/element/46006bad-fbd3-4d65-8c62-61dae536bc20/location[39m
[35m[HTTP][39m [90m{}[39m
[35m[W3C (cf68de0f)][39m Driver proxy active, passing request on via HTTP proxy
[35m[WD Proxy][39m Replacing sessionId aa381a57-2fa6-4915-8f4f-4108e813d987 with cf68de0f-fc5f-4dfc-995a-257d871aaa95
[35m[HTTP][39m [37m<-- GET /wd/hub/session/cf68de0f-fc5f-4dfc-995a-257d871aaa95/element/46006bad-fbd3-4d65-8c62-61dae536bc20/location [39m[32m200[39m [90m49 ms - 90[39m
[35m[HTTP][39m [90m[39m
[35m[HTTP][39m [37m-->[39m [37mPOST[39m [37m/wd/hub/session/cf68de0f-fc5f-4dfc-995a-257d871aaa95/timeouts[39m
[35m[HTTP][39m [90m{"implicit":30000}[39m
[35m[HTTP][39m [37m<-- POST /wd/hub/session/cf68de0f-fc5f-4dfc-995a-257d871aaa95/timeouts [39m[32m200[39m [90m2 ms - 14[39m
[35m[HTTP][39m [90m[39m
[35m[HTTP][39m [37m-->[39m [37mPOST[39m [37m/wd/hub/session/cf68de0f-fc5f-4dfc-995a-257d871aaa95/touch/perform[39m
[35m[HTTP][39m [90m{"actions":[{"action":"tap","options":{"x":1,"y":1,"element":"46006bad-fbd3-4d65-8c62-61dae536bc20"}},{"action":"release","options":{}}]}[39m
[35m[UiAutomator2][39m calling get location: 46006bad-fbd3-4d65-8c62-61dae536bc20
[35m[HTTP][39m [37m<-- POST /wd/hub/session/cf68de0f-fc5f-4dfc-995a-257d871aaa95/touch/perform [39m[32m200[39m [90m1124 ms - 14[39m
[35m[HTTP][39m [90m[39m
[35m[HTTP][39m [37m-->[39m [37mPOST[39m [37m/wd/hub/session/cf68de0f-fc5f-4dfc-995a-257d871aaa95/timeouts[39m
[35m[HTTP][39m [90m{"implicit":50}[39m
[35m[HTTP][39m [37m<-- POST /wd/hub/session/cf68de0f-fc5f-4dfc-995a-257d871aaa95/timeouts [39m[32m200[39m [90m2 ms - 14[39m
[35m[HTTP][39m [90m[39m
[35m[HTTP][39m [37m-->[39m [37mGET[39m [37m/wd/hub/session/cf68de0f-fc5f-4dfc-995a-257d871aaa95/window/rect[39m
[35m[HTTP][39m [90m{}[39m
[35m[HTTP][39m [37m<-- GET /wd/hub/session/cf68de0f-fc5f-4dfc-995a-257d871aaa95/window/rect [39m[32m200[39m [90m65 ms - 50[39m
[35m[HTTP][39m [90m[39m
[35m[HTTP][39m [37m-->[39m [37mPOST[39m [37m/wd/hub/session/cf68de0f-fc5f-4dfc-995a-257d871aaa95/elements[39m
[35m[HTTP][39m [90m{"using":"-android uiautomator","value":"new UiSelector().className(\"android.widget.TextView\").text(\"Request Taxi\")"}[39m
[35m[HTTP][39m [37m<-- POST /wd/hub/session/cf68de0f-fc5f-4dfc-995a-257d871aaa95/elements [39m[32m200[39m [90m108 ms - 139[39m
[35m[HTTP][39m [90m[39m
[35m[HTTP][39m [37m-->[39m [37mGET[39m [37m/wd/hub/session/cf68de0f-fc5f-4dfc-995a-257d871aaa95/element/e2a9c9d2-482b-4426-8361-ebf5a6eb9e58/location[39m
[35m[HTTP][39m [90m{}[39m
[35m[W3C (cf68de0f)][39m Driver proxy active, passing request on via HTTP proxy
[35m[WD Proxy][39m Replacing sessionId aa381a57-2fa6-4915-8f4f-4108e813d987 with cf68de0f-fc5f-4dfc-995a-257d871aaa95
[35m[HTTP][39m [37m<-- GET /wd/hub/session/cf68de0f-fc5f-4dfc-995a-257d871aaa95/element/e2a9c9d2-482b-4426-8361-ebf5a6eb9e58/location [39m[32m200[39m [90m72 ms - 90[39m
[35m[HTTP][39m [90m[39m
[35m[HTTP][39m [37m-->[39m [37mPOST[39m [37m/wd/hub/session/cf68de0f-fc5f-4dfc-995a-257d871aaa95/timeouts[39m
[35m[HTTP][39m [90m{"implicit":30000}[39m
[35m[HTTP][39m [37m<-- POST /wd/hub/session/cf68de0f-fc5f-4dfc-995a-257d871aaa95/timeouts [39m[32m200[39m [90m3 ms - 14[39m
[35m[HTTP][39m [90m[39m
[35m[HTTP][39m [37m-->[39m [37mPOST[39m [37m/wd/hub/session/cf68de0f-fc5f-4dfc-995a-257d871aaa95/touch/perform[39m
[35m[HTTP][39m [90m{"actions":[{"action":"tap","options":{"x":1,"y":1,"element":"e2a9c9d2-482b-4426-8361-ebf5a6eb9e58"}},{"action":"release","options":{}}]}[39m
[35m[UiAutomator2][39m calling get location: e2a9c9d2-482b-4426-8361-ebf5a6eb9e58
[35m[HTTP][39m [37m<-- POST /wd/hub/session/cf68de0f-fc5f-4dfc-995a-257d871aaa95/touch/perform [39m[32m200[39m [90m1296 ms - 14[39m
[35m[HTTP][39m [90m[39m
[35m[BaseDriver][39m Shutting down because we waited 1800 seconds for a command
[35m[Appium][39m Closing session, cause was 'New Command Timeout of 1800 seconds expired. Try customizing the timeout using the 'newCommandTimeout' desired capability'
[35m[Appium][39m Removing session cf68de0f-fc5f-4dfc-995a-257d871aaa95 from our master session list
[35m[ADB][39m io.nativebase.market.geekyants.taxiapprider was successfully uninstalled
[35m[UiAutomator2][39m Restoring hidden api policy to the device default configuration
[35m[Appium][39m Received SIGTERM - shutting down
