[35m[Appium][39m Welcome to Appium v1.14.0
[35m[Appium][39m Non-default server args:
[35m[Appium][39m   port: 59203
[35m[Appium][39m   loglevel: info
[35m[Appium][39m   chromeDriverPort: 59204
[35m[Appium][39m   tmpDir: /var/folders/38/x4crs4qx0hn0r3_szny2t9sw0000gn/T//Katalon/Appium/Temp1565896435123
[35m[Appium][39m Appium REST http interface listener started on 0.0.0.0:59203
[35m[HTTP][39m [37m-->[39m [37mGET[39m [37m/wd/hub/status[39m
[35m[HTTP][39m [90m{}[39m
[35m[HTTP][39m [37m<-- GET /wd/hub/status [39m[32m200[39m [90m8 ms - 68[39m
[35m[HTTP][39m [90m[39m
[35m[HTTP][39m [37m-->[39m [37mPOST[39m [37m/wd/hub/session[39m
[35m[HTTP][39m [90m{"desiredCapabilities":{"app":"/Users/sumittulsyan/Downloads/app-release (1).apk","noReset":true,"deviceName":"emulator-5554 (Android SDK built for x86 - Android 9)","fullReset":false,"platform":"ANDROID","newCommandTimeout":1800,"platformVersion":"9","automationName":"uiautomator2","autoGrantPermissions":true,"platformName":"Android","udid":"emulator-5554","systemPort":59202},"capabilities":{"firstMatch":[{"appium:app":"/Users/sumittulsyan/Downloads/app-release (1).apk","appium:autoGrantPermissions":true,"appium:automationName":"uiautomator2","appium:deviceName":"emulator-5554 (Android SDK built for x86 - Android 9)","appium:fullReset":false,"appium:newCommandTimeout":1800,"appium:noReset":true,"platform":"ANDROID","platformName":"android","appium:platformVersion":"9","appium:systemPort":59202,"appium:udid":"emulator-5554"}]}}[39m
[35m[BaseDriver][39m The capabilities ["platform"] are not standard capabilities and should have an extension prefix
[35m[Appium][39m Appium v1.14.0 creating new AndroidUiautomator2Driver (v1.33.1) session
[35m[Appium][39m Capabilities:
[35m[Appium][39m   platform: ANDROID
[35m[Appium][39m   platformName: android
[35m[Appium][39m   app: /Users/sumittulsyan/Downloads/app-release (1).apk
[35m[Appium][39m   autoGrantPermissions: true
[35m[Appium][39m   automationName: uiautomator2
[35m[Appium][39m   deviceName: emulator-5554 (Android SDK built for x86 - Android 9)
[35m[Appium][39m   fullReset: false
[35m[Appium][39m   newCommandTimeout: 1800
[35m[Appium][39m   noReset: true
[35m[Appium][39m   platformVersion: 9
[35m[Appium][39m   systemPort: 59202
[35m[Appium][39m   udid: emulator-5554
[35m[BaseDriver][39m The following capabilities were provided, but are not recognized by Appium:
[35m[BaseDriver][39m   platform
[35m[BaseDriver][39m Session created with session id: 091567eb-7deb-401f-a7eb-bf54ea4d811c
[35m[BaseDriver][39m Using local app '/Users/sumittulsyan/Downloads/app-release (1).apk'
[35m[ADB][39m Found 1 'build-tools' folders under '/Users/sumittulsyan/.katalon/tools/android_sdk' (newest first):
[35m[ADB][39m     /Users/sumittulsyan/.katalon/tools/android_sdk/build-tools/29.0.1
[35m[ADB][39m Using 'adb' from '/Users/sumittulsyan/.katalon/tools/android_sdk/platform-tools/adb'
[35m[AndroidDriver][39m Retrieving device list
[35m[AndroidDriver][39m Using device: emulator-5554
[35m[ADB][39m Using 'adb' from '/Users/sumittulsyan/.katalon/tools/android_sdk/platform-tools/adb'
[35m[UiAutomator2][39m Relaxing hidden api policy
[35m[ADB][39m Using 'apkanalyzer' from '/Users/sumittulsyan/.katalon/tools/android_sdk/tools/bin/apkanalyzer'
[35m[ADB][39m Using the alternative activity name detection method because of: Command '/Users/sumittulsyan/.katalon/tools/android_sdk/tools/bin/apkanalyzer -h manifest print '/Users/sumittulsyan/Downloads/app-release (1).apk'' exited with code 2
[35m[ADB][39m Using 'aapt' from '/Users/sumittulsyan/.katalon/tools/android_sdk/build-tools/29.0.1/aapt'
[35m[ADB][39m Extracting package and launch activity from manifest
[35m[ADB][39m Package name: 'io.nativebase.market.geekyants.taxiapprider'
[35m[ADB][39m Main activity name: 'io.nativebase.market.geekyants.taxiapprider.MainActivity'
[35m[ADB][39m Using 'apksigner' from '/Users/sumittulsyan/.katalon/tools/android_sdk/build-tools/29.0.1/apksigner'
[35m[UiAutomator2][39m Server packages are not going to be (re)installed
[35m[UiAutomator2][39m Starting UIAutomator2 server 3.7.0
[35m[UiAutomator2][39m Using UIAutomator2 server from '/Users/sumittulsyan/Downloads/appium-mobile-test/node_modules/appium-uiautomator2-server/apks/appium-uiautomator2-server-v3.7.0.apk' and test from '/Users/sumittulsyan/Downloads/appium-mobile-test/node_modules/appium-uiautomator2-server/apks/appium-uiautomator2-server-debug-androidTest.apk'
[35m[UiAutomator2][39m Waiting up to 30000ms for UiAutomator2 to be online...
[35m[WD Proxy][39m Got an unexpected response: {"code":"ECONNRESET"}
[35m[WD Proxy][39m Got an unexpected response: {"code":"ECONNRESET"}
[35m[WD Proxy][39m Got an unexpected response: {"code":"ECONNRESET"}
[35m[AndroidDriver][39m Screen already unlocked, doing nothing
[35m[UiAutomator2][39m UiAutomator2 did not start the activity we were waiting for, 'io.nativebase.market.geekyants.taxiapprider/io.nativebase.market.geekyants.taxiapprider.MainActivity'. Starting it ourselves
[35m[Appium][39m New AndroidUiautomator2Driver session created successfully, session 091567eb-7deb-401f-a7eb-bf54ea4d811c added to master session list
[35m[HTTP][39m [37m<-- POST /wd/hub/session [39m[32m200[39m [90m23701 ms - 1271[39m
[35m[HTTP][39m [90m[39m
[35m[HTTP][39m [37m-->[39m [37mGET[39m [37m/wd/hub/session/091567eb-7deb-401f-a7eb-bf54ea4d811c[39m
[35m[HTTP][39m [90m{}[39m
[35m[HTTP][39m [37m<-- GET /wd/hub/session/091567eb-7deb-401f-a7eb-bf54ea4d811c [39m[32m200[39m [90m230 ms - 1203[39m
[35m[HTTP][39m [90m[39m
[35m[HTTP][39m [37m-->[39m [37mGET[39m [37m/wd/hub/session/091567eb-7deb-401f-a7eb-bf54ea4d811c[39m
[35m[HTTP][39m [90m{}[39m
[35m[HTTP][39m [37m<-- GET /wd/hub/session/091567eb-7deb-401f-a7eb-bf54ea4d811c [39m[32m200[39m [90m113 ms - 1203[39m
[35m[HTTP][39m [90m[39m
[35m[HTTP][39m [37m-->[39m [37mGET[39m [37m/wd/hub/status[39m
[35m[HTTP][39m [90m{}[39m
[35m[HTTP][39m [37m<-- GET /wd/hub/status [39m[32m200[39m [90m1 ms - 68[39m
[35m[HTTP][39m [90m[39m
[35m[HTTP][39m [37m-->[39m [37mPOST[39m [37m/wd/hub/session/091567eb-7deb-401f-a7eb-bf54ea4d811c/timeouts[39m
[35m[HTTP][39m [90m{"implicit":30000}[39m
[35m[HTTP][39m [37m<-- POST /wd/hub/session/091567eb-7deb-401f-a7eb-bf54ea4d811c/timeouts [39m[32m200[39m [90m4 ms - 14[39m
[35m[HTTP][39m [90m[39m
[35m[HTTP][39m [37m-->[39m [37mPOST[39m [37m/wd/hub/session/091567eb-7deb-401f-a7eb-bf54ea4d811c/timeouts[39m
[35m[HTTP][39m [90m{"implicit":50}[39m
[35m[HTTP][39m [37m<-- POST /wd/hub/session/091567eb-7deb-401f-a7eb-bf54ea4d811c/timeouts [39m[32m200[39m [90m2 ms - 14[39m
[35m[HTTP][39m [90m[39m
[35m[HTTP][39m [37m-->[39m [37mGET[39m [37m/wd/hub/session/091567eb-7deb-401f-a7eb-bf54ea4d811c/window/rect[39m
[35m[HTTP][39m [90m{}[39m
[35m[HTTP][39m [37m<-- GET /wd/hub/session/091567eb-7deb-401f-a7eb-bf54ea4d811c/window/rect [39m[32m200[39m [90m46 ms - 50[39m
[35m[HTTP][39m [90m[39m
[35m[HTTP][39m [37m-->[39m [37mPOST[39m [37m/wd/hub/session/091567eb-7deb-401f-a7eb-bf54ea4d811c/elements[39m
[35m[HTTP][39m [90m{"using":"-android uiautomator","value":"new UiSelector().className(\"android.widget.TextView\").text(\"Bannerghatta Main Road, BTM Layout, 2nd Stage, 2nd Main Road, No 18, First Floor, Bengaluru, Karnataka 560076, India\")"}[39m
[35m[HTTP][39m [37m<-- POST /wd/hub/session/091567eb-7deb-401f-a7eb-bf54ea4d811c/elements [39m[32m200[39m [90m271 ms - 12[39m
[35m[HTTP][39m [90m[39m
[35m[HTTP][39m [37m-->[39m [37mPOST[39m [37m/wd/hub/session/091567eb-7deb-401f-a7eb-bf54ea4d811c/elements[39m
[35m[HTTP][39m [90m{"using":"-android uiautomator","value":"new UiSelector().className(\"android.widget.TextView\").text(\"Bannerghatta Main Road, BTM Layout, 2nd Stage, 2nd Main Road, No 18, First Floor, Bengaluru, Karnataka 560076, India\")"}[39m
[35m[HTTP][39m [37m<-- POST /wd/hub/session/091567eb-7deb-401f-a7eb-bf54ea4d811c/elements [39m[32m200[39m [90m71 ms - 12[39m
[35m[HTTP][39m [90m[39m
[35m[HTTP][39m [37m-->[39m [37mPOST[39m [37m/wd/hub/session/091567eb-7deb-401f-a7eb-bf54ea4d811c/elements[39m
[35m[HTTP][39m [90m{"using":"-android uiautomator","value":"new UiSelector().className(\"android.widget.TextView\").text(\"Bannerghatta Main Road, BTM Layout, 2nd Stage, 2nd Main Road, No 18, First Floor, Bengaluru, Karnataka 560076, India\")"}[39m
[35m[HTTP][39m [37m<-- POST /wd/hub/session/091567eb-7deb-401f-a7eb-bf54ea4d811c/elements [39m[32m200[39m [90m123 ms - 12[39m
[35m[HTTP][39m [90m[39m
[35m[HTTP][39m [37m-->[39m [37mPOST[39m [37m/wd/hub/session/091567eb-7deb-401f-a7eb-bf54ea4d811c/elements[39m
[35m[HTTP][39m [90m{"using":"-android uiautomator","value":"new UiSelector().className(\"android.widget.TextView\").text(\"Bannerghatta Main Road, BTM Layout, 2nd Stage, 2nd Main Road, No 18, First Floor, Bengaluru, Karnataka 560076, India\")"}[39m
[35m[HTTP][39m [37m<-- POST /wd/hub/session/091567eb-7deb-401f-a7eb-bf54ea4d811c/elements [39m[32m200[39m [90m77 ms - 12[39m
[35m[HTTP][39m [90m[39m
[35m[HTTP][39m [37m-->[39m [37mPOST[39m [37m/wd/hub/session/091567eb-7deb-401f-a7eb-bf54ea4d811c/elements[39m
[35m[HTTP][39m [90m{"using":"-android uiautomator","value":"new UiSelector().className(\"android.widget.TextView\").text(\"Bannerghatta Main Road, BTM Layout, 2nd Stage, 2nd Main Road, No 18, First Floor, Bengaluru, Karnataka 560076, India\")"}[39m
[35m[HTTP][39m [37m<-- POST /wd/hub/session/091567eb-7deb-401f-a7eb-bf54ea4d811c/elements [39m[32m200[39m [90m162 ms - 12[39m
[35m[HTTP][39m [90m[39m
[35m[HTTP][39m [37m-->[39m [37mPOST[39m [37m/wd/hub/session/091567eb-7deb-401f-a7eb-bf54ea4d811c/elements[39m
[35m[HTTP][39m [90m{"using":"-android uiautomator","value":"new UiSelector().className(\"android.widget.TextView\").text(\"Bannerghatta Main Road, BTM Layout, 2nd Stage, 2nd Main Road, No 18, First Floor, Bengaluru, Karnataka 560076, India\")"}[39m
[35m[HTTP][39m [37m<-- POST /wd/hub/session/091567eb-7deb-401f-a7eb-bf54ea4d811c/elements [39m[32m200[39m [90m130 ms - 12[39m
[35m[HTTP][39m [90m[39m
[35m[HTTP][39m [37m-->[39m [37mPOST[39m [37m/wd/hub/session/091567eb-7deb-401f-a7eb-bf54ea4d811c/elements[39m
[35m[HTTP][39m [90m{"using":"-android uiautomator","value":"new UiSelector().className(\"android.widget.TextView\").text(\"Bannerghatta Main Road, BTM Layout, 2nd Stage, 2nd Main Road, No 18, First Floor, Bengaluru, Karnataka 560076, India\")"}[39m
[35m[HTTP][39m [37m<-- POST /wd/hub/session/091567eb-7deb-401f-a7eb-bf54ea4d811c/elements [39m[32m200[39m [90m1538 ms - 12[39m
[35m[HTTP][39m [90m[39m
[35m[HTTP][39m [37m-->[39m [37mPOST[39m [37m/wd/hub/session/091567eb-7deb-401f-a7eb-bf54ea4d811c/elements[39m
[35m[HTTP][39m [90m{"using":"-android uiautomator","value":"new UiSelector().className(\"android.widget.TextView\").text(\"Bannerghatta Main Road, BTM Layout, 2nd Stage, 2nd Main Road, No 18, First Floor, Bengaluru, Karnataka 560076, India\")"}[39m
[35m[HTTP][39m [37m<-- POST /wd/hub/session/091567eb-7deb-401f-a7eb-bf54ea4d811c/elements [39m[32m200[39m [90m907 ms - 12[39m
[35m[HTTP][39m [90m[39m
[35m[HTTP][39m [37m-->[39m [37mPOST[39m [37m/wd/hub/session/091567eb-7deb-401f-a7eb-bf54ea4d811c/elements[39m
[35m[HTTP][39m [90m{"using":"-android uiautomator","value":"new UiSelector().className(\"android.widget.TextView\").text(\"Bannerghatta Main Road, BTM Layout, 2nd Stage, 2nd Main Road, No 18, First Floor, Bengaluru, Karnataka 560076, India\")"}[39m
[35m[HTTP][39m [37m<-- POST /wd/hub/session/091567eb-7deb-401f-a7eb-bf54ea4d811c/elements [39m[32m200[39m [90m138 ms - 12[39m
[35m[HTTP][39m [90m[39m
[35m[HTTP][39m [37m-->[39m [37mPOST[39m [37m/wd/hub/session/091567eb-7deb-401f-a7eb-bf54ea4d811c/elements[39m
[35m[HTTP][39m [90m{"using":"-android uiautomator","value":"new UiSelector().className(\"android.widget.TextView\").text(\"Bannerghatta Main Road, BTM Layout, 2nd Stage, 2nd Main Road, No 18, First Floor, Bengaluru, Karnataka 560076, India\")"}[39m
[35m[HTTP][39m [37m<-- POST /wd/hub/session/091567eb-7deb-401f-a7eb-bf54ea4d811c/elements [39m[32m200[39m [90m165 ms - 12[39m
[35m[HTTP][39m [90m[39m
[35m[HTTP][39m [37m-->[39m [37mPOST[39m [37m/wd/hub/session/091567eb-7deb-401f-a7eb-bf54ea4d811c/elements[39m
[35m[HTTP][39m [90m{"using":"-android uiautomator","value":"new UiSelector().className(\"android.widget.TextView\").text(\"Bannerghatta Main Road, BTM Layout, 2nd Stage, 2nd Main Road, No 18, First Floor, Bengaluru, Karnataka 560076, India\")"}[39m
[35m[HTTP][39m [37m<-- POST /wd/hub/session/091567eb-7deb-401f-a7eb-bf54ea4d811c/elements [39m[32m200[39m [90m196 ms - 12[39m
[35m[HTTP][39m [90m[39m
[35m[HTTP][39m [37m-->[39m [37mPOST[39m [37m/wd/hub/session/091567eb-7deb-401f-a7eb-bf54ea4d811c/elements[39m
[35m[HTTP][39m [90m{"using":"-android uiautomator","value":"new UiSelector().className(\"android.widget.TextView\").text(\"Bannerghatta Main Road, BTM Layout, 2nd Stage, 2nd Main Road, No 18, First Floor, Bengaluru, Karnataka 560076, India\")"}[39m
[35m[HTTP][39m [37m<-- POST /wd/hub/session/091567eb-7deb-401f-a7eb-bf54ea4d811c/elements [39m[32m200[39m [90m142 ms - 12[39m
[35m[HTTP][39m [90m[39m
[35m[HTTP][39m [37m-->[39m [37mPOST[39m [37m/wd/hub/session/091567eb-7deb-401f-a7eb-bf54ea4d811c/elements[39m
[35m[HTTP][39m [90m{"using":"-android uiautomator","value":"new UiSelector().className(\"android.widget.TextView\").text(\"Bannerghatta Main Road, BTM Layout, 2nd Stage, 2nd Main Road, No 18, First Floor, Bengaluru, Karnataka 560076, India\")"}[39m
[35m[HTTP][39m [37m<-- POST /wd/hub/session/091567eb-7deb-401f-a7eb-bf54ea4d811c/elements [39m[32m200[39m [90m197 ms - 12[39m
[35m[HTTP][39m [90m[39m
[35m[HTTP][39m [37m-->[39m [37mPOST[39m [37m/wd/hub/session/091567eb-7deb-401f-a7eb-bf54ea4d811c/elements[39m
[35m[HTTP][39m [90m{"using":"-android uiautomator","value":"new UiSelector().className(\"android.widget.TextView\").text(\"Bannerghatta Main Road, BTM Layout, 2nd Stage, 2nd Main Road, No 18, First Floor, Bengaluru, Karnataka 560076, India\")"}[39m
[35m[HTTP][39m [37m<-- POST /wd/hub/session/091567eb-7deb-401f-a7eb-bf54ea4d811c/elements [39m[32m200[39m [90m83 ms - 12[39m
[35m[HTTP][39m [90m[39m
[35m[HTTP][39m [37m-->[39m [37mPOST[39m [37m/wd/hub/session/091567eb-7deb-401f-a7eb-bf54ea4d811c/elements[39m
[35m[HTTP][39m [90m{"using":"-android uiautomator","value":"new UiSelector().className(\"android.widget.TextView\").text(\"Bannerghatta Main Road, BTM Layout, 2nd Stage, 2nd Main Road, No 18, First Floor, Bengaluru, Karnataka 560076, India\")"}[39m
[35m[HTTP][39m [37m<-- POST /wd/hub/session/091567eb-7deb-401f-a7eb-bf54ea4d811c/elements [39m[32m200[39m [90m104 ms - 12[39m
[35m[HTTP][39m [90m[39m
[35m[HTTP][39m [37m-->[39m [37mPOST[39m [37m/wd/hub/session/091567eb-7deb-401f-a7eb-bf54ea4d811c/elements[39m
[35m[HTTP][39m [90m{"using":"-android uiautomator","value":"new UiSelector().className(\"android.widget.TextView\").text(\"Bannerghatta Main Road, BTM Layout, 2nd Stage, 2nd Main Road, No 18, First Floor, Bengaluru, Karnataka 560076, India\")"}[39m
[35m[HTTP][39m [37m<-- POST /wd/hub/session/091567eb-7deb-401f-a7eb-bf54ea4d811c/elements [39m[32m200[39m [90m101 ms - 12[39m
[35m[HTTP][39m [90m[39m
[35m[HTTP][39m [37m-->[39m [37mPOST[39m [37m/wd/hub/session/091567eb-7deb-401f-a7eb-bf54ea4d811c/elements[39m
[35m[HTTP][39m [90m{"using":"-android uiautomator","value":"new UiSelector().className(\"android.widget.TextView\").text(\"Bannerghatta Main Road, BTM Layout, 2nd Stage, 2nd Main Road, No 18, First Floor, Bengaluru, Karnataka 560076, India\")"}[39m
[35m[HTTP][39m [37m<-- POST /wd/hub/session/091567eb-7deb-401f-a7eb-bf54ea4d811c/elements [39m[32m200[39m [90m2313 ms - 12[39m
[35m[HTTP][39m [90m[39m
[35m[HTTP][39m [37m-->[39m [37mPOST[39m [37m/wd/hub/session/091567eb-7deb-401f-a7eb-bf54ea4d811c/elements[39m
[35m[HTTP][39m [90m{"using":"-android uiautomator","value":"new UiSelector().className(\"android.widget.TextView\").text(\"Bannerghatta Main Road, BTM Layout, 2nd Stage, 2nd Main Road, No 18, First Floor, Bengaluru, Karnataka 560076, India\")"}[39m
[35m[HTTP][39m [37m<-- POST /wd/hub/session/091567eb-7deb-401f-a7eb-bf54ea4d811c/elements [39m[32m200[39m [90m1072 ms - 12[39m
[35m[HTTP][39m [90m[39m
[35m[HTTP][39m [37m-->[39m [37mPOST[39m [37m/wd/hub/session/091567eb-7deb-401f-a7eb-bf54ea4d811c/elements[39m
[35m[HTTP][39m [90m{"using":"-android uiautomator","value":"new UiSelector().className(\"android.widget.TextView\").text(\"Bannerghatta Main Road, BTM Layout, 2nd Stage, 2nd Main Road, No 18, First Floor, Bengaluru, Karnataka 560076, India\")"}[39m
[35m[HTTP][39m [37m<-- POST /wd/hub/session/091567eb-7deb-401f-a7eb-bf54ea4d811c/elements [39m[32m200[39m [90m540 ms - 12[39m
[35m[HTTP][39m [90m[39m
[35m[HTTP][39m [37m-->[39m [37mPOST[39m [37m/wd/hub/session/091567eb-7deb-401f-a7eb-bf54ea4d811c/elements[39m
[35m[HTTP][39m [90m{"using":"-android uiautomator","value":"new UiSelector().className(\"android.widget.TextView\").text(\"Bannerghatta Main Road, BTM Layout, 2nd Stage, 2nd Main Road, No 18, First Floor, Bengaluru, Karnataka 560076, India\")"}[39m
[35m[HTTP][39m [37m<-- POST /wd/hub/session/091567eb-7deb-401f-a7eb-bf54ea4d811c/elements [39m[32m200[39m [90m568 ms - 12[39m
[35m[HTTP][39m [90m[39m
[35m[HTTP][39m [37m-->[39m [37mPOST[39m [37m/wd/hub/session/091567eb-7deb-401f-a7eb-bf54ea4d811c/elements[39m
[35m[HTTP][39m [90m{"using":"-android uiautomator","value":"new UiSelector().className(\"android.widget.TextView\").text(\"Bannerghatta Main Road, BTM Layout, 2nd Stage, 2nd Main Road, No 18, First Floor, Bengaluru, Karnataka 560076, India\")"}[39m
[35m[HTTP][39m [37m<-- POST /wd/hub/session/091567eb-7deb-401f-a7eb-bf54ea4d811c/elements [39m[32m200[39m [90m659 ms - 12[39m
[35m[HTTP][39m [90m[39m
[35m[HTTP][39m [37m-->[39m [37mPOST[39m [37m/wd/hub/session/091567eb-7deb-401f-a7eb-bf54ea4d811c/elements[39m
[35m[HTTP][39m [90m{"using":"-android uiautomator","value":"new UiSelector().className(\"android.widget.TextView\").text(\"Bannerghatta Main Road, BTM Layout, 2nd Stage, 2nd Main Road, No 18, First Floor, Bengaluru, Karnataka 560076, India\")"}[39m
[35m[HTTP][39m [37m<-- POST /wd/hub/session/091567eb-7deb-401f-a7eb-bf54ea4d811c/elements [39m[32m200[39m [90m492 ms - 12[39m
[35m[HTTP][39m [90m[39m
[35m[HTTP][39m [37m-->[39m [37mPOST[39m [37m/wd/hub/session/091567eb-7deb-401f-a7eb-bf54ea4d811c/elements[39m
[35m[HTTP][39m [90m{"using":"-android uiautomator","value":"new UiSelector().className(\"android.widget.TextView\").text(\"Bannerghatta Main Road, BTM Layout, 2nd Stage, 2nd Main Road, No 18, First Floor, Bengaluru, Karnataka 560076, India\")"}[39m
[35m[HTTP][39m [37m<-- POST /wd/hub/session/091567eb-7deb-401f-a7eb-bf54ea4d811c/elements [39m[32m200[39m [90m422 ms - 12[39m
[35m[HTTP][39m [90m[39m
[35m[HTTP][39m [37m-->[39m [37mPOST[39m [37m/wd/hub/session/091567eb-7deb-401f-a7eb-bf54ea4d811c/elements[39m
[35m[HTTP][39m [90m{"using":"-android uiautomator","value":"new UiSelector().className(\"android.widget.TextView\").text(\"Bannerghatta Main Road, BTM Layout, 2nd Stage, 2nd Main Road, No 18, First Floor, Bengaluru, Karnataka 560076, India\")"}[39m
[35m[HTTP][39m [37m<-- POST /wd/hub/session/091567eb-7deb-401f-a7eb-bf54ea4d811c/elements [39m[32m200[39m [90m413 ms - 12[39m
[35m[HTTP][39m [90m[39m
[35m[HTTP][39m [37m-->[39m [37mPOST[39m [37m/wd/hub/session/091567eb-7deb-401f-a7eb-bf54ea4d811c/elements[39m
[35m[HTTP][39m [90m{"using":"-android uiautomator","value":"new UiSelector().className(\"android.widget.TextView\").text(\"Bannerghatta Main Road, BTM Layout, 2nd Stage, 2nd Main Road, No 18, First Floor, Bengaluru, Karnataka 560076, India\")"}[39m
[35m[HTTP][39m [37m<-- POST /wd/hub/session/091567eb-7deb-401f-a7eb-bf54ea4d811c/elements [39m[32m200[39m [90m378 ms - 12[39m
[35m[HTTP][39m [90m[39m
[35m[HTTP][39m [37m-->[39m [37mPOST[39m [37m/wd/hub/session/091567eb-7deb-401f-a7eb-bf54ea4d811c/elements[39m
[35m[HTTP][39m [90m{"using":"-android uiautomator","value":"new UiSelector().className(\"android.widget.TextView\").text(\"Bannerghatta Main Road, BTM Layout, 2nd Stage, 2nd Main Road, No 18, First Floor, Bengaluru, Karnataka 560076, India\")"}[39m
[35m[HTTP][39m [37m<-- POST /wd/hub/session/091567eb-7deb-401f-a7eb-bf54ea4d811c/elements [39m[32m200[39m [90m277 ms - 12[39m
[35m[HTTP][39m [90m[39m
[35m[HTTP][39m [37m-->[39m [37mPOST[39m [37m/wd/hub/session/091567eb-7deb-401f-a7eb-bf54ea4d811c/elements[39m
[35m[HTTP][39m [90m{"using":"-android uiautomator","value":"new UiSelector().className(\"android.widget.TextView\").text(\"Bannerghatta Main Road, BTM Layout, 2nd Stage, 2nd Main Road, No 18, First Floor, Bengaluru, Karnataka 560076, India\")"}[39m
[35m[HTTP][39m [37m<-- POST /wd/hub/session/091567eb-7deb-401f-a7eb-bf54ea4d811c/elements [39m[32m200[39m [90m675 ms - 12[39m
[35m[HTTP][39m [90m[39m
[35m[HTTP][39m [37m-->[39m [37mPOST[39m [37m/wd/hub/session/091567eb-7deb-401f-a7eb-bf54ea4d811c/elements[39m
[35m[HTTP][39m [90m{"using":"-android uiautomator","value":"new UiSelector().className(\"android.widget.TextView\").text(\"Bannerghatta Main Road, BTM Layout, 2nd Stage, 2nd Main Road, No 18, First Floor, Bengaluru, Karnataka 560076, India\")"}[39m
[35m[HTTP][39m [37m<-- POST /wd/hub/session/091567eb-7deb-401f-a7eb-bf54ea4d811c/elements [39m[32m200[39m [90m363 ms - 12[39m
[35m[HTTP][39m [90m[39m
[35m[HTTP][39m [37m-->[39m [37mPOST[39m [37m/wd/hub/session/091567eb-7deb-401f-a7eb-bf54ea4d811c/elements[39m
[35m[HTTP][39m [90m{"using":"-android uiautomator","value":"new UiSelector().className(\"android.widget.TextView\").text(\"Bannerghatta Main Road, BTM Layout, 2nd Stage, 2nd Main Road, No 18, First Floor, Bengaluru, Karnataka 560076, India\")"}[39m
[35m[HTTP][39m [37m<-- POST /wd/hub/session/091567eb-7deb-401f-a7eb-bf54ea4d811c/elements [39m[32m200[39m [90m406 ms - 12[39m
[35m[HTTP][39m [90m[39m
[35m[HTTP][39m [37m-->[39m [37mPOST[39m [37m/wd/hub/session/091567eb-7deb-401f-a7eb-bf54ea4d811c/elements[39m
[35m[HTTP][39m [90m{"using":"-android uiautomator","value":"new UiSelector().className(\"android.widget.TextView\").text(\"Bannerghatta Main Road, BTM Layout, 2nd Stage, 2nd Main Road, No 18, First Floor, Bengaluru, Karnataka 560076, India\")"}[39m
[35m[HTTP][39m [37m<-- POST /wd/hub/session/091567eb-7deb-401f-a7eb-bf54ea4d811c/elements [39m[32m200[39m [90m236 ms - 12[39m
[35m[HTTP][39m [90m[39m
[35m[HTTP][39m [37m-->[39m [37mPOST[39m [37m/wd/hub/session/091567eb-7deb-401f-a7eb-bf54ea4d811c/elements[39m
[35m[HTTP][39m [90m{"using":"-android uiautomator","value":"new UiSelector().className(\"android.widget.TextView\").text(\"Bannerghatta Main Road, BTM Layout, 2nd Stage, 2nd Main Road, No 18, First Floor, Bengaluru, Karnataka 560076, India\")"}[39m
[35m[HTTP][39m [37m<-- POST /wd/hub/session/091567eb-7deb-401f-a7eb-bf54ea4d811c/elements [39m[32m200[39m [90m557 ms - 12[39m
[35m[HTTP][39m [90m[39m
[35m[HTTP][39m [37m-->[39m [37mPOST[39m [37m/wd/hub/session/091567eb-7deb-401f-a7eb-bf54ea4d811c/elements[39m
[35m[HTTP][39m [90m{"using":"-android uiautomator","value":"new UiSelector().className(\"android.widget.TextView\").text(\"Bannerghatta Main Road, BTM Layout, 2nd Stage, 2nd Main Road, No 18, First Floor, Bengaluru, Karnataka 560076, India\")"}[39m
[35m[HTTP][39m [37m<-- POST /wd/hub/session/091567eb-7deb-401f-a7eb-bf54ea4d811c/elements [39m[32m200[39m [90m435 ms - 12[39m
[35m[HTTP][39m [90m[39m
[35m[HTTP][39m [37m-->[39m [37mPOST[39m [37m/wd/hub/session/091567eb-7deb-401f-a7eb-bf54ea4d811c/elements[39m
[35m[HTTP][39m [90m{"using":"-android uiautomator","value":"new UiSelector().className(\"android.widget.TextView\").text(\"Bannerghatta Main Road, BTM Layout, 2nd Stage, 2nd Main Road, No 18, First Floor, Bengaluru, Karnataka 560076, India\")"}[39m
[35m[HTTP][39m [37m<-- POST /wd/hub/session/091567eb-7deb-401f-a7eb-bf54ea4d811c/elements [39m[32m200[39m [90m493 ms - 12[39m
[35m[HTTP][39m [90m[39m
[35m[HTTP][39m [37m-->[39m [37mPOST[39m [37m/wd/hub/session/091567eb-7deb-401f-a7eb-bf54ea4d811c/elements[39m
[35m[HTTP][39m [90m{"using":"-android uiautomator","value":"new UiSelector().className(\"android.widget.TextView\").text(\"Bannerghatta Main Road, BTM Layout, 2nd Stage, 2nd Main Road, No 18, First Floor, Bengaluru, Karnataka 560076, India\")"}[39m
[35m[HTTP][39m [37m<-- POST /wd/hub/session/091567eb-7deb-401f-a7eb-bf54ea4d811c/elements [39m[32m200[39m [90m378 ms - 12[39m
[35m[HTTP][39m [90m[39m
[35m[HTTP][39m [37m-->[39m [37mPOST[39m [37m/wd/hub/session/091567eb-7deb-401f-a7eb-bf54ea4d811c/elements[39m
[35m[HTTP][39m [90m{"using":"-android uiautomator","value":"new UiSelector().className(\"android.widget.TextView\").text(\"Bannerghatta Main Road, BTM Layout, 2nd Stage, 2nd Main Road, No 18, First Floor, Bengaluru, Karnataka 560076, India\")"}[39m
[35m[HTTP][39m [37m<-- POST /wd/hub/session/091567eb-7deb-401f-a7eb-bf54ea4d811c/elements [39m[32m200[39m [90m400 ms - 12[39m
[35m[HTTP][39m [90m[39m
[35m[HTTP][39m [37m-->[39m [37mPOST[39m [37m/wd/hub/session/091567eb-7deb-401f-a7eb-bf54ea4d811c/elements[39m
[35m[HTTP][39m [90m{"using":"-android uiautomator","value":"new UiSelector().className(\"android.widget.TextView\").text(\"Bannerghatta Main Road, BTM Layout, 2nd Stage, 2nd Main Road, No 18, First Floor, Bengaluru, Karnataka 560076, India\")"}[39m
[35m[HTTP][39m [37m<-- POST /wd/hub/session/091567eb-7deb-401f-a7eb-bf54ea4d811c/elements [39m[32m200[39m [90m298 ms - 12[39m
[35m[HTTP][39m [90m[39m
[35m[HTTP][39m [37m-->[39m [37mPOST[39m [37m/wd/hub/session/091567eb-7deb-401f-a7eb-bf54ea4d811c/elements[39m
[35m[HTTP][39m [90m{"using":"-android uiautomator","value":"new UiSelector().className(\"android.widget.TextView\").text(\"Bannerghatta Main Road, BTM Layout, 2nd Stage, 2nd Main Road, No 18, First Floor, Bengaluru, Karnataka 560076, India\")"}[39m
[35m[HTTP][39m [37m<-- POST /wd/hub/session/091567eb-7deb-401f-a7eb-bf54ea4d811c/elements [39m[32m200[39m [90m556 ms - 12[39m
[35m[HTTP][39m [90m[39m
[35m[HTTP][39m [37m-->[39m [37mPOST[39m [37m/wd/hub/session/091567eb-7deb-401f-a7eb-bf54ea4d811c/elements[39m
[35m[HTTP][39m [90m{"using":"-android uiautomator","value":"new UiSelector().className(\"android.widget.TextView\").text(\"Bannerghatta Main Road, BTM Layout, 2nd Stage, 2nd Main Road, No 18, First Floor, Bengaluru, Karnataka 560076, India\")"}[39m
[35m[HTTP][39m [37m<-- POST /wd/hub/session/091567eb-7deb-401f-a7eb-bf54ea4d811c/elements [39m[32m200[39m [90m477 ms - 12[39m
[35m[HTTP][39m [90m[39m
[35m[HTTP][39m [37m-->[39m [37mPOST[39m [37m/wd/hub/session/091567eb-7deb-401f-a7eb-bf54ea4d811c/elements[39m
[35m[HTTP][39m [90m{"using":"-android uiautomator","value":"new UiSelector().className(\"android.widget.TextView\").text(\"Bannerghatta Main Road, BTM Layout, 2nd Stage, 2nd Main Road, No 18, First Floor, Bengaluru, Karnataka 560076, India\")"}[39m
[35m[HTTP][39m [37m<-- POST /wd/hub/session/091567eb-7deb-401f-a7eb-bf54ea4d811c/elements [39m[32m200[39m [90m476 ms - 12[39m
[35m[HTTP][39m [90m[39m
[35m[HTTP][39m [37m-->[39m [37mPOST[39m [37m/wd/hub/session/091567eb-7deb-401f-a7eb-bf54ea4d811c/elements[39m
[35m[HTTP][39m [90m{"using":"-android uiautomator","value":"new UiSelector().className(\"android.widget.TextView\").text(\"Bannerghatta Main Road, BTM Layout, 2nd Stage, 2nd Main Road, No 18, First Floor, Bengaluru, Karnataka 560076, India\")"}[39m
[35m[HTTP][39m [37m<-- POST /wd/hub/session/091567eb-7deb-401f-a7eb-bf54ea4d811c/elements [39m[32m200[39m [90m419 ms - 12[39m
[35m[HTTP][39m [90m[39m
[35m[HTTP][39m [37m-->[39m [37mPOST[39m [37m/wd/hub/session/091567eb-7deb-401f-a7eb-bf54ea4d811c/elements[39m
[35m[HTTP][39m [90m{"using":"-android uiautomator","value":"new UiSelector().className(\"android.widget.TextView\").text(\"Bannerghatta Main Road, BTM Layout, 2nd Stage, 2nd Main Road, No 18, First Floor, Bengaluru, Karnataka 560076, India\")"}[39m
[35m[HTTP][39m [37m<-- POST /wd/hub/session/091567eb-7deb-401f-a7eb-bf54ea4d811c/elements [39m[32m200[39m [90m475 ms - 12[39m
[35m[HTTP][39m [90m[39m
[35m[HTTP][39m [37m-->[39m [37mPOST[39m [37m/wd/hub/session/091567eb-7deb-401f-a7eb-bf54ea4d811c/elements[39m
[35m[HTTP][39m [90m{"using":"-android uiautomator","value":"new UiSelector().className(\"android.widget.TextView\").text(\"Bannerghatta Main Road, BTM Layout, 2nd Stage, 2nd Main Road, No 18, First Floor, Bengaluru, Karnataka 560076, India\")"}[39m
[35m[HTTP][39m [37m<-- POST /wd/hub/session/091567eb-7deb-401f-a7eb-bf54ea4d811c/elements [39m[32m200[39m [90m520 ms - 12[39m
[35m[HTTP][39m [90m[39m
[35m[HTTP][39m [37m-->[39m [37mPOST[39m [37m/wd/hub/session/091567eb-7deb-401f-a7eb-bf54ea4d811c/elements[39m
[35m[HTTP][39m [90m{"using":"-android uiautomator","value":"new UiSelector().className(\"android.widget.TextView\").text(\"Bannerghatta Main Road, BTM Layout, 2nd Stage, 2nd Main Road, No 18, First Floor, Bengaluru, Karnataka 560076, India\")"}[39m
[35m[HTTP][39m [37m<-- POST /wd/hub/session/091567eb-7deb-401f-a7eb-bf54ea4d811c/elements [39m[32m200[39m [90m570 ms - 12[39m
[35m[HTTP][39m [90m[39m
[35m[HTTP][39m [37m-->[39m [37mPOST[39m [37m/wd/hub/session/091567eb-7deb-401f-a7eb-bf54ea4d811c/elements[39m
[35m[HTTP][39m [90m{"using":"-android uiautomator","value":"new UiSelector().className(\"android.widget.TextView\").text(\"Bannerghatta Main Road, BTM Layout, 2nd Stage, 2nd Main Road, No 18, First Floor, Bengaluru, Karnataka 560076, India\")"}[39m
[35m[HTTP][39m [37m<-- POST /wd/hub/session/091567eb-7deb-401f-a7eb-bf54ea4d811c/elements [39m[32m200[39m [90m502 ms - 12[39m
[35m[HTTP][39m [90m[39m
[35m[HTTP][39m [37m-->[39m [37mPOST[39m [37m/wd/hub/session/091567eb-7deb-401f-a7eb-bf54ea4d811c/elements[39m
[35m[HTTP][39m [90m{"using":"-android uiautomator","value":"new UiSelector().className(\"android.widget.TextView\").text(\"Bannerghatta Main Road, BTM Layout, 2nd Stage, 2nd Main Road, No 18, First Floor, Bengaluru, Karnataka 560076, India\")"}[39m
[35m[HTTP][39m [37m<-- POST /wd/hub/session/091567eb-7deb-401f-a7eb-bf54ea4d811c/elements [39m[32m200[39m [90m359 ms - 12[39m
[35m[HTTP][39m [90m[39m
[35m[HTTP][39m [37m-->[39m [37mPOST[39m [37m/wd/hub/session/091567eb-7deb-401f-a7eb-bf54ea4d811c/elements[39m
[35m[HTTP][39m [90m{"using":"-android uiautomator","value":"new UiSelector().className(\"android.widget.TextView\").text(\"Bannerghatta Main Road, BTM Layout, 2nd Stage, 2nd Main Road, No 18, First Floor, Bengaluru, Karnataka 560076, India\")"}[39m
[35m[HTTP][39m [37m<-- POST /wd/hub/session/091567eb-7deb-401f-a7eb-bf54ea4d811c/elements [39m[32m200[39m [90m654 ms - 12[39m
[35m[HTTP][39m [90m[39m
[35m[HTTP][39m [37m-->[39m [37mPOST[39m [37m/wd/hub/session/091567eb-7deb-401f-a7eb-bf54ea4d811c/elements[39m
[35m[HTTP][39m [90m{"using":"-android uiautomator","value":"new UiSelector().className(\"android.widget.TextView\").text(\"Bannerghatta Main Road, BTM Layout, 2nd Stage, 2nd Main Road, No 18, First Floor, Bengaluru, Karnataka 560076, India\")"}[39m
[35m[HTTP][39m [37m<-- POST /wd/hub/session/091567eb-7deb-401f-a7eb-bf54ea4d811c/elements [39m[32m200[39m [90m419 ms - 12[39m
[35m[HTTP][39m [90m[39m
[35m[HTTP][39m [37m-->[39m [37mPOST[39m [37m/wd/hub/session/091567eb-7deb-401f-a7eb-bf54ea4d811c/elements[39m
[35m[HTTP][39m [90m{"using":"-android uiautomator","value":"new UiSelector().className(\"android.widget.TextView\").text(\"Bannerghatta Main Road, BTM Layout, 2nd Stage, 2nd Main Road, No 18, First Floor, Bengaluru, Karnataka 560076, India\")"}[39m
[35m[HTTP][39m [37m<-- POST /wd/hub/session/091567eb-7deb-401f-a7eb-bf54ea4d811c/elements [39m[32m200[39m [90m483 ms - 12[39m
[35m[HTTP][39m [90m[39m
[35m[HTTP][39m [37m-->[39m [37mPOST[39m [37m/wd/hub/session/091567eb-7deb-401f-a7eb-bf54ea4d811c/elements[39m
[35m[HTTP][39m [90m{"using":"-android uiautomator","value":"new UiSelector().className(\"android.widget.TextView\").text(\"Bannerghatta Main Road, BTM Layout, 2nd Stage, 2nd Main Road, No 18, First Floor, Bengaluru, Karnataka 560076, India\")"}[39m
[35m[HTTP][39m [37m<-- POST /wd/hub/session/091567eb-7deb-401f-a7eb-bf54ea4d811c/elements [39m[32m200[39m [90m536 ms - 12[39m
[35m[HTTP][39m [90m[39m
[35m[HTTP][39m [37m-->[39m [37mPOST[39m [37m/wd/hub/session/091567eb-7deb-401f-a7eb-bf54ea4d811c/elements[39m
[35m[HTTP][39m [90m{"using":"-android uiautomator","value":"new UiSelector().className(\"android.widget.TextView\").text(\"Bannerghatta Main Road, BTM Layout, 2nd Stage, 2nd Main Road, No 18, First Floor, Bengaluru, Karnataka 560076, India\")"}[39m
[35m[HTTP][39m [37m<-- POST /wd/hub/session/091567eb-7deb-401f-a7eb-bf54ea4d811c/elements [39m[32m200[39m [90m342 ms - 12[39m
[35m[HTTP][39m [90m[39m
[35m[HTTP][39m [37m-->[39m [37mPOST[39m [37m/wd/hub/session/091567eb-7deb-401f-a7eb-bf54ea4d811c/elements[39m
[35m[HTTP][39m [90m{"using":"-android uiautomator","value":"new UiSelector().className(\"android.widget.TextView\").text(\"Bannerghatta Main Road, BTM Layout, 2nd Stage, 2nd Main Road, No 18, First Floor, Bengaluru, Karnataka 560076, India\")"}[39m
[35m[HTTP][39m [37m<-- POST /wd/hub/session/091567eb-7deb-401f-a7eb-bf54ea4d811c/elements [39m[32m200[39m [90m1307 ms - 12[39m
[35m[HTTP][39m [90m[39m
[35m[HTTP][39m [37m-->[39m [37mPOST[39m [37m/wd/hub/session/091567eb-7deb-401f-a7eb-bf54ea4d811c/elements[39m
[35m[HTTP][39m [90m{"using":"-android uiautomator","value":"new UiSelector().className(\"android.widget.TextView\").text(\"Bannerghatta Main Road, BTM Layout, 2nd Stage, 2nd Main Road, No 18, First Floor, Bengaluru, Karnataka 560076, India\")"}[39m
[35m[HTTP][39m [37m<-- POST /wd/hub/session/091567eb-7deb-401f-a7eb-bf54ea4d811c/elements [39m[32m200[39m [90m2035 ms - 12[39m
[35m[HTTP][39m [90m[39m
[35m[HTTP][39m [37m-->[39m [37mPOST[39m [37m/wd/hub/session/091567eb-7deb-401f-a7eb-bf54ea4d811c/elements[39m
[35m[HTTP][39m [90m{"using":"-android uiautomator","value":"new UiSelector().className(\"android.widget.TextView\").text(\"Bannerghatta Main Road, BTM Layout, 2nd Stage, 2nd Main Road, No 18, First Floor, Bengaluru, Karnataka 560076, India\")"}[39m
[35m[HTTP][39m [37m<-- POST /wd/hub/session/091567eb-7deb-401f-a7eb-bf54ea4d811c/elements [39m[32m200[39m [90m782 ms - 12[39m
[35m[HTTP][39m [90m[39m
[35m[HTTP][39m [37m-->[39m [37mPOST[39m [37m/wd/hub/session/091567eb-7deb-401f-a7eb-bf54ea4d811c/elements[39m
[35m[HTTP][39m [90m{"using":"-android uiautomator","value":"new UiSelector().className(\"android.widget.TextView\").text(\"Bannerghatta Main Road, BTM Layout, 2nd Stage, 2nd Main Road, No 18, First Floor, Bengaluru, Karnataka 560076, India\")"}[39m
[35m[HTTP][39m [37m<-- POST /wd/hub/session/091567eb-7deb-401f-a7eb-bf54ea4d811c/elements [39m[32m200[39m [90m308 ms - 12[39m
[35m[HTTP][39m [90m[39m
[35m[HTTP][39m [37m-->[39m [37mPOST[39m [37m/wd/hub/session/091567eb-7deb-401f-a7eb-bf54ea4d811c/elements[39m
[35m[HTTP][39m [90m{"using":"-android uiautomator","value":"new UiSelector().className(\"android.widget.TextView\").text(\"Bannerghatta Main Road, BTM Layout, 2nd Stage, 2nd Main Road, No 18, First Floor, Bengaluru, Karnataka 560076, India\")"}[39m
[35m[HTTP][39m [37m<-- POST /wd/hub/session/091567eb-7deb-401f-a7eb-bf54ea4d811c/elements [39m[32m200[39m [90m353 ms - 12[39m
[35m[HTTP][39m [90m[39m
[35m[HTTP][39m [37m-->[39m [37mPOST[39m [37m/wd/hub/session/091567eb-7deb-401f-a7eb-bf54ea4d811c/elements[39m
[35m[HTTP][39m [90m{"using":"-android uiautomator","value":"new UiSelector().className(\"android.widget.TextView\").text(\"Bannerghatta Main Road, BTM Layout, 2nd Stage, 2nd Main Road, No 18, First Floor, Bengaluru, Karnataka 560076, India\")"}[39m
[35m[HTTP][39m [37m<-- POST /wd/hub/session/091567eb-7deb-401f-a7eb-bf54ea4d811c/elements [39m[32m200[39m [90m546 ms - 12[39m
[35m[HTTP][39m [90m[39m
[35m[HTTP][39m [37m-->[39m [37mPOST[39m [37m/wd/hub/session/091567eb-7deb-401f-a7eb-bf54ea4d811c/elements[39m
[35m[HTTP][39m [90m{"using":"-android uiautomator","value":"new UiSelector().className(\"android.widget.TextView\").text(\"Bannerghatta Main Road, BTM Layout, 2nd Stage, 2nd Main Road, No 18, First Floor, Bengaluru, Karnataka 560076, India\")"}[39m
[35m[HTTP][39m [37m<-- POST /wd/hub/session/091567eb-7deb-401f-a7eb-bf54ea4d811c/elements [39m[32m200[39m [90m263 ms - 12[39m
[35m[HTTP][39m [90m[39m
[35m[HTTP][39m [37m-->[39m [37mPOST[39m [37m/wd/hub/session/091567eb-7deb-401f-a7eb-bf54ea4d811c/elements[39m
[35m[HTTP][39m [90m{"using":"-android uiautomator","value":"new UiSelector().className(\"android.widget.TextView\").text(\"Bannerghatta Main Road, BTM Layout, 2nd Stage, 2nd Main Road, No 18, First Floor, Bengaluru, Karnataka 560076, India\")"}[39m
[35m[HTTP][39m [37m<-- POST /wd/hub/session/091567eb-7deb-401f-a7eb-bf54ea4d811c/elements [39m[32m200[39m [90m376 ms - 12[39m
[35m[HTTP][39m [90m[39m
[35m[HTTP][39m [37m-->[39m [37mPOST[39m [37m/wd/hub/session/091567eb-7deb-401f-a7eb-bf54ea4d811c/elements[39m
[35m[HTTP][39m [90m{"using":"-android uiautomator","value":"new UiSelector().className(\"android.widget.TextView\").text(\"Bannerghatta Main Road, BTM Layout, 2nd Stage, 2nd Main Road, No 18, First Floor, Bengaluru, Karnataka 560076, India\")"}[39m
[35m[HTTP][39m [37m<-- POST /wd/hub/session/091567eb-7deb-401f-a7eb-bf54ea4d811c/elements [39m[32m200[39m [90m377 ms - 12[39m
[35m[HTTP][39m [90m[39m
[35m[HTTP][39m [37m-->[39m [37mPOST[39m [37m/wd/hub/session/091567eb-7deb-401f-a7eb-bf54ea4d811c/elements[39m
[35m[HTTP][39m [90m{"using":"-android uiautomator","value":"new UiSelector().className(\"android.widget.TextView\").text(\"Bannerghatta Main Road, BTM Layout, 2nd Stage, 2nd Main Road, No 18, First Floor, Bengaluru, Karnataka 560076, India\")"}[39m
[35m[HTTP][39m [37m<-- POST /wd/hub/session/091567eb-7deb-401f-a7eb-bf54ea4d811c/elements [39m[32m200[39m [90m591 ms - 12[39m
[35m[HTTP][39m [90m[39m
[35m[HTTP][39m [37m-->[39m [37mPOST[39m [37m/wd/hub/session/091567eb-7deb-401f-a7eb-bf54ea4d811c/timeouts[39m
[35m[HTTP][39m [90m{"implicit":30000}[39m
[35m[HTTP][39m [37m<-- POST /wd/hub/session/091567eb-7deb-401f-a7eb-bf54ea4d811c/timeouts [39m[32m200[39m [90m3 ms - 14[39m
[35m[HTTP][39m [90m[39m
[35m[HTTP][39m [37m-->[39m [37mGET[39m [37m/wd/hub/session/091567eb-7deb-401f-a7eb-bf54ea4d811c/context[39m
[35m[HTTP][39m [90m{}[39m
[35m[HTTP][39m [37m<-- GET /wd/hub/session/091567eb-7deb-401f-a7eb-bf54ea4d811c/context [39m[32m200[39m [90m2 ms - 22[39m
[35m[HTTP][39m [90m[39m
[35m[HTTP][39m [37m-->[39m [37mGET[39m [37m/wd/hub/session/091567eb-7deb-401f-a7eb-bf54ea4d811c/contexts[39m
[35m[HTTP][39m [90m{}[39m
[35m[HTTP][39m [37m<-- GET /wd/hub/session/091567eb-7deb-401f-a7eb-bf54ea4d811c/contexts [39m[32m200[39m [90m85 ms - 24[39m
[35m[HTTP][39m [90m[39m
[35m[HTTP][39m [37m-->[39m [37mPOST[39m [37m/wd/hub/session/091567eb-7deb-401f-a7eb-bf54ea4d811c/context[39m
[35m[HTTP][39m [90m{"name":"NATIVE_APP"}[39m
[35m[HTTP][39m [37m<-- POST /wd/hub/session/091567eb-7deb-401f-a7eb-bf54ea4d811c/context [39m[32m200[39m [90m3 ms - 14[39m
[35m[HTTP][39m [90m[39m
[35m[HTTP][39m [37m-->[39m [37mGET[39m [37m/wd/hub/session/091567eb-7deb-401f-a7eb-bf54ea4d811c/screenshot[39m
[35m[HTTP][39m [90m{}[39m
[35m[HTTP][39m [37m<-- GET /wd/hub/session/091567eb-7deb-401f-a7eb-bf54ea4d811c/screenshot [39m[32m200[39m [90m904 ms - 228094[39m
[35m[HTTP][39m [90m[39m
[35m[HTTP][39m [37m-->[39m [37mPOST[39m [37m/wd/hub/session/091567eb-7deb-401f-a7eb-bf54ea4d811c/context[39m
[35m[HTTP][39m [90m{"name":"NATIVE_APP"}[39m
[35m[HTTP][39m [37m<-- POST /wd/hub/session/091567eb-7deb-401f-a7eb-bf54ea4d811c/context [39m[32m200[39m [90m2 ms - 14[39m
[35m[HTTP][39m [90m[39m
[35m[HTTP][39m [37m-->[39m [37mGET[39m [37m/wd/hub/session/091567eb-7deb-401f-a7eb-bf54ea4d811c/context[39m
[35m[HTTP][39m [90m{}[39m
[35m[HTTP][39m [37m<-- GET /wd/hub/session/091567eb-7deb-401f-a7eb-bf54ea4d811c/context [39m[32m200[39m [90m2 ms - 22[39m
[35m[HTTP][39m [90m[39m
[35m[HTTP][39m [37m-->[39m [37mGET[39m [37m/wd/hub/session/091567eb-7deb-401f-a7eb-bf54ea4d811c/contexts[39m
[35m[HTTP][39m [90m{}[39m
[35m[HTTP][39m [37m<-- GET /wd/hub/session/091567eb-7deb-401f-a7eb-bf54ea4d811c/contexts [39m[32m200[39m [90m63 ms - 24[39m
[35m[HTTP][39m [90m[39m
[35m[HTTP][39m [37m-->[39m [37mPOST[39m [37m/wd/hub/session/091567eb-7deb-401f-a7eb-bf54ea4d811c/context[39m
[35m[HTTP][39m [90m{"name":"NATIVE_APP"}[39m
[35m[HTTP][39m [37m<-- POST /wd/hub/session/091567eb-7deb-401f-a7eb-bf54ea4d811c/context [39m[32m200[39m [90m2 ms - 14[39m
[35m[HTTP][39m [90m[39m
[35m[HTTP][39m [37m-->[39m [37mGET[39m [37m/wd/hub/session/091567eb-7deb-401f-a7eb-bf54ea4d811c/screenshot[39m
[35m[HTTP][39m [90m{}[39m
[35m[HTTP][39m [37m<-- GET /wd/hub/session/091567eb-7deb-401f-a7eb-bf54ea4d811c/screenshot [39m[32m200[39m [90m680 ms - 228094[39m
[35m[HTTP][39m [90m[39m
[35m[HTTP][39m [37m-->[39m [37mPOST[39m [37m/wd/hub/session/091567eb-7deb-401f-a7eb-bf54ea4d811c/context[39m
[35m[HTTP][39m [90m{"name":"NATIVE_APP"}[39m
[35m[HTTP][39m [37m<-- POST /wd/hub/session/091567eb-7deb-401f-a7eb-bf54ea4d811c/context [39m[32m200[39m [90m3 ms - 14[39m
[35m[HTTP][39m [90m[39m
[35m[HTTP][39m [37m-->[39m [37mDELETE[39m [37m/wd/hub/session/091567eb-7deb-401f-a7eb-bf54ea4d811c[39m
[35m[HTTP][39m [90m{}[39m
[35m[Appium][39m Removing session 091567eb-7deb-401f-a7eb-bf54ea4d811c from our master session list
[35m[UiAutomator2][39m Restoring hidden api policy to the device default configuration
[35m[HTTP][39m [37m<-- DELETE /wd/hub/session/091567eb-7deb-401f-a7eb-bf54ea4d811c [39m[32m200[39m [90m1924 ms - 14[39m
[35m[HTTP][39m [90m[39m
