[35m[Appium][39m Welcome to Appium v1.14.0
[35m[Appium][39m Non-default server args:
[35m[Appium][39m   port: 58465
[35m[Appium][39m   loglevel: info
[35m[Appium][39m   chromeDriverPort: 58469
[35m[Appium][39m   tmpDir: /var/folders/38/x4crs4qx0hn0r3_szny2t9sw0000gn/T//Katalon/Appium/Temp1565536141486
[35m[Appium][39m Appium REST http interface listener started on 0.0.0.0:58465
[35m[HTTP][39m [37m-->[39m [37mGET[39m [37m/wd/hub/status[39m
[35m[HTTP][39m [90m{}[39m
[35m[HTTP][39m [37m<-- GET /wd/hub/status [39m[32m200[39m [90m5 ms - 68[39m
[35m[HTTP][39m [90m[39m
[35m[HTTP][39m [37m-->[39m [37mPOST[39m [37m/wd/hub/session[39m
[35m[HTTP][39m [90m{"desiredCapabilities":{"app":"/Users/sumittulsyan/Downloads/app-release.apk","noReset":false,"deviceName":"emulator-5554 (Android SDK built for x86 - Android 9)","fullReset":true,"platform":"ANDROID","newCommandTimeout":1800,"platformVersion":"9","automationName":"uiautomator2","autoGrantPermissions":true,"platformName":"Android","udid":"emulator-5554","systemPort":58464},"capabilities":{"firstMatch":[{"appium:app":"/Users/sumittulsyan/Downloads/app-release.apk","appium:autoGrantPermissions":true,"appium:automationName":"uiautomator2","appium:deviceName":"emulator-5554 (Android SDK built for x86 - Android 9)","appium:fullReset":true,"appium:newCommandTimeout":1800,"appium:noReset":false,"platform":"ANDROID","platformName":"android","appium:platformVersion":"9","appium:systemPort":58464,"appium:udid":"emulator-5554"}]}}[39m
[35m[BaseDriver][39m The capabilities ["platform"] are not standard capabilities and should have an extension prefix
[35m[Appium][39m Appium v1.14.0 creating new AndroidUiautomator2Driver (v1.33.1) session
[35m[Appium][39m Capabilities:
[35m[Appium][39m   platform: ANDROID
[35m[Appium][39m   platformName: android
[35m[Appium][39m   app: /Users/sumittulsyan/Downloads/app-release.apk
[35m[Appium][39m   autoGrantPermissions: true
[35m[Appium][39m   automationName: uiautomator2
[35m[Appium][39m   deviceName: emulator-5554 (Android SDK built for x86 - Android 9)
[35m[Appium][39m   fullReset: true
[35m[Appium][39m   newCommandTimeout: 1800
[35m[Appium][39m   noReset: false
[35m[Appium][39m   platformVersion: 9
[35m[Appium][39m   systemPort: 58464
[35m[Appium][39m   udid: emulator-5554
[35m[BaseDriver][39m The following capabilities were provided, but are not recognized by Appium:
[35m[BaseDriver][39m   platform
[35m[BaseDriver][39m Session created with session id: 486073fc-6412-4982-961a-b70837af5210
[35m[BaseDriver][39m Using local app '/Users/sumittulsyan/Downloads/app-release.apk'
[35m[ADB][39m Found 1 'build-tools' folders under '/Users/sumittulsyan/.katalon/tools/android_sdk' (newest first):
[35m[ADB][39m     /Users/sumittulsyan/.katalon/tools/android_sdk/build-tools/29.0.1
[35m[ADB][39m Using 'adb' from '/Users/sumittulsyan/.katalon/tools/android_sdk/platform-tools/adb'
[35m[AndroidDriver][39m Retrieving device list
[35m[AndroidDriver][39m Using device: emulator-5554
[35m[ADB][39m Using 'adb' from '/Users/sumittulsyan/.katalon/tools/android_sdk/platform-tools/adb'
[35m[UiAutomator2][39m Relaxing hidden api policy
[35m[ADB][39m Using 'apkanalyzer' from '/Users/sumittulsyan/.katalon/tools/android_sdk/tools/bin/apkanalyzer'
[35m[ADB][39m Package name: 'io.nativebase.market.geekyants.taxiappdriver'
[35m[ADB][39m Main activity name: 'io.nativebase.market.geekyants.taxiappdriver.MainActivity'
[35m[ADB][39m Using 'aapt' from '/Users/sumittulsyan/.katalon/tools/android_sdk/build-tools/29.0.1/aapt'
[35m[ADB][39m Using 'apksigner' from '/Users/sumittulsyan/.katalon/tools/android_sdk/build-tools/29.0.1/apksigner'
[35m[UiAutomator2][39m Server packages are not going to be (re)installed
[35m[ADB][39m io.nativebase.market.geekyants.taxiappdriver was not uninstalled, because it was not present on the device
[35m[ADB][39m The application at '/Users/sumittulsyan/Downloads/app-release.apk' is already cached to '/data/local/tmp/appium_cache/0a4c298d81fa9fed8129162356ad8641ab361e22.apk'
[35m[ADB][39m The installation of 'app-release.apk' took 7.857s
[35m[UiAutomator2][39m Starting UIAutomator2 server 3.7.0
[35m[UiAutomator2][39m Using UIAutomator2 server from '/Users/sumittulsyan/Downloads/appium-mobile-test/node_modules/appium-uiautomator2-server/apks/appium-uiautomator2-server-v3.7.0.apk' and test from '/Users/sumittulsyan/Downloads/appium-mobile-test/node_modules/appium-uiautomator2-server/apks/appium-uiautomator2-server-debug-androidTest.apk'
[35m[UiAutomator2][39m Waiting up to 30000ms for UiAutomator2 to be online...
[35m[WD Proxy][39m Got an unexpected response: {"code":"ECONNRESET"}
[35m[WD Proxy][39m Got an unexpected response: {"code":"ECONNRESET"}
[35m[AndroidDriver][39m Screen already unlocked, doing nothing
[35m[UiAutomator2][39m UiAutomator2 did not start the activity we were waiting for, 'io.nativebase.market.geekyants.taxiappdriver/io.nativebase.market.geekyants.taxiappdriver.MainActivity'. Starting it ourselves
[35m[Appium][39m New AndroidUiautomator2Driver session created successfully, session 486073fc-6412-4982-961a-b70837af5210 added to master session list
[35m[HTTP][39m [37m<-- POST /wd/hub/session [39m[32m200[39m [90m21853 ms - 1264[39m
[35m[HTTP][39m [90m[39m
[35m[HTTP][39m [37m-->[39m [37mGET[39m [37m/wd/hub/session/486073fc-6412-4982-961a-b70837af5210[39m
[35m[HTTP][39m [90m{}[39m
[35m[HTTP][39m [37m<-- GET /wd/hub/session/486073fc-6412-4982-961a-b70837af5210 [39m[32m200[39m [90m117 ms - 1196[39m
[35m[HTTP][39m [90m[39m
[35m[HTTP][39m [37m-->[39m [37mGET[39m [37m/wd/hub/session/486073fc-6412-4982-961a-b70837af5210[39m
[35m[HTTP][39m [90m{}[39m
[35m[HTTP][39m [37m<-- GET /wd/hub/session/486073fc-6412-4982-961a-b70837af5210 [39m[32m200[39m [90m39 ms - 1196[39m
[35m[HTTP][39m [90m[39m
[35m[HTTP][39m [37m-->[39m [37mGET[39m [37m/wd/hub/status[39m
[35m[HTTP][39m [90m{}[39m
[35m[HTTP][39m [37m<-- GET /wd/hub/status [39m[32m200[39m [90m1 ms - 68[39m
[35m[HTTP][39m [90m[39m
[35m[HTTP][39m [37m-->[39m [37mPOST[39m [37m/wd/hub/session/486073fc-6412-4982-961a-b70837af5210/timeouts[39m
[35m[HTTP][39m [90m{"implicit":30000}[39m
[35m[HTTP][39m [37m<-- POST /wd/hub/session/486073fc-6412-4982-961a-b70837af5210/timeouts [39m[32m200[39m [90m4 ms - 14[39m
[35m[HTTP][39m [90m[39m
[35m[HTTP][39m [37m-->[39m [37mPOST[39m [37m/wd/hub/session/486073fc-6412-4982-961a-b70837af5210/timeouts[39m
[35m[HTTP][39m [90m{"implicit":50}[39m
[35m[HTTP][39m [37m<-- POST /wd/hub/session/486073fc-6412-4982-961a-b70837af5210/timeouts [39m[32m200[39m [90m3 ms - 14[39m
[35m[HTTP][39m [90m[39m
[35m[HTTP][39m [37m-->[39m [37mGET[39m [37m/wd/hub/session/486073fc-6412-4982-961a-b70837af5210/window/rect[39m
[35m[HTTP][39m [90m{}[39m
[35m[HTTP][39m [37m<-- GET /wd/hub/session/486073fc-6412-4982-961a-b70837af5210/window/rect [39m[32m200[39m [90m954 ms - 50[39m
[35m[HTTP][39m [90m[39m
[35m[HTTP][39m [37m-->[39m [37mPOST[39m [37m/wd/hub/session/486073fc-6412-4982-961a-b70837af5210/elements[39m
[35m[HTTP][39m [90m{"using":"-android uiautomator","value":"new UiSelector().className(\"android.widget.TextView\").text(\"Register\")"}[39m
[35m[HTTP][39m [37m<-- POST /wd/hub/session/486073fc-6412-4982-961a-b70837af5210/elements [39m[32m200[39m [90m167 ms - 12[39m
[35m[HTTP][39m [90m[39m
[35m[HTTP][39m [37m-->[39m [37mPOST[39m [37m/wd/hub/session/486073fc-6412-4982-961a-b70837af5210/elements[39m
[35m[HTTP][39m [90m{"using":"-android uiautomator","value":"new UiSelector().className(\"android.widget.TextView\").text(\"Register\")"}[39m
[35m[HTTP][39m [37m<-- POST /wd/hub/session/486073fc-6412-4982-961a-b70837af5210/elements [39m[32m200[39m [90m216 ms - 12[39m
[35m[HTTP][39m [90m[39m
[35m[HTTP][39m [37m-->[39m [37mPOST[39m [37m/wd/hub/session/486073fc-6412-4982-961a-b70837af5210/elements[39m
[35m[HTTP][39m [90m{"using":"-android uiautomator","value":"new UiSelector().className(\"android.widget.TextView\").text(\"Register\")"}[39m
[35m[HTTP][39m [37m<-- POST /wd/hub/session/486073fc-6412-4982-961a-b70837af5210/elements [39m[32m200[39m [90m66 ms - 12[39m
[35m[HTTP][39m [90m[39m
[35m[HTTP][39m [37m-->[39m [37mPOST[39m [37m/wd/hub/session/486073fc-6412-4982-961a-b70837af5210/elements[39m
[35m[HTTP][39m [90m{"using":"-android uiautomator","value":"new UiSelector().className(\"android.widget.TextView\").text(\"Register\")"}[39m
[35m[HTTP][39m [37m<-- POST /wd/hub/session/486073fc-6412-4982-961a-b70837af5210/elements [39m[32m200[39m [90m131 ms - 12[39m
[35m[HTTP][39m [90m[39m
[35m[HTTP][39m [37m-->[39m [37mPOST[39m [37m/wd/hub/session/486073fc-6412-4982-961a-b70837af5210/elements[39m
[35m[HTTP][39m [90m{"using":"-android uiautomator","value":"new UiSelector().className(\"android.widget.TextView\").text(\"Register\")"}[39m
[35m[HTTP][39m [37m<-- POST /wd/hub/session/486073fc-6412-4982-961a-b70837af5210/elements [39m[32m200[39m [90m75 ms - 12[39m
[35m[HTTP][39m [90m[39m
[35m[HTTP][39m [37m-->[39m [37mPOST[39m [37m/wd/hub/session/486073fc-6412-4982-961a-b70837af5210/elements[39m
[35m[HTTP][39m [90m{"using":"-android uiautomator","value":"new UiSelector().className(\"android.widget.TextView\").text(\"Register\")"}[39m
[35m[HTTP][39m [37m<-- POST /wd/hub/session/486073fc-6412-4982-961a-b70837af5210/elements [39m[32m200[39m [90m98 ms - 12[39m
[35m[HTTP][39m [90m[39m
[35m[HTTP][39m [37m-->[39m [37mPOST[39m [37m/wd/hub/session/486073fc-6412-4982-961a-b70837af5210/elements[39m
[35m[HTTP][39m [90m{"using":"-android uiautomator","value":"new UiSelector().className(\"android.widget.TextView\").text(\"Register\")"}[39m
[35m[HTTP][39m [37m<-- POST /wd/hub/session/486073fc-6412-4982-961a-b70837af5210/elements [39m[32m200[39m [90m574 ms - 12[39m
[35m[HTTP][39m [90m[39m
[35m[HTTP][39m [37m-->[39m [37mPOST[39m [37m/wd/hub/session/486073fc-6412-4982-961a-b70837af5210/elements[39m
[35m[HTTP][39m [90m{"using":"-android uiautomator","value":"new UiSelector().className(\"android.widget.TextView\").text(\"Register\")"}[39m
[35m[HTTP][39m [37m<-- POST /wd/hub/session/486073fc-6412-4982-961a-b70837af5210/elements [39m[32m200[39m [90m557 ms - 12[39m
[35m[HTTP][39m [90m[39m
[35m[HTTP][39m [37m-->[39m [37mPOST[39m [37m/wd/hub/session/486073fc-6412-4982-961a-b70837af5210/elements[39m
[35m[HTTP][39m [90m{"using":"-android uiautomator","value":"new UiSelector().className(\"android.widget.TextView\").text(\"Register\")"}[39m
[35m[HTTP][39m [37m<-- POST /wd/hub/session/486073fc-6412-4982-961a-b70837af5210/elements [39m[32m200[39m [90m1325 ms - 139[39m
[35m[HTTP][39m [90m[39m
[35m[HTTP][39m [37m-->[39m [37mGET[39m [37m/wd/hub/session/486073fc-6412-4982-961a-b70837af5210/element/60eff457-3d76-4319-b3e2-f655b4756f00/location[39m
[35m[HTTP][39m [90m{}[39m
[35m[W3C (486073fc)][39m Driver proxy active, passing request on via HTTP proxy
[35m[WD Proxy][39m Replacing sessionId 52b5b979-c297-4ddc-b59c-a10f4312b171 with 486073fc-6412-4982-961a-b70837af5210
[35m[HTTP][39m [37m<-- GET /wd/hub/session/486073fc-6412-4982-961a-b70837af5210/element/60eff457-3d76-4319-b3e2-f655b4756f00/location [39m[32m200[39m [90m49 ms - 90[39m
[35m[HTTP][39m [90m[39m
[35m[HTTP][39m [37m-->[39m [37mPOST[39m [37m/wd/hub/session/486073fc-6412-4982-961a-b70837af5210/timeouts[39m
[35m[HTTP][39m [90m{"implicit":30000}[39m
[35m[HTTP][39m [37m<-- POST /wd/hub/session/486073fc-6412-4982-961a-b70837af5210/timeouts [39m[32m200[39m [90m2 ms - 14[39m
[35m[HTTP][39m [90m[39m
[35m[HTTP][39m [37m-->[39m [37mPOST[39m [37m/wd/hub/session/486073fc-6412-4982-961a-b70837af5210/touch/perform[39m
[35m[HTTP][39m [90m{"actions":[{"action":"tap","options":{"x":1,"y":1,"element":"60eff457-3d76-4319-b3e2-f655b4756f00"}},{"action":"release","options":{}}]}[39m
[35m[UiAutomator2][39m calling get location: 60eff457-3d76-4319-b3e2-f655b4756f00
[35m[HTTP][39m [37m<-- POST /wd/hub/session/486073fc-6412-4982-961a-b70837af5210/touch/perform [39m[32m200[39m [90m1112 ms - 14[39m
[35m[HTTP][39m [90m[39m
[35m[HTTP][39m [37m-->[39m [37mPOST[39m [37m/wd/hub/session/486073fc-6412-4982-961a-b70837af5210/timeouts[39m
[35m[HTTP][39m [90m{"implicit":50}[39m
[35m[HTTP][39m [37m<-- POST /wd/hub/session/486073fc-6412-4982-961a-b70837af5210/timeouts [39m[32m200[39m [90m2 ms - 14[39m
[35m[HTTP][39m [90m[39m
[35m[HTTP][39m [37m-->[39m [37mGET[39m [37m/wd/hub/session/486073fc-6412-4982-961a-b70837af5210/window/rect[39m
[35m[HTTP][39m [90m{}[39m
[35m[HTTP][39m [37m<-- GET /wd/hub/session/486073fc-6412-4982-961a-b70837af5210/window/rect [39m[32m200[39m [90m26 ms - 50[39m
[35m[HTTP][39m [90m[39m
[35m[HTTP][39m [37m-->[39m [37mPOST[39m [37m/wd/hub/session/486073fc-6412-4982-961a-b70837af5210/elements[39m
[35m[HTTP][39m [90m{"using":"-android uiautomator","value":"new UiSelector().className(\"android.widget.EditText\").text(\"First Name\")"}[39m
[35m[HTTP][39m [37m<-- POST /wd/hub/session/486073fc-6412-4982-961a-b70837af5210/elements [39m[32m200[39m [90m121 ms - 139[39m
[35m[HTTP][39m [90m[39m
[35m[HTTP][39m [37m-->[39m [37mGET[39m [37m/wd/hub/session/486073fc-6412-4982-961a-b70837af5210/element/e577d18d-9fbd-4ca0-a7a4-070932eb1d62/location[39m
[35m[HTTP][39m [90m{}[39m
[35m[W3C (486073fc)][39m Driver proxy active, passing request on via HTTP proxy
[35m[WD Proxy][39m Replacing sessionId 52b5b979-c297-4ddc-b59c-a10f4312b171 with 486073fc-6412-4982-961a-b70837af5210
[35m[HTTP][39m [37m<-- GET /wd/hub/session/486073fc-6412-4982-961a-b70837af5210/element/e577d18d-9fbd-4ca0-a7a4-070932eb1d62/location [39m[32m200[39m [90m57 ms - 89[39m
[35m[HTTP][39m [90m[39m
[35m[HTTP][39m [37m-->[39m [37mPOST[39m [37m/wd/hub/session/486073fc-6412-4982-961a-b70837af5210/timeouts[39m
[35m[HTTP][39m [90m{"implicit":30000}[39m
[35m[HTTP][39m [37m<-- POST /wd/hub/session/486073fc-6412-4982-961a-b70837af5210/timeouts [39m[32m200[39m [90m2 ms - 14[39m
[35m[HTTP][39m [90m[39m
[35m[HTTP][39m [37m-->[39m [37mPOST[39m [37m/wd/hub/session/486073fc-6412-4982-961a-b70837af5210/element/e577d18d-9fbd-4ca0-a7a4-070932eb1d62/clear[39m
[35m[HTTP][39m [90m{"id":"e577d18d-9fbd-4ca0-a7a4-070932eb1d62"}[39m
[35m[HTTP][39m [37m<-- POST /wd/hub/session/486073fc-6412-4982-961a-b70837af5210/element/e577d18d-9fbd-4ca0-a7a4-070932eb1d62/clear [39m[32m200[39m [90m63 ms - 27[39m
[35m[HTTP][39m [90m[39m
[35m[HTTP][39m [37m-->[39m [37mPOST[39m [37m/wd/hub/session/486073fc-6412-4982-961a-b70837af5210/element/e577d18d-9fbd-4ca0-a7a4-070932eb1d62/value[39m
[35m[HTTP][39m [90m{"id":"e577d18d-9fbd-4ca0-a7a4-070932eb1d62","text":"fdgs","value":["f","d","g","s"]}[39m
[35m[HTTP][39m [37m<-- POST /wd/hub/session/486073fc-6412-4982-961a-b70837af5210/element/e577d18d-9fbd-4ca0-a7a4-070932eb1d62/value [39m[32m200[39m [90m1058 ms - 12[39m
[35m[HTTP][39m [90m[39m
[35m[HTTP][39m [37m-->[39m [37mPOST[39m [37m/wd/hub/session/486073fc-6412-4982-961a-b70837af5210/timeouts[39m
[35m[HTTP][39m [90m{"implicit":50}[39m
[35m[HTTP][39m [37m<-- POST /wd/hub/session/486073fc-6412-4982-961a-b70837af5210/timeouts [39m[32m200[39m [90m3 ms - 14[39m
[35m[HTTP][39m [90m[39m
[35m[HTTP][39m [37m-->[39m [37mGET[39m [37m/wd/hub/session/486073fc-6412-4982-961a-b70837af5210/window/rect[39m
[35m[HTTP][39m [90m{}[39m
[35m[HTTP][39m [37m<-- GET /wd/hub/session/486073fc-6412-4982-961a-b70837af5210/window/rect [39m[32m200[39m [90m42 ms - 50[39m
[35m[HTTP][39m [90m[39m
[35m[HTTP][39m [37m-->[39m [37mPOST[39m [37m/wd/hub/session/486073fc-6412-4982-961a-b70837af5210/elements[39m
[35m[HTTP][39m [90m{"using":"-android uiautomator","value":"new UiSelector().className(\"android.widget.EditText\").text(\"Last Name\")"}[39m
[35m[HTTP][39m [37m<-- POST /wd/hub/session/486073fc-6412-4982-961a-b70837af5210/elements [39m[32m200[39m [90m422 ms - 139[39m
[35m[HTTP][39m [90m[39m
[35m[HTTP][39m [37m-->[39m [37mGET[39m [37m/wd/hub/session/486073fc-6412-4982-961a-b70837af5210/element/eb9f719f-ce15-47c8-bc72-bf69fd3226c6/location[39m
[35m[HTTP][39m [90m{}[39m
[35m[W3C (486073fc)][39m Driver proxy active, passing request on via HTTP proxy
[35m[WD Proxy][39m Replacing sessionId 52b5b979-c297-4ddc-b59c-a10f4312b171 with 486073fc-6412-4982-961a-b70837af5210
[35m[HTTP][39m [37m<-- GET /wd/hub/session/486073fc-6412-4982-961a-b70837af5210/element/eb9f719f-ce15-47c8-bc72-bf69fd3226c6/location [39m[32m200[39m [90m42 ms - 89[39m
[35m[HTTP][39m [90m[39m
[35m[HTTP][39m [37m-->[39m [37mPOST[39m [37m/wd/hub/session/486073fc-6412-4982-961a-b70837af5210/timeouts[39m
[35m[HTTP][39m [90m{"implicit":30000}[39m
[35m[HTTP][39m [37m<-- POST /wd/hub/session/486073fc-6412-4982-961a-b70837af5210/timeouts [39m[32m200[39m [90m1 ms - 14[39m
[35m[HTTP][39m [90m[39m
[35m[HTTP][39m [37m-->[39m [37mPOST[39m [37m/wd/hub/session/486073fc-6412-4982-961a-b70837af5210/element/eb9f719f-ce15-47c8-bc72-bf69fd3226c6/clear[39m
[35m[HTTP][39m [90m{"id":"eb9f719f-ce15-47c8-bc72-bf69fd3226c6"}[39m
[35m[HTTP][39m [37m<-- POST /wd/hub/session/486073fc-6412-4982-961a-b70837af5210/element/eb9f719f-ce15-47c8-bc72-bf69fd3226c6/clear [39m[32m200[39m [90m33 ms - 27[39m
[35m[HTTP][39m [90m[39m
[35m[HTTP][39m [37m-->[39m [37mPOST[39m [37m/wd/hub/session/486073fc-6412-4982-961a-b70837af5210/element/eb9f719f-ce15-47c8-bc72-bf69fd3226c6/value[39m
[35m[HTTP][39m [90m{"id":"eb9f719f-ce15-47c8-bc72-bf69fd3226c6","text":"setdrfgjhk","value":["s","e","t","d","r","f","g","j","h","k"]}[39m
[35m[HTTP][39m [37m<-- POST /wd/hub/session/486073fc-6412-4982-961a-b70837af5210/element/eb9f719f-ce15-47c8-bc72-bf69fd3226c6/value [39m[32m200[39m [90m1051 ms - 12[39m
[35m[HTTP][39m [90m[39m
[35m[HTTP][39m [37m-->[39m [37mPOST[39m [37m/wd/hub/session/486073fc-6412-4982-961a-b70837af5210/timeouts[39m
[35m[HTTP][39m [90m{"implicit":50}[39m
[35m[HTTP][39m [37m<-- POST /wd/hub/session/486073fc-6412-4982-961a-b70837af5210/timeouts [39m[32m200[39m [90m2 ms - 14[39m
[35m[HTTP][39m [90m[39m
[35m[HTTP][39m [37m-->[39m [37mGET[39m [37m/wd/hub/session/486073fc-6412-4982-961a-b70837af5210/window/rect[39m
[35m[HTTP][39m [90m{}[39m
[35m[HTTP][39m [37m<-- GET /wd/hub/session/486073fc-6412-4982-961a-b70837af5210/window/rect [39m[32m200[39m [90m47 ms - 50[39m
[35m[HTTP][39m [90m[39m
[35m[HTTP][39m [37m-->[39m [37mPOST[39m [37m/wd/hub/session/486073fc-6412-4982-961a-b70837af5210/elements[39m
[35m[HTTP][39m [90m{"using":"-android uiautomator","value":"new UiSelector().className(\"android.widget.EditText\").text(\"Email\")"}[39m
[35m[HTTP][39m [37m<-- POST /wd/hub/session/486073fc-6412-4982-961a-b70837af5210/elements [39m[32m200[39m [90m418 ms - 139[39m
[35m[HTTP][39m [90m[39m
[35m[HTTP][39m [37m-->[39m [37mGET[39m [37m/wd/hub/session/486073fc-6412-4982-961a-b70837af5210/element/622c3830-dc5b-4144-acbc-6923e9313c82/location[39m
[35m[HTTP][39m [90m{}[39m
[35m[W3C (486073fc)][39m Driver proxy active, passing request on via HTTP proxy
[35m[WD Proxy][39m Replacing sessionId 52b5b979-c297-4ddc-b59c-a10f4312b171 with 486073fc-6412-4982-961a-b70837af5210
[35m[HTTP][39m [37m<-- GET /wd/hub/session/486073fc-6412-4982-961a-b70837af5210/element/622c3830-dc5b-4144-acbc-6923e9313c82/location [39m[32m200[39m [90m39 ms - 90[39m
[35m[HTTP][39m [90m[39m
[35m[HTTP][39m [37m-->[39m [37mPOST[39m [37m/wd/hub/session/486073fc-6412-4982-961a-b70837af5210/timeouts[39m
[35m[HTTP][39m [90m{"implicit":30000}[39m
[35m[HTTP][39m [37m<-- POST /wd/hub/session/486073fc-6412-4982-961a-b70837af5210/timeouts [39m[32m200[39m [90m1 ms - 14[39m
[35m[HTTP][39m [90m[39m
[35m[HTTP][39m [37m-->[39m [37mPOST[39m [37m/wd/hub/session/486073fc-6412-4982-961a-b70837af5210/element/622c3830-dc5b-4144-acbc-6923e9313c82/clear[39m
[35m[HTTP][39m [90m{"id":"622c3830-dc5b-4144-acbc-6923e9313c82"}[39m
[35m[HTTP][39m [37m<-- POST /wd/hub/session/486073fc-6412-4982-961a-b70837af5210/element/622c3830-dc5b-4144-acbc-6923e9313c82/clear [39m[32m200[39m [90m34 ms - 27[39m
[35m[HTTP][39m [90m[39m
[35m[HTTP][39m [37m-->[39m [37mPOST[39m [37m/wd/hub/session/486073fc-6412-4982-961a-b70837af5210/element/622c3830-dc5b-4144-acbc-6923e9313c82/value[39m
[35m[HTTP][39m [90m{"id":"622c3830-dc5b-4144-acbc-6923e9313c82","text":"hkgyufi@hjdfj.com","value":["h","k","g","y","u","f","i","@","h","j","d","f","j",".","c","o","m"]}[39m
[35m[HTTP][39m [37m<-- POST /wd/hub/session/486073fc-6412-4982-961a-b70837af5210/element/622c3830-dc5b-4144-acbc-6923e9313c82/value [39m[32m200[39m [90m1037 ms - 12[39m
[35m[HTTP][39m [90m[39m
[35m[HTTP][39m [37m-->[39m [37mPOST[39m [37m/wd/hub/session/486073fc-6412-4982-961a-b70837af5210/timeouts[39m
[35m[HTTP][39m [90m{"implicit":50}[39m
[35m[HTTP][39m [37m<-- POST /wd/hub/session/486073fc-6412-4982-961a-b70837af5210/timeouts [39m[32m200[39m [90m2 ms - 14[39m
[35m[HTTP][39m [90m[39m
[35m[HTTP][39m [37m-->[39m [37mGET[39m [37m/wd/hub/session/486073fc-6412-4982-961a-b70837af5210/window/rect[39m
[35m[HTTP][39m [90m{}[39m
[35m[HTTP][39m [37m<-- GET /wd/hub/session/486073fc-6412-4982-961a-b70837af5210/window/rect [39m[32m200[39m [90m38 ms - 50[39m
[35m[HTTP][39m [90m[39m
[35m[HTTP][39m [37m-->[39m [37mPOST[39m [37m/wd/hub/session/486073fc-6412-4982-961a-b70837af5210/elements[39m
[35m[HTTP][39m [90m{"using":"-android uiautomator","value":"new UiSelector().className(\"android.widget.EditText\").text(\"Mobile Number\")"}[39m
[35m[HTTP][39m [37m<-- POST /wd/hub/session/486073fc-6412-4982-961a-b70837af5210/elements [39m[32m200[39m [90m422 ms - 139[39m
[35m[HTTP][39m [90m[39m
[35m[HTTP][39m [37m-->[39m [37mGET[39m [37m/wd/hub/session/486073fc-6412-4982-961a-b70837af5210/element/17db6ca0-6873-4280-a6d4-8248f1198766/location[39m
[35m[HTTP][39m [90m{}[39m
[35m[W3C (486073fc)][39m Driver proxy active, passing request on via HTTP proxy
[35m[WD Proxy][39m Replacing sessionId 52b5b979-c297-4ddc-b59c-a10f4312b171 with 486073fc-6412-4982-961a-b70837af5210
[35m[HTTP][39m [37m<-- GET /wd/hub/session/486073fc-6412-4982-961a-b70837af5210/element/17db6ca0-6873-4280-a6d4-8248f1198766/location [39m[32m200[39m [90m30 ms - 90[39m
[35m[HTTP][39m [90m[39m
[35m[HTTP][39m [37m-->[39m [37mPOST[39m [37m/wd/hub/session/486073fc-6412-4982-961a-b70837af5210/timeouts[39m
[35m[HTTP][39m [90m{"implicit":30000}[39m
[35m[HTTP][39m [37m<-- POST /wd/hub/session/486073fc-6412-4982-961a-b70837af5210/timeouts [39m[32m200[39m [90m2 ms - 14[39m
[35m[HTTP][39m [90m[39m
[35m[HTTP][39m [37m-->[39m [37mPOST[39m [37m/wd/hub/session/486073fc-6412-4982-961a-b70837af5210/element/17db6ca0-6873-4280-a6d4-8248f1198766/clear[39m
[35m[HTTP][39m [90m{"id":"17db6ca0-6873-4280-a6d4-8248f1198766"}[39m
[35m[HTTP][39m [37m<-- POST /wd/hub/session/486073fc-6412-4982-961a-b70837af5210/element/17db6ca0-6873-4280-a6d4-8248f1198766/clear [39m[32m200[39m [90m35 ms - 27[39m
[35m[HTTP][39m [90m[39m
[35m[HTTP][39m [37m-->[39m [37mPOST[39m [37m/wd/hub/session/486073fc-6412-4982-961a-b70837af5210/element/17db6ca0-6873-4280-a6d4-8248f1198766/value[39m
[35m[HTTP][39m [90m{"id":"17db6ca0-6873-4280-a6d4-8248f1198766","text":"9812981298","value":["9","8","1","2","9","8","1","2","9","8"]}[39m
[35m[HTTP][39m [37m<-- POST /wd/hub/session/486073fc-6412-4982-961a-b70837af5210/element/17db6ca0-6873-4280-a6d4-8248f1198766/value [39m[32m200[39m [90m1031 ms - 12[39m
[35m[HTTP][39m [90m[39m
[35m[HTTP][39m [37m-->[39m [37mPOST[39m [37m/wd/hub/session/486073fc-6412-4982-961a-b70837af5210/timeouts[39m
[35m[HTTP][39m [90m{"implicit":50}[39m
[35m[HTTP][39m [37m<-- POST /wd/hub/session/486073fc-6412-4982-961a-b70837af5210/timeouts [39m[32m200[39m [90m3 ms - 14[39m
[35m[HTTP][39m [90m[39m
[35m[HTTP][39m [37m-->[39m [37mGET[39m [37m/wd/hub/session/486073fc-6412-4982-961a-b70837af5210/window/rect[39m
[35m[HTTP][39m [90m{}[39m
[35m[HTTP][39m [37m<-- GET /wd/hub/session/486073fc-6412-4982-961a-b70837af5210/window/rect [39m[32m200[39m [90m57 ms - 50[39m
[35m[HTTP][39m [90m[39m
[35m[HTTP][39m [37m-->[39m [37mPOST[39m [37m/wd/hub/session/486073fc-6412-4982-961a-b70837af5210/elements[39m
[35m[HTTP][39m [90m{"using":"-android uiautomator","value":"new UiSelector().className(\"android.widget.EditText\").text(\"Password\")"}[39m
[35m[HTTP][39m [37m<-- POST /wd/hub/session/486073fc-6412-4982-961a-b70837af5210/elements [39m[32m200[39m [90m385 ms - 139[39m
[35m[HTTP][39m [90m[39m
[35m[HTTP][39m [37m-->[39m [37mGET[39m [37m/wd/hub/session/486073fc-6412-4982-961a-b70837af5210/element/2a3c957f-e063-4514-ae40-0fcee445aefb/location[39m
[35m[HTTP][39m [90m{}[39m
[35m[W3C (486073fc)][39m Driver proxy active, passing request on via HTTP proxy
[35m[WD Proxy][39m Replacing sessionId 52b5b979-c297-4ddc-b59c-a10f4312b171 with 486073fc-6412-4982-961a-b70837af5210
[35m[HTTP][39m [37m<-- GET /wd/hub/session/486073fc-6412-4982-961a-b70837af5210/element/2a3c957f-e063-4514-ae40-0fcee445aefb/location [39m[32m200[39m [90m28 ms - 90[39m
[35m[HTTP][39m [90m[39m
[35m[HTTP][39m [37m-->[39m [37mPOST[39m [37m/wd/hub/session/486073fc-6412-4982-961a-b70837af5210/timeouts[39m
[35m[HTTP][39m [90m{"implicit":30000}[39m
[35m[HTTP][39m [37m<-- POST /wd/hub/session/486073fc-6412-4982-961a-b70837af5210/timeouts [39m[32m200[39m [90m2 ms - 14[39m
[35m[HTTP][39m [90m[39m
[35m[HTTP][39m [37m-->[39m [37mPOST[39m [37m/wd/hub/session/486073fc-6412-4982-961a-b70837af5210/element/2a3c957f-e063-4514-ae40-0fcee445aefb/clear[39m
[35m[HTTP][39m [90m{"id":"2a3c957f-e063-4514-ae40-0fcee445aefb"}[39m
[35m[HTTP][39m [37m<-- POST /wd/hub/session/486073fc-6412-4982-961a-b70837af5210/element/2a3c957f-e063-4514-ae40-0fcee445aefb/clear [39m[32m200[39m [90m27 ms - 27[39m
[35m[HTTP][39m [90m[39m
[35m[HTTP][39m [37m-->[39m [37mPOST[39m [37m/wd/hub/session/486073fc-6412-4982-961a-b70837af5210/element/2a3c957f-e063-4514-ae40-0fcee445aefb/value[39m
[35m[HTTP][39m [90m{"id":"2a3c957f-e063-4514-ae40-0fcee445aefb","text":"123456","value":["1","2","3","4","5","6"]}[39m
[35m[HTTP][39m [37m<-- POST /wd/hub/session/486073fc-6412-4982-961a-b70837af5210/element/2a3c957f-e063-4514-ae40-0fcee445aefb/value [39m[32m200[39m [90m1038 ms - 12[39m
[35m[HTTP][39m [90m[39m
[35m[HTTP][39m [37m-->[39m [37mPOST[39m [37m/wd/hub/session/486073fc-6412-4982-961a-b70837af5210/timeouts[39m
[35m[HTTP][39m [90m{"implicit":50}[39m
[35m[HTTP][39m [37m<-- POST /wd/hub/session/486073fc-6412-4982-961a-b70837af5210/timeouts [39m[32m200[39m [90m3 ms - 14[39m
[35m[HTTP][39m [90m[39m
[35m[HTTP][39m [37m-->[39m [37mGET[39m [37m/wd/hub/session/486073fc-6412-4982-961a-b70837af5210/window/rect[39m
[35m[HTTP][39m [90m{}[39m
[35m[HTTP][39m [37m<-- GET /wd/hub/session/486073fc-6412-4982-961a-b70837af5210/window/rect [39m[32m200[39m [90m32 ms - 50[39m
[35m[HTTP][39m [90m[39m
[35m[HTTP][39m [37m-->[39m [37mPOST[39m [37m/wd/hub/session/486073fc-6412-4982-961a-b70837af5210/elements[39m
[35m[HTTP][39m [90m{"using":"-android uiautomator","value":"new UiSelector().className(\"android.widget.EditText\").text(\"Confirm password\")"}[39m
[35m[HTTP][39m [37m<-- POST /wd/hub/session/486073fc-6412-4982-961a-b70837af5210/elements [39m[32m200[39m [90m419 ms - 139[39m
[35m[HTTP][39m [90m[39m
[35m[HTTP][39m [37m-->[39m [37mGET[39m [37m/wd/hub/session/486073fc-6412-4982-961a-b70837af5210/element/6f00947b-b0e3-4412-875c-d0adc27295aa/location[39m
[35m[HTTP][39m [90m{}[39m
[35m[W3C (486073fc)][39m Driver proxy active, passing request on via HTTP proxy
[35m[WD Proxy][39m Replacing sessionId 52b5b979-c297-4ddc-b59c-a10f4312b171 with 486073fc-6412-4982-961a-b70837af5210
[35m[HTTP][39m [37m<-- GET /wd/hub/session/486073fc-6412-4982-961a-b70837af5210/element/6f00947b-b0e3-4412-875c-d0adc27295aa/location [39m[32m200[39m [90m37 ms - 90[39m
[35m[HTTP][39m [90m[39m
[35m[HTTP][39m [37m-->[39m [37mPOST[39m [37m/wd/hub/session/486073fc-6412-4982-961a-b70837af5210/timeouts[39m
[35m[HTTP][39m [90m{"implicit":30000}[39m
[35m[HTTP][39m [37m<-- POST /wd/hub/session/486073fc-6412-4982-961a-b70837af5210/timeouts [39m[32m200[39m [90m3 ms - 14[39m
[35m[HTTP][39m [90m[39m
[35m[HTTP][39m [37m-->[39m [37mPOST[39m [37m/wd/hub/session/486073fc-6412-4982-961a-b70837af5210/element/6f00947b-b0e3-4412-875c-d0adc27295aa/clear[39m
[35m[HTTP][39m [90m{"id":"6f00947b-b0e3-4412-875c-d0adc27295aa"}[39m
[35m[HTTP][39m [37m<-- POST /wd/hub/session/486073fc-6412-4982-961a-b70837af5210/element/6f00947b-b0e3-4412-875c-d0adc27295aa/clear [39m[32m200[39m [90m36 ms - 27[39m
[35m[HTTP][39m [90m[39m
[35m[HTTP][39m [37m-->[39m [37mPOST[39m [37m/wd/hub/session/486073fc-6412-4982-961a-b70837af5210/element/6f00947b-b0e3-4412-875c-d0adc27295aa/value[39m
[35m[HTTP][39m [90m{"id":"6f00947b-b0e3-4412-875c-d0adc27295aa","text":"123456","value":["1","2","3","4","5","6"]}[39m
[35m[HTTP][39m [37m<-- POST /wd/hub/session/486073fc-6412-4982-961a-b70837af5210/element/6f00947b-b0e3-4412-875c-d0adc27295aa/value [39m[32m200[39m [90m586 ms - 12[39m
[35m[HTTP][39m [90m[39m
[35m[HTTP][39m [37m-->[39m [37mPOST[39m [37m/wd/hub/session/486073fc-6412-4982-961a-b70837af5210/timeouts[39m
[35m[HTTP][39m [90m{"implicit":50}[39m
[35m[HTTP][39m [37m<-- POST /wd/hub/session/486073fc-6412-4982-961a-b70837af5210/timeouts [39m[32m200[39m [90m2 ms - 14[39m
[35m[HTTP][39m [90m[39m
[35m[HTTP][39m [37m-->[39m [37mGET[39m [37m/wd/hub/session/486073fc-6412-4982-961a-b70837af5210/window/rect[39m
[35m[HTTP][39m [90m{}[39m
[35m[HTTP][39m [37m<-- GET /wd/hub/session/486073fc-6412-4982-961a-b70837af5210/window/rect [39m[32m200[39m [90m26 ms - 50[39m
[35m[HTTP][39m [90m[39m
[35m[HTTP][39m [37m-->[39m [37mPOST[39m [37m/wd/hub/session/486073fc-6412-4982-961a-b70837af5210/elements[39m
[35m[HTTP][39m [90m{"using":"-android uiautomator","value":"new UiSelector().className(\"android.widget.TextView\").text(\"Register\")"}[39m
[35m[HTTP][39m [37m<-- POST /wd/hub/session/486073fc-6412-4982-961a-b70837af5210/elements [39m[32m200[39m [90m412 ms - 267[39m
[35m[HTTP][39m [90m[39m
[35m[HTTP][39m [37m-->[39m [37mGET[39m [37m/wd/hub/session/486073fc-6412-4982-961a-b70837af5210/element/34d8112b-1294-4b39-b831-10f3a7b587ec/location[39m
[35m[HTTP][39m [90m{}[39m
[35m[W3C (486073fc)][39m Driver proxy active, passing request on via HTTP proxy
[35m[WD Proxy][39m Replacing sessionId 52b5b979-c297-4ddc-b59c-a10f4312b171 with 486073fc-6412-4982-961a-b70837af5210
[35m[HTTP][39m [37m<-- GET /wd/hub/session/486073fc-6412-4982-961a-b70837af5210/element/34d8112b-1294-4b39-b831-10f3a7b587ec/location [39m[32m200[39m [90m33 ms - 89[39m
[35m[HTTP][39m [90m[39m
[35m[HTTP][39m [37m-->[39m [37mPOST[39m [37m/wd/hub/session/486073fc-6412-4982-961a-b70837af5210/timeouts[39m
[35m[HTTP][39m [90m{"implicit":30000}[39m
[35m[HTTP][39m [37m<-- POST /wd/hub/session/486073fc-6412-4982-961a-b70837af5210/timeouts [39m[32m200[39m [90m2 ms - 14[39m
[35m[HTTP][39m [90m[39m
[35m[HTTP][39m [37m-->[39m [37mPOST[39m [37m/wd/hub/session/486073fc-6412-4982-961a-b70837af5210/touch/perform[39m
[35m[HTTP][39m [90m{"actions":[{"action":"tap","options":{"x":1,"y":1,"element":"34d8112b-1294-4b39-b831-10f3a7b587ec"}},{"action":"release","options":{}}]}[39m
[35m[UiAutomator2][39m calling get location: 34d8112b-1294-4b39-b831-10f3a7b587ec
[35m[HTTP][39m [37m<-- POST /wd/hub/session/486073fc-6412-4982-961a-b70837af5210/touch/perform [39m[32m200[39m [90m3179 ms - 14[39m
[35m[HTTP][39m [90m[39m
[35m[HTTP][39m [37m-->[39m [37mDELETE[39m [37m/wd/hub/session/486073fc-6412-4982-961a-b70837af5210[39m
[35m[HTTP][39m [90m{}[39m
[35m[Appium][39m Removing session 486073fc-6412-4982-961a-b70837af5210 from our master session list
[35m[ADB][39m io.nativebase.market.geekyants.taxiappdriver was successfully uninstalled
[35m[UiAutomator2][39m Restoring hidden api policy to the device default configuration
[35m[HTTP][39m [37m<-- DELETE /wd/hub/session/486073fc-6412-4982-961a-b70837af5210 [39m[32m200[39m [90m2256 ms - 14[39m
[35m[HTTP][39m [90m[39m
