[35m[Appium][39m Welcome to Appium v1.14.0
[35m[Appium][39m Non-default server args:
[35m[Appium][39m   port: 52372
[35m[Appium][39m   loglevel: info
[35m[Appium][39m   chromeDriverPort: 52375
[35m[Appium][39m   tmpDir: /var/folders/38/x4crs4qx0hn0r3_szny2t9sw0000gn/T//Katalon/Appium/Temp1565721264036
[35m[Appium][39m Appium REST http interface listener started on 0.0.0.0:52372
[35m[HTTP][39m [37m-->[39m [37mGET[39m [37m/wd/hub/status[39m
[35m[HTTP][39m [90m{}[39m
[35m[HTTP][39m [37m<-- GET /wd/hub/status [39m[32m200[39m [90m7 ms - 68[39m
[35m[HTTP][39m [90m[39m
[35m[HTTP][39m [37m-->[39m [37mPOST[39m [37m/wd/hub/session[39m
[35m[HTTP][39m [90m{"desiredCapabilities":{"app":"/Users/sumittulsyan/Downloads/app-release.apk","noReset":false,"deviceName":"emulator-5554 (Android SDK built for x86 - Android 7.0)","fullReset":true,"platform":"ANDROID","newCommandTimeout":1800,"platformVersion":"7.0","automationName":"uiautomator2","autoGrantPermissions":true,"platformName":"Android","udid":"emulator-5554","systemPort":52371},"capabilities":{"firstMatch":[{"appium:app":"/Users/sumittulsyan/Downloads/app-release.apk","appium:autoGrantPermissions":true,"appium:automationName":"uiautomator2","appium:deviceName":"emulator-5554 (Android SDK built for x86 - Android 7.0)","appium:fullReset":true,"appium:newCommandTimeout":1800,"appium:noReset":false,"platform":"ANDROID","platformName":"android","appium:platformVersion":"7.0","appium:systemPort":52371,"appium:udid":"emulator-5554"}]}}[39m
[35m[BaseDriver][39m The capabilities ["platform"] are not standard capabilities and should have an extension prefix
[35m[Appium][39m Appium v1.14.0 creating new AndroidUiautomator2Driver (v1.33.1) session
[35m[Appium][39m Capabilities:
[35m[Appium][39m   platform: ANDROID
[35m[Appium][39m   platformName: android
[35m[Appium][39m   app: /Users/sumittulsyan/Downloads/app-release.apk
[35m[Appium][39m   autoGrantPermissions: true
[35m[Appium][39m   automationName: uiautomator2
[35m[Appium][39m   deviceName: emulator-5554 (Android SDK built for x86 - Android 7.0)
[35m[Appium][39m   fullReset: true
[35m[Appium][39m   newCommandTimeout: 1800
[35m[Appium][39m   noReset: false
[35m[Appium][39m   platformVersion: 7.0
[35m[Appium][39m   systemPort: 52371
[35m[Appium][39m   udid: emulator-5554
[35m[BaseDriver][39m The following capabilities were provided, but are not recognized by Appium:
[35m[BaseDriver][39m   platform
[35m[BaseDriver][39m Session created with session id: a85e9f97-5616-4ac1-bd27-191b7e3c22e6
[35m[BaseDriver][39m Using local app '/Users/sumittulsyan/Downloads/app-release.apk'
[35m[ADB][39m Found 1 'build-tools' folders under '/Users/sumittulsyan/.katalon/tools/android_sdk' (newest first):
[35m[ADB][39m     /Users/sumittulsyan/.katalon/tools/android_sdk/build-tools/29.0.1
[35m[ADB][39m Using 'adb' from '/Users/sumittulsyan/.katalon/tools/android_sdk/platform-tools/adb'
[35m[AndroidDriver][39m Retrieving device list
[35m[AndroidDriver][39m Using device: emulator-5554
[35m[ADB][39m Using 'adb' from '/Users/sumittulsyan/.katalon/tools/android_sdk/platform-tools/adb'
[35m[ADB][39m Using 'apkanalyzer' from '/Users/sumittulsyan/.katalon/tools/android_sdk/tools/bin/apkanalyzer'
[35m[ADB][39m Package name: 'io.nativebase.market.geekyants.taxiappdriver'
[35m[ADB][39m Main activity name: 'io.nativebase.market.geekyants.taxiappdriver.MainActivity'
[35m[ADB][39m Using 'aapt' from '/Users/sumittulsyan/.katalon/tools/android_sdk/build-tools/29.0.1/aapt'
[35m[ADB][39m Using 'apksigner' from '/Users/sumittulsyan/.katalon/tools/android_sdk/build-tools/29.0.1/apksigner'
[35m[UiAutomator2][39m Server packages are not going to be (re)installed
[35m[ADB][39m io.nativebase.market.geekyants.taxiappdriver was successfully uninstalled
[35m[ADB][39m The application at '/Users/sumittulsyan/Downloads/app-release.apk' is already cached to '/data/local/tmp/appium_cache/0a4c298d81fa9fed8129162356ad8641ab361e22.apk'
[35m[ADB][39m The installation of 'app-release.apk' took 7.008s
[35m[UiAutomator2][39m Starting UIAutomator2 server 3.7.0
[35m[UiAutomator2][39m Using UIAutomator2 server from '/Users/sumittulsyan/Downloads/appium-mobile-test/node_modules/appium-uiautomator2-server/apks/appium-uiautomator2-server-v3.7.0.apk' and test from '/Users/sumittulsyan/Downloads/appium-mobile-test/node_modules/appium-uiautomator2-server/apks/appium-uiautomator2-server-debug-androidTest.apk'
[35m[UiAutomator2][39m Waiting up to 30000ms for UiAutomator2 to be online...
[35m[WD Proxy][39m Got an unexpected response: {"code":"ECONNRESET"}
[35m[WD Proxy][39m Got an unexpected response: {"code":"ECONNRESET"}
[35m[AndroidDriver][39m Screen already unlocked, doing nothing
[35m[UiAutomator2][39m UiAutomator2 did not start the activity we were waiting for, 'io.nativebase.market.geekyants.taxiappdriver/io.nativebase.market.geekyants.taxiappdriver.MainActivity'. Starting it ourselves
[35m[Appium][39m New AndroidUiautomator2Driver session created successfully, session a85e9f97-5616-4ac1-bd27-191b7e3c22e6 added to master session list
[35m[HTTP][39m [37m<-- POST /wd/hub/session [39m[32m200[39m [90m24017 ms - 1272[39m
[35m[HTTP][39m [90m[39m
[35m[HTTP][39m [37m-->[39m [37mGET[39m [37m/wd/hub/session/a85e9f97-5616-4ac1-bd27-191b7e3c22e6[39m
[35m[HTTP][39m [90m{}[39m
[35m[HTTP][39m [37m<-- GET /wd/hub/session/a85e9f97-5616-4ac1-bd27-191b7e3c22e6 [39m[32m200[39m [90m190 ms - 1204[39m
[35m[HTTP][39m [90m[39m
[35m[HTTP][39m [37m-->[39m [37mGET[39m [37m/wd/hub/session/a85e9f97-5616-4ac1-bd27-191b7e3c22e6[39m
[35m[HTTP][39m [90m{}[39m
[35m[HTTP][39m [37m<-- GET /wd/hub/session/a85e9f97-5616-4ac1-bd27-191b7e3c22e6 [39m[32m200[39m [90m19 ms - 1204[39m
[35m[HTTP][39m [90m[39m
[35m[HTTP][39m [37m-->[39m [37mGET[39m [37m/wd/hub/status[39m
[35m[HTTP][39m [90m{}[39m
[35m[HTTP][39m [37m<-- GET /wd/hub/status [39m[32m200[39m [90m2 ms - 68[39m
[35m[HTTP][39m [90m[39m
[35m[HTTP][39m [37m-->[39m [37mPOST[39m [37m/wd/hub/session/a85e9f97-5616-4ac1-bd27-191b7e3c22e6/timeouts[39m
[35m[HTTP][39m [90m{"implicit":30000}[39m
[35m[HTTP][39m [37m<-- POST /wd/hub/session/a85e9f97-5616-4ac1-bd27-191b7e3c22e6/timeouts [39m[32m200[39m [90m6 ms - 14[39m
[35m[HTTP][39m [90m[39m
[35m[HTTP][39m [37m-->[39m [37mPOST[39m [37m/wd/hub/session/a85e9f97-5616-4ac1-bd27-191b7e3c22e6/timeouts[39m
[35m[HTTP][39m [90m{"implicit":50}[39m
[35m[HTTP][39m [37m<-- POST /wd/hub/session/a85e9f97-5616-4ac1-bd27-191b7e3c22e6/timeouts [39m[32m200[39m [90m3 ms - 14[39m
[35m[HTTP][39m [90m[39m
[35m[HTTP][39m [37m-->[39m [37mGET[39m [37m/wd/hub/session/a85e9f97-5616-4ac1-bd27-191b7e3c22e6/window/rect[39m
[35m[HTTP][39m [90m{}[39m
[35m[HTTP][39m [37m<-- GET /wd/hub/session/a85e9f97-5616-4ac1-bd27-191b7e3c22e6/window/rect [39m[32m200[39m [90m1588 ms - 50[39m
[35m[HTTP][39m [90m[39m
[35m[HTTP][39m [37m-->[39m [37mPOST[39m [37m/wd/hub/session/a85e9f97-5616-4ac1-bd27-191b7e3c22e6/elements[39m
[35m[HTTP][39m [90m{"using":"-android uiautomator","value":"new UiSelector().className(\"android.widget.TextView\").text(\"Register\")"}[39m
[35m[HTTP][39m [37m<-- POST /wd/hub/session/a85e9f97-5616-4ac1-bd27-191b7e3c22e6/elements [39m[32m200[39m [90m85 ms - 12[39m
[35m[HTTP][39m [90m[39m
[35m[HTTP][39m [37m-->[39m [37mPOST[39m [37m/wd/hub/session/a85e9f97-5616-4ac1-bd27-191b7e3c22e6/elements[39m
[35m[HTTP][39m [90m{"using":"-android uiautomator","value":"new UiSelector().className(\"android.widget.TextView\").text(\"Register\")"}[39m
[35m[HTTP][39m [37m<-- POST /wd/hub/session/a85e9f97-5616-4ac1-bd27-191b7e3c22e6/elements [39m[32m200[39m [90m159 ms - 12[39m
[35m[HTTP][39m [90m[39m
[35m[HTTP][39m [37m-->[39m [37mPOST[39m [37m/wd/hub/session/a85e9f97-5616-4ac1-bd27-191b7e3c22e6/elements[39m
[35m[HTTP][39m [90m{"using":"-android uiautomator","value":"new UiSelector().className(\"android.widget.TextView\").text(\"Register\")"}[39m
[35m[HTTP][39m [37m<-- POST /wd/hub/session/a85e9f97-5616-4ac1-bd27-191b7e3c22e6/elements [39m[32m200[39m [90m542 ms - 12[39m
[35m[HTTP][39m [90m[39m
[35m[HTTP][39m [37m-->[39m [37mPOST[39m [37m/wd/hub/session/a85e9f97-5616-4ac1-bd27-191b7e3c22e6/elements[39m
[35m[HTTP][39m [90m{"using":"-android uiautomator","value":"new UiSelector().className(\"android.widget.TextView\").text(\"Register\")"}[39m
[35m[HTTP][39m [37m<-- POST /wd/hub/session/a85e9f97-5616-4ac1-bd27-191b7e3c22e6/elements [39m[32m200[39m [90m537 ms - 12[39m
[35m[HTTP][39m [90m[39m
[35m[HTTP][39m [37m-->[39m [37mPOST[39m [37m/wd/hub/session/a85e9f97-5616-4ac1-bd27-191b7e3c22e6/elements[39m
[35m[HTTP][39m [90m{"using":"-android uiautomator","value":"new UiSelector().className(\"android.widget.TextView\").text(\"Register\")"}[39m
[35m[HTTP][39m [37m<-- POST /wd/hub/session/a85e9f97-5616-4ac1-bd27-191b7e3c22e6/elements [39m[32m200[39m [90m1236 ms - 139[39m
[35m[HTTP][39m [90m[39m
[35m[HTTP][39m [37m-->[39m [37mGET[39m [37m/wd/hub/session/a85e9f97-5616-4ac1-bd27-191b7e3c22e6/element/23f283c4-fe96-4e77-aa8d-4a47008dabb8/location[39m
[35m[HTTP][39m [90m{}[39m
[35m[W3C (a85e9f97)][39m Driver proxy active, passing request on via HTTP proxy
[35m[WD Proxy][39m Replacing sessionId 6a526e31-1ea2-4f60-a508-42e92437142d with a85e9f97-5616-4ac1-bd27-191b7e3c22e6
[35m[HTTP][39m [37m<-- GET /wd/hub/session/a85e9f97-5616-4ac1-bd27-191b7e3c22e6/element/23f283c4-fe96-4e77-aa8d-4a47008dabb8/location [39m[32m200[39m [90m26 ms - 90[39m
[35m[HTTP][39m [90m[39m
[35m[HTTP][39m [37m-->[39m [37mPOST[39m [37m/wd/hub/session/a85e9f97-5616-4ac1-bd27-191b7e3c22e6/timeouts[39m
[35m[HTTP][39m [90m{"implicit":30000}[39m
[35m[HTTP][39m [37m<-- POST /wd/hub/session/a85e9f97-5616-4ac1-bd27-191b7e3c22e6/timeouts [39m[32m200[39m [90m2 ms - 14[39m
[35m[HTTP][39m [90m[39m
[35m[HTTP][39m [37m-->[39m [37mPOST[39m [37m/wd/hub/session/a85e9f97-5616-4ac1-bd27-191b7e3c22e6/touch/perform[39m
[35m[HTTP][39m [90m{"actions":[{"action":"tap","options":{"x":1,"y":1,"element":"23f283c4-fe96-4e77-aa8d-4a47008dabb8"}},{"action":"release","options":{}}]}[39m
[35m[UiAutomator2][39m calling get location: 23f283c4-fe96-4e77-aa8d-4a47008dabb8
[35m[HTTP][39m [37m<-- POST /wd/hub/session/a85e9f97-5616-4ac1-bd27-191b7e3c22e6/touch/perform [39m[32m200[39m [90m1116 ms - 14[39m
[35m[HTTP][39m [90m[39m
[35m[HTTP][39m [37m-->[39m [37mPOST[39m [37m/wd/hub/session/a85e9f97-5616-4ac1-bd27-191b7e3c22e6/timeouts[39m
[35m[HTTP][39m [90m{"implicit":50}[39m
[35m[HTTP][39m [37m<-- POST /wd/hub/session/a85e9f97-5616-4ac1-bd27-191b7e3c22e6/timeouts [39m[32m200[39m [90m3 ms - 14[39m
[35m[HTTP][39m [90m[39m
[35m[HTTP][39m [37m-->[39m [37mGET[39m [37m/wd/hub/session/a85e9f97-5616-4ac1-bd27-191b7e3c22e6/window/rect[39m
[35m[HTTP][39m [90m{}[39m
[35m[HTTP][39m [37m<-- GET /wd/hub/session/a85e9f97-5616-4ac1-bd27-191b7e3c22e6/window/rect [39m[32m200[39m [90m36 ms - 50[39m
[35m[HTTP][39m [90m[39m
[35m[HTTP][39m [37m-->[39m [37mPOST[39m [37m/wd/hub/session/a85e9f97-5616-4ac1-bd27-191b7e3c22e6/elements[39m
[35m[HTTP][39m [90m{"using":"-android uiautomator","value":"new UiSelector().className(\"android.widget.EditText\").text(\"First Name\")"}[39m
[35m[HTTP][39m [37m<-- POST /wd/hub/session/a85e9f97-5616-4ac1-bd27-191b7e3c22e6/elements [39m[32m200[39m [90m105 ms - 139[39m
[35m[HTTP][39m [90m[39m
[35m[HTTP][39m [37m-->[39m [37mGET[39m [37m/wd/hub/session/a85e9f97-5616-4ac1-bd27-191b7e3c22e6/element/65ed0d50-8177-42f0-921b-30797f71525c/location[39m
[35m[HTTP][39m [90m{}[39m
[35m[W3C (a85e9f97)][39m Driver proxy active, passing request on via HTTP proxy
[35m[WD Proxy][39m Replacing sessionId 6a526e31-1ea2-4f60-a508-42e92437142d with a85e9f97-5616-4ac1-bd27-191b7e3c22e6
[35m[HTTP][39m [37m<-- GET /wd/hub/session/a85e9f97-5616-4ac1-bd27-191b7e3c22e6/element/65ed0d50-8177-42f0-921b-30797f71525c/location [39m[32m200[39m [90m48 ms - 88[39m
[35m[HTTP][39m [90m[39m
[35m[HTTP][39m [37m-->[39m [37mPOST[39m [37m/wd/hub/session/a85e9f97-5616-4ac1-bd27-191b7e3c22e6/timeouts[39m
[35m[HTTP][39m [90m{"implicit":30000}[39m
[35m[HTTP][39m [37m<-- POST /wd/hub/session/a85e9f97-5616-4ac1-bd27-191b7e3c22e6/timeouts [39m[32m200[39m [90m3 ms - 14[39m
[35m[HTTP][39m [90m[39m
[35m[HTTP][39m [37m-->[39m [37mPOST[39m [37m/wd/hub/session/a85e9f97-5616-4ac1-bd27-191b7e3c22e6/element/65ed0d50-8177-42f0-921b-30797f71525c/clear[39m
[35m[HTTP][39m [90m{"id":"65ed0d50-8177-42f0-921b-30797f71525c"}[39m
[35m[HTTP][39m [37m<-- POST /wd/hub/session/a85e9f97-5616-4ac1-bd27-191b7e3c22e6/element/65ed0d50-8177-42f0-921b-30797f71525c/clear [39m[32m200[39m [90m50 ms - 27[39m
[35m[HTTP][39m [90m[39m
[35m[HTTP][39m [37m-->[39m [37mPOST[39m [37m/wd/hub/session/a85e9f97-5616-4ac1-bd27-191b7e3c22e6/element/65ed0d50-8177-42f0-921b-30797f71525c/value[39m
[35m[HTTP][39m [90m{"id":"65ed0d50-8177-42f0-921b-30797f71525c","text":"fdgs","value":["f","d","g","s"]}[39m
[35m[HTTP][39m [37m<-- POST /wd/hub/session/a85e9f97-5616-4ac1-bd27-191b7e3c22e6/element/65ed0d50-8177-42f0-921b-30797f71525c/value [39m[32m200[39m [90m1040 ms - 12[39m
[35m[HTTP][39m [90m[39m
[35m[HTTP][39m [37m-->[39m [37mPOST[39m [37m/wd/hub/session/a85e9f97-5616-4ac1-bd27-191b7e3c22e6/timeouts[39m
[35m[HTTP][39m [90m{"implicit":50}[39m
[35m[HTTP][39m [37m<-- POST /wd/hub/session/a85e9f97-5616-4ac1-bd27-191b7e3c22e6/timeouts [39m[32m200[39m [90m3 ms - 14[39m
[35m[HTTP][39m [90m[39m
[35m[HTTP][39m [37m-->[39m [37mGET[39m [37m/wd/hub/session/a85e9f97-5616-4ac1-bd27-191b7e3c22e6/window/rect[39m
[35m[HTTP][39m [90m{}[39m
[35m[HTTP][39m [37m<-- GET /wd/hub/session/a85e9f97-5616-4ac1-bd27-191b7e3c22e6/window/rect [39m[32m200[39m [90m56 ms - 50[39m
[35m[HTTP][39m [90m[39m
[35m[HTTP][39m [37m-->[39m [37mPOST[39m [37m/wd/hub/session/a85e9f97-5616-4ac1-bd27-191b7e3c22e6/elements[39m
[35m[HTTP][39m [90m{"using":"-android uiautomator","value":"new UiSelector().className(\"android.widget.EditText\").text(\"Last Name\")"}[39m
[35m[HTTP][39m [37m<-- POST /wd/hub/session/a85e9f97-5616-4ac1-bd27-191b7e3c22e6/elements [39m[32m200[39m [90m320 ms - 139[39m
[35m[HTTP][39m [90m[39m
[35m[HTTP][39m [37m-->[39m [37mGET[39m [37m/wd/hub/session/a85e9f97-5616-4ac1-bd27-191b7e3c22e6/element/48abf875-dc70-491f-8a8e-b1f8c87b563b/location[39m
[35m[HTTP][39m [90m{}[39m
[35m[W3C (a85e9f97)][39m Driver proxy active, passing request on via HTTP proxy
[35m[WD Proxy][39m Replacing sessionId 6a526e31-1ea2-4f60-a508-42e92437142d with a85e9f97-5616-4ac1-bd27-191b7e3c22e6
[35m[HTTP][39m [37m<-- GET /wd/hub/session/a85e9f97-5616-4ac1-bd27-191b7e3c22e6/element/48abf875-dc70-491f-8a8e-b1f8c87b563b/location [39m[32m200[39m [90m25 ms - 89[39m
[35m[HTTP][39m [90m[39m
[35m[HTTP][39m [37m-->[39m [37mPOST[39m [37m/wd/hub/session/a85e9f97-5616-4ac1-bd27-191b7e3c22e6/timeouts[39m
[35m[HTTP][39m [90m{"implicit":30000}[39m
[35m[HTTP][39m [37m<-- POST /wd/hub/session/a85e9f97-5616-4ac1-bd27-191b7e3c22e6/timeouts [39m[32m200[39m [90m1 ms - 14[39m
[35m[HTTP][39m [90m[39m
[35m[HTTP][39m [37m-->[39m [37mPOST[39m [37m/wd/hub/session/a85e9f97-5616-4ac1-bd27-191b7e3c22e6/element/48abf875-dc70-491f-8a8e-b1f8c87b563b/clear[39m
[35m[HTTP][39m [90m{"id":"48abf875-dc70-491f-8a8e-b1f8c87b563b"}[39m
[35m[HTTP][39m [37m<-- POST /wd/hub/session/a85e9f97-5616-4ac1-bd27-191b7e3c22e6/element/48abf875-dc70-491f-8a8e-b1f8c87b563b/clear [39m[32m200[39m [90m28 ms - 27[39m
[35m[HTTP][39m [90m[39m
[35m[HTTP][39m [37m-->[39m [37mPOST[39m [37m/wd/hub/session/a85e9f97-5616-4ac1-bd27-191b7e3c22e6/element/48abf875-dc70-491f-8a8e-b1f8c87b563b/value[39m
[35m[HTTP][39m [90m{"id":"48abf875-dc70-491f-8a8e-b1f8c87b563b","text":"setdrfgjhk","value":["s","e","t","d","r","f","g","j","h","k"]}[39m
[35m[HTTP][39m [37m<-- POST /wd/hub/session/a85e9f97-5616-4ac1-bd27-191b7e3c22e6/element/48abf875-dc70-491f-8a8e-b1f8c87b563b/value [39m[32m200[39m [90m1414 ms - 12[39m
[35m[HTTP][39m [90m[39m
[35m[HTTP][39m [37m-->[39m [37mPOST[39m [37m/wd/hub/session/a85e9f97-5616-4ac1-bd27-191b7e3c22e6/timeouts[39m
[35m[HTTP][39m [90m{"implicit":50}[39m
[35m[HTTP][39m [37m<-- POST /wd/hub/session/a85e9f97-5616-4ac1-bd27-191b7e3c22e6/timeouts [39m[32m200[39m [90m2 ms - 14[39m
[35m[HTTP][39m [90m[39m
[35m[HTTP][39m [37m-->[39m [37mGET[39m [37m/wd/hub/session/a85e9f97-5616-4ac1-bd27-191b7e3c22e6/window/rect[39m
[35m[HTTP][39m [90m{}[39m
[35m[HTTP][39m [37m<-- GET /wd/hub/session/a85e9f97-5616-4ac1-bd27-191b7e3c22e6/window/rect [39m[32m200[39m [90m13 ms - 50[39m
[35m[HTTP][39m [90m[39m
[35m[HTTP][39m [37m-->[39m [37mPOST[39m [37m/wd/hub/session/a85e9f97-5616-4ac1-bd27-191b7e3c22e6/elements[39m
[35m[HTTP][39m [90m{"using":"-android uiautomator","value":"new UiSelector().className(\"android.widget.EditText\").text(\"Email\")"}[39m
[35m[HTTP][39m [37m<-- POST /wd/hub/session/a85e9f97-5616-4ac1-bd27-191b7e3c22e6/elements [39m[32m200[39m [90m442 ms - 139[39m
[35m[HTTP][39m [90m[39m
[35m[HTTP][39m [37m-->[39m [37mGET[39m [37m/wd/hub/session/a85e9f97-5616-4ac1-bd27-191b7e3c22e6/element/2f5e179b-b94b-4cb9-b9e6-f9844b7c3b84/location[39m
[35m[HTTP][39m [90m{}[39m
[35m[W3C (a85e9f97)][39m Driver proxy active, passing request on via HTTP proxy
[35m[WD Proxy][39m Replacing sessionId 6a526e31-1ea2-4f60-a508-42e92437142d with a85e9f97-5616-4ac1-bd27-191b7e3c22e6
[35m[HTTP][39m [37m<-- GET /wd/hub/session/a85e9f97-5616-4ac1-bd27-191b7e3c22e6/element/2f5e179b-b94b-4cb9-b9e6-f9844b7c3b84/location [39m[32m200[39m [90m21 ms - 88[39m
[35m[HTTP][39m [90m[39m
[35m[HTTP][39m [37m-->[39m [37mPOST[39m [37m/wd/hub/session/a85e9f97-5616-4ac1-bd27-191b7e3c22e6/timeouts[39m
[35m[HTTP][39m [90m{"implicit":30000}[39m
[35m[HTTP][39m [37m<-- POST /wd/hub/session/a85e9f97-5616-4ac1-bd27-191b7e3c22e6/timeouts [39m[32m200[39m [90m2 ms - 14[39m
[35m[HTTP][39m [90m[39m
[35m[HTTP][39m [37m-->[39m [37mPOST[39m [37m/wd/hub/session/a85e9f97-5616-4ac1-bd27-191b7e3c22e6/element/2f5e179b-b94b-4cb9-b9e6-f9844b7c3b84/clear[39m
[35m[HTTP][39m [90m{"id":"2f5e179b-b94b-4cb9-b9e6-f9844b7c3b84"}[39m
[35m[HTTP][39m [37m<-- POST /wd/hub/session/a85e9f97-5616-4ac1-bd27-191b7e3c22e6/element/2f5e179b-b94b-4cb9-b9e6-f9844b7c3b84/clear [39m[32m200[39m [90m21 ms - 27[39m
[35m[HTTP][39m [90m[39m
[35m[HTTP][39m [37m-->[39m [37mPOST[39m [37m/wd/hub/session/a85e9f97-5616-4ac1-bd27-191b7e3c22e6/element/2f5e179b-b94b-4cb9-b9e6-f9844b7c3b84/value[39m
[35m[HTTP][39m [90m{"id":"2f5e179b-b94b-4cb9-b9e6-f9844b7c3b84","text":"hkgyufi@hjdfj.com","value":["h","k","g","y","u","f","i","@","h","j","d","f","j",".","c","o","m"]}[39m
[35m[HTTP][39m [37m<-- POST /wd/hub/session/a85e9f97-5616-4ac1-bd27-191b7e3c22e6/element/2f5e179b-b94b-4cb9-b9e6-f9844b7c3b84/value [39m[32m200[39m [90m1036 ms - 12[39m
[35m[HTTP][39m [90m[39m
[35m[HTTP][39m [37m-->[39m [37mPOST[39m [37m/wd/hub/session/a85e9f97-5616-4ac1-bd27-191b7e3c22e6/timeouts[39m
[35m[HTTP][39m [90m{"implicit":50}[39m
[35m[HTTP][39m [37m<-- POST /wd/hub/session/a85e9f97-5616-4ac1-bd27-191b7e3c22e6/timeouts [39m[32m200[39m [90m2 ms - 14[39m
[35m[HTTP][39m [90m[39m
[35m[HTTP][39m [37m-->[39m [37mGET[39m [37m/wd/hub/session/a85e9f97-5616-4ac1-bd27-191b7e3c22e6/window/rect[39m
[35m[HTTP][39m [90m{}[39m
[35m[HTTP][39m [37m<-- GET /wd/hub/session/a85e9f97-5616-4ac1-bd27-191b7e3c22e6/window/rect [39m[32m200[39m [90m12 ms - 50[39m
[35m[HTTP][39m [90m[39m
[35m[HTTP][39m [37m-->[39m [37mPOST[39m [37m/wd/hub/session/a85e9f97-5616-4ac1-bd27-191b7e3c22e6/elements[39m
[35m[HTTP][39m [90m{"using":"-android uiautomator","value":"new UiSelector().className(\"android.widget.EditText\").text(\"Mobile Number\")"}[39m
[35m[HTTP][39m [37m<-- POST /wd/hub/session/a85e9f97-5616-4ac1-bd27-191b7e3c22e6/elements [39m[32m200[39m [90m450 ms - 139[39m
[35m[HTTP][39m [90m[39m
[35m[HTTP][39m [37m-->[39m [37mGET[39m [37m/wd/hub/session/a85e9f97-5616-4ac1-bd27-191b7e3c22e6/element/ecb87ed1-3393-4ddc-abec-b27996a5d589/location[39m
[35m[HTTP][39m [90m{}[39m
[35m[W3C (a85e9f97)][39m Driver proxy active, passing request on via HTTP proxy
[35m[WD Proxy][39m Replacing sessionId 6a526e31-1ea2-4f60-a508-42e92437142d with a85e9f97-5616-4ac1-bd27-191b7e3c22e6
[35m[HTTP][39m [37m<-- GET /wd/hub/session/a85e9f97-5616-4ac1-bd27-191b7e3c22e6/element/ecb87ed1-3393-4ddc-abec-b27996a5d589/location [39m[32m200[39m [90m30 ms - 90[39m
[35m[HTTP][39m [90m[39m
[35m[HTTP][39m [37m-->[39m [37mPOST[39m [37m/wd/hub/session/a85e9f97-5616-4ac1-bd27-191b7e3c22e6/timeouts[39m
[35m[HTTP][39m [90m{"implicit":30000}[39m
[35m[HTTP][39m [37m<-- POST /wd/hub/session/a85e9f97-5616-4ac1-bd27-191b7e3c22e6/timeouts [39m[32m200[39m [90m2 ms - 14[39m
[35m[HTTP][39m [90m[39m
[35m[HTTP][39m [37m-->[39m [37mPOST[39m [37m/wd/hub/session/a85e9f97-5616-4ac1-bd27-191b7e3c22e6/element/ecb87ed1-3393-4ddc-abec-b27996a5d589/clear[39m
[35m[HTTP][39m [90m{"id":"ecb87ed1-3393-4ddc-abec-b27996a5d589"}[39m
[35m[HTTP][39m [37m<-- POST /wd/hub/session/a85e9f97-5616-4ac1-bd27-191b7e3c22e6/element/ecb87ed1-3393-4ddc-abec-b27996a5d589/clear [39m[32m200[39m [90m39 ms - 27[39m
[35m[HTTP][39m [90m[39m
[35m[HTTP][39m [37m-->[39m [37mPOST[39m [37m/wd/hub/session/a85e9f97-5616-4ac1-bd27-191b7e3c22e6/element/ecb87ed1-3393-4ddc-abec-b27996a5d589/value[39m
[35m[HTTP][39m [90m{"id":"ecb87ed1-3393-4ddc-abec-b27996a5d589","text":"9812981298","value":["9","8","1","2","9","8","1","2","9","8"]}[39m
[35m[HTTP][39m [37m<-- POST /wd/hub/session/a85e9f97-5616-4ac1-bd27-191b7e3c22e6/element/ecb87ed1-3393-4ddc-abec-b27996a5d589/value [39m[32m200[39m [90m1048 ms - 12[39m
[35m[HTTP][39m [90m[39m
[35m[HTTP][39m [37m-->[39m [37mPOST[39m [37m/wd/hub/session/a85e9f97-5616-4ac1-bd27-191b7e3c22e6/timeouts[39m
[35m[HTTP][39m [90m{"implicit":50}[39m
[35m[HTTP][39m [37m<-- POST /wd/hub/session/a85e9f97-5616-4ac1-bd27-191b7e3c22e6/timeouts [39m[32m200[39m [90m1 ms - 14[39m
[35m[HTTP][39m [90m[39m
[35m[HTTP][39m [37m-->[39m [37mGET[39m [37m/wd/hub/session/a85e9f97-5616-4ac1-bd27-191b7e3c22e6/window/rect[39m
[35m[HTTP][39m [90m{}[39m
[35m[HTTP][39m [37m<-- GET /wd/hub/session/a85e9f97-5616-4ac1-bd27-191b7e3c22e6/window/rect [39m[32m200[39m [90m10 ms - 50[39m
[35m[HTTP][39m [90m[39m
[35m[HTTP][39m [37m-->[39m [37mPOST[39m [37m/wd/hub/session/a85e9f97-5616-4ac1-bd27-191b7e3c22e6/elements[39m
[35m[HTTP][39m [90m{"using":"-android uiautomator","value":"new UiSelector().className(\"android.widget.EditText\").text(\"Password\")"}[39m
[35m[HTTP][39m [37m<-- POST /wd/hub/session/a85e9f97-5616-4ac1-bd27-191b7e3c22e6/elements [39m[32m200[39m [90m418 ms - 139[39m
[35m[HTTP][39m [90m[39m
[35m[HTTP][39m [37m-->[39m [37mGET[39m [37m/wd/hub/session/a85e9f97-5616-4ac1-bd27-191b7e3c22e6/element/0bd119c7-2c6b-4577-8293-aa99d585da12/location[39m
[35m[HTTP][39m [90m{}[39m
[35m[W3C (a85e9f97)][39m Driver proxy active, passing request on via HTTP proxy
[35m[WD Proxy][39m Replacing sessionId 6a526e31-1ea2-4f60-a508-42e92437142d with a85e9f97-5616-4ac1-bd27-191b7e3c22e6
[35m[HTTP][39m [37m<-- GET /wd/hub/session/a85e9f97-5616-4ac1-bd27-191b7e3c22e6/element/0bd119c7-2c6b-4577-8293-aa99d585da12/location [39m[32m200[39m [90m26 ms - 89[39m
[35m[HTTP][39m [90m[39m
[35m[HTTP][39m [37m-->[39m [37mPOST[39m [37m/wd/hub/session/a85e9f97-5616-4ac1-bd27-191b7e3c22e6/timeouts[39m
[35m[HTTP][39m [90m{"implicit":30000}[39m
[35m[HTTP][39m [37m<-- POST /wd/hub/session/a85e9f97-5616-4ac1-bd27-191b7e3c22e6/timeouts [39m[32m200[39m [90m2 ms - 14[39m
[35m[HTTP][39m [90m[39m
[35m[HTTP][39m [37m-->[39m [37mPOST[39m [37m/wd/hub/session/a85e9f97-5616-4ac1-bd27-191b7e3c22e6/element/0bd119c7-2c6b-4577-8293-aa99d585da12/clear[39m
[35m[HTTP][39m [90m{"id":"0bd119c7-2c6b-4577-8293-aa99d585da12"}[39m
[35m[HTTP][39m [37m<-- POST /wd/hub/session/a85e9f97-5616-4ac1-bd27-191b7e3c22e6/element/0bd119c7-2c6b-4577-8293-aa99d585da12/clear [39m[32m200[39m [90m21 ms - 27[39m
[35m[HTTP][39m [90m[39m
[35m[HTTP][39m [37m-->[39m [37mPOST[39m [37m/wd/hub/session/a85e9f97-5616-4ac1-bd27-191b7e3c22e6/element/0bd119c7-2c6b-4577-8293-aa99d585da12/value[39m
[35m[HTTP][39m [90m{"id":"0bd119c7-2c6b-4577-8293-aa99d585da12","text":"123456","value":["1","2","3","4","5","6"]}[39m
[35m[HTTP][39m [37m<-- POST /wd/hub/session/a85e9f97-5616-4ac1-bd27-191b7e3c22e6/element/0bd119c7-2c6b-4577-8293-aa99d585da12/value [39m[32m200[39m [90m1047 ms - 12[39m
[35m[HTTP][39m [90m[39m
[35m[HTTP][39m [37m-->[39m [37mPOST[39m [37m/wd/hub/session/a85e9f97-5616-4ac1-bd27-191b7e3c22e6/timeouts[39m
[35m[HTTP][39m [90m{"implicit":50}[39m
[35m[HTTP][39m [37m<-- POST /wd/hub/session/a85e9f97-5616-4ac1-bd27-191b7e3c22e6/timeouts [39m[32m200[39m [90m4 ms - 14[39m
[35m[HTTP][39m [90m[39m
[35m[HTTP][39m [37m-->[39m [37mGET[39m [37m/wd/hub/session/a85e9f97-5616-4ac1-bd27-191b7e3c22e6/window/rect[39m
[35m[HTTP][39m [90m{}[39m
[35m[HTTP][39m [37m<-- GET /wd/hub/session/a85e9f97-5616-4ac1-bd27-191b7e3c22e6/window/rect [39m[32m200[39m [90m25 ms - 50[39m
[35m[HTTP][39m [90m[39m
[35m[HTTP][39m [37m-->[39m [37mPOST[39m [37m/wd/hub/session/a85e9f97-5616-4ac1-bd27-191b7e3c22e6/elements[39m
[35m[HTTP][39m [90m{"using":"-android uiautomator","value":"new UiSelector().className(\"android.widget.EditText\").text(\"Confirm password\")"}[39m
[35m[HTTP][39m [37m<-- POST /wd/hub/session/a85e9f97-5616-4ac1-bd27-191b7e3c22e6/elements [39m[32m200[39m [90m434 ms - 139[39m
[35m[HTTP][39m [90m[39m
[35m[HTTP][39m [37m-->[39m [37mGET[39m [37m/wd/hub/session/a85e9f97-5616-4ac1-bd27-191b7e3c22e6/element/80fc8569-7d48-41bf-95a7-61e924ca2d8b/location[39m
[35m[HTTP][39m [90m{}[39m
[35m[W3C (a85e9f97)][39m Driver proxy active, passing request on via HTTP proxy
[35m[WD Proxy][39m Replacing sessionId 6a526e31-1ea2-4f60-a508-42e92437142d with a85e9f97-5616-4ac1-bd27-191b7e3c22e6
[35m[HTTP][39m [37m<-- GET /wd/hub/session/a85e9f97-5616-4ac1-bd27-191b7e3c22e6/element/80fc8569-7d48-41bf-95a7-61e924ca2d8b/location [39m[32m200[39m [90m18 ms - 89[39m
[35m[HTTP][39m [90m[39m
[35m[HTTP][39m [37m-->[39m [37mPOST[39m [37m/wd/hub/session/a85e9f97-5616-4ac1-bd27-191b7e3c22e6/timeouts[39m
[35m[HTTP][39m [90m{"implicit":30000}[39m
[35m[HTTP][39m [37m<-- POST /wd/hub/session/a85e9f97-5616-4ac1-bd27-191b7e3c22e6/timeouts [39m[32m200[39m [90m1 ms - 14[39m
[35m[HTTP][39m [90m[39m
[35m[HTTP][39m [37m-->[39m [37mPOST[39m [37m/wd/hub/session/a85e9f97-5616-4ac1-bd27-191b7e3c22e6/element/80fc8569-7d48-41bf-95a7-61e924ca2d8b/clear[39m
[35m[HTTP][39m [90m{"id":"80fc8569-7d48-41bf-95a7-61e924ca2d8b"}[39m
[35m[HTTP][39m [37m<-- POST /wd/hub/session/a85e9f97-5616-4ac1-bd27-191b7e3c22e6/element/80fc8569-7d48-41bf-95a7-61e924ca2d8b/clear [39m[32m200[39m [90m32 ms - 27[39m
[35m[HTTP][39m [90m[39m
[35m[HTTP][39m [37m-->[39m [37mPOST[39m [37m/wd/hub/session/a85e9f97-5616-4ac1-bd27-191b7e3c22e6/element/80fc8569-7d48-41bf-95a7-61e924ca2d8b/value[39m
[35m[HTTP][39m [90m{"id":"80fc8569-7d48-41bf-95a7-61e924ca2d8b","text":"123456","value":["1","2","3","4","5","6"]}[39m
[35m[HTTP][39m [37m<-- POST /wd/hub/session/a85e9f97-5616-4ac1-bd27-191b7e3c22e6/element/80fc8569-7d48-41bf-95a7-61e924ca2d8b/value [39m[32m200[39m [90m1036 ms - 12[39m
[35m[HTTP][39m [90m[39m
[35m[HTTP][39m [37m-->[39m [37mPOST[39m [37m/wd/hub/session/a85e9f97-5616-4ac1-bd27-191b7e3c22e6/timeouts[39m
[35m[HTTP][39m [90m{"implicit":50}[39m
[35m[HTTP][39m [37m<-- POST /wd/hub/session/a85e9f97-5616-4ac1-bd27-191b7e3c22e6/timeouts [39m[32m200[39m [90m2 ms - 14[39m
[35m[HTTP][39m [90m[39m
[35m[HTTP][39m [37m-->[39m [37mGET[39m [37m/wd/hub/session/a85e9f97-5616-4ac1-bd27-191b7e3c22e6/window/rect[39m
[35m[HTTP][39m [90m{}[39m
[35m[HTTP][39m [37m<-- GET /wd/hub/session/a85e9f97-5616-4ac1-bd27-191b7e3c22e6/window/rect [39m[32m200[39m [90m17 ms - 50[39m
[35m[HTTP][39m [90m[39m
[35m[HTTP][39m [37m-->[39m [37mPOST[39m [37m/wd/hub/session/a85e9f97-5616-4ac1-bd27-191b7e3c22e6/elements[39m
[35m[HTTP][39m [90m{"using":"xpath","value":"//hierarchy/android.widget.FrameLayout[1]/android.widget.LinearLayout[1]/android.widget.FrameLayout[1]/android.widget.LinearLayout[1]/android.widget.FrameLayout[1]/android.widget.FrameLayout[1]/android.view.ViewGroup[1]/android.view.ViewGroup[1]/android.view.ViewGroup[1]/android.view.ViewGroup[1]/android.support.v4.widget.DrawerLayout[1]/android.view.ViewGroup[1]/android.view.ViewGroup[1]/android.view.ViewGroup[1]/android.view.ViewGroup[1]/android.view.ViewGroup[1]/android.view.ViewGroup[1]/android.widget.ScrollView[1]/android.view.ViewGroup[1]/android.view.ViewGroup[11]/android.widget.TextView[1]"}[39m
[35m[HTTP][39m [37m<-- POST /wd/hub/session/a85e9f97-5616-4ac1-bd27-191b7e3c22e6/elements [39m[32m200[39m [90m515 ms - 139[39m
[35m[HTTP][39m [90m[39m
[35m[HTTP][39m [37m-->[39m [37mGET[39m [37m/wd/hub/session/a85e9f97-5616-4ac1-bd27-191b7e3c22e6/element/9017bda5-2636-4108-9f88-198c6d54b935/location[39m
[35m[HTTP][39m [90m{}[39m
[35m[W3C (a85e9f97)][39m Driver proxy active, passing request on via HTTP proxy
[35m[WD Proxy][39m Replacing sessionId 6a526e31-1ea2-4f60-a508-42e92437142d with a85e9f97-5616-4ac1-bd27-191b7e3c22e6
[35m[HTTP][39m [37m<-- GET /wd/hub/session/a85e9f97-5616-4ac1-bd27-191b7e3c22e6/element/9017bda5-2636-4108-9f88-198c6d54b935/location [39m[32m200[39m [90m11 ms - 90[39m
[35m[HTTP][39m [90m[39m
[35m[HTTP][39m [37m-->[39m [37mPOST[39m [37m/wd/hub/session/a85e9f97-5616-4ac1-bd27-191b7e3c22e6/timeouts[39m
[35m[HTTP][39m [90m{"implicit":30000}[39m
[35m[HTTP][39m [37m<-- POST /wd/hub/session/a85e9f97-5616-4ac1-bd27-191b7e3c22e6/timeouts [39m[32m200[39m [90m2 ms - 14[39m
[35m[HTTP][39m [90m[39m
[35m[HTTP][39m [37m-->[39m [37mPOST[39m [37m/wd/hub/session/a85e9f97-5616-4ac1-bd27-191b7e3c22e6/touch/perform[39m
[35m[HTTP][39m [90m{"actions":[{"action":"tap","options":{"x":1,"y":1,"element":"9017bda5-2636-4108-9f88-198c6d54b935"}},{"action":"release","options":{}}]}[39m
[35m[UiAutomator2][39m calling get location: 9017bda5-2636-4108-9f88-198c6d54b935
[35m[HTTP][39m [37m<-- POST /wd/hub/session/a85e9f97-5616-4ac1-bd27-191b7e3c22e6/touch/perform [39m[32m200[39m [90m39 ms - 14[39m
[35m[HTTP][39m [90m[39m
[35m[HTTP][39m [37m-->[39m [37mPOST[39m [37m/wd/hub/session/a85e9f97-5616-4ac1-bd27-191b7e3c22e6/timeouts[39m
[35m[HTTP][39m [90m{"implicit":50}[39m
[35m[HTTP][39m [37m<-- POST /wd/hub/session/a85e9f97-5616-4ac1-bd27-191b7e3c22e6/timeouts [39m[32m200[39m [90m2 ms - 14[39m
[35m[HTTP][39m [90m[39m
[35m[HTTP][39m [37m-->[39m [37mGET[39m [37m/wd/hub/session/a85e9f97-5616-4ac1-bd27-191b7e3c22e6/window/rect[39m
[35m[HTTP][39m [90m{}[39m
[35m[HTTP][39m [37m<-- GET /wd/hub/session/a85e9f97-5616-4ac1-bd27-191b7e3c22e6/window/rect [39m[32m200[39m [90m14 ms - 50[39m
[35m[HTTP][39m [90m[39m
[35m[HTTP][39m [37m-->[39m [37mPOST[39m [37m/wd/hub/session/a85e9f97-5616-4ac1-bd27-191b7e3c22e6/elements[39m
[35m[HTTP][39m [90m{"using":"-android uiautomator","value":"new UiSelector().className(\"android.widget.TextView\").text(\"Drivers License-Front\")"}[39m
[35m[HTTP][39m [37m<-- POST /wd/hub/session/a85e9f97-5616-4ac1-bd27-191b7e3c22e6/elements [39m[32m200[39m [90m1201 ms - 12[39m
[35m[HTTP][39m [90m[39m
[35m[HTTP][39m [37m-->[39m [37mPOST[39m [37m/wd/hub/session/a85e9f97-5616-4ac1-bd27-191b7e3c22e6/elements[39m
[35m[HTTP][39m [90m{"using":"-android uiautomator","value":"new UiSelector().className(\"android.widget.TextView\").text(\"Drivers License-Front\")"}[39m
[35m[HTTP][39m [37m<-- POST /wd/hub/session/a85e9f97-5616-4ac1-bd27-191b7e3c22e6/elements [39m[32m200[39m [90m578 ms - 12[39m
[35m[HTTP][39m [90m[39m
[35m[HTTP][39m [37m-->[39m [37mPOST[39m [37m/wd/hub/session/a85e9f97-5616-4ac1-bd27-191b7e3c22e6/elements[39m
[35m[HTTP][39m [90m{"using":"-android uiautomator","value":"new UiSelector().className(\"android.widget.TextView\").text(\"Drivers License-Front\")"}[39m
[35m[HTTP][39m [37m<-- POST /wd/hub/session/a85e9f97-5616-4ac1-bd27-191b7e3c22e6/elements [39m[32m200[39m [90m836 ms - 12[39m
[35m[HTTP][39m [90m[39m
[35m[HTTP][39m [37m-->[39m [37mPOST[39m [37m/wd/hub/session/a85e9f97-5616-4ac1-bd27-191b7e3c22e6/elements[39m
[35m[HTTP][39m [90m{"using":"-android uiautomator","value":"new UiSelector().className(\"android.widget.TextView\").text(\"Drivers License-Front\")"}[39m
[35m[HTTP][39m [37m<-- POST /wd/hub/session/a85e9f97-5616-4ac1-bd27-191b7e3c22e6/elements [39m[32m200[39m [90m557 ms - 12[39m
[35m[HTTP][39m [90m[39m
[35m[HTTP][39m [37m-->[39m [37mPOST[39m [37m/wd/hub/session/a85e9f97-5616-4ac1-bd27-191b7e3c22e6/elements[39m
[35m[HTTP][39m [90m{"using":"-android uiautomator","value":"new UiSelector().className(\"android.widget.TextView\").text(\"Drivers License-Front\")"}[39m
[35m[HTTP][39m [37m<-- POST /wd/hub/session/a85e9f97-5616-4ac1-bd27-191b7e3c22e6/elements [39m[32m200[39m [90m554 ms - 12[39m
[35m[HTTP][39m [90m[39m
[35m[HTTP][39m [37m-->[39m [37mPOST[39m [37m/wd/hub/session/a85e9f97-5616-4ac1-bd27-191b7e3c22e6/elements[39m
[35m[HTTP][39m [90m{"using":"-android uiautomator","value":"new UiSelector().className(\"android.widget.TextView\").text(\"Drivers License-Front\")"}[39m
[35m[HTTP][39m [37m<-- POST /wd/hub/session/a85e9f97-5616-4ac1-bd27-191b7e3c22e6/elements [39m[32m200[39m [90m561 ms - 12[39m
[35m[HTTP][39m [90m[39m
[35m[HTTP][39m [37m-->[39m [37mPOST[39m [37m/wd/hub/session/a85e9f97-5616-4ac1-bd27-191b7e3c22e6/elements[39m
[35m[HTTP][39m [90m{"using":"-android uiautomator","value":"new UiSelector().className(\"android.widget.TextView\").text(\"Drivers License-Front\")"}[39m
[35m[HTTP][39m [37m<-- POST /wd/hub/session/a85e9f97-5616-4ac1-bd27-191b7e3c22e6/elements [39m[32m200[39m [90m556 ms - 12[39m
[35m[HTTP][39m [90m[39m
[35m[HTTP][39m [37m-->[39m [37mPOST[39m [37m/wd/hub/session/a85e9f97-5616-4ac1-bd27-191b7e3c22e6/elements[39m
[35m[HTTP][39m [90m{"using":"-android uiautomator","value":"new UiSelector().className(\"android.widget.TextView\").text(\"Drivers License-Front\")"}[39m
[35m[HTTP][39m [37m<-- POST /wd/hub/session/a85e9f97-5616-4ac1-bd27-191b7e3c22e6/elements [39m[32m200[39m [90m567 ms - 12[39m
[35m[HTTP][39m [90m[39m
[35m[HTTP][39m [37m-->[39m [37mPOST[39m [37m/wd/hub/session/a85e9f97-5616-4ac1-bd27-191b7e3c22e6/elements[39m
[35m[HTTP][39m [90m{"using":"-android uiautomator","value":"new UiSelector().className(\"android.widget.TextView\").text(\"Drivers License-Front\")"}[39m
[35m[HTTP][39m [37m<-- POST /wd/hub/session/a85e9f97-5616-4ac1-bd27-191b7e3c22e6/elements [39m[32m200[39m [90m571 ms - 12[39m
[35m[HTTP][39m [90m[39m
[35m[HTTP][39m [37m-->[39m [37mPOST[39m [37m/wd/hub/session/a85e9f97-5616-4ac1-bd27-191b7e3c22e6/elements[39m
[35m[HTTP][39m [90m{"using":"-android uiautomator","value":"new UiSelector().className(\"android.widget.TextView\").text(\"Drivers License-Front\")"}[39m
[35m[HTTP][39m [37m<-- POST /wd/hub/session/a85e9f97-5616-4ac1-bd27-191b7e3c22e6/elements [39m[32m200[39m [90m553 ms - 12[39m
[35m[HTTP][39m [90m[39m
[35m[HTTP][39m [37m-->[39m [37mPOST[39m [37m/wd/hub/session/a85e9f97-5616-4ac1-bd27-191b7e3c22e6/elements[39m
[35m[HTTP][39m [90m{"using":"-android uiautomator","value":"new UiSelector().className(\"android.widget.TextView\").text(\"Drivers License-Front\")"}[39m
[35m[HTTP][39m [37m<-- POST /wd/hub/session/a85e9f97-5616-4ac1-bd27-191b7e3c22e6/elements [39m[32m-[39m [90m- ms - -[39m
[35m[HTTP][39m [90m[39m
