[35m[Appium][39m Welcome to Appium v1.14.0
[35m[Appium][39m Non-default server args:
[35m[Appium][39m   port: 55327
[35m[Appium][39m   loglevel: info
[35m[Appium][39m   chromeDriverPort: 55333
[35m[Appium][39m   tmpDir: /var/folders/38/x4crs4qx0hn0r3_szny2t9sw0000gn/T//Katalon/Appium/Temp1565940216222
[35m[Appium][39m Appium REST http interface listener started on 0.0.0.0:55327
[35m[HTTP][39m [37m-->[39m [37mGET[39m [37m/wd/hub/status[39m
[35m[HTTP][39m [90m{}[39m
[35m[HTTP][39m [37m<-- GET /wd/hub/status [39m[32m200[39m [90m14 ms - 68[39m
[35m[HTTP][39m [90m[39m
[35m[HTTP][39m [37m-->[39m [37mPOST[39m [37m/wd/hub/session[39m
[35m[HTTP][39m [90m{"desiredCapabilities":{"app":"/Users/sumittulsyan/Downloads/app-release (1).apk","noReset":false,"deviceName":"emulator-5554 (Android SDK built for x86 - Android 7.0)","fullReset":true,"platform":"ANDROID","newCommandTimeout":1800,"platformVersion":"7.0","automationName":"uiautomator2","autoGrantPermissions":true,"platformName":"Android","udid":"emulator-5554","systemPort":55326},"capabilities":{"firstMatch":[{"appium:app":"/Users/sumittulsyan/Downloads/app-release (1).apk","appium:autoGrantPermissions":true,"appium:automationName":"uiautomator2","appium:deviceName":"emulator-5554 (Android SDK built for x86 - Android 7.0)","appium:fullReset":true,"appium:newCommandTimeout":1800,"appium:noReset":false,"platform":"ANDROID","platformName":"android","appium:platformVersion":"7.0","appium:systemPort":55326,"appium:udid":"emulator-5554"}]}}[39m
[35m[BaseDriver][39m The capabilities ["platform"] are not standard capabilities and should have an extension prefix
[35m[Appium][39m Appium v1.14.0 creating new AndroidUiautomator2Driver (v1.33.1) session
[35m[Appium][39m Capabilities:
[35m[Appium][39m   platform: ANDROID
[35m[Appium][39m   platformName: android
[35m[Appium][39m   app: /Users/sumittulsyan/Downloads/app-release (1).apk
[35m[Appium][39m   autoGrantPermissions: true
[35m[Appium][39m   automationName: uiautomator2
[35m[Appium][39m   deviceName: emulator-5554 (Android SDK built for x86 - Android 7.0)
[35m[Appium][39m   fullReset: true
[35m[Appium][39m   newCommandTimeout: 1800
[35m[Appium][39m   noReset: false
[35m[Appium][39m   platformVersion: 7.0
[35m[Appium][39m   systemPort: 55326
[35m[Appium][39m   udid: emulator-5554
[35m[BaseDriver][39m The following capabilities were provided, but are not recognized by Appium:
[35m[BaseDriver][39m   platform
[35m[BaseDriver][39m Session created with session id: c3c4b893-282e-4e51-b679-89e3bfbeff4d
[35m[BaseDriver][39m Using local app '/Users/sumittulsyan/Downloads/app-release (1).apk'
[35m[ADB][39m Found 1 'build-tools' folders under '/Users/sumittulsyan/.katalon/tools/android_sdk' (newest first):
[35m[ADB][39m     /Users/sumittulsyan/.katalon/tools/android_sdk/build-tools/29.0.1
[35m[ADB][39m Using 'adb' from '/Users/sumittulsyan/.katalon/tools/android_sdk/platform-tools/adb'
[35m[AndroidDriver][39m Retrieving device list
[35m[AndroidDriver][39m Using device: emulator-5554
[35m[ADB][39m Using 'adb' from '/Users/sumittulsyan/.katalon/tools/android_sdk/platform-tools/adb'
[35m[ADB][39m Using 'apkanalyzer' from '/Users/sumittulsyan/.katalon/tools/android_sdk/tools/bin/apkanalyzer'
[35m[ADB][39m Using the alternative activity name detection method because of: Command '/Users/sumittulsyan/.katalon/tools/android_sdk/tools/bin/apkanalyzer -h manifest print '/Users/sumittulsyan/Downloads/app-release (1).apk'' exited with code 2
[35m[ADB][39m Using 'aapt' from '/Users/sumittulsyan/.katalon/tools/android_sdk/build-tools/29.0.1/aapt'
[35m[ADB][39m Extracting package and launch activity from manifest
[35m[ADB][39m Package name: 'io.nativebase.market.geekyants.taxiapprider'
[35m[ADB][39m Main activity name: 'io.nativebase.market.geekyants.taxiapprider.MainActivity'
[35m[ADB][39m Using 'apksigner' from '/Users/sumittulsyan/.katalon/tools/android_sdk/build-tools/29.0.1/apksigner'
[35m[UiAutomator2][39m Server packages are not going to be (re)installed
[35m[ADB][39m io.nativebase.market.geekyants.taxiapprider was successfully uninstalled
[35m[ADB][39m The application at '/Users/sumittulsyan/Downloads/app-release (1).apk' is already cached to '/data/local/tmp/appium_cache/319121ffd2a4e89e1742e996fe8df850b3a56b9f.apk'
[35m[ADB][39m The installation of 'app-release (1).apk' took 9.805s
[35m[UiAutomator2][39m Starting UIAutomator2 server 3.7.0
[35m[UiAutomator2][39m Using UIAutomator2 server from '/Users/sumittulsyan/Downloads/appium-mobile-test/node_modules/appium-uiautomator2-server/apks/appium-uiautomator2-server-v3.7.0.apk' and test from '/Users/sumittulsyan/Downloads/appium-mobile-test/node_modules/appium-uiautomator2-server/apks/appium-uiautomator2-server-debug-androidTest.apk'
[35m[UiAutomator2][39m Waiting up to 30000ms for UiAutomator2 to be online...
[35m[WD Proxy][39m Got an unexpected response: {"code":"ECONNRESET"}
[35m[AndroidDriver][39m Screen already unlocked, doing nothing
[35m[UiAutomator2][39m UiAutomator2 did not start the activity we were waiting for, 'io.nativebase.market.geekyants.taxiapprider/io.nativebase.market.geekyants.taxiapprider.MainActivity'. Starting it ourselves
[35m[Appium][39m New AndroidUiautomator2Driver session created successfully, session c3c4b893-282e-4e51-b679-89e3bfbeff4d added to master session list
[35m[HTTP][39m [37m<-- POST /wd/hub/session [39m[32m200[39m [90m25971 ms - 1279[39m
[35m[HTTP][39m [90m[39m
[35m[HTTP][39m [37m-->[39m [37mGET[39m [37m/wd/hub/session/c3c4b893-282e-4e51-b679-89e3bfbeff4d[39m
[35m[HTTP][39m [90m{}[39m
[35m[HTTP][39m [37m<-- GET /wd/hub/session/c3c4b893-282e-4e51-b679-89e3bfbeff4d [39m[32m200[39m [90m47 ms - 1211[39m
[35m[HTTP][39m [90m[39m
[35m[HTTP][39m [37m-->[39m [37mGET[39m [37m/wd/hub/session/c3c4b893-282e-4e51-b679-89e3bfbeff4d[39m
[35m[HTTP][39m [90m{}[39m
[35m[HTTP][39m [37m<-- GET /wd/hub/session/c3c4b893-282e-4e51-b679-89e3bfbeff4d [39m[32m200[39m [90m17 ms - 1211[39m
[35m[HTTP][39m [90m[39m
[35m[HTTP][39m [37m-->[39m [37mGET[39m [37m/wd/hub/status[39m
[35m[HTTP][39m [90m{}[39m
[35m[HTTP][39m [37m<-- GET /wd/hub/status [39m[32m200[39m [90m1 ms - 68[39m
[35m[HTTP][39m [90m[39m
[35m[HTTP][39m [37m-->[39m [37mPOST[39m [37m/wd/hub/session/c3c4b893-282e-4e51-b679-89e3bfbeff4d/timeouts[39m
[35m[HTTP][39m [90m{"implicit":30000}[39m
[35m[HTTP][39m [37m<-- POST /wd/hub/session/c3c4b893-282e-4e51-b679-89e3bfbeff4d/timeouts [39m[32m200[39m [90m8 ms - 14[39m
[35m[HTTP][39m [90m[39m
[35m[HTTP][39m [37m-->[39m [37mPOST[39m [37m/wd/hub/session/c3c4b893-282e-4e51-b679-89e3bfbeff4d/timeouts[39m
[35m[HTTP][39m [90m{"implicit":50}[39m
[35m[HTTP][39m [37m<-- POST /wd/hub/session/c3c4b893-282e-4e51-b679-89e3bfbeff4d/timeouts [39m[32m200[39m [90m2 ms - 14[39m
[35m[HTTP][39m [90m[39m
[35m[HTTP][39m [37m-->[39m [37mGET[39m [37m/wd/hub/session/c3c4b893-282e-4e51-b679-89e3bfbeff4d/window/rect[39m
[35m[HTTP][39m [90m{}[39m
[35m[HTTP][39m [37m<-- GET /wd/hub/session/c3c4b893-282e-4e51-b679-89e3bfbeff4d/window/rect [39m[32m200[39m [90m48 ms - 50[39m
[35m[HTTP][39m [90m[39m
[35m[HTTP][39m [37m-->[39m [37mPOST[39m [37m/wd/hub/session/c3c4b893-282e-4e51-b679-89e3bfbeff4d/elements[39m
[35m[HTTP][39m [90m{"using":"-android uiautomator","value":"new UiSelector().className(\"android.widget.TextView\").text(\"Sign In\")"}[39m
[35m[HTTP][39m [37m<-- POST /wd/hub/session/c3c4b893-282e-4e51-b679-89e3bfbeff4d/elements [39m[32m200[39m [90m67 ms - 12[39m
[35m[HTTP][39m [90m[39m
[35m[HTTP][39m [37m-->[39m [37mPOST[39m [37m/wd/hub/session/c3c4b893-282e-4e51-b679-89e3bfbeff4d/elements[39m
[35m[HTTP][39m [90m{"using":"-android uiautomator","value":"new UiSelector().className(\"android.widget.TextView\").text(\"Sign In\")"}[39m
[35m[HTTP][39m [37m<-- POST /wd/hub/session/c3c4b893-282e-4e51-b679-89e3bfbeff4d/elements [39m[32m200[39m [90m564 ms - 12[39m
[35m[HTTP][39m [90m[39m
[35m[HTTP][39m [37m-->[39m [37mPOST[39m [37m/wd/hub/session/c3c4b893-282e-4e51-b679-89e3bfbeff4d/elements[39m
[35m[HTTP][39m [90m{"using":"-android uiautomator","value":"new UiSelector().className(\"android.widget.TextView\").text(\"Sign In\")"}[39m
[35m[HTTP][39m [37m<-- POST /wd/hub/session/c3c4b893-282e-4e51-b679-89e3bfbeff4d/elements [39m[32m200[39m [90m1437 ms - 139[39m
[35m[HTTP][39m [90m[39m
[35m[HTTP][39m [37m-->[39m [37mGET[39m [37m/wd/hub/session/c3c4b893-282e-4e51-b679-89e3bfbeff4d/element/f8c5b7f6-dc2b-4947-8478-8d5121943832/location[39m
[35m[HTTP][39m [90m{}[39m
[35m[W3C (c3c4b893)][39m Driver proxy active, passing request on via HTTP proxy
[35m[WD Proxy][39m Replacing sessionId 98689c52-0fde-4742-9a2f-8fc9c33b9961 with c3c4b893-282e-4e51-b679-89e3bfbeff4d
[35m[HTTP][39m [37m<-- GET /wd/hub/session/c3c4b893-282e-4e51-b679-89e3bfbeff4d/element/f8c5b7f6-dc2b-4947-8478-8d5121943832/location [39m[32m200[39m [90m26 ms - 90[39m
[35m[HTTP][39m [90m[39m
[35m[HTTP][39m [37m-->[39m [37mPOST[39m [37m/wd/hub/session/c3c4b893-282e-4e51-b679-89e3bfbeff4d/timeouts[39m
[35m[HTTP][39m [90m{"implicit":30000}[39m
[35m[HTTP][39m [37m<-- POST /wd/hub/session/c3c4b893-282e-4e51-b679-89e3bfbeff4d/timeouts [39m[32m200[39m [90m2 ms - 14[39m
[35m[HTTP][39m [90m[39m
[35m[HTTP][39m [37m-->[39m [37mPOST[39m [37m/wd/hub/session/c3c4b893-282e-4e51-b679-89e3bfbeff4d/touch/perform[39m
[35m[HTTP][39m [90m{"actions":[{"action":"tap","options":{"x":1,"y":1,"element":"f8c5b7f6-dc2b-4947-8478-8d5121943832"}},{"action":"release","options":{}}]}[39m
[35m[UiAutomator2][39m calling get location: f8c5b7f6-dc2b-4947-8478-8d5121943832
[35m[HTTP][39m [37m<-- POST /wd/hub/session/c3c4b893-282e-4e51-b679-89e3bfbeff4d/touch/perform [39m[32m200[39m [90m1131 ms - 14[39m
[35m[HTTP][39m [90m[39m
[35m[HTTP][39m [37m-->[39m [37mPOST[39m [37m/wd/hub/session/c3c4b893-282e-4e51-b679-89e3bfbeff4d/timeouts[39m
[35m[HTTP][39m [90m{"implicit":50}[39m
[35m[HTTP][39m [37m<-- POST /wd/hub/session/c3c4b893-282e-4e51-b679-89e3bfbeff4d/timeouts [39m[32m200[39m [90m3 ms - 14[39m
[35m[HTTP][39m [90m[39m
[35m[HTTP][39m [37m-->[39m [37mGET[39m [37m/wd/hub/session/c3c4b893-282e-4e51-b679-89e3bfbeff4d/window/rect[39m
[35m[HTTP][39m [90m{}[39m
[35m[HTTP][39m [37m<-- GET /wd/hub/session/c3c4b893-282e-4e51-b679-89e3bfbeff4d/window/rect [39m[32m200[39m [90m15 ms - 50[39m
[35m[HTTP][39m [90m[39m
[35m[HTTP][39m [37m-->[39m [37mPOST[39m [37m/wd/hub/session/c3c4b893-282e-4e51-b679-89e3bfbeff4d/elements[39m
[35m[HTTP][39m [90m{"using":"-android uiautomator","value":"new UiSelector().className(\"android.widget.EditText\").text(\"Email\")"}[39m
[35m[HTTP][39m [37m<-- POST /wd/hub/session/c3c4b893-282e-4e51-b679-89e3bfbeff4d/elements [39m[32m200[39m [90m65 ms - 139[39m
[35m[HTTP][39m [90m[39m
[35m[HTTP][39m [37m-->[39m [37mGET[39m [37m/wd/hub/session/c3c4b893-282e-4e51-b679-89e3bfbeff4d/element/fc186d58-0822-455c-a108-97b08ffbb0e9/location[39m
[35m[HTTP][39m [90m{}[39m
[35m[W3C (c3c4b893)][39m Driver proxy active, passing request on via HTTP proxy
[35m[WD Proxy][39m Replacing sessionId 98689c52-0fde-4742-9a2f-8fc9c33b9961 with c3c4b893-282e-4e51-b679-89e3bfbeff4d
[35m[HTTP][39m [37m<-- GET /wd/hub/session/c3c4b893-282e-4e51-b679-89e3bfbeff4d/element/fc186d58-0822-455c-a108-97b08ffbb0e9/location [39m[32m200[39m [90m29 ms - 89[39m
[35m[HTTP][39m [90m[39m
[35m[HTTP][39m [37m-->[39m [37mPOST[39m [37m/wd/hub/session/c3c4b893-282e-4e51-b679-89e3bfbeff4d/timeouts[39m
[35m[HTTP][39m [90m{"implicit":30000}[39m
[35m[HTTP][39m [37m<-- POST /wd/hub/session/c3c4b893-282e-4e51-b679-89e3bfbeff4d/timeouts [39m[32m200[39m [90m3 ms - 14[39m
[35m[HTTP][39m [90m[39m
[35m[HTTP][39m [37m-->[39m [37mPOST[39m [37m/wd/hub/session/c3c4b893-282e-4e51-b679-89e3bfbeff4d/element/fc186d58-0822-455c-a108-97b08ffbb0e9/clear[39m
[35m[HTTP][39m [90m{"id":"fc186d58-0822-455c-a108-97b08ffbb0e9"}[39m
[35m[HTTP][39m [37m<-- POST /wd/hub/session/c3c4b893-282e-4e51-b679-89e3bfbeff4d/element/fc186d58-0822-455c-a108-97b08ffbb0e9/clear [39m[32m200[39m [90m85 ms - 27[39m
[35m[HTTP][39m [90m[39m
[35m[HTTP][39m [37m-->[39m [37mPOST[39m [37m/wd/hub/session/c3c4b893-282e-4e51-b679-89e3bfbeff4d/element/fc186d58-0822-455c-a108-97b08ffbb0e9/value[39m
[35m[HTTP][39m [90m{"id":"fc186d58-0822-455c-a108-97b08ffbb0e9","text":"taxirider@gmail.com","value":["t","a","x","i","r","i","d","e","r","@","g","m","a","i","l",".","c","o","m"]}[39m
[35m[HTTP][39m [37m<-- POST /wd/hub/session/c3c4b893-282e-4e51-b679-89e3bfbeff4d/element/fc186d58-0822-455c-a108-97b08ffbb0e9/value [39m[32m200[39m [90m1041 ms - 12[39m
[35m[HTTP][39m [90m[39m
[35m[HTTP][39m [37m-->[39m [37mPOST[39m [37m/wd/hub/session/c3c4b893-282e-4e51-b679-89e3bfbeff4d/timeouts[39m
[35m[HTTP][39m [90m{"implicit":50}[39m
[35m[HTTP][39m [37m<-- POST /wd/hub/session/c3c4b893-282e-4e51-b679-89e3bfbeff4d/timeouts [39m[32m200[39m [90m2 ms - 14[39m
[35m[HTTP][39m [90m[39m
[35m[HTTP][39m [37m-->[39m [37mGET[39m [37m/wd/hub/session/c3c4b893-282e-4e51-b679-89e3bfbeff4d/window/rect[39m
[35m[HTTP][39m [90m{}[39m
[35m[HTTP][39m [37m<-- GET /wd/hub/session/c3c4b893-282e-4e51-b679-89e3bfbeff4d/window/rect [39m[32m200[39m [90m15 ms - 50[39m
[35m[HTTP][39m [90m[39m
[35m[HTTP][39m [37m-->[39m [37mPOST[39m [37m/wd/hub/session/c3c4b893-282e-4e51-b679-89e3bfbeff4d/elements[39m
[35m[HTTP][39m [90m{"using":"-android uiautomator","value":"new UiSelector().className(\"android.widget.EditText\").text(\"Password\")"}[39m
[35m[HTTP][39m [37m<-- POST /wd/hub/session/c3c4b893-282e-4e51-b679-89e3bfbeff4d/elements [39m[32m200[39m [90m428 ms - 139[39m
[35m[HTTP][39m [90m[39m
[35m[HTTP][39m [37m-->[39m [37mGET[39m [37m/wd/hub/session/c3c4b893-282e-4e51-b679-89e3bfbeff4d/element/5c99a989-30f3-4900-bb04-dda40157183b/location[39m
[35m[HTTP][39m [90m{}[39m
[35m[W3C (c3c4b893)][39m Driver proxy active, passing request on via HTTP proxy
[35m[WD Proxy][39m Replacing sessionId 98689c52-0fde-4742-9a2f-8fc9c33b9961 with c3c4b893-282e-4e51-b679-89e3bfbeff4d
[35m[HTTP][39m [37m<-- GET /wd/hub/session/c3c4b893-282e-4e51-b679-89e3bfbeff4d/element/5c99a989-30f3-4900-bb04-dda40157183b/location [39m[32m200[39m [90m35 ms - 90[39m
[35m[HTTP][39m [90m[39m
[35m[HTTP][39m [37m-->[39m [37mPOST[39m [37m/wd/hub/session/c3c4b893-282e-4e51-b679-89e3bfbeff4d/timeouts[39m
[35m[HTTP][39m [90m{"implicit":30000}[39m
[35m[HTTP][39m [37m<-- POST /wd/hub/session/c3c4b893-282e-4e51-b679-89e3bfbeff4d/timeouts [39m[32m200[39m [90m2 ms - 14[39m
[35m[HTTP][39m [90m[39m
[35m[HTTP][39m [37m-->[39m [37mPOST[39m [37m/wd/hub/session/c3c4b893-282e-4e51-b679-89e3bfbeff4d/element/5c99a989-30f3-4900-bb04-dda40157183b/clear[39m
[35m[HTTP][39m [90m{"id":"5c99a989-30f3-4900-bb04-dda40157183b"}[39m
[35m[HTTP][39m [37m<-- POST /wd/hub/session/c3c4b893-282e-4e51-b679-89e3bfbeff4d/element/5c99a989-30f3-4900-bb04-dda40157183b/clear [39m[32m200[39m [90m41 ms - 27[39m
[35m[HTTP][39m [90m[39m
[35m[HTTP][39m [37m-->[39m [37mPOST[39m [37m/wd/hub/session/c3c4b893-282e-4e51-b679-89e3bfbeff4d/element/5c99a989-30f3-4900-bb04-dda40157183b/value[39m
[35m[HTTP][39m [90m{"id":"5c99a989-30f3-4900-bb04-dda40157183b","text":"123456","value":["1","2","3","4","5","6"]}[39m
[35m[HTTP][39m [37m<-- POST /wd/hub/session/c3c4b893-282e-4e51-b679-89e3bfbeff4d/element/5c99a989-30f3-4900-bb04-dda40157183b/value [39m[32m200[39m [90m1095 ms - 12[39m
[35m[HTTP][39m [90m[39m
[35m[HTTP][39m [37m-->[39m [37mPOST[39m [37m/wd/hub/session/c3c4b893-282e-4e51-b679-89e3bfbeff4d/timeouts[39m
[35m[HTTP][39m [90m{"implicit":50}[39m
[35m[HTTP][39m [37m<-- POST /wd/hub/session/c3c4b893-282e-4e51-b679-89e3bfbeff4d/timeouts [39m[32m200[39m [90m2 ms - 14[39m
[35m[HTTP][39m [90m[39m
[35m[HTTP][39m [37m-->[39m [37mGET[39m [37m/wd/hub/session/c3c4b893-282e-4e51-b679-89e3bfbeff4d/window/rect[39m
[35m[HTTP][39m [90m{}[39m
[35m[HTTP][39m [37m<-- GET /wd/hub/session/c3c4b893-282e-4e51-b679-89e3bfbeff4d/window/rect [39m[32m200[39m [90m35 ms - 50[39m
[35m[HTTP][39m [90m[39m
[35m[HTTP][39m [37m-->[39m [37mPOST[39m [37m/wd/hub/session/c3c4b893-282e-4e51-b679-89e3bfbeff4d/elements[39m
[35m[HTTP][39m [90m{"using":"xpath","value":"//hierarchy/android.widget.FrameLayout[1]/android.widget.LinearLayout[1]/android.widget.FrameLayout[1]/android.widget.LinearLayout[1]/android.widget.FrameLayout[1]/android.widget.FrameLayout[1]/android.view.ViewGroup[1]/android.view.ViewGroup[1]/android.view.ViewGroup[1]/android.view.ViewGroup[1]/android.support.v4.widget.DrawerLayout[1]/android.view.ViewGroup[1]/android.view.ViewGroup[1]/android.view.ViewGroup[1]/android.view.ViewGroup[1]/android.view.ViewGroup[1]/android.view.ViewGroup[1]/android.widget.ScrollView[1]/android.view.ViewGroup[1]/android.view.ViewGroup[7]/android.widget.TextView[1]"}[39m
[35m[HTTP][39m [37m<-- POST /wd/hub/session/c3c4b893-282e-4e51-b679-89e3bfbeff4d/elements [39m[32m200[39m [90m454 ms - 139[39m
[35m[HTTP][39m [90m[39m
[35m[HTTP][39m [37m-->[39m [37mGET[39m [37m/wd/hub/session/c3c4b893-282e-4e51-b679-89e3bfbeff4d/element/b5d966b3-885d-4097-9446-164e89aa29b1/location[39m
[35m[HTTP][39m [90m{}[39m
[35m[W3C (c3c4b893)][39m Driver proxy active, passing request on via HTTP proxy
[35m[WD Proxy][39m Replacing sessionId 98689c52-0fde-4742-9a2f-8fc9c33b9961 with c3c4b893-282e-4e51-b679-89e3bfbeff4d
[35m[HTTP][39m [37m<-- GET /wd/hub/session/c3c4b893-282e-4e51-b679-89e3bfbeff4d/element/b5d966b3-885d-4097-9446-164e89aa29b1/location [39m[32m200[39m [90m23 ms - 90[39m
[35m[HTTP][39m [90m[39m
[35m[HTTP][39m [37m-->[39m [37mPOST[39m [37m/wd/hub/session/c3c4b893-282e-4e51-b679-89e3bfbeff4d/timeouts[39m
[35m[HTTP][39m [90m{"implicit":30000}[39m
[35m[HTTP][39m [37m<-- POST /wd/hub/session/c3c4b893-282e-4e51-b679-89e3bfbeff4d/timeouts [39m[32m200[39m [90m4 ms - 14[39m
[35m[HTTP][39m [90m[39m
[35m[HTTP][39m [37m-->[39m [37mPOST[39m [37m/wd/hub/session/c3c4b893-282e-4e51-b679-89e3bfbeff4d/touch/perform[39m
[35m[HTTP][39m [90m{"actions":[{"action":"tap","options":{"x":1,"y":1,"element":"b5d966b3-885d-4097-9446-164e89aa29b1"}},{"action":"release","options":{}}]}[39m
[35m[UiAutomator2][39m calling get location: b5d966b3-885d-4097-9446-164e89aa29b1
[35m[HTTP][39m [37m<-- POST /wd/hub/session/c3c4b893-282e-4e51-b679-89e3bfbeff4d/touch/perform [39m[32m200[39m [90m35 ms - 14[39m
[35m[HTTP][39m [90m[39m
[35m[HTTP][39m [37m-->[39m [37mPOST[39m [37m/wd/hub/session/c3c4b893-282e-4e51-b679-89e3bfbeff4d/timeouts[39m
[35m[HTTP][39m [90m{"implicit":50}[39m
[35m[HTTP][39m [37m<-- POST /wd/hub/session/c3c4b893-282e-4e51-b679-89e3bfbeff4d/timeouts [39m[32m200[39m [90m3 ms - 14[39m
[35m[HTTP][39m [90m[39m
[35m[HTTP][39m [37m-->[39m [37mGET[39m [37m/wd/hub/session/c3c4b893-282e-4e51-b679-89e3bfbeff4d/window/rect[39m
[35m[HTTP][39m [90m{}[39m
[35m[HTTP][39m [37m<-- GET /wd/hub/session/c3c4b893-282e-4e51-b679-89e3bfbeff4d/window/rect [39m[32m200[39m [90m16 ms - 50[39m
[35m[HTTP][39m [90m[39m
[35m[HTTP][39m [37m-->[39m [37mPOST[39m [37m/wd/hub/session/c3c4b893-282e-4e51-b679-89e3bfbeff4d/elements[39m
[35m[HTTP][39m [90m{"using":"-android uiautomator","value":"new UiSelector().className(\"android.widget.TextView\").text(\"Bannerghatta Main Road, BTM Layout, 2nd Stage, 2nd Main Road, No 18, First Floor, Bengaluru, Karnataka 560076, India\")"}[39m
[35m[HTTP][39m [37m<-- POST /wd/hub/session/c3c4b893-282e-4e51-b679-89e3bfbeff4d/elements [39m[32m200[39m [90m793 ms - 12[39m
[35m[HTTP][39m [90m[39m
[35m[HTTP][39m [37m-->[39m [37mPOST[39m [37m/wd/hub/session/c3c4b893-282e-4e51-b679-89e3bfbeff4d/elements[39m
[35m[HTTP][39m [90m{"using":"-android uiautomator","value":"new UiSelector().className(\"android.widget.TextView\").text(\"Bannerghatta Main Road, BTM Layout, 2nd Stage, 2nd Main Road, No 18, First Floor, Bengaluru, Karnataka 560076, India\")"}[39m
[35m[WD Proxy][39m Got an unexpected response: {"code":"ECONNRESET"}
[35m[HTTP][39m [37m<-- POST /wd/hub/session/c3c4b893-282e-4e51-b679-89e3bfbeff4d/elements [39m[31m500[39m [90m1790 ms - 564[39m
[35m[HTTP][39m [90m[39m
[35m[HTTP][39m [37m-->[39m [37mPOST[39m [37m/wd/hub/session/c3c4b893-282e-4e51-b679-89e3bfbeff4d/timeouts[39m
[35m[HTTP][39m [90m{"implicit":30000}[39m
[35m[HTTP][39m [37m<-- POST /wd/hub/session/c3c4b893-282e-4e51-b679-89e3bfbeff4d/timeouts [39m[32m200[39m [90m2 ms - 14[39m
[35m[HTTP][39m [90m[39m
[35m[HTTP][39m [37m-->[39m [37mGET[39m [37m/wd/hub/session/c3c4b893-282e-4e51-b679-89e3bfbeff4d/context[39m
[35m[HTTP][39m [90m{}[39m
[35m[HTTP][39m [37m<-- GET /wd/hub/session/c3c4b893-282e-4e51-b679-89e3bfbeff4d/context [39m[32m200[39m [90m2 ms - 22[39m
[35m[HTTP][39m [90m[39m
[35m[HTTP][39m [37m-->[39m [37mGET[39m [37m/wd/hub/session/c3c4b893-282e-4e51-b679-89e3bfbeff4d/contexts[39m
[35m[HTTP][39m [90m{}[39m
[35m[HTTP][39m [37m<-- GET /wd/hub/session/c3c4b893-282e-4e51-b679-89e3bfbeff4d/contexts [39m[32m200[39m [90m19 ms - 24[39m
[35m[HTTP][39m [90m[39m
[35m[HTTP][39m [37m-->[39m [37mPOST[39m [37m/wd/hub/session/c3c4b893-282e-4e51-b679-89e3bfbeff4d/context[39m
[35m[HTTP][39m [90m{"name":"NATIVE_APP"}[39m
[35m[HTTP][39m [37m<-- POST /wd/hub/session/c3c4b893-282e-4e51-b679-89e3bfbeff4d/context [39m[32m200[39m [90m3 ms - 14[39m
[35m[HTTP][39m [90m[39m
[35m[HTTP][39m [37m-->[39m [37mGET[39m [37m/wd/hub/session/c3c4b893-282e-4e51-b679-89e3bfbeff4d/screenshot[39m
[35m[HTTP][39m [90m{}[39m
[35m[WD Proxy][39m Got an unexpected response: {"code":"ECONNRESET"}
[35m[HTTP][39m [37m<-- GET /wd/hub/session/c3c4b893-282e-4e51-b679-89e3bfbeff4d/screenshot [39m[31m500[39m [90m7 ms - 564[39m
[35m[HTTP][39m [90m[39m
[35m[HTTP][39m [37m-->[39m [37mPOST[39m [37m/wd/hub/session/c3c4b893-282e-4e51-b679-89e3bfbeff4d/context[39m
[35m[HTTP][39m [90m{"name":"NATIVE_APP"}[39m
[35m[HTTP][39m [37m<-- POST /wd/hub/session/c3c4b893-282e-4e51-b679-89e3bfbeff4d/context [39m[32m200[39m [90m1 ms - 14[39m
[35m[HTTP][39m [90m[39m
[35m[HTTP][39m [37m-->[39m [37mDELETE[39m [37m/wd/hub/session/c3c4b893-282e-4e51-b679-89e3bfbeff4d[39m
[35m[HTTP][39m [90m{}[39m
[35m[Appium][39m Removing session c3c4b893-282e-4e51-b679-89e3bfbeff4d from our master session list
[35m[WD Proxy][39m Got an unexpected response: {"code":"ECONNRESET"}
[35m[UiAutomator2][39m Did not get confirmation UiAutomator2 deleteSession worked; Error was: UnknownError: An unknown server-side error occurred while processing the command. Original error: Could not proxy command to remote server. Original error: Error: socket hang up
[35m[ADB][39m io.nativebase.market.geekyants.taxiapprider was not uninstalled, because it was not present on the device
[35m[HTTP][39m [37m<-- DELETE /wd/hub/session/c3c4b893-282e-4e51-b679-89e3bfbeff4d [39m[32m200[39m [90m338 ms - 14[39m
[35m[HTTP][39m [90m[39m
