[35m[Appium][39m Welcome to Appium v1.14.0
[35m[Appium][39m Non-default server args:
[35m[Appium][39m   port: 51811
[35m[Appium][39m   loglevel: info
[35m[Appium][39m   chromeDriverPort: 51816
[35m[Appium][39m   tmpDir: /var/folders/38/x4crs4qx0hn0r3_szny2t9sw0000gn/T//Katalon/Appium/Temp1565938554857
[35m[Appium][39m Appium REST http interface listener started on 0.0.0.0:51811
[35m[HTTP][39m [37m-->[39m [37mGET[39m [37m/wd/hub/status[39m
[35m[HTTP][39m [90m{}[39m
[35m[HTTP][39m [37m<-- GET /wd/hub/status [39m[32m200[39m [90m163 ms - 68[39m
[35m[HTTP][39m [90m[39m
[35m[HTTP][39m [37m-->[39m [37mPOST[39m [37m/wd/hub/session[39m
[35m[HTTP][39m [90m{"desiredCapabilities":{"app":"/Users/sumittulsyan/Downloads/app-release.apk","noReset":false,"deviceName":"emulator-5556 (Android SDK built for x86 - Android 9)","fullReset":true,"platform":"ANDROID","newCommandTimeout":1800,"platformVersion":"9","automationName":"uiautomator2","autoGrantPermissions":true,"platformName":"Android","udid":"emulator-5556","systemPort":51810},"capabilities":{"firstMatch":[{"appium:app":"/Users/sumittulsyan/Downloads/app-release.apk","appium:autoGrantPermissions":true,"appium:automationName":"uiautomator2","appium:deviceName":"emulator-5556 (Android SDK built for x86 - Android 9)","appium:fullReset":true,"appium:newCommandTimeout":1800,"appium:noReset":false,"platform":"ANDROID","platformName":"android","appium:platformVersion":"9","appium:systemPort":51810,"appium:udid":"emulator-5556"}]}}[39m
[35m[BaseDriver][39m The capabilities ["platform"] are not standard capabilities and should have an extension prefix
[35m[Appium][39m Appium v1.14.0 creating new AndroidUiautomator2Driver (v1.33.1) session
[35m[Appium][39m Capabilities:
[35m[Appium][39m   platform: ANDROID
[35m[Appium][39m   platformName: android
[35m[Appium][39m   app: /Users/sumittulsyan/Downloads/app-release.apk
[35m[Appium][39m   autoGrantPermissions: true
[35m[Appium][39m   automationName: uiautomator2
[35m[Appium][39m   deviceName: emulator-5556 (Android SDK built for x86 - Android 9)
[35m[Appium][39m   fullReset: true
[35m[Appium][39m   newCommandTimeout: 1800
[35m[Appium][39m   noReset: false
[35m[Appium][39m   platformVersion: 9
[35m[Appium][39m   systemPort: 51810
[35m[Appium][39m   udid: emulator-5556
[35m[BaseDriver][39m The following capabilities were provided, but are not recognized by Appium:
[35m[BaseDriver][39m   platform
[35m[BaseDriver][39m Session created with session id: e127d89f-ebde-47ad-9ec5-49349c3829aa
[35m[BaseDriver][39m Using local app '/Users/sumittulsyan/Downloads/app-release.apk'
[35m[ADB][39m Found 1 'build-tools' folders under '/Users/sumittulsyan/.katalon/tools/android_sdk' (newest first):
[35m[ADB][39m     /Users/sumittulsyan/.katalon/tools/android_sdk/build-tools/29.0.1
[35m[ADB][39m Using 'adb' from '/Users/sumittulsyan/.katalon/tools/android_sdk/platform-tools/adb'
[35m[AndroidDriver][39m Retrieving device list
[35m[AndroidDriver][39m Using device: emulator-5556
[35m[ADB][39m Using 'adb' from '/Users/sumittulsyan/.katalon/tools/android_sdk/platform-tools/adb'
[35m[UiAutomator2][39m Relaxing hidden api policy
[35m[ADB][39m Using 'apkanalyzer' from '/Users/sumittulsyan/.katalon/tools/android_sdk/tools/bin/apkanalyzer'
[35m[ADB][39m Package name: 'io.nativebase.market.geekyants.taxiappdriver'
[35m[ADB][39m Main activity name: 'io.nativebase.market.geekyants.taxiappdriver.MainActivity'
[35m[ADB][39m Using 'aapt' from '/Users/sumittulsyan/.katalon/tools/android_sdk/build-tools/29.0.1/aapt'
[35m[ADB][39m Using 'apksigner' from '/Users/sumittulsyan/.katalon/tools/android_sdk/build-tools/29.0.1/apksigner'
[35m[UiAutomator2][39m Server packages are not going to be (re)installed
[35m[ADB][39m io.nativebase.market.geekyants.taxiappdriver was successfully uninstalled
[35m[ADB][39m The application at '/Users/sumittulsyan/Downloads/app-release.apk' is already cached to '/data/local/tmp/appium_cache/0a4c298d81fa9fed8129162356ad8641ab361e22.apk'
[35m[ADB][39m The installation of 'app-release.apk' took 10.719s
[35m[UiAutomator2][39m Starting UIAutomator2 server 3.7.0
[35m[UiAutomator2][39m Using UIAutomator2 server from '/Users/sumittulsyan/Downloads/appium-mobile-test/node_modules/appium-uiautomator2-server/apks/appium-uiautomator2-server-v3.7.0.apk' and test from '/Users/sumittulsyan/Downloads/appium-mobile-test/node_modules/appium-uiautomator2-server/apks/appium-uiautomator2-server-debug-androidTest.apk'
[35m[UiAutomator2][39m Waiting up to 30000ms for UiAutomator2 to be online...
[35m[WD Proxy][39m Got an unexpected response: {"code":"ECONNRESET"}
[35m[WD Proxy][39m Got an unexpected response: {"code":"ECONNRESET"}
[35m[AndroidDriver][39m Screen already unlocked, doing nothing
[35m[UiAutomator2][39m UiAutomator2 did not start the activity we were waiting for, 'io.nativebase.market.geekyants.taxiappdriver/io.nativebase.market.geekyants.taxiappdriver.MainActivity'. Starting it ourselves
[35m[Appium][39m New AndroidUiautomator2Driver session created successfully, session e127d89f-ebde-47ad-9ec5-49349c3829aa added to master session list
[35m[HTTP][39m [37m<-- POST /wd/hub/session [39m[32m200[39m [90m32651 ms - 1264[39m
[35m[HTTP][39m [90m[39m
[35m[HTTP][39m [37m-->[39m [37mGET[39m [37m/wd/hub/session/e127d89f-ebde-47ad-9ec5-49349c3829aa[39m
[35m[HTTP][39m [90m{}[39m
[35m[HTTP][39m [37m<-- GET /wd/hub/session/e127d89f-ebde-47ad-9ec5-49349c3829aa [39m[32m200[39m [90m124 ms - 1196[39m
[35m[HTTP][39m [90m[39m
[35m[HTTP][39m [37m-->[39m [37mGET[39m [37m/wd/hub/session/e127d89f-ebde-47ad-9ec5-49349c3829aa[39m
[35m[HTTP][39m [90m{}[39m
[35m[HTTP][39m [37m<-- GET /wd/hub/session/e127d89f-ebde-47ad-9ec5-49349c3829aa [39m[32m200[39m [90m28 ms - 1196[39m
[35m[HTTP][39m [90m[39m
[35m[HTTP][39m [37m-->[39m [37mGET[39m [37m/wd/hub/status[39m
[35m[HTTP][39m [90m{}[39m
[35m[HTTP][39m [37m<-- GET /wd/hub/status [39m[32m200[39m [90m2 ms - 68[39m
[35m[HTTP][39m [90m[39m
[35m[HTTP][39m [37m-->[39m [37mPOST[39m [37m/wd/hub/session/e127d89f-ebde-47ad-9ec5-49349c3829aa/timeouts[39m
[35m[HTTP][39m [90m{"implicit":30000}[39m
[35m[HTTP][39m [37m<-- POST /wd/hub/session/e127d89f-ebde-47ad-9ec5-49349c3829aa/timeouts [39m[32m200[39m [90m4 ms - 14[39m
[35m[HTTP][39m [90m[39m
[35m[HTTP][39m [37m-->[39m [37mPOST[39m [37m/wd/hub/session/e127d89f-ebde-47ad-9ec5-49349c3829aa/timeouts[39m
[35m[HTTP][39m [90m{"implicit":50}[39m
[35m[HTTP][39m [37m<-- POST /wd/hub/session/e127d89f-ebde-47ad-9ec5-49349c3829aa/timeouts [39m[32m200[39m [90m2 ms - 14[39m
[35m[HTTP][39m [90m[39m
[35m[HTTP][39m [37m-->[39m [37mGET[39m [37m/wd/hub/session/e127d89f-ebde-47ad-9ec5-49349c3829aa/window/rect[39m
[35m[HTTP][39m [90m{}[39m
[35m[HTTP][39m [37m<-- GET /wd/hub/session/e127d89f-ebde-47ad-9ec5-49349c3829aa/window/rect [39m[32m200[39m [90m107 ms - 50[39m
[35m[HTTP][39m [90m[39m
[35m[HTTP][39m [37m-->[39m [37mPOST[39m [37m/wd/hub/session/e127d89f-ebde-47ad-9ec5-49349c3829aa/elements[39m
[35m[HTTP][39m [90m{"using":"-android uiautomator","value":"new UiSelector().className(\"android.widget.TextView\").text(\"Sign In\")"}[39m
[35m[HTTP][39m [37m<-- POST /wd/hub/session/e127d89f-ebde-47ad-9ec5-49349c3829aa/elements [39m[32m200[39m [90m115 ms - 12[39m
[35m[HTTP][39m [90m[39m
[35m[HTTP][39m [37m-->[39m [37mPOST[39m [37m/wd/hub/session/e127d89f-ebde-47ad-9ec5-49349c3829aa/elements[39m
[35m[HTTP][39m [90m{"using":"-android uiautomator","value":"new UiSelector().className(\"android.widget.TextView\").text(\"Sign In\")"}[39m
[35m[HTTP][39m [37m<-- POST /wd/hub/session/e127d89f-ebde-47ad-9ec5-49349c3829aa/elements [39m[32m200[39m [90m589 ms - 12[39m
[35m[HTTP][39m [90m[39m
[35m[HTTP][39m [37m-->[39m [37mPOST[39m [37m/wd/hub/session/e127d89f-ebde-47ad-9ec5-49349c3829aa/elements[39m
[35m[HTTP][39m [90m{"using":"-android uiautomator","value":"new UiSelector().className(\"android.widget.TextView\").text(\"Sign In\")"}[39m
[35m[HTTP][39m [37m<-- POST /wd/hub/session/e127d89f-ebde-47ad-9ec5-49349c3829aa/elements [39m[32m200[39m [90m586 ms - 12[39m
[35m[HTTP][39m [90m[39m
[35m[HTTP][39m [37m-->[39m [37mPOST[39m [37m/wd/hub/session/e127d89f-ebde-47ad-9ec5-49349c3829aa/elements[39m
[35m[HTTP][39m [90m{"using":"-android uiautomator","value":"new UiSelector().className(\"android.widget.TextView\").text(\"Sign In\")"}[39m
[35m[HTTP][39m [37m<-- POST /wd/hub/session/e127d89f-ebde-47ad-9ec5-49349c3829aa/elements [39m[32m200[39m [90m1321 ms - 139[39m
[35m[HTTP][39m [90m[39m
[35m[HTTP][39m [37m-->[39m [37mGET[39m [37m/wd/hub/session/e127d89f-ebde-47ad-9ec5-49349c3829aa/element/2b9a4303-b06e-43ab-8a09-2f4aa6cd8076/location[39m
[35m[HTTP][39m [90m{}[39m
[35m[W3C (e127d89f)][39m Driver proxy active, passing request on via HTTP proxy
[35m[WD Proxy][39m Replacing sessionId 702c7469-2484-46f5-8c61-54de4868ffa1 with e127d89f-ebde-47ad-9ec5-49349c3829aa
[35m[HTTP][39m [37m<-- GET /wd/hub/session/e127d89f-ebde-47ad-9ec5-49349c3829aa/element/2b9a4303-b06e-43ab-8a09-2f4aa6cd8076/location [39m[32m200[39m [90m118 ms - 90[39m
[35m[HTTP][39m [90m[39m
[35m[HTTP][39m [37m-->[39m [37mPOST[39m [37m/wd/hub/session/e127d89f-ebde-47ad-9ec5-49349c3829aa/timeouts[39m
[35m[HTTP][39m [90m{"implicit":30000}[39m
[35m[HTTP][39m [37m<-- POST /wd/hub/session/e127d89f-ebde-47ad-9ec5-49349c3829aa/timeouts [39m[32m200[39m [90m2 ms - 14[39m
[35m[HTTP][39m [90m[39m
[35m[HTTP][39m [37m-->[39m [37mPOST[39m [37m/wd/hub/session/e127d89f-ebde-47ad-9ec5-49349c3829aa/touch/perform[39m
[35m[HTTP][39m [90m{"actions":[{"action":"tap","options":{"x":1,"y":1,"element":"2b9a4303-b06e-43ab-8a09-2f4aa6cd8076"}},{"action":"release","options":{}}]}[39m
[35m[UiAutomator2][39m calling get location: 2b9a4303-b06e-43ab-8a09-2f4aa6cd8076
[35m[HTTP][39m [37m<-- POST /wd/hub/session/e127d89f-ebde-47ad-9ec5-49349c3829aa/touch/perform [39m[32m200[39m [90m1180 ms - 14[39m
[35m[HTTP][39m [90m[39m
[35m[HTTP][39m [37m-->[39m [37mPOST[39m [37m/wd/hub/session/e127d89f-ebde-47ad-9ec5-49349c3829aa/timeouts[39m
[35m[HTTP][39m [90m{"implicit":50}[39m
[35m[HTTP][39m [37m<-- POST /wd/hub/session/e127d89f-ebde-47ad-9ec5-49349c3829aa/timeouts [39m[32m200[39m [90m2 ms - 14[39m
[35m[HTTP][39m [90m[39m
[35m[HTTP][39m [37m-->[39m [37mGET[39m [37m/wd/hub/session/e127d89f-ebde-47ad-9ec5-49349c3829aa/window/rect[39m
[35m[HTTP][39m [90m{}[39m
[35m[HTTP][39m [37m<-- GET /wd/hub/session/e127d89f-ebde-47ad-9ec5-49349c3829aa/window/rect [39m[32m200[39m [90m47 ms - 50[39m
[35m[HTTP][39m [90m[39m
[35m[HTTP][39m [37m-->[39m [37mPOST[39m [37m/wd/hub/session/e127d89f-ebde-47ad-9ec5-49349c3829aa/elements[39m
[35m[HTTP][39m [90m{"using":"-android uiautomator","value":"new UiSelector().className(\"android.widget.EditText\").text(\"Email\")"}[39m
[35m[HTTP][39m [37m<-- POST /wd/hub/session/e127d89f-ebde-47ad-9ec5-49349c3829aa/elements [39m[32m200[39m [90m132 ms - 139[39m
[35m[HTTP][39m [90m[39m
[35m[HTTP][39m [37m-->[39m [37mGET[39m [37m/wd/hub/session/e127d89f-ebde-47ad-9ec5-49349c3829aa/element/552a590a-0eb0-4ab5-bca5-921c53cf257b/location[39m
[35m[HTTP][39m [90m{}[39m
[35m[W3C (e127d89f)][39m Driver proxy active, passing request on via HTTP proxy
[35m[WD Proxy][39m Replacing sessionId 702c7469-2484-46f5-8c61-54de4868ffa1 with e127d89f-ebde-47ad-9ec5-49349c3829aa
[35m[HTTP][39m [37m<-- GET /wd/hub/session/e127d89f-ebde-47ad-9ec5-49349c3829aa/element/552a590a-0eb0-4ab5-bca5-921c53cf257b/location [39m[32m200[39m [90m60 ms - 90[39m
[35m[HTTP][39m [90m[39m
[35m[HTTP][39m [37m-->[39m [37mPOST[39m [37m/wd/hub/session/e127d89f-ebde-47ad-9ec5-49349c3829aa/timeouts[39m
[35m[HTTP][39m [90m{"implicit":30000}[39m
[35m[HTTP][39m [37m<-- POST /wd/hub/session/e127d89f-ebde-47ad-9ec5-49349c3829aa/timeouts [39m[32m200[39m [90m2 ms - 14[39m
[35m[HTTP][39m [90m[39m
[35m[HTTP][39m [37m-->[39m [37mPOST[39m [37m/wd/hub/session/e127d89f-ebde-47ad-9ec5-49349c3829aa/element/552a590a-0eb0-4ab5-bca5-921c53cf257b/clear[39m
[35m[HTTP][39m [90m{"id":"552a590a-0eb0-4ab5-bca5-921c53cf257b"}[39m
[35m[HTTP][39m [37m<-- POST /wd/hub/session/e127d89f-ebde-47ad-9ec5-49349c3829aa/element/552a590a-0eb0-4ab5-bca5-921c53cf257b/clear [39m[32m200[39m [90m136 ms - 27[39m
[35m[HTTP][39m [90m[39m
[35m[HTTP][39m [37m-->[39m [37mPOST[39m [37m/wd/hub/session/e127d89f-ebde-47ad-9ec5-49349c3829aa/element/552a590a-0eb0-4ab5-bca5-921c53cf257b/value[39m
[35m[HTTP][39m [90m{"id":"552a590a-0eb0-4ab5-bca5-921c53cf257b","text":"taxidriver@gmail.com","value":["t","a","x","i","d","r","i","v","e","r","@","g","m","a","i","l",".","c","o","m"]}[39m
[35m[HTTP][39m [37m<-- POST /wd/hub/session/e127d89f-ebde-47ad-9ec5-49349c3829aa/element/552a590a-0eb0-4ab5-bca5-921c53cf257b/value [39m[32m200[39m [90m1315 ms - 12[39m
[35m[HTTP][39m [90m[39m
[35m[HTTP][39m [37m-->[39m [37mPOST[39m [37m/wd/hub/session/e127d89f-ebde-47ad-9ec5-49349c3829aa/timeouts[39m
[35m[HTTP][39m [90m{"implicit":50}[39m
[35m[HTTP][39m [37m<-- POST /wd/hub/session/e127d89f-ebde-47ad-9ec5-49349c3829aa/timeouts [39m[32m200[39m [90m2 ms - 14[39m
[35m[HTTP][39m [90m[39m
[35m[HTTP][39m [37m-->[39m [37mGET[39m [37m/wd/hub/session/e127d89f-ebde-47ad-9ec5-49349c3829aa/window/rect[39m
[35m[HTTP][39m [90m{}[39m
[35m[HTTP][39m [37m<-- GET /wd/hub/session/e127d89f-ebde-47ad-9ec5-49349c3829aa/window/rect [39m[32m200[39m [90m29 ms - 50[39m
[35m[HTTP][39m [90m[39m
[35m[HTTP][39m [37m-->[39m [37mPOST[39m [37m/wd/hub/session/e127d89f-ebde-47ad-9ec5-49349c3829aa/elements[39m
[35m[HTTP][39m [90m{"using":"-android uiautomator","value":"new UiSelector().className(\"android.widget.EditText\").text(\"Password\")"}[39m
[35m[HTTP][39m [37m<-- POST /wd/hub/session/e127d89f-ebde-47ad-9ec5-49349c3829aa/elements [39m[32m200[39m [90m430 ms - 139[39m
[35m[HTTP][39m [90m[39m
[35m[HTTP][39m [37m-->[39m [37mGET[39m [37m/wd/hub/session/e127d89f-ebde-47ad-9ec5-49349c3829aa/element/306c2a32-8f47-4beb-a912-afa1e42399ea/location[39m
[35m[HTTP][39m [90m{}[39m
[35m[W3C (e127d89f)][39m Driver proxy active, passing request on via HTTP proxy
[35m[WD Proxy][39m Replacing sessionId 702c7469-2484-46f5-8c61-54de4868ffa1 with e127d89f-ebde-47ad-9ec5-49349c3829aa
[35m[HTTP][39m [37m<-- GET /wd/hub/session/e127d89f-ebde-47ad-9ec5-49349c3829aa/element/306c2a32-8f47-4beb-a912-afa1e42399ea/location [39m[32m200[39m [90m44 ms - 90[39m
[35m[HTTP][39m [90m[39m
[35m[HTTP][39m [37m-->[39m [37mPOST[39m [37m/wd/hub/session/e127d89f-ebde-47ad-9ec5-49349c3829aa/timeouts[39m
[35m[HTTP][39m [90m{"implicit":30000}[39m
[35m[HTTP][39m [37m<-- POST /wd/hub/session/e127d89f-ebde-47ad-9ec5-49349c3829aa/timeouts [39m[32m200[39m [90m2 ms - 14[39m
[35m[HTTP][39m [90m[39m
[35m[HTTP][39m [37m-->[39m [37mPOST[39m [37m/wd/hub/session/e127d89f-ebde-47ad-9ec5-49349c3829aa/element/306c2a32-8f47-4beb-a912-afa1e42399ea/clear[39m
[35m[HTTP][39m [90m{"id":"306c2a32-8f47-4beb-a912-afa1e42399ea"}[39m
[35m[HTTP][39m [37m<-- POST /wd/hub/session/e127d89f-ebde-47ad-9ec5-49349c3829aa/element/306c2a32-8f47-4beb-a912-afa1e42399ea/clear [39m[32m200[39m [90m47 ms - 27[39m
[35m[HTTP][39m [90m[39m
[35m[HTTP][39m [37m-->[39m [37mPOST[39m [37m/wd/hub/session/e127d89f-ebde-47ad-9ec5-49349c3829aa/element/306c2a32-8f47-4beb-a912-afa1e42399ea/value[39m
[35m[HTTP][39m [90m{"id":"306c2a32-8f47-4beb-a912-afa1e42399ea","text":"123456","value":["1","2","3","4","5","6"]}[39m
[35m[HTTP][39m [37m<-- POST /wd/hub/session/e127d89f-ebde-47ad-9ec5-49349c3829aa/element/306c2a32-8f47-4beb-a912-afa1e42399ea/value [39m[32m200[39m [90m1052 ms - 12[39m
[35m[HTTP][39m [90m[39m
[35m[HTTP][39m [37m-->[39m [37mPOST[39m [37m/wd/hub/session/e127d89f-ebde-47ad-9ec5-49349c3829aa/timeouts[39m
[35m[HTTP][39m [90m{"implicit":50}[39m
[35m[HTTP][39m [37m<-- POST /wd/hub/session/e127d89f-ebde-47ad-9ec5-49349c3829aa/timeouts [39m[32m200[39m [90m2 ms - 14[39m
[35m[HTTP][39m [90m[39m
[35m[HTTP][39m [37m-->[39m [37mGET[39m [37m/wd/hub/session/e127d89f-ebde-47ad-9ec5-49349c3829aa/window/rect[39m
[35m[HTTP][39m [90m{}[39m
[35m[HTTP][39m [37m<-- GET /wd/hub/session/e127d89f-ebde-47ad-9ec5-49349c3829aa/window/rect [39m[32m200[39m [90m21 ms - 50[39m
[35m[HTTP][39m [90m[39m
[35m[HTTP][39m [37m-->[39m [37mPOST[39m [37m/wd/hub/session/e127d89f-ebde-47ad-9ec5-49349c3829aa/elements[39m
[35m[HTTP][39m [90m{"using":"xpath","value":"//hierarchy/android.widget.FrameLayout[1]/android.widget.LinearLayout[1]/android.widget.FrameLayout[1]/android.widget.LinearLayout[1]/android.widget.FrameLayout[1]/android.widget.FrameLayout[1]/android.view.ViewGroup[1]/android.view.ViewGroup[1]/android.view.ViewGroup[1]/android.view.ViewGroup[1]/android.support.v4.widget.DrawerLayout[1]/android.view.ViewGroup[1]/android.view.ViewGroup[1]/android.view.ViewGroup[1]/android.view.ViewGroup[1]/android.view.ViewGroup[1]/android.view.ViewGroup[1]/android.widget.ScrollView[1]/android.view.ViewGroup[1]/android.view.ViewGroup[7]/android.widget.TextView[1]"}[39m
[35m[HTTP][39m [37m<-- POST /wd/hub/session/e127d89f-ebde-47ad-9ec5-49349c3829aa/elements [39m[32m200[39m [90m1031 ms - 139[39m
[35m[HTTP][39m [90m[39m
[35m[HTTP][39m [37m-->[39m [37mGET[39m [37m/wd/hub/session/e127d89f-ebde-47ad-9ec5-49349c3829aa/element/ea369f7e-f866-4a7e-b93e-a8172539abb6/location[39m
[35m[HTTP][39m [90m{}[39m
[35m[W3C (e127d89f)][39m Driver proxy active, passing request on via HTTP proxy
[35m[WD Proxy][39m Replacing sessionId 702c7469-2484-46f5-8c61-54de4868ffa1 with e127d89f-ebde-47ad-9ec5-49349c3829aa
[35m[HTTP][39m [37m<-- GET /wd/hub/session/e127d89f-ebde-47ad-9ec5-49349c3829aa/element/ea369f7e-f866-4a7e-b93e-a8172539abb6/location [39m[32m200[39m [90m30 ms - 90[39m
[35m[HTTP][39m [90m[39m
[35m[HTTP][39m [37m-->[39m [37mPOST[39m [37m/wd/hub/session/e127d89f-ebde-47ad-9ec5-49349c3829aa/timeouts[39m
[35m[HTTP][39m [90m{"implicit":30000}[39m
[35m[HTTP][39m [37m<-- POST /wd/hub/session/e127d89f-ebde-47ad-9ec5-49349c3829aa/timeouts [39m[32m200[39m [90m3 ms - 14[39m
[35m[HTTP][39m [90m[39m
[35m[HTTP][39m [37m-->[39m [37mPOST[39m [37m/wd/hub/session/e127d89f-ebde-47ad-9ec5-49349c3829aa/touch/perform[39m
[35m[HTTP][39m [90m{"actions":[{"action":"tap","options":{"x":1,"y":1,"element":"ea369f7e-f866-4a7e-b93e-a8172539abb6"}},{"action":"release","options":{}}]}[39m
[35m[UiAutomator2][39m calling get location: ea369f7e-f866-4a7e-b93e-a8172539abb6
[35m[HTTP][39m [37m<-- POST /wd/hub/session/e127d89f-ebde-47ad-9ec5-49349c3829aa/touch/perform [39m[32m200[39m [90m57 ms - 14[39m
[35m[HTTP][39m [90m[39m
[35m[BaseDriver][39m Shutting down because we waited 1800 seconds for a command
[35m[Appium][39m Closing session, cause was 'New Command Timeout of 1800 seconds expired. Try customizing the timeout using the 'newCommandTimeout' desired capability'
[35m[Appium][39m Removing session e127d89f-ebde-47ad-9ec5-49349c3829aa from our master session list
[35m[WD Proxy][39m Got an unexpected response: {"code":"ECONNRESET"}
[35m[UiAutomator2][39m Did not get confirmation UiAutomator2 deleteSession worked; Error was: UnknownError: An unknown server-side error occurred while processing the command. Original error: Could not proxy command to remote server. Original error: Error: socket hang up
[35m[ADB][39m io.nativebase.market.geekyants.taxiappdriver was not uninstalled, because it was not present on the device
[35m[UiAutomator2][39m Restoring hidden api policy to the device default configuration
[35m[Appium][39m Received SIGTERM - shutting down
