[35m[Appium][39m Welcome to Appium v1.14.0
[35m[Appium][39m Non-default server args:
[35m[Appium][39m   port: 50127
[35m[Appium][39m   loglevel: info
[35m[Appium][39m   chromeDriverPort: 50128
[35m[Appium][39m   tmpDir: /var/folders/38/x4crs4qx0hn0r3_szny2t9sw0000gn/T//Katalon/Appium/Temp1566215790722
[35m[Appium][39m Appium REST http interface listener started on 0.0.0.0:50127
[35m[HTTP][39m [37m-->[39m [37mGET[39m [37m/wd/hub/status[39m
[35m[HTTP][39m [90m{}[39m
[35m[HTTP][39m [37m<-- GET /wd/hub/status [39m[32m200[39m [90m6 ms - 68[39m
[35m[HTTP][39m [90m[39m
[35m[HTTP][39m [37m-->[39m [37mPOST[39m [37m/wd/hub/session[39m
[35m[HTTP][39m [90m{"desiredCapabilities":{"app":"/Users/sumittulsyan/Downloads/app-release (1).apk","noReset":false,"deviceName":"Google Pixel (Android 9)","fullReset":true,"platform":"ANDROID","newCommandTimeout":1800,"platformVersion":"9","automationName":"uiautomator2","autoGrantPermissions":true,"platformName":"Android","udid":"FA6AW0302799","systemPort":50126},"capabilities":{"firstMatch":[{"appium:app":"/Users/sumittulsyan/Downloads/app-release (1).apk","appium:autoGrantPermissions":true,"appium:automationName":"uiautomator2","appium:deviceName":"Google Pixel (Android 9)","appium:fullReset":true,"appium:newCommandTimeout":1800,"appium:noReset":false,"platform":"ANDROID","platformName":"android","appium:platformVersion":"9","appium:systemPort":50126,"appium:udid":"FA6AW0302799"}]}}[39m
[35m[BaseDriver][39m The capabilities ["platform"] are not standard capabilities and should have an extension prefix
[35m[Appium][39m Appium v1.14.0 creating new AndroidUiautomator2Driver (v1.33.1) session
[35m[Appium][39m Capabilities:
[35m[Appium][39m   platform: ANDROID
[35m[Appium][39m   platformName: android
[35m[Appium][39m   app: /Users/sumittulsyan/Downloads/app-release (1).apk
[35m[Appium][39m   autoGrantPermissions: true
[35m[Appium][39m   automationName: uiautomator2
[35m[Appium][39m   deviceName: Google Pixel (Android 9)
[35m[Appium][39m   fullReset: true
[35m[Appium][39m   newCommandTimeout: 1800
[35m[Appium][39m   noReset: false
[35m[Appium][39m   platformVersion: 9
[35m[Appium][39m   systemPort: 50126
[35m[Appium][39m   udid: FA6AW0302799
[35m[BaseDriver][39m The following capabilities were provided, but are not recognized by Appium:
[35m[BaseDriver][39m   platform
[35m[BaseDriver][39m Session created with session id: e6528265-e27e-410a-8ded-ad150a13083a
[35m[BaseDriver][39m Using local app '/Users/sumittulsyan/Downloads/app-release (1).apk'
[35m[ADB][39m Found 1 'build-tools' folders under '/Users/sumittulsyan/.katalon/tools/android_sdk' (newest first):
[35m[ADB][39m     /Users/sumittulsyan/.katalon/tools/android_sdk/build-tools/29.0.1
[35m[ADB][39m Using 'adb' from '/Users/sumittulsyan/.katalon/tools/android_sdk/platform-tools/adb'
[35m[AndroidDriver][39m Retrieving device list
[35m[AndroidDriver][39m Using device: FA6AW0302799
[35m[ADB][39m Using 'adb' from '/Users/sumittulsyan/.katalon/tools/android_sdk/platform-tools/adb'
[35m[UiAutomator2][39m Relaxing hidden api policy
[35m[ADB][39m Using 'apkanalyzer' from '/Users/sumittulsyan/.katalon/tools/android_sdk/tools/bin/apkanalyzer'
[35m[ADB][39m Using the alternative activity name detection method because of: Command '/Users/sumittulsyan/.katalon/tools/android_sdk/tools/bin/apkanalyzer -h manifest print '/Users/sumittulsyan/Downloads/app-release (1).apk'' exited with code 2
[35m[ADB][39m Using 'aapt' from '/Users/sumittulsyan/.katalon/tools/android_sdk/build-tools/29.0.1/aapt'
[35m[ADB][39m Extracting package and launch activity from manifest
[35m[ADB][39m Package name: 'io.nativebase.market.geekyants.taxiapprider'
[35m[ADB][39m Main activity name: 'io.nativebase.market.geekyants.taxiapprider.MainActivity'
[35m[ADB][39m Using 'apksigner' from '/Users/sumittulsyan/.katalon/tools/android_sdk/build-tools/29.0.1/apksigner'
[35m[UiAutomator2][39m Server packages are not going to be (re)installed
[35m[ADB][39m io.nativebase.market.geekyants.taxiapprider was successfully uninstalled
[35m[ADB][39m The application at '/Users/sumittulsyan/Downloads/app-release (1).apk' is already cached to '/data/local/tmp/appium_cache/319121ffd2a4e89e1742e996fe8df850b3a56b9f.apk'
[35m[ADB][39m The installation of 'app-release (1).apk' took 4.805s
[35m[UiAutomator2][39m Starting UIAutomator2 server 3.7.0
[35m[UiAutomator2][39m Using UIAutomator2 server from '/Users/sumittulsyan/Downloads/appium-mobile-test/node_modules/appium-uiautomator2-server/apks/appium-uiautomator2-server-v3.7.0.apk' and test from '/Users/sumittulsyan/Downloads/appium-mobile-test/node_modules/appium-uiautomator2-server/apks/appium-uiautomator2-server-debug-androidTest.apk'
[35m[UiAutomator2][39m Waiting up to 30000ms for UiAutomator2 to be online...
[35m[WD Proxy][39m Got an unexpected response: {"code":"ECONNRESET"}
[35m[WD Proxy][39m Got an unexpected response: {"code":"ECONNRESET"}
[35m[AndroidDriver][39m Screen already unlocked, doing nothing
[35m[UiAutomator2][39m UiAutomator2 did not start the activity we were waiting for, 'io.nativebase.market.geekyants.taxiapprider/io.nativebase.market.geekyants.taxiapprider.MainActivity'. Starting it ourselves
[35m[Appium][39m New AndroidUiautomator2Driver session created successfully, session e6528265-e27e-410a-8ded-ad150a13083a added to master session list
[35m[HTTP][39m [37m<-- POST /wd/hub/session [39m[32m200[39m [90m20614 ms - 1220[39m
[35m[HTTP][39m [90m[39m
[35m[HTTP][39m [37m-->[39m [37mGET[39m [37m/wd/hub/session/e6528265-e27e-410a-8ded-ad150a13083a[39m
[35m[HTTP][39m [90m{}[39m
[35m[HTTP][39m [37m<-- GET /wd/hub/session/e6528265-e27e-410a-8ded-ad150a13083a [39m[32m200[39m [90m109 ms - 1152[39m
[35m[HTTP][39m [90m[39m
[35m[HTTP][39m [37m-->[39m [37mGET[39m [37m/wd/hub/session/e6528265-e27e-410a-8ded-ad150a13083a[39m
[35m[HTTP][39m [90m{}[39m
[35m[HTTP][39m [37m<-- GET /wd/hub/session/e6528265-e27e-410a-8ded-ad150a13083a [39m[32m200[39m [90m38 ms - 1152[39m
[35m[HTTP][39m [90m[39m
[35m[HTTP][39m [37m-->[39m [37mGET[39m [37m/wd/hub/status[39m
[35m[HTTP][39m [90m{}[39m
[35m[HTTP][39m [37m<-- GET /wd/hub/status [39m[32m200[39m [90m1 ms - 68[39m
[35m[HTTP][39m [90m[39m
[35m[HTTP][39m [37m-->[39m [37mPOST[39m [37m/wd/hub/session/e6528265-e27e-410a-8ded-ad150a13083a/timeouts[39m
[35m[HTTP][39m [90m{"implicit":30000}[39m
[35m[HTTP][39m [37m<-- POST /wd/hub/session/e6528265-e27e-410a-8ded-ad150a13083a/timeouts [39m[32m200[39m [90m5 ms - 14[39m
[35m[HTTP][39m [90m[39m
[35m[HTTP][39m [37m-->[39m [37mPOST[39m [37m/wd/hub/session/e6528265-e27e-410a-8ded-ad150a13083a/timeouts[39m
[35m[HTTP][39m [90m{"implicit":50}[39m
[35m[HTTP][39m [37m<-- POST /wd/hub/session/e6528265-e27e-410a-8ded-ad150a13083a/timeouts [39m[32m200[39m [90m3 ms - 14[39m
[35m[HTTP][39m [90m[39m
[35m[HTTP][39m [37m-->[39m [37mGET[39m [37m/wd/hub/session/e6528265-e27e-410a-8ded-ad150a13083a/window/rect[39m
[35m[HTTP][39m [90m{}[39m
[35m[HTTP][39m [37m<-- GET /wd/hub/session/e6528265-e27e-410a-8ded-ad150a13083a/window/rect [39m[32m200[39m [90m43 ms - 50[39m
[35m[HTTP][39m [90m[39m
[35m[HTTP][39m [37m-->[39m [37mPOST[39m [37m/wd/hub/session/e6528265-e27e-410a-8ded-ad150a13083a/elements[39m
[35m[HTTP][39m [90m{"using":"-android uiautomator","value":"new UiSelector().className(\"android.widget.TextView\").text(\"Sign In\")"}[39m
[35m[HTTP][39m [37m<-- POST /wd/hub/session/e6528265-e27e-410a-8ded-ad150a13083a/elements [39m[32m200[39m [90m95 ms - 12[39m
[35m[HTTP][39m [90m[39m
[35m[HTTP][39m [37m-->[39m [37mPOST[39m [37m/wd/hub/session/e6528265-e27e-410a-8ded-ad150a13083a/elements[39m
[35m[HTTP][39m [90m{"using":"-android uiautomator","value":"new UiSelector().className(\"android.widget.TextView\").text(\"Sign In\")"}[39m
[35m[HTTP][39m [37m<-- POST /wd/hub/session/e6528265-e27e-410a-8ded-ad150a13083a/elements [39m[32m200[39m [90m64 ms - 12[39m
[35m[HTTP][39m [90m[39m
[35m[HTTP][39m [37m-->[39m [37mPOST[39m [37m/wd/hub/session/e6528265-e27e-410a-8ded-ad150a13083a/elements[39m
[35m[HTTP][39m [90m{"using":"-android uiautomator","value":"new UiSelector().className(\"android.widget.TextView\").text(\"Sign In\")"}[39m
[35m[HTTP][39m [37m<-- POST /wd/hub/session/e6528265-e27e-410a-8ded-ad150a13083a/elements [39m[32m200[39m [90m66 ms - 12[39m
[35m[HTTP][39m [90m[39m
[35m[HTTP][39m [37m-->[39m [37mPOST[39m [37m/wd/hub/session/e6528265-e27e-410a-8ded-ad150a13083a/elements[39m
[35m[HTTP][39m [90m{"using":"-android uiautomator","value":"new UiSelector().className(\"android.widget.TextView\").text(\"Sign In\")"}[39m
[35m[HTTP][39m [37m<-- POST /wd/hub/session/e6528265-e27e-410a-8ded-ad150a13083a/elements [39m[32m200[39m [90m1758 ms - 139[39m
[35m[HTTP][39m [90m[39m
[35m[HTTP][39m [37m-->[39m [37mGET[39m [37m/wd/hub/session/e6528265-e27e-410a-8ded-ad150a13083a/element/e560ad57-219c-41b2-a279-1bb374309042/location[39m
[35m[HTTP][39m [90m{}[39m
[35m[W3C (e6528265)][39m Driver proxy active, passing request on via HTTP proxy
[35m[WD Proxy][39m Replacing sessionId d33bb9e3-00bc-41c8-92eb-34a64abbdc19 with e6528265-e27e-410a-8ded-ad150a13083a
[35m[HTTP][39m [37m<-- GET /wd/hub/session/e6528265-e27e-410a-8ded-ad150a13083a/element/e560ad57-219c-41b2-a279-1bb374309042/location [39m[32m200[39m [90m174 ms - 90[39m
[35m[HTTP][39m [90m[39m
[35m[HTTP][39m [37m-->[39m [37mPOST[39m [37m/wd/hub/session/e6528265-e27e-410a-8ded-ad150a13083a/timeouts[39m
[35m[HTTP][39m [90m{"implicit":30000}[39m
[35m[HTTP][39m [37m<-- POST /wd/hub/session/e6528265-e27e-410a-8ded-ad150a13083a/timeouts [39m[32m200[39m [90m2 ms - 14[39m
[35m[HTTP][39m [90m[39m
[35m[HTTP][39m [37m-->[39m [37mPOST[39m [37m/wd/hub/session/e6528265-e27e-410a-8ded-ad150a13083a/touch/perform[39m
[35m[HTTP][39m [90m{"actions":[{"action":"tap","options":{"x":1,"y":1,"element":"e560ad57-219c-41b2-a279-1bb374309042"}},{"action":"release","options":{}}]}[39m
[35m[UiAutomator2][39m calling get location: e560ad57-219c-41b2-a279-1bb374309042
[35m[HTTP][39m [37m<-- POST /wd/hub/session/e6528265-e27e-410a-8ded-ad150a13083a/touch/perform [39m[32m200[39m [90m1328 ms - 14[39m
[35m[HTTP][39m [90m[39m
[35m[HTTP][39m [37m-->[39m [37mPOST[39m [37m/wd/hub/session/e6528265-e27e-410a-8ded-ad150a13083a/timeouts[39m
[35m[HTTP][39m [90m{"implicit":50}[39m
[35m[HTTP][39m [37m<-- POST /wd/hub/session/e6528265-e27e-410a-8ded-ad150a13083a/timeouts [39m[32m200[39m [90m3 ms - 14[39m
[35m[HTTP][39m [90m[39m
[35m[HTTP][39m [37m-->[39m [37mGET[39m [37m/wd/hub/session/e6528265-e27e-410a-8ded-ad150a13083a/window/rect[39m
[35m[HTTP][39m [90m{}[39m
[35m[HTTP][39m [37m<-- GET /wd/hub/session/e6528265-e27e-410a-8ded-ad150a13083a/window/rect [39m[32m200[39m [90m34 ms - 50[39m
[35m[HTTP][39m [90m[39m
[35m[HTTP][39m [37m-->[39m [37mPOST[39m [37m/wd/hub/session/e6528265-e27e-410a-8ded-ad150a13083a/elements[39m
[35m[HTTP][39m [90m{"using":"-android uiautomator","value":"new UiSelector().className(\"android.widget.EditText\").text(\"Email\")"}[39m
[35m[HTTP][39m [37m<-- POST /wd/hub/session/e6528265-e27e-410a-8ded-ad150a13083a/elements [39m[32m200[39m [90m116 ms - 139[39m
[35m[HTTP][39m [90m[39m
[35m[HTTP][39m [37m-->[39m [37mGET[39m [37m/wd/hub/session/e6528265-e27e-410a-8ded-ad150a13083a/element/a2dfd29c-a69a-4bab-b0eb-04d8d5245a5a/location[39m
[35m[HTTP][39m [90m{}[39m
[35m[W3C (e6528265)][39m Driver proxy active, passing request on via HTTP proxy
[35m[WD Proxy][39m Replacing sessionId d33bb9e3-00bc-41c8-92eb-34a64abbdc19 with e6528265-e27e-410a-8ded-ad150a13083a
[35m[HTTP][39m [37m<-- GET /wd/hub/session/e6528265-e27e-410a-8ded-ad150a13083a/element/a2dfd29c-a69a-4bab-b0eb-04d8d5245a5a/location [39m[32m200[39m [90m71 ms - 89[39m
[35m[HTTP][39m [90m[39m
[35m[HTTP][39m [37m-->[39m [37mPOST[39m [37m/wd/hub/session/e6528265-e27e-410a-8ded-ad150a13083a/timeouts[39m
[35m[HTTP][39m [90m{"implicit":30000}[39m
[35m[HTTP][39m [37m<-- POST /wd/hub/session/e6528265-e27e-410a-8ded-ad150a13083a/timeouts [39m[32m200[39m [90m2 ms - 14[39m
[35m[HTTP][39m [90m[39m
[35m[HTTP][39m [37m-->[39m [37mPOST[39m [37m/wd/hub/session/e6528265-e27e-410a-8ded-ad150a13083a/element/a2dfd29c-a69a-4bab-b0eb-04d8d5245a5a/clear[39m
[35m[HTTP][39m [90m{"id":"a2dfd29c-a69a-4bab-b0eb-04d8d5245a5a"}[39m
[35m[HTTP][39m [37m<-- POST /wd/hub/session/e6528265-e27e-410a-8ded-ad150a13083a/element/a2dfd29c-a69a-4bab-b0eb-04d8d5245a5a/clear [39m[32m200[39m [90m62 ms - 27[39m
[35m[HTTP][39m [90m[39m
[35m[HTTP][39m [37m-->[39m [37mPOST[39m [37m/wd/hub/session/e6528265-e27e-410a-8ded-ad150a13083a/element/a2dfd29c-a69a-4bab-b0eb-04d8d5245a5a/value[39m
[35m[HTTP][39m [90m{"id":"a2dfd29c-a69a-4bab-b0eb-04d8d5245a5a","text":"taxirider@gmail.com","value":["t","a","x","i","r","i","d","e","r","@","g","m","a","i","l",".","c","o","m"]}[39m
[35m[HTTP][39m [37m<-- POST /wd/hub/session/e6528265-e27e-410a-8ded-ad150a13083a/element/a2dfd29c-a69a-4bab-b0eb-04d8d5245a5a/value [39m[32m200[39m [90m1108 ms - 12[39m
[35m[HTTP][39m [90m[39m
[35m[HTTP][39m [37m-->[39m [37mPOST[39m [37m/wd/hub/session/e6528265-e27e-410a-8ded-ad150a13083a/timeouts[39m
[35m[HTTP][39m [90m{"implicit":50}[39m
[35m[HTTP][39m [37m<-- POST /wd/hub/session/e6528265-e27e-410a-8ded-ad150a13083a/timeouts [39m[32m200[39m [90m4 ms - 14[39m
[35m[HTTP][39m [90m[39m
[35m[HTTP][39m [37m-->[39m [37mGET[39m [37m/wd/hub/session/e6528265-e27e-410a-8ded-ad150a13083a/window/rect[39m
[35m[HTTP][39m [90m{}[39m
[35m[HTTP][39m [37m<-- GET /wd/hub/session/e6528265-e27e-410a-8ded-ad150a13083a/window/rect [39m[32m200[39m [90m48 ms - 50[39m
[35m[HTTP][39m [90m[39m
[35m[HTTP][39m [37m-->[39m [37mPOST[39m [37m/wd/hub/session/e6528265-e27e-410a-8ded-ad150a13083a/elements[39m
[35m[HTTP][39m [90m{"using":"-android uiautomator","value":"new UiSelector().className(\"android.widget.EditText\").text(\"Password\")"}[39m
[35m[HTTP][39m [37m<-- POST /wd/hub/session/e6528265-e27e-410a-8ded-ad150a13083a/elements [39m[32m200[39m [90m415 ms - 139[39m
[35m[HTTP][39m [90m[39m
[35m[HTTP][39m [37m-->[39m [37mGET[39m [37m/wd/hub/session/e6528265-e27e-410a-8ded-ad150a13083a/element/3ce80946-dded-43fb-b30b-15f820205916/location[39m
[35m[HTTP][39m [90m{}[39m
[35m[W3C (e6528265)][39m Driver proxy active, passing request on via HTTP proxy
[35m[WD Proxy][39m Replacing sessionId d33bb9e3-00bc-41c8-92eb-34a64abbdc19 with e6528265-e27e-410a-8ded-ad150a13083a
[35m[HTTP][39m [37m<-- GET /wd/hub/session/e6528265-e27e-410a-8ded-ad150a13083a/element/3ce80946-dded-43fb-b30b-15f820205916/location [39m[32m200[39m [90m54 ms - 90[39m
[35m[HTTP][39m [90m[39m
[35m[HTTP][39m [37m-->[39m [37mPOST[39m [37m/wd/hub/session/e6528265-e27e-410a-8ded-ad150a13083a/timeouts[39m
[35m[HTTP][39m [90m{"implicit":30000}[39m
[35m[HTTP][39m [37m<-- POST /wd/hub/session/e6528265-e27e-410a-8ded-ad150a13083a/timeouts [39m[32m200[39m [90m3 ms - 14[39m
[35m[HTTP][39m [90m[39m
[35m[HTTP][39m [37m-->[39m [37mPOST[39m [37m/wd/hub/session/e6528265-e27e-410a-8ded-ad150a13083a/element/3ce80946-dded-43fb-b30b-15f820205916/clear[39m
[35m[HTTP][39m [90m{"id":"3ce80946-dded-43fb-b30b-15f820205916"}[39m
[35m[HTTP][39m [37m<-- POST /wd/hub/session/e6528265-e27e-410a-8ded-ad150a13083a/element/3ce80946-dded-43fb-b30b-15f820205916/clear [39m[32m200[39m [90m61 ms - 27[39m
[35m[HTTP][39m [90m[39m
[35m[HTTP][39m [37m-->[39m [37mPOST[39m [37m/wd/hub/session/e6528265-e27e-410a-8ded-ad150a13083a/element/3ce80946-dded-43fb-b30b-15f820205916/value[39m
[35m[HTTP][39m [90m{"id":"3ce80946-dded-43fb-b30b-15f820205916","text":"123456","value":["1","2","3","4","5","6"]}[39m
[35m[HTTP][39m [37m<-- POST /wd/hub/session/e6528265-e27e-410a-8ded-ad150a13083a/element/3ce80946-dded-43fb-b30b-15f820205916/value [39m[32m200[39m [90m1126 ms - 12[39m
[35m[HTTP][39m [90m[39m
[35m[HTTP][39m [37m-->[39m [37mPOST[39m [37m/wd/hub/session/e6528265-e27e-410a-8ded-ad150a13083a/timeouts[39m
[35m[HTTP][39m [90m{"implicit":50}[39m
[35m[HTTP][39m [37m<-- POST /wd/hub/session/e6528265-e27e-410a-8ded-ad150a13083a/timeouts [39m[32m200[39m [90m2 ms - 14[39m
[35m[HTTP][39m [90m[39m
[35m[HTTP][39m [37m-->[39m [37mGET[39m [37m/wd/hub/session/e6528265-e27e-410a-8ded-ad150a13083a/window/rect[39m
[35m[HTTP][39m [90m{}[39m
[35m[HTTP][39m [37m<-- GET /wd/hub/session/e6528265-e27e-410a-8ded-ad150a13083a/window/rect [39m[32m200[39m [90m28 ms - 50[39m
[35m[HTTP][39m [90m[39m
[35m[HTTP][39m [37m-->[39m [37mPOST[39m [37m/wd/hub/session/e6528265-e27e-410a-8ded-ad150a13083a/elements[39m
[35m[HTTP][39m [90m{"using":"xpath","value":"//hierarchy/android.widget.FrameLayout[1]/android.widget.LinearLayout[1]/android.widget.FrameLayout[1]/android.widget.LinearLayout[1]/android.widget.FrameLayout[1]/android.widget.FrameLayout[1]/android.view.ViewGroup[1]/android.view.ViewGroup[1]/android.view.ViewGroup[1]/android.view.ViewGroup[1]/android.support.v4.widget.DrawerLayout[1]/android.view.ViewGroup[1]/android.view.ViewGroup[1]/android.view.ViewGroup[1]/android.view.ViewGroup[1]/android.view.ViewGroup[1]/android.view.ViewGroup[1]/android.widget.ScrollView[1]/android.view.ViewGroup[1]/android.view.ViewGroup[7]/android.widget.TextView[1]"}[39m
[35m[HTTP][39m [37m<-- POST /wd/hub/session/e6528265-e27e-410a-8ded-ad150a13083a/elements [39m[32m200[39m [90m795 ms - 139[39m
[35m[HTTP][39m [90m[39m
[35m[HTTP][39m [37m-->[39m [37mGET[39m [37m/wd/hub/session/e6528265-e27e-410a-8ded-ad150a13083a/element/fbf14bd7-b328-4672-a906-e96a887a297f/location[39m
[35m[HTTP][39m [90m{}[39m
[35m[W3C (e6528265)][39m Driver proxy active, passing request on via HTTP proxy
[35m[WD Proxy][39m Replacing sessionId d33bb9e3-00bc-41c8-92eb-34a64abbdc19 with e6528265-e27e-410a-8ded-ad150a13083a
[35m[HTTP][39m [37m<-- GET /wd/hub/session/e6528265-e27e-410a-8ded-ad150a13083a/element/fbf14bd7-b328-4672-a906-e96a887a297f/location [39m[32m200[39m [90m36 ms - 90[39m
[35m[HTTP][39m [90m[39m
[35m[HTTP][39m [37m-->[39m [37mPOST[39m [37m/wd/hub/session/e6528265-e27e-410a-8ded-ad150a13083a/timeouts[39m
[35m[HTTP][39m [90m{"implicit":30000}[39m
[35m[HTTP][39m [37m<-- POST /wd/hub/session/e6528265-e27e-410a-8ded-ad150a13083a/timeouts [39m[32m200[39m [90m2 ms - 14[39m
[35m[HTTP][39m [90m[39m
[35m[HTTP][39m [37m-->[39m [37mPOST[39m [37m/wd/hub/session/e6528265-e27e-410a-8ded-ad150a13083a/touch/perform[39m
[35m[HTTP][39m [90m{"actions":[{"action":"tap","options":{"x":1,"y":1,"element":"fbf14bd7-b328-4672-a906-e96a887a297f"}},{"action":"release","options":{}}]}[39m
[35m[UiAutomator2][39m calling get location: fbf14bd7-b328-4672-a906-e96a887a297f
[35m[HTTP][39m [37m<-- POST /wd/hub/session/e6528265-e27e-410a-8ded-ad150a13083a/touch/perform [39m[32m200[39m [90m71 ms - 14[39m
[35m[HTTP][39m [90m[39m
[35m[HTTP][39m [37m-->[39m [37mPOST[39m [37m/wd/hub/session/e6528265-e27e-410a-8ded-ad150a13083a/timeouts[39m
[35m[HTTP][39m [90m{"implicit":50}[39m
[35m[HTTP][39m [37m<-- POST /wd/hub/session/e6528265-e27e-410a-8ded-ad150a13083a/timeouts [39m[32m200[39m [90m2 ms - 14[39m
[35m[HTTP][39m [90m[39m
[35m[HTTP][39m [37m-->[39m [37mGET[39m [37m/wd/hub/session/e6528265-e27e-410a-8ded-ad150a13083a/window/rect[39m
[35m[HTTP][39m [90m{}[39m
[35m[HTTP][39m [37m<-- GET /wd/hub/session/e6528265-e27e-410a-8ded-ad150a13083a/window/rect [39m[32m200[39m [90m26 ms - 50[39m
[35m[HTTP][39m [90m[39m
[35m[HTTP][39m [37m-->[39m [37mPOST[39m [37m/wd/hub/session/e6528265-e27e-410a-8ded-ad150a13083a/elements[39m
[35m[HTTP][39m [90m{"using":"-android uiautomator","value":"new UiSelector().className(\"android.widget.TextView\").text(\"4, Ranka Colony Rd, Munivenkatppa Layout, Bilekahalli, Bengaluru, Karnataka 560076, India\")"}[39m
[35m[HTTP][39m [37m<-- POST /wd/hub/session/e6528265-e27e-410a-8ded-ad150a13083a/elements [39m[32m200[39m [90m765 ms - 12[39m
[35m[HTTP][39m [90m[39m
[35m[HTTP][39m [37m-->[39m [37mPOST[39m [37m/wd/hub/session/e6528265-e27e-410a-8ded-ad150a13083a/elements[39m
[35m[HTTP][39m [90m{"using":"-android uiautomator","value":"new UiSelector().className(\"android.widget.TextView\").text(\"4, Ranka Colony Rd, Munivenkatppa Layout, Bilekahalli, Bengaluru, Karnataka 560076, India\")"}[39m
[35m[HTTP][39m [37m<-- POST /wd/hub/session/e6528265-e27e-410a-8ded-ad150a13083a/elements [39m[32m200[39m [90m83 ms - 12[39m
[35m[HTTP][39m [90m[39m
[35m[HTTP][39m [37m-->[39m [37mPOST[39m [37m/wd/hub/session/e6528265-e27e-410a-8ded-ad150a13083a/elements[39m
[35m[HTTP][39m [90m{"using":"-android uiautomator","value":"new UiSelector().className(\"android.widget.TextView\").text(\"4, Ranka Colony Rd, Munivenkatppa Layout, Bilekahalli, Bengaluru, Karnataka 560076, India\")"}[39m
[35m[HTTP][39m [37m<-- POST /wd/hub/session/e6528265-e27e-410a-8ded-ad150a13083a/elements [39m[32m200[39m [90m114 ms - 12[39m
[35m[HTTP][39m [90m[39m
[35m[HTTP][39m [37m-->[39m [37mPOST[39m [37m/wd/hub/session/e6528265-e27e-410a-8ded-ad150a13083a/elements[39m
[35m[HTTP][39m [90m{"using":"-android uiautomator","value":"new UiSelector().className(\"android.widget.TextView\").text(\"4, Ranka Colony Rd, Munivenkatppa Layout, Bilekahalli, Bengaluru, Karnataka 560076, India\")"}[39m
[35m[HTTP][39m [37m<-- POST /wd/hub/session/e6528265-e27e-410a-8ded-ad150a13083a/elements [39m[32m200[39m [90m1352 ms - 139[39m
[35m[HTTP][39m [90m[39m
[35m[HTTP][39m [37m-->[39m [37mGET[39m [37m/wd/hub/session/e6528265-e27e-410a-8ded-ad150a13083a/element/502c4e60-0c48-4847-afe7-3f81ea650f7d/location[39m
[35m[HTTP][39m [90m{}[39m
[35m[W3C (e6528265)][39m Driver proxy active, passing request on via HTTP proxy
[35m[WD Proxy][39m Replacing sessionId d33bb9e3-00bc-41c8-92eb-34a64abbdc19 with e6528265-e27e-410a-8ded-ad150a13083a
[35m[HTTP][39m [37m<-- GET /wd/hub/session/e6528265-e27e-410a-8ded-ad150a13083a/element/502c4e60-0c48-4847-afe7-3f81ea650f7d/location [39m[32m200[39m [90m68 ms - 89[39m
[35m[HTTP][39m [90m[39m
[35m[HTTP][39m [37m-->[39m [37mPOST[39m [37m/wd/hub/session/e6528265-e27e-410a-8ded-ad150a13083a/timeouts[39m
[35m[HTTP][39m [90m{"implicit":30000}[39m
[35m[HTTP][39m [37m<-- POST /wd/hub/session/e6528265-e27e-410a-8ded-ad150a13083a/timeouts [39m[32m200[39m [90m2 ms - 14[39m
[35m[HTTP][39m [90m[39m
[35m[HTTP][39m [37m-->[39m [37mPOST[39m [37m/wd/hub/session/e6528265-e27e-410a-8ded-ad150a13083a/touch/perform[39m
[35m[HTTP][39m [90m{"actions":[{"action":"tap","options":{"x":1,"y":1,"element":"502c4e60-0c48-4847-afe7-3f81ea650f7d"}},{"action":"release","options":{}}]}[39m
[35m[UiAutomator2][39m calling get location: 502c4e60-0c48-4847-afe7-3f81ea650f7d
[35m[HTTP][39m [37m<-- POST /wd/hub/session/e6528265-e27e-410a-8ded-ad150a13083a/touch/perform [39m[32m200[39m [90m1325 ms - 14[39m
[35m[HTTP][39m [90m[39m
[35m[HTTP][39m [37m-->[39m [37mPOST[39m [37m/wd/hub/session/e6528265-e27e-410a-8ded-ad150a13083a/timeouts[39m
[35m[HTTP][39m [90m{"implicit":50}[39m
[35m[HTTP][39m [37m<-- POST /wd/hub/session/e6528265-e27e-410a-8ded-ad150a13083a/timeouts [39m[32m200[39m [90m2 ms - 14[39m
[35m[HTTP][39m [90m[39m
[35m[HTTP][39m [37m-->[39m [37mGET[39m [37m/wd/hub/session/e6528265-e27e-410a-8ded-ad150a13083a/window/rect[39m
[35m[HTTP][39m [90m{}[39m
[35m[HTTP][39m [37m<-- GET /wd/hub/session/e6528265-e27e-410a-8ded-ad150a13083a/window/rect [39m[32m200[39m [90m37 ms - 50[39m
[35m[HTTP][39m [90m[39m
[35m[HTTP][39m [37m-->[39m [37mPOST[39m [37m/wd/hub/session/e6528265-e27e-410a-8ded-ad150a13083a/elements[39m
[35m[HTTP][39m [90m{"using":"-android uiautomator","value":"new UiSelector().className(\"android.widget.EditText\").text(\"Search for locality or place\")"}[39m
[35m[HTTP][39m [37m<-- POST /wd/hub/session/e6528265-e27e-410a-8ded-ad150a13083a/elements [39m[32m200[39m [90m84 ms - 139[39m
[35m[HTTP][39m [90m[39m
[35m[HTTP][39m [37m-->[39m [37mGET[39m [37m/wd/hub/session/e6528265-e27e-410a-8ded-ad150a13083a/element/1e7c6213-5acf-42b3-991b-11fc40aaedc4/location[39m
[35m[HTTP][39m [90m{}[39m
[35m[W3C (e6528265)][39m Driver proxy active, passing request on via HTTP proxy
[35m[WD Proxy][39m Replacing sessionId d33bb9e3-00bc-41c8-92eb-34a64abbdc19 with e6528265-e27e-410a-8ded-ad150a13083a
[35m[HTTP][39m [37m<-- GET /wd/hub/session/e6528265-e27e-410a-8ded-ad150a13083a/element/1e7c6213-5acf-42b3-991b-11fc40aaedc4/location [39m[32m200[39m [90m66 ms - 88[39m
[35m[HTTP][39m [90m[39m
[35m[HTTP][39m [37m-->[39m [37mPOST[39m [37m/wd/hub/session/e6528265-e27e-410a-8ded-ad150a13083a/timeouts[39m
[35m[HTTP][39m [90m{"implicit":30000}[39m
[35m[HTTP][39m [37m<-- POST /wd/hub/session/e6528265-e27e-410a-8ded-ad150a13083a/timeouts [39m[32m200[39m [90m2 ms - 14[39m
[35m[HTTP][39m [90m[39m
[35m[HTTP][39m [37m-->[39m [37mPOST[39m [37m/wd/hub/session/e6528265-e27e-410a-8ded-ad150a13083a/element/1e7c6213-5acf-42b3-991b-11fc40aaedc4/clear[39m
[35m[HTTP][39m [90m{"id":"1e7c6213-5acf-42b3-991b-11fc40aaedc4"}[39m
[35m[HTTP][39m [37m<-- POST /wd/hub/session/e6528265-e27e-410a-8ded-ad150a13083a/element/1e7c6213-5acf-42b3-991b-11fc40aaedc4/clear [39m[32m200[39m [90m62 ms - 27[39m
[35m[HTTP][39m [90m[39m
[35m[HTTP][39m [37m-->[39m [37mPOST[39m [37m/wd/hub/session/e6528265-e27e-410a-8ded-ad150a13083a/element/1e7c6213-5acf-42b3-991b-11fc40aaedc4/value[39m
[35m[HTTP][39m [90m{"id":"1e7c6213-5acf-42b3-991b-11fc40aaedc4","text":"Ranka colony","value":["R","a","n","k","a"," ","c","o","l","o","n","y"]}[39m
[35m[HTTP][39m [37m<-- POST /wd/hub/session/e6528265-e27e-410a-8ded-ad150a13083a/element/1e7c6213-5acf-42b3-991b-11fc40aaedc4/value [39m[32m200[39m [90m1293 ms - 12[39m
[35m[HTTP][39m [90m[39m
[35m[HTTP][39m [37m-->[39m [37mPOST[39m [37m/wd/hub/session/e6528265-e27e-410a-8ded-ad150a13083a/timeouts[39m
[35m[HTTP][39m [90m{"implicit":50}[39m
[35m[HTTP][39m [37m<-- POST /wd/hub/session/e6528265-e27e-410a-8ded-ad150a13083a/timeouts [39m[32m200[39m [90m5 ms - 14[39m
[35m[HTTP][39m [90m[39m
[35m[HTTP][39m [37m-->[39m [37mGET[39m [37m/wd/hub/session/e6528265-e27e-410a-8ded-ad150a13083a/window/rect[39m
[35m[HTTP][39m [90m{}[39m
[35m[HTTP][39m [37m<-- GET /wd/hub/session/e6528265-e27e-410a-8ded-ad150a13083a/window/rect [39m[32m200[39m [90m37 ms - 50[39m
[35m[HTTP][39m [90m[39m
[35m[HTTP][39m [37m-->[39m [37mPOST[39m [37m/wd/hub/session/e6528265-e27e-410a-8ded-ad150a13083a/elements[39m
[35m[HTTP][39m [90m{"using":"-android uiautomator","value":"new UiSelector().className(\"android.widget.TextView\").text(\"Ranka Colony, Bilekahalli, Bengaluru, Karnataka, India\")"}[39m
[35m[HTTP][39m [37m<-- POST /wd/hub/session/e6528265-e27e-410a-8ded-ad150a13083a/elements [39m[32m200[39m [90m821 ms - 139[39m
[35m[HTTP][39m [90m[39m
[35m[HTTP][39m [37m-->[39m [37mGET[39m [37m/wd/hub/session/e6528265-e27e-410a-8ded-ad150a13083a/element/cf2581a0-177a-4a11-84c4-8bb7bbbd0a5a/location[39m
[35m[HTTP][39m [90m{}[39m
[35m[W3C (e6528265)][39m Driver proxy active, passing request on via HTTP proxy
[35m[WD Proxy][39m Replacing sessionId d33bb9e3-00bc-41c8-92eb-34a64abbdc19 with e6528265-e27e-410a-8ded-ad150a13083a
[35m[HTTP][39m [37m<-- GET /wd/hub/session/e6528265-e27e-410a-8ded-ad150a13083a/element/cf2581a0-177a-4a11-84c4-8bb7bbbd0a5a/location [39m[32m200[39m [90m55 ms - 88[39m
[35m[HTTP][39m [90m[39m
[35m[HTTP][39m [37m-->[39m [37mPOST[39m [37m/wd/hub/session/e6528265-e27e-410a-8ded-ad150a13083a/timeouts[39m
[35m[HTTP][39m [90m{"implicit":30000}[39m
[35m[HTTP][39m [37m<-- POST /wd/hub/session/e6528265-e27e-410a-8ded-ad150a13083a/timeouts [39m[32m200[39m [90m2 ms - 14[39m
[35m[HTTP][39m [90m[39m
[35m[HTTP][39m [37m-->[39m [37mPOST[39m [37m/wd/hub/session/e6528265-e27e-410a-8ded-ad150a13083a/touch/perform[39m
[35m[HTTP][39m [90m{"actions":[{"action":"tap","options":{"x":1,"y":1,"element":"cf2581a0-177a-4a11-84c4-8bb7bbbd0a5a"}},{"action":"release","options":{}}]}[39m
[35m[UiAutomator2][39m calling get location: cf2581a0-177a-4a11-84c4-8bb7bbbd0a5a
[35m[HTTP][39m [37m<-- POST /wd/hub/session/e6528265-e27e-410a-8ded-ad150a13083a/touch/perform [39m[32m200[39m [90m1191 ms - 14[39m
[35m[HTTP][39m [90m[39m
[35m[HTTP][39m [37m-->[39m [37mPOST[39m [37m/wd/hub/session/e6528265-e27e-410a-8ded-ad150a13083a/timeouts[39m
[35m[HTTP][39m [90m{"implicit":50}[39m
[35m[HTTP][39m [37m<-- POST /wd/hub/session/e6528265-e27e-410a-8ded-ad150a13083a/timeouts [39m[32m200[39m [90m2 ms - 14[39m
[35m[HTTP][39m [90m[39m
[35m[HTTP][39m [37m-->[39m [37mGET[39m [37m/wd/hub/session/e6528265-e27e-410a-8ded-ad150a13083a/window/rect[39m
[35m[HTTP][39m [90m{}[39m
[35m[HTTP][39m [37m<-- GET /wd/hub/session/e6528265-e27e-410a-8ded-ad150a13083a/window/rect [39m[32m200[39m [90m28 ms - 50[39m
[35m[HTTP][39m [90m[39m
[35m[HTTP][39m [37m-->[39m [37mPOST[39m [37m/wd/hub/session/e6528265-e27e-410a-8ded-ad150a13083a/elements[39m
[35m[HTTP][39m [90m{"using":"-android uiautomator","value":"new UiSelector().className(\"android.widget.TextView\").text(\"Enter Drop Location\")"}[39m
[35m[HTTP][39m [37m<-- POST /wd/hub/session/e6528265-e27e-410a-8ded-ad150a13083a/elements [39m[32m200[39m [90m108 ms - 139[39m
[35m[HTTP][39m [90m[39m
[35m[HTTP][39m [37m-->[39m [37mGET[39m [37m/wd/hub/session/e6528265-e27e-410a-8ded-ad150a13083a/element/f714ee93-69c1-4f81-9f69-cf98a786217d/location[39m
[35m[HTTP][39m [90m{}[39m
[35m[W3C (e6528265)][39m Driver proxy active, passing request on via HTTP proxy
[35m[WD Proxy][39m Replacing sessionId d33bb9e3-00bc-41c8-92eb-34a64abbdc19 with e6528265-e27e-410a-8ded-ad150a13083a
[35m[HTTP][39m [37m<-- GET /wd/hub/session/e6528265-e27e-410a-8ded-ad150a13083a/element/f714ee93-69c1-4f81-9f69-cf98a786217d/location [39m[32m200[39m [90m54 ms - 89[39m
[35m[HTTP][39m [90m[39m
[35m[HTTP][39m [37m-->[39m [37mPOST[39m [37m/wd/hub/session/e6528265-e27e-410a-8ded-ad150a13083a/timeouts[39m
[35m[HTTP][39m [90m{"implicit":30000}[39m
[35m[HTTP][39m [37m<-- POST /wd/hub/session/e6528265-e27e-410a-8ded-ad150a13083a/timeouts [39m[32m200[39m [90m3 ms - 14[39m
[35m[HTTP][39m [90m[39m
[35m[HTTP][39m [37m-->[39m [37mPOST[39m [37m/wd/hub/session/e6528265-e27e-410a-8ded-ad150a13083a/touch/perform[39m
[35m[HTTP][39m [90m{"actions":[{"action":"tap","options":{"x":1,"y":1,"element":"f714ee93-69c1-4f81-9f69-cf98a786217d"}},{"action":"release","options":{}}]}[39m
[35m[UiAutomator2][39m calling get location: f714ee93-69c1-4f81-9f69-cf98a786217d
[35m[HTTP][39m [37m<-- POST /wd/hub/session/e6528265-e27e-410a-8ded-ad150a13083a/touch/perform [39m[32m200[39m [90m1368 ms - 14[39m
[35m[HTTP][39m [90m[39m
[35m[HTTP][39m [37m-->[39m [37mPOST[39m [37m/wd/hub/session/e6528265-e27e-410a-8ded-ad150a13083a/timeouts[39m
[35m[HTTP][39m [90m{"implicit":50}[39m
[35m[HTTP][39m [37m<-- POST /wd/hub/session/e6528265-e27e-410a-8ded-ad150a13083a/timeouts [39m[32m200[39m [90m2 ms - 14[39m
[35m[HTTP][39m [90m[39m
[35m[HTTP][39m [37m-->[39m [37mGET[39m [37m/wd/hub/session/e6528265-e27e-410a-8ded-ad150a13083a/window/rect[39m
[35m[HTTP][39m [90m{}[39m
[35m[HTTP][39m [37m<-- GET /wd/hub/session/e6528265-e27e-410a-8ded-ad150a13083a/window/rect [39m[32m200[39m [90m31 ms - 50[39m
[35m[HTTP][39m [90m[39m
[35m[HTTP][39m [37m-->[39m [37mPOST[39m [37m/wd/hub/session/e6528265-e27e-410a-8ded-ad150a13083a/elements[39m
[35m[HTTP][39m [90m{"using":"-android uiautomator","value":"new UiSelector().className(\"android.widget.EditText\").text(\"Search for locality or place\")"}[39m
[35m[HTTP][39m [37m<-- POST /wd/hub/session/e6528265-e27e-410a-8ded-ad150a13083a/elements [39m[32m200[39m [90m75 ms - 139[39m
[35m[HTTP][39m [90m[39m
[35m[HTTP][39m [37m-->[39m [37mGET[39m [37m/wd/hub/session/e6528265-e27e-410a-8ded-ad150a13083a/element/d7d321aa-db42-4480-b1da-d0c882e26f62/location[39m
[35m[HTTP][39m [90m{}[39m
[35m[W3C (e6528265)][39m Driver proxy active, passing request on via HTTP proxy
[35m[WD Proxy][39m Replacing sessionId d33bb9e3-00bc-41c8-92eb-34a64abbdc19 with e6528265-e27e-410a-8ded-ad150a13083a
[35m[HTTP][39m [37m<-- GET /wd/hub/session/e6528265-e27e-410a-8ded-ad150a13083a/element/d7d321aa-db42-4480-b1da-d0c882e26f62/location [39m[32m200[39m [90m47 ms - 88[39m
[35m[HTTP][39m [90m[39m
[35m[HTTP][39m [37m-->[39m [37mPOST[39m [37m/wd/hub/session/e6528265-e27e-410a-8ded-ad150a13083a/timeouts[39m
[35m[HTTP][39m [90m{"implicit":30000}[39m
[35m[HTTP][39m [37m<-- POST /wd/hub/session/e6528265-e27e-410a-8ded-ad150a13083a/timeouts [39m[32m200[39m [90m3 ms - 14[39m
[35m[HTTP][39m [90m[39m
[35m[HTTP][39m [37m-->[39m [37mPOST[39m [37m/wd/hub/session/e6528265-e27e-410a-8ded-ad150a13083a/element/d7d321aa-db42-4480-b1da-d0c882e26f62/clear[39m
[35m[HTTP][39m [90m{"id":"d7d321aa-db42-4480-b1da-d0c882e26f62"}[39m
[35m[HTTP][39m [37m<-- POST /wd/hub/session/e6528265-e27e-410a-8ded-ad150a13083a/element/d7d321aa-db42-4480-b1da-d0c882e26f62/clear [39m[32m200[39m [90m60 ms - 27[39m
[35m[HTTP][39m [90m[39m
[35m[HTTP][39m [37m-->[39m [37mPOST[39m [37m/wd/hub/session/e6528265-e27e-410a-8ded-ad150a13083a/element/d7d321aa-db42-4480-b1da-d0c882e26f62/value[39m
[35m[HTTP][39m [90m{"id":"d7d321aa-db42-4480-b1da-d0c882e26f62","text":"silk board","value":["s","i","l","k"," ","b","o","a","r","d"]}[39m
[35m[HTTP][39m [37m<-- POST /wd/hub/session/e6528265-e27e-410a-8ded-ad150a13083a/element/d7d321aa-db42-4480-b1da-d0c882e26f62/value [39m[32m200[39m [90m1289 ms - 12[39m
[35m[HTTP][39m [90m[39m
[35m[HTTP][39m [37m-->[39m [37mPOST[39m [37m/wd/hub/session/e6528265-e27e-410a-8ded-ad150a13083a/timeouts[39m
[35m[HTTP][39m [90m{"implicit":50}[39m
[35m[HTTP][39m [37m<-- POST /wd/hub/session/e6528265-e27e-410a-8ded-ad150a13083a/timeouts [39m[32m200[39m [90m2 ms - 14[39m
[35m[HTTP][39m [90m[39m
[35m[HTTP][39m [37m-->[39m [37mGET[39m [37m/wd/hub/session/e6528265-e27e-410a-8ded-ad150a13083a/window/rect[39m
[35m[HTTP][39m [90m{}[39m
[35m[HTTP][39m [37m<-- GET /wd/hub/session/e6528265-e27e-410a-8ded-ad150a13083a/window/rect [39m[32m200[39m [90m64 ms - 50[39m
[35m[HTTP][39m [90m[39m
[35m[HTTP][39m [37m-->[39m [37mPOST[39m [37m/wd/hub/session/e6528265-e27e-410a-8ded-ad150a13083a/elements[39m
[35m[HTTP][39m [90m{"using":"-android uiautomator","value":"new UiSelector().className(\"android.widget.TextView\").text(\"Silk board bus stand, Central Silk Board Colony, Stage 2, BTM Layout, Bengaluru, Karnataka, India\")"}[39m
[35m[HTTP][39m [37m<-- POST /wd/hub/session/e6528265-e27e-410a-8ded-ad150a13083a/elements [39m[32m200[39m [90m787 ms - 139[39m
[35m[HTTP][39m [90m[39m
[35m[HTTP][39m [37m-->[39m [37mGET[39m [37m/wd/hub/session/e6528265-e27e-410a-8ded-ad150a13083a/element/6dc088d4-5ab1-49b8-ac11-f9e1c90a15cc/location[39m
[35m[HTTP][39m [90m{}[39m
[35m[W3C (e6528265)][39m Driver proxy active, passing request on via HTTP proxy
[35m[WD Proxy][39m Replacing sessionId d33bb9e3-00bc-41c8-92eb-34a64abbdc19 with e6528265-e27e-410a-8ded-ad150a13083a
[35m[HTTP][39m [37m<-- GET /wd/hub/session/e6528265-e27e-410a-8ded-ad150a13083a/element/6dc088d4-5ab1-49b8-ac11-f9e1c90a15cc/location [39m[32m200[39m [90m50 ms - 88[39m
[35m[HTTP][39m [90m[39m
[35m[HTTP][39m [37m-->[39m [37mPOST[39m [37m/wd/hub/session/e6528265-e27e-410a-8ded-ad150a13083a/timeouts[39m
[35m[HTTP][39m [90m{"implicit":30000}[39m
[35m[HTTP][39m [37m<-- POST /wd/hub/session/e6528265-e27e-410a-8ded-ad150a13083a/timeouts [39m[32m200[39m [90m2 ms - 14[39m
[35m[HTTP][39m [90m[39m
[35m[HTTP][39m [37m-->[39m [37mPOST[39m [37m/wd/hub/session/e6528265-e27e-410a-8ded-ad150a13083a/touch/perform[39m
[35m[HTTP][39m [90m{"actions":[{"action":"tap","options":{"x":1,"y":1,"element":"6dc088d4-5ab1-49b8-ac11-f9e1c90a15cc"}},{"action":"release","options":{}}]}[39m
[35m[UiAutomator2][39m calling get location: 6dc088d4-5ab1-49b8-ac11-f9e1c90a15cc
[35m[HTTP][39m [37m<-- POST /wd/hub/session/e6528265-e27e-410a-8ded-ad150a13083a/touch/perform [39m[32m200[39m [90m1132 ms - 14[39m
[35m[HTTP][39m [90m[39m
[35m[HTTP][39m [37m-->[39m [37mPOST[39m [37m/wd/hub/session/e6528265-e27e-410a-8ded-ad150a13083a/timeouts[39m
[35m[HTTP][39m [90m{"implicit":50}[39m
[35m[HTTP][39m [37m<-- POST /wd/hub/session/e6528265-e27e-410a-8ded-ad150a13083a/timeouts [39m[32m200[39m [90m3 ms - 14[39m
[35m[HTTP][39m [90m[39m
[35m[HTTP][39m [37m-->[39m [37mGET[39m [37m/wd/hub/session/e6528265-e27e-410a-8ded-ad150a13083a/window/rect[39m
[35m[HTTP][39m [90m{}[39m
[35m[HTTP][39m [37m<-- GET /wd/hub/session/e6528265-e27e-410a-8ded-ad150a13083a/window/rect [39m[32m200[39m [90m32 ms - 50[39m
[35m[HTTP][39m [90m[39m
[35m[HTTP][39m [37m-->[39m [37mPOST[39m [37m/wd/hub/session/e6528265-e27e-410a-8ded-ad150a13083a/elements[39m
[35m[HTTP][39m [90m{"using":"-android uiautomator","value":"new UiSelector().className(\"android.widget.TextView\").text(\"Book Ride\")"}[39m
[35m[HTTP][39m [37m<-- POST /wd/hub/session/e6528265-e27e-410a-8ded-ad150a13083a/elements [39m[32m200[39m [90m94 ms - 139[39m
[35m[HTTP][39m [90m[39m
[35m[HTTP][39m [37m-->[39m [37mGET[39m [37m/wd/hub/session/e6528265-e27e-410a-8ded-ad150a13083a/element/4abd7d69-1a50-4570-9b3e-24a2727668e7/location[39m
[35m[HTTP][39m [90m{}[39m
[35m[W3C (e6528265)][39m Driver proxy active, passing request on via HTTP proxy
[35m[WD Proxy][39m Replacing sessionId d33bb9e3-00bc-41c8-92eb-34a64abbdc19 with e6528265-e27e-410a-8ded-ad150a13083a
[35m[HTTP][39m [37m<-- GET /wd/hub/session/e6528265-e27e-410a-8ded-ad150a13083a/element/4abd7d69-1a50-4570-9b3e-24a2727668e7/location [39m[32m200[39m [90m52 ms - 90[39m
[35m[HTTP][39m [90m[39m
[35m[HTTP][39m [37m-->[39m [37mPOST[39m [37m/wd/hub/session/e6528265-e27e-410a-8ded-ad150a13083a/timeouts[39m
[35m[HTTP][39m [90m{"implicit":30000}[39m
[35m[HTTP][39m [37m<-- POST /wd/hub/session/e6528265-e27e-410a-8ded-ad150a13083a/timeouts [39m[32m200[39m [90m2 ms - 14[39m
[35m[HTTP][39m [90m[39m
[35m[HTTP][39m [37m-->[39m [37mPOST[39m [37m/wd/hub/session/e6528265-e27e-410a-8ded-ad150a13083a/touch/perform[39m
[35m[HTTP][39m [90m{"actions":[{"action":"tap","options":{"x":1,"y":1,"element":"4abd7d69-1a50-4570-9b3e-24a2727668e7"}},{"action":"release","options":{}}]}[39m
[35m[UiAutomator2][39m calling get location: 4abd7d69-1a50-4570-9b3e-24a2727668e7
[35m[HTTP][39m [37m<-- POST /wd/hub/session/e6528265-e27e-410a-8ded-ad150a13083a/touch/perform [39m[32m200[39m [90m1124 ms - 14[39m
[35m[HTTP][39m [90m[39m
[35m[HTTP][39m [37m-->[39m [37mPOST[39m [37m/wd/hub/session/e6528265-e27e-410a-8ded-ad150a13083a/timeouts[39m
[35m[HTTP][39m [90m{"implicit":50}[39m
[35m[HTTP][39m [37m<-- POST /wd/hub/session/e6528265-e27e-410a-8ded-ad150a13083a/timeouts [39m[32m200[39m [90m2 ms - 14[39m
[35m[HTTP][39m [90m[39m
[35m[HTTP][39m [37m-->[39m [37mGET[39m [37m/wd/hub/session/e6528265-e27e-410a-8ded-ad150a13083a/window/rect[39m
[35m[HTTP][39m [90m{}[39m
[35m[HTTP][39m [37m<-- GET /wd/hub/session/e6528265-e27e-410a-8ded-ad150a13083a/window/rect [39m[32m200[39m [90m42 ms - 50[39m
[35m[HTTP][39m [90m[39m
[35m[HTTP][39m [37m-->[39m [37mPOST[39m [37m/wd/hub/session/e6528265-e27e-410a-8ded-ad150a13083a/elements[39m
[35m[HTTP][39m [90m{"using":"-android uiautomator","value":"new UiSelector().className(\"android.widget.TextView\").text(\"Request Taxi\")"}[39m
[35m[HTTP][39m [37m<-- POST /wd/hub/session/e6528265-e27e-410a-8ded-ad150a13083a/elements [39m[32m200[39m [90m116 ms - 139[39m
[35m[HTTP][39m [90m[39m
[35m[HTTP][39m [37m-->[39m [37mGET[39m [37m/wd/hub/session/e6528265-e27e-410a-8ded-ad150a13083a/element/6b19df56-dc47-4343-879d-ceb39c7c57f1/location[39m
[35m[HTTP][39m [90m{}[39m
[35m[W3C (e6528265)][39m Driver proxy active, passing request on via HTTP proxy
[35m[WD Proxy][39m Replacing sessionId d33bb9e3-00bc-41c8-92eb-34a64abbdc19 with e6528265-e27e-410a-8ded-ad150a13083a
[35m[HTTP][39m [37m<-- GET /wd/hub/session/e6528265-e27e-410a-8ded-ad150a13083a/element/6b19df56-dc47-4343-879d-ceb39c7c57f1/location [39m[32m200[39m [90m57 ms - 90[39m
[35m[HTTP][39m [90m[39m
[35m[HTTP][39m [37m-->[39m [37mPOST[39m [37m/wd/hub/session/e6528265-e27e-410a-8ded-ad150a13083a/timeouts[39m
[35m[HTTP][39m [90m{"implicit":30000}[39m
[35m[HTTP][39m [37m<-- POST /wd/hub/session/e6528265-e27e-410a-8ded-ad150a13083a/timeouts [39m[32m200[39m [90m1 ms - 14[39m
[35m[HTTP][39m [90m[39m
[35m[HTTP][39m [37m-->[39m [37mPOST[39m [37m/wd/hub/session/e6528265-e27e-410a-8ded-ad150a13083a/touch/perform[39m
[35m[HTTP][39m [90m{"actions":[{"action":"tap","options":{"x":1,"y":1,"element":"6b19df56-dc47-4343-879d-ceb39c7c57f1"}},{"action":"release","options":{}}]}[39m
[35m[UiAutomator2][39m calling get location: 6b19df56-dc47-4343-879d-ceb39c7c57f1
[35m[HTTP][39m [37m<-- POST /wd/hub/session/e6528265-e27e-410a-8ded-ad150a13083a/touch/perform [39m[32m200[39m [90m1298 ms - 14[39m
[35m[HTTP][39m [90m[39m
[35m[BaseDriver][39m Shutting down because we waited 1800 seconds for a command
[35m[Appium][39m Closing session, cause was 'New Command Timeout of 1800 seconds expired. Try customizing the timeout using the 'newCommandTimeout' desired capability'
[35m[Appium][39m Removing session e6528265-e27e-410a-8ded-ad150a13083a from our master session list
[35m[WD Proxy][39m Got an unexpected response: {"code":"ECONNRESET"}
[35m[UiAutomator2][39m Did not get confirmation UiAutomator2 deleteSession worked; Error was: UnknownError: An unknown server-side error occurred while processing the command. Original error: Could not proxy command to remote server. Original error: Error: socket hang up
[35m[ADB][39m io.nativebase.market.geekyants.taxiapprider was not uninstalled, because it was not present on the device
[35m[UiAutomator2][39m Restoring hidden api policy to the device default configuration
[35m[Appium][39m Received SIGTERM - shutting down
