[35m[Appium][39m Welcome to Appium v1.14.0
[35m[Appium][39m Non-default server args:
[35m[Appium][39m   port: 50842
[35m[Appium][39m   loglevel: info
[35m[Appium][39m   chromeDriverPort: 50843
[35m[Appium][39m   tmpDir: /var/folders/38/x4crs4qx0hn0r3_szny2t9sw0000gn/T//Katalon/Appium/Temp1565539586698
[35m[Appium][39m Appium REST http interface listener started on 0.0.0.0:50842
[35m[HTTP][39m [37m-->[39m [37mGET[39m [37m/wd/hub/status[39m
[35m[HTTP][39m [90m{}[39m
[35m[HTTP][39m [37m<-- GET /wd/hub/status [39m[32m200[39m [90m6 ms - 68[39m
[35m[HTTP][39m [90m[39m
[35m[HTTP][39m [37m-->[39m [37mPOST[39m [37m/wd/hub/session[39m
[35m[HTTP][39m [90m{"desiredCapabilities":{"app":"/Users/sumittulsyan/Downloads/app-release.apk","noReset":false,"deviceName":"emulator-5554 (Android SDK built for x86 - Android 9)","fullReset":true,"platform":"ANDROID","newCommandTimeout":1800,"platformVersion":"9","automationName":"uiautomator2","autoGrantPermissions":true,"platformName":"Android","udid":"emulator-5554","systemPort":50841},"capabilities":{"firstMatch":[{"appium:app":"/Users/sumittulsyan/Downloads/app-release.apk","appium:autoGrantPermissions":true,"appium:automationName":"uiautomator2","appium:deviceName":"emulator-5554 (Android SDK built for x86 - Android 9)","appium:fullReset":true,"appium:newCommandTimeout":1800,"appium:noReset":false,"platform":"ANDROID","platformName":"android","appium:platformVersion":"9","appium:systemPort":50841,"appium:udid":"emulator-5554"}]}}[39m
[35m[BaseDriver][39m The capabilities ["platform"] are not standard capabilities and should have an extension prefix
[35m[Appium][39m Appium v1.14.0 creating new AndroidUiautomator2Driver (v1.33.1) session
[35m[Appium][39m Capabilities:
[35m[Appium][39m   platform: ANDROID
[35m[Appium][39m   platformName: android
[35m[Appium][39m   app: /Users/sumittulsyan/Downloads/app-release.apk
[35m[Appium][39m   autoGrantPermissions: true
[35m[Appium][39m   automationName: uiautomator2
[35m[Appium][39m   deviceName: emulator-5554 (Android SDK built for x86 - Android 9)
[35m[Appium][39m   fullReset: true
[35m[Appium][39m   newCommandTimeout: 1800
[35m[Appium][39m   noReset: false
[35m[Appium][39m   platformVersion: 9
[35m[Appium][39m   systemPort: 50841
[35m[Appium][39m   udid: emulator-5554
[35m[BaseDriver][39m The following capabilities were provided, but are not recognized by Appium:
[35m[BaseDriver][39m   platform
[35m[BaseDriver][39m Session created with session id: a84d1bc6-81b6-4bca-ba95-036dd28720ae
[35m[BaseDriver][39m Using local app '/Users/sumittulsyan/Downloads/app-release.apk'
[35m[ADB][39m Found 1 'build-tools' folders under '/Users/sumittulsyan/.katalon/tools/android_sdk' (newest first):
[35m[ADB][39m     /Users/sumittulsyan/.katalon/tools/android_sdk/build-tools/29.0.1
[35m[ADB][39m Using 'adb' from '/Users/sumittulsyan/.katalon/tools/android_sdk/platform-tools/adb'
[35m[AndroidDriver][39m Retrieving device list
[35m[AndroidDriver][39m Using device: emulator-5554
[35m[ADB][39m Using 'adb' from '/Users/sumittulsyan/.katalon/tools/android_sdk/platform-tools/adb'
[35m[UiAutomator2][39m Relaxing hidden api policy
[35m[ADB][39m Using 'apkanalyzer' from '/Users/sumittulsyan/.katalon/tools/android_sdk/tools/bin/apkanalyzer'
[35m[ADB][39m Package name: 'io.nativebase.market.geekyants.taxiappdriver'
[35m[ADB][39m Main activity name: 'io.nativebase.market.geekyants.taxiappdriver.MainActivity'
[35m[ADB][39m Using 'aapt' from '/Users/sumittulsyan/.katalon/tools/android_sdk/build-tools/29.0.1/aapt'
[35m[ADB][39m Using 'apksigner' from '/Users/sumittulsyan/.katalon/tools/android_sdk/build-tools/29.0.1/apksigner'
[35m[UiAutomator2][39m Server packages are not going to be (re)installed
[35m[ADB][39m io.nativebase.market.geekyants.taxiappdriver was not uninstalled, because it was not present on the device
[35m[ADB][39m The application at '/Users/sumittulsyan/Downloads/app-release.apk' is already cached to '/data/local/tmp/appium_cache/0a4c298d81fa9fed8129162356ad8641ab361e22.apk'
[35m[ADB][39m The installation of 'app-release.apk' took 7.893s
[35m[UiAutomator2][39m Starting UIAutomator2 server 3.7.0
[35m[UiAutomator2][39m Using UIAutomator2 server from '/Users/sumittulsyan/Downloads/appium-mobile-test/node_modules/appium-uiautomator2-server/apks/appium-uiautomator2-server-v3.7.0.apk' and test from '/Users/sumittulsyan/Downloads/appium-mobile-test/node_modules/appium-uiautomator2-server/apks/appium-uiautomator2-server-debug-androidTest.apk'
[35m[UiAutomator2][39m Waiting up to 30000ms for UiAutomator2 to be online...
[35m[WD Proxy][39m Got an unexpected response: {"code":"ECONNRESET"}
[35m[WD Proxy][39m Got an unexpected response: {"code":"ECONNRESET"}
[35m[AndroidDriver][39m Screen already unlocked, doing nothing
[35m[UiAutomator2][39m UiAutomator2 did not start the activity we were waiting for, 'io.nativebase.market.geekyants.taxiappdriver/io.nativebase.market.geekyants.taxiappdriver.MainActivity'. Starting it ourselves
[35m[Appium][39m New AndroidUiautomator2Driver session created successfully, session a84d1bc6-81b6-4bca-ba95-036dd28720ae added to master session list
[35m[HTTP][39m [37m<-- POST /wd/hub/session [39m[32m200[39m [90m21161 ms - 1264[39m
[35m[HTTP][39m [90m[39m
[35m[HTTP][39m [37m-->[39m [37mGET[39m [37m/wd/hub/session/a84d1bc6-81b6-4bca-ba95-036dd28720ae[39m
[35m[HTTP][39m [90m{}[39m
[35m[HTTP][39m [37m<-- GET /wd/hub/session/a84d1bc6-81b6-4bca-ba95-036dd28720ae [39m[32m200[39m [90m55 ms - 1196[39m
[35m[HTTP][39m [90m[39m
[35m[HTTP][39m [37m-->[39m [37mGET[39m [37m/wd/hub/session/a84d1bc6-81b6-4bca-ba95-036dd28720ae[39m
[35m[HTTP][39m [90m{}[39m
[35m[HTTP][39m [37m<-- GET /wd/hub/session/a84d1bc6-81b6-4bca-ba95-036dd28720ae [39m[32m200[39m [90m14 ms - 1196[39m
[35m[HTTP][39m [90m[39m
[35m[HTTP][39m [37m-->[39m [37mGET[39m [37m/wd/hub/status[39m
[35m[HTTP][39m [90m{}[39m
[35m[HTTP][39m [37m<-- GET /wd/hub/status [39m[32m200[39m [90m1 ms - 68[39m
[35m[HTTP][39m [90m[39m
[35m[HTTP][39m [37m-->[39m [37mPOST[39m [37m/wd/hub/session/a84d1bc6-81b6-4bca-ba95-036dd28720ae/timeouts[39m
[35m[HTTP][39m [90m{"implicit":30000}[39m
[35m[HTTP][39m [37m<-- POST /wd/hub/session/a84d1bc6-81b6-4bca-ba95-036dd28720ae/timeouts [39m[32m200[39m [90m5 ms - 14[39m
[35m[HTTP][39m [90m[39m
[35m[HTTP][39m [37m-->[39m [37mPOST[39m [37m/wd/hub/session/a84d1bc6-81b6-4bca-ba95-036dd28720ae/timeouts[39m
[35m[HTTP][39m [90m{"implicit":50}[39m
[35m[HTTP][39m [37m<-- POST /wd/hub/session/a84d1bc6-81b6-4bca-ba95-036dd28720ae/timeouts [39m[32m200[39m [90m3 ms - 14[39m
[35m[HTTP][39m [90m[39m
[35m[HTTP][39m [37m-->[39m [37mGET[39m [37m/wd/hub/session/a84d1bc6-81b6-4bca-ba95-036dd28720ae/window/rect[39m
[35m[HTTP][39m [90m{}[39m
[35m[HTTP][39m [37m<-- GET /wd/hub/session/a84d1bc6-81b6-4bca-ba95-036dd28720ae/window/rect [39m[32m200[39m [90m35 ms - 50[39m
[35m[HTTP][39m [90m[39m
[35m[HTTP][39m [37m-->[39m [37mPOST[39m [37m/wd/hub/session/a84d1bc6-81b6-4bca-ba95-036dd28720ae/elements[39m
[35m[HTTP][39m [90m{"using":"-android uiautomator","value":"new UiSelector().className(\"android.widget.TextView\").text(\"Register\")"}[39m
[35m[HTTP][39m [37m<-- POST /wd/hub/session/a84d1bc6-81b6-4bca-ba95-036dd28720ae/elements [39m[32m200[39m [90m179 ms - 12[39m
[35m[HTTP][39m [90m[39m
[35m[HTTP][39m [37m-->[39m [37mPOST[39m [37m/wd/hub/session/a84d1bc6-81b6-4bca-ba95-036dd28720ae/elements[39m
[35m[HTTP][39m [90m{"using":"-android uiautomator","value":"new UiSelector().className(\"android.widget.TextView\").text(\"Register\")"}[39m
[35m[HTTP][39m [37m<-- POST /wd/hub/session/a84d1bc6-81b6-4bca-ba95-036dd28720ae/elements [39m[32m200[39m [90m61 ms - 12[39m
[35m[HTTP][39m [90m[39m
[35m[HTTP][39m [37m-->[39m [37mPOST[39m [37m/wd/hub/session/a84d1bc6-81b6-4bca-ba95-036dd28720ae/elements[39m
[35m[HTTP][39m [90m{"using":"-android uiautomator","value":"new UiSelector().className(\"android.widget.TextView\").text(\"Register\")"}[39m
[35m[HTTP][39m [37m<-- POST /wd/hub/session/a84d1bc6-81b6-4bca-ba95-036dd28720ae/elements [39m[32m200[39m [90m74 ms - 12[39m
[35m[HTTP][39m [90m[39m
[35m[HTTP][39m [37m-->[39m [37mPOST[39m [37m/wd/hub/session/a84d1bc6-81b6-4bca-ba95-036dd28720ae/elements[39m
[35m[HTTP][39m [90m{"using":"-android uiautomator","value":"new UiSelector().className(\"android.widget.TextView\").text(\"Register\")"}[39m
[35m[HTTP][39m [37m<-- POST /wd/hub/session/a84d1bc6-81b6-4bca-ba95-036dd28720ae/elements [39m[32m200[39m [90m53 ms - 12[39m
[35m[HTTP][39m [90m[39m
[35m[HTTP][39m [37m-->[39m [37mPOST[39m [37m/wd/hub/session/a84d1bc6-81b6-4bca-ba95-036dd28720ae/elements[39m
[35m[HTTP][39m [90m{"using":"-android uiautomator","value":"new UiSelector().className(\"android.widget.TextView\").text(\"Register\")"}[39m
[35m[HTTP][39m [37m<-- POST /wd/hub/session/a84d1bc6-81b6-4bca-ba95-036dd28720ae/elements [39m[32m200[39m [90m72 ms - 12[39m
[35m[HTTP][39m [90m[39m
[35m[HTTP][39m [37m-->[39m [37mPOST[39m [37m/wd/hub/session/a84d1bc6-81b6-4bca-ba95-036dd28720ae/elements[39m
[35m[HTTP][39m [90m{"using":"-android uiautomator","value":"new UiSelector().className(\"android.widget.TextView\").text(\"Register\")"}[39m
[35m[HTTP][39m [37m<-- POST /wd/hub/session/a84d1bc6-81b6-4bca-ba95-036dd28720ae/elements [39m[32m200[39m [90m151 ms - 12[39m
[35m[HTTP][39m [90m[39m
[35m[HTTP][39m [37m-->[39m [37mPOST[39m [37m/wd/hub/session/a84d1bc6-81b6-4bca-ba95-036dd28720ae/elements[39m
[35m[HTTP][39m [90m{"using":"-android uiautomator","value":"new UiSelector().className(\"android.widget.TextView\").text(\"Register\")"}[39m
[35m[HTTP][39m [37m<-- POST /wd/hub/session/a84d1bc6-81b6-4bca-ba95-036dd28720ae/elements [39m[32m200[39m [90m53 ms - 12[39m
[35m[HTTP][39m [90m[39m
[35m[HTTP][39m [37m-->[39m [37mPOST[39m [37m/wd/hub/session/a84d1bc6-81b6-4bca-ba95-036dd28720ae/elements[39m
[35m[HTTP][39m [90m{"using":"-android uiautomator","value":"new UiSelector().className(\"android.widget.TextView\").text(\"Register\")"}[39m
[35m[HTTP][39m [37m<-- POST /wd/hub/session/a84d1bc6-81b6-4bca-ba95-036dd28720ae/elements [39m[32m200[39m [90m215 ms - 12[39m
[35m[HTTP][39m [90m[39m
[35m[HTTP][39m [37m-->[39m [37mPOST[39m [37m/wd/hub/session/a84d1bc6-81b6-4bca-ba95-036dd28720ae/elements[39m
[35m[HTTP][39m [90m{"using":"-android uiautomator","value":"new UiSelector().className(\"android.widget.TextView\").text(\"Register\")"}[39m
[35m[HTTP][39m [37m<-- POST /wd/hub/session/a84d1bc6-81b6-4bca-ba95-036dd28720ae/elements [39m[32m200[39m [90m580 ms - 12[39m
[35m[HTTP][39m [90m[39m
[35m[HTTP][39m [37m-->[39m [37mPOST[39m [37m/wd/hub/session/a84d1bc6-81b6-4bca-ba95-036dd28720ae/elements[39m
[35m[HTTP][39m [90m{"using":"-android uiautomator","value":"new UiSelector().className(\"android.widget.TextView\").text(\"Register\")"}[39m
[35m[HTTP][39m [37m<-- POST /wd/hub/session/a84d1bc6-81b6-4bca-ba95-036dd28720ae/elements [39m[32m200[39m [90m714 ms - 12[39m
[35m[HTTP][39m [90m[39m
[35m[HTTP][39m [37m-->[39m [37mPOST[39m [37m/wd/hub/session/a84d1bc6-81b6-4bca-ba95-036dd28720ae/elements[39m
[35m[HTTP][39m [90m{"using":"-android uiautomator","value":"new UiSelector().className(\"android.widget.TextView\").text(\"Register\")"}[39m
[35m[HTTP][39m [37m<-- POST /wd/hub/session/a84d1bc6-81b6-4bca-ba95-036dd28720ae/elements [39m[32m200[39m [90m1467 ms - 12[39m
[35m[HTTP][39m [90m[39m
[35m[HTTP][39m [37m-->[39m [37mPOST[39m [37m/wd/hub/session/a84d1bc6-81b6-4bca-ba95-036dd28720ae/elements[39m
[35m[HTTP][39m [90m{"using":"-android uiautomator","value":"new UiSelector().className(\"android.widget.TextView\").text(\"Register\")"}[39m
[35m[HTTP][39m [37m<-- POST /wd/hub/session/a84d1bc6-81b6-4bca-ba95-036dd28720ae/elements [39m[32m200[39m [90m1211 ms - 139[39m
[35m[HTTP][39m [90m[39m
[35m[HTTP][39m [37m-->[39m [37mGET[39m [37m/wd/hub/session/a84d1bc6-81b6-4bca-ba95-036dd28720ae/element/b86ec67e-6485-4dd1-8003-7b05b5f2055d/location[39m
[35m[HTTP][39m [90m{}[39m
[35m[W3C (a84d1bc6)][39m Driver proxy active, passing request on via HTTP proxy
[35m[WD Proxy][39m Replacing sessionId 00154282-f2b7-45b0-91a2-9f6a38d92bbb with a84d1bc6-81b6-4bca-ba95-036dd28720ae
[35m[HTTP][39m [37m<-- GET /wd/hub/session/a84d1bc6-81b6-4bca-ba95-036dd28720ae/element/b86ec67e-6485-4dd1-8003-7b05b5f2055d/location [39m[32m200[39m [90m148 ms - 90[39m
[35m[HTTP][39m [90m[39m
[35m[HTTP][39m [37m-->[39m [37mPOST[39m [37m/wd/hub/session/a84d1bc6-81b6-4bca-ba95-036dd28720ae/timeouts[39m
[35m[HTTP][39m [90m{"implicit":30000}[39m
[35m[HTTP][39m [37m<-- POST /wd/hub/session/a84d1bc6-81b6-4bca-ba95-036dd28720ae/timeouts [39m[32m200[39m [90m3 ms - 14[39m
[35m[HTTP][39m [90m[39m
[35m[HTTP][39m [37m-->[39m [37mPOST[39m [37m/wd/hub/session/a84d1bc6-81b6-4bca-ba95-036dd28720ae/touch/perform[39m
[35m[HTTP][39m [90m{"actions":[{"action":"tap","options":{"x":1,"y":1,"element":"b86ec67e-6485-4dd1-8003-7b05b5f2055d"}},{"action":"release","options":{}}]}[39m
[35m[UiAutomator2][39m calling get location: b86ec67e-6485-4dd1-8003-7b05b5f2055d
[35m[HTTP][39m [37m<-- POST /wd/hub/session/a84d1bc6-81b6-4bca-ba95-036dd28720ae/touch/perform [39m[32m200[39m [90m2336 ms - 14[39m
[35m[HTTP][39m [90m[39m
[35m[HTTP][39m [37m-->[39m [37mPOST[39m [37m/wd/hub/session/a84d1bc6-81b6-4bca-ba95-036dd28720ae/timeouts[39m
[35m[HTTP][39m [90m{"implicit":50}[39m
[35m[HTTP][39m [37m<-- POST /wd/hub/session/a84d1bc6-81b6-4bca-ba95-036dd28720ae/timeouts [39m[32m200[39m [90m2 ms - 14[39m
[35m[HTTP][39m [90m[39m
[35m[HTTP][39m [37m-->[39m [37mGET[39m [37m/wd/hub/session/a84d1bc6-81b6-4bca-ba95-036dd28720ae/window/rect[39m
[35m[HTTP][39m [90m{}[39m
[35m[HTTP][39m [37m<-- GET /wd/hub/session/a84d1bc6-81b6-4bca-ba95-036dd28720ae/window/rect [39m[32m200[39m [90m33 ms - 50[39m
[35m[HTTP][39m [90m[39m
[35m[HTTP][39m [37m-->[39m [37mPOST[39m [37m/wd/hub/session/a84d1bc6-81b6-4bca-ba95-036dd28720ae/elements[39m
[35m[HTTP][39m [90m{"using":"-android uiautomator","value":"new UiSelector().className(\"android.widget.EditText\").text(\"First Name\")"}[39m
[35m[HTTP][39m [37m<-- POST /wd/hub/session/a84d1bc6-81b6-4bca-ba95-036dd28720ae/elements [39m[32m200[39m [90m74 ms - 139[39m
[35m[HTTP][39m [90m[39m
[35m[HTTP][39m [37m-->[39m [37mGET[39m [37m/wd/hub/session/a84d1bc6-81b6-4bca-ba95-036dd28720ae/element/88f275bb-1410-4958-b903-6a19af670063/location[39m
[35m[HTTP][39m [90m{}[39m
[35m[W3C (a84d1bc6)][39m Driver proxy active, passing request on via HTTP proxy
[35m[WD Proxy][39m Replacing sessionId 00154282-f2b7-45b0-91a2-9f6a38d92bbb with a84d1bc6-81b6-4bca-ba95-036dd28720ae
[35m[HTTP][39m [37m<-- GET /wd/hub/session/a84d1bc6-81b6-4bca-ba95-036dd28720ae/element/88f275bb-1410-4958-b903-6a19af670063/location [39m[32m200[39m [90m106 ms - 89[39m
[35m[HTTP][39m [90m[39m
[35m[HTTP][39m [37m-->[39m [37mPOST[39m [37m/wd/hub/session/a84d1bc6-81b6-4bca-ba95-036dd28720ae/timeouts[39m
[35m[HTTP][39m [90m{"implicit":30000}[39m
[35m[HTTP][39m [37m<-- POST /wd/hub/session/a84d1bc6-81b6-4bca-ba95-036dd28720ae/timeouts [39m[32m200[39m [90m2 ms - 14[39m
[35m[HTTP][39m [90m[39m
[35m[HTTP][39m [37m-->[39m [37mPOST[39m [37m/wd/hub/session/a84d1bc6-81b6-4bca-ba95-036dd28720ae/element/88f275bb-1410-4958-b903-6a19af670063/clear[39m
[35m[HTTP][39m [90m{"id":"88f275bb-1410-4958-b903-6a19af670063"}[39m
[35m[HTTP][39m [37m<-- POST /wd/hub/session/a84d1bc6-81b6-4bca-ba95-036dd28720ae/element/88f275bb-1410-4958-b903-6a19af670063/clear [39m[32m200[39m [90m48 ms - 27[39m
[35m[HTTP][39m [90m[39m
[35m[HTTP][39m [37m-->[39m [37mPOST[39m [37m/wd/hub/session/a84d1bc6-81b6-4bca-ba95-036dd28720ae/element/88f275bb-1410-4958-b903-6a19af670063/value[39m
[35m[HTTP][39m [90m{"id":"88f275bb-1410-4958-b903-6a19af670063","text":"fdgs","value":["f","d","g","s"]}[39m
[35m[HTTP][39m [37m<-- POST /wd/hub/session/a84d1bc6-81b6-4bca-ba95-036dd28720ae/element/88f275bb-1410-4958-b903-6a19af670063/value [39m[32m200[39m [90m1213 ms - 12[39m
[35m[HTTP][39m [90m[39m
[35m[HTTP][39m [37m-->[39m [37mPOST[39m [37m/wd/hub/session/a84d1bc6-81b6-4bca-ba95-036dd28720ae/timeouts[39m
[35m[HTTP][39m [90m{"implicit":50}[39m
[35m[HTTP][39m [37m<-- POST /wd/hub/session/a84d1bc6-81b6-4bca-ba95-036dd28720ae/timeouts [39m[32m200[39m [90m2 ms - 14[39m
[35m[HTTP][39m [90m[39m
[35m[HTTP][39m [37m-->[39m [37mGET[39m [37m/wd/hub/session/a84d1bc6-81b6-4bca-ba95-036dd28720ae/window/rect[39m
[35m[HTTP][39m [90m{}[39m
[35m[HTTP][39m [37m<-- GET /wd/hub/session/a84d1bc6-81b6-4bca-ba95-036dd28720ae/window/rect [39m[32m200[39m [90m23 ms - 50[39m
[35m[HTTP][39m [90m[39m
[35m[HTTP][39m [37m-->[39m [37mPOST[39m [37m/wd/hub/session/a84d1bc6-81b6-4bca-ba95-036dd28720ae/elements[39m
[35m[HTTP][39m [90m{"using":"-android uiautomator","value":"new UiSelector().className(\"android.widget.EditText\").text(\"Last Name\")"}[39m
[35m[HTTP][39m [37m<-- POST /wd/hub/session/a84d1bc6-81b6-4bca-ba95-036dd28720ae/elements [39m[32m200[39m [90m429 ms - 139[39m
[35m[HTTP][39m [90m[39m
[35m[HTTP][39m [37m-->[39m [37mGET[39m [37m/wd/hub/session/a84d1bc6-81b6-4bca-ba95-036dd28720ae/element/29688461-3ea3-4e33-8c5b-82f2c5666649/location[39m
[35m[HTTP][39m [90m{}[39m
[35m[W3C (a84d1bc6)][39m Driver proxy active, passing request on via HTTP proxy
[35m[WD Proxy][39m Replacing sessionId 00154282-f2b7-45b0-91a2-9f6a38d92bbb with a84d1bc6-81b6-4bca-ba95-036dd28720ae
[35m[HTTP][39m [37m<-- GET /wd/hub/session/a84d1bc6-81b6-4bca-ba95-036dd28720ae/element/29688461-3ea3-4e33-8c5b-82f2c5666649/location [39m[32m200[39m [90m37 ms - 89[39m
[35m[HTTP][39m [90m[39m
[35m[HTTP][39m [37m-->[39m [37mPOST[39m [37m/wd/hub/session/a84d1bc6-81b6-4bca-ba95-036dd28720ae/timeouts[39m
[35m[HTTP][39m [90m{"implicit":30000}[39m
[35m[HTTP][39m [37m<-- POST /wd/hub/session/a84d1bc6-81b6-4bca-ba95-036dd28720ae/timeouts [39m[32m200[39m [90m2 ms - 14[39m
[35m[HTTP][39m [90m[39m
[35m[HTTP][39m [37m-->[39m [37mPOST[39m [37m/wd/hub/session/a84d1bc6-81b6-4bca-ba95-036dd28720ae/element/29688461-3ea3-4e33-8c5b-82f2c5666649/clear[39m
[35m[HTTP][39m [90m{"id":"29688461-3ea3-4e33-8c5b-82f2c5666649"}[39m
[35m[HTTP][39m [37m<-- POST /wd/hub/session/a84d1bc6-81b6-4bca-ba95-036dd28720ae/element/29688461-3ea3-4e33-8c5b-82f2c5666649/clear [39m[32m200[39m [90m40 ms - 27[39m
[35m[HTTP][39m [90m[39m
[35m[HTTP][39m [37m-->[39m [37mPOST[39m [37m/wd/hub/session/a84d1bc6-81b6-4bca-ba95-036dd28720ae/element/29688461-3ea3-4e33-8c5b-82f2c5666649/value[39m
[35m[HTTP][39m [90m{"id":"29688461-3ea3-4e33-8c5b-82f2c5666649","text":"setdrfgjhk","value":["s","e","t","d","r","f","g","j","h","k"]}[39m
[35m[HTTP][39m [37m<-- POST /wd/hub/session/a84d1bc6-81b6-4bca-ba95-036dd28720ae/element/29688461-3ea3-4e33-8c5b-82f2c5666649/value [39m[32m200[39m [90m1047 ms - 12[39m
[35m[HTTP][39m [90m[39m
[35m[HTTP][39m [37m-->[39m [37mPOST[39m [37m/wd/hub/session/a84d1bc6-81b6-4bca-ba95-036dd28720ae/timeouts[39m
[35m[HTTP][39m [90m{"implicit":50}[39m
[35m[HTTP][39m [37m<-- POST /wd/hub/session/a84d1bc6-81b6-4bca-ba95-036dd28720ae/timeouts [39m[32m200[39m [90m2 ms - 14[39m
[35m[HTTP][39m [90m[39m
[35m[HTTP][39m [37m-->[39m [37mGET[39m [37m/wd/hub/session/a84d1bc6-81b6-4bca-ba95-036dd28720ae/window/rect[39m
[35m[HTTP][39m [90m{}[39m
[35m[HTTP][39m [37m<-- GET /wd/hub/session/a84d1bc6-81b6-4bca-ba95-036dd28720ae/window/rect [39m[32m200[39m [90m59 ms - 50[39m
[35m[HTTP][39m [90m[39m
[35m[HTTP][39m [37m-->[39m [37mPOST[39m [37m/wd/hub/session/a84d1bc6-81b6-4bca-ba95-036dd28720ae/elements[39m
[35m[HTTP][39m [90m{"using":"-android uiautomator","value":"new UiSelector().className(\"android.widget.EditText\").text(\"Email\")"}[39m
[35m[HTTP][39m [37m<-- POST /wd/hub/session/a84d1bc6-81b6-4bca-ba95-036dd28720ae/elements [39m[32m200[39m [90m392 ms - 139[39m
[35m[HTTP][39m [90m[39m
[35m[HTTP][39m [37m-->[39m [37mGET[39m [37m/wd/hub/session/a84d1bc6-81b6-4bca-ba95-036dd28720ae/element/39ee4ee1-0aad-4763-bbb5-9756fc815365/location[39m
[35m[HTTP][39m [90m{}[39m
[35m[W3C (a84d1bc6)][39m Driver proxy active, passing request on via HTTP proxy
[35m[WD Proxy][39m Replacing sessionId 00154282-f2b7-45b0-91a2-9f6a38d92bbb with a84d1bc6-81b6-4bca-ba95-036dd28720ae
[35m[HTTP][39m [37m<-- GET /wd/hub/session/a84d1bc6-81b6-4bca-ba95-036dd28720ae/element/39ee4ee1-0aad-4763-bbb5-9756fc815365/location [39m[32m200[39m [90m25 ms - 90[39m
[35m[HTTP][39m [90m[39m
[35m[HTTP][39m [37m-->[39m [37mPOST[39m [37m/wd/hub/session/a84d1bc6-81b6-4bca-ba95-036dd28720ae/timeouts[39m
[35m[HTTP][39m [90m{"implicit":30000}[39m
[35m[HTTP][39m [37m<-- POST /wd/hub/session/a84d1bc6-81b6-4bca-ba95-036dd28720ae/timeouts [39m[32m200[39m [90m1 ms - 14[39m
[35m[HTTP][39m [90m[39m
[35m[HTTP][39m [37m-->[39m [37mPOST[39m [37m/wd/hub/session/a84d1bc6-81b6-4bca-ba95-036dd28720ae/element/39ee4ee1-0aad-4763-bbb5-9756fc815365/clear[39m
[35m[HTTP][39m [90m{"id":"39ee4ee1-0aad-4763-bbb5-9756fc815365"}[39m
[35m[HTTP][39m [37m<-- POST /wd/hub/session/a84d1bc6-81b6-4bca-ba95-036dd28720ae/element/39ee4ee1-0aad-4763-bbb5-9756fc815365/clear [39m[32m200[39m [90m32 ms - 27[39m
[35m[HTTP][39m [90m[39m
[35m[HTTP][39m [37m-->[39m [37mPOST[39m [37m/wd/hub/session/a84d1bc6-81b6-4bca-ba95-036dd28720ae/element/39ee4ee1-0aad-4763-bbb5-9756fc815365/value[39m
[35m[HTTP][39m [90m{"id":"39ee4ee1-0aad-4763-bbb5-9756fc815365","text":"hkgyufi@hjdfj.com","value":["h","k","g","y","u","f","i","@","h","j","d","f","j",".","c","o","m"]}[39m
[35m[HTTP][39m [37m<-- POST /wd/hub/session/a84d1bc6-81b6-4bca-ba95-036dd28720ae/element/39ee4ee1-0aad-4763-bbb5-9756fc815365/value [39m[32m200[39m [90m1048 ms - 12[39m
[35m[HTTP][39m [90m[39m
[35m[HTTP][39m [37m-->[39m [37mPOST[39m [37m/wd/hub/session/a84d1bc6-81b6-4bca-ba95-036dd28720ae/timeouts[39m
[35m[HTTP][39m [90m{"implicit":50}[39m
[35m[HTTP][39m [37m<-- POST /wd/hub/session/a84d1bc6-81b6-4bca-ba95-036dd28720ae/timeouts [39m[32m200[39m [90m2 ms - 14[39m
[35m[HTTP][39m [90m[39m
[35m[HTTP][39m [37m-->[39m [37mGET[39m [37m/wd/hub/session/a84d1bc6-81b6-4bca-ba95-036dd28720ae/window/rect[39m
[35m[HTTP][39m [90m{}[39m
[35m[HTTP][39m [37m<-- GET /wd/hub/session/a84d1bc6-81b6-4bca-ba95-036dd28720ae/window/rect [39m[32m200[39m [90m23 ms - 50[39m
[35m[HTTP][39m [90m[39m
[35m[HTTP][39m [37m-->[39m [37mPOST[39m [37m/wd/hub/session/a84d1bc6-81b6-4bca-ba95-036dd28720ae/elements[39m
[35m[HTTP][39m [90m{"using":"-android uiautomator","value":"new UiSelector().className(\"android.widget.EditText\").text(\"Mobile Number\")"}[39m
[35m[HTTP][39m [37m<-- POST /wd/hub/session/a84d1bc6-81b6-4bca-ba95-036dd28720ae/elements [39m[32m200[39m [90m393 ms - 139[39m
[35m[HTTP][39m [90m[39m
[35m[HTTP][39m [37m-->[39m [37mGET[39m [37m/wd/hub/session/a84d1bc6-81b6-4bca-ba95-036dd28720ae/element/aa76020e-6ab1-4439-9ff5-1d0bc1c17eae/location[39m
[35m[HTTP][39m [90m{}[39m
[35m[W3C (a84d1bc6)][39m Driver proxy active, passing request on via HTTP proxy
[35m[WD Proxy][39m Replacing sessionId 00154282-f2b7-45b0-91a2-9f6a38d92bbb with a84d1bc6-81b6-4bca-ba95-036dd28720ae
[35m[HTTP][39m [37m<-- GET /wd/hub/session/a84d1bc6-81b6-4bca-ba95-036dd28720ae/element/aa76020e-6ab1-4439-9ff5-1d0bc1c17eae/location [39m[32m200[39m [90m26 ms - 90[39m
[35m[HTTP][39m [90m[39m
[35m[HTTP][39m [37m-->[39m [37mPOST[39m [37m/wd/hub/session/a84d1bc6-81b6-4bca-ba95-036dd28720ae/timeouts[39m
[35m[HTTP][39m [90m{"implicit":30000}[39m
[35m[HTTP][39m [37m<-- POST /wd/hub/session/a84d1bc6-81b6-4bca-ba95-036dd28720ae/timeouts [39m[32m200[39m [90m2 ms - 14[39m
[35m[HTTP][39m [90m[39m
[35m[HTTP][39m [37m-->[39m [37mPOST[39m [37m/wd/hub/session/a84d1bc6-81b6-4bca-ba95-036dd28720ae/element/aa76020e-6ab1-4439-9ff5-1d0bc1c17eae/clear[39m
[35m[HTTP][39m [90m{"id":"aa76020e-6ab1-4439-9ff5-1d0bc1c17eae"}[39m
[35m[HTTP][39m [37m<-- POST /wd/hub/session/a84d1bc6-81b6-4bca-ba95-036dd28720ae/element/aa76020e-6ab1-4439-9ff5-1d0bc1c17eae/clear [39m[32m200[39m [90m26 ms - 27[39m
[35m[HTTP][39m [90m[39m
[35m[HTTP][39m [37m-->[39m [37mPOST[39m [37m/wd/hub/session/a84d1bc6-81b6-4bca-ba95-036dd28720ae/element/aa76020e-6ab1-4439-9ff5-1d0bc1c17eae/value[39m
[35m[HTTP][39m [90m{"id":"aa76020e-6ab1-4439-9ff5-1d0bc1c17eae","text":"9812981298","value":["9","8","1","2","9","8","1","2","9","8"]}[39m
[35m[HTTP][39m [37m<-- POST /wd/hub/session/a84d1bc6-81b6-4bca-ba95-036dd28720ae/element/aa76020e-6ab1-4439-9ff5-1d0bc1c17eae/value [39m[32m200[39m [90m1041 ms - 12[39m
[35m[HTTP][39m [90m[39m
[35m[HTTP][39m [37m-->[39m [37mPOST[39m [37m/wd/hub/session/a84d1bc6-81b6-4bca-ba95-036dd28720ae/timeouts[39m
[35m[HTTP][39m [90m{"implicit":50}[39m
[35m[HTTP][39m [37m<-- POST /wd/hub/session/a84d1bc6-81b6-4bca-ba95-036dd28720ae/timeouts [39m[32m200[39m [90m2 ms - 14[39m
[35m[HTTP][39m [90m[39m
[35m[HTTP][39m [37m-->[39m [37mGET[39m [37m/wd/hub/session/a84d1bc6-81b6-4bca-ba95-036dd28720ae/window/rect[39m
[35m[HTTP][39m [90m{}[39m
[35m[HTTP][39m [37m<-- GET /wd/hub/session/a84d1bc6-81b6-4bca-ba95-036dd28720ae/window/rect [39m[32m200[39m [90m42 ms - 50[39m
[35m[HTTP][39m [90m[39m
[35m[HTTP][39m [37m-->[39m [37mPOST[39m [37m/wd/hub/session/a84d1bc6-81b6-4bca-ba95-036dd28720ae/elements[39m
[35m[HTTP][39m [90m{"using":"-android uiautomator","value":"new UiSelector().className(\"android.widget.EditText\").text(\"Password\")"}[39m
[35m[HTTP][39m [37m<-- POST /wd/hub/session/a84d1bc6-81b6-4bca-ba95-036dd28720ae/elements [39m[32m200[39m [90m425 ms - 139[39m
[35m[HTTP][39m [90m[39m
[35m[HTTP][39m [37m-->[39m [37mGET[39m [37m/wd/hub/session/a84d1bc6-81b6-4bca-ba95-036dd28720ae/element/ac24773f-b7ac-45bd-bd6b-06b42d5e294b/location[39m
[35m[HTTP][39m [90m{}[39m
[35m[W3C (a84d1bc6)][39m Driver proxy active, passing request on via HTTP proxy
[35m[WD Proxy][39m Replacing sessionId 00154282-f2b7-45b0-91a2-9f6a38d92bbb with a84d1bc6-81b6-4bca-ba95-036dd28720ae
[35m[HTTP][39m [37m<-- GET /wd/hub/session/a84d1bc6-81b6-4bca-ba95-036dd28720ae/element/ac24773f-b7ac-45bd-bd6b-06b42d5e294b/location [39m[32m200[39m [90m22 ms - 90[39m
[35m[HTTP][39m [90m[39m
[35m[HTTP][39m [37m-->[39m [37mPOST[39m [37m/wd/hub/session/a84d1bc6-81b6-4bca-ba95-036dd28720ae/timeouts[39m
[35m[HTTP][39m [90m{"implicit":30000}[39m
[35m[HTTP][39m [37m<-- POST /wd/hub/session/a84d1bc6-81b6-4bca-ba95-036dd28720ae/timeouts [39m[32m200[39m [90m1 ms - 14[39m
[35m[HTTP][39m [90m[39m
[35m[HTTP][39m [37m-->[39m [37mPOST[39m [37m/wd/hub/session/a84d1bc6-81b6-4bca-ba95-036dd28720ae/element/ac24773f-b7ac-45bd-bd6b-06b42d5e294b/clear[39m
[35m[HTTP][39m [90m{"id":"ac24773f-b7ac-45bd-bd6b-06b42d5e294b"}[39m
[35m[HTTP][39m [37m<-- POST /wd/hub/session/a84d1bc6-81b6-4bca-ba95-036dd28720ae/element/ac24773f-b7ac-45bd-bd6b-06b42d5e294b/clear [39m[32m200[39m [90m27 ms - 27[39m
[35m[HTTP][39m [90m[39m
[35m[HTTP][39m [37m-->[39m [37mPOST[39m [37m/wd/hub/session/a84d1bc6-81b6-4bca-ba95-036dd28720ae/element/ac24773f-b7ac-45bd-bd6b-06b42d5e294b/value[39m
[35m[HTTP][39m [90m{"id":"ac24773f-b7ac-45bd-bd6b-06b42d5e294b","text":"123456","value":["1","2","3","4","5","6"]}[39m
[35m[HTTP][39m [37m<-- POST /wd/hub/session/a84d1bc6-81b6-4bca-ba95-036dd28720ae/element/ac24773f-b7ac-45bd-bd6b-06b42d5e294b/value [39m[32m200[39m [90m1043 ms - 12[39m
[35m[HTTP][39m [90m[39m
[35m[HTTP][39m [37m-->[39m [37mPOST[39m [37m/wd/hub/session/a84d1bc6-81b6-4bca-ba95-036dd28720ae/timeouts[39m
[35m[HTTP][39m [90m{"implicit":50}[39m
[35m[HTTP][39m [37m<-- POST /wd/hub/session/a84d1bc6-81b6-4bca-ba95-036dd28720ae/timeouts [39m[32m200[39m [90m4 ms - 14[39m
[35m[HTTP][39m [90m[39m
[35m[HTTP][39m [37m-->[39m [37mGET[39m [37m/wd/hub/session/a84d1bc6-81b6-4bca-ba95-036dd28720ae/window/rect[39m
[35m[HTTP][39m [90m{}[39m
[35m[HTTP][39m [37m<-- GET /wd/hub/session/a84d1bc6-81b6-4bca-ba95-036dd28720ae/window/rect [39m[32m200[39m [90m38 ms - 50[39m
[35m[HTTP][39m [90m[39m
[35m[HTTP][39m [37m-->[39m [37mPOST[39m [37m/wd/hub/session/a84d1bc6-81b6-4bca-ba95-036dd28720ae/elements[39m
[35m[HTTP][39m [90m{"using":"-android uiautomator","value":"new UiSelector().className(\"android.widget.EditText\").text(\"Confirm password\")"}[39m
[35m[HTTP][39m [37m<-- POST /wd/hub/session/a84d1bc6-81b6-4bca-ba95-036dd28720ae/elements [39m[32m200[39m [90m391 ms - 139[39m
[35m[HTTP][39m [90m[39m
[35m[HTTP][39m [37m-->[39m [37mGET[39m [37m/wd/hub/session/a84d1bc6-81b6-4bca-ba95-036dd28720ae/element/de2bbe11-560a-4330-a079-9f0c413a99a8/location[39m
[35m[HTTP][39m [90m{}[39m
[35m[W3C (a84d1bc6)][39m Driver proxy active, passing request on via HTTP proxy
[35m[WD Proxy][39m Replacing sessionId 00154282-f2b7-45b0-91a2-9f6a38d92bbb with a84d1bc6-81b6-4bca-ba95-036dd28720ae
[35m[HTTP][39m [37m<-- GET /wd/hub/session/a84d1bc6-81b6-4bca-ba95-036dd28720ae/element/de2bbe11-560a-4330-a079-9f0c413a99a8/location [39m[32m200[39m [90m22 ms - 90[39m
[35m[HTTP][39m [90m[39m
[35m[HTTP][39m [37m-->[39m [37mPOST[39m [37m/wd/hub/session/a84d1bc6-81b6-4bca-ba95-036dd28720ae/timeouts[39m
[35m[HTTP][39m [90m{"implicit":30000}[39m
[35m[HTTP][39m [37m<-- POST /wd/hub/session/a84d1bc6-81b6-4bca-ba95-036dd28720ae/timeouts [39m[32m200[39m [90m1 ms - 14[39m
[35m[HTTP][39m [90m[39m
[35m[HTTP][39m [37m-->[39m [37mPOST[39m [37m/wd/hub/session/a84d1bc6-81b6-4bca-ba95-036dd28720ae/element/de2bbe11-560a-4330-a079-9f0c413a99a8/clear[39m
[35m[HTTP][39m [90m{"id":"de2bbe11-560a-4330-a079-9f0c413a99a8"}[39m
[35m[HTTP][39m [37m<-- POST /wd/hub/session/a84d1bc6-81b6-4bca-ba95-036dd28720ae/element/de2bbe11-560a-4330-a079-9f0c413a99a8/clear [39m[32m200[39m [90m26 ms - 27[39m
[35m[HTTP][39m [90m[39m
[35m[HTTP][39m [37m-->[39m [37mPOST[39m [37m/wd/hub/session/a84d1bc6-81b6-4bca-ba95-036dd28720ae/element/de2bbe11-560a-4330-a079-9f0c413a99a8/value[39m
[35m[HTTP][39m [90m{"id":"de2bbe11-560a-4330-a079-9f0c413a99a8","text":"123456","value":["1","2","3","4","5","6"]}[39m
[35m[HTTP][39m [37m<-- POST /wd/hub/session/a84d1bc6-81b6-4bca-ba95-036dd28720ae/element/de2bbe11-560a-4330-a079-9f0c413a99a8/value [39m[32m200[39m [90m1041 ms - 12[39m
[35m[HTTP][39m [90m[39m
[35m[HTTP][39m [37m-->[39m [37mPOST[39m [37m/wd/hub/session/a84d1bc6-81b6-4bca-ba95-036dd28720ae/timeouts[39m
[35m[HTTP][39m [90m{"implicit":50}[39m
[35m[HTTP][39m [37m<-- POST /wd/hub/session/a84d1bc6-81b6-4bca-ba95-036dd28720ae/timeouts [39m[32m200[39m [90m2 ms - 14[39m
[35m[HTTP][39m [90m[39m
[35m[HTTP][39m [37m-->[39m [37mGET[39m [37m/wd/hub/session/a84d1bc6-81b6-4bca-ba95-036dd28720ae/window/rect[39m
[35m[HTTP][39m [90m{}[39m
[35m[HTTP][39m [37m<-- GET /wd/hub/session/a84d1bc6-81b6-4bca-ba95-036dd28720ae/window/rect [39m[32m200[39m [90m19 ms - 50[39m
[35m[HTTP][39m [90m[39m
[35m[HTTP][39m [37m-->[39m [37mPOST[39m [37m/wd/hub/session/a84d1bc6-81b6-4bca-ba95-036dd28720ae/elements[39m
[35m[HTTP][39m [90m{"using":"-android uiautomator","value":"new UiSelector().className(\"android.widget.TextView\").text(\"Register\")"}[39m
[35m[HTTP][39m [37m<-- POST /wd/hub/session/a84d1bc6-81b6-4bca-ba95-036dd28720ae/elements [39m[32m200[39m [90m439 ms - 267[39m
[35m[HTTP][39m [90m[39m
[35m[HTTP][39m [37m-->[39m [37mGET[39m [37m/wd/hub/session/a84d1bc6-81b6-4bca-ba95-036dd28720ae/element/1160c650-8b6a-4ce9-9525-7796bdfa8725/location[39m
[35m[HTTP][39m [90m{}[39m
[35m[W3C (a84d1bc6)][39m Driver proxy active, passing request on via HTTP proxy
[35m[WD Proxy][39m Replacing sessionId 00154282-f2b7-45b0-91a2-9f6a38d92bbb with a84d1bc6-81b6-4bca-ba95-036dd28720ae
[35m[HTTP][39m [37m<-- GET /wd/hub/session/a84d1bc6-81b6-4bca-ba95-036dd28720ae/element/1160c650-8b6a-4ce9-9525-7796bdfa8725/location [39m[32m200[39m [90m22 ms - 89[39m
[35m[HTTP][39m [90m[39m
[35m[HTTP][39m [37m-->[39m [37mPOST[39m [37m/wd/hub/session/a84d1bc6-81b6-4bca-ba95-036dd28720ae/timeouts[39m
[35m[HTTP][39m [90m{"implicit":30000}[39m
[35m[HTTP][39m [37m<-- POST /wd/hub/session/a84d1bc6-81b6-4bca-ba95-036dd28720ae/timeouts [39m[32m200[39m [90m2 ms - 14[39m
[35m[HTTP][39m [90m[39m
[35m[HTTP][39m [37m-->[39m [37mPOST[39m [37m/wd/hub/session/a84d1bc6-81b6-4bca-ba95-036dd28720ae/touch/perform[39m
[35m[HTTP][39m [90m{"actions":[{"action":"tap","options":{"x":1,"y":1,"element":"1160c650-8b6a-4ce9-9525-7796bdfa8725"}},{"action":"release","options":{}}]}[39m
[35m[UiAutomator2][39m calling get location: 1160c650-8b6a-4ce9-9525-7796bdfa8725
[35m[HTTP][39m [37m<-- POST /wd/hub/session/a84d1bc6-81b6-4bca-ba95-036dd28720ae/touch/perform [39m[32m200[39m [90m3152 ms - 14[39m
[35m[HTTP][39m [90m[39m
[35m[HTTP][39m [37m-->[39m [37mDELETE[39m [37m/wd/hub/session/a84d1bc6-81b6-4bca-ba95-036dd28720ae[39m
[35m[HTTP][39m [90m{}[39m
[35m[Appium][39m Removing session a84d1bc6-81b6-4bca-ba95-036dd28720ae from our master session list
[35m[ADB][39m io.nativebase.market.geekyants.taxiappdriver was successfully uninstalled
[35m[UiAutomator2][39m Restoring hidden api policy to the device default configuration
[35m[HTTP][39m [37m<-- DELETE /wd/hub/session/a84d1bc6-81b6-4bca-ba95-036dd28720ae [39m[32m200[39m [90m2043 ms - 14[39m
[35m[HTTP][39m [90m[39m
