[35m[Appium][39m Welcome to Appium v1.14.0
[35m[Appium][39m Non-default server args:
[35m[Appium][39m   port: 60094
[35m[Appium][39m   loglevel: info
[35m[Appium][39m   chromeDriverPort: 60095
[35m[Appium][39m   tmpDir: /var/folders/38/x4crs4qx0hn0r3_szny2t9sw0000gn/T//Katalon/Appium/Temp1565536749998
[35m[Appium][39m Appium REST http interface listener started on 0.0.0.0:60094
[35m[HTTP][39m [37m-->[39m [37mGET[39m [37m/wd/hub/status[39m
[35m[HTTP][39m [90m{}[39m
[35m[HTTP][39m [37m<-- GET /wd/hub/status [39m[32m200[39m [90m5 ms - 68[39m
[35m[HTTP][39m [90m[39m
[35m[HTTP][39m [37m-->[39m [37mPOST[39m [37m/wd/hub/session[39m
[35m[HTTP][39m [90m{"desiredCapabilities":{"app":"/Users/sumittulsyan/Downloads/app-release.apk","noReset":false,"deviceName":"emulator-5554 (Android SDK built for x86 - Android 9)","fullReset":true,"platform":"ANDROID","newCommandTimeout":1800,"platformVersion":"9","automationName":"uiautomator2","autoGrantPermissions":true,"platformName":"Android","udid":"emulator-5554","systemPort":60093},"capabilities":{"firstMatch":[{"appium:app":"/Users/sumittulsyan/Downloads/app-release.apk","appium:autoGrantPermissions":true,"appium:automationName":"uiautomator2","appium:deviceName":"emulator-5554 (Android SDK built for x86 - Android 9)","appium:fullReset":true,"appium:newCommandTimeout":1800,"appium:noReset":false,"platform":"ANDROID","platformName":"android","appium:platformVersion":"9","appium:systemPort":60093,"appium:udid":"emulator-5554"}]}}[39m
[35m[BaseDriver][39m The capabilities ["platform"] are not standard capabilities and should have an extension prefix
[35m[Appium][39m Appium v1.14.0 creating new AndroidUiautomator2Driver (v1.33.1) session
[35m[Appium][39m Capabilities:
[35m[Appium][39m   platform: ANDROID
[35m[Appium][39m   platformName: android
[35m[Appium][39m   app: /Users/sumittulsyan/Downloads/app-release.apk
[35m[Appium][39m   autoGrantPermissions: true
[35m[Appium][39m   automationName: uiautomator2
[35m[Appium][39m   deviceName: emulator-5554 (Android SDK built for x86 - Android 9)
[35m[Appium][39m   fullReset: true
[35m[Appium][39m   newCommandTimeout: 1800
[35m[Appium][39m   noReset: false
[35m[Appium][39m   platformVersion: 9
[35m[Appium][39m   systemPort: 60093
[35m[Appium][39m   udid: emulator-5554
[35m[BaseDriver][39m The following capabilities were provided, but are not recognized by Appium:
[35m[BaseDriver][39m   platform
[35m[BaseDriver][39m Session created with session id: 9a2735d8-2272-4253-826a-c3b9173a3583
[35m[BaseDriver][39m Using local app '/Users/sumittulsyan/Downloads/app-release.apk'
[35m[ADB][39m Found 1 'build-tools' folders under '/Users/sumittulsyan/.katalon/tools/android_sdk' (newest first):
[35m[ADB][39m     /Users/sumittulsyan/.katalon/tools/android_sdk/build-tools/29.0.1
[35m[ADB][39m Using 'adb' from '/Users/sumittulsyan/.katalon/tools/android_sdk/platform-tools/adb'
[35m[AndroidDriver][39m Retrieving device list
[35m[AndroidDriver][39m Using device: emulator-5554
[35m[ADB][39m Using 'adb' from '/Users/sumittulsyan/.katalon/tools/android_sdk/platform-tools/adb'
[35m[UiAutomator2][39m Relaxing hidden api policy
[35m[ADB][39m Using 'apkanalyzer' from '/Users/sumittulsyan/.katalon/tools/android_sdk/tools/bin/apkanalyzer'
[35m[ADB][39m Package name: 'io.nativebase.market.geekyants.taxiappdriver'
[35m[ADB][39m Main activity name: 'io.nativebase.market.geekyants.taxiappdriver.MainActivity'
[35m[ADB][39m Using 'aapt' from '/Users/sumittulsyan/.katalon/tools/android_sdk/build-tools/29.0.1/aapt'
[35m[ADB][39m Using 'apksigner' from '/Users/sumittulsyan/.katalon/tools/android_sdk/build-tools/29.0.1/apksigner'
[35m[UiAutomator2][39m Server packages are not going to be (re)installed
[35m[ADB][39m io.nativebase.market.geekyants.taxiappdriver was not uninstalled, because it was not present on the device
[35m[ADB][39m The application at '/Users/sumittulsyan/Downloads/app-release.apk' is already cached to '/data/local/tmp/appium_cache/0a4c298d81fa9fed8129162356ad8641ab361e22.apk'
[35m[ADB][39m The installation of 'app-release.apk' took 8.992s
[35m[UiAutomator2][39m Starting UIAutomator2 server 3.7.0
[35m[UiAutomator2][39m Using UIAutomator2 server from '/Users/sumittulsyan/Downloads/appium-mobile-test/node_modules/appium-uiautomator2-server/apks/appium-uiautomator2-server-v3.7.0.apk' and test from '/Users/sumittulsyan/Downloads/appium-mobile-test/node_modules/appium-uiautomator2-server/apks/appium-uiautomator2-server-debug-androidTest.apk'
[35m[UiAutomator2][39m Waiting up to 30000ms for UiAutomator2 to be online...
[35m[WD Proxy][39m Got an unexpected response: {"code":"ECONNRESET"}
[35m[WD Proxy][39m Got an unexpected response: {"code":"ECONNRESET"}
[35m[AndroidDriver][39m Screen already unlocked, doing nothing
[35m[UiAutomator2][39m UiAutomator2 did not start the activity we were waiting for, 'io.nativebase.market.geekyants.taxiappdriver/io.nativebase.market.geekyants.taxiappdriver.MainActivity'. Starting it ourselves
[35m[Appium][39m New AndroidUiautomator2Driver session created successfully, session 9a2735d8-2272-4253-826a-c3b9173a3583 added to master session list
[35m[HTTP][39m [37m<-- POST /wd/hub/session [39m[32m200[39m [90m22442 ms - 1264[39m
[35m[HTTP][39m [90m[39m
[35m[HTTP][39m [37m-->[39m [37mGET[39m [37m/wd/hub/session/9a2735d8-2272-4253-826a-c3b9173a3583[39m
[35m[HTTP][39m [90m{}[39m
[35m[HTTP][39m [37m<-- GET /wd/hub/session/9a2735d8-2272-4253-826a-c3b9173a3583 [39m[32m200[39m [90m69 ms - 1196[39m
[35m[HTTP][39m [90m[39m
[35m[HTTP][39m [37m-->[39m [37mGET[39m [37m/wd/hub/session/9a2735d8-2272-4253-826a-c3b9173a3583[39m
[35m[HTTP][39m [90m{}[39m
[35m[HTTP][39m [37m<-- GET /wd/hub/session/9a2735d8-2272-4253-826a-c3b9173a3583 [39m[32m200[39m [90m37 ms - 1196[39m
[35m[HTTP][39m [90m[39m
[35m[HTTP][39m [37m-->[39m [37mGET[39m [37m/wd/hub/status[39m
[35m[HTTP][39m [90m{}[39m
[35m[HTTP][39m [37m<-- GET /wd/hub/status [39m[32m200[39m [90m1 ms - 68[39m
[35m[HTTP][39m [90m[39m
[35m[HTTP][39m [37m-->[39m [37mPOST[39m [37m/wd/hub/session/9a2735d8-2272-4253-826a-c3b9173a3583/timeouts[39m
[35m[HTTP][39m [90m{"implicit":30000}[39m
[35m[HTTP][39m [37m<-- POST /wd/hub/session/9a2735d8-2272-4253-826a-c3b9173a3583/timeouts [39m[32m200[39m [90m6 ms - 14[39m
[35m[HTTP][39m [90m[39m
[35m[HTTP][39m [37m-->[39m [37mPOST[39m [37m/wd/hub/session/9a2735d8-2272-4253-826a-c3b9173a3583/timeouts[39m
[35m[HTTP][39m [90m{"implicit":50}[39m
[35m[HTTP][39m [37m<-- POST /wd/hub/session/9a2735d8-2272-4253-826a-c3b9173a3583/timeouts [39m[32m200[39m [90m2 ms - 14[39m
[35m[HTTP][39m [90m[39m
[35m[HTTP][39m [37m-->[39m [37mGET[39m [37m/wd/hub/session/9a2735d8-2272-4253-826a-c3b9173a3583/window/rect[39m
[35m[HTTP][39m [90m{}[39m
[35m[HTTP][39m [37m<-- GET /wd/hub/session/9a2735d8-2272-4253-826a-c3b9173a3583/window/rect [39m[32m200[39m [90m24 ms - 50[39m
[35m[HTTP][39m [90m[39m
[35m[HTTP][39m [37m-->[39m [37mPOST[39m [37m/wd/hub/session/9a2735d8-2272-4253-826a-c3b9173a3583/elements[39m
[35m[HTTP][39m [90m{"using":"-android uiautomator","value":"new UiSelector().className(\"android.widget.TextView\").text(\"Register\")"}[39m
[35m[HTTP][39m [37m<-- POST /wd/hub/session/9a2735d8-2272-4253-826a-c3b9173a3583/elements [39m[32m200[39m [90m268 ms - 12[39m
[35m[HTTP][39m [90m[39m
[35m[HTTP][39m [37m-->[39m [37mPOST[39m [37m/wd/hub/session/9a2735d8-2272-4253-826a-c3b9173a3583/elements[39m
[35m[HTTP][39m [90m{"using":"-android uiautomator","value":"new UiSelector().className(\"android.widget.TextView\").text(\"Register\")"}[39m
[35m[HTTP][39m [37m<-- POST /wd/hub/session/9a2735d8-2272-4253-826a-c3b9173a3583/elements [39m[32m200[39m [90m55 ms - 12[39m
[35m[HTTP][39m [90m[39m
[35m[HTTP][39m [37m-->[39m [37mPOST[39m [37m/wd/hub/session/9a2735d8-2272-4253-826a-c3b9173a3583/elements[39m
[35m[HTTP][39m [90m{"using":"-android uiautomator","value":"new UiSelector().className(\"android.widget.TextView\").text(\"Register\")"}[39m
[35m[HTTP][39m [37m<-- POST /wd/hub/session/9a2735d8-2272-4253-826a-c3b9173a3583/elements [39m[32m200[39m [90m598 ms - 12[39m
[35m[HTTP][39m [90m[39m
[35m[HTTP][39m [37m-->[39m [37mPOST[39m [37m/wd/hub/session/9a2735d8-2272-4253-826a-c3b9173a3583/elements[39m
[35m[HTTP][39m [90m{"using":"-android uiautomator","value":"new UiSelector().className(\"android.widget.TextView\").text(\"Register\")"}[39m
[35m[HTTP][39m [37m<-- POST /wd/hub/session/9a2735d8-2272-4253-826a-c3b9173a3583/elements [39m[32m200[39m [90m63 ms - 12[39m
[35m[HTTP][39m [90m[39m
[35m[HTTP][39m [37m-->[39m [37mPOST[39m [37m/wd/hub/session/9a2735d8-2272-4253-826a-c3b9173a3583/elements[39m
[35m[HTTP][39m [90m{"using":"-android uiautomator","value":"new UiSelector().className(\"android.widget.TextView\").text(\"Register\")"}[39m
[35m[HTTP][39m [37m<-- POST /wd/hub/session/9a2735d8-2272-4253-826a-c3b9173a3583/elements [39m[32m200[39m [90m54 ms - 12[39m
[35m[HTTP][39m [90m[39m
[35m[HTTP][39m [37m-->[39m [37mPOST[39m [37m/wd/hub/session/9a2735d8-2272-4253-826a-c3b9173a3583/elements[39m
[35m[HTTP][39m [90m{"using":"-android uiautomator","value":"new UiSelector().className(\"android.widget.TextView\").text(\"Register\")"}[39m
[35m[HTTP][39m [37m<-- POST /wd/hub/session/9a2735d8-2272-4253-826a-c3b9173a3583/elements [39m[32m200[39m [90m555 ms - 12[39m
[35m[HTTP][39m [90m[39m
[35m[HTTP][39m [37m-->[39m [37mPOST[39m [37m/wd/hub/session/9a2735d8-2272-4253-826a-c3b9173a3583/elements[39m
[35m[HTTP][39m [90m{"using":"-android uiautomator","value":"new UiSelector().className(\"android.widget.TextView\").text(\"Register\")"}[39m
[35m[HTTP][39m [37m<-- POST /wd/hub/session/9a2735d8-2272-4253-826a-c3b9173a3583/elements [39m[32m200[39m [90m1673 ms - 139[39m
[35m[HTTP][39m [90m[39m
[35m[HTTP][39m [37m-->[39m [37mGET[39m [37m/wd/hub/session/9a2735d8-2272-4253-826a-c3b9173a3583/element/9ca40cfa-9885-4dc7-9581-1eca3a7f6958/location[39m
[35m[HTTP][39m [90m{}[39m
[35m[W3C (9a2735d8)][39m Driver proxy active, passing request on via HTTP proxy
[35m[WD Proxy][39m Replacing sessionId 2d1ec96d-5fb5-44d6-8f67-6b1874614568 with 9a2735d8-2272-4253-826a-c3b9173a3583
[35m[HTTP][39m [37m<-- GET /wd/hub/session/9a2735d8-2272-4253-826a-c3b9173a3583/element/9ca40cfa-9885-4dc7-9581-1eca3a7f6958/location [39m[32m200[39m [90m42 ms - 90[39m
[35m[HTTP][39m [90m[39m
[35m[HTTP][39m [37m-->[39m [37mPOST[39m [37m/wd/hub/session/9a2735d8-2272-4253-826a-c3b9173a3583/timeouts[39m
[35m[HTTP][39m [90m{"implicit":30000}[39m
[35m[HTTP][39m [37m<-- POST /wd/hub/session/9a2735d8-2272-4253-826a-c3b9173a3583/timeouts [39m[32m200[39m [90m3 ms - 14[39m
[35m[HTTP][39m [90m[39m
[35m[HTTP][39m [37m-->[39m [37mPOST[39m [37m/wd/hub/session/9a2735d8-2272-4253-826a-c3b9173a3583/touch/perform[39m
[35m[HTTP][39m [90m{"actions":[{"action":"tap","options":{"x":1,"y":1,"element":"9ca40cfa-9885-4dc7-9581-1eca3a7f6958"}},{"action":"release","options":{}}]}[39m
[35m[UiAutomator2][39m calling get location: 9ca40cfa-9885-4dc7-9581-1eca3a7f6958
[35m[HTTP][39m [37m<-- POST /wd/hub/session/9a2735d8-2272-4253-826a-c3b9173a3583/touch/perform [39m[32m200[39m [90m1118 ms - 14[39m
[35m[HTTP][39m [90m[39m
[35m[HTTP][39m [37m-->[39m [37mPOST[39m [37m/wd/hub/session/9a2735d8-2272-4253-826a-c3b9173a3583/timeouts[39m
[35m[HTTP][39m [90m{"implicit":50}[39m
[35m[HTTP][39m [37m<-- POST /wd/hub/session/9a2735d8-2272-4253-826a-c3b9173a3583/timeouts [39m[32m200[39m [90m2 ms - 14[39m
[35m[HTTP][39m [90m[39m
[35m[HTTP][39m [37m-->[39m [37mGET[39m [37m/wd/hub/session/9a2735d8-2272-4253-826a-c3b9173a3583/window/rect[39m
[35m[HTTP][39m [90m{}[39m
[35m[HTTP][39m [37m<-- GET /wd/hub/session/9a2735d8-2272-4253-826a-c3b9173a3583/window/rect [39m[32m200[39m [90m20 ms - 50[39m
[35m[HTTP][39m [90m[39m
[35m[HTTP][39m [37m-->[39m [37mPOST[39m [37m/wd/hub/session/9a2735d8-2272-4253-826a-c3b9173a3583/elements[39m
[35m[HTTP][39m [90m{"using":"-android uiautomator","value":"new UiSelector().className(\"android.widget.EditText\").text(\"First Name\")"}[39m
[35m[HTTP][39m [37m<-- POST /wd/hub/session/9a2735d8-2272-4253-826a-c3b9173a3583/elements [39m[32m200[39m [90m63 ms - 139[39m
[35m[HTTP][39m [90m[39m
[35m[HTTP][39m [37m-->[39m [37mGET[39m [37m/wd/hub/session/9a2735d8-2272-4253-826a-c3b9173a3583/element/8a063fa8-8418-4436-8f6e-33735595b9c0/location[39m
[35m[HTTP][39m [90m{}[39m
[35m[W3C (9a2735d8)][39m Driver proxy active, passing request on via HTTP proxy
[35m[WD Proxy][39m Replacing sessionId 2d1ec96d-5fb5-44d6-8f67-6b1874614568 with 9a2735d8-2272-4253-826a-c3b9173a3583
[35m[HTTP][39m [37m<-- GET /wd/hub/session/9a2735d8-2272-4253-826a-c3b9173a3583/element/8a063fa8-8418-4436-8f6e-33735595b9c0/location [39m[32m200[39m [90m39 ms - 89[39m
[35m[HTTP][39m [90m[39m
[35m[HTTP][39m [37m-->[39m [37mPOST[39m [37m/wd/hub/session/9a2735d8-2272-4253-826a-c3b9173a3583/timeouts[39m
[35m[HTTP][39m [90m{"implicit":30000}[39m
[35m[HTTP][39m [37m<-- POST /wd/hub/session/9a2735d8-2272-4253-826a-c3b9173a3583/timeouts [39m[32m200[39m [90m2 ms - 14[39m
[35m[HTTP][39m [90m[39m
[35m[HTTP][39m [37m-->[39m [37mPOST[39m [37m/wd/hub/session/9a2735d8-2272-4253-826a-c3b9173a3583/element/8a063fa8-8418-4436-8f6e-33735595b9c0/clear[39m
[35m[HTTP][39m [90m{"id":"8a063fa8-8418-4436-8f6e-33735595b9c0"}[39m
[35m[HTTP][39m [37m<-- POST /wd/hub/session/9a2735d8-2272-4253-826a-c3b9173a3583/element/8a063fa8-8418-4436-8f6e-33735595b9c0/clear [39m[32m200[39m [90m41 ms - 27[39m
[35m[HTTP][39m [90m[39m
[35m[HTTP][39m [37m-->[39m [37mPOST[39m [37m/wd/hub/session/9a2735d8-2272-4253-826a-c3b9173a3583/element/8a063fa8-8418-4436-8f6e-33735595b9c0/value[39m
[35m[HTTP][39m [90m{"id":"8a063fa8-8418-4436-8f6e-33735595b9c0","text":"fdgs","value":["f","d","g","s"]}[39m
[35m[HTTP][39m [37m<-- POST /wd/hub/session/9a2735d8-2272-4253-826a-c3b9173a3583/element/8a063fa8-8418-4436-8f6e-33735595b9c0/value [39m[32m200[39m [90m1054 ms - 12[39m
[35m[HTTP][39m [90m[39m
[35m[HTTP][39m [37m-->[39m [37mPOST[39m [37m/wd/hub/session/9a2735d8-2272-4253-826a-c3b9173a3583/timeouts[39m
[35m[HTTP][39m [90m{"implicit":50}[39m
[35m[HTTP][39m [37m<-- POST /wd/hub/session/9a2735d8-2272-4253-826a-c3b9173a3583/timeouts [39m[32m200[39m [90m2 ms - 14[39m
[35m[HTTP][39m [90m[39m
[35m[HTTP][39m [37m-->[39m [37mGET[39m [37m/wd/hub/session/9a2735d8-2272-4253-826a-c3b9173a3583/window/rect[39m
[35m[HTTP][39m [90m{}[39m
[35m[HTTP][39m [37m<-- GET /wd/hub/session/9a2735d8-2272-4253-826a-c3b9173a3583/window/rect [39m[32m200[39m [90m62 ms - 50[39m
[35m[HTTP][39m [90m[39m
[35m[HTTP][39m [37m-->[39m [37mPOST[39m [37m/wd/hub/session/9a2735d8-2272-4253-826a-c3b9173a3583/elements[39m
[35m[HTTP][39m [90m{"using":"-android uiautomator","value":"new UiSelector().className(\"android.widget.EditText\").text(\"Last Name\")"}[39m
[35m[HTTP][39m [37m<-- POST /wd/hub/session/9a2735d8-2272-4253-826a-c3b9173a3583/elements [39m[32m200[39m [90m373 ms - 139[39m
[35m[HTTP][39m [90m[39m
[35m[HTTP][39m [37m-->[39m [37mGET[39m [37m/wd/hub/session/9a2735d8-2272-4253-826a-c3b9173a3583/element/31d97e6b-a32c-42ed-9591-c2ba02254608/location[39m
[35m[HTTP][39m [90m{}[39m
[35m[W3C (9a2735d8)][39m Driver proxy active, passing request on via HTTP proxy
[35m[WD Proxy][39m Replacing sessionId 2d1ec96d-5fb5-44d6-8f67-6b1874614568 with 9a2735d8-2272-4253-826a-c3b9173a3583
[35m[HTTP][39m [37m<-- GET /wd/hub/session/9a2735d8-2272-4253-826a-c3b9173a3583/element/31d97e6b-a32c-42ed-9591-c2ba02254608/location [39m[32m200[39m [90m39 ms - 89[39m
[35m[HTTP][39m [90m[39m
[35m[HTTP][39m [37m-->[39m [37mPOST[39m [37m/wd/hub/session/9a2735d8-2272-4253-826a-c3b9173a3583/timeouts[39m
[35m[HTTP][39m [90m{"implicit":30000}[39m
[35m[HTTP][39m [37m<-- POST /wd/hub/session/9a2735d8-2272-4253-826a-c3b9173a3583/timeouts [39m[32m200[39m [90m1 ms - 14[39m
[35m[HTTP][39m [90m[39m
[35m[HTTP][39m [37m-->[39m [37mPOST[39m [37m/wd/hub/session/9a2735d8-2272-4253-826a-c3b9173a3583/element/31d97e6b-a32c-42ed-9591-c2ba02254608/clear[39m
[35m[HTTP][39m [90m{"id":"31d97e6b-a32c-42ed-9591-c2ba02254608"}[39m
[35m[HTTP][39m [37m<-- POST /wd/hub/session/9a2735d8-2272-4253-826a-c3b9173a3583/element/31d97e6b-a32c-42ed-9591-c2ba02254608/clear [39m[32m200[39m [90m42 ms - 27[39m
[35m[HTTP][39m [90m[39m
[35m[HTTP][39m [37m-->[39m [37mPOST[39m [37m/wd/hub/session/9a2735d8-2272-4253-826a-c3b9173a3583/element/31d97e6b-a32c-42ed-9591-c2ba02254608/value[39m
[35m[HTTP][39m [90m{"id":"31d97e6b-a32c-42ed-9591-c2ba02254608","text":"setdrfgjhk","value":["s","e","t","d","r","f","g","j","h","k"]}[39m
[35m[HTTP][39m [37m<-- POST /wd/hub/session/9a2735d8-2272-4253-826a-c3b9173a3583/element/31d97e6b-a32c-42ed-9591-c2ba02254608/value [39m[32m200[39m [90m1058 ms - 12[39m
[35m[HTTP][39m [90m[39m
[35m[HTTP][39m [37m-->[39m [37mPOST[39m [37m/wd/hub/session/9a2735d8-2272-4253-826a-c3b9173a3583/timeouts[39m
[35m[HTTP][39m [90m{"implicit":50}[39m
[35m[HTTP][39m [37m<-- POST /wd/hub/session/9a2735d8-2272-4253-826a-c3b9173a3583/timeouts [39m[32m200[39m [90m2 ms - 14[39m
[35m[HTTP][39m [90m[39m
[35m[HTTP][39m [37m-->[39m [37mGET[39m [37m/wd/hub/session/9a2735d8-2272-4253-826a-c3b9173a3583/window/rect[39m
[35m[HTTP][39m [90m{}[39m
[35m[HTTP][39m [37m<-- GET /wd/hub/session/9a2735d8-2272-4253-826a-c3b9173a3583/window/rect [39m[32m200[39m [90m22 ms - 50[39m
[35m[HTTP][39m [90m[39m
[35m[HTTP][39m [37m-->[39m [37mPOST[39m [37m/wd/hub/session/9a2735d8-2272-4253-826a-c3b9173a3583/elements[39m
[35m[HTTP][39m [90m{"using":"-android uiautomator","value":"new UiSelector().className(\"android.widget.EditText\").text(\"Email\")"}[39m
[35m[HTTP][39m [37m<-- POST /wd/hub/session/9a2735d8-2272-4253-826a-c3b9173a3583/elements [39m[32m200[39m [90m333 ms - 139[39m
[35m[HTTP][39m [90m[39m
[35m[HTTP][39m [37m-->[39m [37mGET[39m [37m/wd/hub/session/9a2735d8-2272-4253-826a-c3b9173a3583/element/aa04b8f8-7268-4a29-b8c4-028b77717fe3/location[39m
[35m[HTTP][39m [90m{}[39m
[35m[W3C (9a2735d8)][39m Driver proxy active, passing request on via HTTP proxy
[35m[WD Proxy][39m Replacing sessionId 2d1ec96d-5fb5-44d6-8f67-6b1874614568 with 9a2735d8-2272-4253-826a-c3b9173a3583
[35m[HTTP][39m [37m<-- GET /wd/hub/session/9a2735d8-2272-4253-826a-c3b9173a3583/element/aa04b8f8-7268-4a29-b8c4-028b77717fe3/location [39m[32m200[39m [90m26 ms - 90[39m
[35m[HTTP][39m [90m[39m
[35m[HTTP][39m [37m-->[39m [37mPOST[39m [37m/wd/hub/session/9a2735d8-2272-4253-826a-c3b9173a3583/timeouts[39m
[35m[HTTP][39m [90m{"implicit":30000}[39m
[35m[HTTP][39m [37m<-- POST /wd/hub/session/9a2735d8-2272-4253-826a-c3b9173a3583/timeouts [39m[32m200[39m [90m2 ms - 14[39m
[35m[HTTP][39m [90m[39m
[35m[HTTP][39m [37m-->[39m [37mPOST[39m [37m/wd/hub/session/9a2735d8-2272-4253-826a-c3b9173a3583/element/aa04b8f8-7268-4a29-b8c4-028b77717fe3/clear[39m
[35m[HTTP][39m [90m{"id":"aa04b8f8-7268-4a29-b8c4-028b77717fe3"}[39m
[35m[HTTP][39m [37m<-- POST /wd/hub/session/9a2735d8-2272-4253-826a-c3b9173a3583/element/aa04b8f8-7268-4a29-b8c4-028b77717fe3/clear [39m[32m200[39m [90m31 ms - 27[39m
[35m[HTTP][39m [90m[39m
[35m[HTTP][39m [37m-->[39m [37mPOST[39m [37m/wd/hub/session/9a2735d8-2272-4253-826a-c3b9173a3583/element/aa04b8f8-7268-4a29-b8c4-028b77717fe3/value[39m
[35m[HTTP][39m [90m{"id":"aa04b8f8-7268-4a29-b8c4-028b77717fe3","text":"hkgyufi@hjdfj.com","value":["h","k","g","y","u","f","i","@","h","j","d","f","j",".","c","o","m"]}[39m
[35m[HTTP][39m [37m<-- POST /wd/hub/session/9a2735d8-2272-4253-826a-c3b9173a3583/element/aa04b8f8-7268-4a29-b8c4-028b77717fe3/value [39m[32m200[39m [90m1051 ms - 12[39m
[35m[HTTP][39m [90m[39m
[35m[HTTP][39m [37m-->[39m [37mPOST[39m [37m/wd/hub/session/9a2735d8-2272-4253-826a-c3b9173a3583/timeouts[39m
[35m[HTTP][39m [90m{"implicit":50}[39m
[35m[HTTP][39m [37m<-- POST /wd/hub/session/9a2735d8-2272-4253-826a-c3b9173a3583/timeouts [39m[32m200[39m [90m3 ms - 14[39m
[35m[HTTP][39m [90m[39m
[35m[HTTP][39m [37m-->[39m [37mGET[39m [37m/wd/hub/session/9a2735d8-2272-4253-826a-c3b9173a3583/window/rect[39m
[35m[HTTP][39m [90m{}[39m
[35m[HTTP][39m [37m<-- GET /wd/hub/session/9a2735d8-2272-4253-826a-c3b9173a3583/window/rect [39m[32m200[39m [90m25 ms - 50[39m
[35m[HTTP][39m [90m[39m
[35m[HTTP][39m [37m-->[39m [37mPOST[39m [37m/wd/hub/session/9a2735d8-2272-4253-826a-c3b9173a3583/elements[39m
[35m[HTTP][39m [90m{"using":"-android uiautomator","value":"new UiSelector().className(\"android.widget.EditText\").text(\"Mobile Number\")"}[39m
[35m[HTTP][39m [37m<-- POST /wd/hub/session/9a2735d8-2272-4253-826a-c3b9173a3583/elements [39m[32m200[39m [90m391 ms - 139[39m
[35m[HTTP][39m [90m[39m
[35m[HTTP][39m [37m-->[39m [37mGET[39m [37m/wd/hub/session/9a2735d8-2272-4253-826a-c3b9173a3583/element/f6ca616f-680a-437c-865f-db75fd71e26a/location[39m
[35m[HTTP][39m [90m{}[39m
[35m[W3C (9a2735d8)][39m Driver proxy active, passing request on via HTTP proxy
[35m[WD Proxy][39m Replacing sessionId 2d1ec96d-5fb5-44d6-8f67-6b1874614568 with 9a2735d8-2272-4253-826a-c3b9173a3583
[35m[HTTP][39m [37m<-- GET /wd/hub/session/9a2735d8-2272-4253-826a-c3b9173a3583/element/f6ca616f-680a-437c-865f-db75fd71e26a/location [39m[32m200[39m [90m27 ms - 90[39m
[35m[HTTP][39m [90m[39m
[35m[HTTP][39m [37m-->[39m [37mPOST[39m [37m/wd/hub/session/9a2735d8-2272-4253-826a-c3b9173a3583/timeouts[39m
[35m[HTTP][39m [90m{"implicit":30000}[39m
[35m[HTTP][39m [37m<-- POST /wd/hub/session/9a2735d8-2272-4253-826a-c3b9173a3583/timeouts [39m[32m200[39m [90m1 ms - 14[39m
[35m[HTTP][39m [90m[39m
[35m[HTTP][39m [37m-->[39m [37mPOST[39m [37m/wd/hub/session/9a2735d8-2272-4253-826a-c3b9173a3583/element/f6ca616f-680a-437c-865f-db75fd71e26a/clear[39m
[35m[HTTP][39m [90m{"id":"f6ca616f-680a-437c-865f-db75fd71e26a"}[39m
[35m[HTTP][39m [37m<-- POST /wd/hub/session/9a2735d8-2272-4253-826a-c3b9173a3583/element/f6ca616f-680a-437c-865f-db75fd71e26a/clear [39m[32m200[39m [90m29 ms - 27[39m
[35m[HTTP][39m [90m[39m
[35m[HTTP][39m [37m-->[39m [37mPOST[39m [37m/wd/hub/session/9a2735d8-2272-4253-826a-c3b9173a3583/element/f6ca616f-680a-437c-865f-db75fd71e26a/value[39m
[35m[HTTP][39m [90m{"id":"f6ca616f-680a-437c-865f-db75fd71e26a","text":"9812981298","value":["9","8","1","2","9","8","1","2","9","8"]}[39m
[35m[HTTP][39m [37m<-- POST /wd/hub/session/9a2735d8-2272-4253-826a-c3b9173a3583/element/f6ca616f-680a-437c-865f-db75fd71e26a/value [39m[32m200[39m [90m1049 ms - 12[39m
[35m[HTTP][39m [90m[39m
[35m[HTTP][39m [37m-->[39m [37mPOST[39m [37m/wd/hub/session/9a2735d8-2272-4253-826a-c3b9173a3583/timeouts[39m
[35m[HTTP][39m [90m{"implicit":50}[39m
[35m[HTTP][39m [37m<-- POST /wd/hub/session/9a2735d8-2272-4253-826a-c3b9173a3583/timeouts [39m[32m200[39m [90m4 ms - 14[39m
[35m[HTTP][39m [90m[39m
[35m[HTTP][39m [37m-->[39m [37mGET[39m [37m/wd/hub/session/9a2735d8-2272-4253-826a-c3b9173a3583/window/rect[39m
[35m[HTTP][39m [90m{}[39m
[35m[HTTP][39m [37m<-- GET /wd/hub/session/9a2735d8-2272-4253-826a-c3b9173a3583/window/rect [39m[32m200[39m [90m37 ms - 50[39m
[35m[HTTP][39m [90m[39m
[35m[HTTP][39m [37m-->[39m [37mPOST[39m [37m/wd/hub/session/9a2735d8-2272-4253-826a-c3b9173a3583/elements[39m
[35m[HTTP][39m [90m{"using":"-android uiautomator","value":"new UiSelector().className(\"android.widget.EditText\").text(\"Password\")"}[39m
[35m[HTTP][39m [37m<-- POST /wd/hub/session/9a2735d8-2272-4253-826a-c3b9173a3583/elements [39m[32m200[39m [90m412 ms - 139[39m
[35m[HTTP][39m [90m[39m
[35m[HTTP][39m [37m-->[39m [37mGET[39m [37m/wd/hub/session/9a2735d8-2272-4253-826a-c3b9173a3583/element/489e11b4-0a2a-485a-a825-82e0aab9d9b1/location[39m
[35m[HTTP][39m [90m{}[39m
[35m[W3C (9a2735d8)][39m Driver proxy active, passing request on via HTTP proxy
[35m[WD Proxy][39m Replacing sessionId 2d1ec96d-5fb5-44d6-8f67-6b1874614568 with 9a2735d8-2272-4253-826a-c3b9173a3583
[35m[HTTP][39m [37m<-- GET /wd/hub/session/9a2735d8-2272-4253-826a-c3b9173a3583/element/489e11b4-0a2a-485a-a825-82e0aab9d9b1/location [39m[32m200[39m [90m25 ms - 90[39m
[35m[HTTP][39m [90m[39m
[35m[HTTP][39m [37m-->[39m [37mPOST[39m [37m/wd/hub/session/9a2735d8-2272-4253-826a-c3b9173a3583/timeouts[39m
[35m[HTTP][39m [90m{"implicit":30000}[39m
[35m[HTTP][39m [37m<-- POST /wd/hub/session/9a2735d8-2272-4253-826a-c3b9173a3583/timeouts [39m[32m200[39m [90m1 ms - 14[39m
[35m[HTTP][39m [90m[39m
[35m[HTTP][39m [37m-->[39m [37mPOST[39m [37m/wd/hub/session/9a2735d8-2272-4253-826a-c3b9173a3583/element/489e11b4-0a2a-485a-a825-82e0aab9d9b1/clear[39m
[35m[HTTP][39m [90m{"id":"489e11b4-0a2a-485a-a825-82e0aab9d9b1"}[39m
[35m[HTTP][39m [37m<-- POST /wd/hub/session/9a2735d8-2272-4253-826a-c3b9173a3583/element/489e11b4-0a2a-485a-a825-82e0aab9d9b1/clear [39m[32m200[39m [90m38 ms - 27[39m
[35m[HTTP][39m [90m[39m
[35m[HTTP][39m [37m-->[39m [37mPOST[39m [37m/wd/hub/session/9a2735d8-2272-4253-826a-c3b9173a3583/element/489e11b4-0a2a-485a-a825-82e0aab9d9b1/value[39m
[35m[HTTP][39m [90m{"id":"489e11b4-0a2a-485a-a825-82e0aab9d9b1","text":"123456","value":["1","2","3","4","5","6"]}[39m
[35m[HTTP][39m [37m<-- POST /wd/hub/session/9a2735d8-2272-4253-826a-c3b9173a3583/element/489e11b4-0a2a-485a-a825-82e0aab9d9b1/value [39m[32m200[39m [90m1043 ms - 12[39m
[35m[HTTP][39m [90m[39m
[35m[HTTP][39m [37m-->[39m [37mPOST[39m [37m/wd/hub/session/9a2735d8-2272-4253-826a-c3b9173a3583/timeouts[39m
[35m[HTTP][39m [90m{"implicit":50}[39m
[35m[HTTP][39m [37m<-- POST /wd/hub/session/9a2735d8-2272-4253-826a-c3b9173a3583/timeouts [39m[32m200[39m [90m3 ms - 14[39m
[35m[HTTP][39m [90m[39m
[35m[HTTP][39m [37m-->[39m [37mGET[39m [37m/wd/hub/session/9a2735d8-2272-4253-826a-c3b9173a3583/window/rect[39m
[35m[HTTP][39m [90m{}[39m
[35m[HTTP][39m [37m<-- GET /wd/hub/session/9a2735d8-2272-4253-826a-c3b9173a3583/window/rect [39m[32m200[39m [90m30 ms - 50[39m
[35m[HTTP][39m [90m[39m
[35m[HTTP][39m [37m-->[39m [37mPOST[39m [37m/wd/hub/session/9a2735d8-2272-4253-826a-c3b9173a3583/elements[39m
[35m[HTTP][39m [90m{"using":"-android uiautomator","value":"new UiSelector().className(\"android.widget.EditText\").text(\"Confirm password\")"}[39m
[35m[HTTP][39m [37m<-- POST /wd/hub/session/9a2735d8-2272-4253-826a-c3b9173a3583/elements [39m[32m200[39m [90m396 ms - 139[39m
[35m[HTTP][39m [90m[39m
[35m[HTTP][39m [37m-->[39m [37mGET[39m [37m/wd/hub/session/9a2735d8-2272-4253-826a-c3b9173a3583/element/7c03e7da-a2a0-47a3-8682-880ba1853dd5/location[39m
[35m[HTTP][39m [90m{}[39m
[35m[W3C (9a2735d8)][39m Driver proxy active, passing request on via HTTP proxy
[35m[WD Proxy][39m Replacing sessionId 2d1ec96d-5fb5-44d6-8f67-6b1874614568 with 9a2735d8-2272-4253-826a-c3b9173a3583
[35m[HTTP][39m [37m<-- GET /wd/hub/session/9a2735d8-2272-4253-826a-c3b9173a3583/element/7c03e7da-a2a0-47a3-8682-880ba1853dd5/location [39m[32m200[39m [90m23 ms - 90[39m
[35m[HTTP][39m [90m[39m
[35m[HTTP][39m [37m-->[39m [37mPOST[39m [37m/wd/hub/session/9a2735d8-2272-4253-826a-c3b9173a3583/timeouts[39m
[35m[HTTP][39m [90m{"implicit":30000}[39m
[35m[HTTP][39m [37m<-- POST /wd/hub/session/9a2735d8-2272-4253-826a-c3b9173a3583/timeouts [39m[32m200[39m [90m2 ms - 14[39m
[35m[HTTP][39m [90m[39m
[35m[HTTP][39m [37m-->[39m [37mPOST[39m [37m/wd/hub/session/9a2735d8-2272-4253-826a-c3b9173a3583/element/7c03e7da-a2a0-47a3-8682-880ba1853dd5/clear[39m
[35m[HTTP][39m [90m{"id":"7c03e7da-a2a0-47a3-8682-880ba1853dd5"}[39m
[35m[HTTP][39m [37m<-- POST /wd/hub/session/9a2735d8-2272-4253-826a-c3b9173a3583/element/7c03e7da-a2a0-47a3-8682-880ba1853dd5/clear [39m[32m200[39m [90m27 ms - 27[39m
[35m[HTTP][39m [90m[39m
[35m[HTTP][39m [37m-->[39m [37mPOST[39m [37m/wd/hub/session/9a2735d8-2272-4253-826a-c3b9173a3583/element/7c03e7da-a2a0-47a3-8682-880ba1853dd5/value[39m
[35m[HTTP][39m [90m{"id":"7c03e7da-a2a0-47a3-8682-880ba1853dd5","text":"123456","value":["1","2","3","4","5","6"]}[39m
[35m[HTTP][39m [37m<-- POST /wd/hub/session/9a2735d8-2272-4253-826a-c3b9173a3583/element/7c03e7da-a2a0-47a3-8682-880ba1853dd5/value [39m[32m200[39m [90m1043 ms - 12[39m
[35m[HTTP][39m [90m[39m
[35m[HTTP][39m [37m-->[39m [37mPOST[39m [37m/wd/hub/session/9a2735d8-2272-4253-826a-c3b9173a3583/timeouts[39m
[35m[HTTP][39m [90m{"implicit":50}[39m
[35m[HTTP][39m [37m<-- POST /wd/hub/session/9a2735d8-2272-4253-826a-c3b9173a3583/timeouts [39m[32m200[39m [90m2 ms - 14[39m
[35m[HTTP][39m [90m[39m
[35m[HTTP][39m [37m-->[39m [37mGET[39m [37m/wd/hub/session/9a2735d8-2272-4253-826a-c3b9173a3583/window/rect[39m
[35m[HTTP][39m [90m{}[39m
[35m[HTTP][39m [37m<-- GET /wd/hub/session/9a2735d8-2272-4253-826a-c3b9173a3583/window/rect [39m[32m200[39m [90m19 ms - 50[39m
[35m[HTTP][39m [90m[39m
[35m[HTTP][39m [37m-->[39m [37mPOST[39m [37m/wd/hub/session/9a2735d8-2272-4253-826a-c3b9173a3583/elements[39m
[35m[HTTP][39m [90m{"using":"-android uiautomator","value":"new UiSelector().className(\"android.widget.TextView\").text(\"Register\")"}[39m
[35m[HTTP][39m [37m<-- POST /wd/hub/session/9a2735d8-2272-4253-826a-c3b9173a3583/elements [39m[32m200[39m [90m418 ms - 267[39m
[35m[HTTP][39m [90m[39m
[35m[HTTP][39m [37m-->[39m [37mGET[39m [37m/wd/hub/session/9a2735d8-2272-4253-826a-c3b9173a3583/element/15d74d24-dc93-4716-88a8-2f5b7403a5fa/location[39m
[35m[HTTP][39m [90m{}[39m
[35m[W3C (9a2735d8)][39m Driver proxy active, passing request on via HTTP proxy
[35m[WD Proxy][39m Replacing sessionId 2d1ec96d-5fb5-44d6-8f67-6b1874614568 with 9a2735d8-2272-4253-826a-c3b9173a3583
[35m[HTTP][39m [37m<-- GET /wd/hub/session/9a2735d8-2272-4253-826a-c3b9173a3583/element/15d74d24-dc93-4716-88a8-2f5b7403a5fa/location [39m[32m200[39m [90m28 ms - 89[39m
[35m[HTTP][39m [90m[39m
[35m[HTTP][39m [37m-->[39m [37mPOST[39m [37m/wd/hub/session/9a2735d8-2272-4253-826a-c3b9173a3583/timeouts[39m
[35m[HTTP][39m [90m{"implicit":30000}[39m
[35m[HTTP][39m [37m<-- POST /wd/hub/session/9a2735d8-2272-4253-826a-c3b9173a3583/timeouts [39m[32m200[39m [90m2 ms - 14[39m
[35m[HTTP][39m [90m[39m
[35m[HTTP][39m [37m-->[39m [37mPOST[39m [37m/wd/hub/session/9a2735d8-2272-4253-826a-c3b9173a3583/touch/perform[39m
[35m[HTTP][39m [90m{"actions":[{"action":"tap","options":{"x":1,"y":1,"element":"15d74d24-dc93-4716-88a8-2f5b7403a5fa"}},{"action":"release","options":{}}]}[39m
[35m[UiAutomator2][39m calling get location: 15d74d24-dc93-4716-88a8-2f5b7403a5fa
[35m[HTTP][39m [37m<-- POST /wd/hub/session/9a2735d8-2272-4253-826a-c3b9173a3583/touch/perform [39m[32m200[39m [90m3164 ms - 14[39m
[35m[HTTP][39m [90m[39m
[35m[HTTP][39m [37m-->[39m [37mDELETE[39m [37m/wd/hub/session/9a2735d8-2272-4253-826a-c3b9173a3583[39m
[35m[HTTP][39m [90m{}[39m
[35m[Appium][39m Removing session 9a2735d8-2272-4253-826a-c3b9173a3583 from our master session list
[35m[ADB][39m io.nativebase.market.geekyants.taxiappdriver was successfully uninstalled
[35m[UiAutomator2][39m Restoring hidden api policy to the device default configuration
[35m[HTTP][39m [37m<-- DELETE /wd/hub/session/9a2735d8-2272-4253-826a-c3b9173a3583 [39m[32m200[39m [90m5077 ms - 14[39m
[35m[HTTP][39m [90m[39m
