[35m[Appium][39m Welcome to Appium v1.14.0
[35m[Appium][39m Non-default server args:
[35m[Appium][39m   port: 50845
[35m[Appium][39m   loglevel: info
[35m[Appium][39m   chromeDriverPort: 50848
[35m[Appium][39m   tmpDir: /var/folders/38/x4crs4qx0hn0r3_szny2t9sw0000gn/T//Katalon/Appium/Temp1565759279389
[35m[Appium][39m Appium REST http interface listener started on 0.0.0.0:50845
[35m[HTTP][39m [37m-->[39m [37mGET[39m [37m/wd/hub/status[39m
[35m[HTTP][39m [90m{}[39m
[35m[HTTP][39m [37m<-- GET /wd/hub/status [39m[32m200[39m [90m7 ms - 68[39m
[35m[HTTP][39m [90m[39m
[35m[HTTP][39m [37m-->[39m [37mPOST[39m [37m/wd/hub/session[39m
[35m[HTTP][39m [90m{"desiredCapabilities":{"app":"/Users/sumittulsyan/Downloads/app-release.apk","noReset":false,"deviceName":"emulator-5556 (Android SDK built for x86 - Android 7.0)","fullReset":true,"platform":"ANDROID","newCommandTimeout":1800,"platformVersion":"7.0","automationName":"uiautomator2","autoGrantPermissions":true,"platformName":"Android","udid":"emulator-5556","systemPort":50844},"capabilities":{"firstMatch":[{"appium:app":"/Users/sumittulsyan/Downloads/app-release.apk","appium:autoGrantPermissions":true,"appium:automationName":"uiautomator2","appium:deviceName":"emulator-5556 (Android SDK built for x86 - Android 7.0)","appium:fullReset":true,"appium:newCommandTimeout":1800,"appium:noReset":false,"platform":"ANDROID","platformName":"android","appium:platformVersion":"7.0","appium:systemPort":50844,"appium:udid":"emulator-5556"}]}}[39m
[35m[BaseDriver][39m The capabilities ["platform"] are not standard capabilities and should have an extension prefix
[35m[Appium][39m Appium v1.14.0 creating new AndroidUiautomator2Driver (v1.33.1) session
[35m[Appium][39m Capabilities:
[35m[Appium][39m   platform: ANDROID
[35m[Appium][39m   platformName: android
[35m[Appium][39m   app: /Users/sumittulsyan/Downloads/app-release.apk
[35m[Appium][39m   autoGrantPermissions: true
[35m[Appium][39m   automationName: uiautomator2
[35m[Appium][39m   deviceName: emulator-5556 (Android SDK built for x86 - Android 7.0)
[35m[Appium][39m   fullReset: true
[35m[Appium][39m   newCommandTimeout: 1800
[35m[Appium][39m   noReset: false
[35m[Appium][39m   platformVersion: 7.0
[35m[Appium][39m   systemPort: 50844
[35m[Appium][39m   udid: emulator-5556
[35m[BaseDriver][39m The following capabilities were provided, but are not recognized by Appium:
[35m[BaseDriver][39m   platform
[35m[BaseDriver][39m Session created with session id: 5188d65b-cb1b-49d8-99fc-946b9dacff92
[35m[BaseDriver][39m Using local app '/Users/sumittulsyan/Downloads/app-release.apk'
[35m[ADB][39m Found 1 'build-tools' folders under '/Users/sumittulsyan/.katalon/tools/android_sdk' (newest first):
[35m[ADB][39m     /Users/sumittulsyan/.katalon/tools/android_sdk/build-tools/29.0.1
[35m[ADB][39m Using 'adb' from '/Users/sumittulsyan/.katalon/tools/android_sdk/platform-tools/adb'
[35m[AndroidDriver][39m Retrieving device list
[35m[AndroidDriver][39m Using device: emulator-5556
[35m[ADB][39m Using 'adb' from '/Users/sumittulsyan/.katalon/tools/android_sdk/platform-tools/adb'
[35m[ADB][39m Using 'apkanalyzer' from '/Users/sumittulsyan/.katalon/tools/android_sdk/tools/bin/apkanalyzer'
[35m[ADB][39m Package name: 'io.nativebase.market.geekyants.taxiappdriver'
[35m[ADB][39m Main activity name: 'io.nativebase.market.geekyants.taxiappdriver.MainActivity'
[35m[ADB][39m Using 'aapt' from '/Users/sumittulsyan/.katalon/tools/android_sdk/build-tools/29.0.1/aapt'
[35m[ADB][39m Using 'apksigner' from '/Users/sumittulsyan/.katalon/tools/android_sdk/build-tools/29.0.1/apksigner'
[35m[UiAutomator2][39m Server packages are not going to be (re)installed
[35m[ADB][39m io.nativebase.market.geekyants.taxiappdriver was not uninstalled, because it was not present on the device
[35m[ADB][39m The application at '/Users/sumittulsyan/Downloads/app-release.apk' is already cached to '/data/local/tmp/appium_cache/0a4c298d81fa9fed8129162356ad8641ab361e22.apk'
[35m[ADB][39m The installation of 'app-release.apk' took 7.049s
[35m[UiAutomator2][39m Starting UIAutomator2 server 3.7.0
[35m[UiAutomator2][39m Using UIAutomator2 server from '/Users/sumittulsyan/Downloads/appium-mobile-test/node_modules/appium-uiautomator2-server/apks/appium-uiautomator2-server-v3.7.0.apk' and test from '/Users/sumittulsyan/Downloads/appium-mobile-test/node_modules/appium-uiautomator2-server/apks/appium-uiautomator2-server-debug-androidTest.apk'
[35m[UiAutomator2][39m Waiting up to 30000ms for UiAutomator2 to be online...
[35m[WD Proxy][39m Got an unexpected response: {"code":"ECONNRESET"}
[35m[AndroidDriver][39m Screen already unlocked, doing nothing
[35m[UiAutomator2][39m UiAutomator2 did not start the activity we were waiting for, 'io.nativebase.market.geekyants.taxiappdriver/io.nativebase.market.geekyants.taxiappdriver.MainActivity'. Starting it ourselves
[35m[Appium][39m New AndroidUiautomator2Driver session created successfully, session 5188d65b-cb1b-49d8-99fc-946b9dacff92 added to master session list
[35m[HTTP][39m [37m<-- POST /wd/hub/session [39m[32m200[39m [90m19503 ms - 1272[39m
[35m[HTTP][39m [90m[39m
[35m[HTTP][39m [37m-->[39m [37mGET[39m [37m/wd/hub/session/5188d65b-cb1b-49d8-99fc-946b9dacff92[39m
[35m[HTTP][39m [90m{}[39m
[35m[HTTP][39m [37m<-- GET /wd/hub/session/5188d65b-cb1b-49d8-99fc-946b9dacff92 [39m[32m200[39m [90m71 ms - 1204[39m
[35m[HTTP][39m [90m[39m
[35m[HTTP][39m [37m-->[39m [37mGET[39m [37m/wd/hub/session/5188d65b-cb1b-49d8-99fc-946b9dacff92[39m
[35m[HTTP][39m [90m{}[39m
[35m[HTTP][39m [37m<-- GET /wd/hub/session/5188d65b-cb1b-49d8-99fc-946b9dacff92 [39m[32m200[39m [90m14 ms - 1204[39m
[35m[HTTP][39m [90m[39m
[35m[HTTP][39m [37m-->[39m [37mGET[39m [37m/wd/hub/status[39m
[35m[HTTP][39m [90m{}[39m
[35m[HTTP][39m [37m<-- GET /wd/hub/status [39m[32m200[39m [90m2 ms - 68[39m
[35m[HTTP][39m [90m[39m
[35m[HTTP][39m [37m-->[39m [37mPOST[39m [37m/wd/hub/session/5188d65b-cb1b-49d8-99fc-946b9dacff92/timeouts[39m
[35m[HTTP][39m [90m{"implicit":30000}[39m
[35m[HTTP][39m [37m<-- POST /wd/hub/session/5188d65b-cb1b-49d8-99fc-946b9dacff92/timeouts [39m[32m200[39m [90m4 ms - 14[39m
[35m[HTTP][39m [90m[39m
[35m[HTTP][39m [37m-->[39m [37mPOST[39m [37m/wd/hub/session/5188d65b-cb1b-49d8-99fc-946b9dacff92/timeouts[39m
[35m[HTTP][39m [90m{"implicit":50}[39m
[35m[HTTP][39m [37m<-- POST /wd/hub/session/5188d65b-cb1b-49d8-99fc-946b9dacff92/timeouts [39m[32m200[39m [90m3 ms - 14[39m
[35m[HTTP][39m [90m[39m
[35m[HTTP][39m [37m-->[39m [37mGET[39m [37m/wd/hub/session/5188d65b-cb1b-49d8-99fc-946b9dacff92/window/rect[39m
[35m[HTTP][39m [90m{}[39m
[35m[HTTP][39m [37m<-- GET /wd/hub/session/5188d65b-cb1b-49d8-99fc-946b9dacff92/window/rect [39m[32m200[39m [90m24 ms - 50[39m
[35m[HTTP][39m [90m[39m
[35m[HTTP][39m [37m-->[39m [37mPOST[39m [37m/wd/hub/session/5188d65b-cb1b-49d8-99fc-946b9dacff92/elements[39m
[35m[HTTP][39m [90m{"using":"-android uiautomator","value":"new UiSelector().className(\"android.widget.TextView\").text(\"Sign In\")"}[39m
[35m[HTTP][39m [37m<-- POST /wd/hub/session/5188d65b-cb1b-49d8-99fc-946b9dacff92/elements [39m[32m200[39m [90m62 ms - 12[39m
[35m[HTTP][39m [90m[39m
[35m[HTTP][39m [37m-->[39m [37mPOST[39m [37m/wd/hub/session/5188d65b-cb1b-49d8-99fc-946b9dacff92/elements[39m
[35m[HTTP][39m [90m{"using":"-android uiautomator","value":"new UiSelector().className(\"android.widget.TextView\").text(\"Sign In\")"}[39m
[35m[HTTP][39m [37m<-- POST /wd/hub/session/5188d65b-cb1b-49d8-99fc-946b9dacff92/elements [39m[32m200[39m [90m650 ms - 12[39m
[35m[HTTP][39m [90m[39m
[35m[HTTP][39m [37m-->[39m [37mPOST[39m [37m/wd/hub/session/5188d65b-cb1b-49d8-99fc-946b9dacff92/elements[39m
[35m[HTTP][39m [90m{"using":"-android uiautomator","value":"new UiSelector().className(\"android.widget.TextView\").text(\"Sign In\")"}[39m
[35m[HTTP][39m [37m<-- POST /wd/hub/session/5188d65b-cb1b-49d8-99fc-946b9dacff92/elements [39m[32m200[39m [90m585 ms - 12[39m
[35m[HTTP][39m [90m[39m
[35m[HTTP][39m [37m-->[39m [37mPOST[39m [37m/wd/hub/session/5188d65b-cb1b-49d8-99fc-946b9dacff92/elements[39m
[35m[HTTP][39m [90m{"using":"-android uiautomator","value":"new UiSelector().className(\"android.widget.TextView\").text(\"Sign In\")"}[39m
[35m[HTTP][39m [37m<-- POST /wd/hub/session/5188d65b-cb1b-49d8-99fc-946b9dacff92/elements [39m[32m200[39m [90m559 ms - 12[39m
[35m[HTTP][39m [90m[39m
[35m[HTTP][39m [37m-->[39m [37mPOST[39m [37m/wd/hub/session/5188d65b-cb1b-49d8-99fc-946b9dacff92/elements[39m
[35m[HTTP][39m [90m{"using":"-android uiautomator","value":"new UiSelector().className(\"android.widget.TextView\").text(\"Sign In\")"}[39m
[35m[HTTP][39m [37m<-- POST /wd/hub/session/5188d65b-cb1b-49d8-99fc-946b9dacff92/elements [39m[32m200[39m [90m1859 ms - 139[39m
[35m[HTTP][39m [90m[39m
[35m[HTTP][39m [37m-->[39m [37mGET[39m [37m/wd/hub/session/5188d65b-cb1b-49d8-99fc-946b9dacff92/element/63fa31dc-402d-49c3-a498-1f4405056237/location[39m
[35m[HTTP][39m [90m{}[39m
[35m[W3C (5188d65b)][39m Driver proxy active, passing request on via HTTP proxy
[35m[WD Proxy][39m Replacing sessionId be4a2096-9ba2-4a1b-9bed-a4ab268365a0 with 5188d65b-cb1b-49d8-99fc-946b9dacff92
[35m[HTTP][39m [37m<-- GET /wd/hub/session/5188d65b-cb1b-49d8-99fc-946b9dacff92/element/63fa31dc-402d-49c3-a498-1f4405056237/location [39m[32m200[39m [90m36 ms - 90[39m
[35m[HTTP][39m [90m[39m
[35m[HTTP][39m [37m-->[39m [37mPOST[39m [37m/wd/hub/session/5188d65b-cb1b-49d8-99fc-946b9dacff92/timeouts[39m
[35m[HTTP][39m [90m{"implicit":30000}[39m
[35m[HTTP][39m [37m<-- POST /wd/hub/session/5188d65b-cb1b-49d8-99fc-946b9dacff92/timeouts [39m[32m200[39m [90m3 ms - 14[39m
[35m[HTTP][39m [90m[39m
[35m[HTTP][39m [37m-->[39m [37mPOST[39m [37m/wd/hub/session/5188d65b-cb1b-49d8-99fc-946b9dacff92/touch/perform[39m
[35m[HTTP][39m [90m{"actions":[{"action":"tap","options":{"x":1,"y":1,"element":"63fa31dc-402d-49c3-a498-1f4405056237"}},{"action":"release","options":{}}]}[39m
[35m[UiAutomator2][39m calling get location: 63fa31dc-402d-49c3-a498-1f4405056237
[35m[HTTP][39m [37m<-- POST /wd/hub/session/5188d65b-cb1b-49d8-99fc-946b9dacff92/touch/perform [39m[32m200[39m [90m1075 ms - 14[39m
[35m[HTTP][39m [90m[39m
[35m[HTTP][39m [37m-->[39m [37mPOST[39m [37m/wd/hub/session/5188d65b-cb1b-49d8-99fc-946b9dacff92/timeouts[39m
[35m[HTTP][39m [90m{"implicit":50}[39m
[35m[HTTP][39m [37m<-- POST /wd/hub/session/5188d65b-cb1b-49d8-99fc-946b9dacff92/timeouts [39m[32m200[39m [90m4 ms - 14[39m
[35m[HTTP][39m [90m[39m
[35m[HTTP][39m [37m-->[39m [37mGET[39m [37m/wd/hub/session/5188d65b-cb1b-49d8-99fc-946b9dacff92/window/rect[39m
[35m[HTTP][39m [90m{}[39m
[35m[HTTP][39m [37m<-- GET /wd/hub/session/5188d65b-cb1b-49d8-99fc-946b9dacff92/window/rect [39m[32m200[39m [90m11 ms - 50[39m
[35m[HTTP][39m [90m[39m
[35m[HTTP][39m [37m-->[39m [37mPOST[39m [37m/wd/hub/session/5188d65b-cb1b-49d8-99fc-946b9dacff92/elements[39m
[35m[HTTP][39m [90m{"using":"-android uiautomator","value":"new UiSelector().className(\"android.widget.EditText\").text(\"Email\")"}[39m
[35m[HTTP][39m [37m<-- POST /wd/hub/session/5188d65b-cb1b-49d8-99fc-946b9dacff92/elements [39m[32m200[39m [90m50 ms - 139[39m
[35m[HTTP][39m [90m[39m
[35m[HTTP][39m [37m-->[39m [37mGET[39m [37m/wd/hub/session/5188d65b-cb1b-49d8-99fc-946b9dacff92/element/839af092-6bbf-42f3-8827-993a925ca253/location[39m
[35m[HTTP][39m [90m{}[39m
[35m[W3C (5188d65b)][39m Driver proxy active, passing request on via HTTP proxy
[35m[WD Proxy][39m Replacing sessionId be4a2096-9ba2-4a1b-9bed-a4ab268365a0 with 5188d65b-cb1b-49d8-99fc-946b9dacff92
[35m[HTTP][39m [37m<-- GET /wd/hub/session/5188d65b-cb1b-49d8-99fc-946b9dacff92/element/839af092-6bbf-42f3-8827-993a925ca253/location [39m[32m200[39m [90m49 ms - 89[39m
[35m[HTTP][39m [90m[39m
[35m[HTTP][39m [37m-->[39m [37mPOST[39m [37m/wd/hub/session/5188d65b-cb1b-49d8-99fc-946b9dacff92/timeouts[39m
[35m[HTTP][39m [90m{"implicit":30000}[39m
[35m[HTTP][39m [37m<-- POST /wd/hub/session/5188d65b-cb1b-49d8-99fc-946b9dacff92/timeouts [39m[32m200[39m [90m4 ms - 14[39m
[35m[HTTP][39m [90m[39m
[35m[HTTP][39m [37m-->[39m [37mPOST[39m [37m/wd/hub/session/5188d65b-cb1b-49d8-99fc-946b9dacff92/element/839af092-6bbf-42f3-8827-993a925ca253/clear[39m
[35m[HTTP][39m [90m{"id":"839af092-6bbf-42f3-8827-993a925ca253"}[39m
[35m[HTTP][39m [37m<-- POST /wd/hub/session/5188d65b-cb1b-49d8-99fc-946b9dacff92/element/839af092-6bbf-42f3-8827-993a925ca253/clear [39m[32m200[39m [90m48 ms - 27[39m
[35m[HTTP][39m [90m[39m
[35m[HTTP][39m [37m-->[39m [37mPOST[39m [37m/wd/hub/session/5188d65b-cb1b-49d8-99fc-946b9dacff92/element/839af092-6bbf-42f3-8827-993a925ca253/value[39m
[35m[HTTP][39m [90m{"id":"839af092-6bbf-42f3-8827-993a925ca253","text":"taxidriver@gmail.com","value":["t","a","x","i","d","r","i","v","e","r","@","g","m","a","i","l",".","c","o","m"]}[39m
[35m[HTTP][39m [37m<-- POST /wd/hub/session/5188d65b-cb1b-49d8-99fc-946b9dacff92/element/839af092-6bbf-42f3-8827-993a925ca253/value [39m[32m200[39m [90m1034 ms - 12[39m
[35m[HTTP][39m [90m[39m
[35m[HTTP][39m [37m-->[39m [37mPOST[39m [37m/wd/hub/session/5188d65b-cb1b-49d8-99fc-946b9dacff92/timeouts[39m
[35m[HTTP][39m [90m{"implicit":50}[39m
[35m[HTTP][39m [37m<-- POST /wd/hub/session/5188d65b-cb1b-49d8-99fc-946b9dacff92/timeouts [39m[32m200[39m [90m2 ms - 14[39m
[35m[HTTP][39m [90m[39m
[35m[HTTP][39m [37m-->[39m [37mGET[39m [37m/wd/hub/session/5188d65b-cb1b-49d8-99fc-946b9dacff92/window/rect[39m
[35m[HTTP][39m [90m{}[39m
[35m[HTTP][39m [37m<-- GET /wd/hub/session/5188d65b-cb1b-49d8-99fc-946b9dacff92/window/rect [39m[32m200[39m [90m16 ms - 50[39m
[35m[HTTP][39m [90m[39m
[35m[HTTP][39m [37m-->[39m [37mPOST[39m [37m/wd/hub/session/5188d65b-cb1b-49d8-99fc-946b9dacff92/elements[39m
[35m[HTTP][39m [90m{"using":"-android uiautomator","value":"new UiSelector().className(\"android.widget.EditText\").text(\"Password\")"}[39m
[35m[HTTP][39m [37m<-- POST /wd/hub/session/5188d65b-cb1b-49d8-99fc-946b9dacff92/elements [39m[32m200[39m [90m404 ms - 139[39m
[35m[HTTP][39m [90m[39m
[35m[HTTP][39m [37m-->[39m [37mGET[39m [37m/wd/hub/session/5188d65b-cb1b-49d8-99fc-946b9dacff92/element/7dd77b1b-0a7f-4553-941c-82b7762467d7/location[39m
[35m[HTTP][39m [90m{}[39m
[35m[W3C (5188d65b)][39m Driver proxy active, passing request on via HTTP proxy
[35m[WD Proxy][39m Replacing sessionId be4a2096-9ba2-4a1b-9bed-a4ab268365a0 with 5188d65b-cb1b-49d8-99fc-946b9dacff92
[35m[HTTP][39m [37m<-- GET /wd/hub/session/5188d65b-cb1b-49d8-99fc-946b9dacff92/element/7dd77b1b-0a7f-4553-941c-82b7762467d7/location [39m[32m200[39m [90m34 ms - 90[39m
[35m[HTTP][39m [90m[39m
[35m[HTTP][39m [37m-->[39m [37mPOST[39m [37m/wd/hub/session/5188d65b-cb1b-49d8-99fc-946b9dacff92/timeouts[39m
[35m[HTTP][39m [90m{"implicit":30000}[39m
[35m[HTTP][39m [37m<-- POST /wd/hub/session/5188d65b-cb1b-49d8-99fc-946b9dacff92/timeouts [39m[32m200[39m [90m3 ms - 14[39m
[35m[HTTP][39m [90m[39m
[35m[HTTP][39m [37m-->[39m [37mPOST[39m [37m/wd/hub/session/5188d65b-cb1b-49d8-99fc-946b9dacff92/element/7dd77b1b-0a7f-4553-941c-82b7762467d7/clear[39m
[35m[HTTP][39m [90m{"id":"7dd77b1b-0a7f-4553-941c-82b7762467d7"}[39m
[35m[HTTP][39m [37m<-- POST /wd/hub/session/5188d65b-cb1b-49d8-99fc-946b9dacff92/element/7dd77b1b-0a7f-4553-941c-82b7762467d7/clear [39m[32m200[39m [90m30 ms - 27[39m
[35m[HTTP][39m [90m[39m
[35m[HTTP][39m [37m-->[39m [37mPOST[39m [37m/wd/hub/session/5188d65b-cb1b-49d8-99fc-946b9dacff92/element/7dd77b1b-0a7f-4553-941c-82b7762467d7/value[39m
[35m[HTTP][39m [90m{"id":"7dd77b1b-0a7f-4553-941c-82b7762467d7","text":"123456","value":["1","2","3","4","5","6"]}[39m
[35m[HTTP][39m [37m<-- POST /wd/hub/session/5188d65b-cb1b-49d8-99fc-946b9dacff92/element/7dd77b1b-0a7f-4553-941c-82b7762467d7/value [39m[32m200[39m [90m1042 ms - 12[39m
[35m[HTTP][39m [90m[39m
[35m[HTTP][39m [37m-->[39m [37mPOST[39m [37m/wd/hub/session/5188d65b-cb1b-49d8-99fc-946b9dacff92/timeouts[39m
[35m[HTTP][39m [90m{"implicit":50}[39m
[35m[HTTP][39m [37m<-- POST /wd/hub/session/5188d65b-cb1b-49d8-99fc-946b9dacff92/timeouts [39m[32m200[39m [90m3 ms - 14[39m
[35m[HTTP][39m [90m[39m
[35m[HTTP][39m [37m-->[39m [37mGET[39m [37m/wd/hub/session/5188d65b-cb1b-49d8-99fc-946b9dacff92/window/rect[39m
[35m[HTTP][39m [90m{}[39m
[35m[HTTP][39m [37m<-- GET /wd/hub/session/5188d65b-cb1b-49d8-99fc-946b9dacff92/window/rect [39m[32m200[39m [90m15 ms - 50[39m
[35m[HTTP][39m [90m[39m
[35m[HTTP][39m [37m-->[39m [37mPOST[39m [37m/wd/hub/session/5188d65b-cb1b-49d8-99fc-946b9dacff92/elements[39m
[35m[HTTP][39m [90m{"using":"xpath","value":"//hierarchy/android.widget.FrameLayout[1]/android.widget.LinearLayout[1]/android.widget.FrameLayout[1]/android.widget.LinearLayout[1]/android.widget.FrameLayout[1]/android.widget.FrameLayout[1]/android.view.ViewGroup[1]/android.view.ViewGroup[1]/android.view.ViewGroup[1]/android.view.ViewGroup[1]/android.support.v4.widget.DrawerLayout[1]/android.view.ViewGroup[1]/android.view.ViewGroup[1]/android.view.ViewGroup[1]/android.view.ViewGroup[1]/android.view.ViewGroup[1]/android.view.ViewGroup[1]/android.widget.ScrollView[1]/android.view.ViewGroup[1]/android.view.ViewGroup[7]/android.widget.TextView[1]"}[39m
[35m[HTTP][39m [37m<-- POST /wd/hub/session/5188d65b-cb1b-49d8-99fc-946b9dacff92/elements [39m[32m200[39m [90m524 ms - 139[39m
[35m[HTTP][39m [90m[39m
[35m[HTTP][39m [37m-->[39m [37mGET[39m [37m/wd/hub/session/5188d65b-cb1b-49d8-99fc-946b9dacff92/element/fce04061-3a87-4dd4-a385-0a186e293628/location[39m
[35m[HTTP][39m [90m{}[39m
[35m[W3C (5188d65b)][39m Driver proxy active, passing request on via HTTP proxy
[35m[WD Proxy][39m Replacing sessionId be4a2096-9ba2-4a1b-9bed-a4ab268365a0 with 5188d65b-cb1b-49d8-99fc-946b9dacff92
[35m[HTTP][39m [37m<-- GET /wd/hub/session/5188d65b-cb1b-49d8-99fc-946b9dacff92/element/fce04061-3a87-4dd4-a385-0a186e293628/location [39m[32m200[39m [90m14 ms - 90[39m
[35m[HTTP][39m [90m[39m
[35m[HTTP][39m [37m-->[39m [37mPOST[39m [37m/wd/hub/session/5188d65b-cb1b-49d8-99fc-946b9dacff92/timeouts[39m
[35m[HTTP][39m [90m{"implicit":30000}[39m
[35m[HTTP][39m [37m<-- POST /wd/hub/session/5188d65b-cb1b-49d8-99fc-946b9dacff92/timeouts [39m[32m200[39m [90m2 ms - 14[39m
[35m[HTTP][39m [90m[39m
[35m[HTTP][39m [37m-->[39m [37mPOST[39m [37m/wd/hub/session/5188d65b-cb1b-49d8-99fc-946b9dacff92/touch/perform[39m
[35m[HTTP][39m [90m{"actions":[{"action":"tap","options":{"x":1,"y":1,"element":"fce04061-3a87-4dd4-a385-0a186e293628"}},{"action":"release","options":{}}]}[39m
[35m[UiAutomator2][39m calling get location: fce04061-3a87-4dd4-a385-0a186e293628
[35m[HTTP][39m [37m<-- POST /wd/hub/session/5188d65b-cb1b-49d8-99fc-946b9dacff92/touch/perform [39m[32m200[39m [90m58 ms - 14[39m
[35m[HTTP][39m [90m[39m
[35m[HTTP][39m [37m-->[39m [37mDELETE[39m [37m/wd/hub/session/5188d65b-cb1b-49d8-99fc-946b9dacff92[39m
[35m[HTTP][39m [90m{}[39m
[35m[Appium][39m Removing session 5188d65b-cb1b-49d8-99fc-946b9dacff92 from our master session list
[35m[ADB][39m io.nativebase.market.geekyants.taxiappdriver was successfully uninstalled
[35m[HTTP][39m [37m<-- DELETE /wd/hub/session/5188d65b-cb1b-49d8-99fc-946b9dacff92 [39m[32m200[39m [90m1439 ms - 14[39m
[35m[HTTP][39m [90m[39m
