[35m[Appium][39m Welcome to Appium v1.14.0
[35m[Appium][39m Non-default server args:
[35m[Appium][39m   port: 64048
[35m[Appium][39m   loglevel: info
[35m[Appium][39m   chromeDriverPort: 64049
[35m[Appium][39m   tmpDir: /var/folders/38/x4crs4qx0hn0r3_szny2t9sw0000gn/T//Katalon/Appium/Temp1565719705864
[35m[Appium][39m Appium REST http interface listener started on 0.0.0.0:64048
[35m[HTTP][39m [37m-->[39m [37mGET[39m [37m/wd/hub/status[39m
[35m[HTTP][39m [90m{}[39m
[35m[HTTP][39m [37m<-- GET /wd/hub/status [39m[32m200[39m [90m5 ms - 68[39m
[35m[HTTP][39m [90m[39m
[35m[HTTP][39m [37m-->[39m [37mPOST[39m [37m/wd/hub/session[39m
[35m[HTTP][39m [90m{"desiredCapabilities":{"app":"/Users/sumittulsyan/Downloads/app-release.apk","noReset":false,"deviceName":"emulator-5554 (Android SDK built for x86 - Android 7.0)","fullReset":true,"platform":"ANDROID","newCommandTimeout":1800,"platformVersion":"7.0","automationName":"uiautomator2","autoGrantPermissions":true,"platformName":"Android","udid":"emulator-5554","systemPort":64046},"capabilities":{"firstMatch":[{"appium:app":"/Users/sumittulsyan/Downloads/app-release.apk","appium:autoGrantPermissions":true,"appium:automationName":"uiautomator2","appium:deviceName":"emulator-5554 (Android SDK built for x86 - Android 7.0)","appium:fullReset":true,"appium:newCommandTimeout":1800,"appium:noReset":false,"platform":"ANDROID","platformName":"android","appium:platformVersion":"7.0","appium:systemPort":64046,"appium:udid":"emulator-5554"}]}}[39m
[35m[BaseDriver][39m The capabilities ["platform"] are not standard capabilities and should have an extension prefix
[35m[Appium][39m Appium v1.14.0 creating new AndroidUiautomator2Driver (v1.33.1) session
[35m[Appium][39m Capabilities:
[35m[Appium][39m   platform: ANDROID
[35m[Appium][39m   platformName: android
[35m[Appium][39m   app: /Users/sumittulsyan/Downloads/app-release.apk
[35m[Appium][39m   autoGrantPermissions: true
[35m[Appium][39m   automationName: uiautomator2
[35m[Appium][39m   deviceName: emulator-5554 (Android SDK built for x86 - Android 7.0)
[35m[Appium][39m   fullReset: true
[35m[Appium][39m   newCommandTimeout: 1800
[35m[Appium][39m   noReset: false
[35m[Appium][39m   platformVersion: 7.0
[35m[Appium][39m   systemPort: 64046
[35m[Appium][39m   udid: emulator-5554
[35m[BaseDriver][39m The following capabilities were provided, but are not recognized by Appium:
[35m[BaseDriver][39m   platform
[35m[BaseDriver][39m Session created with session id: 708ae91d-afa2-4989-a227-8159e2cf6c09
[35m[BaseDriver][39m Using local app '/Users/sumittulsyan/Downloads/app-release.apk'
[35m[ADB][39m Found 1 'build-tools' folders under '/Users/sumittulsyan/.katalon/tools/android_sdk' (newest first):
[35m[ADB][39m     /Users/sumittulsyan/.katalon/tools/android_sdk/build-tools/29.0.1
[35m[ADB][39m Using 'adb' from '/Users/sumittulsyan/.katalon/tools/android_sdk/platform-tools/adb'
[35m[AndroidDriver][39m Retrieving device list
[35m[AndroidDriver][39m Using device: emulator-5554
[35m[ADB][39m Using 'adb' from '/Users/sumittulsyan/.katalon/tools/android_sdk/platform-tools/adb'
[35m[ADB][39m Using 'apkanalyzer' from '/Users/sumittulsyan/.katalon/tools/android_sdk/tools/bin/apkanalyzer'
[35m[ADB][39m Package name: 'io.nativebase.market.geekyants.taxiappdriver'
[35m[ADB][39m Main activity name: 'io.nativebase.market.geekyants.taxiappdriver.MainActivity'
[35m[ADB][39m Using 'aapt' from '/Users/sumittulsyan/.katalon/tools/android_sdk/build-tools/29.0.1/aapt'
[35m[ADB][39m Using 'apksigner' from '/Users/sumittulsyan/.katalon/tools/android_sdk/build-tools/29.0.1/apksigner'
[35m[UiAutomator2][39m Server packages are not going to be (re)installed
[35m[ADB][39m io.nativebase.market.geekyants.taxiappdriver was not uninstalled, because it was not present on the device
[35m[ADB][39m The application at '/Users/sumittulsyan/Downloads/app-release.apk' is already cached to '/data/local/tmp/appium_cache/0a4c298d81fa9fed8129162356ad8641ab361e22.apk'
[35m[ADB][39m The installation of 'app-release.apk' took 8.587s
[35m[UiAutomator2][39m Starting UIAutomator2 server 3.7.0
[35m[UiAutomator2][39m Using UIAutomator2 server from '/Users/sumittulsyan/Downloads/appium-mobile-test/node_modules/appium-uiautomator2-server/apks/appium-uiautomator2-server-v3.7.0.apk' and test from '/Users/sumittulsyan/Downloads/appium-mobile-test/node_modules/appium-uiautomator2-server/apks/appium-uiautomator2-server-debug-androidTest.apk'
[35m[UiAutomator2][39m Waiting up to 30000ms for UiAutomator2 to be online...
[35m[WD Proxy][39m Got an unexpected response: {"code":"ECONNRESET"}
[35m[AndroidDriver][39m Screen already unlocked, doing nothing
[35m[UiAutomator2][39m UiAutomator2 did not start the activity we were waiting for, 'io.nativebase.market.geekyants.taxiappdriver/io.nativebase.market.geekyants.taxiappdriver.MainActivity'. Starting it ourselves
[35m[Appium][39m New AndroidUiautomator2Driver session created successfully, session 708ae91d-afa2-4989-a227-8159e2cf6c09 added to master session list
[35m[HTTP][39m [37m<-- POST /wd/hub/session [39m[32m200[39m [90m19617 ms - 1272[39m
[35m[HTTP][39m [90m[39m
[35m[HTTP][39m [37m-->[39m [37mGET[39m [37m/wd/hub/session/708ae91d-afa2-4989-a227-8159e2cf6c09[39m
[35m[HTTP][39m [90m{}[39m
[35m[HTTP][39m [37m<-- GET /wd/hub/session/708ae91d-afa2-4989-a227-8159e2cf6c09 [39m[32m200[39m [90m55 ms - 1204[39m
[35m[HTTP][39m [90m[39m
[35m[HTTP][39m [37m-->[39m [37mGET[39m [37m/wd/hub/session/708ae91d-afa2-4989-a227-8159e2cf6c09[39m
[35m[HTTP][39m [90m{}[39m
[35m[HTTP][39m [37m<-- GET /wd/hub/session/708ae91d-afa2-4989-a227-8159e2cf6c09 [39m[32m200[39m [90m16 ms - 1204[39m
[35m[HTTP][39m [90m[39m
[35m[HTTP][39m [37m-->[39m [37mGET[39m [37m/wd/hub/status[39m
[35m[HTTP][39m [90m{}[39m
[35m[HTTP][39m [37m<-- GET /wd/hub/status [39m[32m200[39m [90m4 ms - 68[39m
[35m[HTTP][39m [90m[39m
[35m[HTTP][39m [37m-->[39m [37mPOST[39m [37m/wd/hub/session/708ae91d-afa2-4989-a227-8159e2cf6c09/timeouts[39m
[35m[HTTP][39m [90m{"implicit":30000}[39m
[35m[HTTP][39m [37m<-- POST /wd/hub/session/708ae91d-afa2-4989-a227-8159e2cf6c09/timeouts [39m[32m200[39m [90m5 ms - 14[39m
[35m[HTTP][39m [90m[39m
[35m[HTTP][39m [37m-->[39m [37mPOST[39m [37m/wd/hub/session/708ae91d-afa2-4989-a227-8159e2cf6c09/timeouts[39m
[35m[HTTP][39m [90m{"implicit":50}[39m
[35m[HTTP][39m [37m<-- POST /wd/hub/session/708ae91d-afa2-4989-a227-8159e2cf6c09/timeouts [39m[32m200[39m [90m2 ms - 14[39m
[35m[HTTP][39m [90m[39m
[35m[HTTP][39m [37m-->[39m [37mGET[39m [37m/wd/hub/session/708ae91d-afa2-4989-a227-8159e2cf6c09/window/rect[39m
[35m[HTTP][39m [90m{}[39m
[35m[HTTP][39m [37m<-- GET /wd/hub/session/708ae91d-afa2-4989-a227-8159e2cf6c09/window/rect [39m[32m200[39m [90m37 ms - 50[39m
[35m[HTTP][39m [90m[39m
[35m[HTTP][39m [37m-->[39m [37mPOST[39m [37m/wd/hub/session/708ae91d-afa2-4989-a227-8159e2cf6c09/elements[39m
[35m[HTTP][39m [90m{"using":"-android uiautomator","value":"new UiSelector().className(\"android.widget.TextView\").text(\"Register\")"}[39m
[35m[HTTP][39m [37m<-- POST /wd/hub/session/708ae91d-afa2-4989-a227-8159e2cf6c09/elements [39m[32m200[39m [90m620 ms - 12[39m
[35m[HTTP][39m [90m[39m
[35m[HTTP][39m [37m-->[39m [37mPOST[39m [37m/wd/hub/session/708ae91d-afa2-4989-a227-8159e2cf6c09/elements[39m
[35m[HTTP][39m [90m{"using":"-android uiautomator","value":"new UiSelector().className(\"android.widget.TextView\").text(\"Register\")"}[39m
[35m[HTTP][39m [37m<-- POST /wd/hub/session/708ae91d-afa2-4989-a227-8159e2cf6c09/elements [39m[32m200[39m [90m552 ms - 12[39m
[35m[HTTP][39m [90m[39m
[35m[HTTP][39m [37m-->[39m [37mPOST[39m [37m/wd/hub/session/708ae91d-afa2-4989-a227-8159e2cf6c09/elements[39m
[35m[HTTP][39m [90m{"using":"-android uiautomator","value":"new UiSelector().className(\"android.widget.TextView\").text(\"Register\")"}[39m
[35m[HTTP][39m [37m<-- POST /wd/hub/session/708ae91d-afa2-4989-a227-8159e2cf6c09/elements [39m[32m200[39m [90m1768 ms - 139[39m
[35m[HTTP][39m [90m[39m
[35m[HTTP][39m [37m-->[39m [37mGET[39m [37m/wd/hub/session/708ae91d-afa2-4989-a227-8159e2cf6c09/element/9a7a4861-8a7e-4b39-a8dc-81d6e6e7ebca/location[39m
[35m[HTTP][39m [90m{}[39m
[35m[W3C (708ae91d)][39m Driver proxy active, passing request on via HTTP proxy
[35m[WD Proxy][39m Replacing sessionId 920e19f0-be30-4a27-ac62-9b58e75ca94c with 708ae91d-afa2-4989-a227-8159e2cf6c09
[35m[HTTP][39m [37m<-- GET /wd/hub/session/708ae91d-afa2-4989-a227-8159e2cf6c09/element/9a7a4861-8a7e-4b39-a8dc-81d6e6e7ebca/location [39m[32m200[39m [90m51 ms - 90[39m
[35m[HTTP][39m [90m[39m
[35m[HTTP][39m [37m-->[39m [37mPOST[39m [37m/wd/hub/session/708ae91d-afa2-4989-a227-8159e2cf6c09/timeouts[39m
[35m[HTTP][39m [90m{"implicit":30000}[39m
[35m[HTTP][39m [37m<-- POST /wd/hub/session/708ae91d-afa2-4989-a227-8159e2cf6c09/timeouts [39m[32m200[39m [90m3 ms - 14[39m
[35m[HTTP][39m [90m[39m
[35m[HTTP][39m [37m-->[39m [37mPOST[39m [37m/wd/hub/session/708ae91d-afa2-4989-a227-8159e2cf6c09/touch/perform[39m
[35m[HTTP][39m [90m{"actions":[{"action":"tap","options":{"x":1,"y":1,"element":"9a7a4861-8a7e-4b39-a8dc-81d6e6e7ebca"}},{"action":"release","options":{}}]}[39m
[35m[UiAutomator2][39m calling get location: 9a7a4861-8a7e-4b39-a8dc-81d6e6e7ebca
[35m[HTTP][39m [37m<-- POST /wd/hub/session/708ae91d-afa2-4989-a227-8159e2cf6c09/touch/perform [39m[32m200[39m [90m2163 ms - 14[39m
[35m[HTTP][39m [90m[39m
[35m[HTTP][39m [37m-->[39m [37mPOST[39m [37m/wd/hub/session/708ae91d-afa2-4989-a227-8159e2cf6c09/timeouts[39m
[35m[HTTP][39m [90m{"implicit":50}[39m
[35m[HTTP][39m [37m<-- POST /wd/hub/session/708ae91d-afa2-4989-a227-8159e2cf6c09/timeouts [39m[32m200[39m [90m2 ms - 14[39m
[35m[HTTP][39m [90m[39m
[35m[HTTP][39m [37m-->[39m [37mGET[39m [37m/wd/hub/session/708ae91d-afa2-4989-a227-8159e2cf6c09/window/rect[39m
[35m[HTTP][39m [90m{}[39m
[35m[HTTP][39m [37m<-- GET /wd/hub/session/708ae91d-afa2-4989-a227-8159e2cf6c09/window/rect [39m[32m200[39m [90m13 ms - 50[39m
[35m[HTTP][39m [90m[39m
[35m[HTTP][39m [37m-->[39m [37mPOST[39m [37m/wd/hub/session/708ae91d-afa2-4989-a227-8159e2cf6c09/elements[39m
[35m[HTTP][39m [90m{"using":"-android uiautomator","value":"new UiSelector().className(\"android.widget.EditText\").text(\"First Name\")"}[39m
[35m[HTTP][39m [37m<-- POST /wd/hub/session/708ae91d-afa2-4989-a227-8159e2cf6c09/elements [39m[32m200[39m [90m43 ms - 139[39m
[35m[HTTP][39m [90m[39m
[35m[HTTP][39m [37m-->[39m [37mGET[39m [37m/wd/hub/session/708ae91d-afa2-4989-a227-8159e2cf6c09/element/62bb0cd2-ee21-496a-91a1-1de09482c6a2/location[39m
[35m[HTTP][39m [90m{}[39m
[35m[W3C (708ae91d)][39m Driver proxy active, passing request on via HTTP proxy
[35m[WD Proxy][39m Replacing sessionId 920e19f0-be30-4a27-ac62-9b58e75ca94c with 708ae91d-afa2-4989-a227-8159e2cf6c09
[35m[HTTP][39m [37m<-- GET /wd/hub/session/708ae91d-afa2-4989-a227-8159e2cf6c09/element/62bb0cd2-ee21-496a-91a1-1de09482c6a2/location [39m[32m200[39m [90m32 ms - 88[39m
[35m[HTTP][39m [90m[39m
[35m[HTTP][39m [37m-->[39m [37mPOST[39m [37m/wd/hub/session/708ae91d-afa2-4989-a227-8159e2cf6c09/timeouts[39m
[35m[HTTP][39m [90m{"implicit":30000}[39m
[35m[HTTP][39m [37m<-- POST /wd/hub/session/708ae91d-afa2-4989-a227-8159e2cf6c09/timeouts [39m[32m200[39m [90m2 ms - 14[39m
[35m[HTTP][39m [90m[39m
[35m[HTTP][39m [37m-->[39m [37mPOST[39m [37m/wd/hub/session/708ae91d-afa2-4989-a227-8159e2cf6c09/element/62bb0cd2-ee21-496a-91a1-1de09482c6a2/clear[39m
[35m[HTTP][39m [90m{"id":"62bb0cd2-ee21-496a-91a1-1de09482c6a2"}[39m
[35m[HTTP][39m [37m<-- POST /wd/hub/session/708ae91d-afa2-4989-a227-8159e2cf6c09/element/62bb0cd2-ee21-496a-91a1-1de09482c6a2/clear [39m[32m200[39m [90m44 ms - 27[39m
[35m[HTTP][39m [90m[39m
[35m[HTTP][39m [37m-->[39m [37mPOST[39m [37m/wd/hub/session/708ae91d-afa2-4989-a227-8159e2cf6c09/element/62bb0cd2-ee21-496a-91a1-1de09482c6a2/value[39m
[35m[HTTP][39m [90m{"id":"62bb0cd2-ee21-496a-91a1-1de09482c6a2","text":"fdgs","value":["f","d","g","s"]}[39m
[35m[HTTP][39m [37m<-- POST /wd/hub/session/708ae91d-afa2-4989-a227-8159e2cf6c09/element/62bb0cd2-ee21-496a-91a1-1de09482c6a2/value [39m[32m200[39m [90m1107 ms - 12[39m
[35m[HTTP][39m [90m[39m
[35m[HTTP][39m [37m-->[39m [37mPOST[39m [37m/wd/hub/session/708ae91d-afa2-4989-a227-8159e2cf6c09/timeouts[39m
[35m[HTTP][39m [90m{"implicit":50}[39m
[35m[HTTP][39m [37m<-- POST /wd/hub/session/708ae91d-afa2-4989-a227-8159e2cf6c09/timeouts [39m[32m200[39m [90m3 ms - 14[39m
[35m[HTTP][39m [90m[39m
[35m[HTTP][39m [37m-->[39m [37mGET[39m [37m/wd/hub/session/708ae91d-afa2-4989-a227-8159e2cf6c09/window/rect[39m
[35m[HTTP][39m [90m{}[39m
[35m[HTTP][39m [37m<-- GET /wd/hub/session/708ae91d-afa2-4989-a227-8159e2cf6c09/window/rect [39m[32m200[39m [90m19 ms - 50[39m
[35m[HTTP][39m [90m[39m
[35m[HTTP][39m [37m-->[39m [37mPOST[39m [37m/wd/hub/session/708ae91d-afa2-4989-a227-8159e2cf6c09/elements[39m
[35m[HTTP][39m [90m{"using":"-android uiautomator","value":"new UiSelector().className(\"android.widget.EditText\").text(\"Last Name\")"}[39m
[35m[HTTP][39m [37m<-- POST /wd/hub/session/708ae91d-afa2-4989-a227-8159e2cf6c09/elements [39m[32m200[39m [90m401 ms - 139[39m
[35m[HTTP][39m [90m[39m
[35m[HTTP][39m [37m-->[39m [37mGET[39m [37m/wd/hub/session/708ae91d-afa2-4989-a227-8159e2cf6c09/element/108fd957-d7ce-4623-b5c7-5269114bc2b0/location[39m
[35m[HTTP][39m [90m{}[39m
[35m[W3C (708ae91d)][39m Driver proxy active, passing request on via HTTP proxy
[35m[WD Proxy][39m Replacing sessionId 920e19f0-be30-4a27-ac62-9b58e75ca94c with 708ae91d-afa2-4989-a227-8159e2cf6c09
[35m[HTTP][39m [37m<-- GET /wd/hub/session/708ae91d-afa2-4989-a227-8159e2cf6c09/element/108fd957-d7ce-4623-b5c7-5269114bc2b0/location [39m[32m200[39m [90m20 ms - 89[39m
[35m[HTTP][39m [90m[39m
[35m[HTTP][39m [37m-->[39m [37mPOST[39m [37m/wd/hub/session/708ae91d-afa2-4989-a227-8159e2cf6c09/timeouts[39m
[35m[HTTP][39m [90m{"implicit":30000}[39m
[35m[HTTP][39m [37m<-- POST /wd/hub/session/708ae91d-afa2-4989-a227-8159e2cf6c09/timeouts [39m[32m200[39m [90m2 ms - 14[39m
[35m[HTTP][39m [90m[39m
[35m[HTTP][39m [37m-->[39m [37mPOST[39m [37m/wd/hub/session/708ae91d-afa2-4989-a227-8159e2cf6c09/element/108fd957-d7ce-4623-b5c7-5269114bc2b0/clear[39m
[35m[HTTP][39m [90m{"id":"108fd957-d7ce-4623-b5c7-5269114bc2b0"}[39m
[35m[HTTP][39m [37m<-- POST /wd/hub/session/708ae91d-afa2-4989-a227-8159e2cf6c09/element/108fd957-d7ce-4623-b5c7-5269114bc2b0/clear [39m[32m200[39m [90m22 ms - 27[39m
[35m[HTTP][39m [90m[39m
[35m[HTTP][39m [37m-->[39m [37mPOST[39m [37m/wd/hub/session/708ae91d-afa2-4989-a227-8159e2cf6c09/element/108fd957-d7ce-4623-b5c7-5269114bc2b0/value[39m
[35m[HTTP][39m [90m{"id":"108fd957-d7ce-4623-b5c7-5269114bc2b0","text":"setdrfgjhk","value":["s","e","t","d","r","f","g","j","h","k"]}[39m
[35m[HTTP][39m [37m<-- POST /wd/hub/session/708ae91d-afa2-4989-a227-8159e2cf6c09/element/108fd957-d7ce-4623-b5c7-5269114bc2b0/value [39m[32m200[39m [90m1039 ms - 12[39m
[35m[HTTP][39m [90m[39m
[35m[HTTP][39m [37m-->[39m [37mPOST[39m [37m/wd/hub/session/708ae91d-afa2-4989-a227-8159e2cf6c09/timeouts[39m
[35m[HTTP][39m [90m{"implicit":50}[39m
[35m[HTTP][39m [37m<-- POST /wd/hub/session/708ae91d-afa2-4989-a227-8159e2cf6c09/timeouts [39m[32m200[39m [90m2 ms - 14[39m
[35m[HTTP][39m [90m[39m
[35m[HTTP][39m [37m-->[39m [37mGET[39m [37m/wd/hub/session/708ae91d-afa2-4989-a227-8159e2cf6c09/window/rect[39m
[35m[HTTP][39m [90m{}[39m
[35m[HTTP][39m [37m<-- GET /wd/hub/session/708ae91d-afa2-4989-a227-8159e2cf6c09/window/rect [39m[32m200[39m [90m10 ms - 50[39m
[35m[HTTP][39m [90m[39m
[35m[HTTP][39m [37m-->[39m [37mPOST[39m [37m/wd/hub/session/708ae91d-afa2-4989-a227-8159e2cf6c09/elements[39m
[35m[HTTP][39m [90m{"using":"-android uiautomator","value":"new UiSelector().className(\"android.widget.EditText\").text(\"Email\")"}[39m
[35m[HTTP][39m [37m<-- POST /wd/hub/session/708ae91d-afa2-4989-a227-8159e2cf6c09/elements [39m[32m200[39m [90m439 ms - 139[39m
[35m[HTTP][39m [90m[39m
[35m[HTTP][39m [37m-->[39m [37mGET[39m [37m/wd/hub/session/708ae91d-afa2-4989-a227-8159e2cf6c09/element/8123a1bb-9fb6-4325-ad09-4efadce97809/location[39m
[35m[HTTP][39m [90m{}[39m
[35m[W3C (708ae91d)][39m Driver proxy active, passing request on via HTTP proxy
[35m[WD Proxy][39m Replacing sessionId 920e19f0-be30-4a27-ac62-9b58e75ca94c with 708ae91d-afa2-4989-a227-8159e2cf6c09
[35m[HTTP][39m [37m<-- GET /wd/hub/session/708ae91d-afa2-4989-a227-8159e2cf6c09/element/8123a1bb-9fb6-4325-ad09-4efadce97809/location [39m[32m200[39m [90m19 ms - 88[39m
[35m[HTTP][39m [90m[39m
[35m[HTTP][39m [37m-->[39m [37mPOST[39m [37m/wd/hub/session/708ae91d-afa2-4989-a227-8159e2cf6c09/timeouts[39m
[35m[HTTP][39m [90m{"implicit":30000}[39m
[35m[HTTP][39m [37m<-- POST /wd/hub/session/708ae91d-afa2-4989-a227-8159e2cf6c09/timeouts [39m[32m200[39m [90m5 ms - 14[39m
[35m[HTTP][39m [90m[39m
[35m[HTTP][39m [37m-->[39m [37mPOST[39m [37m/wd/hub/session/708ae91d-afa2-4989-a227-8159e2cf6c09/element/8123a1bb-9fb6-4325-ad09-4efadce97809/clear[39m
[35m[HTTP][39m [90m{"id":"8123a1bb-9fb6-4325-ad09-4efadce97809"}[39m
[35m[HTTP][39m [37m<-- POST /wd/hub/session/708ae91d-afa2-4989-a227-8159e2cf6c09/element/8123a1bb-9fb6-4325-ad09-4efadce97809/clear [39m[32m200[39m [90m23 ms - 27[39m
[35m[HTTP][39m [90m[39m
[35m[HTTP][39m [37m-->[39m [37mPOST[39m [37m/wd/hub/session/708ae91d-afa2-4989-a227-8159e2cf6c09/element/8123a1bb-9fb6-4325-ad09-4efadce97809/value[39m
[35m[HTTP][39m [90m{"id":"8123a1bb-9fb6-4325-ad09-4efadce97809","text":"hkgyufi@hjdfj.com","value":["h","k","g","y","u","f","i","@","h","j","d","f","j",".","c","o","m"]}[39m
[35m[HTTP][39m [37m<-- POST /wd/hub/session/708ae91d-afa2-4989-a227-8159e2cf6c09/element/8123a1bb-9fb6-4325-ad09-4efadce97809/value [39m[32m200[39m [90m1058 ms - 12[39m
[35m[HTTP][39m [90m[39m
[35m[HTTP][39m [37m-->[39m [37mPOST[39m [37m/wd/hub/session/708ae91d-afa2-4989-a227-8159e2cf6c09/timeouts[39m
[35m[HTTP][39m [90m{"implicit":50}[39m
[35m[HTTP][39m [37m<-- POST /wd/hub/session/708ae91d-afa2-4989-a227-8159e2cf6c09/timeouts [39m[32m200[39m [90m2 ms - 14[39m
[35m[HTTP][39m [90m[39m
[35m[HTTP][39m [37m-->[39m [37mGET[39m [37m/wd/hub/session/708ae91d-afa2-4989-a227-8159e2cf6c09/window/rect[39m
[35m[HTTP][39m [90m{}[39m
[35m[HTTP][39m [37m<-- GET /wd/hub/session/708ae91d-afa2-4989-a227-8159e2cf6c09/window/rect [39m[32m200[39m [90m12 ms - 50[39m
[35m[HTTP][39m [90m[39m
[35m[HTTP][39m [37m-->[39m [37mPOST[39m [37m/wd/hub/session/708ae91d-afa2-4989-a227-8159e2cf6c09/elements[39m
[35m[HTTP][39m [90m{"using":"-android uiautomator","value":"new UiSelector().className(\"android.widget.EditText\").text(\"Mobile Number\")"}[39m
[35m[HTTP][39m [37m<-- POST /wd/hub/session/708ae91d-afa2-4989-a227-8159e2cf6c09/elements [39m[32m200[39m [90m453 ms - 139[39m
[35m[HTTP][39m [90m[39m
[35m[HTTP][39m [37m-->[39m [37mGET[39m [37m/wd/hub/session/708ae91d-afa2-4989-a227-8159e2cf6c09/element/dbc31cfe-3b36-4708-bef1-5a1ef4d2e6b9/location[39m
[35m[HTTP][39m [90m{}[39m
[35m[W3C (708ae91d)][39m Driver proxy active, passing request on via HTTP proxy
[35m[WD Proxy][39m Replacing sessionId 920e19f0-be30-4a27-ac62-9b58e75ca94c with 708ae91d-afa2-4989-a227-8159e2cf6c09
[35m[HTTP][39m [37m<-- GET /wd/hub/session/708ae91d-afa2-4989-a227-8159e2cf6c09/element/dbc31cfe-3b36-4708-bef1-5a1ef4d2e6b9/location [39m[32m200[39m [90m91 ms - 90[39m
[35m[HTTP][39m [90m[39m
[35m[HTTP][39m [37m-->[39m [37mPOST[39m [37m/wd/hub/session/708ae91d-afa2-4989-a227-8159e2cf6c09/timeouts[39m
[35m[HTTP][39m [90m{"implicit":30000}[39m
[35m[HTTP][39m [37m<-- POST /wd/hub/session/708ae91d-afa2-4989-a227-8159e2cf6c09/timeouts [39m[32m200[39m [90m4 ms - 14[39m
[35m[HTTP][39m [90m[39m
[35m[HTTP][39m [37m-->[39m [37mPOST[39m [37m/wd/hub/session/708ae91d-afa2-4989-a227-8159e2cf6c09/element/dbc31cfe-3b36-4708-bef1-5a1ef4d2e6b9/clear[39m
[35m[HTTP][39m [90m{"id":"dbc31cfe-3b36-4708-bef1-5a1ef4d2e6b9"}[39m
[35m[HTTP][39m [37m<-- POST /wd/hub/session/708ae91d-afa2-4989-a227-8159e2cf6c09/element/dbc31cfe-3b36-4708-bef1-5a1ef4d2e6b9/clear [39m[32m200[39m [90m61 ms - 27[39m
[35m[HTTP][39m [90m[39m
[35m[HTTP][39m [37m-->[39m [37mPOST[39m [37m/wd/hub/session/708ae91d-afa2-4989-a227-8159e2cf6c09/element/dbc31cfe-3b36-4708-bef1-5a1ef4d2e6b9/value[39m
[35m[HTTP][39m [90m{"id":"dbc31cfe-3b36-4708-bef1-5a1ef4d2e6b9","text":"9812981298","value":["9","8","1","2","9","8","1","2","9","8"]}[39m
[35m[HTTP][39m [37m<-- POST /wd/hub/session/708ae91d-afa2-4989-a227-8159e2cf6c09/element/dbc31cfe-3b36-4708-bef1-5a1ef4d2e6b9/value [39m[32m200[39m [90m1090 ms - 12[39m
[35m[HTTP][39m [90m[39m
[35m[HTTP][39m [37m-->[39m [37mPOST[39m [37m/wd/hub/session/708ae91d-afa2-4989-a227-8159e2cf6c09/timeouts[39m
[35m[HTTP][39m [90m{"implicit":50}[39m
[35m[HTTP][39m [37m<-- POST /wd/hub/session/708ae91d-afa2-4989-a227-8159e2cf6c09/timeouts [39m[32m200[39m [90m4 ms - 14[39m
[35m[HTTP][39m [90m[39m
[35m[HTTP][39m [37m-->[39m [37mGET[39m [37m/wd/hub/session/708ae91d-afa2-4989-a227-8159e2cf6c09/window/rect[39m
[35m[HTTP][39m [90m{}[39m
[35m[HTTP][39m [37m<-- GET /wd/hub/session/708ae91d-afa2-4989-a227-8159e2cf6c09/window/rect [39m[32m200[39m [90m18 ms - 50[39m
[35m[HTTP][39m [90m[39m
[35m[HTTP][39m [37m-->[39m [37mPOST[39m [37m/wd/hub/session/708ae91d-afa2-4989-a227-8159e2cf6c09/elements[39m
[35m[HTTP][39m [90m{"using":"-android uiautomator","value":"new UiSelector().className(\"android.widget.EditText\").text(\"Password\")"}[39m
[35m[HTTP][39m [37m<-- POST /wd/hub/session/708ae91d-afa2-4989-a227-8159e2cf6c09/elements [39m[32m200[39m [90m876 ms - 139[39m
[35m[HTTP][39m [90m[39m
[35m[HTTP][39m [37m-->[39m [37mGET[39m [37m/wd/hub/session/708ae91d-afa2-4989-a227-8159e2cf6c09/element/bc660b80-7240-488a-a2e6-cae9c1d2eebf/location[39m
[35m[HTTP][39m [90m{}[39m
[35m[W3C (708ae91d)][39m Driver proxy active, passing request on via HTTP proxy
[35m[WD Proxy][39m Replacing sessionId 920e19f0-be30-4a27-ac62-9b58e75ca94c with 708ae91d-afa2-4989-a227-8159e2cf6c09
[35m[HTTP][39m [37m<-- GET /wd/hub/session/708ae91d-afa2-4989-a227-8159e2cf6c09/element/bc660b80-7240-488a-a2e6-cae9c1d2eebf/location [39m[32m200[39m [90m37 ms - 89[39m
[35m[HTTP][39m [90m[39m
[35m[HTTP][39m [37m-->[39m [37mPOST[39m [37m/wd/hub/session/708ae91d-afa2-4989-a227-8159e2cf6c09/timeouts[39m
[35m[HTTP][39m [90m{"implicit":30000}[39m
[35m[HTTP][39m [37m<-- POST /wd/hub/session/708ae91d-afa2-4989-a227-8159e2cf6c09/timeouts [39m[32m200[39m [90m3 ms - 14[39m
[35m[HTTP][39m [90m[39m
[35m[HTTP][39m [37m-->[39m [37mPOST[39m [37m/wd/hub/session/708ae91d-afa2-4989-a227-8159e2cf6c09/element/bc660b80-7240-488a-a2e6-cae9c1d2eebf/clear[39m
[35m[HTTP][39m [90m{"id":"bc660b80-7240-488a-a2e6-cae9c1d2eebf"}[39m
[35m[HTTP][39m [37m<-- POST /wd/hub/session/708ae91d-afa2-4989-a227-8159e2cf6c09/element/bc660b80-7240-488a-a2e6-cae9c1d2eebf/clear [39m[32m200[39m [90m35 ms - 27[39m
[35m[HTTP][39m [90m[39m
[35m[HTTP][39m [37m-->[39m [37mPOST[39m [37m/wd/hub/session/708ae91d-afa2-4989-a227-8159e2cf6c09/element/bc660b80-7240-488a-a2e6-cae9c1d2eebf/value[39m
[35m[HTTP][39m [90m{"id":"bc660b80-7240-488a-a2e6-cae9c1d2eebf","text":"123456","value":["1","2","3","4","5","6"]}[39m
[35m[HTTP][39m [37m<-- POST /wd/hub/session/708ae91d-afa2-4989-a227-8159e2cf6c09/element/bc660b80-7240-488a-a2e6-cae9c1d2eebf/value [39m[32m200[39m [90m1089 ms - 12[39m
[35m[HTTP][39m [90m[39m
[35m[HTTP][39m [37m-->[39m [37mPOST[39m [37m/wd/hub/session/708ae91d-afa2-4989-a227-8159e2cf6c09/timeouts[39m
[35m[HTTP][39m [90m{"implicit":50}[39m
[35m[HTTP][39m [37m<-- POST /wd/hub/session/708ae91d-afa2-4989-a227-8159e2cf6c09/timeouts [39m[32m200[39m [90m2 ms - 14[39m
[35m[HTTP][39m [90m[39m
[35m[HTTP][39m [37m-->[39m [37mGET[39m [37m/wd/hub/session/708ae91d-afa2-4989-a227-8159e2cf6c09/window/rect[39m
[35m[HTTP][39m [90m{}[39m
[35m[HTTP][39m [37m<-- GET /wd/hub/session/708ae91d-afa2-4989-a227-8159e2cf6c09/window/rect [39m[32m200[39m [90m13 ms - 50[39m
[35m[HTTP][39m [90m[39m
[35m[HTTP][39m [37m-->[39m [37mPOST[39m [37m/wd/hub/session/708ae91d-afa2-4989-a227-8159e2cf6c09/elements[39m
[35m[HTTP][39m [90m{"using":"-android uiautomator","value":"new UiSelector().className(\"android.widget.EditText\").text(\"Confirm password\")"}[39m
[35m[HTTP][39m [37m<-- POST /wd/hub/session/708ae91d-afa2-4989-a227-8159e2cf6c09/elements [39m[32m200[39m [90m456 ms - 139[39m
[35m[HTTP][39m [90m[39m
[35m[HTTP][39m [37m-->[39m [37mGET[39m [37m/wd/hub/session/708ae91d-afa2-4989-a227-8159e2cf6c09/element/2015acc6-876c-4934-82ec-cba96ed01b75/location[39m
[35m[HTTP][39m [90m{}[39m
[35m[W3C (708ae91d)][39m Driver proxy active, passing request on via HTTP proxy
[35m[WD Proxy][39m Replacing sessionId 920e19f0-be30-4a27-ac62-9b58e75ca94c with 708ae91d-afa2-4989-a227-8159e2cf6c09
[35m[HTTP][39m [37m<-- GET /wd/hub/session/708ae91d-afa2-4989-a227-8159e2cf6c09/element/2015acc6-876c-4934-82ec-cba96ed01b75/location [39m[32m200[39m [90m40 ms - 89[39m
[35m[HTTP][39m [90m[39m
[35m[HTTP][39m [37m-->[39m [37mPOST[39m [37m/wd/hub/session/708ae91d-afa2-4989-a227-8159e2cf6c09/timeouts[39m
[35m[HTTP][39m [90m{"implicit":30000}[39m
[35m[HTTP][39m [37m<-- POST /wd/hub/session/708ae91d-afa2-4989-a227-8159e2cf6c09/timeouts [39m[32m200[39m [90m3 ms - 14[39m
[35m[HTTP][39m [90m[39m
[35m[HTTP][39m [37m-->[39m [37mPOST[39m [37m/wd/hub/session/708ae91d-afa2-4989-a227-8159e2cf6c09/element/2015acc6-876c-4934-82ec-cba96ed01b75/clear[39m
[35m[HTTP][39m [90m{"id":"2015acc6-876c-4934-82ec-cba96ed01b75"}[39m
[35m[HTTP][39m [37m<-- POST /wd/hub/session/708ae91d-afa2-4989-a227-8159e2cf6c09/element/2015acc6-876c-4934-82ec-cba96ed01b75/clear [39m[32m200[39m [90m55 ms - 27[39m
[35m[HTTP][39m [90m[39m
[35m[HTTP][39m [37m-->[39m [37mPOST[39m [37m/wd/hub/session/708ae91d-afa2-4989-a227-8159e2cf6c09/element/2015acc6-876c-4934-82ec-cba96ed01b75/value[39m
[35m[HTTP][39m [90m{"id":"2015acc6-876c-4934-82ec-cba96ed01b75","text":"123456","value":["1","2","3","4","5","6"]}[39m
[35m[HTTP][39m [37m<-- POST /wd/hub/session/708ae91d-afa2-4989-a227-8159e2cf6c09/element/2015acc6-876c-4934-82ec-cba96ed01b75/value [39m[32m200[39m [90m1039 ms - 12[39m
[35m[HTTP][39m [90m[39m
[35m[HTTP][39m [37m-->[39m [37mPOST[39m [37m/wd/hub/session/708ae91d-afa2-4989-a227-8159e2cf6c09/timeouts[39m
[35m[HTTP][39m [90m{"implicit":50}[39m
[35m[HTTP][39m [37m<-- POST /wd/hub/session/708ae91d-afa2-4989-a227-8159e2cf6c09/timeouts [39m[32m200[39m [90m3 ms - 14[39m
[35m[HTTP][39m [90m[39m
[35m[HTTP][39m [37m-->[39m [37mGET[39m [37m/wd/hub/session/708ae91d-afa2-4989-a227-8159e2cf6c09/window/rect[39m
[35m[HTTP][39m [90m{}[39m
[35m[HTTP][39m [37m<-- GET /wd/hub/session/708ae91d-afa2-4989-a227-8159e2cf6c09/window/rect [39m[32m200[39m [90m13 ms - 50[39m
[35m[HTTP][39m [90m[39m
[35m[HTTP][39m [37m-->[39m [37mPOST[39m [37m/wd/hub/session/708ae91d-afa2-4989-a227-8159e2cf6c09/elements[39m
[35m[HTTP][39m [90m{"using":"xpath","value":"//hierarchy/android.widget.FrameLayout[1]/android.widget.LinearLayout[1]/android.widget.FrameLayout[1]/android.widget.LinearLayout[1]/android.widget.FrameLayout[1]/android.widget.FrameLayout[1]/android.view.ViewGroup[1]/android.view.ViewGroup[1]/android.view.ViewGroup[1]/android.view.ViewGroup[1]/android.support.v4.widget.DrawerLayout[1]/android.view.ViewGroup[1]/android.view.ViewGroup[1]/android.view.ViewGroup[1]/android.view.ViewGroup[1]/android.view.ViewGroup[1]/android.view.ViewGroup[1]/android.widget.ScrollView[1]/android.view.ViewGroup[1]/android.view.ViewGroup[11]/android.widget.TextView[1]"}[39m
[35m[HTTP][39m [37m<-- POST /wd/hub/session/708ae91d-afa2-4989-a227-8159e2cf6c09/elements [39m[32m200[39m [90m539 ms - 139[39m
[35m[HTTP][39m [90m[39m
[35m[HTTP][39m [37m-->[39m [37mGET[39m [37m/wd/hub/session/708ae91d-afa2-4989-a227-8159e2cf6c09/element/4fc6ece5-90d2-48fc-bf7c-cd7fa41ee9c6/location[39m
[35m[HTTP][39m [90m{}[39m
[35m[W3C (708ae91d)][39m Driver proxy active, passing request on via HTTP proxy
[35m[WD Proxy][39m Replacing sessionId 920e19f0-be30-4a27-ac62-9b58e75ca94c with 708ae91d-afa2-4989-a227-8159e2cf6c09
[35m[HTTP][39m [37m<-- GET /wd/hub/session/708ae91d-afa2-4989-a227-8159e2cf6c09/element/4fc6ece5-90d2-48fc-bf7c-cd7fa41ee9c6/location [39m[32m200[39m [90m16 ms - 90[39m
[35m[HTTP][39m [90m[39m
[35m[HTTP][39m [37m-->[39m [37mPOST[39m [37m/wd/hub/session/708ae91d-afa2-4989-a227-8159e2cf6c09/timeouts[39m
[35m[HTTP][39m [90m{"implicit":30000}[39m
[35m[HTTP][39m [37m<-- POST /wd/hub/session/708ae91d-afa2-4989-a227-8159e2cf6c09/timeouts [39m[32m200[39m [90m2 ms - 14[39m
[35m[HTTP][39m [90m[39m
[35m[HTTP][39m [37m-->[39m [37mPOST[39m [37m/wd/hub/session/708ae91d-afa2-4989-a227-8159e2cf6c09/touch/perform[39m
[35m[HTTP][39m [90m{"actions":[{"action":"tap","options":{"x":1,"y":1,"element":"4fc6ece5-90d2-48fc-bf7c-cd7fa41ee9c6"}},{"action":"release","options":{}}]}[39m
[35m[UiAutomator2][39m calling get location: 4fc6ece5-90d2-48fc-bf7c-cd7fa41ee9c6
[35m[HTTP][39m [37m<-- POST /wd/hub/session/708ae91d-afa2-4989-a227-8159e2cf6c09/touch/perform [39m[32m200[39m [90m36 ms - 14[39m
[35m[HTTP][39m [90m[39m
[35m[HTTP][39m [37m-->[39m [37mDELETE[39m [37m/wd/hub/session/708ae91d-afa2-4989-a227-8159e2cf6c09[39m
[35m[HTTP][39m [90m{}[39m
[35m[Appium][39m Removing session 708ae91d-afa2-4989-a227-8159e2cf6c09 from our master session list
[35m[ADB][39m io.nativebase.market.geekyants.taxiappdriver was successfully uninstalled
[35m[HTTP][39m [37m<-- DELETE /wd/hub/session/708ae91d-afa2-4989-a227-8159e2cf6c09 [39m[32m200[39m [90m2087 ms - 14[39m
[35m[HTTP][39m [90m[39m
