[35m[Appium][39m Welcome to Appium v1.14.0
[35m[Appium][39m Non-default server args:
[35m[Appium][39m   port: 52323
[35m[Appium][39m   loglevel: info
[35m[Appium][39m   chromeDriverPort: 52325
[35m[Appium][39m   tmpDir: /var/folders/38/x4crs4qx0hn0r3_szny2t9sw0000gn/T//Katalon/Appium/Temp1565894980611
[35m[Appium][39m Appium REST http interface listener started on 0.0.0.0:52323
[35m[HTTP][39m [37m-->[39m [37mGET[39m [37m/wd/hub/status[39m
[35m[HTTP][39m [90m{}[39m
[35m[HTTP][39m [37m<-- GET /wd/hub/status [39m[32m200[39m [90m41 ms - 68[39m
[35m[HTTP][39m [90m[39m
[35m[HTTP][39m [37m-->[39m [37mPOST[39m [37m/wd/hub/session[39m
[35m[HTTP][39m [90m{"desiredCapabilities":{"app":"/Users/sumittulsyan/Downloads/app-release.apk","noReset":false,"deviceName":"emulator-5556 (Android SDK built for x86 - Android 7.0)","fullReset":true,"platform":"ANDROID","newCommandTimeout":1800,"platformVersion":"7.0","automationName":"uiautomator2","autoGrantPermissions":true,"platformName":"Android","udid":"emulator-5556","systemPort":52322},"capabilities":{"firstMatch":[{"appium:app":"/Users/sumittulsyan/Downloads/app-release.apk","appium:autoGrantPermissions":true,"appium:automationName":"uiautomator2","appium:deviceName":"emulator-5556 (Android SDK built for x86 - Android 7.0)","appium:fullReset":true,"appium:newCommandTimeout":1800,"appium:noReset":false,"platform":"ANDROID","platformName":"android","appium:platformVersion":"7.0","appium:systemPort":52322,"appium:udid":"emulator-5556"}]}}[39m
[35m[BaseDriver][39m The capabilities ["platform"] are not standard capabilities and should have an extension prefix
[35m[Appium][39m Appium v1.14.0 creating new AndroidUiautomator2Driver (v1.33.1) session
[35m[Appium][39m Capabilities:
[35m[Appium][39m   platform: ANDROID
[35m[Appium][39m   platformName: android
[35m[Appium][39m   app: /Users/sumittulsyan/Downloads/app-release.apk
[35m[Appium][39m   autoGrantPermissions: true
[35m[Appium][39m   automationName: uiautomator2
[35m[Appium][39m   deviceName: emulator-5556 (Android SDK built for x86 - Android 7.0)
[35m[Appium][39m   fullReset: true
[35m[Appium][39m   newCommandTimeout: 1800
[35m[Appium][39m   noReset: false
[35m[Appium][39m   platformVersion: 7.0
[35m[Appium][39m   systemPort: 52322
[35m[Appium][39m   udid: emulator-5556
[35m[BaseDriver][39m The following capabilities were provided, but are not recognized by Appium:
[35m[BaseDriver][39m   platform
[35m[BaseDriver][39m Session created with session id: 84d56b44-4154-429d-9f44-065fc5da5e15
[35m[BaseDriver][39m Using local app '/Users/sumittulsyan/Downloads/app-release.apk'
[35m[ADB][39m Found 1 'build-tools' folders under '/Users/sumittulsyan/.katalon/tools/android_sdk' (newest first):
[35m[ADB][39m     /Users/sumittulsyan/.katalon/tools/android_sdk/build-tools/29.0.1
[35m[ADB][39m Using 'adb' from '/Users/sumittulsyan/.katalon/tools/android_sdk/platform-tools/adb'
[35m[AndroidDriver][39m Retrieving device list
[35m[AndroidDriver][39m Using device: emulator-5556
[35m[ADB][39m Using 'adb' from '/Users/sumittulsyan/.katalon/tools/android_sdk/platform-tools/adb'
[35m[ADB][39m Using 'apkanalyzer' from '/Users/sumittulsyan/.katalon/tools/android_sdk/tools/bin/apkanalyzer'
[35m[ADB][39m Package name: 'io.nativebase.market.geekyants.taxiappdriver'
[35m[ADB][39m Main activity name: 'io.nativebase.market.geekyants.taxiappdriver.MainActivity'
[35m[ADB][39m Using 'aapt' from '/Users/sumittulsyan/.katalon/tools/android_sdk/build-tools/29.0.1/aapt'
[35m[ADB][39m Using 'apksigner' from '/Users/sumittulsyan/.katalon/tools/android_sdk/build-tools/29.0.1/apksigner'
[35m[UiAutomator2][39m Server packages are not going to be (re)installed
[35m[ADB][39m io.nativebase.market.geekyants.taxiappdriver was not uninstalled, because it was not present on the device
[35m[ADB][39m The application at '/Users/sumittulsyan/Downloads/app-release.apk' is already cached to '/data/local/tmp/appium_cache/0a4c298d81fa9fed8129162356ad8641ab361e22.apk'
[35m[ADB][39m The installation of 'app-release.apk' took 7.690s
[35m[UiAutomator2][39m Starting UIAutomator2 server 3.7.0
[35m[UiAutomator2][39m Using UIAutomator2 server from '/Users/sumittulsyan/Downloads/appium-mobile-test/node_modules/appium-uiautomator2-server/apks/appium-uiautomator2-server-v3.7.0.apk' and test from '/Users/sumittulsyan/Downloads/appium-mobile-test/node_modules/appium-uiautomator2-server/apks/appium-uiautomator2-server-debug-androidTest.apk'
[35m[UiAutomator2][39m Waiting up to 30000ms for UiAutomator2 to be online...
[35m[WD Proxy][39m Got an unexpected response: {"code":"ECONNRESET"}
[35m[AndroidDriver][39m Screen already unlocked, doing nothing
[35m[UiAutomator2][39m UiAutomator2 did not start the activity we were waiting for, 'io.nativebase.market.geekyants.taxiappdriver/io.nativebase.market.geekyants.taxiappdriver.MainActivity'. Starting it ourselves
[35m[Appium][39m New AndroidUiautomator2Driver session created successfully, session 84d56b44-4154-429d-9f44-065fc5da5e15 added to master session list
[35m[HTTP][39m [37m<-- POST /wd/hub/session [39m[32m200[39m [90m19454 ms - 1272[39m
[35m[HTTP][39m [90m[39m
[35m[HTTP][39m [37m-->[39m [37mGET[39m [37m/wd/hub/session/84d56b44-4154-429d-9f44-065fc5da5e15[39m
[35m[HTTP][39m [90m{}[39m
[35m[HTTP][39m [37m<-- GET /wd/hub/session/84d56b44-4154-429d-9f44-065fc5da5e15 [39m[32m200[39m [90m60 ms - 1204[39m
[35m[HTTP][39m [90m[39m
[35m[HTTP][39m [37m-->[39m [37mGET[39m [37m/wd/hub/session/84d56b44-4154-429d-9f44-065fc5da5e15[39m
[35m[HTTP][39m [90m{}[39m
[35m[HTTP][39m [37m<-- GET /wd/hub/session/84d56b44-4154-429d-9f44-065fc5da5e15 [39m[32m200[39m [90m35 ms - 1204[39m
[35m[HTTP][39m [90m[39m
[35m[HTTP][39m [37m-->[39m [37mGET[39m [37m/wd/hub/status[39m
[35m[HTTP][39m [90m{}[39m
[35m[HTTP][39m [37m<-- GET /wd/hub/status [39m[32m200[39m [90m1 ms - 68[39m
[35m[HTTP][39m [90m[39m
[35m[HTTP][39m [37m-->[39m [37mPOST[39m [37m/wd/hub/session/84d56b44-4154-429d-9f44-065fc5da5e15/timeouts[39m
[35m[HTTP][39m [90m{"implicit":30000}[39m
[35m[HTTP][39m [37m<-- POST /wd/hub/session/84d56b44-4154-429d-9f44-065fc5da5e15/timeouts [39m[32m200[39m [90m4 ms - 14[39m
[35m[HTTP][39m [90m[39m
[35m[HTTP][39m [37m-->[39m [37mPOST[39m [37m/wd/hub/session/84d56b44-4154-429d-9f44-065fc5da5e15/timeouts[39m
[35m[HTTP][39m [90m{"implicit":50}[39m
[35m[HTTP][39m [37m<-- POST /wd/hub/session/84d56b44-4154-429d-9f44-065fc5da5e15/timeouts [39m[32m200[39m [90m3 ms - 14[39m
[35m[HTTP][39m [90m[39m
[35m[HTTP][39m [37m-->[39m [37mGET[39m [37m/wd/hub/session/84d56b44-4154-429d-9f44-065fc5da5e15/window/rect[39m
[35m[HTTP][39m [90m{}[39m
[35m[HTTP][39m [37m<-- GET /wd/hub/session/84d56b44-4154-429d-9f44-065fc5da5e15/window/rect [39m[32m200[39m [90m19 ms - 50[39m
[35m[HTTP][39m [90m[39m
[35m[HTTP][39m [37m-->[39m [37mPOST[39m [37m/wd/hub/session/84d56b44-4154-429d-9f44-065fc5da5e15/elements[39m
[35m[HTTP][39m [90m{"using":"-android uiautomator","value":"new UiSelector().className(\"android.widget.TextView\").text(\"Sign In\")"}[39m
[35m[HTTP][39m [37m<-- POST /wd/hub/session/84d56b44-4154-429d-9f44-065fc5da5e15/elements [39m[32m200[39m [90m539 ms - 12[39m
[35m[HTTP][39m [90m[39m
[35m[HTTP][39m [37m-->[39m [37mPOST[39m [37m/wd/hub/session/84d56b44-4154-429d-9f44-065fc5da5e15/elements[39m
[35m[HTTP][39m [90m{"using":"-android uiautomator","value":"new UiSelector().className(\"android.widget.TextView\").text(\"Sign In\")"}[39m
[35m[HTTP][39m [37m<-- POST /wd/hub/session/84d56b44-4154-429d-9f44-065fc5da5e15/elements [39m[32m200[39m [90m1489 ms - 139[39m
[35m[HTTP][39m [90m[39m
[35m[HTTP][39m [37m-->[39m [37mGET[39m [37m/wd/hub/session/84d56b44-4154-429d-9f44-065fc5da5e15/element/8f12e353-74b3-4968-8a4e-2afda23f7af9/location[39m
[35m[HTTP][39m [90m{}[39m
[35m[W3C (84d56b44)][39m Driver proxy active, passing request on via HTTP proxy
[35m[WD Proxy][39m Replacing sessionId 8c56d59a-a78d-43ec-8bbd-3a32abaa8c09 with 84d56b44-4154-429d-9f44-065fc5da5e15
[35m[HTTP][39m [37m<-- GET /wd/hub/session/84d56b44-4154-429d-9f44-065fc5da5e15/element/8f12e353-74b3-4968-8a4e-2afda23f7af9/location [39m[32m200[39m [90m48 ms - 90[39m
[35m[HTTP][39m [90m[39m
[35m[HTTP][39m [37m-->[39m [37mPOST[39m [37m/wd/hub/session/84d56b44-4154-429d-9f44-065fc5da5e15/timeouts[39m
[35m[HTTP][39m [90m{"implicit":30000}[39m
[35m[HTTP][39m [37m<-- POST /wd/hub/session/84d56b44-4154-429d-9f44-065fc5da5e15/timeouts [39m[32m200[39m [90m3 ms - 14[39m
[35m[HTTP][39m [90m[39m
[35m[HTTP][39m [37m-->[39m [37mPOST[39m [37m/wd/hub/session/84d56b44-4154-429d-9f44-065fc5da5e15/touch/perform[39m
[35m[HTTP][39m [90m{"actions":[{"action":"tap","options":{"x":1,"y":1,"element":"8f12e353-74b3-4968-8a4e-2afda23f7af9"}},{"action":"release","options":{}}]}[39m
[35m[UiAutomator2][39m calling get location: 8f12e353-74b3-4968-8a4e-2afda23f7af9
[35m[HTTP][39m [37m<-- POST /wd/hub/session/84d56b44-4154-429d-9f44-065fc5da5e15/touch/perform [39m[32m200[39m [90m1081 ms - 14[39m
[35m[HTTP][39m [90m[39m
[35m[HTTP][39m [37m-->[39m [37mPOST[39m [37m/wd/hub/session/84d56b44-4154-429d-9f44-065fc5da5e15/timeouts[39m
[35m[HTTP][39m [90m{"implicit":50}[39m
[35m[HTTP][39m [37m<-- POST /wd/hub/session/84d56b44-4154-429d-9f44-065fc5da5e15/timeouts [39m[32m200[39m [90m2 ms - 14[39m
[35m[HTTP][39m [90m[39m
[35m[HTTP][39m [37m-->[39m [37mGET[39m [37m/wd/hub/session/84d56b44-4154-429d-9f44-065fc5da5e15/window/rect[39m
[35m[HTTP][39m [90m{}[39m
[35m[HTTP][39m [37m<-- GET /wd/hub/session/84d56b44-4154-429d-9f44-065fc5da5e15/window/rect [39m[32m200[39m [90m16 ms - 50[39m
[35m[HTTP][39m [90m[39m
[35m[HTTP][39m [37m-->[39m [37mPOST[39m [37m/wd/hub/session/84d56b44-4154-429d-9f44-065fc5da5e15/elements[39m
[35m[HTTP][39m [90m{"using":"-android uiautomator","value":"new UiSelector().className(\"android.widget.EditText\").text(\"Email\")"}[39m
[35m[HTTP][39m [37m<-- POST /wd/hub/session/84d56b44-4154-429d-9f44-065fc5da5e15/elements [39m[32m200[39m [90m67 ms - 139[39m
[35m[HTTP][39m [90m[39m
[35m[HTTP][39m [37m-->[39m [37mGET[39m [37m/wd/hub/session/84d56b44-4154-429d-9f44-065fc5da5e15/element/84f7c231-4466-40f8-a27c-f39daac36a74/location[39m
[35m[HTTP][39m [90m{}[39m
[35m[W3C (84d56b44)][39m Driver proxy active, passing request on via HTTP proxy
[35m[WD Proxy][39m Replacing sessionId 8c56d59a-a78d-43ec-8bbd-3a32abaa8c09 with 84d56b44-4154-429d-9f44-065fc5da5e15
[35m[HTTP][39m [37m<-- GET /wd/hub/session/84d56b44-4154-429d-9f44-065fc5da5e15/element/84f7c231-4466-40f8-a27c-f39daac36a74/location [39m[32m200[39m [90m40 ms - 89[39m
[35m[HTTP][39m [90m[39m
[35m[HTTP][39m [37m-->[39m [37mPOST[39m [37m/wd/hub/session/84d56b44-4154-429d-9f44-065fc5da5e15/timeouts[39m
[35m[HTTP][39m [90m{"implicit":30000}[39m
[35m[HTTP][39m [37m<-- POST /wd/hub/session/84d56b44-4154-429d-9f44-065fc5da5e15/timeouts [39m[32m200[39m [90m3 ms - 14[39m
[35m[HTTP][39m [90m[39m
[35m[HTTP][39m [37m-->[39m [37mPOST[39m [37m/wd/hub/session/84d56b44-4154-429d-9f44-065fc5da5e15/element/84f7c231-4466-40f8-a27c-f39daac36a74/clear[39m
[35m[HTTP][39m [90m{"id":"84f7c231-4466-40f8-a27c-f39daac36a74"}[39m
[35m[HTTP][39m [37m<-- POST /wd/hub/session/84d56b44-4154-429d-9f44-065fc5da5e15/element/84f7c231-4466-40f8-a27c-f39daac36a74/clear [39m[32m200[39m [90m40 ms - 27[39m
[35m[HTTP][39m [90m[39m
[35m[HTTP][39m [37m-->[39m [37mPOST[39m [37m/wd/hub/session/84d56b44-4154-429d-9f44-065fc5da5e15/element/84f7c231-4466-40f8-a27c-f39daac36a74/value[39m
[35m[HTTP][39m [90m{"id":"84f7c231-4466-40f8-a27c-f39daac36a74","text":"taxidriver@gmail.com","value":["t","a","x","i","d","r","i","v","e","r","@","g","m","a","i","l",".","c","o","m"]}[39m
[35m[HTTP][39m [37m<-- POST /wd/hub/session/84d56b44-4154-429d-9f44-065fc5da5e15/element/84f7c231-4466-40f8-a27c-f39daac36a74/value [39m[32m200[39m [90m1050 ms - 12[39m
[35m[HTTP][39m [90m[39m
[35m[HTTP][39m [37m-->[39m [37mPOST[39m [37m/wd/hub/session/84d56b44-4154-429d-9f44-065fc5da5e15/timeouts[39m
[35m[HTTP][39m [90m{"implicit":50}[39m
[35m[HTTP][39m [37m<-- POST /wd/hub/session/84d56b44-4154-429d-9f44-065fc5da5e15/timeouts [39m[32m200[39m [90m2 ms - 14[39m
[35m[HTTP][39m [90m[39m
[35m[HTTP][39m [37m-->[39m [37mGET[39m [37m/wd/hub/session/84d56b44-4154-429d-9f44-065fc5da5e15/window/rect[39m
[35m[HTTP][39m [90m{}[39m
[35m[HTTP][39m [37m<-- GET /wd/hub/session/84d56b44-4154-429d-9f44-065fc5da5e15/window/rect [39m[32m200[39m [90m38 ms - 50[39m
[35m[HTTP][39m [90m[39m
[35m[HTTP][39m [37m-->[39m [37mPOST[39m [37m/wd/hub/session/84d56b44-4154-429d-9f44-065fc5da5e15/elements[39m
[35m[HTTP][39m [90m{"using":"-android uiautomator","value":"new UiSelector().className(\"android.widget.EditText\").text(\"Password\")"}[39m
[35m[HTTP][39m [37m<-- POST /wd/hub/session/84d56b44-4154-429d-9f44-065fc5da5e15/elements [39m[32m200[39m [90m421 ms - 139[39m
[35m[HTTP][39m [90m[39m
[35m[HTTP][39m [37m-->[39m [37mGET[39m [37m/wd/hub/session/84d56b44-4154-429d-9f44-065fc5da5e15/element/3e24b3e0-b086-40b4-9192-7f15d6ace8f9/location[39m
[35m[HTTP][39m [90m{}[39m
[35m[W3C (84d56b44)][39m Driver proxy active, passing request on via HTTP proxy
[35m[WD Proxy][39m Replacing sessionId 8c56d59a-a78d-43ec-8bbd-3a32abaa8c09 with 84d56b44-4154-429d-9f44-065fc5da5e15
[35m[HTTP][39m [37m<-- GET /wd/hub/session/84d56b44-4154-429d-9f44-065fc5da5e15/element/3e24b3e0-b086-40b4-9192-7f15d6ace8f9/location [39m[32m200[39m [90m33 ms - 90[39m
[35m[HTTP][39m [90m[39m
[35m[HTTP][39m [37m-->[39m [37mPOST[39m [37m/wd/hub/session/84d56b44-4154-429d-9f44-065fc5da5e15/timeouts[39m
[35m[HTTP][39m [90m{"implicit":30000}[39m
[35m[HTTP][39m [37m<-- POST /wd/hub/session/84d56b44-4154-429d-9f44-065fc5da5e15/timeouts [39m[32m200[39m [90m2 ms - 14[39m
[35m[HTTP][39m [90m[39m
[35m[HTTP][39m [37m-->[39m [37mPOST[39m [37m/wd/hub/session/84d56b44-4154-429d-9f44-065fc5da5e15/element/3e24b3e0-b086-40b4-9192-7f15d6ace8f9/clear[39m
[35m[HTTP][39m [90m{"id":"3e24b3e0-b086-40b4-9192-7f15d6ace8f9"}[39m
[35m[HTTP][39m [37m<-- POST /wd/hub/session/84d56b44-4154-429d-9f44-065fc5da5e15/element/3e24b3e0-b086-40b4-9192-7f15d6ace8f9/clear [39m[32m200[39m [90m58 ms - 27[39m
[35m[HTTP][39m [90m[39m
[35m[HTTP][39m [37m-->[39m [37mPOST[39m [37m/wd/hub/session/84d56b44-4154-429d-9f44-065fc5da5e15/element/3e24b3e0-b086-40b4-9192-7f15d6ace8f9/value[39m
[35m[HTTP][39m [90m{"id":"3e24b3e0-b086-40b4-9192-7f15d6ace8f9","text":"123456","value":["1","2","3","4","5","6"]}[39m
[35m[HTTP][39m [37m<-- POST /wd/hub/session/84d56b44-4154-429d-9f44-065fc5da5e15/element/3e24b3e0-b086-40b4-9192-7f15d6ace8f9/value [39m[32m200[39m [90m1061 ms - 12[39m
[35m[HTTP][39m [90m[39m
[35m[HTTP][39m [37m-->[39m [37mPOST[39m [37m/wd/hub/session/84d56b44-4154-429d-9f44-065fc5da5e15/timeouts[39m
[35m[HTTP][39m [90m{"implicit":50}[39m
[35m[HTTP][39m [37m<-- POST /wd/hub/session/84d56b44-4154-429d-9f44-065fc5da5e15/timeouts [39m[32m200[39m [90m2 ms - 14[39m
[35m[HTTP][39m [90m[39m
[35m[HTTP][39m [37m-->[39m [37mGET[39m [37m/wd/hub/session/84d56b44-4154-429d-9f44-065fc5da5e15/window/rect[39m
[35m[HTTP][39m [90m{}[39m
[35m[HTTP][39m [37m<-- GET /wd/hub/session/84d56b44-4154-429d-9f44-065fc5da5e15/window/rect [39m[32m200[39m [90m13 ms - 50[39m
[35m[HTTP][39m [90m[39m
[35m[HTTP][39m [37m-->[39m [37mPOST[39m [37m/wd/hub/session/84d56b44-4154-429d-9f44-065fc5da5e15/elements[39m
[35m[HTTP][39m [90m{"using":"xpath","value":"//hierarchy/android.widget.FrameLayout[1]/android.widget.LinearLayout[1]/android.widget.FrameLayout[1]/android.widget.LinearLayout[1]/android.widget.FrameLayout[1]/android.widget.FrameLayout[1]/android.view.ViewGroup[1]/android.view.ViewGroup[1]/android.view.ViewGroup[1]/android.view.ViewGroup[1]/android.support.v4.widget.DrawerLayout[1]/android.view.ViewGroup[1]/android.view.ViewGroup[1]/android.view.ViewGroup[1]/android.view.ViewGroup[1]/android.view.ViewGroup[1]/android.view.ViewGroup[1]/android.widget.ScrollView[1]/android.view.ViewGroup[1]/android.view.ViewGroup[7]/android.widget.TextView[1]"}[39m
[35m[HTTP][39m [37m<-- POST /wd/hub/session/84d56b44-4154-429d-9f44-065fc5da5e15/elements [39m[32m200[39m [90m522 ms - 139[39m
[35m[HTTP][39m [90m[39m
[35m[HTTP][39m [37m-->[39m [37mGET[39m [37m/wd/hub/session/84d56b44-4154-429d-9f44-065fc5da5e15/element/ba8a2f77-dab5-4e75-a8ad-21a1eced4b52/location[39m
[35m[HTTP][39m [90m{}[39m
[35m[W3C (84d56b44)][39m Driver proxy active, passing request on via HTTP proxy
[35m[WD Proxy][39m Replacing sessionId 8c56d59a-a78d-43ec-8bbd-3a32abaa8c09 with 84d56b44-4154-429d-9f44-065fc5da5e15
[35m[HTTP][39m [37m<-- GET /wd/hub/session/84d56b44-4154-429d-9f44-065fc5da5e15/element/ba8a2f77-dab5-4e75-a8ad-21a1eced4b52/location [39m[32m200[39m [90m12 ms - 90[39m
[35m[HTTP][39m [90m[39m
[35m[HTTP][39m [37m-->[39m [37mPOST[39m [37m/wd/hub/session/84d56b44-4154-429d-9f44-065fc5da5e15/timeouts[39m
[35m[HTTP][39m [90m{"implicit":30000}[39m
[35m[HTTP][39m [37m<-- POST /wd/hub/session/84d56b44-4154-429d-9f44-065fc5da5e15/timeouts [39m[32m200[39m [90m2 ms - 14[39m
[35m[HTTP][39m [90m[39m
[35m[HTTP][39m [37m-->[39m [37mPOST[39m [37m/wd/hub/session/84d56b44-4154-429d-9f44-065fc5da5e15/touch/perform[39m
[35m[HTTP][39m [90m{"actions":[{"action":"tap","options":{"x":1,"y":1,"element":"ba8a2f77-dab5-4e75-a8ad-21a1eced4b52"}},{"action":"release","options":{}}]}[39m
[35m[UiAutomator2][39m calling get location: ba8a2f77-dab5-4e75-a8ad-21a1eced4b52
[35m[HTTP][39m [37m<-- POST /wd/hub/session/84d56b44-4154-429d-9f44-065fc5da5e15/touch/perform [39m[32m200[39m [90m40 ms - 14[39m
[35m[HTTP][39m [90m[39m
[35m[HTTP][39m [37m-->[39m [37mDELETE[39m [37m/wd/hub/session/84d56b44-4154-429d-9f44-065fc5da5e15[39m
[35m[HTTP][39m [90m{}[39m
[35m[Appium][39m Removing session 84d56b44-4154-429d-9f44-065fc5da5e15 from our master session list
[35m[ADB][39m io.nativebase.market.geekyants.taxiappdriver was successfully uninstalled
[35m[HTTP][39m [37m<-- DELETE /wd/hub/session/84d56b44-4154-429d-9f44-065fc5da5e15 [39m[32m200[39m [90m1744 ms - 14[39m
[35m[HTTP][39m [90m[39m
