[35m[Appium][39m Welcome to Appium v1.14.0
[35m[Appium][39m Non-default server args:
[35m[Appium][39m   port: 58899
[35m[Appium][39m   loglevel: info
[35m[Appium][39m   chromeDriverPort: 58900
[35m[Appium][39m   tmpDir: /var/folders/38/x4crs4qx0hn0r3_szny2t9sw0000gn/T//Katalon/Appium/Temp1566212137355
[35m[Appium][39m Appium REST http interface listener started on 0.0.0.0:58899
[35m[HTTP][39m [37m-->[39m [37mGET[39m [37m/wd/hub/status[39m
[35m[HTTP][39m [90m{}[39m
[35m[HTTP][39m [37m<-- GET /wd/hub/status [39m[32m200[39m [90m6 ms - 68[39m
[35m[HTTP][39m [90m[39m
[35m[HTTP][39m [37m-->[39m [37mPOST[39m [37m/wd/hub/session[39m
[35m[HTTP][39m [90m{"desiredCapabilities":{"app":"/Users/sumittulsyan/Downloads/app-release.apk","noReset":false,"deviceName":"emulator-5554 (Android SDK built for x86 - Android 9)","fullReset":true,"platform":"ANDROID","newCommandTimeout":1800,"platformVersion":"9","automationName":"uiautomator2","autoGrantPermissions":true,"platformName":"Android","udid":"emulator-5554","systemPort":58897},"capabilities":{"firstMatch":[{"appium:app":"/Users/sumittulsyan/Downloads/app-release.apk","appium:autoGrantPermissions":true,"appium:automationName":"uiautomator2","appium:deviceName":"emulator-5554 (Android SDK built for x86 - Android 9)","appium:fullReset":true,"appium:newCommandTimeout":1800,"appium:noReset":false,"platform":"ANDROID","platformName":"android","appium:platformVersion":"9","appium:systemPort":58897,"appium:udid":"emulator-5554"}]}}[39m
[35m[BaseDriver][39m The capabilities ["platform"] are not standard capabilities and should have an extension prefix
[35m[Appium][39m Appium v1.14.0 creating new AndroidUiautomator2Driver (v1.33.1) session
[35m[Appium][39m Capabilities:
[35m[Appium][39m   platform: ANDROID
[35m[Appium][39m   platformName: android
[35m[Appium][39m   app: /Users/sumittulsyan/Downloads/app-release.apk
[35m[Appium][39m   autoGrantPermissions: true
[35m[Appium][39m   automationName: uiautomator2
[35m[Appium][39m   deviceName: emulator-5554 (Android SDK built for x86 - Android 9)
[35m[Appium][39m   fullReset: true
[35m[Appium][39m   newCommandTimeout: 1800
[35m[Appium][39m   noReset: false
[35m[Appium][39m   platformVersion: 9
[35m[Appium][39m   systemPort: 58897
[35m[Appium][39m   udid: emulator-5554
[35m[BaseDriver][39m The following capabilities were provided, but are not recognized by Appium:
[35m[BaseDriver][39m   platform
[35m[BaseDriver][39m Session created with session id: 7c3cc8a7-5ed5-4a21-8b14-0eca55d65247
[35m[BaseDriver][39m Using local app '/Users/sumittulsyan/Downloads/app-release.apk'
[35m[ADB][39m Found 1 'build-tools' folders under '/Users/sumittulsyan/.katalon/tools/android_sdk' (newest first):
[35m[ADB][39m     /Users/sumittulsyan/.katalon/tools/android_sdk/build-tools/29.0.1
[35m[ADB][39m Using 'adb' from '/Users/sumittulsyan/.katalon/tools/android_sdk/platform-tools/adb'
[35m[AndroidDriver][39m Retrieving device list
[35m[AndroidDriver][39m Using device: emulator-5554
[35m[ADB][39m Using 'adb' from '/Users/sumittulsyan/.katalon/tools/android_sdk/platform-tools/adb'
[35m[UiAutomator2][39m Relaxing hidden api policy
[35m[ADB][39m Using 'apkanalyzer' from '/Users/sumittulsyan/.katalon/tools/android_sdk/tools/bin/apkanalyzer'
[35m[ADB][39m Package name: 'io.nativebase.market.geekyants.taxiappdriver'
[35m[ADB][39m Main activity name: 'io.nativebase.market.geekyants.taxiappdriver.MainActivity'
[35m[ADB][39m Using 'aapt' from '/Users/sumittulsyan/.katalon/tools/android_sdk/build-tools/29.0.1/aapt'
[35m[ADB][39m Using 'apksigner' from '/Users/sumittulsyan/.katalon/tools/android_sdk/build-tools/29.0.1/apksigner'
[35m[UiAutomator2][39m Server packages are not going to be (re)installed
[35m[ADB][39m io.nativebase.market.geekyants.taxiappdriver was not uninstalled, because it was not present on the device
[35m[ADB][39m The application at '/Users/sumittulsyan/Downloads/app-release.apk' is already cached to '/data/local/tmp/appium_cache/0a4c298d81fa9fed8129162356ad8641ab361e22.apk'
[35m[ADB][39m The installation of 'app-release.apk' took 7.194s
[35m[UiAutomator2][39m Starting UIAutomator2 server 3.7.0
[35m[UiAutomator2][39m Using UIAutomator2 server from '/Users/sumittulsyan/Downloads/appium-mobile-test/node_modules/appium-uiautomator2-server/apks/appium-uiautomator2-server-v3.7.0.apk' and test from '/Users/sumittulsyan/Downloads/appium-mobile-test/node_modules/appium-uiautomator2-server/apks/appium-uiautomator2-server-debug-androidTest.apk'
[35m[UiAutomator2][39m Waiting up to 30000ms for UiAutomator2 to be online...
[35m[WD Proxy][39m Got an unexpected response: {"code":"ECONNRESET"}
[35m[WD Proxy][39m Got an unexpected response: {"code":"ECONNRESET"}
[35m[AndroidDriver][39m Screen already unlocked, doing nothing
[35m[UiAutomator2][39m UiAutomator2 did not start the activity we were waiting for, 'io.nativebase.market.geekyants.taxiappdriver/io.nativebase.market.geekyants.taxiappdriver.MainActivity'. Starting it ourselves
[35m[Appium][39m New AndroidUiautomator2Driver session created successfully, session 7c3cc8a7-5ed5-4a21-8b14-0eca55d65247 added to master session list
[35m[HTTP][39m [37m<-- POST /wd/hub/session [39m[32m200[39m [90m17900 ms - 1264[39m
[35m[HTTP][39m [90m[39m
[35m[HTTP][39m [37m-->[39m [37mGET[39m [37m/wd/hub/session/7c3cc8a7-5ed5-4a21-8b14-0eca55d65247[39m
[35m[HTTP][39m [90m{}[39m
[35m[HTTP][39m [37m<-- GET /wd/hub/session/7c3cc8a7-5ed5-4a21-8b14-0eca55d65247 [39m[32m200[39m [90m74 ms - 1196[39m
[35m[HTTP][39m [90m[39m
[35m[HTTP][39m [37m-->[39m [37mGET[39m [37m/wd/hub/session/7c3cc8a7-5ed5-4a21-8b14-0eca55d65247[39m
[35m[HTTP][39m [90m{}[39m
[35m[HTTP][39m [37m<-- GET /wd/hub/session/7c3cc8a7-5ed5-4a21-8b14-0eca55d65247 [39m[32m200[39m [90m41 ms - 1196[39m
[35m[HTTP][39m [90m[39m
[35m[HTTP][39m [37m-->[39m [37mGET[39m [37m/wd/hub/status[39m
[35m[HTTP][39m [90m{}[39m
[35m[HTTP][39m [37m<-- GET /wd/hub/status [39m[32m200[39m [90m1 ms - 68[39m
[35m[HTTP][39m [90m[39m
[35m[HTTP][39m [37m-->[39m [37mPOST[39m [37m/wd/hub/session/7c3cc8a7-5ed5-4a21-8b14-0eca55d65247/timeouts[39m
[35m[HTTP][39m [90m{"implicit":30000}[39m
[35m[HTTP][39m [37m<-- POST /wd/hub/session/7c3cc8a7-5ed5-4a21-8b14-0eca55d65247/timeouts [39m[32m200[39m [90m3 ms - 14[39m
[35m[HTTP][39m [90m[39m
[35m[HTTP][39m [37m-->[39m [37mPOST[39m [37m/wd/hub/session/7c3cc8a7-5ed5-4a21-8b14-0eca55d65247/timeouts[39m
[35m[HTTP][39m [90m{"implicit":50}[39m
[35m[HTTP][39m [37m<-- POST /wd/hub/session/7c3cc8a7-5ed5-4a21-8b14-0eca55d65247/timeouts [39m[32m200[39m [90m2 ms - 14[39m
[35m[HTTP][39m [90m[39m
[35m[HTTP][39m [37m-->[39m [37mGET[39m [37m/wd/hub/session/7c3cc8a7-5ed5-4a21-8b14-0eca55d65247/window/rect[39m
[35m[HTTP][39m [90m{}[39m
[35m[HTTP][39m [37m<-- GET /wd/hub/session/7c3cc8a7-5ed5-4a21-8b14-0eca55d65247/window/rect [39m[32m200[39m [90m74 ms - 50[39m
[35m[HTTP][39m [90m[39m
[35m[HTTP][39m [37m-->[39m [37mPOST[39m [37m/wd/hub/session/7c3cc8a7-5ed5-4a21-8b14-0eca55d65247/elements[39m
[35m[HTTP][39m [90m{"using":"-android uiautomator","value":"new UiSelector().className(\"android.widget.TextView\").text(\"Sign In\")"}[39m
[35m[HTTP][39m [37m<-- POST /wd/hub/session/7c3cc8a7-5ed5-4a21-8b14-0eca55d65247/elements [39m[32m200[39m [90m116 ms - 12[39m
[35m[HTTP][39m [90m[39m
[35m[HTTP][39m [37m-->[39m [37mPOST[39m [37m/wd/hub/session/7c3cc8a7-5ed5-4a21-8b14-0eca55d65247/elements[39m
[35m[HTTP][39m [90m{"using":"-android uiautomator","value":"new UiSelector().className(\"android.widget.TextView\").text(\"Sign In\")"}[39m
[35m[HTTP][39m [37m<-- POST /wd/hub/session/7c3cc8a7-5ed5-4a21-8b14-0eca55d65247/elements [39m[32m200[39m [90m63 ms - 12[39m
[35m[HTTP][39m [90m[39m
[35m[HTTP][39m [37m-->[39m [37mPOST[39m [37m/wd/hub/session/7c3cc8a7-5ed5-4a21-8b14-0eca55d65247/elements[39m
[35m[HTTP][39m [90m{"using":"-android uiautomator","value":"new UiSelector().className(\"android.widget.TextView\").text(\"Sign In\")"}[39m
[35m[HTTP][39m [37m<-- POST /wd/hub/session/7c3cc8a7-5ed5-4a21-8b14-0eca55d65247/elements [39m[32m200[39m [90m110 ms - 12[39m
[35m[HTTP][39m [90m[39m
[35m[HTTP][39m [37m-->[39m [37mPOST[39m [37m/wd/hub/session/7c3cc8a7-5ed5-4a21-8b14-0eca55d65247/elements[39m
[35m[HTTP][39m [90m{"using":"-android uiautomator","value":"new UiSelector().className(\"android.widget.TextView\").text(\"Sign In\")"}[39m
[35m[HTTP][39m [37m<-- POST /wd/hub/session/7c3cc8a7-5ed5-4a21-8b14-0eca55d65247/elements [39m[32m200[39m [90m55 ms - 12[39m
[35m[HTTP][39m [90m[39m
[35m[HTTP][39m [37m-->[39m [37mPOST[39m [37m/wd/hub/session/7c3cc8a7-5ed5-4a21-8b14-0eca55d65247/elements[39m
[35m[HTTP][39m [90m{"using":"-android uiautomator","value":"new UiSelector().className(\"android.widget.TextView\").text(\"Sign In\")"}[39m
[35m[HTTP][39m [37m<-- POST /wd/hub/session/7c3cc8a7-5ed5-4a21-8b14-0eca55d65247/elements [39m[32m200[39m [90m54 ms - 12[39m
[35m[HTTP][39m [90m[39m
[35m[HTTP][39m [37m-->[39m [37mPOST[39m [37m/wd/hub/session/7c3cc8a7-5ed5-4a21-8b14-0eca55d65247/elements[39m
[35m[HTTP][39m [90m{"using":"-android uiautomator","value":"new UiSelector().className(\"android.widget.TextView\").text(\"Sign In\")"}[39m
[35m[HTTP][39m [37m<-- POST /wd/hub/session/7c3cc8a7-5ed5-4a21-8b14-0eca55d65247/elements [39m[32m200[39m [90m107 ms - 12[39m
[35m[HTTP][39m [90m[39m
[35m[HTTP][39m [37m-->[39m [37mPOST[39m [37m/wd/hub/session/7c3cc8a7-5ed5-4a21-8b14-0eca55d65247/elements[39m
[35m[HTTP][39m [90m{"using":"-android uiautomator","value":"new UiSelector().className(\"android.widget.TextView\").text(\"Sign In\")"}[39m
[35m[HTTP][39m [37m<-- POST /wd/hub/session/7c3cc8a7-5ed5-4a21-8b14-0eca55d65247/elements [39m[32m200[39m [90m596 ms - 12[39m
[35m[HTTP][39m [90m[39m
[35m[HTTP][39m [37m-->[39m [37mPOST[39m [37m/wd/hub/session/7c3cc8a7-5ed5-4a21-8b14-0eca55d65247/elements[39m
[35m[HTTP][39m [90m{"using":"-android uiautomator","value":"new UiSelector().className(\"android.widget.TextView\").text(\"Sign In\")"}[39m
[35m[HTTP][39m [37m<-- POST /wd/hub/session/7c3cc8a7-5ed5-4a21-8b14-0eca55d65247/elements [39m[32m200[39m [90m1560 ms - 139[39m
[35m[HTTP][39m [90m[39m
[35m[HTTP][39m [37m-->[39m [37mGET[39m [37m/wd/hub/session/7c3cc8a7-5ed5-4a21-8b14-0eca55d65247/element/c6bd7435-f25c-4cb9-85a5-1248e3eaef1c/location[39m
[35m[HTTP][39m [90m{}[39m
[35m[W3C (7c3cc8a7)][39m Driver proxy active, passing request on via HTTP proxy
[35m[WD Proxy][39m Replacing sessionId 49d8a1f5-5cc5-46dc-8974-6a3dc26c89a7 with 7c3cc8a7-5ed5-4a21-8b14-0eca55d65247
[35m[HTTP][39m [37m<-- GET /wd/hub/session/7c3cc8a7-5ed5-4a21-8b14-0eca55d65247/element/c6bd7435-f25c-4cb9-85a5-1248e3eaef1c/location [39m[32m200[39m [90m29 ms - 90[39m
[35m[HTTP][39m [90m[39m
[35m[HTTP][39m [37m-->[39m [37mPOST[39m [37m/wd/hub/session/7c3cc8a7-5ed5-4a21-8b14-0eca55d65247/timeouts[39m
[35m[HTTP][39m [90m{"implicit":30000}[39m
[35m[HTTP][39m [37m<-- POST /wd/hub/session/7c3cc8a7-5ed5-4a21-8b14-0eca55d65247/timeouts [39m[32m200[39m [90m2 ms - 14[39m
[35m[HTTP][39m [90m[39m
[35m[HTTP][39m [37m-->[39m [37mPOST[39m [37m/wd/hub/session/7c3cc8a7-5ed5-4a21-8b14-0eca55d65247/touch/perform[39m
[35m[HTTP][39m [90m{"actions":[{"action":"tap","options":{"x":1,"y":1,"element":"c6bd7435-f25c-4cb9-85a5-1248e3eaef1c"}},{"action":"release","options":{}}]}[39m
[35m[UiAutomator2][39m calling get location: c6bd7435-f25c-4cb9-85a5-1248e3eaef1c
[35m[HTTP][39m [37m<-- POST /wd/hub/session/7c3cc8a7-5ed5-4a21-8b14-0eca55d65247/touch/perform [39m[32m200[39m [90m1019 ms - 14[39m
[35m[HTTP][39m [90m[39m
[35m[HTTP][39m [37m-->[39m [37mPOST[39m [37m/wd/hub/session/7c3cc8a7-5ed5-4a21-8b14-0eca55d65247/timeouts[39m
[35m[HTTP][39m [90m{"implicit":50}[39m
[35m[HTTP][39m [37m<-- POST /wd/hub/session/7c3cc8a7-5ed5-4a21-8b14-0eca55d65247/timeouts [39m[32m200[39m [90m3 ms - 14[39m
[35m[HTTP][39m [90m[39m
[35m[HTTP][39m [37m-->[39m [37mGET[39m [37m/wd/hub/session/7c3cc8a7-5ed5-4a21-8b14-0eca55d65247/window/rect[39m
[35m[HTTP][39m [90m{}[39m
[35m[HTTP][39m [37m<-- GET /wd/hub/session/7c3cc8a7-5ed5-4a21-8b14-0eca55d65247/window/rect [39m[32m200[39m [90m15 ms - 50[39m
[35m[HTTP][39m [90m[39m
[35m[HTTP][39m [37m-->[39m [37mPOST[39m [37m/wd/hub/session/7c3cc8a7-5ed5-4a21-8b14-0eca55d65247/elements[39m
[35m[HTTP][39m [90m{"using":"-android uiautomator","value":"new UiSelector().className(\"android.widget.EditText\").text(\"Email\")"}[39m
[35m[HTTP][39m [37m<-- POST /wd/hub/session/7c3cc8a7-5ed5-4a21-8b14-0eca55d65247/elements [39m[32m200[39m [90m50 ms - 139[39m
[35m[HTTP][39m [90m[39m
[35m[HTTP][39m [37m-->[39m [37mGET[39m [37m/wd/hub/session/7c3cc8a7-5ed5-4a21-8b14-0eca55d65247/element/2b2854fb-afc6-478a-a322-161fd2c01632/location[39m
[35m[HTTP][39m [90m{}[39m
[35m[W3C (7c3cc8a7)][39m Driver proxy active, passing request on via HTTP proxy
[35m[WD Proxy][39m Replacing sessionId 49d8a1f5-5cc5-46dc-8974-6a3dc26c89a7 with 7c3cc8a7-5ed5-4a21-8b14-0eca55d65247
[35m[HTTP][39m [37m<-- GET /wd/hub/session/7c3cc8a7-5ed5-4a21-8b14-0eca55d65247/element/2b2854fb-afc6-478a-a322-161fd2c01632/location [39m[32m200[39m [90m32 ms - 90[39m
[35m[HTTP][39m [90m[39m
[35m[HTTP][39m [37m-->[39m [37mPOST[39m [37m/wd/hub/session/7c3cc8a7-5ed5-4a21-8b14-0eca55d65247/timeouts[39m
[35m[HTTP][39m [90m{"implicit":30000}[39m
[35m[HTTP][39m [37m<-- POST /wd/hub/session/7c3cc8a7-5ed5-4a21-8b14-0eca55d65247/timeouts [39m[32m200[39m [90m1 ms - 14[39m
[35m[HTTP][39m [90m[39m
[35m[HTTP][39m [37m-->[39m [37mPOST[39m [37m/wd/hub/session/7c3cc8a7-5ed5-4a21-8b14-0eca55d65247/element/2b2854fb-afc6-478a-a322-161fd2c01632/clear[39m
[35m[HTTP][39m [90m{"id":"2b2854fb-afc6-478a-a322-161fd2c01632"}[39m
[35m[HTTP][39m [37m<-- POST /wd/hub/session/7c3cc8a7-5ed5-4a21-8b14-0eca55d65247/element/2b2854fb-afc6-478a-a322-161fd2c01632/clear [39m[32m200[39m [90m42 ms - 27[39m
[35m[HTTP][39m [90m[39m
[35m[HTTP][39m [37m-->[39m [37mPOST[39m [37m/wd/hub/session/7c3cc8a7-5ed5-4a21-8b14-0eca55d65247/element/2b2854fb-afc6-478a-a322-161fd2c01632/value[39m
[35m[HTTP][39m [90m{"id":"2b2854fb-afc6-478a-a322-161fd2c01632","text":"taxidriver1@gmail.com","value":["t","a","x","i","d","r","i","v","e","r","1","@","g","m","a","i","l",".","c","o","m"]}[39m
[35m[HTTP][39m [37m<-- POST /wd/hub/session/7c3cc8a7-5ed5-4a21-8b14-0eca55d65247/element/2b2854fb-afc6-478a-a322-161fd2c01632/value [39m[32m200[39m [90m1044 ms - 12[39m
[35m[HTTP][39m [90m[39m
[35m[HTTP][39m [37m-->[39m [37mPOST[39m [37m/wd/hub/session/7c3cc8a7-5ed5-4a21-8b14-0eca55d65247/timeouts[39m
[35m[HTTP][39m [90m{"implicit":50}[39m
[35m[HTTP][39m [37m<-- POST /wd/hub/session/7c3cc8a7-5ed5-4a21-8b14-0eca55d65247/timeouts [39m[32m200[39m [90m2 ms - 14[39m
[35m[HTTP][39m [90m[39m
[35m[HTTP][39m [37m-->[39m [37mGET[39m [37m/wd/hub/session/7c3cc8a7-5ed5-4a21-8b14-0eca55d65247/window/rect[39m
[35m[HTTP][39m [90m{}[39m
[35m[HTTP][39m [37m<-- GET /wd/hub/session/7c3cc8a7-5ed5-4a21-8b14-0eca55d65247/window/rect [39m[32m200[39m [90m30 ms - 50[39m
[35m[HTTP][39m [90m[39m
[35m[HTTP][39m [37m-->[39m [37mPOST[39m [37m/wd/hub/session/7c3cc8a7-5ed5-4a21-8b14-0eca55d65247/elements[39m
[35m[HTTP][39m [90m{"using":"-android uiautomator","value":"new UiSelector().className(\"android.widget.EditText\").text(\"Password\")"}[39m
[35m[HTTP][39m [37m<-- POST /wd/hub/session/7c3cc8a7-5ed5-4a21-8b14-0eca55d65247/elements [39m[32m200[39m [90m405 ms - 139[39m
[35m[HTTP][39m [90m[39m
[35m[HTTP][39m [37m-->[39m [37mGET[39m [37m/wd/hub/session/7c3cc8a7-5ed5-4a21-8b14-0eca55d65247/element/235ea970-c7a6-4e3f-a150-998be68962cd/location[39m
[35m[HTTP][39m [90m{}[39m
[35m[W3C (7c3cc8a7)][39m Driver proxy active, passing request on via HTTP proxy
[35m[WD Proxy][39m Replacing sessionId 49d8a1f5-5cc5-46dc-8974-6a3dc26c89a7 with 7c3cc8a7-5ed5-4a21-8b14-0eca55d65247
[35m[HTTP][39m [37m<-- GET /wd/hub/session/7c3cc8a7-5ed5-4a21-8b14-0eca55d65247/element/235ea970-c7a6-4e3f-a150-998be68962cd/location [39m[32m200[39m [90m35 ms - 90[39m
[35m[HTTP][39m [90m[39m
[35m[HTTP][39m [37m-->[39m [37mPOST[39m [37m/wd/hub/session/7c3cc8a7-5ed5-4a21-8b14-0eca55d65247/timeouts[39m
[35m[HTTP][39m [90m{"implicit":30000}[39m
[35m[HTTP][39m [37m<-- POST /wd/hub/session/7c3cc8a7-5ed5-4a21-8b14-0eca55d65247/timeouts [39m[32m200[39m [90m1 ms - 14[39m
[35m[HTTP][39m [90m[39m
[35m[HTTP][39m [37m-->[39m [37mPOST[39m [37m/wd/hub/session/7c3cc8a7-5ed5-4a21-8b14-0eca55d65247/element/235ea970-c7a6-4e3f-a150-998be68962cd/clear[39m
[35m[HTTP][39m [90m{"id":"235ea970-c7a6-4e3f-a150-998be68962cd"}[39m
[35m[HTTP][39m [37m<-- POST /wd/hub/session/7c3cc8a7-5ed5-4a21-8b14-0eca55d65247/element/235ea970-c7a6-4e3f-a150-998be68962cd/clear [39m[32m200[39m [90m30 ms - 27[39m
[35m[HTTP][39m [90m[39m
[35m[HTTP][39m [37m-->[39m [37mPOST[39m [37m/wd/hub/session/7c3cc8a7-5ed5-4a21-8b14-0eca55d65247/element/235ea970-c7a6-4e3f-a150-998be68962cd/value[39m
[35m[HTTP][39m [90m{"id":"235ea970-c7a6-4e3f-a150-998be68962cd","text":"123456","value":["1","2","3","4","5","6"]}[39m
[35m[HTTP][39m [37m<-- POST /wd/hub/session/7c3cc8a7-5ed5-4a21-8b14-0eca55d65247/element/235ea970-c7a6-4e3f-a150-998be68962cd/value [39m[32m200[39m [90m1059 ms - 12[39m
[35m[HTTP][39m [90m[39m
[35m[HTTP][39m [37m-->[39m [37mPOST[39m [37m/wd/hub/session/7c3cc8a7-5ed5-4a21-8b14-0eca55d65247/timeouts[39m
[35m[HTTP][39m [90m{"implicit":50}[39m
[35m[HTTP][39m [37m<-- POST /wd/hub/session/7c3cc8a7-5ed5-4a21-8b14-0eca55d65247/timeouts [39m[32m200[39m [90m5 ms - 14[39m
[35m[HTTP][39m [90m[39m
[35m[HTTP][39m [37m-->[39m [37mGET[39m [37m/wd/hub/session/7c3cc8a7-5ed5-4a21-8b14-0eca55d65247/window/rect[39m
[35m[HTTP][39m [90m{}[39m
[35m[HTTP][39m [37m<-- GET /wd/hub/session/7c3cc8a7-5ed5-4a21-8b14-0eca55d65247/window/rect [39m[32m200[39m [90m19 ms - 50[39m
[35m[HTTP][39m [90m[39m
[35m[HTTP][39m [37m-->[39m [37mPOST[39m [37m/wd/hub/session/7c3cc8a7-5ed5-4a21-8b14-0eca55d65247/elements[39m
[35m[HTTP][39m [90m{"using":"xpath","value":"//hierarchy/android.widget.FrameLayout[1]/android.widget.LinearLayout[1]/android.widget.FrameLayout[1]/android.widget.LinearLayout[1]/android.widget.FrameLayout[1]/android.widget.FrameLayout[1]/android.view.ViewGroup[1]/android.view.ViewGroup[1]/android.view.ViewGroup[1]/android.view.ViewGroup[1]/android.support.v4.widget.DrawerLayout[1]/android.view.ViewGroup[1]/android.view.ViewGroup[1]/android.view.ViewGroup[1]/android.view.ViewGroup[1]/android.view.ViewGroup[1]/android.view.ViewGroup[1]/android.widget.ScrollView[1]/android.view.ViewGroup[1]/android.view.ViewGroup[7]/android.widget.TextView[1]"}[39m
[35m[HTTP][39m [37m<-- POST /wd/hub/session/7c3cc8a7-5ed5-4a21-8b14-0eca55d65247/elements [39m[32m200[39m [90m733 ms - 139[39m
[35m[HTTP][39m [90m[39m
[35m[HTTP][39m [37m-->[39m [37mGET[39m [37m/wd/hub/session/7c3cc8a7-5ed5-4a21-8b14-0eca55d65247/element/f639a6a9-af54-4752-a985-7773ca46e81a/location[39m
[35m[HTTP][39m [90m{}[39m
[35m[W3C (7c3cc8a7)][39m Driver proxy active, passing request on via HTTP proxy
[35m[WD Proxy][39m Replacing sessionId 49d8a1f5-5cc5-46dc-8974-6a3dc26c89a7 with 7c3cc8a7-5ed5-4a21-8b14-0eca55d65247
[35m[HTTP][39m [37m<-- GET /wd/hub/session/7c3cc8a7-5ed5-4a21-8b14-0eca55d65247/element/f639a6a9-af54-4752-a985-7773ca46e81a/location [39m[32m200[39m [90m17 ms - 90[39m
[35m[HTTP][39m [90m[39m
[35m[HTTP][39m [37m-->[39m [37mPOST[39m [37m/wd/hub/session/7c3cc8a7-5ed5-4a21-8b14-0eca55d65247/timeouts[39m
[35m[HTTP][39m [90m{"implicit":30000}[39m
[35m[HTTP][39m [37m<-- POST /wd/hub/session/7c3cc8a7-5ed5-4a21-8b14-0eca55d65247/timeouts [39m[32m200[39m [90m1 ms - 14[39m
[35m[HTTP][39m [90m[39m
[35m[HTTP][39m [37m-->[39m [37mPOST[39m [37m/wd/hub/session/7c3cc8a7-5ed5-4a21-8b14-0eca55d65247/touch/perform[39m
[35m[HTTP][39m [90m{"actions":[{"action":"tap","options":{"x":1,"y":1,"element":"f639a6a9-af54-4752-a985-7773ca46e81a"}},{"action":"release","options":{}}]}[39m
[35m[UiAutomator2][39m calling get location: f639a6a9-af54-4752-a985-7773ca46e81a
[35m[HTTP][39m [37m<-- POST /wd/hub/session/7c3cc8a7-5ed5-4a21-8b14-0eca55d65247/touch/perform [39m[32m200[39m [90m42 ms - 14[39m
[35m[HTTP][39m [90m[39m
[35m[HTTP][39m [37m-->[39m [37mPOST[39m [37m/wd/hub/session/7c3cc8a7-5ed5-4a21-8b14-0eca55d65247/timeouts[39m
[35m[HTTP][39m [90m{"implicit":50}[39m
[35m[HTTP][39m [37m<-- POST /wd/hub/session/7c3cc8a7-5ed5-4a21-8b14-0eca55d65247/timeouts [39m[32m200[39m [90m3 ms - 14[39m
[35m[HTTP][39m [90m[39m
[35m[HTTP][39m [37m-->[39m [37mGET[39m [37m/wd/hub/session/7c3cc8a7-5ed5-4a21-8b14-0eca55d65247/window/rect[39m
[35m[HTTP][39m [90m{}[39m
[35m[HTTP][39m [37m<-- GET /wd/hub/session/7c3cc8a7-5ed5-4a21-8b14-0eca55d65247/window/rect [39m[32m200[39m [90m14 ms - 50[39m
[35m[HTTP][39m [90m[39m
[35m[HTTP][39m [37m-->[39m [37mPOST[39m [37m/wd/hub/session/7c3cc8a7-5ed5-4a21-8b14-0eca55d65247/elements[39m
[35m[HTTP][39m [90m{"using":"-android uiautomator","value":"new UiSelector().className(\"android.widget.TextView\").text(\"\")"}[39m
[35m[HTTP][39m [37m<-- POST /wd/hub/session/7c3cc8a7-5ed5-4a21-8b14-0eca55d65247/elements [39m[32m200[39m [90m799 ms - 12[39m
[35m[HTTP][39m [90m[39m
[35m[HTTP][39m [37m-->[39m [37mPOST[39m [37m/wd/hub/session/7c3cc8a7-5ed5-4a21-8b14-0eca55d65247/elements[39m
[35m[HTTP][39m [90m{"using":"-android uiautomator","value":"new UiSelector().className(\"android.widget.TextView\").text(\"\")"}[39m
[35m[HTTP][39m [37m<-- POST /wd/hub/session/7c3cc8a7-5ed5-4a21-8b14-0eca55d65247/elements [39m[32m200[39m [90m117 ms - 12[39m
[35m[HTTP][39m [90m[39m
[35m[HTTP][39m [37m-->[39m [37mPOST[39m [37m/wd/hub/session/7c3cc8a7-5ed5-4a21-8b14-0eca55d65247/elements[39m
[35m[HTTP][39m [90m{"using":"-android uiautomator","value":"new UiSelector().className(\"android.widget.TextView\").text(\"\")"}[39m
[35m[HTTP][39m [37m<-- POST /wd/hub/session/7c3cc8a7-5ed5-4a21-8b14-0eca55d65247/elements [39m[32m200[39m [90m358 ms - 12[39m
[35m[HTTP][39m [90m[39m
[35m[HTTP][39m [37m-->[39m [37mPOST[39m [37m/wd/hub/session/7c3cc8a7-5ed5-4a21-8b14-0eca55d65247/elements[39m
[35m[HTTP][39m [90m{"using":"-android uiautomator","value":"new UiSelector().className(\"android.widget.TextView\").text(\"\")"}[39m
[35m[HTTP][39m [37m<-- POST /wd/hub/session/7c3cc8a7-5ed5-4a21-8b14-0eca55d65247/elements [39m[32m200[39m [90m147 ms - 12[39m
[35m[HTTP][39m [90m[39m
[35m[HTTP][39m [37m-->[39m [37mPOST[39m [37m/wd/hub/session/7c3cc8a7-5ed5-4a21-8b14-0eca55d65247/elements[39m
[35m[HTTP][39m [90m{"using":"-android uiautomator","value":"new UiSelector().className(\"android.widget.TextView\").text(\"\")"}[39m
[35m[HTTP][39m [37m<-- POST /wd/hub/session/7c3cc8a7-5ed5-4a21-8b14-0eca55d65247/elements [39m[32m200[39m [90m84 ms - 12[39m
[35m[HTTP][39m [90m[39m
[35m[HTTP][39m [37m-->[39m [37mPOST[39m [37m/wd/hub/session/7c3cc8a7-5ed5-4a21-8b14-0eca55d65247/elements[39m
[35m[HTTP][39m [90m{"using":"-android uiautomator","value":"new UiSelector().className(\"android.widget.TextView\").text(\"\")"}[39m
[35m[HTTP][39m [37m<-- POST /wd/hub/session/7c3cc8a7-5ed5-4a21-8b14-0eca55d65247/elements [39m[32m200[39m [90m140 ms - 12[39m
[35m[HTTP][39m [90m[39m
[35m[HTTP][39m [37m-->[39m [37mPOST[39m [37m/wd/hub/session/7c3cc8a7-5ed5-4a21-8b14-0eca55d65247/elements[39m
[35m[HTTP][39m [90m{"using":"-android uiautomator","value":"new UiSelector().className(\"android.widget.TextView\").text(\"\")"}[39m
[35m[HTTP][39m [37m<-- POST /wd/hub/session/7c3cc8a7-5ed5-4a21-8b14-0eca55d65247/elements [39m[32m200[39m [90m151 ms - 12[39m
[35m[HTTP][39m [90m[39m
[35m[HTTP][39m [37m-->[39m [37mPOST[39m [37m/wd/hub/session/7c3cc8a7-5ed5-4a21-8b14-0eca55d65247/elements[39m
[35m[HTTP][39m [90m{"using":"-android uiautomator","value":"new UiSelector().className(\"android.widget.TextView\").text(\"\")"}[39m
[35m[HTTP][39m [37m<-- POST /wd/hub/session/7c3cc8a7-5ed5-4a21-8b14-0eca55d65247/elements [39m[32m200[39m [90m163 ms - 12[39m
[35m[HTTP][39m [90m[39m
[35m[HTTP][39m [37m-->[39m [37mPOST[39m [37m/wd/hub/session/7c3cc8a7-5ed5-4a21-8b14-0eca55d65247/elements[39m
[35m[HTTP][39m [90m{"using":"-android uiautomator","value":"new UiSelector().className(\"android.widget.TextView\").text(\"\")"}[39m
[35m[HTTP][39m [37m<-- POST /wd/hub/session/7c3cc8a7-5ed5-4a21-8b14-0eca55d65247/elements [39m[32m200[39m [90m128 ms - 12[39m
[35m[HTTP][39m [90m[39m
[35m[HTTP][39m [37m-->[39m [37mPOST[39m [37m/wd/hub/session/7c3cc8a7-5ed5-4a21-8b14-0eca55d65247/elements[39m
[35m[HTTP][39m [90m{"using":"-android uiautomator","value":"new UiSelector().className(\"android.widget.TextView\").text(\"\")"}[39m
[35m[HTTP][39m [37m<-- POST /wd/hub/session/7c3cc8a7-5ed5-4a21-8b14-0eca55d65247/elements [39m[32m200[39m [90m113 ms - 12[39m
[35m[HTTP][39m [90m[39m
[35m[HTTP][39m [37m-->[39m [37mPOST[39m [37m/wd/hub/session/7c3cc8a7-5ed5-4a21-8b14-0eca55d65247/elements[39m
[35m[HTTP][39m [90m{"using":"-android uiautomator","value":"new UiSelector().className(\"android.widget.TextView\").text(\"\")"}[39m
[35m[HTTP][39m [37m<-- POST /wd/hub/session/7c3cc8a7-5ed5-4a21-8b14-0eca55d65247/elements [39m[32m200[39m [90m86 ms - 12[39m
[35m[HTTP][39m [90m[39m
[35m[HTTP][39m [37m-->[39m [37mPOST[39m [37m/wd/hub/session/7c3cc8a7-5ed5-4a21-8b14-0eca55d65247/elements[39m
[35m[HTTP][39m [90m{"using":"-android uiautomator","value":"new UiSelector().className(\"android.widget.TextView\").text(\"\")"}[39m
[35m[HTTP][39m [37m<-- POST /wd/hub/session/7c3cc8a7-5ed5-4a21-8b14-0eca55d65247/elements [39m[32m200[39m [90m94 ms - 12[39m
[35m[HTTP][39m [90m[39m
[35m[HTTP][39m [37m-->[39m [37mPOST[39m [37m/wd/hub/session/7c3cc8a7-5ed5-4a21-8b14-0eca55d65247/elements[39m
[35m[HTTP][39m [90m{"using":"-android uiautomator","value":"new UiSelector().className(\"android.widget.TextView\").text(\"\")"}[39m
[35m[HTTP][39m [37m<-- POST /wd/hub/session/7c3cc8a7-5ed5-4a21-8b14-0eca55d65247/elements [39m[32m200[39m [90m156 ms - 12[39m
[35m[HTTP][39m [90m[39m
[35m[HTTP][39m [37m-->[39m [37mPOST[39m [37m/wd/hub/session/7c3cc8a7-5ed5-4a21-8b14-0eca55d65247/elements[39m
[35m[HTTP][39m [90m{"using":"-android uiautomator","value":"new UiSelector().className(\"android.widget.TextView\").text(\"\")"}[39m
[35m[HTTP][39m [37m<-- POST /wd/hub/session/7c3cc8a7-5ed5-4a21-8b14-0eca55d65247/elements [39m[32m200[39m [90m81 ms - 12[39m
[35m[HTTP][39m [90m[39m
[35m[HTTP][39m [37m-->[39m [37mPOST[39m [37m/wd/hub/session/7c3cc8a7-5ed5-4a21-8b14-0eca55d65247/elements[39m
[35m[HTTP][39m [90m{"using":"-android uiautomator","value":"new UiSelector().className(\"android.widget.TextView\").text(\"\")"}[39m
[35m[HTTP][39m [37m<-- POST /wd/hub/session/7c3cc8a7-5ed5-4a21-8b14-0eca55d65247/elements [39m[32m200[39m [90m117 ms - 12[39m
[35m[HTTP][39m [90m[39m
[35m[HTTP][39m [37m-->[39m [37mPOST[39m [37m/wd/hub/session/7c3cc8a7-5ed5-4a21-8b14-0eca55d65247/elements[39m
[35m[HTTP][39m [90m{"using":"-android uiautomator","value":"new UiSelector().className(\"android.widget.TextView\").text(\"\")"}[39m
[35m[HTTP][39m [37m<-- POST /wd/hub/session/7c3cc8a7-5ed5-4a21-8b14-0eca55d65247/elements [39m[32m200[39m [90m185 ms - 12[39m
[35m[HTTP][39m [90m[39m
[35m[HTTP][39m [37m-->[39m [37mPOST[39m [37m/wd/hub/session/7c3cc8a7-5ed5-4a21-8b14-0eca55d65247/elements[39m
[35m[HTTP][39m [90m{"using":"-android uiautomator","value":"new UiSelector().className(\"android.widget.TextView\").text(\"\")"}[39m
[35m[HTTP][39m [37m<-- POST /wd/hub/session/7c3cc8a7-5ed5-4a21-8b14-0eca55d65247/elements [39m[32m200[39m [90m143 ms - 12[39m
[35m[HTTP][39m [90m[39m
[35m[HTTP][39m [37m-->[39m [37mPOST[39m [37m/wd/hub/session/7c3cc8a7-5ed5-4a21-8b14-0eca55d65247/elements[39m
[35m[HTTP][39m [90m{"using":"-android uiautomator","value":"new UiSelector().className(\"android.widget.TextView\").text(\"\")"}[39m
[35m[HTTP][39m [37m<-- POST /wd/hub/session/7c3cc8a7-5ed5-4a21-8b14-0eca55d65247/elements [39m[32m200[39m [90m148 ms - 12[39m
[35m[HTTP][39m [90m[39m
[35m[HTTP][39m [37m-->[39m [37mPOST[39m [37m/wd/hub/session/7c3cc8a7-5ed5-4a21-8b14-0eca55d65247/elements[39m
[35m[HTTP][39m [90m{"using":"-android uiautomator","value":"new UiSelector().className(\"android.widget.TextView\").text(\"\")"}[39m
[35m[HTTP][39m [37m<-- POST /wd/hub/session/7c3cc8a7-5ed5-4a21-8b14-0eca55d65247/elements [39m[32m200[39m [90m1782 ms - 139[39m
[35m[HTTP][39m [90m[39m
[35m[HTTP][39m [37m-->[39m [37mGET[39m [37m/wd/hub/session/7c3cc8a7-5ed5-4a21-8b14-0eca55d65247/element/9ff8f75d-e4f0-4e58-a77c-abb099e6a67c/location[39m
[35m[HTTP][39m [90m{}[39m
[35m[W3C (7c3cc8a7)][39m Driver proxy active, passing request on via HTTP proxy
[35m[WD Proxy][39m Replacing sessionId 49d8a1f5-5cc5-46dc-8974-6a3dc26c89a7 with 7c3cc8a7-5ed5-4a21-8b14-0eca55d65247
[35m[HTTP][39m [37m<-- GET /wd/hub/session/7c3cc8a7-5ed5-4a21-8b14-0eca55d65247/element/9ff8f75d-e4f0-4e58-a77c-abb099e6a67c/location [39m[32m200[39m [90m43 ms - 91[39m
[35m[HTTP][39m [90m[39m
[35m[HTTP][39m [37m-->[39m [37mPOST[39m [37m/wd/hub/session/7c3cc8a7-5ed5-4a21-8b14-0eca55d65247/timeouts[39m
[35m[HTTP][39m [90m{"implicit":30000}[39m
[35m[HTTP][39m [37m<-- POST /wd/hub/session/7c3cc8a7-5ed5-4a21-8b14-0eca55d65247/timeouts [39m[32m200[39m [90m2 ms - 14[39m
[35m[HTTP][39m [90m[39m
[35m[HTTP][39m [37m-->[39m [37mPOST[39m [37m/wd/hub/session/7c3cc8a7-5ed5-4a21-8b14-0eca55d65247/touch/perform[39m
[35m[HTTP][39m [90m{"actions":[{"action":"tap","options":{"x":1,"y":1,"element":"9ff8f75d-e4f0-4e58-a77c-abb099e6a67c"}},{"action":"release","options":{}}]}[39m
[35m[UiAutomator2][39m calling get location: 9ff8f75d-e4f0-4e58-a77c-abb099e6a67c
[35m[HTTP][39m [37m<-- POST /wd/hub/session/7c3cc8a7-5ed5-4a21-8b14-0eca55d65247/touch/perform [39m[32m200[39m [90m3191 ms - 14[39m
[35m[HTTP][39m [90m[39m
[35m[HTTP][39m [37m-->[39m [37mPOST[39m [37m/wd/hub/session/7c3cc8a7-5ed5-4a21-8b14-0eca55d65247/timeouts[39m
[35m[HTTP][39m [90m{"implicit":50}[39m
[35m[HTTP][39m [37m<-- POST /wd/hub/session/7c3cc8a7-5ed5-4a21-8b14-0eca55d65247/timeouts [39m[32m200[39m [90m2 ms - 14[39m
[35m[HTTP][39m [90m[39m
[35m[HTTP][39m [37m-->[39m [37mGET[39m [37m/wd/hub/session/7c3cc8a7-5ed5-4a21-8b14-0eca55d65247/window/rect[39m
[35m[HTTP][39m [90m{}[39m
[35m[HTTP][39m [37m<-- GET /wd/hub/session/7c3cc8a7-5ed5-4a21-8b14-0eca55d65247/window/rect [39m[32m200[39m [90m22 ms - 50[39m
[35m[HTTP][39m [90m[39m
[35m[HTTP][39m [37m-->[39m [37mPOST[39m [37m/wd/hub/session/7c3cc8a7-5ed5-4a21-8b14-0eca55d65247/elements[39m
[35m[HTTP][39m [90m{"using":"-android uiautomator","value":"new UiSelector().className(\"android.widget.TextView\").text(\"Accept\")"}[39m
[35m[HTTP][39m [37m<-- POST /wd/hub/session/7c3cc8a7-5ed5-4a21-8b14-0eca55d65247/elements [39m[32m200[39m [90m648 ms - 12[39m
[35m[HTTP][39m [90m[39m
[35m[HTTP][39m [37m-->[39m [37mPOST[39m [37m/wd/hub/session/7c3cc8a7-5ed5-4a21-8b14-0eca55d65247/elements[39m
[35m[HTTP][39m [90m{"using":"-android uiautomator","value":"new UiSelector().className(\"android.widget.TextView\").text(\"Accept\")"}[39m
[35m[HTTP][39m [37m<-- POST /wd/hub/session/7c3cc8a7-5ed5-4a21-8b14-0eca55d65247/elements [39m[32m200[39m [90m306 ms - 12[39m
[35m[HTTP][39m [90m[39m
[35m[HTTP][39m [37m-->[39m [37mPOST[39m [37m/wd/hub/session/7c3cc8a7-5ed5-4a21-8b14-0eca55d65247/elements[39m
[35m[HTTP][39m [90m{"using":"-android uiautomator","value":"new UiSelector().className(\"android.widget.TextView\").text(\"Accept\")"}[39m
[35m[HTTP][39m [37m<-- POST /wd/hub/session/7c3cc8a7-5ed5-4a21-8b14-0eca55d65247/elements [39m[32m200[39m [90m145 ms - 12[39m
[35m[HTTP][39m [90m[39m
[35m[HTTP][39m [37m-->[39m [37mPOST[39m [37m/wd/hub/session/7c3cc8a7-5ed5-4a21-8b14-0eca55d65247/elements[39m
[35m[HTTP][39m [90m{"using":"-android uiautomator","value":"new UiSelector().className(\"android.widget.TextView\").text(\"Accept\")"}[39m
[35m[HTTP][39m [37m<-- POST /wd/hub/session/7c3cc8a7-5ed5-4a21-8b14-0eca55d65247/elements [39m[32m200[39m [90m125 ms - 12[39m
[35m[HTTP][39m [90m[39m
[35m[HTTP][39m [37m-->[39m [37mPOST[39m [37m/wd/hub/session/7c3cc8a7-5ed5-4a21-8b14-0eca55d65247/elements[39m
[35m[HTTP][39m [90m{"using":"-android uiautomator","value":"new UiSelector().className(\"android.widget.TextView\").text(\"Accept\")"}[39m
[35m[HTTP][39m [37m<-- POST /wd/hub/session/7c3cc8a7-5ed5-4a21-8b14-0eca55d65247/elements [39m[32m200[39m [90m82 ms - 12[39m
[35m[HTTP][39m [90m[39m
[35m[HTTP][39m [37m-->[39m [37mPOST[39m [37m/wd/hub/session/7c3cc8a7-5ed5-4a21-8b14-0eca55d65247/elements[39m
[35m[HTTP][39m [90m{"using":"-android uiautomator","value":"new UiSelector().className(\"android.widget.TextView\").text(\"Accept\")"}[39m
[35m[HTTP][39m [37m<-- POST /wd/hub/session/7c3cc8a7-5ed5-4a21-8b14-0eca55d65247/elements [39m[32m200[39m [90m89 ms - 12[39m
[35m[HTTP][39m [90m[39m
[35m[HTTP][39m [37m-->[39m [37mPOST[39m [37m/wd/hub/session/7c3cc8a7-5ed5-4a21-8b14-0eca55d65247/elements[39m
[35m[HTTP][39m [90m{"using":"-android uiautomator","value":"new UiSelector().className(\"android.widget.TextView\").text(\"Accept\")"}[39m
[35m[HTTP][39m [37m<-- POST /wd/hub/session/7c3cc8a7-5ed5-4a21-8b14-0eca55d65247/elements [39m[32m200[39m [90m122 ms - 12[39m
[35m[HTTP][39m [90m[39m
[35m[HTTP][39m [37m-->[39m [37mPOST[39m [37m/wd/hub/session/7c3cc8a7-5ed5-4a21-8b14-0eca55d65247/elements[39m
[35m[HTTP][39m [90m{"using":"-android uiautomator","value":"new UiSelector().className(\"android.widget.TextView\").text(\"Accept\")"}[39m
[35m[HTTP][39m [37m<-- POST /wd/hub/session/7c3cc8a7-5ed5-4a21-8b14-0eca55d65247/elements [39m[32m200[39m [90m99 ms - 12[39m
[35m[HTTP][39m [90m[39m
[35m[HTTP][39m [37m-->[39m [37mPOST[39m [37m/wd/hub/session/7c3cc8a7-5ed5-4a21-8b14-0eca55d65247/elements[39m
[35m[HTTP][39m [90m{"using":"-android uiautomator","value":"new UiSelector().className(\"android.widget.TextView\").text(\"Accept\")"}[39m
[35m[HTTP][39m [37m<-- POST /wd/hub/session/7c3cc8a7-5ed5-4a21-8b14-0eca55d65247/elements [39m[32m200[39m [90m118 ms - 12[39m
[35m[HTTP][39m [90m[39m
[35m[HTTP][39m [37m-->[39m [37mPOST[39m [37m/wd/hub/session/7c3cc8a7-5ed5-4a21-8b14-0eca55d65247/elements[39m
[35m[HTTP][39m [90m{"using":"-android uiautomator","value":"new UiSelector().className(\"android.widget.TextView\").text(\"Accept\")"}[39m
[35m[HTTP][39m [37m<-- POST /wd/hub/session/7c3cc8a7-5ed5-4a21-8b14-0eca55d65247/elements [39m[32m200[39m [90m76 ms - 12[39m
[35m[HTTP][39m [90m[39m
[35m[HTTP][39m [37m-->[39m [37mPOST[39m [37m/wd/hub/session/7c3cc8a7-5ed5-4a21-8b14-0eca55d65247/elements[39m
[35m[HTTP][39m [90m{"using":"-android uiautomator","value":"new UiSelector().className(\"android.widget.TextView\").text(\"Accept\")"}[39m
[35m[HTTP][39m [37m<-- POST /wd/hub/session/7c3cc8a7-5ed5-4a21-8b14-0eca55d65247/elements [39m[32m200[39m [90m79 ms - 12[39m
[35m[HTTP][39m [90m[39m
[35m[HTTP][39m [37m-->[39m [37mPOST[39m [37m/wd/hub/session/7c3cc8a7-5ed5-4a21-8b14-0eca55d65247/elements[39m
[35m[HTTP][39m [90m{"using":"-android uiautomator","value":"new UiSelector().className(\"android.widget.TextView\").text(\"Accept\")"}[39m
[35m[HTTP][39m [37m<-- POST /wd/hub/session/7c3cc8a7-5ed5-4a21-8b14-0eca55d65247/elements [39m[32m200[39m [90m66 ms - 12[39m
[35m[HTTP][39m [90m[39m
[35m[HTTP][39m [37m-->[39m [37mPOST[39m [37m/wd/hub/session/7c3cc8a7-5ed5-4a21-8b14-0eca55d65247/elements[39m
[35m[HTTP][39m [90m{"using":"-android uiautomator","value":"new UiSelector().className(\"android.widget.TextView\").text(\"Accept\")"}[39m
[35m[HTTP][39m [37m<-- POST /wd/hub/session/7c3cc8a7-5ed5-4a21-8b14-0eca55d65247/elements [39m[32m200[39m [90m77 ms - 12[39m
[35m[HTTP][39m [90m[39m
[35m[HTTP][39m [37m-->[39m [37mPOST[39m [37m/wd/hub/session/7c3cc8a7-5ed5-4a21-8b14-0eca55d65247/elements[39m
[35m[HTTP][39m [90m{"using":"-android uiautomator","value":"new UiSelector().className(\"android.widget.TextView\").text(\"Accept\")"}[39m
[35m[HTTP][39m [37m<-- POST /wd/hub/session/7c3cc8a7-5ed5-4a21-8b14-0eca55d65247/elements [39m[32m200[39m [90m447 ms - 12[39m
[35m[HTTP][39m [90m[39m
[35m[HTTP][39m [37m-->[39m [37mPOST[39m [37m/wd/hub/session/7c3cc8a7-5ed5-4a21-8b14-0eca55d65247/elements[39m
[35m[HTTP][39m [90m{"using":"-android uiautomator","value":"new UiSelector().className(\"android.widget.TextView\").text(\"Accept\")"}[39m
[35m[HTTP][39m [37m<-- POST /wd/hub/session/7c3cc8a7-5ed5-4a21-8b14-0eca55d65247/elements [39m[32m200[39m [90m67 ms - 12[39m
[35m[HTTP][39m [90m[39m
[35m[HTTP][39m [37m-->[39m [37mPOST[39m [37m/wd/hub/session/7c3cc8a7-5ed5-4a21-8b14-0eca55d65247/elements[39m
[35m[HTTP][39m [90m{"using":"-android uiautomator","value":"new UiSelector().className(\"android.widget.TextView\").text(\"Accept\")"}[39m
[35m[HTTP][39m [37m<-- POST /wd/hub/session/7c3cc8a7-5ed5-4a21-8b14-0eca55d65247/elements [39m[32m200[39m [90m65 ms - 12[39m
[35m[HTTP][39m [90m[39m
[35m[HTTP][39m [37m-->[39m [37mPOST[39m [37m/wd/hub/session/7c3cc8a7-5ed5-4a21-8b14-0eca55d65247/elements[39m
[35m[HTTP][39m [90m{"using":"-android uiautomator","value":"new UiSelector().className(\"android.widget.TextView\").text(\"Accept\")"}[39m
[35m[HTTP][39m [37m<-- POST /wd/hub/session/7c3cc8a7-5ed5-4a21-8b14-0eca55d65247/elements [39m[32m200[39m [90m54 ms - 12[39m
[35m[HTTP][39m [90m[39m
[35m[HTTP][39m [37m-->[39m [37mPOST[39m [37m/wd/hub/session/7c3cc8a7-5ed5-4a21-8b14-0eca55d65247/elements[39m
[35m[HTTP][39m [90m{"using":"-android uiautomator","value":"new UiSelector().className(\"android.widget.TextView\").text(\"Accept\")"}[39m
[35m[HTTP][39m [37m<-- POST /wd/hub/session/7c3cc8a7-5ed5-4a21-8b14-0eca55d65247/elements [39m[32m200[39m [90m101 ms - 12[39m
[35m[HTTP][39m [90m[39m
[35m[HTTP][39m [37m-->[39m [37mPOST[39m [37m/wd/hub/session/7c3cc8a7-5ed5-4a21-8b14-0eca55d65247/elements[39m
[35m[HTTP][39m [90m{"using":"-android uiautomator","value":"new UiSelector().className(\"android.widget.TextView\").text(\"Accept\")"}[39m
[35m[HTTP][39m [37m<-- POST /wd/hub/session/7c3cc8a7-5ed5-4a21-8b14-0eca55d65247/elements [39m[32m200[39m [90m587 ms - 12[39m
[35m[HTTP][39m [90m[39m
[35m[HTTP][39m [37m-->[39m [37mPOST[39m [37m/wd/hub/session/7c3cc8a7-5ed5-4a21-8b14-0eca55d65247/elements[39m
[35m[HTTP][39m [90m{"using":"-android uiautomator","value":"new UiSelector().className(\"android.widget.TextView\").text(\"Accept\")"}[39m
[35m[HTTP][39m [37m<-- POST /wd/hub/session/7c3cc8a7-5ed5-4a21-8b14-0eca55d65247/elements [39m[32m200[39m [90m564 ms - 12[39m
[35m[HTTP][39m [90m[39m
[35m[HTTP][39m [37m-->[39m [37mPOST[39m [37m/wd/hub/session/7c3cc8a7-5ed5-4a21-8b14-0eca55d65247/elements[39m
[35m[HTTP][39m [90m{"using":"-android uiautomator","value":"new UiSelector().className(\"android.widget.TextView\").text(\"Accept\")"}[39m
[35m[HTTP][39m [37m<-- POST /wd/hub/session/7c3cc8a7-5ed5-4a21-8b14-0eca55d65247/elements [39m[32m200[39m [90m581 ms - 12[39m
[35m[HTTP][39m [90m[39m
[35m[HTTP][39m [37m-->[39m [37mPOST[39m [37m/wd/hub/session/7c3cc8a7-5ed5-4a21-8b14-0eca55d65247/elements[39m
[35m[HTTP][39m [90m{"using":"-android uiautomator","value":"new UiSelector().className(\"android.widget.TextView\").text(\"Accept\")"}[39m
[35m[HTTP][39m [37m<-- POST /wd/hub/session/7c3cc8a7-5ed5-4a21-8b14-0eca55d65247/elements [39m[32m200[39m [90m554 ms - 12[39m
[35m[HTTP][39m [90m[39m
[35m[HTTP][39m [37m-->[39m [37mPOST[39m [37m/wd/hub/session/7c3cc8a7-5ed5-4a21-8b14-0eca55d65247/elements[39m
[35m[HTTP][39m [90m{"using":"-android uiautomator","value":"new UiSelector().className(\"android.widget.TextView\").text(\"Accept\")"}[39m
[35m[HTTP][39m [37m<-- POST /wd/hub/session/7c3cc8a7-5ed5-4a21-8b14-0eca55d65247/elements [39m[32m200[39m [90m556 ms - 12[39m
[35m[HTTP][39m [90m[39m
[35m[HTTP][39m [37m-->[39m [37mPOST[39m [37m/wd/hub/session/7c3cc8a7-5ed5-4a21-8b14-0eca55d65247/elements[39m
[35m[HTTP][39m [90m{"using":"-android uiautomator","value":"new UiSelector().className(\"android.widget.TextView\").text(\"Accept\")"}[39m
[35m[HTTP][39m [37m<-- POST /wd/hub/session/7c3cc8a7-5ed5-4a21-8b14-0eca55d65247/elements [39m[32m200[39m [90m567 ms - 12[39m
[35m[HTTP][39m [90m[39m
[35m[HTTP][39m [37m-->[39m [37mPOST[39m [37m/wd/hub/session/7c3cc8a7-5ed5-4a21-8b14-0eca55d65247/elements[39m
[35m[HTTP][39m [90m{"using":"-android uiautomator","value":"new UiSelector().className(\"android.widget.TextView\").text(\"Accept\")"}[39m
[35m[HTTP][39m [37m<-- POST /wd/hub/session/7c3cc8a7-5ed5-4a21-8b14-0eca55d65247/elements [39m[32m200[39m [90m1097 ms - 139[39m
[35m[HTTP][39m [90m[39m
[35m[HTTP][39m [37m-->[39m [37mGET[39m [37m/wd/hub/session/7c3cc8a7-5ed5-4a21-8b14-0eca55d65247/element/6297b306-01c8-4474-9b97-aa69e5f4a9d5/location[39m
[35m[HTTP][39m [90m{}[39m
[35m[W3C (7c3cc8a7)][39m Driver proxy active, passing request on via HTTP proxy
[35m[WD Proxy][39m Replacing sessionId 49d8a1f5-5cc5-46dc-8974-6a3dc26c89a7 with 7c3cc8a7-5ed5-4a21-8b14-0eca55d65247
[35m[HTTP][39m [37m<-- GET /wd/hub/session/7c3cc8a7-5ed5-4a21-8b14-0eca55d65247/element/6297b306-01c8-4474-9b97-aa69e5f4a9d5/location [39m[32m200[39m [90m50 ms - 90[39m
[35m[HTTP][39m [90m[39m
[35m[HTTP][39m [37m-->[39m [37mPOST[39m [37m/wd/hub/session/7c3cc8a7-5ed5-4a21-8b14-0eca55d65247/timeouts[39m
[35m[HTTP][39m [90m{"implicit":30000}[39m
[35m[HTTP][39m [37m<-- POST /wd/hub/session/7c3cc8a7-5ed5-4a21-8b14-0eca55d65247/timeouts [39m[32m200[39m [90m3 ms - 14[39m
[35m[HTTP][39m [90m[39m
[35m[HTTP][39m [37m-->[39m [37mPOST[39m [37m/wd/hub/session/7c3cc8a7-5ed5-4a21-8b14-0eca55d65247/touch/perform[39m
[35m[HTTP][39m [90m{"actions":[{"action":"tap","options":{"x":1,"y":1,"element":"6297b306-01c8-4474-9b97-aa69e5f4a9d5"}},{"action":"release","options":{}}]}[39m
[35m[UiAutomator2][39m calling get location: 6297b306-01c8-4474-9b97-aa69e5f4a9d5
[35m[HTTP][39m [37m<-- POST /wd/hub/session/7c3cc8a7-5ed5-4a21-8b14-0eca55d65247/touch/perform [39m[32m200[39m [90m974 ms - 14[39m
[35m[HTTP][39m [90m[39m
[35m[HTTP][39m [37m-->[39m [37mDELETE[39m [37m/wd/hub/session/7c3cc8a7-5ed5-4a21-8b14-0eca55d65247[39m
[35m[HTTP][39m [90m{}[39m
[35m[Appium][39m Removing session 7c3cc8a7-5ed5-4a21-8b14-0eca55d65247 from our master session list
[35m[ADB][39m io.nativebase.market.geekyants.taxiappdriver was successfully uninstalled
[35m[UiAutomator2][39m Restoring hidden api policy to the device default configuration
[35m[HTTP][39m [37m<-- DELETE /wd/hub/session/7c3cc8a7-5ed5-4a21-8b14-0eca55d65247 [39m[32m200[39m [90m1827 ms - 14[39m
[35m[HTTP][39m [90m[39m
