[35m[Appium][39m Welcome to Appium v1.14.0
[35m[Appium][39m Non-default server args:
[35m[Appium][39m   port: 62147
[35m[Appium][39m   loglevel: info
[35m[Appium][39m   chromeDriverPort: 62151
[35m[Appium][39m   tmpDir: /var/folders/38/x4crs4qx0hn0r3_szny2t9sw0000gn/T//Katalon/Appium/Temp1565719316976
[35m[Appium][39m Appium REST http interface listener started on 0.0.0.0:62147
[35m[HTTP][39m [37m-->[39m [37mGET[39m [37m/wd/hub/status[39m
[35m[HTTP][39m [90m{}[39m
[35m[HTTP][39m [37m<-- GET /wd/hub/status [39m[32m200[39m [90m9 ms - 68[39m
[35m[HTTP][39m [90m[39m
[35m[HTTP][39m [37m-->[39m [37mPOST[39m [37m/wd/hub/session[39m
[35m[HTTP][39m [90m{"desiredCapabilities":{"app":"/Users/sumittulsyan/Downloads/app-release.apk","noReset":false,"deviceName":"emulator-5554 (Android SDK built for x86 - Android 7.0)","fullReset":true,"platform":"ANDROID","newCommandTimeout":1800,"platformVersion":"7.0","automationName":"uiautomator2","autoGrantPermissions":true,"platformName":"Android","udid":"emulator-5554","systemPort":62146},"capabilities":{"firstMatch":[{"appium:app":"/Users/sumittulsyan/Downloads/app-release.apk","appium:autoGrantPermissions":true,"appium:automationName":"uiautomator2","appium:deviceName":"emulator-5554 (Android SDK built for x86 - Android 7.0)","appium:fullReset":true,"appium:newCommandTimeout":1800,"appium:noReset":false,"platform":"ANDROID","platformName":"android","appium:platformVersion":"7.0","appium:systemPort":62146,"appium:udid":"emulator-5554"}]}}[39m
[35m[BaseDriver][39m The capabilities ["platform"] are not standard capabilities and should have an extension prefix
[35m[Appium][39m Appium v1.14.0 creating new AndroidUiautomator2Driver (v1.33.1) session
[35m[Appium][39m Capabilities:
[35m[Appium][39m   platform: ANDROID
[35m[Appium][39m   platformName: android
[35m[Appium][39m   app: /Users/sumittulsyan/Downloads/app-release.apk
[35m[Appium][39m   autoGrantPermissions: true
[35m[Appium][39m   automationName: uiautomator2
[35m[Appium][39m   deviceName: emulator-5554 (Android SDK built for x86 - Android 7.0)
[35m[Appium][39m   fullReset: true
[35m[Appium][39m   newCommandTimeout: 1800
[35m[Appium][39m   noReset: false
[35m[Appium][39m   platformVersion: 7.0
[35m[Appium][39m   systemPort: 62146
[35m[Appium][39m   udid: emulator-5554
[35m[BaseDriver][39m The following capabilities were provided, but are not recognized by Appium:
[35m[BaseDriver][39m   platform
[35m[BaseDriver][39m Session created with session id: 6e07e5cf-1279-4df5-beaa-0b00934253b9
[35m[BaseDriver][39m Using local app '/Users/sumittulsyan/Downloads/app-release.apk'
[35m[ADB][39m Found 1 'build-tools' folders under '/Users/sumittulsyan/.katalon/tools/android_sdk' (newest first):
[35m[ADB][39m     /Users/sumittulsyan/.katalon/tools/android_sdk/build-tools/29.0.1
[35m[ADB][39m Using 'adb' from '/Users/sumittulsyan/.katalon/tools/android_sdk/platform-tools/adb'
[35m[AndroidDriver][39m Retrieving device list
[35m[AndroidDriver][39m Using device: emulator-5554
[35m[ADB][39m Using 'adb' from '/Users/sumittulsyan/.katalon/tools/android_sdk/platform-tools/adb'
[35m[ADB][39m Using 'apkanalyzer' from '/Users/sumittulsyan/.katalon/tools/android_sdk/tools/bin/apkanalyzer'
[35m[ADB][39m Package name: 'io.nativebase.market.geekyants.taxiappdriver'
[35m[ADB][39m Main activity name: 'io.nativebase.market.geekyants.taxiappdriver.MainActivity'
[35m[ADB][39m Using 'aapt' from '/Users/sumittulsyan/.katalon/tools/android_sdk/build-tools/29.0.1/aapt'
[35m[ADB][39m Using 'apksigner' from '/Users/sumittulsyan/.katalon/tools/android_sdk/build-tools/29.0.1/apksigner'
[35m[UiAutomator2][39m Server packages are not going to be (re)installed
[35m[ADB][39m io.nativebase.market.geekyants.taxiappdriver was not uninstalled, because it was not present on the device
[35m[ADB][39m The application at '/Users/sumittulsyan/Downloads/app-release.apk' is already cached to '/data/local/tmp/appium_cache/0a4c298d81fa9fed8129162356ad8641ab361e22.apk'
[35m[ADB][39m The installation of 'app-release.apk' took 7.326s
[35m[UiAutomator2][39m Starting UIAutomator2 server 3.7.0
[35m[UiAutomator2][39m Using UIAutomator2 server from '/Users/sumittulsyan/Downloads/appium-mobile-test/node_modules/appium-uiautomator2-server/apks/appium-uiautomator2-server-v3.7.0.apk' and test from '/Users/sumittulsyan/Downloads/appium-mobile-test/node_modules/appium-uiautomator2-server/apks/appium-uiautomator2-server-debug-androidTest.apk'
[35m[UiAutomator2][39m Waiting up to 30000ms for UiAutomator2 to be online...
[35m[WD Proxy][39m Got an unexpected response: {"code":"ECONNRESET"}
[35m[AndroidDriver][39m Screen already unlocked, doing nothing
[35m[UiAutomator2][39m UiAutomator2 did not start the activity we were waiting for, 'io.nativebase.market.geekyants.taxiappdriver/io.nativebase.market.geekyants.taxiappdriver.MainActivity'. Starting it ourselves
[35m[Appium][39m New AndroidUiautomator2Driver session created successfully, session 6e07e5cf-1279-4df5-beaa-0b00934253b9 added to master session list
[35m[HTTP][39m [37m<-- POST /wd/hub/session [39m[32m200[39m [90m18454 ms - 1272[39m
[35m[HTTP][39m [90m[39m
[35m[HTTP][39m [37m-->[39m [37mGET[39m [37m/wd/hub/session/6e07e5cf-1279-4df5-beaa-0b00934253b9[39m
[35m[HTTP][39m [90m{}[39m
[35m[HTTP][39m [37m<-- GET /wd/hub/session/6e07e5cf-1279-4df5-beaa-0b00934253b9 [39m[32m200[39m [90m54 ms - 1204[39m
[35m[HTTP][39m [90m[39m
[35m[HTTP][39m [37m-->[39m [37mGET[39m [37m/wd/hub/session/6e07e5cf-1279-4df5-beaa-0b00934253b9[39m
[35m[HTTP][39m [90m{}[39m
[35m[HTTP][39m [37m<-- GET /wd/hub/session/6e07e5cf-1279-4df5-beaa-0b00934253b9 [39m[32m200[39m [90m17 ms - 1204[39m
[35m[HTTP][39m [90m[39m
[35m[HTTP][39m [37m-->[39m [37mGET[39m [37m/wd/hub/status[39m
[35m[HTTP][39m [90m{}[39m
[35m[HTTP][39m [37m<-- GET /wd/hub/status [39m[32m200[39m [90m1 ms - 68[39m
[35m[HTTP][39m [90m[39m
[35m[HTTP][39m [37m-->[39m [37mPOST[39m [37m/wd/hub/session/6e07e5cf-1279-4df5-beaa-0b00934253b9/timeouts[39m
[35m[HTTP][39m [90m{"implicit":30000}[39m
[35m[HTTP][39m [37m<-- POST /wd/hub/session/6e07e5cf-1279-4df5-beaa-0b00934253b9/timeouts [39m[32m200[39m [90m4 ms - 14[39m
[35m[HTTP][39m [90m[39m
[35m[HTTP][39m [37m-->[39m [37mPOST[39m [37m/wd/hub/session/6e07e5cf-1279-4df5-beaa-0b00934253b9/timeouts[39m
[35m[HTTP][39m [90m{"implicit":50}[39m
[35m[HTTP][39m [37m<-- POST /wd/hub/session/6e07e5cf-1279-4df5-beaa-0b00934253b9/timeouts [39m[32m200[39m [90m4 ms - 14[39m
[35m[HTTP][39m [90m[39m
[35m[HTTP][39m [37m-->[39m [37mGET[39m [37m/wd/hub/session/6e07e5cf-1279-4df5-beaa-0b00934253b9/window/rect[39m
[35m[HTTP][39m [90m{}[39m
[35m[HTTP][39m [37m<-- GET /wd/hub/session/6e07e5cf-1279-4df5-beaa-0b00934253b9/window/rect [39m[32m200[39m [90m64 ms - 50[39m
[35m[HTTP][39m [90m[39m
[35m[HTTP][39m [37m-->[39m [37mPOST[39m [37m/wd/hub/session/6e07e5cf-1279-4df5-beaa-0b00934253b9/elements[39m
[35m[HTTP][39m [90m{"using":"-android uiautomator","value":"new UiSelector().className(\"android.widget.TextView\").text(\"Register\")"}[39m
[35m[HTTP][39m [37m<-- POST /wd/hub/session/6e07e5cf-1279-4df5-beaa-0b00934253b9/elements [39m[32m200[39m [90m677 ms - 12[39m
[35m[HTTP][39m [90m[39m
[35m[HTTP][39m [37m-->[39m [37mPOST[39m [37m/wd/hub/session/6e07e5cf-1279-4df5-beaa-0b00934253b9/elements[39m
[35m[HTTP][39m [90m{"using":"-android uiautomator","value":"new UiSelector().className(\"android.widget.TextView\").text(\"Register\")"}[39m
[35m[HTTP][39m [37m<-- POST /wd/hub/session/6e07e5cf-1279-4df5-beaa-0b00934253b9/elements [39m[32m200[39m [90m74 ms - 12[39m
[35m[HTTP][39m [90m[39m
[35m[HTTP][39m [37m-->[39m [37mPOST[39m [37m/wd/hub/session/6e07e5cf-1279-4df5-beaa-0b00934253b9/elements[39m
[35m[HTTP][39m [90m{"using":"-android uiautomator","value":"new UiSelector().className(\"android.widget.TextView\").text(\"Register\")"}[39m
[35m[HTTP][39m [37m<-- POST /wd/hub/session/6e07e5cf-1279-4df5-beaa-0b00934253b9/elements [39m[32m200[39m [90m230 ms - 12[39m
[35m[HTTP][39m [90m[39m
[35m[HTTP][39m [37m-->[39m [37mPOST[39m [37m/wd/hub/session/6e07e5cf-1279-4df5-beaa-0b00934253b9/elements[39m
[35m[HTTP][39m [90m{"using":"-android uiautomator","value":"new UiSelector().className(\"android.widget.TextView\").text(\"Register\")"}[39m
[35m[HTTP][39m [37m<-- POST /wd/hub/session/6e07e5cf-1279-4df5-beaa-0b00934253b9/elements [39m[32m200[39m [90m58 ms - 12[39m
[35m[HTTP][39m [90m[39m
[35m[HTTP][39m [37m-->[39m [37mPOST[39m [37m/wd/hub/session/6e07e5cf-1279-4df5-beaa-0b00934253b9/elements[39m
[35m[HTTP][39m [90m{"using":"-android uiautomator","value":"new UiSelector().className(\"android.widget.TextView\").text(\"Register\")"}[39m
[35m[HTTP][39m [37m<-- POST /wd/hub/session/6e07e5cf-1279-4df5-beaa-0b00934253b9/elements [39m[32m200[39m [90m92 ms - 12[39m
[35m[HTTP][39m [90m[39m
[35m[HTTP][39m [37m-->[39m [37mPOST[39m [37m/wd/hub/session/6e07e5cf-1279-4df5-beaa-0b00934253b9/elements[39m
[35m[HTTP][39m [90m{"using":"-android uiautomator","value":"new UiSelector().className(\"android.widget.TextView\").text(\"Register\")"}[39m
[35m[HTTP][39m [37m<-- POST /wd/hub/session/6e07e5cf-1279-4df5-beaa-0b00934253b9/elements [39m[32m200[39m [90m119 ms - 12[39m
[35m[HTTP][39m [90m[39m
[35m[HTTP][39m [37m-->[39m [37mPOST[39m [37m/wd/hub/session/6e07e5cf-1279-4df5-beaa-0b00934253b9/elements[39m
[35m[HTTP][39m [90m{"using":"-android uiautomator","value":"new UiSelector().className(\"android.widget.TextView\").text(\"Register\")"}[39m
[35m[HTTP][39m [37m<-- POST /wd/hub/session/6e07e5cf-1279-4df5-beaa-0b00934253b9/elements [39m[32m200[39m [90m575 ms - 12[39m
[35m[HTTP][39m [90m[39m
[35m[HTTP][39m [37m-->[39m [37mPOST[39m [37m/wd/hub/session/6e07e5cf-1279-4df5-beaa-0b00934253b9/elements[39m
[35m[HTTP][39m [90m{"using":"-android uiautomator","value":"new UiSelector().className(\"android.widget.TextView\").text(\"Register\")"}[39m
[35m[HTTP][39m [37m<-- POST /wd/hub/session/6e07e5cf-1279-4df5-beaa-0b00934253b9/elements [39m[32m200[39m [90m104 ms - 12[39m
[35m[HTTP][39m [90m[39m
[35m[HTTP][39m [37m-->[39m [37mPOST[39m [37m/wd/hub/session/6e07e5cf-1279-4df5-beaa-0b00934253b9/elements[39m
[35m[HTTP][39m [90m{"using":"-android uiautomator","value":"new UiSelector().className(\"android.widget.TextView\").text(\"Register\")"}[39m
[35m[HTTP][39m [37m<-- POST /wd/hub/session/6e07e5cf-1279-4df5-beaa-0b00934253b9/elements [39m[32m200[39m [90m105 ms - 12[39m
[35m[HTTP][39m [90m[39m
[35m[HTTP][39m [37m-->[39m [37mPOST[39m [37m/wd/hub/session/6e07e5cf-1279-4df5-beaa-0b00934253b9/elements[39m
[35m[HTTP][39m [90m{"using":"-android uiautomator","value":"new UiSelector().className(\"android.widget.TextView\").text(\"Register\")"}[39m
[35m[HTTP][39m [37m<-- POST /wd/hub/session/6e07e5cf-1279-4df5-beaa-0b00934253b9/elements [39m[32m200[39m [90m1301 ms - 12[39m
[35m[HTTP][39m [90m[39m
[35m[HTTP][39m [37m-->[39m [37mPOST[39m [37m/wd/hub/session/6e07e5cf-1279-4df5-beaa-0b00934253b9/elements[39m
[35m[HTTP][39m [90m{"using":"-android uiautomator","value":"new UiSelector().className(\"android.widget.TextView\").text(\"Register\")"}[39m
[35m[HTTP][39m [37m<-- POST /wd/hub/session/6e07e5cf-1279-4df5-beaa-0b00934253b9/elements [39m[32m200[39m [90m1252 ms - 139[39m
[35m[HTTP][39m [90m[39m
[35m[HTTP][39m [37m-->[39m [37mGET[39m [37m/wd/hub/session/6e07e5cf-1279-4df5-beaa-0b00934253b9/element/557a6240-d80c-4887-85b4-8bc38d3e2be4/location[39m
[35m[HTTP][39m [90m{}[39m
[35m[W3C (6e07e5cf)][39m Driver proxy active, passing request on via HTTP proxy
[35m[WD Proxy][39m Replacing sessionId 002729ba-d97c-47ac-adb5-66b71b57bea9 with 6e07e5cf-1279-4df5-beaa-0b00934253b9
[35m[HTTP][39m [37m<-- GET /wd/hub/session/6e07e5cf-1279-4df5-beaa-0b00934253b9/element/557a6240-d80c-4887-85b4-8bc38d3e2be4/location [39m[32m200[39m [90m27 ms - 90[39m
[35m[HTTP][39m [90m[39m
[35m[HTTP][39m [37m-->[39m [37mPOST[39m [37m/wd/hub/session/6e07e5cf-1279-4df5-beaa-0b00934253b9/timeouts[39m
[35m[HTTP][39m [90m{"implicit":30000}[39m
[35m[HTTP][39m [37m<-- POST /wd/hub/session/6e07e5cf-1279-4df5-beaa-0b00934253b9/timeouts [39m[32m200[39m [90m3 ms - 14[39m
[35m[HTTP][39m [90m[39m
[35m[HTTP][39m [37m-->[39m [37mPOST[39m [37m/wd/hub/session/6e07e5cf-1279-4df5-beaa-0b00934253b9/touch/perform[39m
[35m[HTTP][39m [90m{"actions":[{"action":"tap","options":{"x":1,"y":1,"element":"557a6240-d80c-4887-85b4-8bc38d3e2be4"}},{"action":"release","options":{}}]}[39m
[35m[UiAutomator2][39m calling get location: 557a6240-d80c-4887-85b4-8bc38d3e2be4
[35m[HTTP][39m [37m<-- POST /wd/hub/session/6e07e5cf-1279-4df5-beaa-0b00934253b9/touch/perform [39m[32m200[39m [90m1254 ms - 14[39m
[35m[HTTP][39m [90m[39m
[35m[HTTP][39m [37m-->[39m [37mPOST[39m [37m/wd/hub/session/6e07e5cf-1279-4df5-beaa-0b00934253b9/timeouts[39m
[35m[HTTP][39m [90m{"implicit":50}[39m
[35m[HTTP][39m [37m<-- POST /wd/hub/session/6e07e5cf-1279-4df5-beaa-0b00934253b9/timeouts [39m[32m200[39m [90m2 ms - 14[39m
[35m[HTTP][39m [90m[39m
[35m[HTTP][39m [37m-->[39m [37mGET[39m [37m/wd/hub/session/6e07e5cf-1279-4df5-beaa-0b00934253b9/window/rect[39m
[35m[HTTP][39m [90m{}[39m
[35m[HTTP][39m [37m<-- GET /wd/hub/session/6e07e5cf-1279-4df5-beaa-0b00934253b9/window/rect [39m[32m200[39m [90m12 ms - 50[39m
[35m[HTTP][39m [90m[39m
[35m[HTTP][39m [37m-->[39m [37mPOST[39m [37m/wd/hub/session/6e07e5cf-1279-4df5-beaa-0b00934253b9/elements[39m
[35m[HTTP][39m [90m{"using":"-android uiautomator","value":"new UiSelector().className(\"android.widget.EditText\").text(\"First Name\")"}[39m
[35m[HTTP][39m [37m<-- POST /wd/hub/session/6e07e5cf-1279-4df5-beaa-0b00934253b9/elements [39m[32m200[39m [90m60 ms - 139[39m
[35m[HTTP][39m [90m[39m
[35m[HTTP][39m [37m-->[39m [37mGET[39m [37m/wd/hub/session/6e07e5cf-1279-4df5-beaa-0b00934253b9/element/df050e0b-4e06-4388-9eae-6be2fd540676/location[39m
[35m[HTTP][39m [90m{}[39m
[35m[W3C (6e07e5cf)][39m Driver proxy active, passing request on via HTTP proxy
[35m[WD Proxy][39m Replacing sessionId 002729ba-d97c-47ac-adb5-66b71b57bea9 with 6e07e5cf-1279-4df5-beaa-0b00934253b9
[35m[HTTP][39m [37m<-- GET /wd/hub/session/6e07e5cf-1279-4df5-beaa-0b00934253b9/element/df050e0b-4e06-4388-9eae-6be2fd540676/location [39m[32m200[39m [90m48 ms - 88[39m
[35m[HTTP][39m [90m[39m
[35m[HTTP][39m [37m-->[39m [37mPOST[39m [37m/wd/hub/session/6e07e5cf-1279-4df5-beaa-0b00934253b9/timeouts[39m
[35m[HTTP][39m [90m{"implicit":30000}[39m
[35m[HTTP][39m [37m<-- POST /wd/hub/session/6e07e5cf-1279-4df5-beaa-0b00934253b9/timeouts [39m[32m200[39m [90m2 ms - 14[39m
[35m[HTTP][39m [90m[39m
[35m[HTTP][39m [37m-->[39m [37mPOST[39m [37m/wd/hub/session/6e07e5cf-1279-4df5-beaa-0b00934253b9/element/df050e0b-4e06-4388-9eae-6be2fd540676/clear[39m
[35m[HTTP][39m [90m{"id":"df050e0b-4e06-4388-9eae-6be2fd540676"}[39m
[35m[HTTP][39m [37m<-- POST /wd/hub/session/6e07e5cf-1279-4df5-beaa-0b00934253b9/element/df050e0b-4e06-4388-9eae-6be2fd540676/clear [39m[32m200[39m [90m36 ms - 27[39m
[35m[HTTP][39m [90m[39m
[35m[HTTP][39m [37m-->[39m [37mPOST[39m [37m/wd/hub/session/6e07e5cf-1279-4df5-beaa-0b00934253b9/element/df050e0b-4e06-4388-9eae-6be2fd540676/value[39m
[35m[HTTP][39m [90m{"id":"df050e0b-4e06-4388-9eae-6be2fd540676","text":"fdgs","value":["f","d","g","s"]}[39m
[35m[HTTP][39m [37m<-- POST /wd/hub/session/6e07e5cf-1279-4df5-beaa-0b00934253b9/element/df050e0b-4e06-4388-9eae-6be2fd540676/value [39m[32m200[39m [90m1042 ms - 12[39m
[35m[HTTP][39m [90m[39m
[35m[HTTP][39m [37m-->[39m [37mPOST[39m [37m/wd/hub/session/6e07e5cf-1279-4df5-beaa-0b00934253b9/timeouts[39m
[35m[HTTP][39m [90m{"implicit":50}[39m
[35m[HTTP][39m [37m<-- POST /wd/hub/session/6e07e5cf-1279-4df5-beaa-0b00934253b9/timeouts [39m[32m200[39m [90m2 ms - 14[39m
[35m[HTTP][39m [90m[39m
[35m[HTTP][39m [37m-->[39m [37mGET[39m [37m/wd/hub/session/6e07e5cf-1279-4df5-beaa-0b00934253b9/window/rect[39m
[35m[HTTP][39m [90m{}[39m
[35m[HTTP][39m [37m<-- GET /wd/hub/session/6e07e5cf-1279-4df5-beaa-0b00934253b9/window/rect [39m[32m200[39m [90m50 ms - 50[39m
[35m[HTTP][39m [90m[39m
[35m[HTTP][39m [37m-->[39m [37mPOST[39m [37m/wd/hub/session/6e07e5cf-1279-4df5-beaa-0b00934253b9/elements[39m
[35m[HTTP][39m [90m{"using":"-android uiautomator","value":"new UiSelector().className(\"android.widget.EditText\").text(\"Last Name\")"}[39m
[35m[HTTP][39m [37m<-- POST /wd/hub/session/6e07e5cf-1279-4df5-beaa-0b00934253b9/elements [39m[32m200[39m [90m363 ms - 139[39m
[35m[HTTP][39m [90m[39m
[35m[HTTP][39m [37m-->[39m [37mGET[39m [37m/wd/hub/session/6e07e5cf-1279-4df5-beaa-0b00934253b9/element/b4aef492-b886-4ffd-95ae-5e5612e51c7e/location[39m
[35m[HTTP][39m [90m{}[39m
[35m[W3C (6e07e5cf)][39m Driver proxy active, passing request on via HTTP proxy
[35m[WD Proxy][39m Replacing sessionId 002729ba-d97c-47ac-adb5-66b71b57bea9 with 6e07e5cf-1279-4df5-beaa-0b00934253b9
[35m[HTTP][39m [37m<-- GET /wd/hub/session/6e07e5cf-1279-4df5-beaa-0b00934253b9/element/b4aef492-b886-4ffd-95ae-5e5612e51c7e/location [39m[32m200[39m [90m21 ms - 89[39m
[35m[HTTP][39m [90m[39m
[35m[HTTP][39m [37m-->[39m [37mPOST[39m [37m/wd/hub/session/6e07e5cf-1279-4df5-beaa-0b00934253b9/timeouts[39m
[35m[HTTP][39m [90m{"implicit":30000}[39m
[35m[HTTP][39m [37m<-- POST /wd/hub/session/6e07e5cf-1279-4df5-beaa-0b00934253b9/timeouts [39m[32m200[39m [90m2 ms - 14[39m
[35m[HTTP][39m [90m[39m
[35m[HTTP][39m [37m-->[39m [37mPOST[39m [37m/wd/hub/session/6e07e5cf-1279-4df5-beaa-0b00934253b9/element/b4aef492-b886-4ffd-95ae-5e5612e51c7e/clear[39m
[35m[HTTP][39m [90m{"id":"b4aef492-b886-4ffd-95ae-5e5612e51c7e"}[39m
[35m[HTTP][39m [37m<-- POST /wd/hub/session/6e07e5cf-1279-4df5-beaa-0b00934253b9/element/b4aef492-b886-4ffd-95ae-5e5612e51c7e/clear [39m[32m200[39m [90m23 ms - 27[39m
[35m[HTTP][39m [90m[39m
[35m[HTTP][39m [37m-->[39m [37mPOST[39m [37m/wd/hub/session/6e07e5cf-1279-4df5-beaa-0b00934253b9/element/b4aef492-b886-4ffd-95ae-5e5612e51c7e/value[39m
[35m[HTTP][39m [90m{"id":"b4aef492-b886-4ffd-95ae-5e5612e51c7e","text":"setdrfgjhk","value":["s","e","t","d","r","f","g","j","h","k"]}[39m
[35m[HTTP][39m [37m<-- POST /wd/hub/session/6e07e5cf-1279-4df5-beaa-0b00934253b9/element/b4aef492-b886-4ffd-95ae-5e5612e51c7e/value [39m[32m200[39m [90m1045 ms - 12[39m
[35m[HTTP][39m [90m[39m
[35m[HTTP][39m [37m-->[39m [37mPOST[39m [37m/wd/hub/session/6e07e5cf-1279-4df5-beaa-0b00934253b9/timeouts[39m
[35m[HTTP][39m [90m{"implicit":50}[39m
[35m[HTTP][39m [37m<-- POST /wd/hub/session/6e07e5cf-1279-4df5-beaa-0b00934253b9/timeouts [39m[32m200[39m [90m2 ms - 14[39m
[35m[HTTP][39m [90m[39m
[35m[HTTP][39m [37m-->[39m [37mGET[39m [37m/wd/hub/session/6e07e5cf-1279-4df5-beaa-0b00934253b9/window/rect[39m
[35m[HTTP][39m [90m{}[39m
[35m[HTTP][39m [37m<-- GET /wd/hub/session/6e07e5cf-1279-4df5-beaa-0b00934253b9/window/rect [39m[32m200[39m [90m24 ms - 50[39m
[35m[HTTP][39m [90m[39m
[35m[HTTP][39m [37m-->[39m [37mPOST[39m [37m/wd/hub/session/6e07e5cf-1279-4df5-beaa-0b00934253b9/elements[39m
[35m[HTTP][39m [90m{"using":"-android uiautomator","value":"new UiSelector().className(\"android.widget.EditText\").text(\"Email\")"}[39m
[35m[HTTP][39m [37m<-- POST /wd/hub/session/6e07e5cf-1279-4df5-beaa-0b00934253b9/elements [39m[32m200[39m [90m399 ms - 139[39m
[35m[HTTP][39m [90m[39m
[35m[HTTP][39m [37m-->[39m [37mGET[39m [37m/wd/hub/session/6e07e5cf-1279-4df5-beaa-0b00934253b9/element/2136fa90-0320-4ede-b69a-57b198f1ab99/location[39m
[35m[HTTP][39m [90m{}[39m
[35m[W3C (6e07e5cf)][39m Driver proxy active, passing request on via HTTP proxy
[35m[WD Proxy][39m Replacing sessionId 002729ba-d97c-47ac-adb5-66b71b57bea9 with 6e07e5cf-1279-4df5-beaa-0b00934253b9
[35m[HTTP][39m [37m<-- GET /wd/hub/session/6e07e5cf-1279-4df5-beaa-0b00934253b9/element/2136fa90-0320-4ede-b69a-57b198f1ab99/location [39m[32m200[39m [90m18 ms - 88[39m
[35m[HTTP][39m [90m[39m
[35m[HTTP][39m [37m-->[39m [37mPOST[39m [37m/wd/hub/session/6e07e5cf-1279-4df5-beaa-0b00934253b9/timeouts[39m
[35m[HTTP][39m [90m{"implicit":30000}[39m
[35m[HTTP][39m [37m<-- POST /wd/hub/session/6e07e5cf-1279-4df5-beaa-0b00934253b9/timeouts [39m[32m200[39m [90m2 ms - 14[39m
[35m[HTTP][39m [90m[39m
[35m[HTTP][39m [37m-->[39m [37mPOST[39m [37m/wd/hub/session/6e07e5cf-1279-4df5-beaa-0b00934253b9/element/2136fa90-0320-4ede-b69a-57b198f1ab99/clear[39m
[35m[HTTP][39m [90m{"id":"2136fa90-0320-4ede-b69a-57b198f1ab99"}[39m
[35m[HTTP][39m [37m<-- POST /wd/hub/session/6e07e5cf-1279-4df5-beaa-0b00934253b9/element/2136fa90-0320-4ede-b69a-57b198f1ab99/clear [39m[32m200[39m [90m21 ms - 27[39m
[35m[HTTP][39m [90m[39m
[35m[HTTP][39m [37m-->[39m [37mPOST[39m [37m/wd/hub/session/6e07e5cf-1279-4df5-beaa-0b00934253b9/element/2136fa90-0320-4ede-b69a-57b198f1ab99/value[39m
[35m[HTTP][39m [90m{"id":"2136fa90-0320-4ede-b69a-57b198f1ab99","text":"hkgyufi@hjdfj.com","value":["h","k","g","y","u","f","i","@","h","j","d","f","j",".","c","o","m"]}[39m
[35m[HTTP][39m [37m<-- POST /wd/hub/session/6e07e5cf-1279-4df5-beaa-0b00934253b9/element/2136fa90-0320-4ede-b69a-57b198f1ab99/value [39m[32m200[39m [90m1034 ms - 12[39m
[35m[HTTP][39m [90m[39m
[35m[HTTP][39m [37m-->[39m [37mPOST[39m [37m/wd/hub/session/6e07e5cf-1279-4df5-beaa-0b00934253b9/timeouts[39m
[35m[HTTP][39m [90m{"implicit":50}[39m
[35m[HTTP][39m [37m<-- POST /wd/hub/session/6e07e5cf-1279-4df5-beaa-0b00934253b9/timeouts [39m[32m200[39m [90m3 ms - 14[39m
[35m[HTTP][39m [90m[39m
[35m[HTTP][39m [37m-->[39m [37mGET[39m [37m/wd/hub/session/6e07e5cf-1279-4df5-beaa-0b00934253b9/window/rect[39m
[35m[HTTP][39m [90m{}[39m
[35m[HTTP][39m [37m<-- GET /wd/hub/session/6e07e5cf-1279-4df5-beaa-0b00934253b9/window/rect [39m[32m200[39m [90m19 ms - 50[39m
[35m[HTTP][39m [90m[39m
[35m[HTTP][39m [37m-->[39m [37mPOST[39m [37m/wd/hub/session/6e07e5cf-1279-4df5-beaa-0b00934253b9/elements[39m
[35m[HTTP][39m [90m{"using":"-android uiautomator","value":"new UiSelector().className(\"android.widget.EditText\").text(\"Mobile Number\")"}[39m
[35m[HTTP][39m [37m<-- POST /wd/hub/session/6e07e5cf-1279-4df5-beaa-0b00934253b9/elements [39m[32m200[39m [90m436 ms - 139[39m
[35m[HTTP][39m [90m[39m
[35m[HTTP][39m [37m-->[39m [37mGET[39m [37m/wd/hub/session/6e07e5cf-1279-4df5-beaa-0b00934253b9/element/79fec41d-f8c2-471e-93ea-4ac469a8583d/location[39m
[35m[HTTP][39m [90m{}[39m
[35m[W3C (6e07e5cf)][39m Driver proxy active, passing request on via HTTP proxy
[35m[WD Proxy][39m Replacing sessionId 002729ba-d97c-47ac-adb5-66b71b57bea9 with 6e07e5cf-1279-4df5-beaa-0b00934253b9
[35m[HTTP][39m [37m<-- GET /wd/hub/session/6e07e5cf-1279-4df5-beaa-0b00934253b9/element/79fec41d-f8c2-471e-93ea-4ac469a8583d/location [39m[32m200[39m [90m18 ms - 90[39m
[35m[HTTP][39m [90m[39m
[35m[HTTP][39m [37m-->[39m [37mPOST[39m [37m/wd/hub/session/6e07e5cf-1279-4df5-beaa-0b00934253b9/timeouts[39m
[35m[HTTP][39m [90m{"implicit":30000}[39m
[35m[HTTP][39m [37m<-- POST /wd/hub/session/6e07e5cf-1279-4df5-beaa-0b00934253b9/timeouts [39m[32m200[39m [90m2 ms - 14[39m
[35m[HTTP][39m [90m[39m
[35m[HTTP][39m [37m-->[39m [37mPOST[39m [37m/wd/hub/session/6e07e5cf-1279-4df5-beaa-0b00934253b9/element/79fec41d-f8c2-471e-93ea-4ac469a8583d/clear[39m
[35m[HTTP][39m [90m{"id":"79fec41d-f8c2-471e-93ea-4ac469a8583d"}[39m
[35m[HTTP][39m [37m<-- POST /wd/hub/session/6e07e5cf-1279-4df5-beaa-0b00934253b9/element/79fec41d-f8c2-471e-93ea-4ac469a8583d/clear [39m[32m200[39m [90m24 ms - 27[39m
[35m[HTTP][39m [90m[39m
[35m[HTTP][39m [37m-->[39m [37mPOST[39m [37m/wd/hub/session/6e07e5cf-1279-4df5-beaa-0b00934253b9/element/79fec41d-f8c2-471e-93ea-4ac469a8583d/value[39m
[35m[HTTP][39m [90m{"id":"79fec41d-f8c2-471e-93ea-4ac469a8583d","text":"9812981298","value":["9","8","1","2","9","8","1","2","9","8"]}[39m
[35m[HTTP][39m [37m<-- POST /wd/hub/session/6e07e5cf-1279-4df5-beaa-0b00934253b9/element/79fec41d-f8c2-471e-93ea-4ac469a8583d/value [39m[32m200[39m [90m1038 ms - 12[39m
[35m[HTTP][39m [90m[39m
[35m[HTTP][39m [37m-->[39m [37mPOST[39m [37m/wd/hub/session/6e07e5cf-1279-4df5-beaa-0b00934253b9/timeouts[39m
[35m[HTTP][39m [90m{"implicit":50}[39m
[35m[HTTP][39m [37m<-- POST /wd/hub/session/6e07e5cf-1279-4df5-beaa-0b00934253b9/timeouts [39m[32m200[39m [90m2 ms - 14[39m
[35m[HTTP][39m [90m[39m
[35m[HTTP][39m [37m-->[39m [37mGET[39m [37m/wd/hub/session/6e07e5cf-1279-4df5-beaa-0b00934253b9/window/rect[39m
[35m[HTTP][39m [90m{}[39m
[35m[HTTP][39m [37m<-- GET /wd/hub/session/6e07e5cf-1279-4df5-beaa-0b00934253b9/window/rect [39m[32m200[39m [90m12 ms - 50[39m
[35m[HTTP][39m [90m[39m
[35m[HTTP][39m [37m-->[39m [37mPOST[39m [37m/wd/hub/session/6e07e5cf-1279-4df5-beaa-0b00934253b9/elements[39m
[35m[HTTP][39m [90m{"using":"-android uiautomator","value":"new UiSelector().className(\"android.widget.EditText\").text(\"Password\")"}[39m
[35m[HTTP][39m [37m<-- POST /wd/hub/session/6e07e5cf-1279-4df5-beaa-0b00934253b9/elements [39m[32m200[39m [90m443 ms - 139[39m
[35m[HTTP][39m [90m[39m
[35m[HTTP][39m [37m-->[39m [37mGET[39m [37m/wd/hub/session/6e07e5cf-1279-4df5-beaa-0b00934253b9/element/08baae79-9274-4b14-ae2b-377fcaa7f036/location[39m
[35m[HTTP][39m [90m{}[39m
[35m[W3C (6e07e5cf)][39m Driver proxy active, passing request on via HTTP proxy
[35m[WD Proxy][39m Replacing sessionId 002729ba-d97c-47ac-adb5-66b71b57bea9 with 6e07e5cf-1279-4df5-beaa-0b00934253b9
[35m[HTTP][39m [37m<-- GET /wd/hub/session/6e07e5cf-1279-4df5-beaa-0b00934253b9/element/08baae79-9274-4b14-ae2b-377fcaa7f036/location [39m[32m200[39m [90m28 ms - 89[39m
[35m[HTTP][39m [90m[39m
[35m[HTTP][39m [37m-->[39m [37mPOST[39m [37m/wd/hub/session/6e07e5cf-1279-4df5-beaa-0b00934253b9/timeouts[39m
[35m[HTTP][39m [90m{"implicit":30000}[39m
[35m[HTTP][39m [37m<-- POST /wd/hub/session/6e07e5cf-1279-4df5-beaa-0b00934253b9/timeouts [39m[32m200[39m [90m2 ms - 14[39m
[35m[HTTP][39m [90m[39m
[35m[HTTP][39m [37m-->[39m [37mPOST[39m [37m/wd/hub/session/6e07e5cf-1279-4df5-beaa-0b00934253b9/element/08baae79-9274-4b14-ae2b-377fcaa7f036/clear[39m
[35m[HTTP][39m [90m{"id":"08baae79-9274-4b14-ae2b-377fcaa7f036"}[39m
[35m[HTTP][39m [37m<-- POST /wd/hub/session/6e07e5cf-1279-4df5-beaa-0b00934253b9/element/08baae79-9274-4b14-ae2b-377fcaa7f036/clear [39m[32m200[39m [90m20 ms - 27[39m
[35m[HTTP][39m [90m[39m
[35m[HTTP][39m [37m-->[39m [37mPOST[39m [37m/wd/hub/session/6e07e5cf-1279-4df5-beaa-0b00934253b9/element/08baae79-9274-4b14-ae2b-377fcaa7f036/value[39m
[35m[HTTP][39m [90m{"id":"08baae79-9274-4b14-ae2b-377fcaa7f036","text":"123456","value":["1","2","3","4","5","6"]}[39m
[35m[HTTP][39m [37m<-- POST /wd/hub/session/6e07e5cf-1279-4df5-beaa-0b00934253b9/element/08baae79-9274-4b14-ae2b-377fcaa7f036/value [39m[32m200[39m [90m1040 ms - 12[39m
[35m[HTTP][39m [90m[39m
[35m[HTTP][39m [37m-->[39m [37mPOST[39m [37m/wd/hub/session/6e07e5cf-1279-4df5-beaa-0b00934253b9/timeouts[39m
[35m[HTTP][39m [90m{"implicit":50}[39m
[35m[HTTP][39m [37m<-- POST /wd/hub/session/6e07e5cf-1279-4df5-beaa-0b00934253b9/timeouts [39m[32m200[39m [90m3 ms - 14[39m
[35m[HTTP][39m [90m[39m
[35m[HTTP][39m [37m-->[39m [37mGET[39m [37m/wd/hub/session/6e07e5cf-1279-4df5-beaa-0b00934253b9/window/rect[39m
[35m[HTTP][39m [90m{}[39m
[35m[HTTP][39m [37m<-- GET /wd/hub/session/6e07e5cf-1279-4df5-beaa-0b00934253b9/window/rect [39m[32m200[39m [90m13 ms - 50[39m
[35m[HTTP][39m [90m[39m
[35m[HTTP][39m [37m-->[39m [37mPOST[39m [37m/wd/hub/session/6e07e5cf-1279-4df5-beaa-0b00934253b9/elements[39m
[35m[HTTP][39m [90m{"using":"-android uiautomator","value":"new UiSelector().className(\"android.widget.EditText\").text(\"Confirm password\")"}[39m
[35m[HTTP][39m [37m<-- POST /wd/hub/session/6e07e5cf-1279-4df5-beaa-0b00934253b9/elements [39m[32m200[39m [90m445 ms - 139[39m
[35m[HTTP][39m [90m[39m
[35m[HTTP][39m [37m-->[39m [37mGET[39m [37m/wd/hub/session/6e07e5cf-1279-4df5-beaa-0b00934253b9/element/a82b52ca-db94-4487-919a-63830ee59e87/location[39m
[35m[HTTP][39m [90m{}[39m
[35m[W3C (6e07e5cf)][39m Driver proxy active, passing request on via HTTP proxy
[35m[WD Proxy][39m Replacing sessionId 002729ba-d97c-47ac-adb5-66b71b57bea9 with 6e07e5cf-1279-4df5-beaa-0b00934253b9
[35m[HTTP][39m [37m<-- GET /wd/hub/session/6e07e5cf-1279-4df5-beaa-0b00934253b9/element/a82b52ca-db94-4487-919a-63830ee59e87/location [39m[32m200[39m [90m19 ms - 89[39m
[35m[HTTP][39m [90m[39m
[35m[HTTP][39m [37m-->[39m [37mPOST[39m [37m/wd/hub/session/6e07e5cf-1279-4df5-beaa-0b00934253b9/timeouts[39m
[35m[HTTP][39m [90m{"implicit":30000}[39m
[35m[HTTP][39m [37m<-- POST /wd/hub/session/6e07e5cf-1279-4df5-beaa-0b00934253b9/timeouts [39m[32m200[39m [90m2 ms - 14[39m
[35m[HTTP][39m [90m[39m
[35m[HTTP][39m [37m-->[39m [37mPOST[39m [37m/wd/hub/session/6e07e5cf-1279-4df5-beaa-0b00934253b9/element/a82b52ca-db94-4487-919a-63830ee59e87/clear[39m
[35m[HTTP][39m [90m{"id":"a82b52ca-db94-4487-919a-63830ee59e87"}[39m
[35m[HTTP][39m [37m<-- POST /wd/hub/session/6e07e5cf-1279-4df5-beaa-0b00934253b9/element/a82b52ca-db94-4487-919a-63830ee59e87/clear [39m[32m200[39m [90m27 ms - 27[39m
[35m[HTTP][39m [90m[39m
[35m[HTTP][39m [37m-->[39m [37mPOST[39m [37m/wd/hub/session/6e07e5cf-1279-4df5-beaa-0b00934253b9/element/a82b52ca-db94-4487-919a-63830ee59e87/value[39m
[35m[HTTP][39m [90m{"id":"a82b52ca-db94-4487-919a-63830ee59e87","text":"123456","value":["1","2","3","4","5","6"]}[39m
[35m[HTTP][39m [37m<-- POST /wd/hub/session/6e07e5cf-1279-4df5-beaa-0b00934253b9/element/a82b52ca-db94-4487-919a-63830ee59e87/value [39m[32m200[39m [90m1038 ms - 12[39m
[35m[HTTP][39m [90m[39m
[35m[HTTP][39m [37m-->[39m [37mPOST[39m [37m/wd/hub/session/6e07e5cf-1279-4df5-beaa-0b00934253b9/timeouts[39m
[35m[HTTP][39m [90m{"implicit":50}[39m
[35m[HTTP][39m [37m<-- POST /wd/hub/session/6e07e5cf-1279-4df5-beaa-0b00934253b9/timeouts [39m[32m200[39m [90m2 ms - 14[39m
[35m[HTTP][39m [90m[39m
[35m[HTTP][39m [37m-->[39m [37mGET[39m [37m/wd/hub/session/6e07e5cf-1279-4df5-beaa-0b00934253b9/window/rect[39m
[35m[HTTP][39m [90m{}[39m
[35m[HTTP][39m [37m<-- GET /wd/hub/session/6e07e5cf-1279-4df5-beaa-0b00934253b9/window/rect [39m[32m200[39m [90m9 ms - 50[39m
[35m[HTTP][39m [90m[39m
[35m[HTTP][39m [37m-->[39m [37mPOST[39m [37m/wd/hub/session/6e07e5cf-1279-4df5-beaa-0b00934253b9/elements[39m
[35m[HTTP][39m [90m{"using":"xpath","value":"//hierarchy/android.widget.FrameLayout[1]/android.widget.LinearLayout[1]/android.widget.FrameLayout[1]/android.widget.LinearLayout[1]/android.widget.FrameLayout[1]/android.widget.FrameLayout[1]/android.view.ViewGroup[1]/android.view.ViewGroup[1]/android.view.ViewGroup[1]/android.view.ViewGroup[1]/android.support.v4.widget.DrawerLayout[1]/android.view.ViewGroup[1]/android.view.ViewGroup[1]/android.view.ViewGroup[1]/android.view.ViewGroup[1]/android.view.ViewGroup[1]/android.view.ViewGroup[1]/android.widget.ScrollView[1]/android.view.ViewGroup[1]/android.view.ViewGroup[11]/android.widget.TextView[1]"}[39m
[35m[HTTP][39m [37m<-- POST /wd/hub/session/6e07e5cf-1279-4df5-beaa-0b00934253b9/elements [39m[32m200[39m [90m528 ms - 139[39m
[35m[HTTP][39m [90m[39m
[35m[HTTP][39m [37m-->[39m [37mGET[39m [37m/wd/hub/session/6e07e5cf-1279-4df5-beaa-0b00934253b9/element/406d1e1e-e324-41e6-98a7-f20d191c329c/location[39m
[35m[HTTP][39m [90m{}[39m
[35m[W3C (6e07e5cf)][39m Driver proxy active, passing request on via HTTP proxy
[35m[WD Proxy][39m Replacing sessionId 002729ba-d97c-47ac-adb5-66b71b57bea9 with 6e07e5cf-1279-4df5-beaa-0b00934253b9
[35m[HTTP][39m [37m<-- GET /wd/hub/session/6e07e5cf-1279-4df5-beaa-0b00934253b9/element/406d1e1e-e324-41e6-98a7-f20d191c329c/location [39m[32m200[39m [90m12 ms - 90[39m
[35m[HTTP][39m [90m[39m
[35m[HTTP][39m [37m-->[39m [37mPOST[39m [37m/wd/hub/session/6e07e5cf-1279-4df5-beaa-0b00934253b9/timeouts[39m
[35m[HTTP][39m [90m{"implicit":30000}[39m
[35m[HTTP][39m [37m<-- POST /wd/hub/session/6e07e5cf-1279-4df5-beaa-0b00934253b9/timeouts [39m[32m200[39m [90m1 ms - 14[39m
[35m[HTTP][39m [90m[39m
[35m[HTTP][39m [37m-->[39m [37mPOST[39m [37m/wd/hub/session/6e07e5cf-1279-4df5-beaa-0b00934253b9/touch/perform[39m
[35m[HTTP][39m [90m{"actions":[{"action":"tap","options":{"x":1,"y":1,"element":"406d1e1e-e324-41e6-98a7-f20d191c329c"}},{"action":"release","options":{}}]}[39m
[35m[UiAutomator2][39m calling get location: 406d1e1e-e324-41e6-98a7-f20d191c329c
[35m[HTTP][39m [37m<-- POST /wd/hub/session/6e07e5cf-1279-4df5-beaa-0b00934253b9/touch/perform [39m[32m200[39m [90m29 ms - 14[39m
[35m[HTTP][39m [90m[39m
[35m[HTTP][39m [37m-->[39m [37mDELETE[39m [37m/wd/hub/session/6e07e5cf-1279-4df5-beaa-0b00934253b9[39m
[35m[HTTP][39m [90m{}[39m
[35m[Appium][39m Removing session 6e07e5cf-1279-4df5-beaa-0b00934253b9 from our master session list
[35m[ADB][39m io.nativebase.market.geekyants.taxiappdriver was successfully uninstalled
[35m[HTTP][39m [37m<-- DELETE /wd/hub/session/6e07e5cf-1279-4df5-beaa-0b00934253b9 [39m[32m200[39m [90m1099 ms - 14[39m
[35m[HTTP][39m [90m[39m
