[35m[Appium][39m Welcome to Appium v1.14.0
[35m[Appium][39m Non-default server args:
[35m[Appium][39m   port: 50711
[35m[Appium][39m   loglevel: info
[35m[Appium][39m   chromeDriverPort: 50715
[35m[Appium][39m   tmpDir: /var/folders/38/x4crs4qx0hn0r3_szny2t9sw0000gn/T//Katalon/Appium/Temp1565898071791
[35m[Appium][39m Appium REST http interface listener started on 0.0.0.0:50711
[35m[HTTP][39m [37m-->[39m [37mGET[39m [37m/wd/hub/status[39m
[35m[HTTP][39m [90m{}[39m
[35m[HTTP][39m [37m<-- GET /wd/hub/status [39m[32m200[39m [90m7 ms - 68[39m
[35m[HTTP][39m [90m[39m
[35m[HTTP][39m [37m-->[39m [37mPOST[39m [37m/wd/hub/session[39m
[35m[HTTP][39m [90m{"desiredCapabilities":{"app":"/Users/sumittulsyan/Downloads/app-release (1).apk","noReset":false,"deviceName":"emulator-5554 (Android SDK built for x86 - Android 9)","fullReset":true,"platform":"ANDROID","newCommandTimeout":1800,"platformVersion":"9","automationName":"uiautomator2","autoGrantPermissions":true,"platformName":"Android","udid":"emulator-5554","systemPort":50710},"capabilities":{"firstMatch":[{"appium:app":"/Users/sumittulsyan/Downloads/app-release (1).apk","appium:autoGrantPermissions":true,"appium:automationName":"uiautomator2","appium:deviceName":"emulator-5554 (Android SDK built for x86 - Android 9)","appium:fullReset":true,"appium:newCommandTimeout":1800,"appium:noReset":false,"platform":"ANDROID","platformName":"android","appium:platformVersion":"9","appium:systemPort":50710,"appium:udid":"emulator-5554"}]}}[39m
[35m[BaseDriver][39m The capabilities ["platform"] are not standard capabilities and should have an extension prefix
[35m[Appium][39m Appium v1.14.0 creating new AndroidUiautomator2Driver (v1.33.1) session
[35m[Appium][39m Capabilities:
[35m[Appium][39m   platform: ANDROID
[35m[Appium][39m   platformName: android
[35m[Appium][39m   app: /Users/sumittulsyan/Downloads/app-release (1).apk
[35m[Appium][39m   autoGrantPermissions: true
[35m[Appium][39m   automationName: uiautomator2
[35m[Appium][39m   deviceName: emulator-5554 (Android SDK built for x86 - Android 9)
[35m[Appium][39m   fullReset: true
[35m[Appium][39m   newCommandTimeout: 1800
[35m[Appium][39m   noReset: false
[35m[Appium][39m   platformVersion: 9
[35m[Appium][39m   systemPort: 50710
[35m[Appium][39m   udid: emulator-5554
[35m[BaseDriver][39m The following capabilities were provided, but are not recognized by Appium:
[35m[BaseDriver][39m   platform
[35m[BaseDriver][39m Session created with session id: fcd66c9e-932b-48b8-af9c-0371acfb8c93
[35m[BaseDriver][39m Using local app '/Users/sumittulsyan/Downloads/app-release (1).apk'
[35m[ADB][39m Found 1 'build-tools' folders under '/Users/sumittulsyan/.katalon/tools/android_sdk' (newest first):
[35m[ADB][39m     /Users/sumittulsyan/.katalon/tools/android_sdk/build-tools/29.0.1
[35m[ADB][39m Using 'adb' from '/Users/sumittulsyan/.katalon/tools/android_sdk/platform-tools/adb'
[35m[AndroidDriver][39m Retrieving device list
[35m[AndroidDriver][39m Using device: emulator-5554
[35m[ADB][39m Using 'adb' from '/Users/sumittulsyan/.katalon/tools/android_sdk/platform-tools/adb'
[35m[UiAutomator2][39m Relaxing hidden api policy
[35m[ADB][39m Using 'apkanalyzer' from '/Users/sumittulsyan/.katalon/tools/android_sdk/tools/bin/apkanalyzer'
[35m[ADB][39m Using the alternative activity name detection method because of: Command '/Users/sumittulsyan/.katalon/tools/android_sdk/tools/bin/apkanalyzer -h manifest print '/Users/sumittulsyan/Downloads/app-release (1).apk'' exited with code 2
[35m[ADB][39m Using 'aapt' from '/Users/sumittulsyan/.katalon/tools/android_sdk/build-tools/29.0.1/aapt'
[35m[ADB][39m Extracting package and launch activity from manifest
[35m[ADB][39m Package name: 'io.nativebase.market.geekyants.taxiapprider'
[35m[ADB][39m Main activity name: 'io.nativebase.market.geekyants.taxiapprider.MainActivity'
[35m[ADB][39m Using 'apksigner' from '/Users/sumittulsyan/.katalon/tools/android_sdk/build-tools/29.0.1/apksigner'
[35m[UiAutomator2][39m Server packages are not going to be (re)installed
[35m[ADB][39m io.nativebase.market.geekyants.taxiapprider was successfully uninstalled
[35m[ADB][39m The application at '/Users/sumittulsyan/Downloads/app-release (1).apk' is already cached to '/data/local/tmp/appium_cache/319121ffd2a4e89e1742e996fe8df850b3a56b9f.apk'
[35m[ADB][39m The installation of 'app-release (1).apk' took 8.832s
[35m[UiAutomator2][39m Starting UIAutomator2 server 3.7.0
[35m[UiAutomator2][39m Using UIAutomator2 server from '/Users/sumittulsyan/Downloads/appium-mobile-test/node_modules/appium-uiautomator2-server/apks/appium-uiautomator2-server-v3.7.0.apk' and test from '/Users/sumittulsyan/Downloads/appium-mobile-test/node_modules/appium-uiautomator2-server/apks/appium-uiautomator2-server-debug-androidTest.apk'
[35m[UiAutomator2][39m Waiting up to 30000ms for UiAutomator2 to be online...
[35m[WD Proxy][39m Got an unexpected response: {"code":"ECONNRESET"}
[35m[WD Proxy][39m Got an unexpected response: {"code":"ECONNRESET"}
[35m[AndroidDriver][39m Screen already unlocked, doing nothing
[35m[UiAutomator2][39m UiAutomator2 did not start the activity we were waiting for, 'io.nativebase.market.geekyants.taxiapprider/io.nativebase.market.geekyants.taxiapprider.MainActivity'. Starting it ourselves
[35m[Appium][39m New AndroidUiautomator2Driver session created successfully, session fcd66c9e-932b-48b8-af9c-0371acfb8c93 added to master session list
[35m[HTTP][39m [37m<-- POST /wd/hub/session [39m[32m200[39m [90m25365 ms - 1271[39m
[35m[HTTP][39m [90m[39m
[35m[HTTP][39m [37m-->[39m [37mGET[39m [37m/wd/hub/session/fcd66c9e-932b-48b8-af9c-0371acfb8c93[39m
[35m[HTTP][39m [90m{}[39m
[35m[HTTP][39m [37m<-- GET /wd/hub/session/fcd66c9e-932b-48b8-af9c-0371acfb8c93 [39m[32m200[39m [90m71 ms - 1203[39m
[35m[HTTP][39m [90m[39m
[35m[HTTP][39m [37m-->[39m [37mGET[39m [37m/wd/hub/session/fcd66c9e-932b-48b8-af9c-0371acfb8c93[39m
[35m[HTTP][39m [90m{}[39m
[35m[HTTP][39m [37m<-- GET /wd/hub/session/fcd66c9e-932b-48b8-af9c-0371acfb8c93 [39m[32m200[39m [90m42 ms - 1203[39m
[35m[HTTP][39m [90m[39m
[35m[HTTP][39m [37m-->[39m [37mGET[39m [37m/wd/hub/status[39m
[35m[HTTP][39m [90m{}[39m
[35m[HTTP][39m [37m<-- GET /wd/hub/status [39m[32m200[39m [90m2 ms - 68[39m
[35m[HTTP][39m [90m[39m
[35m[HTTP][39m [37m-->[39m [37mPOST[39m [37m/wd/hub/session/fcd66c9e-932b-48b8-af9c-0371acfb8c93/timeouts[39m
[35m[HTTP][39m [90m{"implicit":30000}[39m
[35m[HTTP][39m [37m<-- POST /wd/hub/session/fcd66c9e-932b-48b8-af9c-0371acfb8c93/timeouts [39m[32m200[39m [90m3 ms - 14[39m
[35m[HTTP][39m [90m[39m
[35m[HTTP][39m [37m-->[39m [37mPOST[39m [37m/wd/hub/session/fcd66c9e-932b-48b8-af9c-0371acfb8c93/timeouts[39m
[35m[HTTP][39m [90m{"implicit":50}[39m
[35m[HTTP][39m [37m<-- POST /wd/hub/session/fcd66c9e-932b-48b8-af9c-0371acfb8c93/timeouts [39m[32m200[39m [90m2 ms - 14[39m
[35m[HTTP][39m [90m[39m
[35m[HTTP][39m [37m-->[39m [37mGET[39m [37m/wd/hub/session/fcd66c9e-932b-48b8-af9c-0371acfb8c93/window/rect[39m
[35m[HTTP][39m [90m{}[39m
[35m[HTTP][39m [37m<-- GET /wd/hub/session/fcd66c9e-932b-48b8-af9c-0371acfb8c93/window/rect [39m[32m200[39m [90m211 ms - 50[39m
[35m[HTTP][39m [90m[39m
[35m[HTTP][39m [37m-->[39m [37mPOST[39m [37m/wd/hub/session/fcd66c9e-932b-48b8-af9c-0371acfb8c93/elements[39m
[35m[HTTP][39m [90m{"using":"-android uiautomator","value":"new UiSelector().className(\"android.widget.TextView\").text(\"Sign In\")"}[39m
[35m[HTTP][39m [37m<-- POST /wd/hub/session/fcd66c9e-932b-48b8-af9c-0371acfb8c93/elements [39m[32m200[39m [90m265 ms - 12[39m
[35m[HTTP][39m [90m[39m
[35m[HTTP][39m [37m-->[39m [37mPOST[39m [37m/wd/hub/session/fcd66c9e-932b-48b8-af9c-0371acfb8c93/elements[39m
[35m[HTTP][39m [90m{"using":"-android uiautomator","value":"new UiSelector().className(\"android.widget.TextView\").text(\"Sign In\")"}[39m
[35m[HTTP][39m [37m<-- POST /wd/hub/session/fcd66c9e-932b-48b8-af9c-0371acfb8c93/elements [39m[32m200[39m [90m77 ms - 12[39m
[35m[HTTP][39m [90m[39m
[35m[HTTP][39m [37m-->[39m [37mPOST[39m [37m/wd/hub/session/fcd66c9e-932b-48b8-af9c-0371acfb8c93/elements[39m
[35m[HTTP][39m [90m{"using":"-android uiautomator","value":"new UiSelector().className(\"android.widget.TextView\").text(\"Sign In\")"}[39m
[35m[HTTP][39m [37m<-- POST /wd/hub/session/fcd66c9e-932b-48b8-af9c-0371acfb8c93/elements [39m[32m200[39m [90m103 ms - 12[39m
[35m[HTTP][39m [90m[39m
[35m[HTTP][39m [37m-->[39m [37mPOST[39m [37m/wd/hub/session/fcd66c9e-932b-48b8-af9c-0371acfb8c93/elements[39m
[35m[HTTP][39m [90m{"using":"-android uiautomator","value":"new UiSelector().className(\"android.widget.TextView\").text(\"Sign In\")"}[39m
[35m[HTTP][39m [37m<-- POST /wd/hub/session/fcd66c9e-932b-48b8-af9c-0371acfb8c93/elements [39m[32m200[39m [90m85 ms - 12[39m
[35m[HTTP][39m [90m[39m
[35m[HTTP][39m [37m-->[39m [37mPOST[39m [37m/wd/hub/session/fcd66c9e-932b-48b8-af9c-0371acfb8c93/elements[39m
[35m[HTTP][39m [90m{"using":"-android uiautomator","value":"new UiSelector().className(\"android.widget.TextView\").text(\"Sign In\")"}[39m
[35m[HTTP][39m [37m<-- POST /wd/hub/session/fcd66c9e-932b-48b8-af9c-0371acfb8c93/elements [39m[32m200[39m [90m71 ms - 12[39m
[35m[HTTP][39m [90m[39m
[35m[HTTP][39m [37m-->[39m [37mPOST[39m [37m/wd/hub/session/fcd66c9e-932b-48b8-af9c-0371acfb8c93/elements[39m
[35m[HTTP][39m [90m{"using":"-android uiautomator","value":"new UiSelector().className(\"android.widget.TextView\").text(\"Sign In\")"}[39m
[35m[HTTP][39m [37m<-- POST /wd/hub/session/fcd66c9e-932b-48b8-af9c-0371acfb8c93/elements [39m[32m200[39m [90m83 ms - 12[39m
[35m[HTTP][39m [90m[39m
[35m[HTTP][39m [37m-->[39m [37mPOST[39m [37m/wd/hub/session/fcd66c9e-932b-48b8-af9c-0371acfb8c93/elements[39m
[35m[HTTP][39m [90m{"using":"-android uiautomator","value":"new UiSelector().className(\"android.widget.TextView\").text(\"Sign In\")"}[39m
[35m[HTTP][39m [37m<-- POST /wd/hub/session/fcd66c9e-932b-48b8-af9c-0371acfb8c93/elements [39m[32m200[39m [90m105 ms - 12[39m
[35m[HTTP][39m [90m[39m
[35m[HTTP][39m [37m-->[39m [37mPOST[39m [37m/wd/hub/session/fcd66c9e-932b-48b8-af9c-0371acfb8c93/elements[39m
[35m[HTTP][39m [90m{"using":"-android uiautomator","value":"new UiSelector().className(\"android.widget.TextView\").text(\"Sign In\")"}[39m
[35m[HTTP][39m [37m<-- POST /wd/hub/session/fcd66c9e-932b-48b8-af9c-0371acfb8c93/elements [39m[32m200[39m [90m108 ms - 12[39m
[35m[HTTP][39m [90m[39m
[35m[HTTP][39m [37m-->[39m [37mPOST[39m [37m/wd/hub/session/fcd66c9e-932b-48b8-af9c-0371acfb8c93/elements[39m
[35m[HTTP][39m [90m{"using":"-android uiautomator","value":"new UiSelector().className(\"android.widget.TextView\").text(\"Sign In\")"}[39m
[35m[HTTP][39m [37m<-- POST /wd/hub/session/fcd66c9e-932b-48b8-af9c-0371acfb8c93/elements [39m[32m200[39m [90m65 ms - 12[39m
[35m[HTTP][39m [90m[39m
[35m[HTTP][39m [37m-->[39m [37mPOST[39m [37m/wd/hub/session/fcd66c9e-932b-48b8-af9c-0371acfb8c93/elements[39m
[35m[HTTP][39m [90m{"using":"-android uiautomator","value":"new UiSelector().className(\"android.widget.TextView\").text(\"Sign In\")"}[39m
[35m[HTTP][39m [37m<-- POST /wd/hub/session/fcd66c9e-932b-48b8-af9c-0371acfb8c93/elements [39m[32m200[39m [90m603 ms - 12[39m
[35m[HTTP][39m [90m[39m
[35m[HTTP][39m [37m-->[39m [37mPOST[39m [37m/wd/hub/session/fcd66c9e-932b-48b8-af9c-0371acfb8c93/elements[39m
[35m[HTTP][39m [90m{"using":"-android uiautomator","value":"new UiSelector().className(\"android.widget.TextView\").text(\"Sign In\")"}[39m
[35m[HTTP][39m [37m<-- POST /wd/hub/session/fcd66c9e-932b-48b8-af9c-0371acfb8c93/elements [39m[32m200[39m [90m63 ms - 12[39m
[35m[HTTP][39m [90m[39m
[35m[HTTP][39m [37m-->[39m [37mPOST[39m [37m/wd/hub/session/fcd66c9e-932b-48b8-af9c-0371acfb8c93/elements[39m
[35m[HTTP][39m [90m{"using":"-android uiautomator","value":"new UiSelector().className(\"android.widget.TextView\").text(\"Sign In\")"}[39m
[35m[HTTP][39m [37m<-- POST /wd/hub/session/fcd66c9e-932b-48b8-af9c-0371acfb8c93/elements [39m[32m200[39m [90m1098 ms - 12[39m
[35m[HTTP][39m [90m[39m
[35m[HTTP][39m [37m-->[39m [37mPOST[39m [37m/wd/hub/session/fcd66c9e-932b-48b8-af9c-0371acfb8c93/elements[39m
[35m[HTTP][39m [90m{"using":"-android uiautomator","value":"new UiSelector().className(\"android.widget.TextView\").text(\"Sign In\")"}[39m
[35m[HTTP][39m [37m<-- POST /wd/hub/session/fcd66c9e-932b-48b8-af9c-0371acfb8c93/elements [39m[32m200[39m [90m796 ms - 139[39m
[35m[HTTP][39m [90m[39m
[35m[HTTP][39m [37m-->[39m [37mGET[39m [37m/wd/hub/session/fcd66c9e-932b-48b8-af9c-0371acfb8c93/element/347c70fb-7f77-4f6e-a26e-467ca7d9cd32/location[39m
[35m[HTTP][39m [90m{}[39m
[35m[W3C (fcd66c9e)][39m Driver proxy active, passing request on via HTTP proxy
[35m[WD Proxy][39m Replacing sessionId dd573c51-9979-42ea-b2a6-b2755392d204 with fcd66c9e-932b-48b8-af9c-0371acfb8c93
[35m[HTTP][39m [37m<-- GET /wd/hub/session/fcd66c9e-932b-48b8-af9c-0371acfb8c93/element/347c70fb-7f77-4f6e-a26e-467ca7d9cd32/location [39m[32m200[39m [90m38 ms - 90[39m
[35m[HTTP][39m [90m[39m
[35m[HTTP][39m [37m-->[39m [37mPOST[39m [37m/wd/hub/session/fcd66c9e-932b-48b8-af9c-0371acfb8c93/timeouts[39m
[35m[HTTP][39m [90m{"implicit":30000}[39m
[35m[HTTP][39m [37m<-- POST /wd/hub/session/fcd66c9e-932b-48b8-af9c-0371acfb8c93/timeouts [39m[32m200[39m [90m2 ms - 14[39m
[35m[HTTP][39m [90m[39m
[35m[HTTP][39m [37m-->[39m [37mPOST[39m [37m/wd/hub/session/fcd66c9e-932b-48b8-af9c-0371acfb8c93/touch/perform[39m
[35m[HTTP][39m [90m{"actions":[{"action":"tap","options":{"x":1,"y":1,"element":"347c70fb-7f77-4f6e-a26e-467ca7d9cd32"}},{"action":"release","options":{}}]}[39m
[35m[UiAutomator2][39m calling get location: 347c70fb-7f77-4f6e-a26e-467ca7d9cd32
[35m[HTTP][39m [37m<-- POST /wd/hub/session/fcd66c9e-932b-48b8-af9c-0371acfb8c93/touch/perform [39m[32m200[39m [90m1161 ms - 14[39m
[35m[HTTP][39m [90m[39m
[35m[HTTP][39m [37m-->[39m [37mPOST[39m [37m/wd/hub/session/fcd66c9e-932b-48b8-af9c-0371acfb8c93/timeouts[39m
[35m[HTTP][39m [90m{"implicit":50}[39m
[35m[HTTP][39m [37m<-- POST /wd/hub/session/fcd66c9e-932b-48b8-af9c-0371acfb8c93/timeouts [39m[32m200[39m [90m3 ms - 14[39m
[35m[HTTP][39m [90m[39m
[35m[HTTP][39m [37m-->[39m [37mGET[39m [37m/wd/hub/session/fcd66c9e-932b-48b8-af9c-0371acfb8c93/window/rect[39m
[35m[HTTP][39m [90m{}[39m
[35m[HTTP][39m [37m<-- GET /wd/hub/session/fcd66c9e-932b-48b8-af9c-0371acfb8c93/window/rect [39m[32m200[39m [90m40 ms - 50[39m
[35m[HTTP][39m [90m[39m
[35m[HTTP][39m [37m-->[39m [37mPOST[39m [37m/wd/hub/session/fcd66c9e-932b-48b8-af9c-0371acfb8c93/elements[39m
[35m[HTTP][39m [90m{"using":"-android uiautomator","value":"new UiSelector().className(\"android.widget.EditText\").text(\"Email\")"}[39m
[35m[HTTP][39m [37m<-- POST /wd/hub/session/fcd66c9e-932b-48b8-af9c-0371acfb8c93/elements [39m[32m200[39m [90m80 ms - 139[39m
[35m[HTTP][39m [90m[39m
[35m[HTTP][39m [37m-->[39m [37mGET[39m [37m/wd/hub/session/fcd66c9e-932b-48b8-af9c-0371acfb8c93/element/7538887d-57ad-43d3-9373-6a8547f0e04f/location[39m
[35m[HTTP][39m [90m{}[39m
[35m[W3C (fcd66c9e)][39m Driver proxy active, passing request on via HTTP proxy
[35m[WD Proxy][39m Replacing sessionId dd573c51-9979-42ea-b2a6-b2755392d204 with fcd66c9e-932b-48b8-af9c-0371acfb8c93
[35m[HTTP][39m [37m<-- GET /wd/hub/session/fcd66c9e-932b-48b8-af9c-0371acfb8c93/element/7538887d-57ad-43d3-9373-6a8547f0e04f/location [39m[32m200[39m [90m219 ms - 90[39m
[35m[HTTP][39m [90m[39m
[35m[HTTP][39m [37m-->[39m [37mPOST[39m [37m/wd/hub/session/fcd66c9e-932b-48b8-af9c-0371acfb8c93/timeouts[39m
[35m[HTTP][39m [90m{"implicit":30000}[39m
[35m[HTTP][39m [37m<-- POST /wd/hub/session/fcd66c9e-932b-48b8-af9c-0371acfb8c93/timeouts [39m[32m200[39m [90m2 ms - 14[39m
[35m[HTTP][39m [90m[39m
[35m[HTTP][39m [37m-->[39m [37mPOST[39m [37m/wd/hub/session/fcd66c9e-932b-48b8-af9c-0371acfb8c93/element/7538887d-57ad-43d3-9373-6a8547f0e04f/clear[39m
[35m[HTTP][39m [90m{"id":"7538887d-57ad-43d3-9373-6a8547f0e04f"}[39m
[35m[HTTP][39m [37m<-- POST /wd/hub/session/fcd66c9e-932b-48b8-af9c-0371acfb8c93/element/7538887d-57ad-43d3-9373-6a8547f0e04f/clear [39m[32m200[39m [90m104 ms - 27[39m
[35m[HTTP][39m [90m[39m
[35m[HTTP][39m [37m-->[39m [37mPOST[39m [37m/wd/hub/session/fcd66c9e-932b-48b8-af9c-0371acfb8c93/element/7538887d-57ad-43d3-9373-6a8547f0e04f/value[39m
[35m[HTTP][39m [90m{"id":"7538887d-57ad-43d3-9373-6a8547f0e04f","text":"taxirider@gmail.com","value":["t","a","x","i","r","i","d","e","r","@","g","m","a","i","l",".","c","o","m"]}[39m
[35m[HTTP][39m [37m<-- POST /wd/hub/session/fcd66c9e-932b-48b8-af9c-0371acfb8c93/element/7538887d-57ad-43d3-9373-6a8547f0e04f/value [39m[32m200[39m [90m1552 ms - 12[39m
[35m[HTTP][39m [90m[39m
[35m[HTTP][39m [37m-->[39m [37mPOST[39m [37m/wd/hub/session/fcd66c9e-932b-48b8-af9c-0371acfb8c93/timeouts[39m
[35m[HTTP][39m [90m{"implicit":50}[39m
[35m[HTTP][39m [37m<-- POST /wd/hub/session/fcd66c9e-932b-48b8-af9c-0371acfb8c93/timeouts [39m[32m200[39m [90m5 ms - 14[39m
[35m[HTTP][39m [90m[39m
[35m[HTTP][39m [37m-->[39m [37mGET[39m [37m/wd/hub/session/fcd66c9e-932b-48b8-af9c-0371acfb8c93/window/rect[39m
[35m[HTTP][39m [90m{}[39m
[35m[HTTP][39m [37m<-- GET /wd/hub/session/fcd66c9e-932b-48b8-af9c-0371acfb8c93/window/rect [39m[32m200[39m [90m214 ms - 50[39m
[35m[HTTP][39m [90m[39m
[35m[HTTP][39m [37m-->[39m [37mPOST[39m [37m/wd/hub/session/fcd66c9e-932b-48b8-af9c-0371acfb8c93/elements[39m
[35m[HTTP][39m [90m{"using":"-android uiautomator","value":"new UiSelector().className(\"android.widget.EditText\").text(\"Password\")"}[39m
[35m[HTTP][39m [37m<-- POST /wd/hub/session/fcd66c9e-932b-48b8-af9c-0371acfb8c93/elements [39m[32m200[39m [90m299 ms - 139[39m
[35m[HTTP][39m [90m[39m
[35m[HTTP][39m [37m-->[39m [37mGET[39m [37m/wd/hub/session/fcd66c9e-932b-48b8-af9c-0371acfb8c93/element/5503672c-710f-406e-935b-ba49b226cf77/location[39m
[35m[HTTP][39m [90m{}[39m
[35m[W3C (fcd66c9e)][39m Driver proxy active, passing request on via HTTP proxy
[35m[WD Proxy][39m Replacing sessionId dd573c51-9979-42ea-b2a6-b2755392d204 with fcd66c9e-932b-48b8-af9c-0371acfb8c93
[35m[HTTP][39m [37m<-- GET /wd/hub/session/fcd66c9e-932b-48b8-af9c-0371acfb8c93/element/5503672c-710f-406e-935b-ba49b226cf77/location [39m[32m200[39m [90m191 ms - 90[39m
[35m[HTTP][39m [90m[39m
[35m[HTTP][39m [37m-->[39m [37mPOST[39m [37m/wd/hub/session/fcd66c9e-932b-48b8-af9c-0371acfb8c93/timeouts[39m
[35m[HTTP][39m [90m{"implicit":30000}[39m
[35m[HTTP][39m [37m<-- POST /wd/hub/session/fcd66c9e-932b-48b8-af9c-0371acfb8c93/timeouts [39m[32m200[39m [90m3 ms - 14[39m
[35m[HTTP][39m [90m[39m
[35m[HTTP][39m [37m-->[39m [37mPOST[39m [37m/wd/hub/session/fcd66c9e-932b-48b8-af9c-0371acfb8c93/element/5503672c-710f-406e-935b-ba49b226cf77/clear[39m
[35m[HTTP][39m [90m{"id":"5503672c-710f-406e-935b-ba49b226cf77"}[39m
[35m[HTTP][39m [37m<-- POST /wd/hub/session/fcd66c9e-932b-48b8-af9c-0371acfb8c93/element/5503672c-710f-406e-935b-ba49b226cf77/clear [39m[32m200[39m [90m169 ms - 27[39m
[35m[HTTP][39m [90m[39m
[35m[HTTP][39m [37m-->[39m [37mPOST[39m [37m/wd/hub/session/fcd66c9e-932b-48b8-af9c-0371acfb8c93/element/5503672c-710f-406e-935b-ba49b226cf77/value[39m
[35m[HTTP][39m [90m{"id":"5503672c-710f-406e-935b-ba49b226cf77","text":"123456","value":["1","2","3","4","5","6"]}[39m
[35m[HTTP][39m [37m<-- POST /wd/hub/session/fcd66c9e-932b-48b8-af9c-0371acfb8c93/element/5503672c-710f-406e-935b-ba49b226cf77/value [39m[32m200[39m [90m1191 ms - 12[39m
[35m[HTTP][39m [90m[39m
[35m[HTTP][39m [37m-->[39m [37mPOST[39m [37m/wd/hub/session/fcd66c9e-932b-48b8-af9c-0371acfb8c93/timeouts[39m
[35m[HTTP][39m [90m{"implicit":50}[39m
[35m[HTTP][39m [37m<-- POST /wd/hub/session/fcd66c9e-932b-48b8-af9c-0371acfb8c93/timeouts [39m[32m200[39m [90m3 ms - 14[39m
[35m[HTTP][39m [90m[39m
[35m[HTTP][39m [37m-->[39m [37mGET[39m [37m/wd/hub/session/fcd66c9e-932b-48b8-af9c-0371acfb8c93/window/rect[39m
[35m[HTTP][39m [90m{}[39m
[35m[HTTP][39m [37m<-- GET /wd/hub/session/fcd66c9e-932b-48b8-af9c-0371acfb8c93/window/rect [39m[32m200[39m [90m266 ms - 50[39m
[35m[HTTP][39m [90m[39m
[35m[HTTP][39m [37m-->[39m [37mPOST[39m [37m/wd/hub/session/fcd66c9e-932b-48b8-af9c-0371acfb8c93/elements[39m
[35m[HTTP][39m [90m{"using":"xpath","value":"//hierarchy/android.widget.FrameLayout[1]/android.widget.LinearLayout[1]/android.widget.FrameLayout[1]/android.widget.LinearLayout[1]/android.widget.FrameLayout[1]/android.widget.FrameLayout[1]/android.view.ViewGroup[1]/android.view.ViewGroup[1]/android.view.ViewGroup[1]/android.view.ViewGroup[1]/android.support.v4.widget.DrawerLayout[1]/android.view.ViewGroup[1]/android.view.ViewGroup[1]/android.view.ViewGroup[1]/android.view.ViewGroup[1]/android.view.ViewGroup[1]/android.view.ViewGroup[1]/android.widget.ScrollView[1]/android.view.ViewGroup[1]/android.view.ViewGroup[7]/android.widget.TextView[1]"}[39m
[35m[HTTP][39m [37m<-- POST /wd/hub/session/fcd66c9e-932b-48b8-af9c-0371acfb8c93/elements [39m[32m200[39m [90m2294 ms - 139[39m
[35m[HTTP][39m [90m[39m
[35m[HTTP][39m [37m-->[39m [37mGET[39m [37m/wd/hub/session/fcd66c9e-932b-48b8-af9c-0371acfb8c93/element/492851c2-87ba-49ae-ad6a-a66d5369ec5b/location[39m
[35m[HTTP][39m [90m{}[39m
[35m[W3C (fcd66c9e)][39m Driver proxy active, passing request on via HTTP proxy
[35m[WD Proxy][39m Replacing sessionId dd573c51-9979-42ea-b2a6-b2755392d204 with fcd66c9e-932b-48b8-af9c-0371acfb8c93
[35m[HTTP][39m [37m<-- GET /wd/hub/session/fcd66c9e-932b-48b8-af9c-0371acfb8c93/element/492851c2-87ba-49ae-ad6a-a66d5369ec5b/location [39m[32m200[39m [90m33 ms - 90[39m
[35m[HTTP][39m [90m[39m
[35m[HTTP][39m [37m-->[39m [37mPOST[39m [37m/wd/hub/session/fcd66c9e-932b-48b8-af9c-0371acfb8c93/timeouts[39m
[35m[HTTP][39m [90m{"implicit":30000}[39m
[35m[HTTP][39m [37m<-- POST /wd/hub/session/fcd66c9e-932b-48b8-af9c-0371acfb8c93/timeouts [39m[32m200[39m [90m2 ms - 14[39m
[35m[HTTP][39m [90m[39m
[35m[HTTP][39m [37m-->[39m [37mPOST[39m [37m/wd/hub/session/fcd66c9e-932b-48b8-af9c-0371acfb8c93/touch/perform[39m
[35m[HTTP][39m [90m{"actions":[{"action":"tap","options":{"x":1,"y":1,"element":"492851c2-87ba-49ae-ad6a-a66d5369ec5b"}},{"action":"release","options":{}}]}[39m
[35m[UiAutomator2][39m calling get location: 492851c2-87ba-49ae-ad6a-a66d5369ec5b
[35m[HTTP][39m [37m<-- POST /wd/hub/session/fcd66c9e-932b-48b8-af9c-0371acfb8c93/touch/perform [39m[32m200[39m [90m82 ms - 14[39m
[35m[HTTP][39m [90m[39m
[35m[HTTP][39m [37m-->[39m [37mPOST[39m [37m/wd/hub/session/fcd66c9e-932b-48b8-af9c-0371acfb8c93/timeouts[39m
[35m[HTTP][39m [90m{"implicit":50}[39m
[35m[HTTP][39m [37m<-- POST /wd/hub/session/fcd66c9e-932b-48b8-af9c-0371acfb8c93/timeouts [39m[32m200[39m [90m2 ms - 14[39m
[35m[HTTP][39m [90m[39m
[35m[HTTP][39m [37m-->[39m [37mGET[39m [37m/wd/hub/session/fcd66c9e-932b-48b8-af9c-0371acfb8c93/window/rect[39m
[35m[HTTP][39m [90m{}[39m
[35m[HTTP][39m [37m<-- GET /wd/hub/session/fcd66c9e-932b-48b8-af9c-0371acfb8c93/window/rect [39m[32m200[39m [90m113 ms - 50[39m
[35m[HTTP][39m [90m[39m
[35m[HTTP][39m [37m-->[39m [37mPOST[39m [37m/wd/hub/session/fcd66c9e-932b-48b8-af9c-0371acfb8c93/elements[39m
[35m[HTTP][39m [90m{"using":"-android uiautomator","value":"new UiSelector().className(\"android.widget.TextView\").text(\"Bannerghatta Main Road, BTM Layout, 2nd Stage, 2nd Main Road, No 18, First Floor, Bengaluru, Karnataka 560076, India\")"}[39m
[35m[HTTP][39m [37m<-- POST /wd/hub/session/fcd66c9e-932b-48b8-af9c-0371acfb8c93/elements [39m[32m200[39m [90m78 ms - 12[39m
[35m[HTTP][39m [90m[39m
[35m[HTTP][39m [37m-->[39m [37mPOST[39m [37m/wd/hub/session/fcd66c9e-932b-48b8-af9c-0371acfb8c93/elements[39m
[35m[HTTP][39m [90m{"using":"-android uiautomator","value":"new UiSelector().className(\"android.widget.TextView\").text(\"Bannerghatta Main Road, BTM Layout, 2nd Stage, 2nd Main Road, No 18, First Floor, Bengaluru, Karnataka 560076, India\")"}[39m
[35m[HTTP][39m [37m<-- POST /wd/hub/session/fcd66c9e-932b-48b8-af9c-0371acfb8c93/elements [39m[32m200[39m [90m817 ms - 12[39m
[35m[HTTP][39m [90m[39m
[35m[HTTP][39m [37m-->[39m [37mPOST[39m [37m/wd/hub/session/fcd66c9e-932b-48b8-af9c-0371acfb8c93/elements[39m
[35m[HTTP][39m [90m{"using":"-android uiautomator","value":"new UiSelector().className(\"android.widget.TextView\").text(\"Bannerghatta Main Road, BTM Layout, 2nd Stage, 2nd Main Road, No 18, First Floor, Bengaluru, Karnataka 560076, India\")"}[39m
[35m[HTTP][39m [37m<-- POST /wd/hub/session/fcd66c9e-932b-48b8-af9c-0371acfb8c93/elements [39m[32m200[39m [90m125 ms - 12[39m
[35m[HTTP][39m [90m[39m
[35m[HTTP][39m [37m-->[39m [37mPOST[39m [37m/wd/hub/session/fcd66c9e-932b-48b8-af9c-0371acfb8c93/elements[39m
[35m[HTTP][39m [90m{"using":"-android uiautomator","value":"new UiSelector().className(\"android.widget.TextView\").text(\"Bannerghatta Main Road, BTM Layout, 2nd Stage, 2nd Main Road, No 18, First Floor, Bengaluru, Karnataka 560076, India\")"}[39m
[35m[HTTP][39m [37m<-- POST /wd/hub/session/fcd66c9e-932b-48b8-af9c-0371acfb8c93/elements [39m[32m200[39m [90m428 ms - 12[39m
[35m[HTTP][39m [90m[39m
[35m[HTTP][39m [37m-->[39m [37mPOST[39m [37m/wd/hub/session/fcd66c9e-932b-48b8-af9c-0371acfb8c93/elements[39m
[35m[HTTP][39m [90m{"using":"-android uiautomator","value":"new UiSelector().className(\"android.widget.TextView\").text(\"Bannerghatta Main Road, BTM Layout, 2nd Stage, 2nd Main Road, No 18, First Floor, Bengaluru, Karnataka 560076, India\")"}[39m
[35m[HTTP][39m [37m<-- POST /wd/hub/session/fcd66c9e-932b-48b8-af9c-0371acfb8c93/elements [39m[32m200[39m [90m468 ms - 12[39m
[35m[HTTP][39m [90m[39m
[35m[HTTP][39m [37m-->[39m [37mPOST[39m [37m/wd/hub/session/fcd66c9e-932b-48b8-af9c-0371acfb8c93/elements[39m
[35m[HTTP][39m [90m{"using":"-android uiautomator","value":"new UiSelector().className(\"android.widget.TextView\").text(\"Bannerghatta Main Road, BTM Layout, 2nd Stage, 2nd Main Road, No 18, First Floor, Bengaluru, Karnataka 560076, India\")"}[39m
[35m[HTTP][39m [37m<-- POST /wd/hub/session/fcd66c9e-932b-48b8-af9c-0371acfb8c93/elements [39m[32m200[39m [90m1138 ms - 12[39m
[35m[HTTP][39m [90m[39m
[35m[HTTP][39m [37m-->[39m [37mPOST[39m [37m/wd/hub/session/fcd66c9e-932b-48b8-af9c-0371acfb8c93/elements[39m
[35m[HTTP][39m [90m{"using":"-android uiautomator","value":"new UiSelector().className(\"android.widget.TextView\").text(\"Bannerghatta Main Road, BTM Layout, 2nd Stage, 2nd Main Road, No 18, First Floor, Bengaluru, Karnataka 560076, India\")"}[39m
[35m[HTTP][39m [37m<-- POST /wd/hub/session/fcd66c9e-932b-48b8-af9c-0371acfb8c93/elements [39m[32m200[39m [90m493 ms - 12[39m
[35m[HTTP][39m [90m[39m
[35m[HTTP][39m [37m-->[39m [37mPOST[39m [37m/wd/hub/session/fcd66c9e-932b-48b8-af9c-0371acfb8c93/elements[39m
[35m[HTTP][39m [90m{"using":"-android uiautomator","value":"new UiSelector().className(\"android.widget.TextView\").text(\"Bannerghatta Main Road, BTM Layout, 2nd Stage, 2nd Main Road, No 18, First Floor, Bengaluru, Karnataka 560076, India\")"}[39m
[35m[HTTP][39m [37m<-- POST /wd/hub/session/fcd66c9e-932b-48b8-af9c-0371acfb8c93/elements [39m[32m200[39m [90m432 ms - 12[39m
[35m[HTTP][39m [90m[39m
[35m[HTTP][39m [37m-->[39m [37mPOST[39m [37m/wd/hub/session/fcd66c9e-932b-48b8-af9c-0371acfb8c93/elements[39m
[35m[HTTP][39m [90m{"using":"-android uiautomator","value":"new UiSelector().className(\"android.widget.TextView\").text(\"Bannerghatta Main Road, BTM Layout, 2nd Stage, 2nd Main Road, No 18, First Floor, Bengaluru, Karnataka 560076, India\")"}[39m
[35m[HTTP][39m [37m<-- POST /wd/hub/session/fcd66c9e-932b-48b8-af9c-0371acfb8c93/elements [39m[32m200[39m [90m672 ms - 12[39m
[35m[HTTP][39m [90m[39m
[35m[HTTP][39m [37m-->[39m [37mPOST[39m [37m/wd/hub/session/fcd66c9e-932b-48b8-af9c-0371acfb8c93/elements[39m
[35m[HTTP][39m [90m{"using":"-android uiautomator","value":"new UiSelector().className(\"android.widget.TextView\").text(\"Bannerghatta Main Road, BTM Layout, 2nd Stage, 2nd Main Road, No 18, First Floor, Bengaluru, Karnataka 560076, India\")"}[39m
[35m[HTTP][39m [37m<-- POST /wd/hub/session/fcd66c9e-932b-48b8-af9c-0371acfb8c93/elements [39m[32m200[39m [90m291 ms - 12[39m
[35m[HTTP][39m [90m[39m
[35m[HTTP][39m [37m-->[39m [37mPOST[39m [37m/wd/hub/session/fcd66c9e-932b-48b8-af9c-0371acfb8c93/elements[39m
[35m[HTTP][39m [90m{"using":"-android uiautomator","value":"new UiSelector().className(\"android.widget.TextView\").text(\"Bannerghatta Main Road, BTM Layout, 2nd Stage, 2nd Main Road, No 18, First Floor, Bengaluru, Karnataka 560076, India\")"}[39m
[35m[HTTP][39m [37m<-- POST /wd/hub/session/fcd66c9e-932b-48b8-af9c-0371acfb8c93/elements [39m[32m200[39m [90m475 ms - 12[39m
[35m[HTTP][39m [90m[39m
[35m[HTTP][39m [37m-->[39m [37mPOST[39m [37m/wd/hub/session/fcd66c9e-932b-48b8-af9c-0371acfb8c93/elements[39m
[35m[HTTP][39m [90m{"using":"-android uiautomator","value":"new UiSelector().className(\"android.widget.TextView\").text(\"Bannerghatta Main Road, BTM Layout, 2nd Stage, 2nd Main Road, No 18, First Floor, Bengaluru, Karnataka 560076, India\")"}[39m
[35m[HTTP][39m [37m<-- POST /wd/hub/session/fcd66c9e-932b-48b8-af9c-0371acfb8c93/elements [39m[32m200[39m [90m316 ms - 12[39m
[35m[HTTP][39m [90m[39m
[35m[HTTP][39m [37m-->[39m [37mPOST[39m [37m/wd/hub/session/fcd66c9e-932b-48b8-af9c-0371acfb8c93/elements[39m
[35m[HTTP][39m [90m{"using":"-android uiautomator","value":"new UiSelector().className(\"android.widget.TextView\").text(\"Bannerghatta Main Road, BTM Layout, 2nd Stage, 2nd Main Road, No 18, First Floor, Bengaluru, Karnataka 560076, India\")"}[39m
[35m[HTTP][39m [37m<-- POST /wd/hub/session/fcd66c9e-932b-48b8-af9c-0371acfb8c93/elements [39m[32m200[39m [90m743 ms - 12[39m
[35m[HTTP][39m [90m[39m
[35m[HTTP][39m [37m-->[39m [37mPOST[39m [37m/wd/hub/session/fcd66c9e-932b-48b8-af9c-0371acfb8c93/elements[39m
[35m[HTTP][39m [90m{"using":"-android uiautomator","value":"new UiSelector().className(\"android.widget.TextView\").text(\"Bannerghatta Main Road, BTM Layout, 2nd Stage, 2nd Main Road, No 18, First Floor, Bengaluru, Karnataka 560076, India\")"}[39m
[35m[HTTP][39m [37m<-- POST /wd/hub/session/fcd66c9e-932b-48b8-af9c-0371acfb8c93/elements [39m[32m200[39m [90m506 ms - 12[39m
[35m[HTTP][39m [90m[39m
[35m[HTTP][39m [37m-->[39m [37mPOST[39m [37m/wd/hub/session/fcd66c9e-932b-48b8-af9c-0371acfb8c93/elements[39m
[35m[HTTP][39m [90m{"using":"-android uiautomator","value":"new UiSelector().className(\"android.widget.TextView\").text(\"Bannerghatta Main Road, BTM Layout, 2nd Stage, 2nd Main Road, No 18, First Floor, Bengaluru, Karnataka 560076, India\")"}[39m
[35m[HTTP][39m [37m<-- POST /wd/hub/session/fcd66c9e-932b-48b8-af9c-0371acfb8c93/elements [39m[32m200[39m [90m6250 ms - 139[39m
[35m[HTTP][39m [90m[39m
[35m[HTTP][39m [37m-->[39m [37mGET[39m [37m/wd/hub/session/fcd66c9e-932b-48b8-af9c-0371acfb8c93/element/b276f766-37e8-41c0-97bb-871cdb7f5e6d/location[39m
[35m[HTTP][39m [90m{}[39m
[35m[W3C (fcd66c9e)][39m Driver proxy active, passing request on via HTTP proxy
[35m[WD Proxy][39m Replacing sessionId dd573c51-9979-42ea-b2a6-b2755392d204 with fcd66c9e-932b-48b8-af9c-0371acfb8c93
[35m[HTTP][39m [37m<-- GET /wd/hub/session/fcd66c9e-932b-48b8-af9c-0371acfb8c93/element/b276f766-37e8-41c0-97bb-871cdb7f5e6d/location [39m[32m200[39m [90m139 ms - 89[39m
[35m[HTTP][39m [90m[39m
[35m[HTTP][39m [37m-->[39m [37mPOST[39m [37m/wd/hub/session/fcd66c9e-932b-48b8-af9c-0371acfb8c93/timeouts[39m
[35m[HTTP][39m [90m{"implicit":30000}[39m
[35m[HTTP][39m [37m<-- POST /wd/hub/session/fcd66c9e-932b-48b8-af9c-0371acfb8c93/timeouts [39m[32m200[39m [90m5 ms - 14[39m
[35m[HTTP][39m [90m[39m
[35m[HTTP][39m [37m-->[39m [37mPOST[39m [37m/wd/hub/session/fcd66c9e-932b-48b8-af9c-0371acfb8c93/touch/perform[39m
[35m[HTTP][39m [90m{"actions":[{"action":"tap","options":{"x":1,"y":1,"element":"b276f766-37e8-41c0-97bb-871cdb7f5e6d"}},{"action":"release","options":{}}]}[39m
[35m[UiAutomator2][39m calling get location: b276f766-37e8-41c0-97bb-871cdb7f5e6d
[35m[HTTP][39m [37m<-- POST /wd/hub/session/fcd66c9e-932b-48b8-af9c-0371acfb8c93/touch/perform [39m[32m200[39m [90m3217 ms - 14[39m
[35m[HTTP][39m [90m[39m
[35m[HTTP][39m [37m-->[39m [37mPOST[39m [37m/wd/hub/session/fcd66c9e-932b-48b8-af9c-0371acfb8c93/timeouts[39m
[35m[HTTP][39m [90m{"implicit":50}[39m
[35m[HTTP][39m [37m<-- POST /wd/hub/session/fcd66c9e-932b-48b8-af9c-0371acfb8c93/timeouts [39m[32m200[39m [90m3 ms - 14[39m
[35m[HTTP][39m [90m[39m
[35m[HTTP][39m [37m-->[39m [37mGET[39m [37m/wd/hub/session/fcd66c9e-932b-48b8-af9c-0371acfb8c93/window/rect[39m
[35m[HTTP][39m [90m{}[39m
[35m[HTTP][39m [37m<-- GET /wd/hub/session/fcd66c9e-932b-48b8-af9c-0371acfb8c93/window/rect [39m[32m200[39m [90m107 ms - 50[39m
[35m[HTTP][39m [90m[39m
[35m[HTTP][39m [37m-->[39m [37mPOST[39m [37m/wd/hub/session/fcd66c9e-932b-48b8-af9c-0371acfb8c93/elements[39m
[35m[HTTP][39m [90m{"using":"-android uiautomator","value":"new UiSelector().className(\"android.widget.EditText\").text(\"Search for locality or place\")"}[39m
[35m[HTTP][39m [37m<-- POST /wd/hub/session/fcd66c9e-932b-48b8-af9c-0371acfb8c93/elements [39m[32m200[39m [90m189 ms - 139[39m
[35m[HTTP][39m [90m[39m
[35m[HTTP][39m [37m-->[39m [37mGET[39m [37m/wd/hub/session/fcd66c9e-932b-48b8-af9c-0371acfb8c93/element/65109e6e-c213-47a7-9760-b9949e25ee75/location[39m
[35m[HTTP][39m [90m{}[39m
[35m[W3C (fcd66c9e)][39m Driver proxy active, passing request on via HTTP proxy
[35m[WD Proxy][39m Replacing sessionId dd573c51-9979-42ea-b2a6-b2755392d204 with fcd66c9e-932b-48b8-af9c-0371acfb8c93
[35m[HTTP][39m [37m<-- GET /wd/hub/session/fcd66c9e-932b-48b8-af9c-0371acfb8c93/element/65109e6e-c213-47a7-9760-b9949e25ee75/location [39m[32m200[39m [90m178 ms - 88[39m
[35m[HTTP][39m [90m[39m
[35m[HTTP][39m [37m-->[39m [37mPOST[39m [37m/wd/hub/session/fcd66c9e-932b-48b8-af9c-0371acfb8c93/timeouts[39m
[35m[HTTP][39m [90m{"implicit":30000}[39m
[35m[HTTP][39m [37m<-- POST /wd/hub/session/fcd66c9e-932b-48b8-af9c-0371acfb8c93/timeouts [39m[32m200[39m [90m4 ms - 14[39m
[35m[HTTP][39m [90m[39m
[35m[HTTP][39m [37m-->[39m [37mPOST[39m [37m/wd/hub/session/fcd66c9e-932b-48b8-af9c-0371acfb8c93/element/65109e6e-c213-47a7-9760-b9949e25ee75/clear[39m
[35m[HTTP][39m [90m{"id":"65109e6e-c213-47a7-9760-b9949e25ee75"}[39m
[35m[HTTP][39m [37m<-- POST /wd/hub/session/fcd66c9e-932b-48b8-af9c-0371acfb8c93/element/65109e6e-c213-47a7-9760-b9949e25ee75/clear [39m[32m200[39m [90m164 ms - 27[39m
[35m[HTTP][39m [90m[39m
[35m[HTTP][39m [37m-->[39m [37mPOST[39m [37m/wd/hub/session/fcd66c9e-932b-48b8-af9c-0371acfb8c93/element/65109e6e-c213-47a7-9760-b9949e25ee75/value[39m
[35m[HTTP][39m [90m{"id":"65109e6e-c213-47a7-9760-b9949e25ee75","text":"geekyants","value":["g","e","e","k","y","a","n","t","s"]}[39m
[35m[HTTP][39m [37m<-- POST /wd/hub/session/fcd66c9e-932b-48b8-af9c-0371acfb8c93/element/65109e6e-c213-47a7-9760-b9949e25ee75/value [39m[32m200[39m [90m4210 ms - 12[39m
[35m[HTTP][39m [90m[39m
[35m[HTTP][39m [37m-->[39m [37mPOST[39m [37m/wd/hub/session/fcd66c9e-932b-48b8-af9c-0371acfb8c93/timeouts[39m
[35m[HTTP][39m [90m{"implicit":50}[39m
[35m[HTTP][39m [37m<-- POST /wd/hub/session/fcd66c9e-932b-48b8-af9c-0371acfb8c93/timeouts [39m[32m200[39m [90m2 ms - 14[39m
[35m[HTTP][39m [90m[39m
[35m[HTTP][39m [37m-->[39m [37mGET[39m [37m/wd/hub/session/fcd66c9e-932b-48b8-af9c-0371acfb8c93/window/rect[39m
[35m[HTTP][39m [90m{}[39m
[35m[HTTP][39m [37m<-- GET /wd/hub/session/fcd66c9e-932b-48b8-af9c-0371acfb8c93/window/rect [39m[32m200[39m [90m53 ms - 50[39m
[35m[HTTP][39m [90m[39m
[35m[HTTP][39m [37m-->[39m [37mPOST[39m [37m/wd/hub/session/fcd66c9e-932b-48b8-af9c-0371acfb8c93/elements[39m
[35m[HTTP][39m [90m{"using":"-android uiautomator","value":"new UiSelector().className(\"android.widget.TextView\").text(\"GeekyAnts Software Pvt Ltd, Industrial Area, Stage 2, BTM 2nd Stage, Bengaluru, Karnataka, India\")"}[39m
[35m[WD Proxy][39m Got an unexpected response: {"code":"ECONNRESET"}
[35m[HTTP][39m [37m<-- POST /wd/hub/session/fcd66c9e-932b-48b8-af9c-0371acfb8c93/elements [39m[31m500[39m [90m1787 ms - 564[39m
[35m[HTTP][39m [90m[39m
[35m[HTTP][39m [37m-->[39m [37mPOST[39m [37m/wd/hub/session/fcd66c9e-932b-48b8-af9c-0371acfb8c93/timeouts[39m
[35m[HTTP][39m [90m{"implicit":30000}[39m
[35m[HTTP][39m [37m<-- POST /wd/hub/session/fcd66c9e-932b-48b8-af9c-0371acfb8c93/timeouts [39m[32m200[39m [90m2 ms - 14[39m
[35m[HTTP][39m [90m[39m
[35m[HTTP][39m [37m-->[39m [37mGET[39m [37m/wd/hub/session/fcd66c9e-932b-48b8-af9c-0371acfb8c93/context[39m
[35m[HTTP][39m [90m{}[39m
[35m[HTTP][39m [37m<-- GET /wd/hub/session/fcd66c9e-932b-48b8-af9c-0371acfb8c93/context [39m[32m200[39m [90m2 ms - 22[39m
[35m[HTTP][39m [90m[39m
[35m[HTTP][39m [37m-->[39m [37mGET[39m [37m/wd/hub/session/fcd66c9e-932b-48b8-af9c-0371acfb8c93/contexts[39m
[35m[HTTP][39m [90m{}[39m
[35m[HTTP][39m [37m<-- GET /wd/hub/session/fcd66c9e-932b-48b8-af9c-0371acfb8c93/contexts [39m[32m200[39m [90m86 ms - 24[39m
[35m[HTTP][39m [90m[39m
[35m[HTTP][39m [37m-->[39m [37mPOST[39m [37m/wd/hub/session/fcd66c9e-932b-48b8-af9c-0371acfb8c93/context[39m
[35m[HTTP][39m [90m{"name":"NATIVE_APP"}[39m
[35m[HTTP][39m [37m<-- POST /wd/hub/session/fcd66c9e-932b-48b8-af9c-0371acfb8c93/context [39m[32m200[39m [90m2 ms - 14[39m
[35m[HTTP][39m [90m[39m
[35m[HTTP][39m [37m-->[39m [37mGET[39m [37m/wd/hub/session/fcd66c9e-932b-48b8-af9c-0371acfb8c93/screenshot[39m
[35m[HTTP][39m [90m{}[39m
[35m[WD Proxy][39m Got an unexpected response: {"code":"ECONNRESET"}
[35m[HTTP][39m [37m<-- GET /wd/hub/session/fcd66c9e-932b-48b8-af9c-0371acfb8c93/screenshot [39m[31m500[39m [90m85 ms - 564[39m
[35m[HTTP][39m [90m[39m
[35m[HTTP][39m [37m-->[39m [37mPOST[39m [37m/wd/hub/session/fcd66c9e-932b-48b8-af9c-0371acfb8c93/context[39m
[35m[HTTP][39m [90m{"name":"NATIVE_APP"}[39m
[35m[HTTP][39m [37m<-- POST /wd/hub/session/fcd66c9e-932b-48b8-af9c-0371acfb8c93/context [39m[32m200[39m [90m2 ms - 14[39m
[35m[HTTP][39m [90m[39m
[35m[HTTP][39m [37m-->[39m [37mDELETE[39m [37m/wd/hub/session/fcd66c9e-932b-48b8-af9c-0371acfb8c93[39m
[35m[HTTP][39m [90m{}[39m
[35m[Appium][39m Removing session fcd66c9e-932b-48b8-af9c-0371acfb8c93 from our master session list
[35m[WD Proxy][39m Got an unexpected response: {"code":"ECONNRESET"}
[35m[UiAutomator2][39m Did not get confirmation UiAutomator2 deleteSession worked; Error was: UnknownError: An unknown server-side error occurred while processing the command. Original error: Could not proxy command to remote server. Original error: Error: socket hang up
[35m[ADB][39m io.nativebase.market.geekyants.taxiapprider was successfully uninstalled
[35m[UiAutomator2][39m Restoring hidden api policy to the device default configuration
[35m[HTTP][39m [37m<-- DELETE /wd/hub/session/fcd66c9e-932b-48b8-af9c-0371acfb8c93 [39m[32m200[39m [90m4289 ms - 14[39m
[35m[HTTP][39m [90m[39m
