[35m[Appium][39m Welcome to Appium v1.14.0
[35m[Appium][39m Non-default server args:
[35m[Appium][39m   port: 54596
[35m[Appium][39m   loglevel: info
[35m[Appium][39m   chromeDriverPort: 54597
[35m[Appium][39m   tmpDir: /var/folders/38/x4crs4qx0hn0r3_szny2t9sw0000gn/T//Katalon/Appium/Temp1565898924007
[35m[Appium][39m Appium REST http interface listener started on 0.0.0.0:54596
[35m[HTTP][39m [37m-->[39m [37mGET[39m [37m/wd/hub/status[39m
[35m[HTTP][39m [90m{}[39m
[35m[HTTP][39m [37m<-- GET /wd/hub/status [39m[32m200[39m [90m28 ms - 68[39m
[35m[HTTP][39m [90m[39m
[35m[HTTP][39m [37m-->[39m [37mPOST[39m [37m/wd/hub/session[39m
[35m[HTTP][39m [90m{"desiredCapabilities":{"app":"/Users/sumittulsyan/Downloads/app-release.apk","noReset":false,"deviceName":"Xiaomi Redmi Note 4 (Android 7.0)","fullReset":true,"platform":"ANDROID","newCommandTimeout":1800,"platformVersion":"7.0","automationName":"uiautomator2","autoGrantPermissions":true,"platformName":"Android","udid":"ffacc61e0004","systemPort":54595},"capabilities":{"firstMatch":[{"appium:app":"/Users/sumittulsyan/Downloads/app-release.apk","appium:autoGrantPermissions":true,"appium:automationName":"uiautomator2","appium:deviceName":"Xiaomi Redmi Note 4 (Android 7.0)","appium:fullReset":true,"appium:newCommandTimeout":1800,"appium:noReset":false,"platform":"ANDROID","platformName":"android","appium:platformVersion":"7.0","appium:systemPort":54595,"appium:udid":"ffacc61e0004"}]}}[39m
[35m[BaseDriver][39m The capabilities ["platform"] are not standard capabilities and should have an extension prefix
[35m[Appium][39m Appium v1.14.0 creating new AndroidUiautomator2Driver (v1.33.1) session
[35m[Appium][39m Capabilities:
[35m[Appium][39m   platform: ANDROID
[35m[Appium][39m   platformName: android
[35m[Appium][39m   app: /Users/sumittulsyan/Downloads/app-release.apk
[35m[Appium][39m   autoGrantPermissions: true
[35m[Appium][39m   automationName: uiautomator2
[35m[Appium][39m   deviceName: Xiaomi Redmi Note 4 (Android 7.0)
[35m[Appium][39m   fullReset: true
[35m[Appium][39m   newCommandTimeout: 1800
[35m[Appium][39m   noReset: false
[35m[Appium][39m   platformVersion: 7.0
[35m[Appium][39m   systemPort: 54595
[35m[Appium][39m   udid: ffacc61e0004
[35m[BaseDriver][39m The following capabilities were provided, but are not recognized by Appium:
[35m[BaseDriver][39m   platform
[35m[BaseDriver][39m Session created with session id: 75ceb81d-ee4e-4a70-91d7-eef40d21b8c2
[35m[BaseDriver][39m Using local app '/Users/sumittulsyan/Downloads/app-release.apk'
[35m[ADB][39m Found 1 'build-tools' folders under '/Users/sumittulsyan/.katalon/tools/android_sdk' (newest first):
[35m[ADB][39m     /Users/sumittulsyan/.katalon/tools/android_sdk/build-tools/29.0.1
[35m[ADB][39m Using 'adb' from '/Users/sumittulsyan/.katalon/tools/android_sdk/platform-tools/adb'
[35m[AndroidDriver][39m Retrieving device list
[35m[AndroidDriver][39m Using device: ffacc61e0004
[35m[ADB][39m Using 'adb' from '/Users/sumittulsyan/.katalon/tools/android_sdk/platform-tools/adb'
[35m[ADB][39m Using 'apkanalyzer' from '/Users/sumittulsyan/.katalon/tools/android_sdk/tools/bin/apkanalyzer'
[35m[ADB][39m Package name: 'io.nativebase.market.geekyants.taxiappdriver'
[35m[ADB][39m Main activity name: 'io.nativebase.market.geekyants.taxiappdriver.MainActivity'
[35m[ADB][39m Using 'aapt' from '/Users/sumittulsyan/.katalon/tools/android_sdk/build-tools/29.0.1/aapt'
[35m[ADB][39m Using 'apksigner' from '/Users/sumittulsyan/.katalon/tools/android_sdk/build-tools/29.0.1/apksigner'
[35m[UiAutomator2][39m Server packages are not going to be (re)installed
[35m[ADB][39m io.nativebase.market.geekyants.taxiappdriver was successfully uninstalled
[35m[ADB][39m The application at '/Users/sumittulsyan/Downloads/app-release.apk' is already cached to '/data/local/tmp/appium_cache/0a4c298d81fa9fed8129162356ad8641ab361e22.apk'
[35m[ADB][39m The installation of 'app-release.apk' took 15.940s
[35m[UiAutomator2][39m Starting UIAutomator2 server 3.7.0
[35m[UiAutomator2][39m Using UIAutomator2 server from '/Users/sumittulsyan/Downloads/appium-mobile-test/node_modules/appium-uiautomator2-server/apks/appium-uiautomator2-server-v3.7.0.apk' and test from '/Users/sumittulsyan/Downloads/appium-mobile-test/node_modules/appium-uiautomator2-server/apks/appium-uiautomator2-server-debug-androidTest.apk'
[35m[UiAutomator2][39m Waiting up to 30000ms for UiAutomator2 to be online...
[35m[WD Proxy][39m Got an unexpected response: {"code":"ECONNRESET"}
[35m[WD Proxy][39m Got an unexpected response: {"code":"ECONNRESET"}
[35m[AndroidDriver][39m Screen already unlocked, doing nothing
[35m[UiAutomator2][39m UiAutomator2 did not start the activity we were waiting for, 'io.nativebase.market.geekyants.taxiappdriver/io.nativebase.market.geekyants.taxiappdriver.MainActivity'. Starting it ourselves
[35m[Appium][39m New AndroidUiautomator2Driver session created successfully, session 75ceb81d-ee4e-4a70-91d7-eef40d21b8c2 added to master session list
[35m[HTTP][39m [37m<-- POST /wd/hub/session [39m[32m200[39m [90m35221 ms - 1229[39m
[35m[HTTP][39m [90m[39m
[35m[HTTP][39m [37m-->[39m [37mGET[39m [37m/wd/hub/session/75ceb81d-ee4e-4a70-91d7-eef40d21b8c2[39m
[35m[HTTP][39m [90m{}[39m
[35m[HTTP][39m [37m<-- GET /wd/hub/session/75ceb81d-ee4e-4a70-91d7-eef40d21b8c2 [39m[32m200[39m [90m52 ms - 1161[39m
[35m[HTTP][39m [90m[39m
[35m[HTTP][39m [37m-->[39m [37mGET[39m [37m/wd/hub/session/75ceb81d-ee4e-4a70-91d7-eef40d21b8c2[39m
[35m[HTTP][39m [90m{}[39m
[35m[HTTP][39m [37m<-- GET /wd/hub/session/75ceb81d-ee4e-4a70-91d7-eef40d21b8c2 [39m[32m200[39m [90m20 ms - 1161[39m
[35m[HTTP][39m [90m[39m
[35m[HTTP][39m [37m-->[39m [37mGET[39m [37m/wd/hub/status[39m
[35m[HTTP][39m [90m{}[39m
[35m[HTTP][39m [37m<-- GET /wd/hub/status [39m[32m200[39m [90m1 ms - 68[39m
[35m[HTTP][39m [90m[39m
[35m[HTTP][39m [37m-->[39m [37mPOST[39m [37m/wd/hub/session/75ceb81d-ee4e-4a70-91d7-eef40d21b8c2/timeouts[39m
[35m[HTTP][39m [90m{"implicit":30000}[39m
[35m[HTTP][39m [37m<-- POST /wd/hub/session/75ceb81d-ee4e-4a70-91d7-eef40d21b8c2/timeouts [39m[32m200[39m [90m3 ms - 14[39m
[35m[HTTP][39m [90m[39m
[35m[HTTP][39m [37m-->[39m [37mPOST[39m [37m/wd/hub/session/75ceb81d-ee4e-4a70-91d7-eef40d21b8c2/timeouts[39m
[35m[HTTP][39m [90m{"implicit":50}[39m
[35m[HTTP][39m [37m<-- POST /wd/hub/session/75ceb81d-ee4e-4a70-91d7-eef40d21b8c2/timeouts [39m[32m200[39m [90m2 ms - 14[39m
[35m[HTTP][39m [90m[39m
[35m[HTTP][39m [37m-->[39m [37mGET[39m [37m/wd/hub/session/75ceb81d-ee4e-4a70-91d7-eef40d21b8c2/window/rect[39m
[35m[HTTP][39m [90m{}[39m
[35m[HTTP][39m [37m<-- GET /wd/hub/session/75ceb81d-ee4e-4a70-91d7-eef40d21b8c2/window/rect [39m[32m200[39m [90m20 ms - 50[39m
[35m[HTTP][39m [90m[39m
[35m[HTTP][39m [37m-->[39m [37mPOST[39m [37m/wd/hub/session/75ceb81d-ee4e-4a70-91d7-eef40d21b8c2/elements[39m
[35m[HTTP][39m [90m{"using":"-android uiautomator","value":"new UiSelector().className(\"android.widget.TextView\").text(\"Sign In\")"}[39m
[35m[HTTP][39m [37m<-- POST /wd/hub/session/75ceb81d-ee4e-4a70-91d7-eef40d21b8c2/elements [39m[32m200[39m [90m598 ms - 12[39m
[35m[HTTP][39m [90m[39m
[35m[HTTP][39m [37m-->[39m [37mPOST[39m [37m/wd/hub/session/75ceb81d-ee4e-4a70-91d7-eef40d21b8c2/elements[39m
[35m[HTTP][39m [90m{"using":"-android uiautomator","value":"new UiSelector().className(\"android.widget.TextView\").text(\"Sign In\")"}[39m
[35m[HTTP][39m [37m<-- POST /wd/hub/session/75ceb81d-ee4e-4a70-91d7-eef40d21b8c2/elements [39m[32m200[39m [90m567 ms - 12[39m
[35m[HTTP][39m [90m[39m
[35m[HTTP][39m [37m-->[39m [37mPOST[39m [37m/wd/hub/session/75ceb81d-ee4e-4a70-91d7-eef40d21b8c2/elements[39m
[35m[HTTP][39m [90m{"using":"-android uiautomator","value":"new UiSelector().className(\"android.widget.TextView\").text(\"Sign In\")"}[39m
[35m[HTTP][39m [37m<-- POST /wd/hub/session/75ceb81d-ee4e-4a70-91d7-eef40d21b8c2/elements [39m[32m200[39m [90m589 ms - 12[39m
[35m[HTTP][39m [90m[39m
[35m[HTTP][39m [37m-->[39m [37mPOST[39m [37m/wd/hub/session/75ceb81d-ee4e-4a70-91d7-eef40d21b8c2/elements[39m
[35m[HTTP][39m [90m{"using":"-android uiautomator","value":"new UiSelector().className(\"android.widget.TextView\").text(\"Sign In\")"}[39m
[35m[HTTP][39m [37m<-- POST /wd/hub/session/75ceb81d-ee4e-4a70-91d7-eef40d21b8c2/elements [39m[32m200[39m [90m581 ms - 12[39m
[35m[HTTP][39m [90m[39m
[35m[HTTP][39m [37m-->[39m [37mPOST[39m [37m/wd/hub/session/75ceb81d-ee4e-4a70-91d7-eef40d21b8c2/elements[39m
[35m[HTTP][39m [90m{"using":"-android uiautomator","value":"new UiSelector().className(\"android.widget.TextView\").text(\"Sign In\")"}[39m
[35m[HTTP][39m [37m<-- POST /wd/hub/session/75ceb81d-ee4e-4a70-91d7-eef40d21b8c2/elements [39m[32m200[39m [90m580 ms - 12[39m
[35m[HTTP][39m [90m[39m
[35m[HTTP][39m [37m-->[39m [37mPOST[39m [37m/wd/hub/session/75ceb81d-ee4e-4a70-91d7-eef40d21b8c2/elements[39m
[35m[HTTP][39m [90m{"using":"-android uiautomator","value":"new UiSelector().className(\"android.widget.TextView\").text(\"Sign In\")"}[39m
[35m[HTTP][39m [37m<-- POST /wd/hub/session/75ceb81d-ee4e-4a70-91d7-eef40d21b8c2/elements [39m[32m200[39m [90m1712 ms - 139[39m
[35m[HTTP][39m [90m[39m
[35m[HTTP][39m [37m-->[39m [37mGET[39m [37m/wd/hub/session/75ceb81d-ee4e-4a70-91d7-eef40d21b8c2/element/ff504bf7-106f-4d95-bc9f-185b61401ca1/location[39m
[35m[HTTP][39m [90m{}[39m
[35m[W3C (75ceb81d)][39m Driver proxy active, passing request on via HTTP proxy
[35m[WD Proxy][39m Replacing sessionId 6a9c7f17-e28f-4d64-9b03-882fd771bc5d with 75ceb81d-ee4e-4a70-91d7-eef40d21b8c2
[35m[HTTP][39m [37m<-- GET /wd/hub/session/75ceb81d-ee4e-4a70-91d7-eef40d21b8c2/element/ff504bf7-106f-4d95-bc9f-185b61401ca1/location [39m[32m200[39m [90m66 ms - 90[39m
[35m[HTTP][39m [90m[39m
[35m[HTTP][39m [37m-->[39m [37mPOST[39m [37m/wd/hub/session/75ceb81d-ee4e-4a70-91d7-eef40d21b8c2/timeouts[39m
[35m[HTTP][39m [90m{"implicit":30000}[39m
[35m[HTTP][39m [37m<-- POST /wd/hub/session/75ceb81d-ee4e-4a70-91d7-eef40d21b8c2/timeouts [39m[32m200[39m [90m1 ms - 14[39m
[35m[HTTP][39m [90m[39m
[35m[HTTP][39m [37m-->[39m [37mPOST[39m [37m/wd/hub/session/75ceb81d-ee4e-4a70-91d7-eef40d21b8c2/touch/perform[39m
[35m[HTTP][39m [90m{"actions":[{"action":"tap","options":{"x":1,"y":1,"element":"ff504bf7-106f-4d95-bc9f-185b61401ca1"}},{"action":"release","options":{}}]}[39m
[35m[UiAutomator2][39m calling get location: ff504bf7-106f-4d95-bc9f-185b61401ca1
[35m[HTTP][39m [37m<-- POST /wd/hub/session/75ceb81d-ee4e-4a70-91d7-eef40d21b8c2/touch/perform [39m[32m200[39m [90m1282 ms - 14[39m
[35m[HTTP][39m [90m[39m
[35m[HTTP][39m [37m-->[39m [37mPOST[39m [37m/wd/hub/session/75ceb81d-ee4e-4a70-91d7-eef40d21b8c2/timeouts[39m
[35m[HTTP][39m [90m{"implicit":50}[39m
[35m[HTTP][39m [37m<-- POST /wd/hub/session/75ceb81d-ee4e-4a70-91d7-eef40d21b8c2/timeouts [39m[32m200[39m [90m12 ms - 14[39m
[35m[HTTP][39m [90m[39m
[35m[HTTP][39m [37m-->[39m [37mGET[39m [37m/wd/hub/session/75ceb81d-ee4e-4a70-91d7-eef40d21b8c2/window/rect[39m
[35m[HTTP][39m [90m{}[39m
[35m[HTTP][39m [37m<-- GET /wd/hub/session/75ceb81d-ee4e-4a70-91d7-eef40d21b8c2/window/rect [39m[32m200[39m [90m29 ms - 50[39m
[35m[HTTP][39m [90m[39m
[35m[HTTP][39m [37m-->[39m [37mPOST[39m [37m/wd/hub/session/75ceb81d-ee4e-4a70-91d7-eef40d21b8c2/elements[39m
[35m[HTTP][39m [90m{"using":"-android uiautomator","value":"new UiSelector().className(\"android.widget.EditText\").text(\"Email\")"}[39m
[35m[HTTP][39m [37m<-- POST /wd/hub/session/75ceb81d-ee4e-4a70-91d7-eef40d21b8c2/elements [39m[32m200[39m [90m128 ms - 139[39m
[35m[HTTP][39m [90m[39m
[35m[HTTP][39m [37m-->[39m [37mGET[39m [37m/wd/hub/session/75ceb81d-ee4e-4a70-91d7-eef40d21b8c2/element/23496726-d4ec-4d21-b08d-d4465bc3490e/location[39m
[35m[HTTP][39m [90m{}[39m
[35m[W3C (75ceb81d)][39m Driver proxy active, passing request on via HTTP proxy
[35m[WD Proxy][39m Replacing sessionId 6a9c7f17-e28f-4d64-9b03-882fd771bc5d with 75ceb81d-ee4e-4a70-91d7-eef40d21b8c2
[35m[HTTP][39m [37m<-- GET /wd/hub/session/75ceb81d-ee4e-4a70-91d7-eef40d21b8c2/element/23496726-d4ec-4d21-b08d-d4465bc3490e/location [39m[32m200[39m [90m98 ms - 89[39m
[35m[HTTP][39m [90m[39m
[35m[HTTP][39m [37m-->[39m [37mPOST[39m [37m/wd/hub/session/75ceb81d-ee4e-4a70-91d7-eef40d21b8c2/timeouts[39m
[35m[HTTP][39m [90m{"implicit":30000}[39m
[35m[HTTP][39m [37m<-- POST /wd/hub/session/75ceb81d-ee4e-4a70-91d7-eef40d21b8c2/timeouts [39m[32m200[39m [90m1 ms - 14[39m
[35m[HTTP][39m [90m[39m
[35m[HTTP][39m [37m-->[39m [37mPOST[39m [37m/wd/hub/session/75ceb81d-ee4e-4a70-91d7-eef40d21b8c2/element/23496726-d4ec-4d21-b08d-d4465bc3490e/clear[39m
[35m[HTTP][39m [90m{"id":"23496726-d4ec-4d21-b08d-d4465bc3490e"}[39m
[35m[HTTP][39m [37m<-- POST /wd/hub/session/75ceb81d-ee4e-4a70-91d7-eef40d21b8c2/element/23496726-d4ec-4d21-b08d-d4465bc3490e/clear [39m[32m200[39m [90m58 ms - 27[39m
[35m[HTTP][39m [90m[39m
[35m[HTTP][39m [37m-->[39m [37mPOST[39m [37m/wd/hub/session/75ceb81d-ee4e-4a70-91d7-eef40d21b8c2/element/23496726-d4ec-4d21-b08d-d4465bc3490e/value[39m
[35m[HTTP][39m [90m{"id":"23496726-d4ec-4d21-b08d-d4465bc3490e","text":"taxidriver@gmail.com","value":["t","a","x","i","d","r","i","v","e","r","@","g","m","a","i","l",".","c","o","m"]}[39m
[35m[HTTP][39m [37m<-- POST /wd/hub/session/75ceb81d-ee4e-4a70-91d7-eef40d21b8c2/element/23496726-d4ec-4d21-b08d-d4465bc3490e/value [39m[32m200[39m [90m1262 ms - 12[39m
[35m[HTTP][39m [90m[39m
[35m[HTTP][39m [37m-->[39m [37mPOST[39m [37m/wd/hub/session/75ceb81d-ee4e-4a70-91d7-eef40d21b8c2/timeouts[39m
[35m[HTTP][39m [90m{"implicit":50}[39m
[35m[HTTP][39m [37m<-- POST /wd/hub/session/75ceb81d-ee4e-4a70-91d7-eef40d21b8c2/timeouts [39m[32m200[39m [90m1 ms - 14[39m
[35m[HTTP][39m [90m[39m
[35m[HTTP][39m [37m-->[39m [37mGET[39m [37m/wd/hub/session/75ceb81d-ee4e-4a70-91d7-eef40d21b8c2/window/rect[39m
[35m[HTTP][39m [90m{}[39m
[35m[HTTP][39m [37m<-- GET /wd/hub/session/75ceb81d-ee4e-4a70-91d7-eef40d21b8c2/window/rect [39m[32m200[39m [90m18 ms - 50[39m
[35m[HTTP][39m [90m[39m
[35m[HTTP][39m [37m-->[39m [37mPOST[39m [37m/wd/hub/session/75ceb81d-ee4e-4a70-91d7-eef40d21b8c2/elements[39m
[35m[HTTP][39m [90m{"using":"-android uiautomator","value":"new UiSelector().className(\"android.widget.EditText\").text(\"Password\")"}[39m
[35m[HTTP][39m [37m<-- POST /wd/hub/session/75ceb81d-ee4e-4a70-91d7-eef40d21b8c2/elements [39m[32m200[39m [90m551 ms - 139[39m
[35m[HTTP][39m [90m[39m
[35m[HTTP][39m [37m-->[39m [37mGET[39m [37m/wd/hub/session/75ceb81d-ee4e-4a70-91d7-eef40d21b8c2/element/fbcd6b30-a851-49bd-b244-96122b0d10ff/location[39m
[35m[HTTP][39m [90m{}[39m
[35m[W3C (75ceb81d)][39m Driver proxy active, passing request on via HTTP proxy
[35m[WD Proxy][39m Replacing sessionId 6a9c7f17-e28f-4d64-9b03-882fd771bc5d with 75ceb81d-ee4e-4a70-91d7-eef40d21b8c2
[35m[HTTP][39m [37m<-- GET /wd/hub/session/75ceb81d-ee4e-4a70-91d7-eef40d21b8c2/element/fbcd6b30-a851-49bd-b244-96122b0d10ff/location [39m[32m200[39m [90m84 ms - 90[39m
[35m[HTTP][39m [90m[39m
[35m[HTTP][39m [37m-->[39m [37mPOST[39m [37m/wd/hub/session/75ceb81d-ee4e-4a70-91d7-eef40d21b8c2/timeouts[39m
[35m[HTTP][39m [90m{"implicit":30000}[39m
[35m[HTTP][39m [37m<-- POST /wd/hub/session/75ceb81d-ee4e-4a70-91d7-eef40d21b8c2/timeouts [39m[32m200[39m [90m2 ms - 14[39m
[35m[HTTP][39m [90m[39m
[35m[HTTP][39m [37m-->[39m [37mPOST[39m [37m/wd/hub/session/75ceb81d-ee4e-4a70-91d7-eef40d21b8c2/element/fbcd6b30-a851-49bd-b244-96122b0d10ff/clear[39m
[35m[HTTP][39m [90m{"id":"fbcd6b30-a851-49bd-b244-96122b0d10ff"}[39m
[35m[HTTP][39m [37m<-- POST /wd/hub/session/75ceb81d-ee4e-4a70-91d7-eef40d21b8c2/element/fbcd6b30-a851-49bd-b244-96122b0d10ff/clear [39m[32m200[39m [90m57 ms - 27[39m
[35m[HTTP][39m [90m[39m
[35m[HTTP][39m [37m-->[39m [37mPOST[39m [37m/wd/hub/session/75ceb81d-ee4e-4a70-91d7-eef40d21b8c2/element/fbcd6b30-a851-49bd-b244-96122b0d10ff/value[39m
[35m[HTTP][39m [90m{"id":"fbcd6b30-a851-49bd-b244-96122b0d10ff","text":"123456","value":["1","2","3","4","5","6"]}[39m
[35m[HTTP][39m [37m<-- POST /wd/hub/session/75ceb81d-ee4e-4a70-91d7-eef40d21b8c2/element/fbcd6b30-a851-49bd-b244-96122b0d10ff/value [39m[32m200[39m [90m1197 ms - 12[39m
[35m[HTTP][39m [90m[39m
[35m[HTTP][39m [37m-->[39m [37mPOST[39m [37m/wd/hub/session/75ceb81d-ee4e-4a70-91d7-eef40d21b8c2/timeouts[39m
[35m[HTTP][39m [90m{"implicit":50}[39m
[35m[HTTP][39m [37m<-- POST /wd/hub/session/75ceb81d-ee4e-4a70-91d7-eef40d21b8c2/timeouts [39m[32m200[39m [90m3 ms - 14[39m
[35m[HTTP][39m [90m[39m
[35m[HTTP][39m [37m-->[39m [37mGET[39m [37m/wd/hub/session/75ceb81d-ee4e-4a70-91d7-eef40d21b8c2/window/rect[39m
[35m[HTTP][39m [90m{}[39m
[35m[HTTP][39m [37m<-- GET /wd/hub/session/75ceb81d-ee4e-4a70-91d7-eef40d21b8c2/window/rect [39m[32m200[39m [90m18 ms - 50[39m
[35m[HTTP][39m [90m[39m
[35m[HTTP][39m [37m-->[39m [37mPOST[39m [37m/wd/hub/session/75ceb81d-ee4e-4a70-91d7-eef40d21b8c2/elements[39m
[35m[HTTP][39m [90m{"using":"xpath","value":"//hierarchy/android.widget.FrameLayout[1]/android.widget.LinearLayout[1]/android.widget.FrameLayout[1]/android.widget.LinearLayout[1]/android.widget.FrameLayout[1]/android.widget.FrameLayout[1]/android.view.ViewGroup[1]/android.view.ViewGroup[1]/android.view.ViewGroup[1]/android.view.ViewGroup[1]/android.support.v4.widget.DrawerLayout[1]/android.view.ViewGroup[1]/android.view.ViewGroup[1]/android.view.ViewGroup[1]/android.view.ViewGroup[1]/android.view.ViewGroup[1]/android.view.ViewGroup[1]/android.widget.ScrollView[1]/android.view.ViewGroup[1]/android.view.ViewGroup[7]/android.widget.TextView[1]"}[39m
[35m[HTTP][39m [37m<-- POST /wd/hub/session/75ceb81d-ee4e-4a70-91d7-eef40d21b8c2/elements [39m[32m200[39m [90m696 ms - 139[39m
[35m[HTTP][39m [90m[39m
[35m[HTTP][39m [37m-->[39m [37mGET[39m [37m/wd/hub/session/75ceb81d-ee4e-4a70-91d7-eef40d21b8c2/element/ee7a60eb-7ffd-4154-ae31-51e0ba01b315/location[39m
[35m[HTTP][39m [90m{}[39m
[35m[W3C (75ceb81d)][39m Driver proxy active, passing request on via HTTP proxy
[35m[WD Proxy][39m Replacing sessionId 6a9c7f17-e28f-4d64-9b03-882fd771bc5d with 75ceb81d-ee4e-4a70-91d7-eef40d21b8c2
[35m[HTTP][39m [37m<-- GET /wd/hub/session/75ceb81d-ee4e-4a70-91d7-eef40d21b8c2/element/ee7a60eb-7ffd-4154-ae31-51e0ba01b315/location [39m[32m200[39m [90m18 ms - 90[39m
[35m[HTTP][39m [90m[39m
[35m[HTTP][39m [37m-->[39m [37mPOST[39m [37m/wd/hub/session/75ceb81d-ee4e-4a70-91d7-eef40d21b8c2/timeouts[39m
[35m[HTTP][39m [90m{"implicit":30000}[39m
[35m[HTTP][39m [37m<-- POST /wd/hub/session/75ceb81d-ee4e-4a70-91d7-eef40d21b8c2/timeouts [39m[32m200[39m [90m2 ms - 14[39m
[35m[HTTP][39m [90m[39m
[35m[HTTP][39m [37m-->[39m [37mPOST[39m [37m/wd/hub/session/75ceb81d-ee4e-4a70-91d7-eef40d21b8c2/touch/perform[39m
[35m[HTTP][39m [90m{"actions":[{"action":"tap","options":{"x":1,"y":1,"element":"ee7a60eb-7ffd-4154-ae31-51e0ba01b315"}},{"action":"release","options":{}}]}[39m
[35m[UiAutomator2][39m calling get location: ee7a60eb-7ffd-4154-ae31-51e0ba01b315
[35m[HTTP][39m [37m<-- POST /wd/hub/session/75ceb81d-ee4e-4a70-91d7-eef40d21b8c2/touch/perform [39m[32m200[39m [90m47 ms - 14[39m
[35m[HTTP][39m [90m[39m
