[35m[Appium][39m Welcome to Appium v1.14.0
[35m[Appium][39m Non-default server args:
[35m[Appium][39m   port: 50021
[35m[Appium][39m   loglevel: info
[35m[Appium][39m   chromeDriverPort: 50025
[35m[Appium][39m   tmpDir: /var/folders/38/x4crs4qx0hn0r3_szny2t9sw0000gn/T//Katalon/Appium/Temp1566207165999
[35m[Appium][39m Appium REST http interface listener started on 0.0.0.0:50021
[35m[HTTP][39m [37m-->[39m [37mGET[39m [37m/wd/hub/status[39m
[35m[HTTP][39m [90m{}[39m
[35m[HTTP][39m [37m<-- GET /wd/hub/status [39m[32m200[39m [90m5 ms - 68[39m
[35m[HTTP][39m [90m[39m
[35m[HTTP][39m [37m-->[39m [37mPOST[39m [37m/wd/hub/session[39m
[35m[HTTP][39m [90m{"desiredCapabilities":{"app":"/Users/sumittulsyan/Downloads/app-release (1).apk","noReset":false,"deviceName":"emulator-5554 (Android SDK built for x86 - Android 9)","fullReset":true,"platform":"ANDROID","newCommandTimeout":1800,"platformVersion":"9","automationName":"uiautomator2","autoGrantPermissions":true,"platformName":"Android","udid":"emulator-5554","systemPort":50020},"capabilities":{"firstMatch":[{"appium:app":"/Users/sumittulsyan/Downloads/app-release (1).apk","appium:autoGrantPermissions":true,"appium:automationName":"uiautomator2","appium:deviceName":"emulator-5554 (Android SDK built for x86 - Android 9)","appium:fullReset":true,"appium:newCommandTimeout":1800,"appium:noReset":false,"platform":"ANDROID","platformName":"android","appium:platformVersion":"9","appium:systemPort":50020,"appium:udid":"emulator-5554"}]}}[39m
[35m[BaseDriver][39m The capabilities ["platform"] are not standard capabilities and should have an extension prefix
[35m[Appium][39m Appium v1.14.0 creating new AndroidUiautomator2Driver (v1.33.1) session
[35m[Appium][39m Capabilities:
[35m[Appium][39m   platform: ANDROID
[35m[Appium][39m   platformName: android
[35m[Appium][39m   app: /Users/sumittulsyan/Downloads/app-release (1).apk
[35m[Appium][39m   autoGrantPermissions: true
[35m[Appium][39m   automationName: uiautomator2
[35m[Appium][39m   deviceName: emulator-5554 (Android SDK built for x86 - Android 9)
[35m[Appium][39m   fullReset: true
[35m[Appium][39m   newCommandTimeout: 1800
[35m[Appium][39m   noReset: false
[35m[Appium][39m   platformVersion: 9
[35m[Appium][39m   systemPort: 50020
[35m[Appium][39m   udid: emulator-5554
[35m[BaseDriver][39m The following capabilities were provided, but are not recognized by Appium:
[35m[BaseDriver][39m   platform
[35m[BaseDriver][39m Session created with session id: 7e37a410-2aa6-4022-8a41-a98bcfa84174
[35m[BaseDriver][39m Using local app '/Users/sumittulsyan/Downloads/app-release (1).apk'
[35m[ADB][39m Found 1 'build-tools' folders under '/Users/sumittulsyan/.katalon/tools/android_sdk' (newest first):
[35m[ADB][39m     /Users/sumittulsyan/.katalon/tools/android_sdk/build-tools/29.0.1
[35m[ADB][39m Using 'adb' from '/Users/sumittulsyan/.katalon/tools/android_sdk/platform-tools/adb'
[35m[AndroidDriver][39m Retrieving device list
[35m[AndroidDriver][39m Using device: emulator-5554
[35m[ADB][39m Using 'adb' from '/Users/sumittulsyan/.katalon/tools/android_sdk/platform-tools/adb'
[35m[UiAutomator2][39m Relaxing hidden api policy
[35m[ADB][39m Using 'apkanalyzer' from '/Users/sumittulsyan/.katalon/tools/android_sdk/tools/bin/apkanalyzer'
[35m[ADB][39m Using the alternative activity name detection method because of: Command '/Users/sumittulsyan/.katalon/tools/android_sdk/tools/bin/apkanalyzer -h manifest print '/Users/sumittulsyan/Downloads/app-release (1).apk'' exited with code 2
[35m[ADB][39m Using 'aapt' from '/Users/sumittulsyan/.katalon/tools/android_sdk/build-tools/29.0.1/aapt'
[35m[ADB][39m Extracting package and launch activity from manifest
[35m[ADB][39m Package name: 'io.nativebase.market.geekyants.taxiapprider'
[35m[ADB][39m Main activity name: 'io.nativebase.market.geekyants.taxiapprider.MainActivity'
[35m[ADB][39m Using 'apksigner' from '/Users/sumittulsyan/.katalon/tools/android_sdk/build-tools/29.0.1/apksigner'
[35m[UiAutomator2][39m Server packages are not going to be (re)installed
[35m[ADB][39m io.nativebase.market.geekyants.taxiapprider was successfully uninstalled
[35m[ADB][39m The application at '/Users/sumittulsyan/Downloads/app-release (1).apk' is already cached to '/data/local/tmp/appium_cache/319121ffd2a4e89e1742e996fe8df850b3a56b9f.apk'
[35m[ADB][39m The installation of 'app-release (1).apk' took 7.093s
[35m[UiAutomator2][39m Starting UIAutomator2 server 3.7.0
[35m[UiAutomator2][39m Using UIAutomator2 server from '/Users/sumittulsyan/Downloads/appium-mobile-test/node_modules/appium-uiautomator2-server/apks/appium-uiautomator2-server-v3.7.0.apk' and test from '/Users/sumittulsyan/Downloads/appium-mobile-test/node_modules/appium-uiautomator2-server/apks/appium-uiautomator2-server-debug-androidTest.apk'
[35m[UiAutomator2][39m Waiting up to 30000ms for UiAutomator2 to be online...
[35m[WD Proxy][39m Got an unexpected response: {"code":"ECONNRESET"}
[35m[WD Proxy][39m Got an unexpected response: {"code":"ECONNRESET"}
[35m[AndroidDriver][39m Screen already unlocked, doing nothing
[35m[UiAutomator2][39m UiAutomator2 did not start the activity we were waiting for, 'io.nativebase.market.geekyants.taxiapprider/io.nativebase.market.geekyants.taxiapprider.MainActivity'. Starting it ourselves
[35m[Appium][39m New AndroidUiautomator2Driver session created successfully, session 7e37a410-2aa6-4022-8a41-a98bcfa84174 added to master session list
[35m[HTTP][39m [37m<-- POST /wd/hub/session [39m[32m200[39m [90m19122 ms - 1271[39m
[35m[HTTP][39m [90m[39m
[35m[HTTP][39m [37m-->[39m [37mGET[39m [37m/wd/hub/session/7e37a410-2aa6-4022-8a41-a98bcfa84174[39m
[35m[HTTP][39m [90m{}[39m
[35m[HTTP][39m [37m<-- GET /wd/hub/session/7e37a410-2aa6-4022-8a41-a98bcfa84174 [39m[32m200[39m [90m73 ms - 1203[39m
[35m[HTTP][39m [90m[39m
[35m[HTTP][39m [37m-->[39m [37mGET[39m [37m/wd/hub/session/7e37a410-2aa6-4022-8a41-a98bcfa84174[39m
[35m[HTTP][39m [90m{}[39m
[35m[HTTP][39m [37m<-- GET /wd/hub/session/7e37a410-2aa6-4022-8a41-a98bcfa84174 [39m[32m200[39m [90m82 ms - 1203[39m
[35m[HTTP][39m [90m[39m
[35m[HTTP][39m [37m-->[39m [37mGET[39m [37m/wd/hub/status[39m
[35m[HTTP][39m [90m{}[39m
[35m[HTTP][39m [37m<-- GET /wd/hub/status [39m[32m200[39m [90m1 ms - 68[39m
[35m[HTTP][39m [90m[39m
[35m[HTTP][39m [37m-->[39m [37mPOST[39m [37m/wd/hub/session/7e37a410-2aa6-4022-8a41-a98bcfa84174/timeouts[39m
[35m[HTTP][39m [90m{"implicit":30000}[39m
[35m[HTTP][39m [37m<-- POST /wd/hub/session/7e37a410-2aa6-4022-8a41-a98bcfa84174/timeouts [39m[32m200[39m [90m4 ms - 14[39m
[35m[HTTP][39m [90m[39m
[35m[HTTP][39m [37m-->[39m [37mPOST[39m [37m/wd/hub/session/7e37a410-2aa6-4022-8a41-a98bcfa84174/timeouts[39m
[35m[HTTP][39m [90m{"implicit":50}[39m
[35m[HTTP][39m [37m<-- POST /wd/hub/session/7e37a410-2aa6-4022-8a41-a98bcfa84174/timeouts [39m[32m200[39m [90m2 ms - 14[39m
[35m[HTTP][39m [90m[39m
[35m[HTTP][39m [37m-->[39m [37mGET[39m [37m/wd/hub/session/7e37a410-2aa6-4022-8a41-a98bcfa84174/window/rect[39m
[35m[HTTP][39m [90m{}[39m
[35m[HTTP][39m [37m<-- GET /wd/hub/session/7e37a410-2aa6-4022-8a41-a98bcfa84174/window/rect [39m[32m200[39m [90m58 ms - 50[39m
[35m[HTTP][39m [90m[39m
[35m[HTTP][39m [37m-->[39m [37mPOST[39m [37m/wd/hub/session/7e37a410-2aa6-4022-8a41-a98bcfa84174/elements[39m
[35m[HTTP][39m [90m{"using":"-android uiautomator","value":"new UiSelector().className(\"android.widget.TextView\").text(\"Sign In\")"}[39m
[35m[HTTP][39m [37m<-- POST /wd/hub/session/7e37a410-2aa6-4022-8a41-a98bcfa84174/elements [39m[32m200[39m [90m185 ms - 12[39m
[35m[HTTP][39m [90m[39m
[35m[HTTP][39m [37m-->[39m [37mPOST[39m [37m/wd/hub/session/7e37a410-2aa6-4022-8a41-a98bcfa84174/elements[39m
[35m[HTTP][39m [90m{"using":"-android uiautomator","value":"new UiSelector().className(\"android.widget.TextView\").text(\"Sign In\")"}[39m
[35m[HTTP][39m [37m<-- POST /wd/hub/session/7e37a410-2aa6-4022-8a41-a98bcfa84174/elements [39m[32m200[39m [90m232 ms - 12[39m
[35m[HTTP][39m [90m[39m
[35m[HTTP][39m [37m-->[39m [37mPOST[39m [37m/wd/hub/session/7e37a410-2aa6-4022-8a41-a98bcfa84174/elements[39m
[35m[HTTP][39m [90m{"using":"-android uiautomator","value":"new UiSelector().className(\"android.widget.TextView\").text(\"Sign In\")"}[39m
[35m[HTTP][39m [37m<-- POST /wd/hub/session/7e37a410-2aa6-4022-8a41-a98bcfa84174/elements [39m[32m200[39m [90m181 ms - 12[39m
[35m[HTTP][39m [90m[39m
[35m[HTTP][39m [37m-->[39m [37mPOST[39m [37m/wd/hub/session/7e37a410-2aa6-4022-8a41-a98bcfa84174/elements[39m
[35m[HTTP][39m [90m{"using":"-android uiautomator","value":"new UiSelector().className(\"android.widget.TextView\").text(\"Sign In\")"}[39m
[35m[HTTP][39m [37m<-- POST /wd/hub/session/7e37a410-2aa6-4022-8a41-a98bcfa84174/elements [39m[32m200[39m [90m174 ms - 12[39m
[35m[HTTP][39m [90m[39m
[35m[HTTP][39m [37m-->[39m [37mPOST[39m [37m/wd/hub/session/7e37a410-2aa6-4022-8a41-a98bcfa84174/elements[39m
[35m[HTTP][39m [90m{"using":"-android uiautomator","value":"new UiSelector().className(\"android.widget.TextView\").text(\"Sign In\")"}[39m
[35m[HTTP][39m [37m<-- POST /wd/hub/session/7e37a410-2aa6-4022-8a41-a98bcfa84174/elements [39m[32m200[39m [90m163 ms - 12[39m
[35m[HTTP][39m [90m[39m
[35m[HTTP][39m [37m-->[39m [37mPOST[39m [37m/wd/hub/session/7e37a410-2aa6-4022-8a41-a98bcfa84174/elements[39m
[35m[HTTP][39m [90m{"using":"-android uiautomator","value":"new UiSelector().className(\"android.widget.TextView\").text(\"Sign In\")"}[39m
[35m[HTTP][39m [37m<-- POST /wd/hub/session/7e37a410-2aa6-4022-8a41-a98bcfa84174/elements [39m[32m200[39m [90m583 ms - 12[39m
[35m[HTTP][39m [90m[39m
[35m[HTTP][39m [37m-->[39m [37mPOST[39m [37m/wd/hub/session/7e37a410-2aa6-4022-8a41-a98bcfa84174/elements[39m
[35m[HTTP][39m [90m{"using":"-android uiautomator","value":"new UiSelector().className(\"android.widget.TextView\").text(\"Sign In\")"}[39m
[35m[HTTP][39m [37m<-- POST /wd/hub/session/7e37a410-2aa6-4022-8a41-a98bcfa84174/elements [39m[32m200[39m [90m81 ms - 12[39m
[35m[HTTP][39m [90m[39m
[35m[HTTP][39m [37m-->[39m [37mPOST[39m [37m/wd/hub/session/7e37a410-2aa6-4022-8a41-a98bcfa84174/elements[39m
[35m[HTTP][39m [90m{"using":"-android uiautomator","value":"new UiSelector().className(\"android.widget.TextView\").text(\"Sign In\")"}[39m
[35m[HTTP][39m [37m<-- POST /wd/hub/session/7e37a410-2aa6-4022-8a41-a98bcfa84174/elements [39m[32m200[39m [90m1845 ms - 139[39m
[35m[HTTP][39m [90m[39m
[35m[HTTP][39m [37m-->[39m [37mGET[39m [37m/wd/hub/session/7e37a410-2aa6-4022-8a41-a98bcfa84174/element/11d2cefc-144a-4757-8b1d-6f8d1bcdfd4c/location[39m
[35m[HTTP][39m [90m{}[39m
[35m[W3C (7e37a410)][39m Driver proxy active, passing request on via HTTP proxy
[35m[WD Proxy][39m Replacing sessionId c46179f1-2ccd-4ff4-932f-4c51ff7141a2 with 7e37a410-2aa6-4022-8a41-a98bcfa84174
[35m[HTTP][39m [37m<-- GET /wd/hub/session/7e37a410-2aa6-4022-8a41-a98bcfa84174/element/11d2cefc-144a-4757-8b1d-6f8d1bcdfd4c/location [39m[32m200[39m [90m37 ms - 90[39m
[35m[HTTP][39m [90m[39m
[35m[HTTP][39m [37m-->[39m [37mPOST[39m [37m/wd/hub/session/7e37a410-2aa6-4022-8a41-a98bcfa84174/timeouts[39m
[35m[HTTP][39m [90m{"implicit":30000}[39m
[35m[HTTP][39m [37m<-- POST /wd/hub/session/7e37a410-2aa6-4022-8a41-a98bcfa84174/timeouts [39m[32m200[39m [90m2 ms - 14[39m
[35m[HTTP][39m [90m[39m
[35m[HTTP][39m [37m-->[39m [37mPOST[39m [37m/wd/hub/session/7e37a410-2aa6-4022-8a41-a98bcfa84174/touch/perform[39m
[35m[HTTP][39m [90m{"actions":[{"action":"tap","options":{"x":1,"y":1,"element":"11d2cefc-144a-4757-8b1d-6f8d1bcdfd4c"}},{"action":"release","options":{}}]}[39m
[35m[UiAutomator2][39m calling get location: 11d2cefc-144a-4757-8b1d-6f8d1bcdfd4c
[35m[HTTP][39m [37m<-- POST /wd/hub/session/7e37a410-2aa6-4022-8a41-a98bcfa84174/touch/perform [39m[32m200[39m [90m1032 ms - 14[39m
[35m[HTTP][39m [90m[39m
[35m[HTTP][39m [37m-->[39m [37mPOST[39m [37m/wd/hub/session/7e37a410-2aa6-4022-8a41-a98bcfa84174/timeouts[39m
[35m[HTTP][39m [90m{"implicit":50}[39m
[35m[HTTP][39m [37m<-- POST /wd/hub/session/7e37a410-2aa6-4022-8a41-a98bcfa84174/timeouts [39m[32m200[39m [90m2 ms - 14[39m
[35m[HTTP][39m [90m[39m
[35m[HTTP][39m [37m-->[39m [37mGET[39m [37m/wd/hub/session/7e37a410-2aa6-4022-8a41-a98bcfa84174/window/rect[39m
[35m[HTTP][39m [90m{}[39m
[35m[HTTP][39m [37m<-- GET /wd/hub/session/7e37a410-2aa6-4022-8a41-a98bcfa84174/window/rect [39m[32m200[39m [90m37 ms - 50[39m
[35m[HTTP][39m [90m[39m
[35m[HTTP][39m [37m-->[39m [37mPOST[39m [37m/wd/hub/session/7e37a410-2aa6-4022-8a41-a98bcfa84174/elements[39m
[35m[HTTP][39m [90m{"using":"-android uiautomator","value":"new UiSelector().className(\"android.widget.EditText\").text(\"Email\")"}[39m
[35m[HTTP][39m [37m<-- POST /wd/hub/session/7e37a410-2aa6-4022-8a41-a98bcfa84174/elements [39m[32m200[39m [90m62 ms - 139[39m
[35m[HTTP][39m [90m[39m
[35m[HTTP][39m [37m-->[39m [37mGET[39m [37m/wd/hub/session/7e37a410-2aa6-4022-8a41-a98bcfa84174/element/acaad60b-afc6-43e2-b87c-0aa24b389660/location[39m
[35m[HTTP][39m [90m{}[39m
[35m[W3C (7e37a410)][39m Driver proxy active, passing request on via HTTP proxy
[35m[WD Proxy][39m Replacing sessionId c46179f1-2ccd-4ff4-932f-4c51ff7141a2 with 7e37a410-2aa6-4022-8a41-a98bcfa84174
[35m[HTTP][39m [37m<-- GET /wd/hub/session/7e37a410-2aa6-4022-8a41-a98bcfa84174/element/acaad60b-afc6-43e2-b87c-0aa24b389660/location [39m[32m200[39m [90m37 ms - 90[39m
[35m[HTTP][39m [90m[39m
[35m[HTTP][39m [37m-->[39m [37mPOST[39m [37m/wd/hub/session/7e37a410-2aa6-4022-8a41-a98bcfa84174/timeouts[39m
[35m[HTTP][39m [90m{"implicit":30000}[39m
[35m[HTTP][39m [37m<-- POST /wd/hub/session/7e37a410-2aa6-4022-8a41-a98bcfa84174/timeouts [39m[32m200[39m [90m2 ms - 14[39m
[35m[HTTP][39m [90m[39m
[35m[HTTP][39m [37m-->[39m [37mPOST[39m [37m/wd/hub/session/7e37a410-2aa6-4022-8a41-a98bcfa84174/element/acaad60b-afc6-43e2-b87c-0aa24b389660/clear[39m
[35m[HTTP][39m [90m{"id":"acaad60b-afc6-43e2-b87c-0aa24b389660"}[39m
[35m[HTTP][39m [37m<-- POST /wd/hub/session/7e37a410-2aa6-4022-8a41-a98bcfa84174/element/acaad60b-afc6-43e2-b87c-0aa24b389660/clear [39m[32m200[39m [90m47 ms - 27[39m
[35m[HTTP][39m [90m[39m
[35m[HTTP][39m [37m-->[39m [37mPOST[39m [37m/wd/hub/session/7e37a410-2aa6-4022-8a41-a98bcfa84174/element/acaad60b-afc6-43e2-b87c-0aa24b389660/value[39m
[35m[HTTP][39m [90m{"id":"acaad60b-afc6-43e2-b87c-0aa24b389660","text":"taxirider@gmail.com","value":["t","a","x","i","r","i","d","e","r","@","g","m","a","i","l",".","c","o","m"]}[39m
[35m[HTTP][39m [37m<-- POST /wd/hub/session/7e37a410-2aa6-4022-8a41-a98bcfa84174/element/acaad60b-afc6-43e2-b87c-0aa24b389660/value [39m[32m200[39m [90m1054 ms - 12[39m
[35m[HTTP][39m [90m[39m
[35m[HTTP][39m [37m-->[39m [37mPOST[39m [37m/wd/hub/session/7e37a410-2aa6-4022-8a41-a98bcfa84174/timeouts[39m
[35m[HTTP][39m [90m{"implicit":50}[39m
[35m[HTTP][39m [37m<-- POST /wd/hub/session/7e37a410-2aa6-4022-8a41-a98bcfa84174/timeouts [39m[32m200[39m [90m2 ms - 14[39m
[35m[HTTP][39m [90m[39m
[35m[HTTP][39m [37m-->[39m [37mGET[39m [37m/wd/hub/session/7e37a410-2aa6-4022-8a41-a98bcfa84174/window/rect[39m
[35m[HTTP][39m [90m{}[39m
[35m[HTTP][39m [37m<-- GET /wd/hub/session/7e37a410-2aa6-4022-8a41-a98bcfa84174/window/rect [39m[32m200[39m [90m46 ms - 50[39m
[35m[HTTP][39m [90m[39m
[35m[HTTP][39m [37m-->[39m [37mPOST[39m [37m/wd/hub/session/7e37a410-2aa6-4022-8a41-a98bcfa84174/elements[39m
[35m[HTTP][39m [90m{"using":"-android uiautomator","value":"new UiSelector().className(\"android.widget.EditText\").text(\"Password\")"}[39m
[35m[HTTP][39m [37m<-- POST /wd/hub/session/7e37a410-2aa6-4022-8a41-a98bcfa84174/elements [39m[32m200[39m [90m360 ms - 139[39m
[35m[HTTP][39m [90m[39m
[35m[HTTP][39m [37m-->[39m [37mGET[39m [37m/wd/hub/session/7e37a410-2aa6-4022-8a41-a98bcfa84174/element/4465ec22-e3af-4404-9761-100849b7a924/location[39m
[35m[HTTP][39m [90m{}[39m
[35m[W3C (7e37a410)][39m Driver proxy active, passing request on via HTTP proxy
[35m[WD Proxy][39m Replacing sessionId c46179f1-2ccd-4ff4-932f-4c51ff7141a2 with 7e37a410-2aa6-4022-8a41-a98bcfa84174
[35m[HTTP][39m [37m<-- GET /wd/hub/session/7e37a410-2aa6-4022-8a41-a98bcfa84174/element/4465ec22-e3af-4404-9761-100849b7a924/location [39m[32m200[39m [90m55 ms - 90[39m
[35m[HTTP][39m [90m[39m
[35m[HTTP][39m [37m-->[39m [37mPOST[39m [37m/wd/hub/session/7e37a410-2aa6-4022-8a41-a98bcfa84174/timeouts[39m
[35m[HTTP][39m [90m{"implicit":30000}[39m
[35m[HTTP][39m [37m<-- POST /wd/hub/session/7e37a410-2aa6-4022-8a41-a98bcfa84174/timeouts [39m[32m200[39m [90m3 ms - 14[39m
[35m[HTTP][39m [90m[39m
[35m[HTTP][39m [37m-->[39m [37mPOST[39m [37m/wd/hub/session/7e37a410-2aa6-4022-8a41-a98bcfa84174/element/4465ec22-e3af-4404-9761-100849b7a924/clear[39m
[35m[HTTP][39m [90m{"id":"4465ec22-e3af-4404-9761-100849b7a924"}[39m
[35m[HTTP][39m [37m<-- POST /wd/hub/session/7e37a410-2aa6-4022-8a41-a98bcfa84174/element/4465ec22-e3af-4404-9761-100849b7a924/clear [39m[32m200[39m [90m47 ms - 27[39m
[35m[HTTP][39m [90m[39m
[35m[HTTP][39m [37m-->[39m [37mPOST[39m [37m/wd/hub/session/7e37a410-2aa6-4022-8a41-a98bcfa84174/element/4465ec22-e3af-4404-9761-100849b7a924/value[39m
[35m[HTTP][39m [90m{"id":"4465ec22-e3af-4404-9761-100849b7a924","text":"123456","value":["1","2","3","4","5","6"]}[39m
[35m[HTTP][39m [37m<-- POST /wd/hub/session/7e37a410-2aa6-4022-8a41-a98bcfa84174/element/4465ec22-e3af-4404-9761-100849b7a924/value [39m[32m200[39m [90m1173 ms - 12[39m
[35m[HTTP][39m [90m[39m
[35m[HTTP][39m [37m-->[39m [37mPOST[39m [37m/wd/hub/session/7e37a410-2aa6-4022-8a41-a98bcfa84174/timeouts[39m
[35m[HTTP][39m [90m{"implicit":50}[39m
[35m[HTTP][39m [37m<-- POST /wd/hub/session/7e37a410-2aa6-4022-8a41-a98bcfa84174/timeouts [39m[32m200[39m [90m6 ms - 14[39m
[35m[HTTP][39m [90m[39m
[35m[HTTP][39m [37m-->[39m [37mGET[39m [37m/wd/hub/session/7e37a410-2aa6-4022-8a41-a98bcfa84174/window/rect[39m
[35m[HTTP][39m [90m{}[39m
[35m[HTTP][39m [37m<-- GET /wd/hub/session/7e37a410-2aa6-4022-8a41-a98bcfa84174/window/rect [39m[32m200[39m [90m100 ms - 50[39m
[35m[HTTP][39m [90m[39m
[35m[HTTP][39m [37m-->[39m [37mPOST[39m [37m/wd/hub/session/7e37a410-2aa6-4022-8a41-a98bcfa84174/elements[39m
[35m[HTTP][39m [90m{"using":"xpath","value":"//hierarchy/android.widget.FrameLayout[1]/android.widget.LinearLayout[1]/android.widget.FrameLayout[1]/android.widget.LinearLayout[1]/android.widget.FrameLayout[1]/android.widget.FrameLayout[1]/android.view.ViewGroup[1]/android.view.ViewGroup[1]/android.view.ViewGroup[1]/android.view.ViewGroup[1]/android.support.v4.widget.DrawerLayout[1]/android.view.ViewGroup[1]/android.view.ViewGroup[1]/android.view.ViewGroup[1]/android.view.ViewGroup[1]/android.view.ViewGroup[1]/android.view.ViewGroup[1]/android.widget.ScrollView[1]/android.view.ViewGroup[1]/android.view.ViewGroup[7]/android.widget.TextView[1]"}[39m
[35m[HTTP][39m [37m<-- POST /wd/hub/session/7e37a410-2aa6-4022-8a41-a98bcfa84174/elements [39m[32m200[39m [90m1150 ms - 139[39m
[35m[HTTP][39m [90m[39m
[35m[HTTP][39m [37m-->[39m [37mGET[39m [37m/wd/hub/session/7e37a410-2aa6-4022-8a41-a98bcfa84174/element/55c74df3-2919-403e-9c2d-a91732cb0dd8/location[39m
[35m[HTTP][39m [90m{}[39m
[35m[W3C (7e37a410)][39m Driver proxy active, passing request on via HTTP proxy
[35m[WD Proxy][39m Replacing sessionId c46179f1-2ccd-4ff4-932f-4c51ff7141a2 with 7e37a410-2aa6-4022-8a41-a98bcfa84174
[35m[HTTP][39m [37m<-- GET /wd/hub/session/7e37a410-2aa6-4022-8a41-a98bcfa84174/element/55c74df3-2919-403e-9c2d-a91732cb0dd8/location [39m[32m200[39m [90m34 ms - 90[39m
[35m[HTTP][39m [90m[39m
[35m[HTTP][39m [37m-->[39m [37mPOST[39m [37m/wd/hub/session/7e37a410-2aa6-4022-8a41-a98bcfa84174/timeouts[39m
[35m[HTTP][39m [90m{"implicit":30000}[39m
[35m[HTTP][39m [37m<-- POST /wd/hub/session/7e37a410-2aa6-4022-8a41-a98bcfa84174/timeouts [39m[32m200[39m [90m2 ms - 14[39m
[35m[HTTP][39m [90m[39m
[35m[HTTP][39m [37m-->[39m [37mPOST[39m [37m/wd/hub/session/7e37a410-2aa6-4022-8a41-a98bcfa84174/touch/perform[39m
[35m[HTTP][39m [90m{"actions":[{"action":"tap","options":{"x":1,"y":1,"element":"55c74df3-2919-403e-9c2d-a91732cb0dd8"}},{"action":"release","options":{}}]}[39m
[35m[UiAutomator2][39m calling get location: 55c74df3-2919-403e-9c2d-a91732cb0dd8
[35m[HTTP][39m [37m<-- POST /wd/hub/session/7e37a410-2aa6-4022-8a41-a98bcfa84174/touch/perform [39m[32m200[39m [90m60 ms - 14[39m
[35m[HTTP][39m [90m[39m
[35m[HTTP][39m [37m-->[39m [37mPOST[39m [37m/wd/hub/session/7e37a410-2aa6-4022-8a41-a98bcfa84174/timeouts[39m
[35m[HTTP][39m [90m{"implicit":50}[39m
[35m[HTTP][39m [37m<-- POST /wd/hub/session/7e37a410-2aa6-4022-8a41-a98bcfa84174/timeouts [39m[32m200[39m [90m2 ms - 14[39m
[35m[HTTP][39m [90m[39m
[35m[HTTP][39m [37m-->[39m [37mGET[39m [37m/wd/hub/session/7e37a410-2aa6-4022-8a41-a98bcfa84174/window/rect[39m
[35m[HTTP][39m [90m{}[39m
[35m[HTTP][39m [37m<-- GET /wd/hub/session/7e37a410-2aa6-4022-8a41-a98bcfa84174/window/rect [39m[32m200[39m [90m36 ms - 50[39m
[35m[HTTP][39m [90m[39m
[35m[HTTP][39m [37m-->[39m [37mPOST[39m [37m/wd/hub/session/7e37a410-2aa6-4022-8a41-a98bcfa84174/elements[39m
[35m[HTTP][39m [90m{"using":"-android uiautomator","value":"new UiSelector().className(\"android.widget.TextView\").text(\"Bannerghatta Main Road, BTM Layout, 2nd Stage, 2nd Main Road, No 18, First Floor, Bengaluru, Karnataka 560076, India\")"}[39m
[35m[HTTP][39m [37m<-- POST /wd/hub/session/7e37a410-2aa6-4022-8a41-a98bcfa84174/elements [39m[32m200[39m [90m886 ms - 12[39m
[35m[HTTP][39m [90m[39m
[35m[HTTP][39m [37m-->[39m [37mPOST[39m [37m/wd/hub/session/7e37a410-2aa6-4022-8a41-a98bcfa84174/elements[39m
[35m[HTTP][39m [90m{"using":"-android uiautomator","value":"new UiSelector().className(\"android.widget.TextView\").text(\"Bannerghatta Main Road, BTM Layout, 2nd Stage, 2nd Main Road, No 18, First Floor, Bengaluru, Karnataka 560076, India\")"}[39m
[35m[HTTP][39m [37m<-- POST /wd/hub/session/7e37a410-2aa6-4022-8a41-a98bcfa84174/elements [39m[32m200[39m [90m83 ms - 12[39m
[35m[HTTP][39m [90m[39m
[35m[HTTP][39m [37m-->[39m [37mPOST[39m [37m/wd/hub/session/7e37a410-2aa6-4022-8a41-a98bcfa84174/elements[39m
[35m[HTTP][39m [90m{"using":"-android uiautomator","value":"new UiSelector().className(\"android.widget.TextView\").text(\"Bannerghatta Main Road, BTM Layout, 2nd Stage, 2nd Main Road, No 18, First Floor, Bengaluru, Karnataka 560076, India\")"}[39m
[35m[HTTP][39m [37m<-- POST /wd/hub/session/7e37a410-2aa6-4022-8a41-a98bcfa84174/elements [39m[32m200[39m [90m77 ms - 12[39m
[35m[HTTP][39m [90m[39m
[35m[HTTP][39m [37m-->[39m [37mPOST[39m [37m/wd/hub/session/7e37a410-2aa6-4022-8a41-a98bcfa84174/elements[39m
[35m[HTTP][39m [90m{"using":"-android uiautomator","value":"new UiSelector().className(\"android.widget.TextView\").text(\"Bannerghatta Main Road, BTM Layout, 2nd Stage, 2nd Main Road, No 18, First Floor, Bengaluru, Karnataka 560076, India\")"}[39m
[35m[HTTP][39m [37m<-- POST /wd/hub/session/7e37a410-2aa6-4022-8a41-a98bcfa84174/elements [39m[32m200[39m [90m102 ms - 12[39m
[35m[HTTP][39m [90m[39m
[35m[HTTP][39m [37m-->[39m [37mPOST[39m [37m/wd/hub/session/7e37a410-2aa6-4022-8a41-a98bcfa84174/elements[39m
[35m[HTTP][39m [90m{"using":"-android uiautomator","value":"new UiSelector().className(\"android.widget.TextView\").text(\"Bannerghatta Main Road, BTM Layout, 2nd Stage, 2nd Main Road, No 18, First Floor, Bengaluru, Karnataka 560076, India\")"}[39m
[35m[HTTP][39m [37m<-- POST /wd/hub/session/7e37a410-2aa6-4022-8a41-a98bcfa84174/elements [39m[32m200[39m [90m78 ms - 12[39m
[35m[HTTP][39m [90m[39m
[35m[HTTP][39m [37m-->[39m [37mPOST[39m [37m/wd/hub/session/7e37a410-2aa6-4022-8a41-a98bcfa84174/elements[39m
[35m[HTTP][39m [90m{"using":"-android uiautomator","value":"new UiSelector().className(\"android.widget.TextView\").text(\"Bannerghatta Main Road, BTM Layout, 2nd Stage, 2nd Main Road, No 18, First Floor, Bengaluru, Karnataka 560076, India\")"}[39m
[35m[HTTP][39m [37m<-- POST /wd/hub/session/7e37a410-2aa6-4022-8a41-a98bcfa84174/elements [39m[32m200[39m [90m380 ms - 12[39m
[35m[HTTP][39m [90m[39m
[35m[HTTP][39m [37m-->[39m [37mPOST[39m [37m/wd/hub/session/7e37a410-2aa6-4022-8a41-a98bcfa84174/elements[39m
[35m[HTTP][39m [90m{"using":"-android uiautomator","value":"new UiSelector().className(\"android.widget.TextView\").text(\"Bannerghatta Main Road, BTM Layout, 2nd Stage, 2nd Main Road, No 18, First Floor, Bengaluru, Karnataka 560076, India\")"}[39m
[35m[HTTP][39m [37m<-- POST /wd/hub/session/7e37a410-2aa6-4022-8a41-a98bcfa84174/elements [39m[32m200[39m [90m456 ms - 12[39m
[35m[HTTP][39m [90m[39m
[35m[HTTP][39m [37m-->[39m [37mPOST[39m [37m/wd/hub/session/7e37a410-2aa6-4022-8a41-a98bcfa84174/elements[39m
[35m[HTTP][39m [90m{"using":"-android uiautomator","value":"new UiSelector().className(\"android.widget.TextView\").text(\"Bannerghatta Main Road, BTM Layout, 2nd Stage, 2nd Main Road, No 18, First Floor, Bengaluru, Karnataka 560076, India\")"}[39m
[35m[HTTP][39m [37m<-- POST /wd/hub/session/7e37a410-2aa6-4022-8a41-a98bcfa84174/elements [39m[32m200[39m [90m452 ms - 12[39m
[35m[HTTP][39m [90m[39m
[35m[HTTP][39m [37m-->[39m [37mPOST[39m [37m/wd/hub/session/7e37a410-2aa6-4022-8a41-a98bcfa84174/elements[39m
[35m[HTTP][39m [90m{"using":"-android uiautomator","value":"new UiSelector().className(\"android.widget.TextView\").text(\"Bannerghatta Main Road, BTM Layout, 2nd Stage, 2nd Main Road, No 18, First Floor, Bengaluru, Karnataka 560076, India\")"}[39m
[35m[HTTP][39m [37m<-- POST /wd/hub/session/7e37a410-2aa6-4022-8a41-a98bcfa84174/elements [39m[32m200[39m [90m111 ms - 12[39m
[35m[HTTP][39m [90m[39m
[35m[HTTP][39m [37m-->[39m [37mPOST[39m [37m/wd/hub/session/7e37a410-2aa6-4022-8a41-a98bcfa84174/elements[39m
[35m[HTTP][39m [90m{"using":"-android uiautomator","value":"new UiSelector().className(\"android.widget.TextView\").text(\"Bannerghatta Main Road, BTM Layout, 2nd Stage, 2nd Main Road, No 18, First Floor, Bengaluru, Karnataka 560076, India\")"}[39m
[35m[HTTP][39m [37m<-- POST /wd/hub/session/7e37a410-2aa6-4022-8a41-a98bcfa84174/elements [39m[32m200[39m [90m139 ms - 12[39m
[35m[HTTP][39m [90m[39m
[35m[HTTP][39m [37m-->[39m [37mPOST[39m [37m/wd/hub/session/7e37a410-2aa6-4022-8a41-a98bcfa84174/elements[39m
[35m[HTTP][39m [90m{"using":"-android uiautomator","value":"new UiSelector().className(\"android.widget.TextView\").text(\"Bannerghatta Main Road, BTM Layout, 2nd Stage, 2nd Main Road, No 18, First Floor, Bengaluru, Karnataka 560076, India\")"}[39m
[35m[HTTP][39m [37m<-- POST /wd/hub/session/7e37a410-2aa6-4022-8a41-a98bcfa84174/elements [39m[32m200[39m [90m188 ms - 12[39m
[35m[HTTP][39m [90m[39m
[35m[HTTP][39m [37m-->[39m [37mPOST[39m [37m/wd/hub/session/7e37a410-2aa6-4022-8a41-a98bcfa84174/elements[39m
[35m[HTTP][39m [90m{"using":"-android uiautomator","value":"new UiSelector().className(\"android.widget.TextView\").text(\"Bannerghatta Main Road, BTM Layout, 2nd Stage, 2nd Main Road, No 18, First Floor, Bengaluru, Karnataka 560076, India\")"}[39m
[35m[HTTP][39m [37m<-- POST /wd/hub/session/7e37a410-2aa6-4022-8a41-a98bcfa84174/elements [39m[32m200[39m [90m104 ms - 12[39m
[35m[HTTP][39m [90m[39m
[35m[HTTP][39m [37m-->[39m [37mPOST[39m [37m/wd/hub/session/7e37a410-2aa6-4022-8a41-a98bcfa84174/elements[39m
[35m[HTTP][39m [90m{"using":"-android uiautomator","value":"new UiSelector().className(\"android.widget.TextView\").text(\"Bannerghatta Main Road, BTM Layout, 2nd Stage, 2nd Main Road, No 18, First Floor, Bengaluru, Karnataka 560076, India\")"}[39m
[35m[HTTP][39m [37m<-- POST /wd/hub/session/7e37a410-2aa6-4022-8a41-a98bcfa84174/elements [39m[32m200[39m [90m147 ms - 12[39m
[35m[HTTP][39m [90m[39m
[35m[HTTP][39m [37m-->[39m [37mPOST[39m [37m/wd/hub/session/7e37a410-2aa6-4022-8a41-a98bcfa84174/elements[39m
[35m[HTTP][39m [90m{"using":"-android uiautomator","value":"new UiSelector().className(\"android.widget.TextView\").text(\"Bannerghatta Main Road, BTM Layout, 2nd Stage, 2nd Main Road, No 18, First Floor, Bengaluru, Karnataka 560076, India\")"}[39m
[35m[HTTP][39m [37m<-- POST /wd/hub/session/7e37a410-2aa6-4022-8a41-a98bcfa84174/elements [39m[32m200[39m [90m85 ms - 12[39m
[35m[HTTP][39m [90m[39m
[35m[HTTP][39m [37m-->[39m [37mPOST[39m [37m/wd/hub/session/7e37a410-2aa6-4022-8a41-a98bcfa84174/elements[39m
[35m[HTTP][39m [90m{"using":"-android uiautomator","value":"new UiSelector().className(\"android.widget.TextView\").text(\"Bannerghatta Main Road, BTM Layout, 2nd Stage, 2nd Main Road, No 18, First Floor, Bengaluru, Karnataka 560076, India\")"}[39m
[35m[HTTP][39m [37m<-- POST /wd/hub/session/7e37a410-2aa6-4022-8a41-a98bcfa84174/elements [39m[32m200[39m [90m125 ms - 12[39m
[35m[HTTP][39m [90m[39m
[35m[HTTP][39m [37m-->[39m [37mPOST[39m [37m/wd/hub/session/7e37a410-2aa6-4022-8a41-a98bcfa84174/elements[39m
[35m[HTTP][39m [90m{"using":"-android uiautomator","value":"new UiSelector().className(\"android.widget.TextView\").text(\"Bannerghatta Main Road, BTM Layout, 2nd Stage, 2nd Main Road, No 18, First Floor, Bengaluru, Karnataka 560076, India\")"}[39m
[35m[HTTP][39m [37m<-- POST /wd/hub/session/7e37a410-2aa6-4022-8a41-a98bcfa84174/elements [39m[32m200[39m [90m92 ms - 12[39m
[35m[HTTP][39m [90m[39m
[35m[HTTP][39m [37m-->[39m [37mPOST[39m [37m/wd/hub/session/7e37a410-2aa6-4022-8a41-a98bcfa84174/elements[39m
[35m[HTTP][39m [90m{"using":"-android uiautomator","value":"new UiSelector().className(\"android.widget.TextView\").text(\"Bannerghatta Main Road, BTM Layout, 2nd Stage, 2nd Main Road, No 18, First Floor, Bengaluru, Karnataka 560076, India\")"}[39m
[35m[HTTP][39m [37m<-- POST /wd/hub/session/7e37a410-2aa6-4022-8a41-a98bcfa84174/elements [39m[32m200[39m [90m233 ms - 12[39m
[35m[HTTP][39m [90m[39m
[35m[HTTP][39m [37m-->[39m [37mPOST[39m [37m/wd/hub/session/7e37a410-2aa6-4022-8a41-a98bcfa84174/elements[39m
[35m[HTTP][39m [90m{"using":"-android uiautomator","value":"new UiSelector().className(\"android.widget.TextView\").text(\"Bannerghatta Main Road, BTM Layout, 2nd Stage, 2nd Main Road, No 18, First Floor, Bengaluru, Karnataka 560076, India\")"}[39m
[35m[HTTP][39m [37m<-- POST /wd/hub/session/7e37a410-2aa6-4022-8a41-a98bcfa84174/elements [39m[32m200[39m [90m79 ms - 12[39m
[35m[HTTP][39m [90m[39m
[35m[HTTP][39m [37m-->[39m [37mPOST[39m [37m/wd/hub/session/7e37a410-2aa6-4022-8a41-a98bcfa84174/elements[39m
[35m[HTTP][39m [90m{"using":"-android uiautomator","value":"new UiSelector().className(\"android.widget.TextView\").text(\"Bannerghatta Main Road, BTM Layout, 2nd Stage, 2nd Main Road, No 18, First Floor, Bengaluru, Karnataka 560076, India\")"}[39m
[35m[HTTP][39m [37m<-- POST /wd/hub/session/7e37a410-2aa6-4022-8a41-a98bcfa84174/elements [39m[32m200[39m [90m113 ms - 12[39m
[35m[HTTP][39m [90m[39m
[35m[HTTP][39m [37m-->[39m [37mPOST[39m [37m/wd/hub/session/7e37a410-2aa6-4022-8a41-a98bcfa84174/elements[39m
[35m[HTTP][39m [90m{"using":"-android uiautomator","value":"new UiSelector().className(\"android.widget.TextView\").text(\"Bannerghatta Main Road, BTM Layout, 2nd Stage, 2nd Main Road, No 18, First Floor, Bengaluru, Karnataka 560076, India\")"}[39m
[35m[HTTP][39m [37m<-- POST /wd/hub/session/7e37a410-2aa6-4022-8a41-a98bcfa84174/elements [39m[32m200[39m [90m191 ms - 12[39m
[35m[HTTP][39m [90m[39m
[35m[HTTP][39m [37m-->[39m [37mPOST[39m [37m/wd/hub/session/7e37a410-2aa6-4022-8a41-a98bcfa84174/elements[39m
[35m[HTTP][39m [90m{"using":"-android uiautomator","value":"new UiSelector().className(\"android.widget.TextView\").text(\"Bannerghatta Main Road, BTM Layout, 2nd Stage, 2nd Main Road, No 18, First Floor, Bengaluru, Karnataka 560076, India\")"}[39m
[35m[HTTP][39m [37m<-- POST /wd/hub/session/7e37a410-2aa6-4022-8a41-a98bcfa84174/elements [39m[32m200[39m [90m288 ms - 12[39m
[35m[HTTP][39m [90m[39m
[35m[HTTP][39m [37m-->[39m [37mPOST[39m [37m/wd/hub/session/7e37a410-2aa6-4022-8a41-a98bcfa84174/elements[39m
[35m[HTTP][39m [90m{"using":"-android uiautomator","value":"new UiSelector().className(\"android.widget.TextView\").text(\"Bannerghatta Main Road, BTM Layout, 2nd Stage, 2nd Main Road, No 18, First Floor, Bengaluru, Karnataka 560076, India\")"}[39m
[35m[HTTP][39m [37m<-- POST /wd/hub/session/7e37a410-2aa6-4022-8a41-a98bcfa84174/elements [39m[32m200[39m [90m122 ms - 12[39m
[35m[HTTP][39m [90m[39m
[35m[HTTP][39m [37m-->[39m [37mPOST[39m [37m/wd/hub/session/7e37a410-2aa6-4022-8a41-a98bcfa84174/elements[39m
[35m[HTTP][39m [90m{"using":"-android uiautomator","value":"new UiSelector().className(\"android.widget.TextView\").text(\"Bannerghatta Main Road, BTM Layout, 2nd Stage, 2nd Main Road, No 18, First Floor, Bengaluru, Karnataka 560076, India\")"}[39m
[35m[HTTP][39m [37m<-- POST /wd/hub/session/7e37a410-2aa6-4022-8a41-a98bcfa84174/elements [39m[32m200[39m [90m2121 ms - 139[39m
[35m[HTTP][39m [90m[39m
[35m[HTTP][39m [37m-->[39m [37mGET[39m [37m/wd/hub/session/7e37a410-2aa6-4022-8a41-a98bcfa84174/element/82cc8ccc-51cf-4d9e-951a-dbce427169c0/location[39m
[35m[HTTP][39m [90m{}[39m
[35m[W3C (7e37a410)][39m Driver proxy active, passing request on via HTTP proxy
[35m[WD Proxy][39m Replacing sessionId c46179f1-2ccd-4ff4-932f-4c51ff7141a2 with 7e37a410-2aa6-4022-8a41-a98bcfa84174
[35m[HTTP][39m [37m<-- GET /wd/hub/session/7e37a410-2aa6-4022-8a41-a98bcfa84174/element/82cc8ccc-51cf-4d9e-951a-dbce427169c0/location [39m[32m200[39m [90m83 ms - 89[39m
[35m[HTTP][39m [90m[39m
[35m[HTTP][39m [37m-->[39m [37mPOST[39m [37m/wd/hub/session/7e37a410-2aa6-4022-8a41-a98bcfa84174/timeouts[39m
[35m[HTTP][39m [90m{"implicit":30000}[39m
[35m[HTTP][39m [37m<-- POST /wd/hub/session/7e37a410-2aa6-4022-8a41-a98bcfa84174/timeouts [39m[32m200[39m [90m2 ms - 14[39m
[35m[HTTP][39m [90m[39m
[35m[HTTP][39m [37m-->[39m [37mPOST[39m [37m/wd/hub/session/7e37a410-2aa6-4022-8a41-a98bcfa84174/touch/perform[39m
[35m[HTTP][39m [90m{"actions":[{"action":"tap","options":{"x":1,"y":1,"element":"82cc8ccc-51cf-4d9e-951a-dbce427169c0"}},{"action":"release","options":{}}]}[39m
[35m[UiAutomator2][39m calling get location: 82cc8ccc-51cf-4d9e-951a-dbce427169c0
[35m[HTTP][39m [37m<-- POST /wd/hub/session/7e37a410-2aa6-4022-8a41-a98bcfa84174/touch/perform [39m[32m200[39m [90m2213 ms - 14[39m
[35m[HTTP][39m [90m[39m
[35m[HTTP][39m [37m-->[39m [37mPOST[39m [37m/wd/hub/session/7e37a410-2aa6-4022-8a41-a98bcfa84174/timeouts[39m
[35m[HTTP][39m [90m{"implicit":50}[39m
[35m[HTTP][39m [37m<-- POST /wd/hub/session/7e37a410-2aa6-4022-8a41-a98bcfa84174/timeouts [39m[32m200[39m [90m3 ms - 14[39m
[35m[HTTP][39m [90m[39m
[35m[HTTP][39m [37m-->[39m [37mGET[39m [37m/wd/hub/session/7e37a410-2aa6-4022-8a41-a98bcfa84174/window/rect[39m
[35m[HTTP][39m [90m{}[39m
[35m[HTTP][39m [37m<-- GET /wd/hub/session/7e37a410-2aa6-4022-8a41-a98bcfa84174/window/rect [39m[32m200[39m [90m165 ms - 50[39m
[35m[HTTP][39m [90m[39m
[35m[HTTP][39m [37m-->[39m [37mPOST[39m [37m/wd/hub/session/7e37a410-2aa6-4022-8a41-a98bcfa84174/elements[39m
[35m[HTTP][39m [90m{"using":"-android uiautomator","value":"new UiSelector().className(\"android.widget.EditText\").text(\"Search for locality or place\")"}[39m
[35m[HTTP][39m [37m<-- POST /wd/hub/session/7e37a410-2aa6-4022-8a41-a98bcfa84174/elements [39m[32m200[39m [90m143 ms - 139[39m
[35m[HTTP][39m [90m[39m
[35m[HTTP][39m [37m-->[39m [37mGET[39m [37m/wd/hub/session/7e37a410-2aa6-4022-8a41-a98bcfa84174/element/98b3ea18-cfe6-4ab2-9c1a-213a928ac058/location[39m
[35m[HTTP][39m [90m{}[39m
[35m[W3C (7e37a410)][39m Driver proxy active, passing request on via HTTP proxy
[35m[WD Proxy][39m Replacing sessionId c46179f1-2ccd-4ff4-932f-4c51ff7141a2 with 7e37a410-2aa6-4022-8a41-a98bcfa84174
[35m[HTTP][39m [37m<-- GET /wd/hub/session/7e37a410-2aa6-4022-8a41-a98bcfa84174/element/98b3ea18-cfe6-4ab2-9c1a-213a928ac058/location [39m[32m200[39m [90m53 ms - 88[39m
[35m[HTTP][39m [90m[39m
[35m[HTTP][39m [37m-->[39m [37mPOST[39m [37m/wd/hub/session/7e37a410-2aa6-4022-8a41-a98bcfa84174/timeouts[39m
[35m[HTTP][39m [90m{"implicit":30000}[39m
[35m[HTTP][39m [37m<-- POST /wd/hub/session/7e37a410-2aa6-4022-8a41-a98bcfa84174/timeouts [39m[32m200[39m [90m2 ms - 14[39m
[35m[HTTP][39m [90m[39m
[35m[HTTP][39m [37m-->[39m [37mPOST[39m [37m/wd/hub/session/7e37a410-2aa6-4022-8a41-a98bcfa84174/element/98b3ea18-cfe6-4ab2-9c1a-213a928ac058/clear[39m
[35m[HTTP][39m [90m{"id":"98b3ea18-cfe6-4ab2-9c1a-213a928ac058"}[39m
[35m[HTTP][39m [37m<-- POST /wd/hub/session/7e37a410-2aa6-4022-8a41-a98bcfa84174/element/98b3ea18-cfe6-4ab2-9c1a-213a928ac058/clear [39m[32m200[39m [90m204 ms - 27[39m
[35m[HTTP][39m [90m[39m
[35m[HTTP][39m [37m-->[39m [37mPOST[39m [37m/wd/hub/session/7e37a410-2aa6-4022-8a41-a98bcfa84174/element/98b3ea18-cfe6-4ab2-9c1a-213a928ac058/value[39m
[35m[HTTP][39m [90m{"id":"98b3ea18-cfe6-4ab2-9c1a-213a928ac058","text":"Ranka colony","value":["R","a","n","k","a"," ","c","o","l","o","n","y"]}[39m
[35m[HTTP][39m [37m<-- POST /wd/hub/session/7e37a410-2aa6-4022-8a41-a98bcfa84174/element/98b3ea18-cfe6-4ab2-9c1a-213a928ac058/value [39m[32m200[39m [90m1327 ms - 12[39m
[35m[HTTP][39m [90m[39m
[35m[HTTP][39m [37m-->[39m [37mPOST[39m [37m/wd/hub/session/7e37a410-2aa6-4022-8a41-a98bcfa84174/timeouts[39m
[35m[HTTP][39m [90m{"implicit":50}[39m
[35m[HTTP][39m [37m<-- POST /wd/hub/session/7e37a410-2aa6-4022-8a41-a98bcfa84174/timeouts [39m[32m200[39m [90m2 ms - 14[39m
[35m[HTTP][39m [90m[39m
[35m[HTTP][39m [37m-->[39m [37mGET[39m [37m/wd/hub/session/7e37a410-2aa6-4022-8a41-a98bcfa84174/window/rect[39m
[35m[HTTP][39m [90m{}[39m
[35m[HTTP][39m [37m<-- GET /wd/hub/session/7e37a410-2aa6-4022-8a41-a98bcfa84174/window/rect [39m[32m200[39m [90m57 ms - 50[39m
[35m[HTTP][39m [90m[39m
[35m[HTTP][39m [37m-->[39m [37mPOST[39m [37m/wd/hub/session/7e37a410-2aa6-4022-8a41-a98bcfa84174/elements[39m
[35m[HTTP][39m [90m{"using":"-android uiautomator","value":"new UiSelector().className(\"android.widget.TextView\").text(\"Ranka Colony, Bilekahalli, Bengaluru, Karnataka, India\")"}[39m
[35m[HTTP][39m [37m<-- POST /wd/hub/session/7e37a410-2aa6-4022-8a41-a98bcfa84174/elements [39m[32m200[39m [90m763 ms - 139[39m
[35m[HTTP][39m [90m[39m
[35m[HTTP][39m [37m-->[39m [37mGET[39m [37m/wd/hub/session/7e37a410-2aa6-4022-8a41-a98bcfa84174/element/c6242bb3-d504-4ef2-a844-3b7edc1e5ba1/location[39m
[35m[HTTP][39m [90m{}[39m
[35m[W3C (7e37a410)][39m Driver proxy active, passing request on via HTTP proxy
[35m[WD Proxy][39m Replacing sessionId c46179f1-2ccd-4ff4-932f-4c51ff7141a2 with 7e37a410-2aa6-4022-8a41-a98bcfa84174
[35m[HTTP][39m [37m<-- GET /wd/hub/session/7e37a410-2aa6-4022-8a41-a98bcfa84174/element/c6242bb3-d504-4ef2-a844-3b7edc1e5ba1/location [39m[32m200[39m [90m43 ms - 89[39m
[35m[HTTP][39m [90m[39m
[35m[HTTP][39m [37m-->[39m [37mPOST[39m [37m/wd/hub/session/7e37a410-2aa6-4022-8a41-a98bcfa84174/timeouts[39m
[35m[HTTP][39m [90m{"implicit":30000}[39m
[35m[HTTP][39m [37m<-- POST /wd/hub/session/7e37a410-2aa6-4022-8a41-a98bcfa84174/timeouts [39m[32m200[39m [90m2 ms - 14[39m
[35m[HTTP][39m [90m[39m
[35m[HTTP][39m [37m-->[39m [37mPOST[39m [37m/wd/hub/session/7e37a410-2aa6-4022-8a41-a98bcfa84174/touch/perform[39m
[35m[HTTP][39m [90m{"actions":[{"action":"tap","options":{"x":1,"y":1,"element":"c6242bb3-d504-4ef2-a844-3b7edc1e5ba1"}},{"action":"release","options":{}}]}[39m
[35m[UiAutomator2][39m calling get location: c6242bb3-d504-4ef2-a844-3b7edc1e5ba1
[35m[HTTP][39m [37m<-- POST /wd/hub/session/7e37a410-2aa6-4022-8a41-a98bcfa84174/touch/perform [39m[32m200[39m [90m1827 ms - 14[39m
[35m[HTTP][39m [90m[39m
[35m[HTTP][39m [37m-->[39m [37mPOST[39m [37m/wd/hub/session/7e37a410-2aa6-4022-8a41-a98bcfa84174/timeouts[39m
[35m[HTTP][39m [90m{"implicit":50}[39m
[35m[HTTP][39m [37m<-- POST /wd/hub/session/7e37a410-2aa6-4022-8a41-a98bcfa84174/timeouts [39m[32m200[39m [90m2 ms - 14[39m
[35m[HTTP][39m [90m[39m
[35m[HTTP][39m [37m-->[39m [37mGET[39m [37m/wd/hub/session/7e37a410-2aa6-4022-8a41-a98bcfa84174/window/rect[39m
[35m[HTTP][39m [90m{}[39m
[35m[HTTP][39m [37m<-- GET /wd/hub/session/7e37a410-2aa6-4022-8a41-a98bcfa84174/window/rect [39m[32m200[39m [90m38 ms - 50[39m
[35m[HTTP][39m [90m[39m
[35m[HTTP][39m [37m-->[39m [37mPOST[39m [37m/wd/hub/session/7e37a410-2aa6-4022-8a41-a98bcfa84174/elements[39m
[35m[HTTP][39m [90m{"using":"-android uiautomator","value":"new UiSelector().className(\"android.widget.TextView\").text(\"Enter Drop Location\")"}[39m
[35m[HTTP][39m [37m<-- POST /wd/hub/session/7e37a410-2aa6-4022-8a41-a98bcfa84174/elements [39m[32m200[39m [90m155 ms - 139[39m
[35m[HTTP][39m [90m[39m
[35m[HTTP][39m [37m-->[39m [37mGET[39m [37m/wd/hub/session/7e37a410-2aa6-4022-8a41-a98bcfa84174/element/24e825a6-e1f2-4539-9126-c7b2739dc337/location[39m
[35m[HTTP][39m [90m{}[39m
[35m[W3C (7e37a410)][39m Driver proxy active, passing request on via HTTP proxy
[35m[WD Proxy][39m Replacing sessionId c46179f1-2ccd-4ff4-932f-4c51ff7141a2 with 7e37a410-2aa6-4022-8a41-a98bcfa84174
[35m[HTTP][39m [37m<-- GET /wd/hub/session/7e37a410-2aa6-4022-8a41-a98bcfa84174/element/24e825a6-e1f2-4539-9126-c7b2739dc337/location [39m[32m200[39m [90m92 ms - 89[39m
[35m[HTTP][39m [90m[39m
[35m[HTTP][39m [37m-->[39m [37mPOST[39m [37m/wd/hub/session/7e37a410-2aa6-4022-8a41-a98bcfa84174/timeouts[39m
[35m[HTTP][39m [90m{"implicit":30000}[39m
[35m[HTTP][39m [37m<-- POST /wd/hub/session/7e37a410-2aa6-4022-8a41-a98bcfa84174/timeouts [39m[32m200[39m [90m2 ms - 14[39m
[35m[HTTP][39m [90m[39m
[35m[HTTP][39m [37m-->[39m [37mPOST[39m [37m/wd/hub/session/7e37a410-2aa6-4022-8a41-a98bcfa84174/touch/perform[39m
[35m[HTTP][39m [90m{"actions":[{"action":"tap","options":{"x":1,"y":1,"element":"24e825a6-e1f2-4539-9126-c7b2739dc337"}},{"action":"release","options":{}}]}[39m
[35m[UiAutomator2][39m calling get location: 24e825a6-e1f2-4539-9126-c7b2739dc337
[35m[HTTP][39m [37m<-- POST /wd/hub/session/7e37a410-2aa6-4022-8a41-a98bcfa84174/touch/perform [39m[32m200[39m [90m1979 ms - 14[39m
[35m[HTTP][39m [90m[39m
[35m[HTTP][39m [37m-->[39m [37mPOST[39m [37m/wd/hub/session/7e37a410-2aa6-4022-8a41-a98bcfa84174/timeouts[39m
[35m[HTTP][39m [90m{"implicit":50}[39m
[35m[HTTP][39m [37m<-- POST /wd/hub/session/7e37a410-2aa6-4022-8a41-a98bcfa84174/timeouts [39m[32m200[39m [90m4 ms - 14[39m
[35m[HTTP][39m [90m[39m
[35m[HTTP][39m [37m-->[39m [37mGET[39m [37m/wd/hub/session/7e37a410-2aa6-4022-8a41-a98bcfa84174/window/rect[39m
[35m[HTTP][39m [90m{}[39m
[35m[HTTP][39m [37m<-- GET /wd/hub/session/7e37a410-2aa6-4022-8a41-a98bcfa84174/window/rect [39m[32m200[39m [90m33 ms - 50[39m
[35m[HTTP][39m [90m[39m
[35m[HTTP][39m [37m-->[39m [37mPOST[39m [37m/wd/hub/session/7e37a410-2aa6-4022-8a41-a98bcfa84174/elements[39m
[35m[HTTP][39m [90m{"using":"-android uiautomator","value":"new UiSelector().className(\"android.widget.EditText\").text(\"Search for locality or place\")"}[39m
[35m[HTTP][39m [37m<-- POST /wd/hub/session/7e37a410-2aa6-4022-8a41-a98bcfa84174/elements [39m[32m200[39m [90m119 ms - 139[39m
[35m[HTTP][39m [90m[39m
[35m[HTTP][39m [37m-->[39m [37mGET[39m [37m/wd/hub/session/7e37a410-2aa6-4022-8a41-a98bcfa84174/element/22ebbd58-ccda-46af-9e8a-8ea3d9c69f62/location[39m
[35m[HTTP][39m [90m{}[39m
[35m[W3C (7e37a410)][39m Driver proxy active, passing request on via HTTP proxy
[35m[WD Proxy][39m Replacing sessionId c46179f1-2ccd-4ff4-932f-4c51ff7141a2 with 7e37a410-2aa6-4022-8a41-a98bcfa84174
[35m[HTTP][39m [37m<-- GET /wd/hub/session/7e37a410-2aa6-4022-8a41-a98bcfa84174/element/22ebbd58-ccda-46af-9e8a-8ea3d9c69f62/location [39m[32m200[39m [90m53 ms - 88[39m
[35m[HTTP][39m [90m[39m
[35m[HTTP][39m [37m-->[39m [37mPOST[39m [37m/wd/hub/session/7e37a410-2aa6-4022-8a41-a98bcfa84174/timeouts[39m
[35m[HTTP][39m [90m{"implicit":30000}[39m
[35m[HTTP][39m [37m<-- POST /wd/hub/session/7e37a410-2aa6-4022-8a41-a98bcfa84174/timeouts [39m[32m200[39m [90m1 ms - 14[39m
[35m[HTTP][39m [90m[39m
[35m[HTTP][39m [37m-->[39m [37mPOST[39m [37m/wd/hub/session/7e37a410-2aa6-4022-8a41-a98bcfa84174/element/22ebbd58-ccda-46af-9e8a-8ea3d9c69f62/clear[39m
[35m[HTTP][39m [90m{"id":"22ebbd58-ccda-46af-9e8a-8ea3d9c69f62"}[39m
[35m[HTTP][39m [37m<-- POST /wd/hub/session/7e37a410-2aa6-4022-8a41-a98bcfa84174/element/22ebbd58-ccda-46af-9e8a-8ea3d9c69f62/clear [39m[32m200[39m [90m52 ms - 27[39m
[35m[HTTP][39m [90m[39m
[35m[HTTP][39m [37m-->[39m [37mPOST[39m [37m/wd/hub/session/7e37a410-2aa6-4022-8a41-a98bcfa84174/element/22ebbd58-ccda-46af-9e8a-8ea3d9c69f62/value[39m
[35m[HTTP][39m [90m{"id":"22ebbd58-ccda-46af-9e8a-8ea3d9c69f62","text":"silk board","value":["s","i","l","k"," ","b","o","a","r","d"]}[39m
[35m[HTTP][39m [37m<-- POST /wd/hub/session/7e37a410-2aa6-4022-8a41-a98bcfa84174/element/22ebbd58-ccda-46af-9e8a-8ea3d9c69f62/value [39m[32m200[39m [90m1345 ms - 12[39m
[35m[HTTP][39m [90m[39m
[35m[HTTP][39m [37m-->[39m [37mPOST[39m [37m/wd/hub/session/7e37a410-2aa6-4022-8a41-a98bcfa84174/timeouts[39m
[35m[HTTP][39m [90m{"implicit":50}[39m
[35m[HTTP][39m [37m<-- POST /wd/hub/session/7e37a410-2aa6-4022-8a41-a98bcfa84174/timeouts [39m[32m200[39m [90m2 ms - 14[39m
[35m[HTTP][39m [90m[39m
[35m[HTTP][39m [37m-->[39m [37mGET[39m [37m/wd/hub/session/7e37a410-2aa6-4022-8a41-a98bcfa84174/window/rect[39m
[35m[HTTP][39m [90m{}[39m
[35m[HTTP][39m [37m<-- GET /wd/hub/session/7e37a410-2aa6-4022-8a41-a98bcfa84174/window/rect [39m[32m200[39m [90m41 ms - 50[39m
[35m[HTTP][39m [90m[39m
[35m[HTTP][39m [37m-->[39m [37mPOST[39m [37m/wd/hub/session/7e37a410-2aa6-4022-8a41-a98bcfa84174/elements[39m
[35m[HTTP][39m [90m{"using":"-android uiautomator","value":"new UiSelector().className(\"android.widget.TextView\").text(\"Silk board bus stand, Central Silk Board Colony, Stage 2, BTM Layout, Bengaluru, Karnataka, India\")"}[39m
[35m[HTTP][39m [37m<-- POST /wd/hub/session/7e37a410-2aa6-4022-8a41-a98bcfa84174/elements [39m[32m200[39m [90m929 ms - 139[39m
[35m[HTTP][39m [90m[39m
[35m[HTTP][39m [37m-->[39m [37mGET[39m [37m/wd/hub/session/7e37a410-2aa6-4022-8a41-a98bcfa84174/element/23c63bea-6926-4d1d-a997-c6747eeeea68/location[39m
[35m[HTTP][39m [90m{}[39m
[35m[W3C (7e37a410)][39m Driver proxy active, passing request on via HTTP proxy
[35m[WD Proxy][39m Replacing sessionId c46179f1-2ccd-4ff4-932f-4c51ff7141a2 with 7e37a410-2aa6-4022-8a41-a98bcfa84174
[35m[HTTP][39m [37m<-- GET /wd/hub/session/7e37a410-2aa6-4022-8a41-a98bcfa84174/element/23c63bea-6926-4d1d-a997-c6747eeeea68/location [39m[32m200[39m [90m38 ms - 89[39m
[35m[HTTP][39m [90m[39m
[35m[HTTP][39m [37m-->[39m [37mPOST[39m [37m/wd/hub/session/7e37a410-2aa6-4022-8a41-a98bcfa84174/timeouts[39m
[35m[HTTP][39m [90m{"implicit":30000}[39m
[35m[HTTP][39m [37m<-- POST /wd/hub/session/7e37a410-2aa6-4022-8a41-a98bcfa84174/timeouts [39m[32m200[39m [90m2 ms - 14[39m
[35m[HTTP][39m [90m[39m
[35m[HTTP][39m [37m-->[39m [37mPOST[39m [37m/wd/hub/session/7e37a410-2aa6-4022-8a41-a98bcfa84174/touch/perform[39m
[35m[HTTP][39m [90m{"actions":[{"action":"tap","options":{"x":1,"y":1,"element":"23c63bea-6926-4d1d-a997-c6747eeeea68"}},{"action":"release","options":{}}]}[39m
[35m[UiAutomator2][39m calling get location: 23c63bea-6926-4d1d-a997-c6747eeeea68
[35m[HTTP][39m [37m<-- POST /wd/hub/session/7e37a410-2aa6-4022-8a41-a98bcfa84174/touch/perform [39m[32m200[39m [90m1287 ms - 14[39m
[35m[HTTP][39m [90m[39m
[35m[HTTP][39m [37m-->[39m [37mPOST[39m [37m/wd/hub/session/7e37a410-2aa6-4022-8a41-a98bcfa84174/timeouts[39m
[35m[HTTP][39m [90m{"implicit":50}[39m
[35m[HTTP][39m [37m<-- POST /wd/hub/session/7e37a410-2aa6-4022-8a41-a98bcfa84174/timeouts [39m[32m200[39m [90m2 ms - 14[39m
[35m[HTTP][39m [90m[39m
[35m[HTTP][39m [37m-->[39m [37mGET[39m [37m/wd/hub/session/7e37a410-2aa6-4022-8a41-a98bcfa84174/window/rect[39m
[35m[HTTP][39m [90m{}[39m
[35m[HTTP][39m [37m<-- GET /wd/hub/session/7e37a410-2aa6-4022-8a41-a98bcfa84174/window/rect [39m[32m200[39m [90m37 ms - 50[39m
[35m[HTTP][39m [90m[39m
[35m[HTTP][39m [37m-->[39m [37mPOST[39m [37m/wd/hub/session/7e37a410-2aa6-4022-8a41-a98bcfa84174/elements[39m
[35m[HTTP][39m [90m{"using":"-android uiautomator","value":"new UiSelector().className(\"android.widget.TextView\").text(\"Book Ride\")"}[39m
[35m[HTTP][39m [37m<-- POST /wd/hub/session/7e37a410-2aa6-4022-8a41-a98bcfa84174/elements [39m[32m200[39m [90m104 ms - 139[39m
[35m[HTTP][39m [90m[39m
[35m[HTTP][39m [37m-->[39m [37mGET[39m [37m/wd/hub/session/7e37a410-2aa6-4022-8a41-a98bcfa84174/element/cc1f097a-5cbe-4a80-8379-ba5ff35c798c/location[39m
[35m[HTTP][39m [90m{}[39m
[35m[W3C (7e37a410)][39m Driver proxy active, passing request on via HTTP proxy
[35m[WD Proxy][39m Replacing sessionId c46179f1-2ccd-4ff4-932f-4c51ff7141a2 with 7e37a410-2aa6-4022-8a41-a98bcfa84174
[35m[HTTP][39m [37m<-- GET /wd/hub/session/7e37a410-2aa6-4022-8a41-a98bcfa84174/element/cc1f097a-5cbe-4a80-8379-ba5ff35c798c/location [39m[32m200[39m [90m70 ms - 90[39m
[35m[HTTP][39m [90m[39m
[35m[HTTP][39m [37m-->[39m [37mPOST[39m [37m/wd/hub/session/7e37a410-2aa6-4022-8a41-a98bcfa84174/timeouts[39m
[35m[HTTP][39m [90m{"implicit":30000}[39m
[35m[HTTP][39m [37m<-- POST /wd/hub/session/7e37a410-2aa6-4022-8a41-a98bcfa84174/timeouts [39m[32m200[39m [90m2 ms - 14[39m
[35m[HTTP][39m [90m[39m
[35m[HTTP][39m [37m-->[39m [37mPOST[39m [37m/wd/hub/session/7e37a410-2aa6-4022-8a41-a98bcfa84174/touch/perform[39m
[35m[HTTP][39m [90m{"actions":[{"action":"tap","options":{"x":1,"y":1,"element":"cc1f097a-5cbe-4a80-8379-ba5ff35c798c"}},{"action":"release","options":{}}]}[39m
[35m[UiAutomator2][39m calling get location: cc1f097a-5cbe-4a80-8379-ba5ff35c798c
[35m[HTTP][39m [37m<-- POST /wd/hub/session/7e37a410-2aa6-4022-8a41-a98bcfa84174/touch/perform [39m[32m200[39m [90m1239 ms - 14[39m
[35m[HTTP][39m [90m[39m
[35m[HTTP][39m [37m-->[39m [37mPOST[39m [37m/wd/hub/session/7e37a410-2aa6-4022-8a41-a98bcfa84174/timeouts[39m
[35m[HTTP][39m [90m{"implicit":50}[39m
[35m[HTTP][39m [37m<-- POST /wd/hub/session/7e37a410-2aa6-4022-8a41-a98bcfa84174/timeouts [39m[32m200[39m [90m2 ms - 14[39m
[35m[HTTP][39m [90m[39m
[35m[HTTP][39m [37m-->[39m [37mGET[39m [37m/wd/hub/session/7e37a410-2aa6-4022-8a41-a98bcfa84174/window/rect[39m
[35m[HTTP][39m [90m{}[39m
[35m[HTTP][39m [37m<-- GET /wd/hub/session/7e37a410-2aa6-4022-8a41-a98bcfa84174/window/rect [39m[32m200[39m [90m44 ms - 50[39m
[35m[HTTP][39m [90m[39m
[35m[HTTP][39m [37m-->[39m [37mPOST[39m [37m/wd/hub/session/7e37a410-2aa6-4022-8a41-a98bcfa84174/elements[39m
[35m[HTTP][39m [90m{"using":"-android uiautomator","value":"new UiSelector().className(\"android.widget.TextView\").text(\"Request Taxi\")"}[39m
[35m[HTTP][39m [37m<-- POST /wd/hub/session/7e37a410-2aa6-4022-8a41-a98bcfa84174/elements [39m[32m200[39m [90m105 ms - 139[39m
[35m[HTTP][39m [90m[39m
[35m[HTTP][39m [37m-->[39m [37mGET[39m [37m/wd/hub/session/7e37a410-2aa6-4022-8a41-a98bcfa84174/element/13d6bcc0-22d8-4c93-9ea6-509e7d892421/location[39m
[35m[HTTP][39m [90m{}[39m
[35m[W3C (7e37a410)][39m Driver proxy active, passing request on via HTTP proxy
[35m[WD Proxy][39m Replacing sessionId c46179f1-2ccd-4ff4-932f-4c51ff7141a2 with 7e37a410-2aa6-4022-8a41-a98bcfa84174
[35m[HTTP][39m [37m<-- GET /wd/hub/session/7e37a410-2aa6-4022-8a41-a98bcfa84174/element/13d6bcc0-22d8-4c93-9ea6-509e7d892421/location [39m[32m200[39m [90m80 ms - 90[39m
[35m[HTTP][39m [90m[39m
[35m[HTTP][39m [37m-->[39m [37mPOST[39m [37m/wd/hub/session/7e37a410-2aa6-4022-8a41-a98bcfa84174/timeouts[39m
[35m[HTTP][39m [90m{"implicit":30000}[39m
[35m[HTTP][39m [37m<-- POST /wd/hub/session/7e37a410-2aa6-4022-8a41-a98bcfa84174/timeouts [39m[32m200[39m [90m3 ms - 14[39m
[35m[HTTP][39m [90m[39m
[35m[HTTP][39m [37m-->[39m [37mPOST[39m [37m/wd/hub/session/7e37a410-2aa6-4022-8a41-a98bcfa84174/touch/perform[39m
[35m[HTTP][39m [90m{"actions":[{"action":"tap","options":{"x":1,"y":1,"element":"13d6bcc0-22d8-4c93-9ea6-509e7d892421"}},{"action":"release","options":{}}]}[39m
[35m[UiAutomator2][39m calling get location: 13d6bcc0-22d8-4c93-9ea6-509e7d892421
[35m[HTTP][39m [37m<-- POST /wd/hub/session/7e37a410-2aa6-4022-8a41-a98bcfa84174/touch/perform [39m[32m200[39m [90m1487 ms - 14[39m
[35m[HTTP][39m [90m[39m
[35m[BaseDriver][39m Shutting down because we waited 1800 seconds for a command
[35m[Appium][39m Closing session, cause was 'New Command Timeout of 1800 seconds expired. Try customizing the timeout using the 'newCommandTimeout' desired capability'
[35m[Appium][39m Removing session 7e37a410-2aa6-4022-8a41-a98bcfa84174 from our master session list
[35m[WD Proxy][39m Got an unexpected response: {"code":"ECONNRESET"}
[35m[UiAutomator2][39m Did not get confirmation UiAutomator2 deleteSession worked; Error was: UnknownError: An unknown server-side error occurred while processing the command. Original error: Could not proxy command to remote server. Original error: Error: socket hang up
[35m[ADB][39m io.nativebase.market.geekyants.taxiapprider was not uninstalled, because it was not present on the device
[35m[UiAutomator2][39m Restoring hidden api policy to the device default configuration
[35m[Appium][39m Received SIGTERM - shutting down
