[35m[Appium][39m Welcome to Appium v1.14.0
[35m[Appium][39m Non-default server args:
[35m[Appium][39m   port: 51283
[35m[Appium][39m   loglevel: info
[35m[Appium][39m   chromeDriverPort: 51284
[35m[Appium][39m   tmpDir: /var/folders/38/x4crs4qx0hn0r3_szny2t9sw0000gn/T//Katalon/Appium/Temp1565938397168
[35m[Appium][39m Appium REST http interface listener started on 0.0.0.0:51283
[35m[HTTP][39m [37m-->[39m [37mGET[39m [37m/wd/hub/status[39m
[35m[HTTP][39m [90m{}[39m
[35m[HTTP][39m [37m<-- GET /wd/hub/status [39m[32m200[39m [90m24 ms - 68[39m
[35m[HTTP][39m [90m[39m
[35m[HTTP][39m [37m-->[39m [37mPOST[39m [37m/wd/hub/session[39m
[35m[HTTP][39m [90m{"desiredCapabilities":{"app":"/Users/sumittulsyan/Downloads/app-release (1).apk","noReset":false,"deviceName":"emulator-5554 (Android SDK built for x86 - Android 7.0)","fullReset":true,"platform":"ANDROID","newCommandTimeout":1800,"platformVersion":"7.0","automationName":"uiautomator2","autoGrantPermissions":true,"platformName":"Android","udid":"emulator-5554","systemPort":51282},"capabilities":{"firstMatch":[{"appium:app":"/Users/sumittulsyan/Downloads/app-release (1).apk","appium:autoGrantPermissions":true,"appium:automationName":"uiautomator2","appium:deviceName":"emulator-5554 (Android SDK built for x86 - Android 7.0)","appium:fullReset":true,"appium:newCommandTimeout":1800,"appium:noReset":false,"platform":"ANDROID","platformName":"android","appium:platformVersion":"7.0","appium:systemPort":51282,"appium:udid":"emulator-5554"}]}}[39m
[35m[BaseDriver][39m The capabilities ["platform"] are not standard capabilities and should have an extension prefix
[35m[Appium][39m Appium v1.14.0 creating new AndroidUiautomator2Driver (v1.33.1) session
[35m[Appium][39m Capabilities:
[35m[Appium][39m   platform: ANDROID
[35m[Appium][39m   platformName: android
[35m[Appium][39m   app: /Users/sumittulsyan/Downloads/app-release (1).apk
[35m[Appium][39m   autoGrantPermissions: true
[35m[Appium][39m   automationName: uiautomator2
[35m[Appium][39m   deviceName: emulator-5554 (Android SDK built for x86 - Android 7.0)
[35m[Appium][39m   fullReset: true
[35m[Appium][39m   newCommandTimeout: 1800
[35m[Appium][39m   noReset: false
[35m[Appium][39m   platformVersion: 7.0
[35m[Appium][39m   systemPort: 51282
[35m[Appium][39m   udid: emulator-5554
[35m[BaseDriver][39m The following capabilities were provided, but are not recognized by Appium:
[35m[BaseDriver][39m   platform
[35m[BaseDriver][39m Session created with session id: 9766def8-9e4a-46a8-b07b-108e5b526225
[35m[BaseDriver][39m Using local app '/Users/sumittulsyan/Downloads/app-release (1).apk'
[35m[ADB][39m Found 1 'build-tools' folders under '/Users/sumittulsyan/.katalon/tools/android_sdk' (newest first):
[35m[ADB][39m     /Users/sumittulsyan/.katalon/tools/android_sdk/build-tools/29.0.1
[35m[ADB][39m Using 'adb' from '/Users/sumittulsyan/.katalon/tools/android_sdk/platform-tools/adb'
[35m[AndroidDriver][39m Retrieving device list
[35m[AndroidDriver][39m Using device: emulator-5554
[35m[ADB][39m Using 'adb' from '/Users/sumittulsyan/.katalon/tools/android_sdk/platform-tools/adb'
[35m[ADB][39m Using 'apkanalyzer' from '/Users/sumittulsyan/.katalon/tools/android_sdk/tools/bin/apkanalyzer'
[35m[ADB][39m Using the alternative activity name detection method because of: Command '/Users/sumittulsyan/.katalon/tools/android_sdk/tools/bin/apkanalyzer -h manifest print '/Users/sumittulsyan/Downloads/app-release (1).apk'' exited with code 2
[35m[ADB][39m Using 'aapt' from '/Users/sumittulsyan/.katalon/tools/android_sdk/build-tools/29.0.1/aapt'
[35m[ADB][39m Extracting package and launch activity from manifest
[35m[ADB][39m Package name: 'io.nativebase.market.geekyants.taxiapprider'
[35m[ADB][39m Main activity name: 'io.nativebase.market.geekyants.taxiapprider.MainActivity'
[35m[ADB][39m Using 'apksigner' from '/Users/sumittulsyan/.katalon/tools/android_sdk/build-tools/29.0.1/apksigner'
[35m[UiAutomator2][39m Server packages are not going to be (re)installed
[35m[ADB][39m io.nativebase.market.geekyants.taxiapprider was successfully uninstalled
[35m[ADB][39m The application at '/Users/sumittulsyan/Downloads/app-release (1).apk' is already cached to '/data/local/tmp/appium_cache/319121ffd2a4e89e1742e996fe8df850b3a56b9f.apk'
[35m[ADB][39m The installation of 'app-release (1).apk' took 8.885s
[35m[UiAutomator2][39m Starting UIAutomator2 server 3.7.0
[35m[UiAutomator2][39m Using UIAutomator2 server from '/Users/sumittulsyan/Downloads/appium-mobile-test/node_modules/appium-uiautomator2-server/apks/appium-uiautomator2-server-v3.7.0.apk' and test from '/Users/sumittulsyan/Downloads/appium-mobile-test/node_modules/appium-uiautomator2-server/apks/appium-uiautomator2-server-debug-androidTest.apk'
[35m[UiAutomator2][39m Waiting up to 30000ms for UiAutomator2 to be online...
[35m[WD Proxy][39m Got an unexpected response: {"code":"ECONNRESET"}
[35m[AndroidDriver][39m Screen already unlocked, doing nothing
[35m[UiAutomator2][39m UiAutomator2 did not start the activity we were waiting for, 'io.nativebase.market.geekyants.taxiapprider/io.nativebase.market.geekyants.taxiapprider.MainActivity'. Starting it ourselves
[35m[Appium][39m New AndroidUiautomator2Driver session created successfully, session 9766def8-9e4a-46a8-b07b-108e5b526225 added to master session list
[35m[HTTP][39m [37m<-- POST /wd/hub/session [39m[32m200[39m [90m28058 ms - 1279[39m
[35m[HTTP][39m [90m[39m
[35m[HTTP][39m [37m-->[39m [37mGET[39m [37m/wd/hub/session/9766def8-9e4a-46a8-b07b-108e5b526225[39m
[35m[HTTP][39m [90m{}[39m
[35m[HTTP][39m [37m<-- GET /wd/hub/session/9766def8-9e4a-46a8-b07b-108e5b526225 [39m[32m200[39m [90m38 ms - 1211[39m
[35m[HTTP][39m [90m[39m
[35m[HTTP][39m [37m-->[39m [37mGET[39m [37m/wd/hub/session/9766def8-9e4a-46a8-b07b-108e5b526225[39m
[35m[HTTP][39m [90m{}[39m
[35m[HTTP][39m [37m<-- GET /wd/hub/session/9766def8-9e4a-46a8-b07b-108e5b526225 [39m[32m200[39m [90m24 ms - 1211[39m
[35m[HTTP][39m [90m[39m
[35m[HTTP][39m [37m-->[39m [37mGET[39m [37m/wd/hub/status[39m
[35m[HTTP][39m [90m{}[39m
[35m[HTTP][39m [37m<-- GET /wd/hub/status [39m[32m200[39m [90m1 ms - 68[39m
[35m[HTTP][39m [90m[39m
[35m[HTTP][39m [37m-->[39m [37mPOST[39m [37m/wd/hub/session/9766def8-9e4a-46a8-b07b-108e5b526225/timeouts[39m
[35m[HTTP][39m [90m{"implicit":30000}[39m
[35m[HTTP][39m [37m<-- POST /wd/hub/session/9766def8-9e4a-46a8-b07b-108e5b526225/timeouts [39m[32m200[39m [90m5 ms - 14[39m
[35m[HTTP][39m [90m[39m
[35m[HTTP][39m [37m-->[39m [37mPOST[39m [37m/wd/hub/session/9766def8-9e4a-46a8-b07b-108e5b526225/timeouts[39m
[35m[HTTP][39m [90m{"implicit":50}[39m
[35m[HTTP][39m [37m<-- POST /wd/hub/session/9766def8-9e4a-46a8-b07b-108e5b526225/timeouts [39m[32m200[39m [90m3 ms - 14[39m
[35m[HTTP][39m [90m[39m
[35m[HTTP][39m [37m-->[39m [37mGET[39m [37m/wd/hub/session/9766def8-9e4a-46a8-b07b-108e5b526225/window/rect[39m
[35m[HTTP][39m [90m{}[39m
[35m[HTTP][39m [37m<-- GET /wd/hub/session/9766def8-9e4a-46a8-b07b-108e5b526225/window/rect [39m[32m200[39m [90m1060 ms - 50[39m
[35m[HTTP][39m [90m[39m
[35m[HTTP][39m [37m-->[39m [37mPOST[39m [37m/wd/hub/session/9766def8-9e4a-46a8-b07b-108e5b526225/elements[39m
[35m[HTTP][39m [90m{"using":"-android uiautomator","value":"new UiSelector().className(\"android.widget.TextView\").text(\"Sign In\")"}[39m
[35m[HTTP][39m [37m<-- POST /wd/hub/session/9766def8-9e4a-46a8-b07b-108e5b526225/elements [39m[32m200[39m [90m189 ms - 12[39m
[35m[HTTP][39m [90m[39m
[35m[HTTP][39m [37m-->[39m [37mPOST[39m [37m/wd/hub/session/9766def8-9e4a-46a8-b07b-108e5b526225/elements[39m
[35m[HTTP][39m [90m{"using":"-android uiautomator","value":"new UiSelector().className(\"android.widget.TextView\").text(\"Sign In\")"}[39m
[35m[HTTP][39m [37m<-- POST /wd/hub/session/9766def8-9e4a-46a8-b07b-108e5b526225/elements [39m[32m200[39m [90m581 ms - 12[39m
[35m[HTTP][39m [90m[39m
[35m[HTTP][39m [37m-->[39m [37mPOST[39m [37m/wd/hub/session/9766def8-9e4a-46a8-b07b-108e5b526225/elements[39m
[35m[HTTP][39m [90m{"using":"-android uiautomator","value":"new UiSelector().className(\"android.widget.TextView\").text(\"Sign In\")"}[39m
[35m[HTTP][39m [37m<-- POST /wd/hub/session/9766def8-9e4a-46a8-b07b-108e5b526225/elements [39m[32m200[39m [90m582 ms - 12[39m
[35m[HTTP][39m [90m[39m
[35m[HTTP][39m [37m-->[39m [37mPOST[39m [37m/wd/hub/session/9766def8-9e4a-46a8-b07b-108e5b526225/elements[39m
[35m[HTTP][39m [90m{"using":"-android uiautomator","value":"new UiSelector().className(\"android.widget.TextView\").text(\"Sign In\")"}[39m
[35m[HTTP][39m [37m<-- POST /wd/hub/session/9766def8-9e4a-46a8-b07b-108e5b526225/elements [39m[32m200[39m [90m575 ms - 12[39m
[35m[HTTP][39m [90m[39m
[35m[HTTP][39m [37m-->[39m [37mPOST[39m [37m/wd/hub/session/9766def8-9e4a-46a8-b07b-108e5b526225/elements[39m
[35m[HTTP][39m [90m{"using":"-android uiautomator","value":"new UiSelector().className(\"android.widget.TextView\").text(\"Sign In\")"}[39m
[35m[HTTP][39m [37m<-- POST /wd/hub/session/9766def8-9e4a-46a8-b07b-108e5b526225/elements [39m[32m200[39m [90m1160 ms - 139[39m
[35m[HTTP][39m [90m[39m
[35m[HTTP][39m [37m-->[39m [37mGET[39m [37m/wd/hub/session/9766def8-9e4a-46a8-b07b-108e5b526225/element/a8a835f4-c41e-4ea5-b665-10f751224626/location[39m
[35m[HTTP][39m [90m{}[39m
[35m[W3C (9766def8)][39m Driver proxy active, passing request on via HTTP proxy
[35m[WD Proxy][39m Replacing sessionId 4148f2bc-1f82-4ca9-9e08-0ef262e07278 with 9766def8-9e4a-46a8-b07b-108e5b526225
[35m[HTTP][39m [37m<-- GET /wd/hub/session/9766def8-9e4a-46a8-b07b-108e5b526225/element/a8a835f4-c41e-4ea5-b665-10f751224626/location [39m[32m200[39m [90m39 ms - 90[39m
[35m[HTTP][39m [90m[39m
[35m[HTTP][39m [37m-->[39m [37mPOST[39m [37m/wd/hub/session/9766def8-9e4a-46a8-b07b-108e5b526225/timeouts[39m
[35m[HTTP][39m [90m{"implicit":30000}[39m
[35m[HTTP][39m [37m<-- POST /wd/hub/session/9766def8-9e4a-46a8-b07b-108e5b526225/timeouts [39m[32m200[39m [90m4 ms - 14[39m
[35m[HTTP][39m [90m[39m
[35m[HTTP][39m [37m-->[39m [37mPOST[39m [37m/wd/hub/session/9766def8-9e4a-46a8-b07b-108e5b526225/touch/perform[39m
[35m[HTTP][39m [90m{"actions":[{"action":"tap","options":{"x":1,"y":1,"element":"a8a835f4-c41e-4ea5-b665-10f751224626"}},{"action":"release","options":{}}]}[39m
[35m[UiAutomator2][39m calling get location: a8a835f4-c41e-4ea5-b665-10f751224626
[35m[HTTP][39m [37m<-- POST /wd/hub/session/9766def8-9e4a-46a8-b07b-108e5b526225/touch/perform [39m[32m200[39m [90m1194 ms - 14[39m
[35m[HTTP][39m [90m[39m
[35m[HTTP][39m [37m-->[39m [37mPOST[39m [37m/wd/hub/session/9766def8-9e4a-46a8-b07b-108e5b526225/timeouts[39m
[35m[HTTP][39m [90m{"implicit":50}[39m
[35m[HTTP][39m [37m<-- POST /wd/hub/session/9766def8-9e4a-46a8-b07b-108e5b526225/timeouts [39m[32m200[39m [90m2 ms - 14[39m
[35m[HTTP][39m [90m[39m
[35m[HTTP][39m [37m-->[39m [37mGET[39m [37m/wd/hub/session/9766def8-9e4a-46a8-b07b-108e5b526225/window/rect[39m
[35m[HTTP][39m [90m{}[39m
[35m[HTTP][39m [37m<-- GET /wd/hub/session/9766def8-9e4a-46a8-b07b-108e5b526225/window/rect [39m[32m200[39m [90m21 ms - 50[39m
[35m[HTTP][39m [90m[39m
[35m[HTTP][39m [37m-->[39m [37mPOST[39m [37m/wd/hub/session/9766def8-9e4a-46a8-b07b-108e5b526225/elements[39m
[35m[HTTP][39m [90m{"using":"-android uiautomator","value":"new UiSelector().className(\"android.widget.EditText\").text(\"Email\")"}[39m
[35m[HTTP][39m [37m<-- POST /wd/hub/session/9766def8-9e4a-46a8-b07b-108e5b526225/elements [39m[32m200[39m [90m72 ms - 139[39m
[35m[HTTP][39m [90m[39m
[35m[HTTP][39m [37m-->[39m [37mGET[39m [37m/wd/hub/session/9766def8-9e4a-46a8-b07b-108e5b526225/element/279d5fd3-42e9-4cf4-943b-564b4a9ede7c/location[39m
[35m[HTTP][39m [90m{}[39m
[35m[W3C (9766def8)][39m Driver proxy active, passing request on via HTTP proxy
[35m[WD Proxy][39m Replacing sessionId 4148f2bc-1f82-4ca9-9e08-0ef262e07278 with 9766def8-9e4a-46a8-b07b-108e5b526225
[35m[HTTP][39m [37m<-- GET /wd/hub/session/9766def8-9e4a-46a8-b07b-108e5b526225/element/279d5fd3-42e9-4cf4-943b-564b4a9ede7c/location [39m[32m200[39m [90m59 ms - 89[39m
[35m[HTTP][39m [90m[39m
[35m[HTTP][39m [37m-->[39m [37mPOST[39m [37m/wd/hub/session/9766def8-9e4a-46a8-b07b-108e5b526225/timeouts[39m
[35m[HTTP][39m [90m{"implicit":30000}[39m
[35m[HTTP][39m [37m<-- POST /wd/hub/session/9766def8-9e4a-46a8-b07b-108e5b526225/timeouts [39m[32m200[39m [90m3 ms - 14[39m
[35m[HTTP][39m [90m[39m
[35m[HTTP][39m [37m-->[39m [37mPOST[39m [37m/wd/hub/session/9766def8-9e4a-46a8-b07b-108e5b526225/element/279d5fd3-42e9-4cf4-943b-564b4a9ede7c/clear[39m
[35m[HTTP][39m [90m{"id":"279d5fd3-42e9-4cf4-943b-564b4a9ede7c"}[39m
[35m[HTTP][39m [37m<-- POST /wd/hub/session/9766def8-9e4a-46a8-b07b-108e5b526225/element/279d5fd3-42e9-4cf4-943b-564b4a9ede7c/clear [39m[32m200[39m [90m47 ms - 27[39m
[35m[HTTP][39m [90m[39m
[35m[HTTP][39m [37m-->[39m [37mPOST[39m [37m/wd/hub/session/9766def8-9e4a-46a8-b07b-108e5b526225/element/279d5fd3-42e9-4cf4-943b-564b4a9ede7c/value[39m
[35m[HTTP][39m [90m{"id":"279d5fd3-42e9-4cf4-943b-564b4a9ede7c","text":"taxirider@gmail.com","value":["t","a","x","i","r","i","d","e","r","@","g","m","a","i","l",".","c","o","m"]}[39m
[35m[HTTP][39m [37m<-- POST /wd/hub/session/9766def8-9e4a-46a8-b07b-108e5b526225/element/279d5fd3-42e9-4cf4-943b-564b4a9ede7c/value [39m[32m200[39m [90m1057 ms - 12[39m
[35m[HTTP][39m [90m[39m
[35m[HTTP][39m [37m-->[39m [37mPOST[39m [37m/wd/hub/session/9766def8-9e4a-46a8-b07b-108e5b526225/timeouts[39m
[35m[HTTP][39m [90m{"implicit":50}[39m
[35m[HTTP][39m [37m<-- POST /wd/hub/session/9766def8-9e4a-46a8-b07b-108e5b526225/timeouts [39m[32m200[39m [90m3 ms - 14[39m
[35m[HTTP][39m [90m[39m
[35m[HTTP][39m [37m-->[39m [37mGET[39m [37m/wd/hub/session/9766def8-9e4a-46a8-b07b-108e5b526225/window/rect[39m
[35m[HTTP][39m [90m{}[39m
[35m[HTTP][39m [37m<-- GET /wd/hub/session/9766def8-9e4a-46a8-b07b-108e5b526225/window/rect [39m[32m200[39m [90m34 ms - 50[39m
[35m[HTTP][39m [90m[39m
[35m[HTTP][39m [37m-->[39m [37mPOST[39m [37m/wd/hub/session/9766def8-9e4a-46a8-b07b-108e5b526225/elements[39m
[35m[HTTP][39m [90m{"using":"-android uiautomator","value":"new UiSelector().className(\"android.widget.EditText\").text(\"Password\")"}[39m
[35m[HTTP][39m [37m<-- POST /wd/hub/session/9766def8-9e4a-46a8-b07b-108e5b526225/elements [39m[32m200[39m [90m357 ms - 139[39m
[35m[HTTP][39m [90m[39m
[35m[HTTP][39m [37m-->[39m [37mGET[39m [37m/wd/hub/session/9766def8-9e4a-46a8-b07b-108e5b526225/element/1a90dd70-5ad5-4a49-9014-c978395eef54/location[39m
[35m[HTTP][39m [90m{}[39m
[35m[W3C (9766def8)][39m Driver proxy active, passing request on via HTTP proxy
[35m[WD Proxy][39m Replacing sessionId 4148f2bc-1f82-4ca9-9e08-0ef262e07278 with 9766def8-9e4a-46a8-b07b-108e5b526225
[35m[HTTP][39m [37m<-- GET /wd/hub/session/9766def8-9e4a-46a8-b07b-108e5b526225/element/1a90dd70-5ad5-4a49-9014-c978395eef54/location [39m[32m200[39m [90m48 ms - 90[39m
[35m[HTTP][39m [90m[39m
[35m[HTTP][39m [37m-->[39m [37mPOST[39m [37m/wd/hub/session/9766def8-9e4a-46a8-b07b-108e5b526225/timeouts[39m
[35m[HTTP][39m [90m{"implicit":30000}[39m
[35m[HTTP][39m [37m<-- POST /wd/hub/session/9766def8-9e4a-46a8-b07b-108e5b526225/timeouts [39m[32m200[39m [90m2 ms - 14[39m
[35m[HTTP][39m [90m[39m
[35m[HTTP][39m [37m-->[39m [37mPOST[39m [37m/wd/hub/session/9766def8-9e4a-46a8-b07b-108e5b526225/element/1a90dd70-5ad5-4a49-9014-c978395eef54/clear[39m
[35m[HTTP][39m [90m{"id":"1a90dd70-5ad5-4a49-9014-c978395eef54"}[39m
[35m[HTTP][39m [37m<-- POST /wd/hub/session/9766def8-9e4a-46a8-b07b-108e5b526225/element/1a90dd70-5ad5-4a49-9014-c978395eef54/clear [39m[32m200[39m [90m51 ms - 27[39m
[35m[HTTP][39m [90m[39m
[35m[HTTP][39m [37m-->[39m [37mPOST[39m [37m/wd/hub/session/9766def8-9e4a-46a8-b07b-108e5b526225/element/1a90dd70-5ad5-4a49-9014-c978395eef54/value[39m
[35m[HTTP][39m [90m{"id":"1a90dd70-5ad5-4a49-9014-c978395eef54","text":"123456","value":["1","2","3","4","5","6"]}[39m
[35m[HTTP][39m [37m<-- POST /wd/hub/session/9766def8-9e4a-46a8-b07b-108e5b526225/element/1a90dd70-5ad5-4a49-9014-c978395eef54/value [39m[32m200[39m [90m1247 ms - 12[39m
[35m[HTTP][39m [90m[39m
[35m[HTTP][39m [37m-->[39m [37mPOST[39m [37m/wd/hub/session/9766def8-9e4a-46a8-b07b-108e5b526225/timeouts[39m
[35m[HTTP][39m [90m{"implicit":50}[39m
[35m[HTTP][39m [37m<-- POST /wd/hub/session/9766def8-9e4a-46a8-b07b-108e5b526225/timeouts [39m[32m200[39m [90m2 ms - 14[39m
[35m[HTTP][39m [90m[39m
[35m[HTTP][39m [37m-->[39m [37mGET[39m [37m/wd/hub/session/9766def8-9e4a-46a8-b07b-108e5b526225/window/rect[39m
[35m[HTTP][39m [90m{}[39m
[35m[HTTP][39m [37m<-- GET /wd/hub/session/9766def8-9e4a-46a8-b07b-108e5b526225/window/rect [39m[32m200[39m [90m11 ms - 50[39m
[35m[HTTP][39m [90m[39m
[35m[HTTP][39m [37m-->[39m [37mPOST[39m [37m/wd/hub/session/9766def8-9e4a-46a8-b07b-108e5b526225/elements[39m
[35m[HTTP][39m [90m{"using":"xpath","value":"//hierarchy/android.widget.FrameLayout[1]/android.widget.LinearLayout[1]/android.widget.FrameLayout[1]/android.widget.LinearLayout[1]/android.widget.FrameLayout[1]/android.widget.FrameLayout[1]/android.view.ViewGroup[1]/android.view.ViewGroup[1]/android.view.ViewGroup[1]/android.view.ViewGroup[1]/android.support.v4.widget.DrawerLayout[1]/android.view.ViewGroup[1]/android.view.ViewGroup[1]/android.view.ViewGroup[1]/android.view.ViewGroup[1]/android.view.ViewGroup[1]/android.view.ViewGroup[1]/android.widget.ScrollView[1]/android.view.ViewGroup[1]/android.view.ViewGroup[7]/android.widget.TextView[1]"}[39m
[35m[HTTP][39m [37m<-- POST /wd/hub/session/9766def8-9e4a-46a8-b07b-108e5b526225/elements [39m[32m200[39m [90m530 ms - 139[39m
[35m[HTTP][39m [90m[39m
[35m[HTTP][39m [37m-->[39m [37mGET[39m [37m/wd/hub/session/9766def8-9e4a-46a8-b07b-108e5b526225/element/1fdbbec9-e234-4eba-8ab9-a9716ebd7c66/location[39m
[35m[HTTP][39m [90m{}[39m
[35m[W3C (9766def8)][39m Driver proxy active, passing request on via HTTP proxy
[35m[WD Proxy][39m Replacing sessionId 4148f2bc-1f82-4ca9-9e08-0ef262e07278 with 9766def8-9e4a-46a8-b07b-108e5b526225
[35m[HTTP][39m [37m<-- GET /wd/hub/session/9766def8-9e4a-46a8-b07b-108e5b526225/element/1fdbbec9-e234-4eba-8ab9-a9716ebd7c66/location [39m[32m200[39m [90m25 ms - 90[39m
[35m[HTTP][39m [90m[39m
[35m[HTTP][39m [37m-->[39m [37mPOST[39m [37m/wd/hub/session/9766def8-9e4a-46a8-b07b-108e5b526225/timeouts[39m
[35m[HTTP][39m [90m{"implicit":30000}[39m
[35m[HTTP][39m [37m<-- POST /wd/hub/session/9766def8-9e4a-46a8-b07b-108e5b526225/timeouts [39m[32m200[39m [90m2 ms - 14[39m
[35m[HTTP][39m [90m[39m
[35m[HTTP][39m [37m-->[39m [37mPOST[39m [37m/wd/hub/session/9766def8-9e4a-46a8-b07b-108e5b526225/touch/perform[39m
[35m[HTTP][39m [90m{"actions":[{"action":"tap","options":{"x":1,"y":1,"element":"1fdbbec9-e234-4eba-8ab9-a9716ebd7c66"}},{"action":"release","options":{}}]}[39m
[35m[UiAutomator2][39m calling get location: 1fdbbec9-e234-4eba-8ab9-a9716ebd7c66
[35m[HTTP][39m [37m<-- POST /wd/hub/session/9766def8-9e4a-46a8-b07b-108e5b526225/touch/perform [39m[32m200[39m [90m47 ms - 14[39m
[35m[HTTP][39m [90m[39m
[35m[HTTP][39m [37m-->[39m [37mPOST[39m [37m/wd/hub/session/9766def8-9e4a-46a8-b07b-108e5b526225/timeouts[39m
[35m[HTTP][39m [90m{"implicit":50}[39m
[35m[HTTP][39m [37m<-- POST /wd/hub/session/9766def8-9e4a-46a8-b07b-108e5b526225/timeouts [39m[32m200[39m [90m2 ms - 14[39m
[35m[HTTP][39m [90m[39m
[35m[HTTP][39m [37m-->[39m [37mGET[39m [37m/wd/hub/session/9766def8-9e4a-46a8-b07b-108e5b526225/window/rect[39m
[35m[HTTP][39m [90m{}[39m
[35m[HTTP][39m [37m<-- GET /wd/hub/session/9766def8-9e4a-46a8-b07b-108e5b526225/window/rect [39m[32m200[39m [90m14 ms - 50[39m
[35m[HTTP][39m [90m[39m
[35m[HTTP][39m [37m-->[39m [37mPOST[39m [37m/wd/hub/session/9766def8-9e4a-46a8-b07b-108e5b526225/elements[39m
[35m[HTTP][39m [90m{"using":"-android uiautomator","value":"new UiSelector().className(\"android.widget.TextView\").text(\"Bannerghatta Main Road, BTM Layout, 2nd Stage, 2nd Main Road, No 18, First Floor, Bengaluru, Karnataka 560076, India\")"}[39m
[35m[HTTP][39m [37m<-- POST /wd/hub/session/9766def8-9e4a-46a8-b07b-108e5b526225/elements [39m[32m200[39m [90m894 ms - 12[39m
[35m[HTTP][39m [90m[39m
[35m[HTTP][39m [37m-->[39m [37mPOST[39m [37m/wd/hub/session/9766def8-9e4a-46a8-b07b-108e5b526225/elements[39m
[35m[HTTP][39m [90m{"using":"-android uiautomator","value":"new UiSelector().className(\"android.widget.TextView\").text(\"Bannerghatta Main Road, BTM Layout, 2nd Stage, 2nd Main Road, No 18, First Floor, Bengaluru, Karnataka 560076, India\")"}[39m
[35m[HTTP][39m [37m<-- POST /wd/hub/session/9766def8-9e4a-46a8-b07b-108e5b526225/elements [39m[32m200[39m [90m83 ms - 12[39m
[35m[HTTP][39m [90m[39m
[35m[HTTP][39m [37m-->[39m [37mPOST[39m [37m/wd/hub/session/9766def8-9e4a-46a8-b07b-108e5b526225/elements[39m
[35m[HTTP][39m [90m{"using":"-android uiautomator","value":"new UiSelector().className(\"android.widget.TextView\").text(\"Bannerghatta Main Road, BTM Layout, 2nd Stage, 2nd Main Road, No 18, First Floor, Bengaluru, Karnataka 560076, India\")"}[39m
[35m[HTTP][39m [37m<-- POST /wd/hub/session/9766def8-9e4a-46a8-b07b-108e5b526225/elements [39m[32m200[39m [90m1744 ms - 139[39m
[35m[HTTP][39m [90m[39m
[35m[HTTP][39m [37m-->[39m [37mGET[39m [37m/wd/hub/session/9766def8-9e4a-46a8-b07b-108e5b526225/element/b441a6ea-69c7-4499-bd8a-d56494a96e02/location[39m
[35m[HTTP][39m [90m{}[39m
[35m[W3C (9766def8)][39m Driver proxy active, passing request on via HTTP proxy
[35m[WD Proxy][39m Replacing sessionId 4148f2bc-1f82-4ca9-9e08-0ef262e07278 with 9766def8-9e4a-46a8-b07b-108e5b526225
[35m[HTTP][39m [37m<-- GET /wd/hub/session/9766def8-9e4a-46a8-b07b-108e5b526225/element/b441a6ea-69c7-4499-bd8a-d56494a96e02/location [39m[32m200[39m [90m30 ms - 89[39m
[35m[HTTP][39m [90m[39m
[35m[HTTP][39m [37m-->[39m [37mPOST[39m [37m/wd/hub/session/9766def8-9e4a-46a8-b07b-108e5b526225/timeouts[39m
[35m[HTTP][39m [90m{"implicit":30000}[39m
[35m[HTTP][39m [37m<-- POST /wd/hub/session/9766def8-9e4a-46a8-b07b-108e5b526225/timeouts [39m[32m200[39m [90m2 ms - 14[39m
[35m[HTTP][39m [90m[39m
[35m[HTTP][39m [37m-->[39m [37mPOST[39m [37m/wd/hub/session/9766def8-9e4a-46a8-b07b-108e5b526225/touch/perform[39m
[35m[HTTP][39m [90m{"actions":[{"action":"tap","options":{"x":1,"y":1,"element":"b441a6ea-69c7-4499-bd8a-d56494a96e02"}},{"action":"release","options":{}}]}[39m
[35m[UiAutomator2][39m calling get location: b441a6ea-69c7-4499-bd8a-d56494a96e02
[35m[HTTP][39m [37m<-- POST /wd/hub/session/9766def8-9e4a-46a8-b07b-108e5b526225/touch/perform [39m[32m200[39m [90m1438 ms - 14[39m
[35m[HTTP][39m [90m[39m
[35m[HTTP][39m [37m-->[39m [37mPOST[39m [37m/wd/hub/session/9766def8-9e4a-46a8-b07b-108e5b526225/timeouts[39m
[35m[HTTP][39m [90m{"implicit":50}[39m
[35m[HTTP][39m [37m<-- POST /wd/hub/session/9766def8-9e4a-46a8-b07b-108e5b526225/timeouts [39m[32m200[39m [90m2 ms - 14[39m
[35m[HTTP][39m [90m[39m
[35m[HTTP][39m [37m-->[39m [37mGET[39m [37m/wd/hub/session/9766def8-9e4a-46a8-b07b-108e5b526225/window/rect[39m
[35m[HTTP][39m [90m{}[39m
[35m[HTTP][39m [37m<-- GET /wd/hub/session/9766def8-9e4a-46a8-b07b-108e5b526225/window/rect [39m[32m200[39m [90m19 ms - 50[39m
[35m[HTTP][39m [90m[39m
[35m[HTTP][39m [37m-->[39m [37mPOST[39m [37m/wd/hub/session/9766def8-9e4a-46a8-b07b-108e5b526225/elements[39m
[35m[HTTP][39m [90m{"using":"-android uiautomator","value":"new UiSelector().className(\"android.widget.EditText\").text(\"Search for locality or place\")"}[39m
[35m[HTTP][39m [37m<-- POST /wd/hub/session/9766def8-9e4a-46a8-b07b-108e5b526225/elements [39m[32m200[39m [90m65 ms - 139[39m
[35m[HTTP][39m [90m[39m
[35m[HTTP][39m [37m-->[39m [37mGET[39m [37m/wd/hub/session/9766def8-9e4a-46a8-b07b-108e5b526225/element/cfcf453a-0776-4f7f-b6e2-32824cbb0d24/location[39m
[35m[HTTP][39m [90m{}[39m
[35m[W3C (9766def8)][39m Driver proxy active, passing request on via HTTP proxy
[35m[WD Proxy][39m Replacing sessionId 4148f2bc-1f82-4ca9-9e08-0ef262e07278 with 9766def8-9e4a-46a8-b07b-108e5b526225
[35m[HTTP][39m [37m<-- GET /wd/hub/session/9766def8-9e4a-46a8-b07b-108e5b526225/element/cfcf453a-0776-4f7f-b6e2-32824cbb0d24/location [39m[32m200[39m [90m28 ms - 88[39m
[35m[HTTP][39m [90m[39m
[35m[HTTP][39m [37m-->[39m [37mPOST[39m [37m/wd/hub/session/9766def8-9e4a-46a8-b07b-108e5b526225/timeouts[39m
[35m[HTTP][39m [90m{"implicit":30000}[39m
[35m[HTTP][39m [37m<-- POST /wd/hub/session/9766def8-9e4a-46a8-b07b-108e5b526225/timeouts [39m[32m200[39m [90m2 ms - 14[39m
[35m[HTTP][39m [90m[39m
[35m[HTTP][39m [37m-->[39m [37mPOST[39m [37m/wd/hub/session/9766def8-9e4a-46a8-b07b-108e5b526225/element/cfcf453a-0776-4f7f-b6e2-32824cbb0d24/clear[39m
[35m[HTTP][39m [90m{"id":"cfcf453a-0776-4f7f-b6e2-32824cbb0d24"}[39m
[35m[HTTP][39m [37m<-- POST /wd/hub/session/9766def8-9e4a-46a8-b07b-108e5b526225/element/cfcf453a-0776-4f7f-b6e2-32824cbb0d24/clear [39m[32m200[39m [90m31 ms - 27[39m
[35m[HTTP][39m [90m[39m
[35m[HTTP][39m [37m-->[39m [37mPOST[39m [37m/wd/hub/session/9766def8-9e4a-46a8-b07b-108e5b526225/element/cfcf453a-0776-4f7f-b6e2-32824cbb0d24/value[39m
[35m[HTTP][39m [90m{"id":"cfcf453a-0776-4f7f-b6e2-32824cbb0d24","text":"geekyants","value":["g","e","e","k","y","a","n","t","s"]}[39m
[35m[HTTP][39m [37m<-- POST /wd/hub/session/9766def8-9e4a-46a8-b07b-108e5b526225/element/cfcf453a-0776-4f7f-b6e2-32824cbb0d24/value [39m[32m200[39m [90m1744 ms - 12[39m
[35m[HTTP][39m [90m[39m
[35m[HTTP][39m [37m-->[39m [37mPOST[39m [37m/wd/hub/session/9766def8-9e4a-46a8-b07b-108e5b526225/timeouts[39m
[35m[HTTP][39m [90m{"implicit":50}[39m
[35m[HTTP][39m [37m<-- POST /wd/hub/session/9766def8-9e4a-46a8-b07b-108e5b526225/timeouts [39m[32m200[39m [90m2 ms - 14[39m
[35m[HTTP][39m [90m[39m
[35m[HTTP][39m [37m-->[39m [37mGET[39m [37m/wd/hub/session/9766def8-9e4a-46a8-b07b-108e5b526225/window/rect[39m
[35m[HTTP][39m [90m{}[39m
[35m[HTTP][39m [37m<-- GET /wd/hub/session/9766def8-9e4a-46a8-b07b-108e5b526225/window/rect [39m[32m200[39m [90m26 ms - 50[39m
[35m[HTTP][39m [90m[39m
[35m[HTTP][39m [37m-->[39m [37mPOST[39m [37m/wd/hub/session/9766def8-9e4a-46a8-b07b-108e5b526225/elements[39m
[35m[HTTP][39m [90m{"using":"-android uiautomator","value":"new UiSelector().className(\"android.widget.TextView\").text(\"GeekyAnts Software Pvt Ltd, Industrial Area, Stage 2, BTM 2nd Stage, Bengaluru, Karnataka, India\")"}[39m
[35m[HTTP][39m [37m<-- POST /wd/hub/session/9766def8-9e4a-46a8-b07b-108e5b526225/elements [39m[32m200[39m [90m845 ms - 139[39m
[35m[HTTP][39m [90m[39m
[35m[HTTP][39m [37m-->[39m [37mGET[39m [37m/wd/hub/session/9766def8-9e4a-46a8-b07b-108e5b526225/element/4cdc39ef-c815-48df-b772-a674d36f1335/location[39m
[35m[HTTP][39m [90m{}[39m
[35m[W3C (9766def8)][39m Driver proxy active, passing request on via HTTP proxy
[35m[WD Proxy][39m Replacing sessionId 4148f2bc-1f82-4ca9-9e08-0ef262e07278 with 9766def8-9e4a-46a8-b07b-108e5b526225
[35m[HTTP][39m [37m<-- GET /wd/hub/session/9766def8-9e4a-46a8-b07b-108e5b526225/element/4cdc39ef-c815-48df-b772-a674d36f1335/location [39m[32m200[39m [90m45 ms - 88[39m
[35m[HTTP][39m [90m[39m
[35m[HTTP][39m [37m-->[39m [37mPOST[39m [37m/wd/hub/session/9766def8-9e4a-46a8-b07b-108e5b526225/timeouts[39m
[35m[HTTP][39m [90m{"implicit":30000}[39m
[35m[HTTP][39m [37m<-- POST /wd/hub/session/9766def8-9e4a-46a8-b07b-108e5b526225/timeouts [39m[32m200[39m [90m2 ms - 14[39m
[35m[HTTP][39m [90m[39m
[35m[HTTP][39m [37m-->[39m [37mPOST[39m [37m/wd/hub/session/9766def8-9e4a-46a8-b07b-108e5b526225/touch/perform[39m
[35m[HTTP][39m [90m{"actions":[{"action":"tap","options":{"x":1,"y":1,"element":"4cdc39ef-c815-48df-b772-a674d36f1335"}},{"action":"release","options":{}}]}[39m
[35m[UiAutomator2][39m calling get location: 4cdc39ef-c815-48df-b772-a674d36f1335
[35m[HTTP][39m [37m<-- POST /wd/hub/session/9766def8-9e4a-46a8-b07b-108e5b526225/touch/perform [39m[32m200[39m [90m1304 ms - 14[39m
[35m[HTTP][39m [90m[39m
[35m[HTTP][39m [37m-->[39m [37mPOST[39m [37m/wd/hub/session/9766def8-9e4a-46a8-b07b-108e5b526225/timeouts[39m
[35m[HTTP][39m [90m{"implicit":50}[39m
[35m[HTTP][39m [37m<-- POST /wd/hub/session/9766def8-9e4a-46a8-b07b-108e5b526225/timeouts [39m[32m200[39m [90m3 ms - 14[39m
[35m[HTTP][39m [90m[39m
[35m[HTTP][39m [37m-->[39m [37mGET[39m [37m/wd/hub/session/9766def8-9e4a-46a8-b07b-108e5b526225/window/rect[39m
[35m[HTTP][39m [90m{}[39m
[35m[HTTP][39m [37m<-- GET /wd/hub/session/9766def8-9e4a-46a8-b07b-108e5b526225/window/rect [39m[32m200[39m [90m18 ms - 50[39m
[35m[HTTP][39m [90m[39m
[35m[HTTP][39m [37m-->[39m [37mPOST[39m [37m/wd/hub/session/9766def8-9e4a-46a8-b07b-108e5b526225/elements[39m
[35m[HTTP][39m [90m{"using":"-android uiautomator","value":"new UiSelector().className(\"android.widget.TextView\").text(\"Enter Drop Location\")"}[39m
[35m[HTTP][39m [37m<-- POST /wd/hub/session/9766def8-9e4a-46a8-b07b-108e5b526225/elements [39m[32m200[39m [90m68 ms - 139[39m
[35m[HTTP][39m [90m[39m
[35m[HTTP][39m [37m-->[39m [37mGET[39m [37m/wd/hub/session/9766def8-9e4a-46a8-b07b-108e5b526225/element/ae38af82-4e7a-4ec3-b2a7-556258f7a868/location[39m
[35m[HTTP][39m [90m{}[39m
[35m[W3C (9766def8)][39m Driver proxy active, passing request on via HTTP proxy
[35m[WD Proxy][39m Replacing sessionId 4148f2bc-1f82-4ca9-9e08-0ef262e07278 with 9766def8-9e4a-46a8-b07b-108e5b526225
[35m[HTTP][39m [37m<-- GET /wd/hub/session/9766def8-9e4a-46a8-b07b-108e5b526225/element/ae38af82-4e7a-4ec3-b2a7-556258f7a868/location [39m[32m200[39m [90m37 ms - 89[39m
[35m[HTTP][39m [90m[39m
[35m[HTTP][39m [37m-->[39m [37mPOST[39m [37m/wd/hub/session/9766def8-9e4a-46a8-b07b-108e5b526225/timeouts[39m
[35m[HTTP][39m [90m{"implicit":30000}[39m
[35m[HTTP][39m [37m<-- POST /wd/hub/session/9766def8-9e4a-46a8-b07b-108e5b526225/timeouts [39m[32m200[39m [90m3 ms - 14[39m
[35m[HTTP][39m [90m[39m
[35m[HTTP][39m [37m-->[39m [37mPOST[39m [37m/wd/hub/session/9766def8-9e4a-46a8-b07b-108e5b526225/touch/perform[39m
[35m[HTTP][39m [90m{"actions":[{"action":"tap","options":{"x":1,"y":1,"element":"ae38af82-4e7a-4ec3-b2a7-556258f7a868"}},{"action":"release","options":{}}]}[39m
[35m[UiAutomator2][39m calling get location: ae38af82-4e7a-4ec3-b2a7-556258f7a868
[35m[HTTP][39m [37m<-- POST /wd/hub/session/9766def8-9e4a-46a8-b07b-108e5b526225/touch/perform [39m[32m200[39m [90m1333 ms - 14[39m
[35m[HTTP][39m [90m[39m
[35m[HTTP][39m [37m-->[39m [37mPOST[39m [37m/wd/hub/session/9766def8-9e4a-46a8-b07b-108e5b526225/timeouts[39m
[35m[HTTP][39m [90m{"implicit":50}[39m
[35m[HTTP][39m [37m<-- POST /wd/hub/session/9766def8-9e4a-46a8-b07b-108e5b526225/timeouts [39m[32m200[39m [90m2 ms - 14[39m
[35m[HTTP][39m [90m[39m
[35m[HTTP][39m [37m-->[39m [37mGET[39m [37m/wd/hub/session/9766def8-9e4a-46a8-b07b-108e5b526225/window/rect[39m
[35m[HTTP][39m [90m{}[39m
[35m[HTTP][39m [37m<-- GET /wd/hub/session/9766def8-9e4a-46a8-b07b-108e5b526225/window/rect [39m[32m200[39m [90m24 ms - 50[39m
[35m[HTTP][39m [90m[39m
[35m[HTTP][39m [37m-->[39m [37mPOST[39m [37m/wd/hub/session/9766def8-9e4a-46a8-b07b-108e5b526225/elements[39m
[35m[HTTP][39m [90m{"using":"-android uiautomator","value":"new UiSelector().className(\"android.widget.EditText\").text(\"Search for locality or place\")"}[39m
[35m[HTTP][39m [37m<-- POST /wd/hub/session/9766def8-9e4a-46a8-b07b-108e5b526225/elements [39m[32m200[39m [90m74 ms - 139[39m
[35m[HTTP][39m [90m[39m
[35m[HTTP][39m [37m-->[39m [37mGET[39m [37m/wd/hub/session/9766def8-9e4a-46a8-b07b-108e5b526225/element/881c0e93-84b5-4cf1-b530-cc519eee4918/location[39m
[35m[HTTP][39m [90m{}[39m
[35m[W3C (9766def8)][39m Driver proxy active, passing request on via HTTP proxy
[35m[WD Proxy][39m Replacing sessionId 4148f2bc-1f82-4ca9-9e08-0ef262e07278 with 9766def8-9e4a-46a8-b07b-108e5b526225
[35m[HTTP][39m [37m<-- GET /wd/hub/session/9766def8-9e4a-46a8-b07b-108e5b526225/element/881c0e93-84b5-4cf1-b530-cc519eee4918/location [39m[32m200[39m [90m37 ms - 88[39m
[35m[HTTP][39m [90m[39m
[35m[HTTP][39m [37m-->[39m [37mPOST[39m [37m/wd/hub/session/9766def8-9e4a-46a8-b07b-108e5b526225/timeouts[39m
[35m[HTTP][39m [90m{"implicit":30000}[39m
[35m[HTTP][39m [37m<-- POST /wd/hub/session/9766def8-9e4a-46a8-b07b-108e5b526225/timeouts [39m[32m200[39m [90m3 ms - 14[39m
[35m[HTTP][39m [90m[39m
[35m[HTTP][39m [37m-->[39m [37mPOST[39m [37m/wd/hub/session/9766def8-9e4a-46a8-b07b-108e5b526225/element/881c0e93-84b5-4cf1-b530-cc519eee4918/clear[39m
[35m[HTTP][39m [90m{"id":"881c0e93-84b5-4cf1-b530-cc519eee4918"}[39m
[35m[HTTP][39m [37m<-- POST /wd/hub/session/9766def8-9e4a-46a8-b07b-108e5b526225/element/881c0e93-84b5-4cf1-b530-cc519eee4918/clear [39m[32m200[39m [90m42 ms - 27[39m
[35m[HTTP][39m [90m[39m
[35m[HTTP][39m [37m-->[39m [37mPOST[39m [37m/wd/hub/session/9766def8-9e4a-46a8-b07b-108e5b526225/element/881c0e93-84b5-4cf1-b530-cc519eee4918/value[39m
[35m[HTTP][39m [90m{"id":"881c0e93-84b5-4cf1-b530-cc519eee4918","text":"silk board","value":["s","i","l","k"," ","b","o","a","r","d"]}[39m
[35m[HTTP][39m [37m<-- POST /wd/hub/session/9766def8-9e4a-46a8-b07b-108e5b526225/element/881c0e93-84b5-4cf1-b530-cc519eee4918/value [39m[32m200[39m [90m1742 ms - 12[39m
[35m[HTTP][39m [90m[39m
[35m[HTTP][39m [37m-->[39m [37mPOST[39m [37m/wd/hub/session/9766def8-9e4a-46a8-b07b-108e5b526225/timeouts[39m
[35m[HTTP][39m [90m{"implicit":50}[39m
[35m[HTTP][39m [37m<-- POST /wd/hub/session/9766def8-9e4a-46a8-b07b-108e5b526225/timeouts [39m[32m200[39m [90m2 ms - 14[39m
[35m[HTTP][39m [90m[39m
[35m[HTTP][39m [37m-->[39m [37mGET[39m [37m/wd/hub/session/9766def8-9e4a-46a8-b07b-108e5b526225/window/rect[39m
[35m[HTTP][39m [90m{}[39m
[35m[HTTP][39m [37m<-- GET /wd/hub/session/9766def8-9e4a-46a8-b07b-108e5b526225/window/rect [39m[32m200[39m [90m37 ms - 50[39m
[35m[HTTP][39m [90m[39m
[35m[HTTP][39m [37m-->[39m [37mPOST[39m [37m/wd/hub/session/9766def8-9e4a-46a8-b07b-108e5b526225/elements[39m
[35m[HTTP][39m [90m{"using":"-android uiautomator","value":"new UiSelector().className(\"android.widget.TextView\").text(\"Silk board bus stand, Central Silk Board Colony, Stage 2, BTM Layout, Bengaluru, Karnataka, India\")"}[39m
[35m[HTTP][39m [37m<-- POST /wd/hub/session/9766def8-9e4a-46a8-b07b-108e5b526225/elements [39m[32m200[39m [90m814 ms - 139[39m
[35m[HTTP][39m [90m[39m
[35m[HTTP][39m [37m-->[39m [37mGET[39m [37m/wd/hub/session/9766def8-9e4a-46a8-b07b-108e5b526225/element/663c2a0f-c1bb-442f-9465-452ad9c7c6b0/location[39m
[35m[HTTP][39m [90m{}[39m
[35m[W3C (9766def8)][39m Driver proxy active, passing request on via HTTP proxy
[35m[WD Proxy][39m Replacing sessionId 4148f2bc-1f82-4ca9-9e08-0ef262e07278 with 9766def8-9e4a-46a8-b07b-108e5b526225
[35m[HTTP][39m [37m<-- GET /wd/hub/session/9766def8-9e4a-46a8-b07b-108e5b526225/element/663c2a0f-c1bb-442f-9465-452ad9c7c6b0/location [39m[32m200[39m [90m28 ms - 88[39m
[35m[HTTP][39m [90m[39m
[35m[HTTP][39m [37m-->[39m [37mPOST[39m [37m/wd/hub/session/9766def8-9e4a-46a8-b07b-108e5b526225/timeouts[39m
[35m[HTTP][39m [90m{"implicit":30000}[39m
[35m[HTTP][39m [37m<-- POST /wd/hub/session/9766def8-9e4a-46a8-b07b-108e5b526225/timeouts [39m[32m200[39m [90m3 ms - 14[39m
[35m[HTTP][39m [90m[39m
[35m[HTTP][39m [37m-->[39m [37mPOST[39m [37m/wd/hub/session/9766def8-9e4a-46a8-b07b-108e5b526225/touch/perform[39m
[35m[HTTP][39m [90m{"actions":[{"action":"tap","options":{"x":1,"y":1,"element":"663c2a0f-c1bb-442f-9465-452ad9c7c6b0"}},{"action":"release","options":{}}]}[39m
[35m[UiAutomator2][39m calling get location: 663c2a0f-c1bb-442f-9465-452ad9c7c6b0
[35m[HTTP][39m [37m<-- POST /wd/hub/session/9766def8-9e4a-46a8-b07b-108e5b526225/touch/perform [39m[32m200[39m [90m1054 ms - 14[39m
[35m[HTTP][39m [90m[39m
[35m[HTTP][39m [37m-->[39m [37mPOST[39m [37m/wd/hub/session/9766def8-9e4a-46a8-b07b-108e5b526225/timeouts[39m
[35m[HTTP][39m [90m{"implicit":50}[39m
[35m[HTTP][39m [37m<-- POST /wd/hub/session/9766def8-9e4a-46a8-b07b-108e5b526225/timeouts [39m[32m200[39m [90m2 ms - 14[39m
[35m[HTTP][39m [90m[39m
[35m[HTTP][39m [37m-->[39m [37mGET[39m [37m/wd/hub/session/9766def8-9e4a-46a8-b07b-108e5b526225/window/rect[39m
[35m[HTTP][39m [90m{}[39m
[35m[HTTP][39m [37m<-- GET /wd/hub/session/9766def8-9e4a-46a8-b07b-108e5b526225/window/rect [39m[32m200[39m [90m15 ms - 50[39m
[35m[HTTP][39m [90m[39m
[35m[HTTP][39m [37m-->[39m [37mPOST[39m [37m/wd/hub/session/9766def8-9e4a-46a8-b07b-108e5b526225/elements[39m
[35m[HTTP][39m [90m{"using":"-android uiautomator","value":"new UiSelector().className(\"android.widget.TextView\").text(\"Book Ride\")"}[39m
[35m[HTTP][39m [37m<-- POST /wd/hub/session/9766def8-9e4a-46a8-b07b-108e5b526225/elements [39m[32m200[39m [90m58 ms - 139[39m
[35m[HTTP][39m [90m[39m
[35m[HTTP][39m [37m-->[39m [37mGET[39m [37m/wd/hub/session/9766def8-9e4a-46a8-b07b-108e5b526225/element/178752b8-9b53-4455-9432-e8b1f07b1ee6/location[39m
[35m[HTTP][39m [90m{}[39m
[35m[W3C (9766def8)][39m Driver proxy active, passing request on via HTTP proxy
[35m[WD Proxy][39m Replacing sessionId 4148f2bc-1f82-4ca9-9e08-0ef262e07278 with 9766def8-9e4a-46a8-b07b-108e5b526225
[35m[HTTP][39m [37m<-- GET /wd/hub/session/9766def8-9e4a-46a8-b07b-108e5b526225/element/178752b8-9b53-4455-9432-e8b1f07b1ee6/location [39m[32m200[39m [90m36 ms - 90[39m
[35m[HTTP][39m [90m[39m
[35m[HTTP][39m [37m-->[39m [37mPOST[39m [37m/wd/hub/session/9766def8-9e4a-46a8-b07b-108e5b526225/timeouts[39m
[35m[HTTP][39m [90m{"implicit":30000}[39m
[35m[HTTP][39m [37m<-- POST /wd/hub/session/9766def8-9e4a-46a8-b07b-108e5b526225/timeouts [39m[32m200[39m [90m2 ms - 14[39m
[35m[HTTP][39m [90m[39m
[35m[HTTP][39m [37m-->[39m [37mPOST[39m [37m/wd/hub/session/9766def8-9e4a-46a8-b07b-108e5b526225/touch/perform[39m
[35m[HTTP][39m [90m{"actions":[{"action":"tap","options":{"x":1,"y":1,"element":"178752b8-9b53-4455-9432-e8b1f07b1ee6"}},{"action":"release","options":{}}]}[39m
[35m[UiAutomator2][39m calling get location: 178752b8-9b53-4455-9432-e8b1f07b1ee6
[35m[HTTP][39m [37m<-- POST /wd/hub/session/9766def8-9e4a-46a8-b07b-108e5b526225/touch/perform [39m[32m200[39m [90m879 ms - 14[39m
[35m[HTTP][39m [90m[39m
[35m[HTTP][39m [37m-->[39m [37mPOST[39m [37m/wd/hub/session/9766def8-9e4a-46a8-b07b-108e5b526225/timeouts[39m
[35m[HTTP][39m [90m{"implicit":50}[39m
[35m[HTTP][39m [37m<-- POST /wd/hub/session/9766def8-9e4a-46a8-b07b-108e5b526225/timeouts [39m[32m200[39m [90m2 ms - 14[39m
[35m[HTTP][39m [90m[39m
[35m[HTTP][39m [37m-->[39m [37mGET[39m [37m/wd/hub/session/9766def8-9e4a-46a8-b07b-108e5b526225/window/rect[39m
[35m[HTTP][39m [90m{}[39m
[35m[HTTP][39m [37m<-- GET /wd/hub/session/9766def8-9e4a-46a8-b07b-108e5b526225/window/rect [39m[32m200[39m [90m10 ms - 50[39m
[35m[HTTP][39m [90m[39m
[35m[HTTP][39m [37m-->[39m [37mPOST[39m [37m/wd/hub/session/9766def8-9e4a-46a8-b07b-108e5b526225/elements[39m
[35m[HTTP][39m [90m{"using":"-android uiautomator","value":"new UiSelector().className(\"android.widget.TextView\").text(\"Request Taxi\")"}[39m
[35m[HTTP][39m [37m<-- POST /wd/hub/session/9766def8-9e4a-46a8-b07b-108e5b526225/elements [39m[32m200[39m [90m55 ms - 139[39m
[35m[HTTP][39m [90m[39m
[35m[HTTP][39m [37m-->[39m [37mGET[39m [37m/wd/hub/session/9766def8-9e4a-46a8-b07b-108e5b526225/element/9e71c49f-7750-4865-a92d-69cc1e27558a/location[39m
[35m[HTTP][39m [90m{}[39m
[35m[W3C (9766def8)][39m Driver proxy active, passing request on via HTTP proxy
[35m[WD Proxy][39m Replacing sessionId 4148f2bc-1f82-4ca9-9e08-0ef262e07278 with 9766def8-9e4a-46a8-b07b-108e5b526225
[35m[HTTP][39m [37m<-- GET /wd/hub/session/9766def8-9e4a-46a8-b07b-108e5b526225/element/9e71c49f-7750-4865-a92d-69cc1e27558a/location [39m[32m200[39m [90m40 ms - 90[39m
[35m[HTTP][39m [90m[39m
[35m[HTTP][39m [37m-->[39m [37mPOST[39m [37m/wd/hub/session/9766def8-9e4a-46a8-b07b-108e5b526225/timeouts[39m
[35m[HTTP][39m [90m{"implicit":30000}[39m
[35m[HTTP][39m [37m<-- POST /wd/hub/session/9766def8-9e4a-46a8-b07b-108e5b526225/timeouts [39m[32m200[39m [90m3 ms - 14[39m
[35m[HTTP][39m [90m[39m
[35m[HTTP][39m [37m-->[39m [37mPOST[39m [37m/wd/hub/session/9766def8-9e4a-46a8-b07b-108e5b526225/touch/perform[39m
[35m[HTTP][39m [90m{"actions":[{"action":"tap","options":{"x":1,"y":1,"element":"9e71c49f-7750-4865-a92d-69cc1e27558a"}},{"action":"release","options":{}}]}[39m
[35m[UiAutomator2][39m calling get location: 9e71c49f-7750-4865-a92d-69cc1e27558a
[35m[HTTP][39m [37m<-- POST /wd/hub/session/9766def8-9e4a-46a8-b07b-108e5b526225/touch/perform [39m[32m200[39m [90m943 ms - 14[39m
[35m[HTTP][39m [90m[39m
[35m[BaseDriver][39m Shutting down because we waited 1800 seconds for a command
[35m[Appium][39m Closing session, cause was 'New Command Timeout of 1800 seconds expired. Try customizing the timeout using the 'newCommandTimeout' desired capability'
[35m[Appium][39m Removing session 9766def8-9e4a-46a8-b07b-108e5b526225 from our master session list
[35m[ADB][39m io.nativebase.market.geekyants.taxiapprider was successfully uninstalled
[35m[Appium][39m Received SIGTERM - shutting down
