[35m[Appium][39m Welcome to Appium v1.14.0
[35m[Appium][39m Non-default server args:
[35m[Appium][39m   port: 52943
[35m[Appium][39m   loglevel: info
[35m[Appium][39m   chromeDriverPort: 52946
[35m[Appium][39m   tmpDir: /var/folders/38/x4crs4qx0hn0r3_szny2t9sw0000gn/T//Katalon/Appium/Temp1565938932065
[35m[Appium][39m Appium REST http interface listener started on 0.0.0.0:52943
[35m[HTTP][39m [37m-->[39m [37mGET[39m [37m/wd/hub/status[39m
[35m[HTTP][39m [90m{}[39m
[35m[HTTP][39m [37m<-- GET /wd/hub/status [39m[32m200[39m [90m7 ms - 68[39m
[35m[HTTP][39m [90m[39m
[35m[HTTP][39m [37m-->[39m [37mPOST[39m [37m/wd/hub/session[39m
[35m[HTTP][39m [90m{"desiredCapabilities":{"app":"/Users/sumittulsyan/Downloads/app-release (1).apk","noReset":false,"deviceName":"emulator-5554 (Android SDK built for x86 - Android 7.0)","fullReset":true,"platform":"ANDROID","newCommandTimeout":1800,"platformVersion":"7.0","automationName":"uiautomator2","autoGrantPermissions":true,"platformName":"Android","udid":"emulator-5554","systemPort":52942},"capabilities":{"firstMatch":[{"appium:app":"/Users/sumittulsyan/Downloads/app-release (1).apk","appium:autoGrantPermissions":true,"appium:automationName":"uiautomator2","appium:deviceName":"emulator-5554 (Android SDK built for x86 - Android 7.0)","appium:fullReset":true,"appium:newCommandTimeout":1800,"appium:noReset":false,"platform":"ANDROID","platformName":"android","appium:platformVersion":"7.0","appium:systemPort":52942,"appium:udid":"emulator-5554"}]}}[39m
[35m[BaseDriver][39m The capabilities ["platform"] are not standard capabilities and should have an extension prefix
[35m[Appium][39m Appium v1.14.0 creating new AndroidUiautomator2Driver (v1.33.1) session
[35m[Appium][39m Capabilities:
[35m[Appium][39m   platform: ANDROID
[35m[Appium][39m   platformName: android
[35m[Appium][39m   app: /Users/sumittulsyan/Downloads/app-release (1).apk
[35m[Appium][39m   autoGrantPermissions: true
[35m[Appium][39m   automationName: uiautomator2
[35m[Appium][39m   deviceName: emulator-5554 (Android SDK built for x86 - Android 7.0)
[35m[Appium][39m   fullReset: true
[35m[Appium][39m   newCommandTimeout: 1800
[35m[Appium][39m   noReset: false
[35m[Appium][39m   platformVersion: 7.0
[35m[Appium][39m   systemPort: 52942
[35m[Appium][39m   udid: emulator-5554
[35m[BaseDriver][39m The following capabilities were provided, but are not recognized by Appium:
[35m[BaseDriver][39m   platform
[35m[BaseDriver][39m Session created with session id: 41fd7ebe-10cc-451a-a1e6-5450c2201350
[35m[BaseDriver][39m Using local app '/Users/sumittulsyan/Downloads/app-release (1).apk'
[35m[ADB][39m Found 1 'build-tools' folders under '/Users/sumittulsyan/.katalon/tools/android_sdk' (newest first):
[35m[ADB][39m     /Users/sumittulsyan/.katalon/tools/android_sdk/build-tools/29.0.1
[35m[ADB][39m Using 'adb' from '/Users/sumittulsyan/.katalon/tools/android_sdk/platform-tools/adb'
[35m[AndroidDriver][39m Retrieving device list
[35m[AndroidDriver][39m Using device: emulator-5554
[35m[ADB][39m Using 'adb' from '/Users/sumittulsyan/.katalon/tools/android_sdk/platform-tools/adb'
[35m[ADB][39m Using 'apkanalyzer' from '/Users/sumittulsyan/.katalon/tools/android_sdk/tools/bin/apkanalyzer'
[35m[ADB][39m Using the alternative activity name detection method because of: Command '/Users/sumittulsyan/.katalon/tools/android_sdk/tools/bin/apkanalyzer -h manifest print '/Users/sumittulsyan/Downloads/app-release (1).apk'' exited with code 2
[35m[ADB][39m Using 'aapt' from '/Users/sumittulsyan/.katalon/tools/android_sdk/build-tools/29.0.1/aapt'
[35m[ADB][39m Extracting package and launch activity from manifest
[35m[ADB][39m Package name: 'io.nativebase.market.geekyants.taxiapprider'
[35m[ADB][39m Main activity name: 'io.nativebase.market.geekyants.taxiapprider.MainActivity'
[35m[ADB][39m Using 'apksigner' from '/Users/sumittulsyan/.katalon/tools/android_sdk/build-tools/29.0.1/apksigner'
[35m[UiAutomator2][39m Server packages are not going to be (re)installed
[35m[ADB][39m io.nativebase.market.geekyants.taxiapprider was successfully uninstalled
[35m[ADB][39m The application at '/Users/sumittulsyan/Downloads/app-release (1).apk' is already cached to '/data/local/tmp/appium_cache/319121ffd2a4e89e1742e996fe8df850b3a56b9f.apk'
[35m[ADB][39m The installation of 'app-release (1).apk' took 8.643s
[35m[UiAutomator2][39m Starting UIAutomator2 server 3.7.0
[35m[UiAutomator2][39m Using UIAutomator2 server from '/Users/sumittulsyan/Downloads/appium-mobile-test/node_modules/appium-uiautomator2-server/apks/appium-uiautomator2-server-v3.7.0.apk' and test from '/Users/sumittulsyan/Downloads/appium-mobile-test/node_modules/appium-uiautomator2-server/apks/appium-uiautomator2-server-debug-androidTest.apk'
[35m[UiAutomator2][39m Waiting up to 30000ms for UiAutomator2 to be online...
[35m[WD Proxy][39m Got an unexpected response: {"code":"ECONNRESET"}
[35m[AndroidDriver][39m Screen already unlocked, doing nothing
[35m[UiAutomator2][39m UiAutomator2 did not start the activity we were waiting for, 'io.nativebase.market.geekyants.taxiapprider/io.nativebase.market.geekyants.taxiapprider.MainActivity'. Starting it ourselves
[35m[Appium][39m New AndroidUiautomator2Driver session created successfully, session 41fd7ebe-10cc-451a-a1e6-5450c2201350 added to master session list
[35m[HTTP][39m [37m<-- POST /wd/hub/session [39m[32m200[39m [90m23065 ms - 1279[39m
[35m[HTTP][39m [90m[39m
[35m[HTTP][39m [37m-->[39m [37mGET[39m [37m/wd/hub/session/41fd7ebe-10cc-451a-a1e6-5450c2201350[39m
[35m[HTTP][39m [90m{}[39m
[35m[HTTP][39m [37m<-- GET /wd/hub/session/41fd7ebe-10cc-451a-a1e6-5450c2201350 [39m[32m200[39m [90m80 ms - 1211[39m
[35m[HTTP][39m [90m[39m
[35m[HTTP][39m [37m-->[39m [37mGET[39m [37m/wd/hub/session/41fd7ebe-10cc-451a-a1e6-5450c2201350[39m
[35m[HTTP][39m [90m{}[39m
[35m[HTTP][39m [37m<-- GET /wd/hub/session/41fd7ebe-10cc-451a-a1e6-5450c2201350 [39m[32m200[39m [90m22 ms - 1211[39m
[35m[HTTP][39m [90m[39m
[35m[HTTP][39m [37m-->[39m [37mGET[39m [37m/wd/hub/status[39m
[35m[HTTP][39m [90m{}[39m
[35m[HTTP][39m [37m<-- GET /wd/hub/status [39m[32m200[39m [90m1 ms - 68[39m
[35m[HTTP][39m [90m[39m
[35m[HTTP][39m [37m-->[39m [37mPOST[39m [37m/wd/hub/session/41fd7ebe-10cc-451a-a1e6-5450c2201350/timeouts[39m
[35m[HTTP][39m [90m{"implicit":30000}[39m
[35m[HTTP][39m [37m<-- POST /wd/hub/session/41fd7ebe-10cc-451a-a1e6-5450c2201350/timeouts [39m[32m200[39m [90m4 ms - 14[39m
[35m[HTTP][39m [90m[39m
[35m[HTTP][39m [37m-->[39m [37mPOST[39m [37m/wd/hub/session/41fd7ebe-10cc-451a-a1e6-5450c2201350/timeouts[39m
[35m[HTTP][39m [90m{"implicit":50}[39m
[35m[HTTP][39m [37m<-- POST /wd/hub/session/41fd7ebe-10cc-451a-a1e6-5450c2201350/timeouts [39m[32m200[39m [90m3 ms - 14[39m
[35m[HTTP][39m [90m[39m
[35m[HTTP][39m [37m-->[39m [37mGET[39m [37m/wd/hub/session/41fd7ebe-10cc-451a-a1e6-5450c2201350/window/rect[39m
[35m[HTTP][39m [90m{}[39m
[35m[HTTP][39m [37m<-- GET /wd/hub/session/41fd7ebe-10cc-451a-a1e6-5450c2201350/window/rect [39m[32m200[39m [90m17 ms - 50[39m
[35m[HTTP][39m [90m[39m
[35m[HTTP][39m [37m-->[39m [37mPOST[39m [37m/wd/hub/session/41fd7ebe-10cc-451a-a1e6-5450c2201350/elements[39m
[35m[HTTP][39m [90m{"using":"-android uiautomator","value":"new UiSelector().className(\"android.widget.TextView\").text(\"Sign In\")"}[39m
[35m[HTTP][39m [37m<-- POST /wd/hub/session/41fd7ebe-10cc-451a-a1e6-5450c2201350/elements [39m[32m200[39m [90m546 ms - 12[39m
[35m[HTTP][39m [90m[39m
[35m[HTTP][39m [37m-->[39m [37mPOST[39m [37m/wd/hub/session/41fd7ebe-10cc-451a-a1e6-5450c2201350/elements[39m
[35m[HTTP][39m [90m{"using":"-android uiautomator","value":"new UiSelector().className(\"android.widget.TextView\").text(\"Sign In\")"}[39m
[35m[HTTP][39m [37m<-- POST /wd/hub/session/41fd7ebe-10cc-451a-a1e6-5450c2201350/elements [39m[32m200[39m [90m554 ms - 12[39m
[35m[HTTP][39m [90m[39m
[35m[HTTP][39m [37m-->[39m [37mPOST[39m [37m/wd/hub/session/41fd7ebe-10cc-451a-a1e6-5450c2201350/elements[39m
[35m[HTTP][39m [90m{"using":"-android uiautomator","value":"new UiSelector().className(\"android.widget.TextView\").text(\"Sign In\")"}[39m
[35m[HTTP][39m [37m<-- POST /wd/hub/session/41fd7ebe-10cc-451a-a1e6-5450c2201350/elements [39m[32m200[39m [90m1439 ms - 139[39m
[35m[HTTP][39m [90m[39m
[35m[HTTP][39m [37m-->[39m [37mGET[39m [37m/wd/hub/session/41fd7ebe-10cc-451a-a1e6-5450c2201350/element/4fe381e4-a553-4e03-938d-ea543aaa4663/location[39m
[35m[HTTP][39m [90m{}[39m
[35m[W3C (41fd7ebe)][39m Driver proxy active, passing request on via HTTP proxy
[35m[WD Proxy][39m Replacing sessionId 1beab9de-f60a-4afd-852f-a50e717454d9 with 41fd7ebe-10cc-451a-a1e6-5450c2201350
[35m[HTTP][39m [37m<-- GET /wd/hub/session/41fd7ebe-10cc-451a-a1e6-5450c2201350/element/4fe381e4-a553-4e03-938d-ea543aaa4663/location [39m[32m200[39m [90m44 ms - 90[39m
[35m[HTTP][39m [90m[39m
[35m[HTTP][39m [37m-->[39m [37mPOST[39m [37m/wd/hub/session/41fd7ebe-10cc-451a-a1e6-5450c2201350/timeouts[39m
[35m[HTTP][39m [90m{"implicit":30000}[39m
[35m[HTTP][39m [37m<-- POST /wd/hub/session/41fd7ebe-10cc-451a-a1e6-5450c2201350/timeouts [39m[32m200[39m [90m2 ms - 14[39m
[35m[HTTP][39m [90m[39m
[35m[HTTP][39m [37m-->[39m [37mPOST[39m [37m/wd/hub/session/41fd7ebe-10cc-451a-a1e6-5450c2201350/touch/perform[39m
[35m[HTTP][39m [90m{"actions":[{"action":"tap","options":{"x":1,"y":1,"element":"4fe381e4-a553-4e03-938d-ea543aaa4663"}},{"action":"release","options":{}}]}[39m
[35m[UiAutomator2][39m calling get location: 4fe381e4-a553-4e03-938d-ea543aaa4663
[35m[HTTP][39m [37m<-- POST /wd/hub/session/41fd7ebe-10cc-451a-a1e6-5450c2201350/touch/perform [39m[32m200[39m [90m1368 ms - 14[39m
[35m[HTTP][39m [90m[39m
[35m[HTTP][39m [37m-->[39m [37mPOST[39m [37m/wd/hub/session/41fd7ebe-10cc-451a-a1e6-5450c2201350/timeouts[39m
[35m[HTTP][39m [90m{"implicit":50}[39m
[35m[HTTP][39m [37m<-- POST /wd/hub/session/41fd7ebe-10cc-451a-a1e6-5450c2201350/timeouts [39m[32m200[39m [90m2 ms - 14[39m
[35m[HTTP][39m [90m[39m
[35m[HTTP][39m [37m-->[39m [37mGET[39m [37m/wd/hub/session/41fd7ebe-10cc-451a-a1e6-5450c2201350/window/rect[39m
[35m[HTTP][39m [90m{}[39m
[35m[HTTP][39m [37m<-- GET /wd/hub/session/41fd7ebe-10cc-451a-a1e6-5450c2201350/window/rect [39m[32m200[39m [90m20 ms - 50[39m
[35m[HTTP][39m [90m[39m
[35m[HTTP][39m [37m-->[39m [37mPOST[39m [37m/wd/hub/session/41fd7ebe-10cc-451a-a1e6-5450c2201350/elements[39m
[35m[HTTP][39m [90m{"using":"-android uiautomator","value":"new UiSelector().className(\"android.widget.EditText\").text(\"Email\")"}[39m
[35m[HTTP][39m [37m<-- POST /wd/hub/session/41fd7ebe-10cc-451a-a1e6-5450c2201350/elements [39m[32m200[39m [90m61 ms - 139[39m
[35m[HTTP][39m [90m[39m
[35m[HTTP][39m [37m-->[39m [37mGET[39m [37m/wd/hub/session/41fd7ebe-10cc-451a-a1e6-5450c2201350/element/75edf9f4-e1c6-458f-a474-214449b57b55/location[39m
[35m[HTTP][39m [90m{}[39m
[35m[W3C (41fd7ebe)][39m Driver proxy active, passing request on via HTTP proxy
[35m[WD Proxy][39m Replacing sessionId 1beab9de-f60a-4afd-852f-a50e717454d9 with 41fd7ebe-10cc-451a-a1e6-5450c2201350
[35m[HTTP][39m [37m<-- GET /wd/hub/session/41fd7ebe-10cc-451a-a1e6-5450c2201350/element/75edf9f4-e1c6-458f-a474-214449b57b55/location [39m[32m200[39m [90m101 ms - 89[39m
[35m[HTTP][39m [90m[39m
[35m[HTTP][39m [37m-->[39m [37mPOST[39m [37m/wd/hub/session/41fd7ebe-10cc-451a-a1e6-5450c2201350/timeouts[39m
[35m[HTTP][39m [90m{"implicit":30000}[39m
[35m[HTTP][39m [37m<-- POST /wd/hub/session/41fd7ebe-10cc-451a-a1e6-5450c2201350/timeouts [39m[32m200[39m [90m2 ms - 14[39m
[35m[HTTP][39m [90m[39m
[35m[HTTP][39m [37m-->[39m [37mPOST[39m [37m/wd/hub/session/41fd7ebe-10cc-451a-a1e6-5450c2201350/element/75edf9f4-e1c6-458f-a474-214449b57b55/clear[39m
[35m[HTTP][39m [90m{"id":"75edf9f4-e1c6-458f-a474-214449b57b55"}[39m
[35m[HTTP][39m [37m<-- POST /wd/hub/session/41fd7ebe-10cc-451a-a1e6-5450c2201350/element/75edf9f4-e1c6-458f-a474-214449b57b55/clear [39m[32m200[39m [90m38 ms - 27[39m
[35m[HTTP][39m [90m[39m
[35m[HTTP][39m [37m-->[39m [37mPOST[39m [37m/wd/hub/session/41fd7ebe-10cc-451a-a1e6-5450c2201350/element/75edf9f4-e1c6-458f-a474-214449b57b55/value[39m
[35m[HTTP][39m [90m{"id":"75edf9f4-e1c6-458f-a474-214449b57b55","text":"taxirider@gmail.com","value":["t","a","x","i","r","i","d","e","r","@","g","m","a","i","l",".","c","o","m"]}[39m
[35m[HTTP][39m [37m<-- POST /wd/hub/session/41fd7ebe-10cc-451a-a1e6-5450c2201350/element/75edf9f4-e1c6-458f-a474-214449b57b55/value [39m[32m200[39m [90m1058 ms - 12[39m
[35m[HTTP][39m [90m[39m
[35m[HTTP][39m [37m-->[39m [37mPOST[39m [37m/wd/hub/session/41fd7ebe-10cc-451a-a1e6-5450c2201350/timeouts[39m
[35m[HTTP][39m [90m{"implicit":50}[39m
[35m[HTTP][39m [37m<-- POST /wd/hub/session/41fd7ebe-10cc-451a-a1e6-5450c2201350/timeouts [39m[32m200[39m [90m3 ms - 14[39m
[35m[HTTP][39m [90m[39m
[35m[HTTP][39m [37m-->[39m [37mGET[39m [37m/wd/hub/session/41fd7ebe-10cc-451a-a1e6-5450c2201350/window/rect[39m
[35m[HTTP][39m [90m{}[39m
[35m[HTTP][39m [37m<-- GET /wd/hub/session/41fd7ebe-10cc-451a-a1e6-5450c2201350/window/rect [39m[32m200[39m [90m13 ms - 50[39m
[35m[HTTP][39m [90m[39m
[35m[HTTP][39m [37m-->[39m [37mPOST[39m [37m/wd/hub/session/41fd7ebe-10cc-451a-a1e6-5450c2201350/elements[39m
[35m[HTTP][39m [90m{"using":"-android uiautomator","value":"new UiSelector().className(\"android.widget.EditText\").text(\"Password\")"}[39m
[35m[HTTP][39m [37m<-- POST /wd/hub/session/41fd7ebe-10cc-451a-a1e6-5450c2201350/elements [39m[32m200[39m [90m428 ms - 139[39m
[35m[HTTP][39m [90m[39m
[35m[HTTP][39m [37m-->[39m [37mGET[39m [37m/wd/hub/session/41fd7ebe-10cc-451a-a1e6-5450c2201350/element/af707b71-52a2-4690-b1d2-feca9880177f/location[39m
[35m[HTTP][39m [90m{}[39m
[35m[W3C (41fd7ebe)][39m Driver proxy active, passing request on via HTTP proxy
[35m[WD Proxy][39m Replacing sessionId 1beab9de-f60a-4afd-852f-a50e717454d9 with 41fd7ebe-10cc-451a-a1e6-5450c2201350
[35m[HTTP][39m [37m<-- GET /wd/hub/session/41fd7ebe-10cc-451a-a1e6-5450c2201350/element/af707b71-52a2-4690-b1d2-feca9880177f/location [39m[32m200[39m [90m30 ms - 90[39m
[35m[HTTP][39m [90m[39m
[35m[HTTP][39m [37m-->[39m [37mPOST[39m [37m/wd/hub/session/41fd7ebe-10cc-451a-a1e6-5450c2201350/timeouts[39m
[35m[HTTP][39m [90m{"implicit":30000}[39m
[35m[HTTP][39m [37m<-- POST /wd/hub/session/41fd7ebe-10cc-451a-a1e6-5450c2201350/timeouts [39m[32m200[39m [90m2 ms - 14[39m
[35m[HTTP][39m [90m[39m
[35m[HTTP][39m [37m-->[39m [37mPOST[39m [37m/wd/hub/session/41fd7ebe-10cc-451a-a1e6-5450c2201350/element/af707b71-52a2-4690-b1d2-feca9880177f/clear[39m
[35m[HTTP][39m [90m{"id":"af707b71-52a2-4690-b1d2-feca9880177f"}[39m
[35m[HTTP][39m [37m<-- POST /wd/hub/session/41fd7ebe-10cc-451a-a1e6-5450c2201350/element/af707b71-52a2-4690-b1d2-feca9880177f/clear [39m[32m200[39m [90m38 ms - 27[39m
[35m[HTTP][39m [90m[39m
[35m[HTTP][39m [37m-->[39m [37mPOST[39m [37m/wd/hub/session/41fd7ebe-10cc-451a-a1e6-5450c2201350/element/af707b71-52a2-4690-b1d2-feca9880177f/value[39m
[35m[HTTP][39m [90m{"id":"af707b71-52a2-4690-b1d2-feca9880177f","text":"123456","value":["1","2","3","4","5","6"]}[39m
[35m[HTTP][39m [37m<-- POST /wd/hub/session/41fd7ebe-10cc-451a-a1e6-5450c2201350/element/af707b71-52a2-4690-b1d2-feca9880177f/value [39m[32m200[39m [90m1081 ms - 12[39m
[35m[HTTP][39m [90m[39m
[35m[HTTP][39m [37m-->[39m [37mPOST[39m [37m/wd/hub/session/41fd7ebe-10cc-451a-a1e6-5450c2201350/timeouts[39m
[35m[HTTP][39m [90m{"implicit":50}[39m
[35m[HTTP][39m [37m<-- POST /wd/hub/session/41fd7ebe-10cc-451a-a1e6-5450c2201350/timeouts [39m[32m200[39m [90m3 ms - 14[39m
[35m[HTTP][39m [90m[39m
[35m[HTTP][39m [37m-->[39m [37mGET[39m [37m/wd/hub/session/41fd7ebe-10cc-451a-a1e6-5450c2201350/window/rect[39m
[35m[HTTP][39m [90m{}[39m
[35m[HTTP][39m [37m<-- GET /wd/hub/session/41fd7ebe-10cc-451a-a1e6-5450c2201350/window/rect [39m[32m200[39m [90m18 ms - 50[39m
[35m[HTTP][39m [90m[39m
[35m[HTTP][39m [37m-->[39m [37mPOST[39m [37m/wd/hub/session/41fd7ebe-10cc-451a-a1e6-5450c2201350/elements[39m
[35m[HTTP][39m [90m{"using":"xpath","value":"//hierarchy/android.widget.FrameLayout[1]/android.widget.LinearLayout[1]/android.widget.FrameLayout[1]/android.widget.LinearLayout[1]/android.widget.FrameLayout[1]/android.widget.FrameLayout[1]/android.view.ViewGroup[1]/android.view.ViewGroup[1]/android.view.ViewGroup[1]/android.view.ViewGroup[1]/android.support.v4.widget.DrawerLayout[1]/android.view.ViewGroup[1]/android.view.ViewGroup[1]/android.view.ViewGroup[1]/android.view.ViewGroup[1]/android.view.ViewGroup[1]/android.view.ViewGroup[1]/android.widget.ScrollView[1]/android.view.ViewGroup[1]/android.view.ViewGroup[7]/android.widget.TextView[1]"}[39m
[35m[HTTP][39m [37m<-- POST /wd/hub/session/41fd7ebe-10cc-451a-a1e6-5450c2201350/elements [39m[32m200[39m [90m577 ms - 139[39m
[35m[HTTP][39m [90m[39m
[35m[HTTP][39m [37m-->[39m [37mGET[39m [37m/wd/hub/session/41fd7ebe-10cc-451a-a1e6-5450c2201350/element/8a7e9bf6-db00-4103-8189-b1f22c9cb89a/location[39m
[35m[HTTP][39m [90m{}[39m
[35m[W3C (41fd7ebe)][39m Driver proxy active, passing request on via HTTP proxy
[35m[WD Proxy][39m Replacing sessionId 1beab9de-f60a-4afd-852f-a50e717454d9 with 41fd7ebe-10cc-451a-a1e6-5450c2201350
[35m[HTTP][39m [37m<-- GET /wd/hub/session/41fd7ebe-10cc-451a-a1e6-5450c2201350/element/8a7e9bf6-db00-4103-8189-b1f22c9cb89a/location [39m[32m200[39m [90m39 ms - 90[39m
[35m[HTTP][39m [90m[39m
[35m[HTTP][39m [37m-->[39m [37mPOST[39m [37m/wd/hub/session/41fd7ebe-10cc-451a-a1e6-5450c2201350/timeouts[39m
[35m[HTTP][39m [90m{"implicit":30000}[39m
[35m[HTTP][39m [37m<-- POST /wd/hub/session/41fd7ebe-10cc-451a-a1e6-5450c2201350/timeouts [39m[32m200[39m [90m10 ms - 14[39m
[35m[HTTP][39m [90m[39m
[35m[HTTP][39m [37m-->[39m [37mPOST[39m [37m/wd/hub/session/41fd7ebe-10cc-451a-a1e6-5450c2201350/touch/perform[39m
[35m[HTTP][39m [90m{"actions":[{"action":"tap","options":{"x":1,"y":1,"element":"8a7e9bf6-db00-4103-8189-b1f22c9cb89a"}},{"action":"release","options":{}}]}[39m
[35m[UiAutomator2][39m calling get location: 8a7e9bf6-db00-4103-8189-b1f22c9cb89a
[35m[HTTP][39m [37m<-- POST /wd/hub/session/41fd7ebe-10cc-451a-a1e6-5450c2201350/touch/perform [39m[32m200[39m [90m76 ms - 14[39m
[35m[HTTP][39m [90m[39m
[35m[HTTP][39m [37m-->[39m [37mPOST[39m [37m/wd/hub/session/41fd7ebe-10cc-451a-a1e6-5450c2201350/timeouts[39m
[35m[HTTP][39m [90m{"implicit":50}[39m
[35m[HTTP][39m [37m<-- POST /wd/hub/session/41fd7ebe-10cc-451a-a1e6-5450c2201350/timeouts [39m[32m200[39m [90m5 ms - 14[39m
[35m[HTTP][39m [90m[39m
[35m[HTTP][39m [37m-->[39m [37mGET[39m [37m/wd/hub/session/41fd7ebe-10cc-451a-a1e6-5450c2201350/window/rect[39m
[35m[HTTP][39m [90m{}[39m
[35m[HTTP][39m [37m<-- GET /wd/hub/session/41fd7ebe-10cc-451a-a1e6-5450c2201350/window/rect [39m[32m200[39m [90m13 ms - 50[39m
[35m[HTTP][39m [90m[39m
[35m[HTTP][39m [37m-->[39m [37mPOST[39m [37m/wd/hub/session/41fd7ebe-10cc-451a-a1e6-5450c2201350/elements[39m
[35m[HTTP][39m [90m{"using":"-android uiautomator","value":"new UiSelector().className(\"android.widget.TextView\").text(\"Bannerghatta Main Road, BTM Layout, 2nd Stage, 2nd Main Road, No 18, First Floor, Bengaluru, Karnataka 560076, India\")"}[39m
[35m[HTTP][39m [37m<-- POST /wd/hub/session/41fd7ebe-10cc-451a-a1e6-5450c2201350/elements [39m[32m200[39m [90m116 ms - 12[39m
[35m[HTTP][39m [90m[39m
[35m[HTTP][39m [37m-->[39m [37mPOST[39m [37m/wd/hub/session/41fd7ebe-10cc-451a-a1e6-5450c2201350/elements[39m
[35m[HTTP][39m [90m{"using":"-android uiautomator","value":"new UiSelector().className(\"android.widget.TextView\").text(\"Bannerghatta Main Road, BTM Layout, 2nd Stage, 2nd Main Road, No 18, First Floor, Bengaluru, Karnataka 560076, India\")"}[39m
[35m[HTTP][39m [37m<-- POST /wd/hub/session/41fd7ebe-10cc-451a-a1e6-5450c2201350/elements [39m[32m200[39m [90m52 ms - 12[39m
[35m[HTTP][39m [90m[39m
[35m[HTTP][39m [37m-->[39m [37mPOST[39m [37m/wd/hub/session/41fd7ebe-10cc-451a-a1e6-5450c2201350/elements[39m
[35m[HTTP][39m [90m{"using":"-android uiautomator","value":"new UiSelector().className(\"android.widget.TextView\").text(\"Bannerghatta Main Road, BTM Layout, 2nd Stage, 2nd Main Road, No 18, First Floor, Bengaluru, Karnataka 560076, India\")"}[39m
[35m[HTTP][39m [37m<-- POST /wd/hub/session/41fd7ebe-10cc-451a-a1e6-5450c2201350/elements [39m[32m200[39m [90m764 ms - 12[39m
[35m[HTTP][39m [90m[39m
[35m[HTTP][39m [37m-->[39m [37mPOST[39m [37m/wd/hub/session/41fd7ebe-10cc-451a-a1e6-5450c2201350/elements[39m
[35m[HTTP][39m [90m{"using":"-android uiautomator","value":"new UiSelector().className(\"android.widget.TextView\").text(\"Bannerghatta Main Road, BTM Layout, 2nd Stage, 2nd Main Road, No 18, First Floor, Bengaluru, Karnataka 560076, India\")"}[39m
[35m[HTTP][39m [37m<-- POST /wd/hub/session/41fd7ebe-10cc-451a-a1e6-5450c2201350/elements [39m[32m200[39m [90m101 ms - 12[39m
[35m[HTTP][39m [90m[39m
[35m[HTTP][39m [37m-->[39m [37mPOST[39m [37m/wd/hub/session/41fd7ebe-10cc-451a-a1e6-5450c2201350/elements[39m
[35m[HTTP][39m [90m{"using":"-android uiautomator","value":"new UiSelector().className(\"android.widget.TextView\").text(\"Bannerghatta Main Road, BTM Layout, 2nd Stage, 2nd Main Road, No 18, First Floor, Bengaluru, Karnataka 560076, India\")"}[39m
[35m[HTTP][39m [37m<-- POST /wd/hub/session/41fd7ebe-10cc-451a-a1e6-5450c2201350/elements [39m[32m200[39m [90m76 ms - 12[39m
[35m[HTTP][39m [90m[39m
[35m[HTTP][39m [37m-->[39m [37mPOST[39m [37m/wd/hub/session/41fd7ebe-10cc-451a-a1e6-5450c2201350/elements[39m
[35m[HTTP][39m [90m{"using":"-android uiautomator","value":"new UiSelector().className(\"android.widget.TextView\").text(\"Bannerghatta Main Road, BTM Layout, 2nd Stage, 2nd Main Road, No 18, First Floor, Bengaluru, Karnataka 560076, India\")"}[39m
[35m[HTTP][39m [37m<-- POST /wd/hub/session/41fd7ebe-10cc-451a-a1e6-5450c2201350/elements [39m[32m200[39m [90m133 ms - 12[39m
[35m[HTTP][39m [90m[39m
[35m[HTTP][39m [37m-->[39m [37mPOST[39m [37m/wd/hub/session/41fd7ebe-10cc-451a-a1e6-5450c2201350/elements[39m
[35m[HTTP][39m [90m{"using":"-android uiautomator","value":"new UiSelector().className(\"android.widget.TextView\").text(\"Bannerghatta Main Road, BTM Layout, 2nd Stage, 2nd Main Road, No 18, First Floor, Bengaluru, Karnataka 560076, India\")"}[39m
[35m[HTTP][39m [37m<-- POST /wd/hub/session/41fd7ebe-10cc-451a-a1e6-5450c2201350/elements [39m[32m200[39m [90m68 ms - 12[39m
[35m[HTTP][39m [90m[39m
[35m[HTTP][39m [37m-->[39m [37mPOST[39m [37m/wd/hub/session/41fd7ebe-10cc-451a-a1e6-5450c2201350/elements[39m
[35m[HTTP][39m [90m{"using":"-android uiautomator","value":"new UiSelector().className(\"android.widget.TextView\").text(\"Bannerghatta Main Road, BTM Layout, 2nd Stage, 2nd Main Road, No 18, First Floor, Bengaluru, Karnataka 560076, India\")"}[39m
[35m[HTTP][39m [37m<-- POST /wd/hub/session/41fd7ebe-10cc-451a-a1e6-5450c2201350/elements [39m[32m200[39m [90m142 ms - 12[39m
[35m[HTTP][39m [90m[39m
[35m[HTTP][39m [37m-->[39m [37mPOST[39m [37m/wd/hub/session/41fd7ebe-10cc-451a-a1e6-5450c2201350/elements[39m
[35m[HTTP][39m [90m{"using":"-android uiautomator","value":"new UiSelector().className(\"android.widget.TextView\").text(\"Bannerghatta Main Road, BTM Layout, 2nd Stage, 2nd Main Road, No 18, First Floor, Bengaluru, Karnataka 560076, India\")"}[39m
[35m[HTTP][39m [37m<-- POST /wd/hub/session/41fd7ebe-10cc-451a-a1e6-5450c2201350/elements [39m[32m200[39m [90m99 ms - 12[39m
[35m[HTTP][39m [90m[39m
[35m[HTTP][39m [37m-->[39m [37mPOST[39m [37m/wd/hub/session/41fd7ebe-10cc-451a-a1e6-5450c2201350/elements[39m
[35m[HTTP][39m [90m{"using":"-android uiautomator","value":"new UiSelector().className(\"android.widget.TextView\").text(\"Bannerghatta Main Road, BTM Layout, 2nd Stage, 2nd Main Road, No 18, First Floor, Bengaluru, Karnataka 560076, India\")"}[39m
[35m[HTTP][39m [37m<-- POST /wd/hub/session/41fd7ebe-10cc-451a-a1e6-5450c2201350/elements [39m[32m200[39m [90m67 ms - 12[39m
[35m[HTTP][39m [90m[39m
[35m[HTTP][39m [37m-->[39m [37mPOST[39m [37m/wd/hub/session/41fd7ebe-10cc-451a-a1e6-5450c2201350/elements[39m
[35m[HTTP][39m [90m{"using":"-android uiautomator","value":"new UiSelector().className(\"android.widget.TextView\").text(\"Bannerghatta Main Road, BTM Layout, 2nd Stage, 2nd Main Road, No 18, First Floor, Bengaluru, Karnataka 560076, India\")"}[39m
[35m[HTTP][39m [37m<-- POST /wd/hub/session/41fd7ebe-10cc-451a-a1e6-5450c2201350/elements [39m[32m200[39m [90m105 ms - 12[39m
[35m[HTTP][39m [90m[39m
[35m[HTTP][39m [37m-->[39m [37mPOST[39m [37m/wd/hub/session/41fd7ebe-10cc-451a-a1e6-5450c2201350/elements[39m
[35m[HTTP][39m [90m{"using":"-android uiautomator","value":"new UiSelector().className(\"android.widget.TextView\").text(\"Bannerghatta Main Road, BTM Layout, 2nd Stage, 2nd Main Road, No 18, First Floor, Bengaluru, Karnataka 560076, India\")"}[39m
[35m[HTTP][39m [37m<-- POST /wd/hub/session/41fd7ebe-10cc-451a-a1e6-5450c2201350/elements [39m[32m200[39m [90m77 ms - 12[39m
[35m[HTTP][39m [90m[39m
[35m[HTTP][39m [37m-->[39m [37mPOST[39m [37m/wd/hub/session/41fd7ebe-10cc-451a-a1e6-5450c2201350/elements[39m
[35m[HTTP][39m [90m{"using":"-android uiautomator","value":"new UiSelector().className(\"android.widget.TextView\").text(\"Bannerghatta Main Road, BTM Layout, 2nd Stage, 2nd Main Road, No 18, First Floor, Bengaluru, Karnataka 560076, India\")"}[39m
[35m[HTTP][39m [37m<-- POST /wd/hub/session/41fd7ebe-10cc-451a-a1e6-5450c2201350/elements [39m[32m200[39m [90m68 ms - 12[39m
[35m[HTTP][39m [90m[39m
[35m[HTTP][39m [37m-->[39m [37mPOST[39m [37m/wd/hub/session/41fd7ebe-10cc-451a-a1e6-5450c2201350/elements[39m
[35m[HTTP][39m [90m{"using":"-android uiautomator","value":"new UiSelector().className(\"android.widget.TextView\").text(\"Bannerghatta Main Road, BTM Layout, 2nd Stage, 2nd Main Road, No 18, First Floor, Bengaluru, Karnataka 560076, India\")"}[39m
[35m[HTTP][39m [37m<-- POST /wd/hub/session/41fd7ebe-10cc-451a-a1e6-5450c2201350/elements [39m[32m200[39m [90m137 ms - 12[39m
[35m[HTTP][39m [90m[39m
[35m[HTTP][39m [37m-->[39m [37mPOST[39m [37m/wd/hub/session/41fd7ebe-10cc-451a-a1e6-5450c2201350/elements[39m
[35m[HTTP][39m [90m{"using":"-android uiautomator","value":"new UiSelector().className(\"android.widget.TextView\").text(\"Bannerghatta Main Road, BTM Layout, 2nd Stage, 2nd Main Road, No 18, First Floor, Bengaluru, Karnataka 560076, India\")"}[39m
[35m[HTTP][39m [37m<-- POST /wd/hub/session/41fd7ebe-10cc-451a-a1e6-5450c2201350/elements [39m[32m200[39m [90m1188 ms - 139[39m
[35m[HTTP][39m [90m[39m
[35m[HTTP][39m [37m-->[39m [37mGET[39m [37m/wd/hub/session/41fd7ebe-10cc-451a-a1e6-5450c2201350/element/e9c6a215-2d38-4476-8a6f-3bfd0b0c8da6/location[39m
[35m[HTTP][39m [90m{}[39m
[35m[W3C (41fd7ebe)][39m Driver proxy active, passing request on via HTTP proxy
[35m[WD Proxy][39m Replacing sessionId 1beab9de-f60a-4afd-852f-a50e717454d9 with 41fd7ebe-10cc-451a-a1e6-5450c2201350
[35m[HTTP][39m [37m<-- GET /wd/hub/session/41fd7ebe-10cc-451a-a1e6-5450c2201350/element/e9c6a215-2d38-4476-8a6f-3bfd0b0c8da6/location [39m[32m200[39m [90m24 ms - 89[39m
[35m[HTTP][39m [90m[39m
[35m[HTTP][39m [37m-->[39m [37mPOST[39m [37m/wd/hub/session/41fd7ebe-10cc-451a-a1e6-5450c2201350/timeouts[39m
[35m[HTTP][39m [90m{"implicit":30000}[39m
[35m[HTTP][39m [37m<-- POST /wd/hub/session/41fd7ebe-10cc-451a-a1e6-5450c2201350/timeouts [39m[32m200[39m [90m2 ms - 14[39m
[35m[HTTP][39m [90m[39m
[35m[HTTP][39m [37m-->[39m [37mPOST[39m [37m/wd/hub/session/41fd7ebe-10cc-451a-a1e6-5450c2201350/touch/perform[39m
[35m[HTTP][39m [90m{"actions":[{"action":"tap","options":{"x":1,"y":1,"element":"e9c6a215-2d38-4476-8a6f-3bfd0b0c8da6"}},{"action":"release","options":{}}]}[39m
[35m[UiAutomator2][39m calling get location: e9c6a215-2d38-4476-8a6f-3bfd0b0c8da6
[35m[HTTP][39m [37m<-- POST /wd/hub/session/41fd7ebe-10cc-451a-a1e6-5450c2201350/touch/perform [39m[32m200[39m [90m1712 ms - 14[39m
[35m[HTTP][39m [90m[39m
[35m[HTTP][39m [37m-->[39m [37mPOST[39m [37m/wd/hub/session/41fd7ebe-10cc-451a-a1e6-5450c2201350/timeouts[39m
[35m[HTTP][39m [90m{"implicit":50}[39m
[35m[HTTP][39m [37m<-- POST /wd/hub/session/41fd7ebe-10cc-451a-a1e6-5450c2201350/timeouts [39m[32m200[39m [90m2 ms - 14[39m
[35m[HTTP][39m [90m[39m
[35m[HTTP][39m [37m-->[39m [37mGET[39m [37m/wd/hub/session/41fd7ebe-10cc-451a-a1e6-5450c2201350/window/rect[39m
[35m[HTTP][39m [90m{}[39m
[35m[HTTP][39m [37m<-- GET /wd/hub/session/41fd7ebe-10cc-451a-a1e6-5450c2201350/window/rect [39m[32m200[39m [90m20 ms - 50[39m
[35m[HTTP][39m [90m[39m
[35m[HTTP][39m [37m-->[39m [37mPOST[39m [37m/wd/hub/session/41fd7ebe-10cc-451a-a1e6-5450c2201350/elements[39m
[35m[HTTP][39m [90m{"using":"-android uiautomator","value":"new UiSelector().className(\"android.widget.EditText\").text(\"Search for locality or place\")"}[39m
[35m[HTTP][39m [37m<-- POST /wd/hub/session/41fd7ebe-10cc-451a-a1e6-5450c2201350/elements [39m[32m200[39m [90m134 ms - 139[39m
[35m[HTTP][39m [90m[39m
[35m[HTTP][39m [37m-->[39m [37mGET[39m [37m/wd/hub/session/41fd7ebe-10cc-451a-a1e6-5450c2201350/element/123aa160-9ab0-4828-8775-9a7ede320630/location[39m
[35m[HTTP][39m [90m{}[39m
[35m[W3C (41fd7ebe)][39m Driver proxy active, passing request on via HTTP proxy
[35m[WD Proxy][39m Replacing sessionId 1beab9de-f60a-4afd-852f-a50e717454d9 with 41fd7ebe-10cc-451a-a1e6-5450c2201350
[35m[HTTP][39m [37m<-- GET /wd/hub/session/41fd7ebe-10cc-451a-a1e6-5450c2201350/element/123aa160-9ab0-4828-8775-9a7ede320630/location [39m[32m200[39m [90m148 ms - 88[39m
[35m[HTTP][39m [90m[39m
[35m[HTTP][39m [37m-->[39m [37mPOST[39m [37m/wd/hub/session/41fd7ebe-10cc-451a-a1e6-5450c2201350/timeouts[39m
[35m[HTTP][39m [90m{"implicit":30000}[39m
[35m[HTTP][39m [37m<-- POST /wd/hub/session/41fd7ebe-10cc-451a-a1e6-5450c2201350/timeouts [39m[32m200[39m [90m2 ms - 14[39m
[35m[HTTP][39m [90m[39m
[35m[HTTP][39m [37m-->[39m [37mPOST[39m [37m/wd/hub/session/41fd7ebe-10cc-451a-a1e6-5450c2201350/element/123aa160-9ab0-4828-8775-9a7ede320630/clear[39m
[35m[HTTP][39m [90m{"id":"123aa160-9ab0-4828-8775-9a7ede320630"}[39m
[35m[HTTP][39m [37m<-- POST /wd/hub/session/41fd7ebe-10cc-451a-a1e6-5450c2201350/element/123aa160-9ab0-4828-8775-9a7ede320630/clear [39m[32m200[39m [90m83 ms - 27[39m
[35m[HTTP][39m [90m[39m
[35m[HTTP][39m [37m-->[39m [37mPOST[39m [37m/wd/hub/session/41fd7ebe-10cc-451a-a1e6-5450c2201350/element/123aa160-9ab0-4828-8775-9a7ede320630/value[39m
[35m[HTTP][39m [90m{"id":"123aa160-9ab0-4828-8775-9a7ede320630","text":"geekyants","value":["g","e","e","k","y","a","n","t","s"]}[39m
[35m[HTTP][39m [37m<-- POST /wd/hub/session/41fd7ebe-10cc-451a-a1e6-5450c2201350/element/123aa160-9ab0-4828-8775-9a7ede320630/value [39m[32m200[39m [90m1836 ms - 12[39m
[35m[HTTP][39m [90m[39m
[35m[HTTP][39m [37m-->[39m [37mPOST[39m [37m/wd/hub/session/41fd7ebe-10cc-451a-a1e6-5450c2201350/timeouts[39m
[35m[HTTP][39m [90m{"implicit":50}[39m
[35m[HTTP][39m [37m<-- POST /wd/hub/session/41fd7ebe-10cc-451a-a1e6-5450c2201350/timeouts [39m[32m200[39m [90m2 ms - 14[39m
[35m[HTTP][39m [90m[39m
[35m[HTTP][39m [37m-->[39m [37mGET[39m [37m/wd/hub/session/41fd7ebe-10cc-451a-a1e6-5450c2201350/window/rect[39m
[35m[HTTP][39m [90m{}[39m
[35m[HTTP][39m [37m<-- GET /wd/hub/session/41fd7ebe-10cc-451a-a1e6-5450c2201350/window/rect [39m[32m200[39m [90m36 ms - 50[39m
[35m[HTTP][39m [90m[39m
[35m[HTTP][39m [37m-->[39m [37mPOST[39m [37m/wd/hub/session/41fd7ebe-10cc-451a-a1e6-5450c2201350/elements[39m
[35m[HTTP][39m [90m{"using":"-android uiautomator","value":"new UiSelector().className(\"android.widget.TextView\").text(\"GeekyAnts Software Pvt Ltd, Industrial Area, Stage 2, BTM 2nd Stage, Bengaluru, Karnataka, India\")"}[39m
[35m[HTTP][39m [37m<-- POST /wd/hub/session/41fd7ebe-10cc-451a-a1e6-5450c2201350/elements [39m[32m200[39m [90m1118 ms - 139[39m
[35m[HTTP][39m [90m[39m
[35m[HTTP][39m [37m-->[39m [37mGET[39m [37m/wd/hub/session/41fd7ebe-10cc-451a-a1e6-5450c2201350/element/d56ea2dd-8667-4d2a-8ce4-dff3884abd0e/location[39m
[35m[HTTP][39m [90m{}[39m
[35m[W3C (41fd7ebe)][39m Driver proxy active, passing request on via HTTP proxy
[35m[WD Proxy][39m Replacing sessionId 1beab9de-f60a-4afd-852f-a50e717454d9 with 41fd7ebe-10cc-451a-a1e6-5450c2201350
[35m[HTTP][39m [37m<-- GET /wd/hub/session/41fd7ebe-10cc-451a-a1e6-5450c2201350/element/d56ea2dd-8667-4d2a-8ce4-dff3884abd0e/location [39m[32m200[39m [90m45 ms - 88[39m
[35m[HTTP][39m [90m[39m
[35m[HTTP][39m [37m-->[39m [37mPOST[39m [37m/wd/hub/session/41fd7ebe-10cc-451a-a1e6-5450c2201350/timeouts[39m
[35m[HTTP][39m [90m{"implicit":30000}[39m
[35m[HTTP][39m [37m<-- POST /wd/hub/session/41fd7ebe-10cc-451a-a1e6-5450c2201350/timeouts [39m[32m200[39m [90m3 ms - 14[39m
[35m[HTTP][39m [90m[39m
[35m[HTTP][39m [37m-->[39m [37mPOST[39m [37m/wd/hub/session/41fd7ebe-10cc-451a-a1e6-5450c2201350/touch/perform[39m
[35m[HTTP][39m [90m{"actions":[{"action":"tap","options":{"x":1,"y":1,"element":"d56ea2dd-8667-4d2a-8ce4-dff3884abd0e"}},{"action":"release","options":{}}]}[39m
[35m[UiAutomator2][39m calling get location: d56ea2dd-8667-4d2a-8ce4-dff3884abd0e
[35m[HTTP][39m [37m<-- POST /wd/hub/session/41fd7ebe-10cc-451a-a1e6-5450c2201350/touch/perform [39m[32m200[39m [90m1137 ms - 14[39m
[35m[HTTP][39m [90m[39m
[35m[HTTP][39m [37m-->[39m [37mPOST[39m [37m/wd/hub/session/41fd7ebe-10cc-451a-a1e6-5450c2201350/timeouts[39m
[35m[HTTP][39m [90m{"implicit":50}[39m
[35m[HTTP][39m [37m<-- POST /wd/hub/session/41fd7ebe-10cc-451a-a1e6-5450c2201350/timeouts [39m[32m200[39m [90m2 ms - 14[39m
[35m[HTTP][39m [90m[39m
[35m[HTTP][39m [37m-->[39m [37mGET[39m [37m/wd/hub/session/41fd7ebe-10cc-451a-a1e6-5450c2201350/window/rect[39m
[35m[HTTP][39m [90m{}[39m
[35m[HTTP][39m [37m<-- GET /wd/hub/session/41fd7ebe-10cc-451a-a1e6-5450c2201350/window/rect [39m[32m200[39m [90m13 ms - 50[39m
[35m[HTTP][39m [90m[39m
[35m[HTTP][39m [37m-->[39m [37mPOST[39m [37m/wd/hub/session/41fd7ebe-10cc-451a-a1e6-5450c2201350/elements[39m
[35m[HTTP][39m [90m{"using":"-android uiautomator","value":"new UiSelector().className(\"android.widget.TextView\").text(\"Enter Drop Location\")"}[39m
[35m[HTTP][39m [37m<-- POST /wd/hub/session/41fd7ebe-10cc-451a-a1e6-5450c2201350/elements [39m[32m200[39m [90m65 ms - 139[39m
[35m[HTTP][39m [90m[39m
[35m[HTTP][39m [37m-->[39m [37mGET[39m [37m/wd/hub/session/41fd7ebe-10cc-451a-a1e6-5450c2201350/element/3c14916b-34be-4f8b-a77d-587041b038a9/location[39m
[35m[HTTP][39m [90m{}[39m
[35m[W3C (41fd7ebe)][39m Driver proxy active, passing request on via HTTP proxy
[35m[WD Proxy][39m Replacing sessionId 1beab9de-f60a-4afd-852f-a50e717454d9 with 41fd7ebe-10cc-451a-a1e6-5450c2201350
[35m[HTTP][39m [37m<-- GET /wd/hub/session/41fd7ebe-10cc-451a-a1e6-5450c2201350/element/3c14916b-34be-4f8b-a77d-587041b038a9/location [39m[32m200[39m [90m63 ms - 89[39m
[35m[HTTP][39m [90m[39m
[35m[HTTP][39m [37m-->[39m [37mPOST[39m [37m/wd/hub/session/41fd7ebe-10cc-451a-a1e6-5450c2201350/timeouts[39m
[35m[HTTP][39m [90m{"implicit":30000}[39m
[35m[HTTP][39m [37m<-- POST /wd/hub/session/41fd7ebe-10cc-451a-a1e6-5450c2201350/timeouts [39m[32m200[39m [90m2 ms - 14[39m
[35m[HTTP][39m [90m[39m
[35m[HTTP][39m [37m-->[39m [37mPOST[39m [37m/wd/hub/session/41fd7ebe-10cc-451a-a1e6-5450c2201350/touch/perform[39m
[35m[HTTP][39m [90m{"actions":[{"action":"tap","options":{"x":1,"y":1,"element":"3c14916b-34be-4f8b-a77d-587041b038a9"}},{"action":"release","options":{}}]}[39m
[35m[UiAutomator2][39m calling get location: 3c14916b-34be-4f8b-a77d-587041b038a9
[35m[HTTP][39m [37m<-- POST /wd/hub/session/41fd7ebe-10cc-451a-a1e6-5450c2201350/touch/perform [39m[32m200[39m [90m1555 ms - 14[39m
[35m[HTTP][39m [90m[39m
[35m[HTTP][39m [37m-->[39m [37mPOST[39m [37m/wd/hub/session/41fd7ebe-10cc-451a-a1e6-5450c2201350/timeouts[39m
[35m[HTTP][39m [90m{"implicit":50}[39m
[35m[HTTP][39m [37m<-- POST /wd/hub/session/41fd7ebe-10cc-451a-a1e6-5450c2201350/timeouts [39m[32m200[39m [90m2 ms - 14[39m
[35m[HTTP][39m [90m[39m
[35m[HTTP][39m [37m-->[39m [37mGET[39m [37m/wd/hub/session/41fd7ebe-10cc-451a-a1e6-5450c2201350/window/rect[39m
[35m[HTTP][39m [90m{}[39m
[35m[HTTP][39m [37m<-- GET /wd/hub/session/41fd7ebe-10cc-451a-a1e6-5450c2201350/window/rect [39m[32m200[39m [90m21 ms - 50[39m
[35m[HTTP][39m [90m[39m
[35m[HTTP][39m [37m-->[39m [37mPOST[39m [37m/wd/hub/session/41fd7ebe-10cc-451a-a1e6-5450c2201350/elements[39m
[35m[HTTP][39m [90m{"using":"-android uiautomator","value":"new UiSelector().className(\"android.widget.EditText\").text(\"Search for locality or place\")"}[39m
[35m[HTTP][39m [37m<-- POST /wd/hub/session/41fd7ebe-10cc-451a-a1e6-5450c2201350/elements [39m[32m200[39m [90m76 ms - 139[39m
[35m[HTTP][39m [90m[39m
[35m[HTTP][39m [37m-->[39m [37mGET[39m [37m/wd/hub/session/41fd7ebe-10cc-451a-a1e6-5450c2201350/element/96f50cde-5c28-43fb-ac36-1f22c5352369/location[39m
[35m[HTTP][39m [90m{}[39m
[35m[W3C (41fd7ebe)][39m Driver proxy active, passing request on via HTTP proxy
[35m[WD Proxy][39m Replacing sessionId 1beab9de-f60a-4afd-852f-a50e717454d9 with 41fd7ebe-10cc-451a-a1e6-5450c2201350
[35m[HTTP][39m [37m<-- GET /wd/hub/session/41fd7ebe-10cc-451a-a1e6-5450c2201350/element/96f50cde-5c28-43fb-ac36-1f22c5352369/location [39m[32m200[39m [90m38 ms - 88[39m
[35m[HTTP][39m [90m[39m
[35m[HTTP][39m [37m-->[39m [37mPOST[39m [37m/wd/hub/session/41fd7ebe-10cc-451a-a1e6-5450c2201350/timeouts[39m
[35m[HTTP][39m [90m{"implicit":30000}[39m
[35m[HTTP][39m [37m<-- POST /wd/hub/session/41fd7ebe-10cc-451a-a1e6-5450c2201350/timeouts [39m[32m200[39m [90m2 ms - 14[39m
[35m[HTTP][39m [90m[39m
[35m[HTTP][39m [37m-->[39m [37mPOST[39m [37m/wd/hub/session/41fd7ebe-10cc-451a-a1e6-5450c2201350/element/96f50cde-5c28-43fb-ac36-1f22c5352369/clear[39m
[35m[HTTP][39m [90m{"id":"96f50cde-5c28-43fb-ac36-1f22c5352369"}[39m
[35m[HTTP][39m [37m<-- POST /wd/hub/session/41fd7ebe-10cc-451a-a1e6-5450c2201350/element/96f50cde-5c28-43fb-ac36-1f22c5352369/clear [39m[32m200[39m [90m45 ms - 27[39m
[35m[HTTP][39m [90m[39m
[35m[HTTP][39m [37m-->[39m [37mPOST[39m [37m/wd/hub/session/41fd7ebe-10cc-451a-a1e6-5450c2201350/element/96f50cde-5c28-43fb-ac36-1f22c5352369/value[39m
[35m[HTTP][39m [90m{"id":"96f50cde-5c28-43fb-ac36-1f22c5352369","text":"silk board","value":["s","i","l","k"," ","b","o","a","r","d"]}[39m
[35m[HTTP][39m [37m<-- POST /wd/hub/session/41fd7ebe-10cc-451a-a1e6-5450c2201350/element/96f50cde-5c28-43fb-ac36-1f22c5352369/value [39m[32m200[39m [90m2338 ms - 12[39m
[35m[HTTP][39m [90m[39m
[35m[HTTP][39m [37m-->[39m [37mPOST[39m [37m/wd/hub/session/41fd7ebe-10cc-451a-a1e6-5450c2201350/timeouts[39m
[35m[HTTP][39m [90m{"implicit":50}[39m
[35m[HTTP][39m [37m<-- POST /wd/hub/session/41fd7ebe-10cc-451a-a1e6-5450c2201350/timeouts [39m[32m200[39m [90m2 ms - 14[39m
[35m[HTTP][39m [90m[39m
[35m[HTTP][39m [37m-->[39m [37mGET[39m [37m/wd/hub/session/41fd7ebe-10cc-451a-a1e6-5450c2201350/window/rect[39m
[35m[HTTP][39m [90m{}[39m
[35m[HTTP][39m [37m<-- GET /wd/hub/session/41fd7ebe-10cc-451a-a1e6-5450c2201350/window/rect [39m[32m200[39m [90m17 ms - 50[39m
[35m[HTTP][39m [90m[39m
[35m[HTTP][39m [37m-->[39m [37mPOST[39m [37m/wd/hub/session/41fd7ebe-10cc-451a-a1e6-5450c2201350/elements[39m
[35m[HTTP][39m [90m{"using":"-android uiautomator","value":"new UiSelector().className(\"android.widget.TextView\").text(\"Silk board bus stand, Central Silk Board Colony, Stage 2, BTM Layout, Bengaluru, Karnataka, India\")"}[39m
[35m[HTTP][39m [37m<-- POST /wd/hub/session/41fd7ebe-10cc-451a-a1e6-5450c2201350/elements [39m[32m200[39m [90m1005 ms - 139[39m
[35m[HTTP][39m [90m[39m
[35m[HTTP][39m [37m-->[39m [37mGET[39m [37m/wd/hub/session/41fd7ebe-10cc-451a-a1e6-5450c2201350/element/88dc4f6d-e570-42ce-82e1-d37162573023/location[39m
[35m[HTTP][39m [90m{}[39m
[35m[W3C (41fd7ebe)][39m Driver proxy active, passing request on via HTTP proxy
[35m[WD Proxy][39m Replacing sessionId 1beab9de-f60a-4afd-852f-a50e717454d9 with 41fd7ebe-10cc-451a-a1e6-5450c2201350
[35m[HTTP][39m [37m<-- GET /wd/hub/session/41fd7ebe-10cc-451a-a1e6-5450c2201350/element/88dc4f6d-e570-42ce-82e1-d37162573023/location [39m[32m200[39m [90m26 ms - 88[39m
[35m[HTTP][39m [90m[39m
[35m[HTTP][39m [37m-->[39m [37mPOST[39m [37m/wd/hub/session/41fd7ebe-10cc-451a-a1e6-5450c2201350/timeouts[39m
[35m[HTTP][39m [90m{"implicit":30000}[39m
[35m[HTTP][39m [37m<-- POST /wd/hub/session/41fd7ebe-10cc-451a-a1e6-5450c2201350/timeouts [39m[32m200[39m [90m3 ms - 14[39m
[35m[HTTP][39m [90m[39m
[35m[HTTP][39m [37m-->[39m [37mPOST[39m [37m/wd/hub/session/41fd7ebe-10cc-451a-a1e6-5450c2201350/touch/perform[39m
[35m[HTTP][39m [90m{"actions":[{"action":"tap","options":{"x":1,"y":1,"element":"88dc4f6d-e570-42ce-82e1-d37162573023"}},{"action":"release","options":{}}]}[39m
[35m[UiAutomator2][39m calling get location: 88dc4f6d-e570-42ce-82e1-d37162573023
[35m[HTTP][39m [37m<-- POST /wd/hub/session/41fd7ebe-10cc-451a-a1e6-5450c2201350/touch/perform [39m[32m200[39m [90m1197 ms - 14[39m
[35m[HTTP][39m [90m[39m
[35m[HTTP][39m [37m-->[39m [37mPOST[39m [37m/wd/hub/session/41fd7ebe-10cc-451a-a1e6-5450c2201350/timeouts[39m
[35m[HTTP][39m [90m{"implicit":50}[39m
[35m[HTTP][39m [37m<-- POST /wd/hub/session/41fd7ebe-10cc-451a-a1e6-5450c2201350/timeouts [39m[32m200[39m [90m2 ms - 14[39m
[35m[HTTP][39m [90m[39m
[35m[HTTP][39m [37m-->[39m [37mGET[39m [37m/wd/hub/session/41fd7ebe-10cc-451a-a1e6-5450c2201350/window/rect[39m
[35m[HTTP][39m [90m{}[39m
[35m[HTTP][39m [37m<-- GET /wd/hub/session/41fd7ebe-10cc-451a-a1e6-5450c2201350/window/rect [39m[32m200[39m [90m14 ms - 50[39m
[35m[HTTP][39m [90m[39m
[35m[HTTP][39m [37m-->[39m [37mPOST[39m [37m/wd/hub/session/41fd7ebe-10cc-451a-a1e6-5450c2201350/elements[39m
[35m[HTTP][39m [90m{"using":"-android uiautomator","value":"new UiSelector().className(\"android.widget.TextView\").text(\"Book Ride\")"}[39m
[35m[HTTP][39m [37m<-- POST /wd/hub/session/41fd7ebe-10cc-451a-a1e6-5450c2201350/elements [39m[32m200[39m [90m53 ms - 139[39m
[35m[HTTP][39m [90m[39m
[35m[HTTP][39m [37m-->[39m [37mGET[39m [37m/wd/hub/session/41fd7ebe-10cc-451a-a1e6-5450c2201350/element/575fe64b-f04e-42d2-8d1e-b39535e1b404/location[39m
[35m[HTTP][39m [90m{}[39m
[35m[W3C (41fd7ebe)][39m Driver proxy active, passing request on via HTTP proxy
[35m[WD Proxy][39m Replacing sessionId 1beab9de-f60a-4afd-852f-a50e717454d9 with 41fd7ebe-10cc-451a-a1e6-5450c2201350
[35m[HTTP][39m [37m<-- GET /wd/hub/session/41fd7ebe-10cc-451a-a1e6-5450c2201350/element/575fe64b-f04e-42d2-8d1e-b39535e1b404/location [39m[32m200[39m [90m36 ms - 90[39m
[35m[HTTP][39m [90m[39m
[35m[HTTP][39m [37m-->[39m [37mPOST[39m [37m/wd/hub/session/41fd7ebe-10cc-451a-a1e6-5450c2201350/timeouts[39m
[35m[HTTP][39m [90m{"implicit":30000}[39m
[35m[HTTP][39m [37m<-- POST /wd/hub/session/41fd7ebe-10cc-451a-a1e6-5450c2201350/timeouts [39m[32m200[39m [90m2 ms - 14[39m
[35m[HTTP][39m [90m[39m
[35m[HTTP][39m [37m-->[39m [37mPOST[39m [37m/wd/hub/session/41fd7ebe-10cc-451a-a1e6-5450c2201350/touch/perform[39m
[35m[HTTP][39m [90m{"actions":[{"action":"tap","options":{"x":1,"y":1,"element":"575fe64b-f04e-42d2-8d1e-b39535e1b404"}},{"action":"release","options":{}}]}[39m
[35m[UiAutomator2][39m calling get location: 575fe64b-f04e-42d2-8d1e-b39535e1b404
[35m[HTTP][39m [37m<-- POST /wd/hub/session/41fd7ebe-10cc-451a-a1e6-5450c2201350/touch/perform [39m[32m200[39m [90m881 ms - 14[39m
[35m[HTTP][39m [90m[39m
[35m[HTTP][39m [37m-->[39m [37mPOST[39m [37m/wd/hub/session/41fd7ebe-10cc-451a-a1e6-5450c2201350/timeouts[39m
[35m[HTTP][39m [90m{"implicit":50}[39m
[35m[HTTP][39m [37m<-- POST /wd/hub/session/41fd7ebe-10cc-451a-a1e6-5450c2201350/timeouts [39m[32m200[39m [90m2 ms - 14[39m
[35m[HTTP][39m [90m[39m
[35m[HTTP][39m [37m-->[39m [37mGET[39m [37m/wd/hub/session/41fd7ebe-10cc-451a-a1e6-5450c2201350/window/rect[39m
[35m[HTTP][39m [90m{}[39m
[35m[HTTP][39m [37m<-- GET /wd/hub/session/41fd7ebe-10cc-451a-a1e6-5450c2201350/window/rect [39m[32m200[39m [90m13 ms - 50[39m
[35m[HTTP][39m [90m[39m
[35m[HTTP][39m [37m-->[39m [37mPOST[39m [37m/wd/hub/session/41fd7ebe-10cc-451a-a1e6-5450c2201350/elements[39m
[35m[HTTP][39m [90m{"using":"-android uiautomator","value":"new UiSelector().className(\"android.widget.TextView\").text(\"Request Taxi\")"}[39m
[35m[HTTP][39m [37m<-- POST /wd/hub/session/41fd7ebe-10cc-451a-a1e6-5450c2201350/elements [39m[32m200[39m [90m62 ms - 139[39m
[35m[HTTP][39m [90m[39m
[35m[HTTP][39m [37m-->[39m [37mGET[39m [37m/wd/hub/session/41fd7ebe-10cc-451a-a1e6-5450c2201350/element/c79dc45b-936a-463b-91f2-7f29f8c92c8b/location[39m
[35m[HTTP][39m [90m{}[39m
[35m[W3C (41fd7ebe)][39m Driver proxy active, passing request on via HTTP proxy
[35m[WD Proxy][39m Replacing sessionId 1beab9de-f60a-4afd-852f-a50e717454d9 with 41fd7ebe-10cc-451a-a1e6-5450c2201350
[35m[HTTP][39m [37m<-- GET /wd/hub/session/41fd7ebe-10cc-451a-a1e6-5450c2201350/element/c79dc45b-936a-463b-91f2-7f29f8c92c8b/location [39m[32m200[39m [90m40 ms - 90[39m
[35m[HTTP][39m [90m[39m
[35m[HTTP][39m [37m-->[39m [37mPOST[39m [37m/wd/hub/session/41fd7ebe-10cc-451a-a1e6-5450c2201350/timeouts[39m
[35m[HTTP][39m [90m{"implicit":30000}[39m
[35m[HTTP][39m [37m<-- POST /wd/hub/session/41fd7ebe-10cc-451a-a1e6-5450c2201350/timeouts [39m[32m200[39m [90m3 ms - 14[39m
[35m[HTTP][39m [90m[39m
[35m[HTTP][39m [37m-->[39m [37mPOST[39m [37m/wd/hub/session/41fd7ebe-10cc-451a-a1e6-5450c2201350/touch/perform[39m
[35m[HTTP][39m [90m{"actions":[{"action":"tap","options":{"x":1,"y":1,"element":"c79dc45b-936a-463b-91f2-7f29f8c92c8b"}},{"action":"release","options":{}}]}[39m
[35m[UiAutomator2][39m calling get location: c79dc45b-936a-463b-91f2-7f29f8c92c8b
[35m[HTTP][39m [37m<-- POST /wd/hub/session/41fd7ebe-10cc-451a-a1e6-5450c2201350/touch/perform [39m[32m200[39m [90m956 ms - 14[39m
[35m[HTTP][39m [90m[39m
[35m[BaseDriver][39m Shutting down because we waited 1800 seconds for a command
[35m[Appium][39m Closing session, cause was 'New Command Timeout of 1800 seconds expired. Try customizing the timeout using the 'newCommandTimeout' desired capability'
[35m[Appium][39m Removing session 41fd7ebe-10cc-451a-a1e6-5450c2201350 from our master session list
[35m[WD Proxy][39m Got an unexpected response: {"code":"ECONNRESET"}
[35m[UiAutomator2][39m Did not get confirmation UiAutomator2 deleteSession worked; Error was: UnknownError: An unknown server-side error occurred while processing the command. Original error: Could not proxy command to remote server. Original error: Error: socket hang up
[35m[ADB][39m io.nativebase.market.geekyants.taxiapprider was not uninstalled, because it was not present on the device
[35m[Appium][39m Received SIGTERM - shutting down
