[35m[Appium][39m Welcome to Appium v1.14.0
[35m[Appium][39m Non-default server args:
[35m[Appium][39m   port: 63706
[35m[Appium][39m   loglevel: info
[35m[Appium][39m   chromeDriverPort: 63709
[35m[Appium][39m   tmpDir: /var/folders/38/x4crs4qx0hn0r3_szny2t9sw0000gn/T//Katalon/Appium/Temp1566215311432
[35m[Appium][39m Appium REST http interface listener started on 0.0.0.0:63706
[35m[HTTP][39m [37m-->[39m [37mGET[39m [37m/wd/hub/status[39m
[35m[HTTP][39m [90m{}[39m
[35m[HTTP][39m [37m<-- GET /wd/hub/status [39m[32m200[39m [90m5 ms - 68[39m
[35m[HTTP][39m [90m[39m
[35m[HTTP][39m [37m-->[39m [37mPOST[39m [37m/wd/hub/session[39m
[35m[HTTP][39m [90m{"desiredCapabilities":{"app":"/Users/sumittulsyan/Downloads/app-release.apk","noReset":false,"deviceName":"Google Pixel (Android 9)","fullReset":true,"platform":"ANDROID","newCommandTimeout":1800,"platformVersion":"9","automationName":"uiautomator2","autoGrantPermissions":true,"platformName":"Android","udid":"FA6AW0302799","systemPort":63705},"capabilities":{"firstMatch":[{"appium:app":"/Users/sumittulsyan/Downloads/app-release.apk","appium:autoGrantPermissions":true,"appium:automationName":"uiautomator2","appium:deviceName":"Google Pixel (Android 9)","appium:fullReset":true,"appium:newCommandTimeout":1800,"appium:noReset":false,"platform":"ANDROID","platformName":"android","appium:platformVersion":"9","appium:systemPort":63705,"appium:udid":"FA6AW0302799"}]}}[39m
[35m[BaseDriver][39m The capabilities ["platform"] are not standard capabilities and should have an extension prefix
[35m[Appium][39m Appium v1.14.0 creating new AndroidUiautomator2Driver (v1.33.1) session
[35m[Appium][39m Capabilities:
[35m[Appium][39m   platform: ANDROID
[35m[Appium][39m   platformName: android
[35m[Appium][39m   app: /Users/sumittulsyan/Downloads/app-release.apk
[35m[Appium][39m   autoGrantPermissions: true
[35m[Appium][39m   automationName: uiautomator2
[35m[Appium][39m   deviceName: Google Pixel (Android 9)
[35m[Appium][39m   fullReset: true
[35m[Appium][39m   newCommandTimeout: 1800
[35m[Appium][39m   noReset: false
[35m[Appium][39m   platformVersion: 9
[35m[Appium][39m   systemPort: 63705
[35m[Appium][39m   udid: FA6AW0302799
[35m[BaseDriver][39m The following capabilities were provided, but are not recognized by Appium:
[35m[BaseDriver][39m   platform
[35m[BaseDriver][39m Session created with session id: 1c1e60e1-7002-407b-95ff-5b2fc471fccd
[35m[BaseDriver][39m Using local app '/Users/sumittulsyan/Downloads/app-release.apk'
[35m[ADB][39m Found 1 'build-tools' folders under '/Users/sumittulsyan/.katalon/tools/android_sdk' (newest first):
[35m[ADB][39m     /Users/sumittulsyan/.katalon/tools/android_sdk/build-tools/29.0.1
[35m[ADB][39m Using 'adb' from '/Users/sumittulsyan/.katalon/tools/android_sdk/platform-tools/adb'
[35m[AndroidDriver][39m Retrieving device list
[35m[AndroidDriver][39m Using device: FA6AW0302799
[35m[ADB][39m Using 'adb' from '/Users/sumittulsyan/.katalon/tools/android_sdk/platform-tools/adb'
[35m[UiAutomator2][39m Relaxing hidden api policy
[35m[ADB][39m Using 'apkanalyzer' from '/Users/sumittulsyan/.katalon/tools/android_sdk/tools/bin/apkanalyzer'
[35m[ADB][39m Package name: 'io.nativebase.market.geekyants.taxiappdriver'
[35m[ADB][39m Main activity name: 'io.nativebase.market.geekyants.taxiappdriver.MainActivity'
[35m[ADB][39m Using 'aapt' from '/Users/sumittulsyan/.katalon/tools/android_sdk/build-tools/29.0.1/aapt'
[35m[ADB][39m Using 'apksigner' from '/Users/sumittulsyan/.katalon/tools/android_sdk/build-tools/29.0.1/apksigner'
[35m[UiAutomator2][39m Server packages are not going to be (re)installed
[35m[ADB][39m io.nativebase.market.geekyants.taxiappdriver was successfully uninstalled
[35m[ADB][39m The application at '/Users/sumittulsyan/Downloads/app-release.apk' is already cached to '/data/local/tmp/appium_cache/0a4c298d81fa9fed8129162356ad8641ab361e22.apk'
[35m[ADB][39m The installation of 'app-release.apk' took 5.299s
[35m[UiAutomator2][39m Starting UIAutomator2 server 3.7.0
[35m[UiAutomator2][39m Using UIAutomator2 server from '/Users/sumittulsyan/Downloads/appium-mobile-test/node_modules/appium-uiautomator2-server/apks/appium-uiautomator2-server-v3.7.0.apk' and test from '/Users/sumittulsyan/Downloads/appium-mobile-test/node_modules/appium-uiautomator2-server/apks/appium-uiautomator2-server-debug-androidTest.apk'
[35m[UiAutomator2][39m Waiting up to 30000ms for UiAutomator2 to be online...
[35m[WD Proxy][39m Got an unexpected response: {"code":"ECONNRESET"}
[35m[WD Proxy][39m Got an unexpected response: {"code":"ECONNRESET"}
[35m[WD Proxy][39m Got an unexpected response: {"code":"ECONNRESET"}
[35m[AndroidDriver][39m Screen already unlocked, doing nothing
[35m[UiAutomator2][39m UiAutomator2 did not start the activity we were waiting for, 'io.nativebase.market.geekyants.taxiappdriver/io.nativebase.market.geekyants.taxiappdriver.MainActivity'. Starting it ourselves
[35m[Appium][39m New AndroidUiautomator2Driver session created successfully, session 1c1e60e1-7002-407b-95ff-5b2fc471fccd added to master session list
[35m[HTTP][39m [37m<-- POST /wd/hub/session [39m[32m200[39m [90m20828 ms - 1213[39m
[35m[HTTP][39m [90m[39m
[35m[HTTP][39m [37m-->[39m [37mGET[39m [37m/wd/hub/session/1c1e60e1-7002-407b-95ff-5b2fc471fccd[39m
[35m[HTTP][39m [90m{}[39m
[35m[HTTP][39m [37m<-- GET /wd/hub/session/1c1e60e1-7002-407b-95ff-5b2fc471fccd [39m[32m200[39m [90m88 ms - 1145[39m
[35m[HTTP][39m [90m[39m
[35m[HTTP][39m [37m-->[39m [37mGET[39m [37m/wd/hub/session/1c1e60e1-7002-407b-95ff-5b2fc471fccd[39m
[35m[HTTP][39m [90m{}[39m
[35m[HTTP][39m [37m<-- GET /wd/hub/session/1c1e60e1-7002-407b-95ff-5b2fc471fccd [39m[32m200[39m [90m38 ms - 1145[39m
[35m[HTTP][39m [90m[39m
[35m[HTTP][39m [37m-->[39m [37mGET[39m [37m/wd/hub/status[39m
[35m[HTTP][39m [90m{}[39m
[35m[HTTP][39m [37m<-- GET /wd/hub/status [39m[32m200[39m [90m1 ms - 68[39m
[35m[HTTP][39m [90m[39m
[35m[HTTP][39m [37m-->[39m [37mPOST[39m [37m/wd/hub/session/1c1e60e1-7002-407b-95ff-5b2fc471fccd/timeouts[39m
[35m[HTTP][39m [90m{"implicit":30000}[39m
[35m[HTTP][39m [37m<-- POST /wd/hub/session/1c1e60e1-7002-407b-95ff-5b2fc471fccd/timeouts [39m[32m200[39m [90m4 ms - 14[39m
[35m[HTTP][39m [90m[39m
[35m[HTTP][39m [37m-->[39m [37mPOST[39m [37m/wd/hub/session/1c1e60e1-7002-407b-95ff-5b2fc471fccd/timeouts[39m
[35m[HTTP][39m [90m{"implicit":50}[39m
[35m[HTTP][39m [37m<-- POST /wd/hub/session/1c1e60e1-7002-407b-95ff-5b2fc471fccd/timeouts [39m[32m200[39m [90m2 ms - 14[39m
[35m[HTTP][39m [90m[39m
[35m[HTTP][39m [37m-->[39m [37mGET[39m [37m/wd/hub/session/1c1e60e1-7002-407b-95ff-5b2fc471fccd/window/rect[39m
[35m[HTTP][39m [90m{}[39m
[35m[HTTP][39m [37m<-- GET /wd/hub/session/1c1e60e1-7002-407b-95ff-5b2fc471fccd/window/rect [39m[32m200[39m [90m44 ms - 50[39m
[35m[HTTP][39m [90m[39m
[35m[HTTP][39m [37m-->[39m [37mPOST[39m [37m/wd/hub/session/1c1e60e1-7002-407b-95ff-5b2fc471fccd/elements[39m
[35m[HTTP][39m [90m{"using":"-android uiautomator","value":"new UiSelector().className(\"android.widget.TextView\").text(\"Sign In\")"}[39m
[35m[HTTP][39m [37m<-- POST /wd/hub/session/1c1e60e1-7002-407b-95ff-5b2fc471fccd/elements [39m[32m200[39m [90m105 ms - 12[39m
[35m[HTTP][39m [90m[39m
[35m[HTTP][39m [37m-->[39m [37mPOST[39m [37m/wd/hub/session/1c1e60e1-7002-407b-95ff-5b2fc471fccd/elements[39m
[35m[HTTP][39m [90m{"using":"-android uiautomator","value":"new UiSelector().className(\"android.widget.TextView\").text(\"Sign In\")"}[39m
[35m[HTTP][39m [37m<-- POST /wd/hub/session/1c1e60e1-7002-407b-95ff-5b2fc471fccd/elements [39m[32m200[39m [90m62 ms - 12[39m
[35m[HTTP][39m [90m[39m
[35m[HTTP][39m [37m-->[39m [37mPOST[39m [37m/wd/hub/session/1c1e60e1-7002-407b-95ff-5b2fc471fccd/elements[39m
[35m[HTTP][39m [90m{"using":"-android uiautomator","value":"new UiSelector().className(\"android.widget.TextView\").text(\"Sign In\")"}[39m
[35m[HTTP][39m [37m<-- POST /wd/hub/session/1c1e60e1-7002-407b-95ff-5b2fc471fccd/elements [39m[32m200[39m [90m73 ms - 12[39m
[35m[HTTP][39m [90m[39m
[35m[HTTP][39m [37m-->[39m [37mPOST[39m [37m/wd/hub/session/1c1e60e1-7002-407b-95ff-5b2fc471fccd/elements[39m
[35m[HTTP][39m [90m{"using":"-android uiautomator","value":"new UiSelector().className(\"android.widget.TextView\").text(\"Sign In\")"}[39m
[35m[HTTP][39m [37m<-- POST /wd/hub/session/1c1e60e1-7002-407b-95ff-5b2fc471fccd/elements [39m[32m200[39m [90m63 ms - 12[39m
[35m[HTTP][39m [90m[39m
[35m[HTTP][39m [37m-->[39m [37mPOST[39m [37m/wd/hub/session/1c1e60e1-7002-407b-95ff-5b2fc471fccd/elements[39m
[35m[HTTP][39m [90m{"using":"-android uiautomator","value":"new UiSelector().className(\"android.widget.TextView\").text(\"Sign In\")"}[39m
[35m[HTTP][39m [37m<-- POST /wd/hub/session/1c1e60e1-7002-407b-95ff-5b2fc471fccd/elements [39m[32m200[39m [90m58 ms - 12[39m
[35m[HTTP][39m [90m[39m
[35m[HTTP][39m [37m-->[39m [37mPOST[39m [37m/wd/hub/session/1c1e60e1-7002-407b-95ff-5b2fc471fccd/elements[39m
[35m[HTTP][39m [90m{"using":"-android uiautomator","value":"new UiSelector().className(\"android.widget.TextView\").text(\"Sign In\")"}[39m
[35m[HTTP][39m [37m<-- POST /wd/hub/session/1c1e60e1-7002-407b-95ff-5b2fc471fccd/elements [39m[32m200[39m [90m58 ms - 12[39m
[35m[HTTP][39m [90m[39m
[35m[HTTP][39m [37m-->[39m [37mPOST[39m [37m/wd/hub/session/1c1e60e1-7002-407b-95ff-5b2fc471fccd/elements[39m
[35m[HTTP][39m [90m{"using":"-android uiautomator","value":"new UiSelector().className(\"android.widget.TextView\").text(\"Sign In\")"}[39m
[35m[HTTP][39m [37m<-- POST /wd/hub/session/1c1e60e1-7002-407b-95ff-5b2fc471fccd/elements [39m[32m200[39m [90m54 ms - 12[39m
[35m[HTTP][39m [90m[39m
[35m[HTTP][39m [37m-->[39m [37mPOST[39m [37m/wd/hub/session/1c1e60e1-7002-407b-95ff-5b2fc471fccd/elements[39m
[35m[HTTP][39m [90m{"using":"-android uiautomator","value":"new UiSelector().className(\"android.widget.TextView\").text(\"Sign In\")"}[39m
[35m[HTTP][39m [37m<-- POST /wd/hub/session/1c1e60e1-7002-407b-95ff-5b2fc471fccd/elements [39m[32m200[39m [90m60 ms - 12[39m
[35m[HTTP][39m [90m[39m
[35m[HTTP][39m [37m-->[39m [37mPOST[39m [37m/wd/hub/session/1c1e60e1-7002-407b-95ff-5b2fc471fccd/elements[39m
[35m[HTTP][39m [90m{"using":"-android uiautomator","value":"new UiSelector().className(\"android.widget.TextView\").text(\"Sign In\")"}[39m
[35m[HTTP][39m [37m<-- POST /wd/hub/session/1c1e60e1-7002-407b-95ff-5b2fc471fccd/elements [39m[32m200[39m [90m1725 ms - 139[39m
[35m[HTTP][39m [90m[39m
[35m[HTTP][39m [37m-->[39m [37mGET[39m [37m/wd/hub/session/1c1e60e1-7002-407b-95ff-5b2fc471fccd/element/ee183da7-7bdf-4af9-9848-ffc4bffd6ea9/location[39m
[35m[HTTP][39m [90m{}[39m
[35m[W3C (1c1e60e1)][39m Driver proxy active, passing request on via HTTP proxy
[35m[WD Proxy][39m Replacing sessionId 8895f6d9-360e-4cd5-ad66-bdbc091a594a with 1c1e60e1-7002-407b-95ff-5b2fc471fccd
[35m[HTTP][39m [37m<-- GET /wd/hub/session/1c1e60e1-7002-407b-95ff-5b2fc471fccd/element/ee183da7-7bdf-4af9-9848-ffc4bffd6ea9/location [39m[32m200[39m [90m120 ms - 90[39m
[35m[HTTP][39m [90m[39m
[35m[HTTP][39m [37m-->[39m [37mPOST[39m [37m/wd/hub/session/1c1e60e1-7002-407b-95ff-5b2fc471fccd/timeouts[39m
[35m[HTTP][39m [90m{"implicit":30000}[39m
[35m[HTTP][39m [37m<-- POST /wd/hub/session/1c1e60e1-7002-407b-95ff-5b2fc471fccd/timeouts [39m[32m200[39m [90m2 ms - 14[39m
[35m[HTTP][39m [90m[39m
[35m[HTTP][39m [37m-->[39m [37mPOST[39m [37m/wd/hub/session/1c1e60e1-7002-407b-95ff-5b2fc471fccd/touch/perform[39m
[35m[HTTP][39m [90m{"actions":[{"action":"tap","options":{"x":1,"y":1,"element":"ee183da7-7bdf-4af9-9848-ffc4bffd6ea9"}},{"action":"release","options":{}}]}[39m
[35m[UiAutomator2][39m calling get location: ee183da7-7bdf-4af9-9848-ffc4bffd6ea9
[35m[HTTP][39m [37m<-- POST /wd/hub/session/1c1e60e1-7002-407b-95ff-5b2fc471fccd/touch/perform [39m[32m200[39m [90m1640 ms - 14[39m
[35m[HTTP][39m [90m[39m
[35m[HTTP][39m [37m-->[39m [37mPOST[39m [37m/wd/hub/session/1c1e60e1-7002-407b-95ff-5b2fc471fccd/timeouts[39m
[35m[HTTP][39m [90m{"implicit":50}[39m
[35m[HTTP][39m [37m<-- POST /wd/hub/session/1c1e60e1-7002-407b-95ff-5b2fc471fccd/timeouts [39m[32m200[39m [90m2 ms - 14[39m
[35m[HTTP][39m [90m[39m
[35m[HTTP][39m [37m-->[39m [37mGET[39m [37m/wd/hub/session/1c1e60e1-7002-407b-95ff-5b2fc471fccd/window/rect[39m
[35m[HTTP][39m [90m{}[39m
[35m[HTTP][39m [37m<-- GET /wd/hub/session/1c1e60e1-7002-407b-95ff-5b2fc471fccd/window/rect [39m[32m200[39m [90m31 ms - 50[39m
[35m[HTTP][39m [90m[39m
[35m[HTTP][39m [37m-->[39m [37mPOST[39m [37m/wd/hub/session/1c1e60e1-7002-407b-95ff-5b2fc471fccd/elements[39m
[35m[HTTP][39m [90m{"using":"-android uiautomator","value":"new UiSelector().className(\"android.widget.EditText\").text(\"Email\")"}[39m
[35m[HTTP][39m [37m<-- POST /wd/hub/session/1c1e60e1-7002-407b-95ff-5b2fc471fccd/elements [39m[32m200[39m [90m104 ms - 139[39m
[35m[HTTP][39m [90m[39m
[35m[HTTP][39m [37m-->[39m [37mGET[39m [37m/wd/hub/session/1c1e60e1-7002-407b-95ff-5b2fc471fccd/element/182cecdd-66be-4365-8568-47a7e3569ed9/location[39m
[35m[HTTP][39m [90m{}[39m
[35m[W3C (1c1e60e1)][39m Driver proxy active, passing request on via HTTP proxy
[35m[WD Proxy][39m Replacing sessionId 8895f6d9-360e-4cd5-ad66-bdbc091a594a with 1c1e60e1-7002-407b-95ff-5b2fc471fccd
[35m[HTTP][39m [37m<-- GET /wd/hub/session/1c1e60e1-7002-407b-95ff-5b2fc471fccd/element/182cecdd-66be-4365-8568-47a7e3569ed9/location [39m[32m200[39m [90m57 ms - 89[39m
[35m[HTTP][39m [90m[39m
[35m[HTTP][39m [37m-->[39m [37mPOST[39m [37m/wd/hub/session/1c1e60e1-7002-407b-95ff-5b2fc471fccd/timeouts[39m
[35m[HTTP][39m [90m{"implicit":30000}[39m
[35m[HTTP][39m [37m<-- POST /wd/hub/session/1c1e60e1-7002-407b-95ff-5b2fc471fccd/timeouts [39m[32m200[39m [90m2 ms - 14[39m
[35m[HTTP][39m [90m[39m
[35m[HTTP][39m [37m-->[39m [37mPOST[39m [37m/wd/hub/session/1c1e60e1-7002-407b-95ff-5b2fc471fccd/element/182cecdd-66be-4365-8568-47a7e3569ed9/clear[39m
[35m[HTTP][39m [90m{"id":"182cecdd-66be-4365-8568-47a7e3569ed9"}[39m
[35m[HTTP][39m [37m<-- POST /wd/hub/session/1c1e60e1-7002-407b-95ff-5b2fc471fccd/element/182cecdd-66be-4365-8568-47a7e3569ed9/clear [39m[32m200[39m [90m55 ms - 27[39m
[35m[HTTP][39m [90m[39m
[35m[HTTP][39m [37m-->[39m [37mPOST[39m [37m/wd/hub/session/1c1e60e1-7002-407b-95ff-5b2fc471fccd/element/182cecdd-66be-4365-8568-47a7e3569ed9/value[39m
[35m[HTTP][39m [90m{"id":"182cecdd-66be-4365-8568-47a7e3569ed9","text":"taxidriver1@gmail.com","value":["t","a","x","i","d","r","i","v","e","r","1","@","g","m","a","i","l",".","c","o","m"]}[39m
[35m[HTTP][39m [37m<-- POST /wd/hub/session/1c1e60e1-7002-407b-95ff-5b2fc471fccd/element/182cecdd-66be-4365-8568-47a7e3569ed9/value [39m[32m200[39m [90m1185 ms - 12[39m
[35m[HTTP][39m [90m[39m
[35m[HTTP][39m [37m-->[39m [37mPOST[39m [37m/wd/hub/session/1c1e60e1-7002-407b-95ff-5b2fc471fccd/timeouts[39m
[35m[HTTP][39m [90m{"implicit":50}[39m
[35m[HTTP][39m [37m<-- POST /wd/hub/session/1c1e60e1-7002-407b-95ff-5b2fc471fccd/timeouts [39m[32m200[39m [90m2 ms - 14[39m
[35m[HTTP][39m [90m[39m
[35m[HTTP][39m [37m-->[39m [37mGET[39m [37m/wd/hub/session/1c1e60e1-7002-407b-95ff-5b2fc471fccd/window/rect[39m
[35m[HTTP][39m [90m{}[39m
[35m[HTTP][39m [37m<-- GET /wd/hub/session/1c1e60e1-7002-407b-95ff-5b2fc471fccd/window/rect [39m[32m200[39m [90m23 ms - 50[39m
[35m[HTTP][39m [90m[39m
[35m[HTTP][39m [37m-->[39m [37mPOST[39m [37m/wd/hub/session/1c1e60e1-7002-407b-95ff-5b2fc471fccd/elements[39m
[35m[HTTP][39m [90m{"using":"-android uiautomator","value":"new UiSelector().className(\"android.widget.EditText\").text(\"Password\")"}[39m
[35m[HTTP][39m [37m<-- POST /wd/hub/session/1c1e60e1-7002-407b-95ff-5b2fc471fccd/elements [39m[32m200[39m [90m455 ms - 139[39m
[35m[HTTP][39m [90m[39m
[35m[HTTP][39m [37m-->[39m [37mGET[39m [37m/wd/hub/session/1c1e60e1-7002-407b-95ff-5b2fc471fccd/element/ab6c4ac9-954a-4c01-aa18-dd4a6030c54c/location[39m
[35m[HTTP][39m [90m{}[39m
[35m[W3C (1c1e60e1)][39m Driver proxy active, passing request on via HTTP proxy
[35m[WD Proxy][39m Replacing sessionId 8895f6d9-360e-4cd5-ad66-bdbc091a594a with 1c1e60e1-7002-407b-95ff-5b2fc471fccd
[35m[HTTP][39m [37m<-- GET /wd/hub/session/1c1e60e1-7002-407b-95ff-5b2fc471fccd/element/ab6c4ac9-954a-4c01-aa18-dd4a6030c54c/location [39m[32m200[39m [90m52 ms - 90[39m
[35m[HTTP][39m [90m[39m
[35m[HTTP][39m [37m-->[39m [37mPOST[39m [37m/wd/hub/session/1c1e60e1-7002-407b-95ff-5b2fc471fccd/timeouts[39m
[35m[HTTP][39m [90m{"implicit":30000}[39m
[35m[HTTP][39m [37m<-- POST /wd/hub/session/1c1e60e1-7002-407b-95ff-5b2fc471fccd/timeouts [39m[32m200[39m [90m2 ms - 14[39m
[35m[HTTP][39m [90m[39m
[35m[HTTP][39m [37m-->[39m [37mPOST[39m [37m/wd/hub/session/1c1e60e1-7002-407b-95ff-5b2fc471fccd/element/ab6c4ac9-954a-4c01-aa18-dd4a6030c54c/clear[39m
[35m[HTTP][39m [90m{"id":"ab6c4ac9-954a-4c01-aa18-dd4a6030c54c"}[39m
[35m[HTTP][39m [37m<-- POST /wd/hub/session/1c1e60e1-7002-407b-95ff-5b2fc471fccd/element/ab6c4ac9-954a-4c01-aa18-dd4a6030c54c/clear [39m[32m200[39m [90m53 ms - 27[39m
[35m[HTTP][39m [90m[39m
[35m[HTTP][39m [37m-->[39m [37mPOST[39m [37m/wd/hub/session/1c1e60e1-7002-407b-95ff-5b2fc471fccd/element/ab6c4ac9-954a-4c01-aa18-dd4a6030c54c/value[39m
[35m[HTTP][39m [90m{"id":"ab6c4ac9-954a-4c01-aa18-dd4a6030c54c","text":"123456","value":["1","2","3","4","5","6"]}[39m
[35m[HTTP][39m [37m<-- POST /wd/hub/session/1c1e60e1-7002-407b-95ff-5b2fc471fccd/element/ab6c4ac9-954a-4c01-aa18-dd4a6030c54c/value [39m[32m200[39m [90m1086 ms - 12[39m
[35m[HTTP][39m [90m[39m
[35m[HTTP][39m [37m-->[39m [37mPOST[39m [37m/wd/hub/session/1c1e60e1-7002-407b-95ff-5b2fc471fccd/timeouts[39m
[35m[HTTP][39m [90m{"implicit":50}[39m
[35m[HTTP][39m [37m<-- POST /wd/hub/session/1c1e60e1-7002-407b-95ff-5b2fc471fccd/timeouts [39m[32m200[39m [90m2 ms - 14[39m
[35m[HTTP][39m [90m[39m
[35m[HTTP][39m [37m-->[39m [37mGET[39m [37m/wd/hub/session/1c1e60e1-7002-407b-95ff-5b2fc471fccd/window/rect[39m
[35m[HTTP][39m [90m{}[39m
[35m[HTTP][39m [37m<-- GET /wd/hub/session/1c1e60e1-7002-407b-95ff-5b2fc471fccd/window/rect [39m[32m200[39m [90m22 ms - 50[39m
[35m[HTTP][39m [90m[39m
[35m[HTTP][39m [37m-->[39m [37mPOST[39m [37m/wd/hub/session/1c1e60e1-7002-407b-95ff-5b2fc471fccd/elements[39m
[35m[HTTP][39m [90m{"using":"xpath","value":"//hierarchy/android.widget.FrameLayout[1]/android.widget.LinearLayout[1]/android.widget.FrameLayout[1]/android.widget.LinearLayout[1]/android.widget.FrameLayout[1]/android.widget.FrameLayout[1]/android.view.ViewGroup[1]/android.view.ViewGroup[1]/android.view.ViewGroup[1]/android.view.ViewGroup[1]/android.support.v4.widget.DrawerLayout[1]/android.view.ViewGroup[1]/android.view.ViewGroup[1]/android.view.ViewGroup[1]/android.view.ViewGroup[1]/android.view.ViewGroup[1]/android.view.ViewGroup[1]/android.widget.ScrollView[1]/android.view.ViewGroup[1]/android.view.ViewGroup[7]/android.widget.TextView[1]"}[39m
[35m[HTTP][39m [37m<-- POST /wd/hub/session/1c1e60e1-7002-407b-95ff-5b2fc471fccd/elements [39m[32m200[39m [90m819 ms - 139[39m
[35m[HTTP][39m [90m[39m
[35m[HTTP][39m [37m-->[39m [37mGET[39m [37m/wd/hub/session/1c1e60e1-7002-407b-95ff-5b2fc471fccd/element/5b010f8c-514d-4943-848c-05a56190a342/location[39m
[35m[HTTP][39m [90m{}[39m
[35m[W3C (1c1e60e1)][39m Driver proxy active, passing request on via HTTP proxy
[35m[WD Proxy][39m Replacing sessionId 8895f6d9-360e-4cd5-ad66-bdbc091a594a with 1c1e60e1-7002-407b-95ff-5b2fc471fccd
[35m[HTTP][39m [37m<-- GET /wd/hub/session/1c1e60e1-7002-407b-95ff-5b2fc471fccd/element/5b010f8c-514d-4943-848c-05a56190a342/location [39m[32m200[39m [90m31 ms - 90[39m
[35m[HTTP][39m [90m[39m
[35m[HTTP][39m [37m-->[39m [37mPOST[39m [37m/wd/hub/session/1c1e60e1-7002-407b-95ff-5b2fc471fccd/timeouts[39m
[35m[HTTP][39m [90m{"implicit":30000}[39m
[35m[HTTP][39m [37m<-- POST /wd/hub/session/1c1e60e1-7002-407b-95ff-5b2fc471fccd/timeouts [39m[32m200[39m [90m2 ms - 14[39m
[35m[HTTP][39m [90m[39m
[35m[HTTP][39m [37m-->[39m [37mPOST[39m [37m/wd/hub/session/1c1e60e1-7002-407b-95ff-5b2fc471fccd/touch/perform[39m
[35m[HTTP][39m [90m{"actions":[{"action":"tap","options":{"x":1,"y":1,"element":"5b010f8c-514d-4943-848c-05a56190a342"}},{"action":"release","options":{}}]}[39m
[35m[UiAutomator2][39m calling get location: 5b010f8c-514d-4943-848c-05a56190a342
[35m[HTTP][39m [37m<-- POST /wd/hub/session/1c1e60e1-7002-407b-95ff-5b2fc471fccd/touch/perform [39m[32m200[39m [90m77 ms - 14[39m
[35m[HTTP][39m [90m[39m
[35m[HTTP][39m [37m-->[39m [37mPOST[39m [37m/wd/hub/session/1c1e60e1-7002-407b-95ff-5b2fc471fccd/timeouts[39m
[35m[HTTP][39m [90m{"implicit":50}[39m
[35m[HTTP][39m [37m<-- POST /wd/hub/session/1c1e60e1-7002-407b-95ff-5b2fc471fccd/timeouts [39m[32m200[39m [90m4 ms - 14[39m
[35m[HTTP][39m [90m[39m
[35m[HTTP][39m [37m-->[39m [37mGET[39m [37m/wd/hub/session/1c1e60e1-7002-407b-95ff-5b2fc471fccd/window/rect[39m
[35m[HTTP][39m [90m{}[39m
[35m[HTTP][39m [37m<-- GET /wd/hub/session/1c1e60e1-7002-407b-95ff-5b2fc471fccd/window/rect [39m[32m200[39m [90m32 ms - 50[39m
[35m[HTTP][39m [90m[39m
[35m[HTTP][39m [37m-->[39m [37mPOST[39m [37m/wd/hub/session/1c1e60e1-7002-407b-95ff-5b2fc471fccd/elements[39m
[35m[HTTP][39m [90m{"using":"-android uiautomator","value":"new UiSelector().className(\"android.widget.TextView\").text(\"\")"}[39m
[35m[HTTP][39m [37m<-- POST /wd/hub/session/1c1e60e1-7002-407b-95ff-5b2fc471fccd/elements [39m[32m200[39m [90m754 ms - 12[39m
[35m[HTTP][39m [90m[39m
[35m[HTTP][39m [37m-->[39m [37mPOST[39m [37m/wd/hub/session/1c1e60e1-7002-407b-95ff-5b2fc471fccd/elements[39m
[35m[HTTP][39m [90m{"using":"-android uiautomator","value":"new UiSelector().className(\"android.widget.TextView\").text(\"\")"}[39m
[35m[HTTP][39m [37m<-- POST /wd/hub/session/1c1e60e1-7002-407b-95ff-5b2fc471fccd/elements [39m[32m200[39m [90m70 ms - 12[39m
[35m[HTTP][39m [90m[39m
[35m[HTTP][39m [37m-->[39m [37mPOST[39m [37m/wd/hub/session/1c1e60e1-7002-407b-95ff-5b2fc471fccd/elements[39m
[35m[HTTP][39m [90m{"using":"-android uiautomator","value":"new UiSelector().className(\"android.widget.TextView\").text(\"\")"}[39m
[35m[HTTP][39m [37m<-- POST /wd/hub/session/1c1e60e1-7002-407b-95ff-5b2fc471fccd/elements [39m[32m200[39m [90m68 ms - 12[39m
[35m[HTTP][39m [90m[39m
[35m[HTTP][39m [37m-->[39m [37mPOST[39m [37m/wd/hub/session/1c1e60e1-7002-407b-95ff-5b2fc471fccd/elements[39m
[35m[HTTP][39m [90m{"using":"-android uiautomator","value":"new UiSelector().className(\"android.widget.TextView\").text(\"\")"}[39m
[35m[HTTP][39m [37m<-- POST /wd/hub/session/1c1e60e1-7002-407b-95ff-5b2fc471fccd/elements [39m[32m200[39m [90m744 ms - 12[39m
[35m[HTTP][39m [90m[39m
[35m[HTTP][39m [37m-->[39m [37mPOST[39m [37m/wd/hub/session/1c1e60e1-7002-407b-95ff-5b2fc471fccd/elements[39m
[35m[HTTP][39m [90m{"using":"-android uiautomator","value":"new UiSelector().className(\"android.widget.TextView\").text(\"\")"}[39m
[35m[HTTP][39m [37m<-- POST /wd/hub/session/1c1e60e1-7002-407b-95ff-5b2fc471fccd/elements [39m[32m200[39m [90m688 ms - 12[39m
[35m[HTTP][39m [90m[39m
[35m[HTTP][39m [37m-->[39m [37mPOST[39m [37m/wd/hub/session/1c1e60e1-7002-407b-95ff-5b2fc471fccd/elements[39m
[35m[HTTP][39m [90m{"using":"-android uiautomator","value":"new UiSelector().className(\"android.widget.TextView\").text(\"\")"}[39m
[35m[HTTP][39m [37m<-- POST /wd/hub/session/1c1e60e1-7002-407b-95ff-5b2fc471fccd/elements [39m[32m200[39m [90m66 ms - 12[39m
[35m[HTTP][39m [90m[39m
[35m[HTTP][39m [37m-->[39m [37mPOST[39m [37m/wd/hub/session/1c1e60e1-7002-407b-95ff-5b2fc471fccd/elements[39m
[35m[HTTP][39m [90m{"using":"-android uiautomator","value":"new UiSelector().className(\"android.widget.TextView\").text(\"\")"}[39m
[35m[HTTP][39m [37m<-- POST /wd/hub/session/1c1e60e1-7002-407b-95ff-5b2fc471fccd/elements [39m[32m200[39m [90m662 ms - 12[39m
[35m[HTTP][39m [90m[39m
[35m[HTTP][39m [37m-->[39m [37mPOST[39m [37m/wd/hub/session/1c1e60e1-7002-407b-95ff-5b2fc471fccd/elements[39m
[35m[HTTP][39m [90m{"using":"-android uiautomator","value":"new UiSelector().className(\"android.widget.TextView\").text(\"\")"}[39m
[35m[HTTP][39m [37m<-- POST /wd/hub/session/1c1e60e1-7002-407b-95ff-5b2fc471fccd/elements [39m[32m200[39m [90m68 ms - 12[39m
[35m[HTTP][39m [90m[39m
[35m[HTTP][39m [37m-->[39m [37mPOST[39m [37m/wd/hub/session/1c1e60e1-7002-407b-95ff-5b2fc471fccd/elements[39m
[35m[HTTP][39m [90m{"using":"-android uiautomator","value":"new UiSelector().className(\"android.widget.TextView\").text(\"\")"}[39m
[35m[HTTP][39m [37m<-- POST /wd/hub/session/1c1e60e1-7002-407b-95ff-5b2fc471fccd/elements [39m[32m200[39m [90m672 ms - 12[39m
[35m[HTTP][39m [90m[39m
[35m[HTTP][39m [37m-->[39m [37mPOST[39m [37m/wd/hub/session/1c1e60e1-7002-407b-95ff-5b2fc471fccd/elements[39m
[35m[HTTP][39m [90m{"using":"-android uiautomator","value":"new UiSelector().className(\"android.widget.TextView\").text(\"\")"}[39m
[35m[HTTP][39m [37m<-- POST /wd/hub/session/1c1e60e1-7002-407b-95ff-5b2fc471fccd/elements [39m[32m200[39m [90m93 ms - 12[39m
[35m[HTTP][39m [90m[39m
[35m[HTTP][39m [37m-->[39m [37mPOST[39m [37m/wd/hub/session/1c1e60e1-7002-407b-95ff-5b2fc471fccd/elements[39m
[35m[HTTP][39m [90m{"using":"-android uiautomator","value":"new UiSelector().className(\"android.widget.TextView\").text(\"\")"}[39m
[35m[HTTP][39m [37m<-- POST /wd/hub/session/1c1e60e1-7002-407b-95ff-5b2fc471fccd/elements [39m[32m200[39m [90m60 ms - 12[39m
[35m[HTTP][39m [90m[39m
[35m[HTTP][39m [37m-->[39m [37mPOST[39m [37m/wd/hub/session/1c1e60e1-7002-407b-95ff-5b2fc471fccd/elements[39m
[35m[HTTP][39m [90m{"using":"-android uiautomator","value":"new UiSelector().className(\"android.widget.TextView\").text(\"\")"}[39m
[35m[HTTP][39m [37m<-- POST /wd/hub/session/1c1e60e1-7002-407b-95ff-5b2fc471fccd/elements [39m[32m200[39m [90m75 ms - 12[39m
[35m[HTTP][39m [90m[39m
[35m[HTTP][39m [37m-->[39m [37mPOST[39m [37m/wd/hub/session/1c1e60e1-7002-407b-95ff-5b2fc471fccd/elements[39m
[35m[HTTP][39m [90m{"using":"-android uiautomator","value":"new UiSelector().className(\"android.widget.TextView\").text(\"\")"}[39m
[35m[HTTP][39m [37m<-- POST /wd/hub/session/1c1e60e1-7002-407b-95ff-5b2fc471fccd/elements [39m[32m200[39m [90m54 ms - 12[39m
[35m[HTTP][39m [90m[39m
[35m[HTTP][39m [37m-->[39m [37mPOST[39m [37m/wd/hub/session/1c1e60e1-7002-407b-95ff-5b2fc471fccd/elements[39m
[35m[HTTP][39m [90m{"using":"-android uiautomator","value":"new UiSelector().className(\"android.widget.TextView\").text(\"\")"}[39m
[35m[HTTP][39m [37m<-- POST /wd/hub/session/1c1e60e1-7002-407b-95ff-5b2fc471fccd/elements [39m[32m200[39m [90m57 ms - 12[39m
[35m[HTTP][39m [90m[39m
[35m[HTTP][39m [37m-->[39m [37mPOST[39m [37m/wd/hub/session/1c1e60e1-7002-407b-95ff-5b2fc471fccd/elements[39m
[35m[HTTP][39m [90m{"using":"-android uiautomator","value":"new UiSelector().className(\"android.widget.TextView\").text(\"\")"}[39m
[35m[HTTP][39m [37m<-- POST /wd/hub/session/1c1e60e1-7002-407b-95ff-5b2fc471fccd/elements [39m[32m200[39m [90m72 ms - 12[39m
[35m[HTTP][39m [90m[39m
[35m[HTTP][39m [37m-->[39m [37mPOST[39m [37m/wd/hub/session/1c1e60e1-7002-407b-95ff-5b2fc471fccd/elements[39m
[35m[HTTP][39m [90m{"using":"-android uiautomator","value":"new UiSelector().className(\"android.widget.TextView\").text(\"\")"}[39m
[35m[HTTP][39m [37m<-- POST /wd/hub/session/1c1e60e1-7002-407b-95ff-5b2fc471fccd/elements [39m[32m200[39m [90m61 ms - 12[39m
[35m[HTTP][39m [90m[39m
[35m[HTTP][39m [37m-->[39m [37mPOST[39m [37m/wd/hub/session/1c1e60e1-7002-407b-95ff-5b2fc471fccd/elements[39m
[35m[HTTP][39m [90m{"using":"-android uiautomator","value":"new UiSelector().className(\"android.widget.TextView\").text(\"\")"}[39m
[35m[HTTP][39m [37m<-- POST /wd/hub/session/1c1e60e1-7002-407b-95ff-5b2fc471fccd/elements [39m[32m200[39m [90m58 ms - 12[39m
[35m[HTTP][39m [90m[39m
[35m[HTTP][39m [37m-->[39m [37mPOST[39m [37m/wd/hub/session/1c1e60e1-7002-407b-95ff-5b2fc471fccd/elements[39m
[35m[HTTP][39m [90m{"using":"-android uiautomator","value":"new UiSelector().className(\"android.widget.TextView\").text(\"\")"}[39m
[35m[HTTP][39m [37m<-- POST /wd/hub/session/1c1e60e1-7002-407b-95ff-5b2fc471fccd/elements [39m[32m200[39m [90m638 ms - 12[39m
[35m[HTTP][39m [90m[39m
[35m[HTTP][39m [37m-->[39m [37mPOST[39m [37m/wd/hub/session/1c1e60e1-7002-407b-95ff-5b2fc471fccd/elements[39m
[35m[HTTP][39m [90m{"using":"-android uiautomator","value":"new UiSelector().className(\"android.widget.TextView\").text(\"\")"}[39m
[35m[HTTP][39m [37m<-- POST /wd/hub/session/1c1e60e1-7002-407b-95ff-5b2fc471fccd/elements [39m[32m200[39m [90m68 ms - 12[39m
[35m[HTTP][39m [90m[39m
[35m[HTTP][39m [37m-->[39m [37mPOST[39m [37m/wd/hub/session/1c1e60e1-7002-407b-95ff-5b2fc471fccd/elements[39m
[35m[HTTP][39m [90m{"using":"-android uiautomator","value":"new UiSelector().className(\"android.widget.TextView\").text(\"\")"}[39m
[35m[HTTP][39m [37m<-- POST /wd/hub/session/1c1e60e1-7002-407b-95ff-5b2fc471fccd/elements [39m[32m200[39m [90m89 ms - 12[39m
[35m[HTTP][39m [90m[39m
[35m[HTTP][39m [37m-->[39m [37mPOST[39m [37m/wd/hub/session/1c1e60e1-7002-407b-95ff-5b2fc471fccd/elements[39m
[35m[HTTP][39m [90m{"using":"-android uiautomator","value":"new UiSelector().className(\"android.widget.TextView\").text(\"\")"}[39m
[35m[HTTP][39m [37m<-- POST /wd/hub/session/1c1e60e1-7002-407b-95ff-5b2fc471fccd/elements [39m[32m200[39m [90m78 ms - 12[39m
[35m[HTTP][39m [90m[39m
[35m[HTTP][39m [37m-->[39m [37mPOST[39m [37m/wd/hub/session/1c1e60e1-7002-407b-95ff-5b2fc471fccd/elements[39m
[35m[HTTP][39m [90m{"using":"-android uiautomator","value":"new UiSelector().className(\"android.widget.TextView\").text(\"\")"}[39m
[35m[HTTP][39m [37m<-- POST /wd/hub/session/1c1e60e1-7002-407b-95ff-5b2fc471fccd/elements [39m[32m200[39m [90m69 ms - 12[39m
[35m[HTTP][39m [90m[39m
[35m[HTTP][39m [37m-->[39m [37mPOST[39m [37m/wd/hub/session/1c1e60e1-7002-407b-95ff-5b2fc471fccd/elements[39m
[35m[HTTP][39m [90m{"using":"-android uiautomator","value":"new UiSelector().className(\"android.widget.TextView\").text(\"\")"}[39m
[35m[HTTP][39m [37m<-- POST /wd/hub/session/1c1e60e1-7002-407b-95ff-5b2fc471fccd/elements [39m[32m200[39m [90m75 ms - 12[39m
[35m[HTTP][39m [90m[39m
[35m[HTTP][39m [37m-->[39m [37mPOST[39m [37m/wd/hub/session/1c1e60e1-7002-407b-95ff-5b2fc471fccd/elements[39m
[35m[HTTP][39m [90m{"using":"-android uiautomator","value":"new UiSelector().className(\"android.widget.TextView\").text(\"\")"}[39m
[35m[HTTP][39m [37m<-- POST /wd/hub/session/1c1e60e1-7002-407b-95ff-5b2fc471fccd/elements [39m[32m200[39m [90m664 ms - 12[39m
[35m[HTTP][39m [90m[39m
[35m[HTTP][39m [37m-->[39m [37mPOST[39m [37m/wd/hub/session/1c1e60e1-7002-407b-95ff-5b2fc471fccd/elements[39m
[35m[HTTP][39m [90m{"using":"-android uiautomator","value":"new UiSelector().className(\"android.widget.TextView\").text(\"\")"}[39m
[35m[HTTP][39m [37m<-- POST /wd/hub/session/1c1e60e1-7002-407b-95ff-5b2fc471fccd/elements [39m[32m200[39m [90m59 ms - 12[39m
[35m[HTTP][39m [90m[39m
[35m[HTTP][39m [37m-->[39m [37mPOST[39m [37m/wd/hub/session/1c1e60e1-7002-407b-95ff-5b2fc471fccd/elements[39m
[35m[HTTP][39m [90m{"using":"-android uiautomator","value":"new UiSelector().className(\"android.widget.TextView\").text(\"\")"}[39m
[35m[HTTP][39m [37m<-- POST /wd/hub/session/1c1e60e1-7002-407b-95ff-5b2fc471fccd/elements [39m[32m200[39m [90m626 ms - 12[39m
[35m[HTTP][39m [90m[39m
[35m[HTTP][39m [37m-->[39m [37mPOST[39m [37m/wd/hub/session/1c1e60e1-7002-407b-95ff-5b2fc471fccd/elements[39m
[35m[HTTP][39m [90m{"using":"-android uiautomator","value":"new UiSelector().className(\"android.widget.TextView\").text(\"\")"}[39m
[35m[HTTP][39m [37m<-- POST /wd/hub/session/1c1e60e1-7002-407b-95ff-5b2fc471fccd/elements [39m[32m200[39m [90m651 ms - 12[39m
[35m[HTTP][39m [90m[39m
[35m[HTTP][39m [37m-->[39m [37mPOST[39m [37m/wd/hub/session/1c1e60e1-7002-407b-95ff-5b2fc471fccd/elements[39m
[35m[HTTP][39m [90m{"using":"-android uiautomator","value":"new UiSelector().className(\"android.widget.TextView\").text(\"\")"}[39m
[35m[HTTP][39m [37m<-- POST /wd/hub/session/1c1e60e1-7002-407b-95ff-5b2fc471fccd/elements [39m[32m200[39m [90m647 ms - 12[39m
[35m[HTTP][39m [90m[39m
[35m[HTTP][39m [37m-->[39m [37mPOST[39m [37m/wd/hub/session/1c1e60e1-7002-407b-95ff-5b2fc471fccd/elements[39m
[35m[HTTP][39m [90m{"using":"-android uiautomator","value":"new UiSelector().className(\"android.widget.TextView\").text(\"\")"}[39m
[35m[HTTP][39m [37m<-- POST /wd/hub/session/1c1e60e1-7002-407b-95ff-5b2fc471fccd/elements [39m[32m200[39m [90m639 ms - 12[39m
[35m[HTTP][39m [90m[39m
[35m[HTTP][39m [37m-->[39m [37mPOST[39m [37m/wd/hub/session/1c1e60e1-7002-407b-95ff-5b2fc471fccd/elements[39m
[35m[HTTP][39m [90m{"using":"-android uiautomator","value":"new UiSelector().className(\"android.widget.TextView\").text(\"\")"}[39m
[35m[HTTP][39m [37m<-- POST /wd/hub/session/1c1e60e1-7002-407b-95ff-5b2fc471fccd/elements [39m[32m200[39m [90m58 ms - 12[39m
[35m[HTTP][39m [90m[39m
[35m[HTTP][39m [37m-->[39m [37mPOST[39m [37m/wd/hub/session/1c1e60e1-7002-407b-95ff-5b2fc471fccd/elements[39m
[35m[HTTP][39m [90m{"using":"-android uiautomator","value":"new UiSelector().className(\"android.widget.TextView\").text(\"\")"}[39m
[35m[HTTP][39m [37m<-- POST /wd/hub/session/1c1e60e1-7002-407b-95ff-5b2fc471fccd/elements [39m[32m200[39m [90m626 ms - 12[39m
[35m[HTTP][39m [90m[39m
[35m[HTTP][39m [37m-->[39m [37mPOST[39m [37m/wd/hub/session/1c1e60e1-7002-407b-95ff-5b2fc471fccd/elements[39m
[35m[HTTP][39m [90m{"using":"-android uiautomator","value":"new UiSelector().className(\"android.widget.TextView\").text(\"\")"}[39m
[35m[HTTP][39m [37m<-- POST /wd/hub/session/1c1e60e1-7002-407b-95ff-5b2fc471fccd/elements [39m[32m200[39m [90m61 ms - 12[39m
[35m[HTTP][39m [90m[39m
[35m[HTTP][39m [37m-->[39m [37mPOST[39m [37m/wd/hub/session/1c1e60e1-7002-407b-95ff-5b2fc471fccd/elements[39m
[35m[HTTP][39m [90m{"using":"-android uiautomator","value":"new UiSelector().className(\"android.widget.TextView\").text(\"\")"}[39m
[35m[HTTP][39m [37m<-- POST /wd/hub/session/1c1e60e1-7002-407b-95ff-5b2fc471fccd/elements [39m[32m200[39m [90m654 ms - 12[39m
[35m[HTTP][39m [90m[39m
[35m[HTTP][39m [37m-->[39m [37mPOST[39m [37m/wd/hub/session/1c1e60e1-7002-407b-95ff-5b2fc471fccd/elements[39m
[35m[HTTP][39m [90m{"using":"-android uiautomator","value":"new UiSelector().className(\"android.widget.TextView\").text(\"\")"}[39m
[35m[HTTP][39m [37m<-- POST /wd/hub/session/1c1e60e1-7002-407b-95ff-5b2fc471fccd/elements [39m[32m200[39m [90m93 ms - 12[39m
[35m[HTTP][39m [90m[39m
[35m[HTTP][39m [37m-->[39m [37mPOST[39m [37m/wd/hub/session/1c1e60e1-7002-407b-95ff-5b2fc471fccd/elements[39m
[35m[HTTP][39m [90m{"using":"-android uiautomator","value":"new UiSelector().className(\"android.widget.TextView\").text(\"\")"}[39m
[35m[HTTP][39m [37m<-- POST /wd/hub/session/1c1e60e1-7002-407b-95ff-5b2fc471fccd/elements [39m[32m200[39m [90m74 ms - 12[39m
[35m[HTTP][39m [90m[39m
[35m[HTTP][39m [37m-->[39m [37mPOST[39m [37m/wd/hub/session/1c1e60e1-7002-407b-95ff-5b2fc471fccd/elements[39m
[35m[HTTP][39m [90m{"using":"-android uiautomator","value":"new UiSelector().className(\"android.widget.TextView\").text(\"\")"}[39m
[35m[HTTP][39m [37m<-- POST /wd/hub/session/1c1e60e1-7002-407b-95ff-5b2fc471fccd/elements [39m[32m200[39m [90m69 ms - 12[39m
[35m[HTTP][39m [90m[39m
[35m[HTTP][39m [37m-->[39m [37mPOST[39m [37m/wd/hub/session/1c1e60e1-7002-407b-95ff-5b2fc471fccd/elements[39m
[35m[HTTP][39m [90m{"using":"-android uiautomator","value":"new UiSelector().className(\"android.widget.TextView\").text(\"\")"}[39m
[35m[HTTP][39m [37m<-- POST /wd/hub/session/1c1e60e1-7002-407b-95ff-5b2fc471fccd/elements [39m[32m200[39m [90m68 ms - 12[39m
[35m[HTTP][39m [90m[39m
[35m[HTTP][39m [37m-->[39m [37mPOST[39m [37m/wd/hub/session/1c1e60e1-7002-407b-95ff-5b2fc471fccd/elements[39m
[35m[HTTP][39m [90m{"using":"-android uiautomator","value":"new UiSelector().className(\"android.widget.TextView\").text(\"\")"}[39m
[35m[HTTP][39m [37m<-- POST /wd/hub/session/1c1e60e1-7002-407b-95ff-5b2fc471fccd/elements [39m[32m200[39m [90m595 ms - 12[39m
[35m[HTTP][39m [90m[39m
[35m[HTTP][39m [37m-->[39m [37mPOST[39m [37m/wd/hub/session/1c1e60e1-7002-407b-95ff-5b2fc471fccd/elements[39m
[35m[HTTP][39m [90m{"using":"-android uiautomator","value":"new UiSelector().className(\"android.widget.TextView\").text(\"\")"}[39m
[35m[HTTP][39m [37m<-- POST /wd/hub/session/1c1e60e1-7002-407b-95ff-5b2fc471fccd/elements [39m[32m200[39m [90m52 ms - 12[39m
[35m[HTTP][39m [90m[39m
[35m[HTTP][39m [37m-->[39m [37mPOST[39m [37m/wd/hub/session/1c1e60e1-7002-407b-95ff-5b2fc471fccd/elements[39m
[35m[HTTP][39m [90m{"using":"-android uiautomator","value":"new UiSelector().className(\"android.widget.TextView\").text(\"\")"}[39m
[35m[HTTP][39m [37m<-- POST /wd/hub/session/1c1e60e1-7002-407b-95ff-5b2fc471fccd/elements [39m[32m200[39m [90m67 ms - 12[39m
[35m[HTTP][39m [90m[39m
[35m[HTTP][39m [37m-->[39m [37mPOST[39m [37m/wd/hub/session/1c1e60e1-7002-407b-95ff-5b2fc471fccd/elements[39m
[35m[HTTP][39m [90m{"using":"-android uiautomator","value":"new UiSelector().className(\"android.widget.TextView\").text(\"\")"}[39m
[35m[HTTP][39m [37m<-- POST /wd/hub/session/1c1e60e1-7002-407b-95ff-5b2fc471fccd/elements [39m[32m200[39m [90m624 ms - 12[39m
[35m[HTTP][39m [90m[39m
[35m[HTTP][39m [37m-->[39m [37mPOST[39m [37m/wd/hub/session/1c1e60e1-7002-407b-95ff-5b2fc471fccd/elements[39m
[35m[HTTP][39m [90m{"using":"-android uiautomator","value":"new UiSelector().className(\"android.widget.TextView\").text(\"\")"}[39m
[35m[HTTP][39m [37m<-- POST /wd/hub/session/1c1e60e1-7002-407b-95ff-5b2fc471fccd/elements [39m[32m200[39m [90m65 ms - 12[39m
[35m[HTTP][39m [90m[39m
[35m[HTTP][39m [37m-->[39m [37mPOST[39m [37m/wd/hub/session/1c1e60e1-7002-407b-95ff-5b2fc471fccd/elements[39m
[35m[HTTP][39m [90m{"using":"-android uiautomator","value":"new UiSelector().className(\"android.widget.TextView\").text(\"\")"}[39m
[35m[HTTP][39m [37m<-- POST /wd/hub/session/1c1e60e1-7002-407b-95ff-5b2fc471fccd/elements [39m[32m200[39m [90m71 ms - 12[39m
[35m[HTTP][39m [90m[39m
[35m[HTTP][39m [37m-->[39m [37mPOST[39m [37m/wd/hub/session/1c1e60e1-7002-407b-95ff-5b2fc471fccd/elements[39m
[35m[HTTP][39m [90m{"using":"-android uiautomator","value":"new UiSelector().className(\"android.widget.TextView\").text(\"\")"}[39m
[35m[HTTP][39m [37m<-- POST /wd/hub/session/1c1e60e1-7002-407b-95ff-5b2fc471fccd/elements [39m[32m200[39m [90m663 ms - 12[39m
[35m[HTTP][39m [90m[39m
[35m[HTTP][39m [37m-->[39m [37mPOST[39m [37m/wd/hub/session/1c1e60e1-7002-407b-95ff-5b2fc471fccd/elements[39m
[35m[HTTP][39m [90m{"using":"-android uiautomator","value":"new UiSelector().className(\"android.widget.TextView\").text(\"\")"}[39m
[35m[HTTP][39m [37m<-- POST /wd/hub/session/1c1e60e1-7002-407b-95ff-5b2fc471fccd/elements [39m[32m200[39m [90m65 ms - 12[39m
[35m[HTTP][39m [90m[39m
[35m[HTTP][39m [37m-->[39m [37mPOST[39m [37m/wd/hub/session/1c1e60e1-7002-407b-95ff-5b2fc471fccd/elements[39m
[35m[HTTP][39m [90m{"using":"-android uiautomator","value":"new UiSelector().className(\"android.widget.TextView\").text(\"\")"}[39m
[35m[HTTP][39m [37m<-- POST /wd/hub/session/1c1e60e1-7002-407b-95ff-5b2fc471fccd/elements [39m[32m200[39m [90m74 ms - 12[39m
[35m[HTTP][39m [90m[39m
[35m[HTTP][39m [37m-->[39m [37mPOST[39m [37m/wd/hub/session/1c1e60e1-7002-407b-95ff-5b2fc471fccd/elements[39m
[35m[HTTP][39m [90m{"using":"-android uiautomator","value":"new UiSelector().className(\"android.widget.TextView\").text(\"\")"}[39m
[35m[HTTP][39m [37m<-- POST /wd/hub/session/1c1e60e1-7002-407b-95ff-5b2fc471fccd/elements [39m[32m200[39m [90m669 ms - 12[39m
[35m[HTTP][39m [90m[39m
[35m[HTTP][39m [37m-->[39m [37mPOST[39m [37m/wd/hub/session/1c1e60e1-7002-407b-95ff-5b2fc471fccd/elements[39m
[35m[HTTP][39m [90m{"using":"-android uiautomator","value":"new UiSelector().className(\"android.widget.TextView\").text(\"\")"}[39m
[35m[HTTP][39m [37m<-- POST /wd/hub/session/1c1e60e1-7002-407b-95ff-5b2fc471fccd/elements [39m[32m200[39m [90m69 ms - 12[39m
[35m[HTTP][39m [90m[39m
[35m[HTTP][39m [37m-->[39m [37mPOST[39m [37m/wd/hub/session/1c1e60e1-7002-407b-95ff-5b2fc471fccd/elements[39m
[35m[HTTP][39m [90m{"using":"-android uiautomator","value":"new UiSelector().className(\"android.widget.TextView\").text(\"\")"}[39m
[35m[HTTP][39m [37m<-- POST /wd/hub/session/1c1e60e1-7002-407b-95ff-5b2fc471fccd/elements [39m[32m200[39m [90m64 ms - 12[39m
[35m[HTTP][39m [90m[39m
[35m[HTTP][39m [37m-->[39m [37mPOST[39m [37m/wd/hub/session/1c1e60e1-7002-407b-95ff-5b2fc471fccd/elements[39m
[35m[HTTP][39m [90m{"using":"-android uiautomator","value":"new UiSelector().className(\"android.widget.TextView\").text(\"\")"}[39m
[35m[HTTP][39m [37m<-- POST /wd/hub/session/1c1e60e1-7002-407b-95ff-5b2fc471fccd/elements [39m[32m200[39m [90m659 ms - 12[39m
[35m[HTTP][39m [90m[39m
[35m[HTTP][39m [37m-->[39m [37mPOST[39m [37m/wd/hub/session/1c1e60e1-7002-407b-95ff-5b2fc471fccd/elements[39m
[35m[HTTP][39m [90m{"using":"-android uiautomator","value":"new UiSelector().className(\"android.widget.TextView\").text(\"\")"}[39m
[35m[HTTP][39m [37m<-- POST /wd/hub/session/1c1e60e1-7002-407b-95ff-5b2fc471fccd/elements [39m[32m200[39m [90m67 ms - 12[39m
[35m[HTTP][39m [90m[39m
[35m[HTTP][39m [37m-->[39m [37mPOST[39m [37m/wd/hub/session/1c1e60e1-7002-407b-95ff-5b2fc471fccd/elements[39m
[35m[HTTP][39m [90m{"using":"-android uiautomator","value":"new UiSelector().className(\"android.widget.TextView\").text(\"\")"}[39m
[35m[HTTP][39m [37m<-- POST /wd/hub/session/1c1e60e1-7002-407b-95ff-5b2fc471fccd/elements [39m[32m200[39m [90m56 ms - 12[39m
[35m[HTTP][39m [90m[39m
[35m[HTTP][39m [37m-->[39m [37mPOST[39m [37m/wd/hub/session/1c1e60e1-7002-407b-95ff-5b2fc471fccd/elements[39m
[35m[HTTP][39m [90m{"using":"-android uiautomator","value":"new UiSelector().className(\"android.widget.TextView\").text(\"\")"}[39m
[35m[HTTP][39m [37m<-- POST /wd/hub/session/1c1e60e1-7002-407b-95ff-5b2fc471fccd/elements [39m[32m200[39m [90m54 ms - 12[39m
[35m[HTTP][39m [90m[39m
[35m[HTTP][39m [37m-->[39m [37mPOST[39m [37m/wd/hub/session/1c1e60e1-7002-407b-95ff-5b2fc471fccd/elements[39m
[35m[HTTP][39m [90m{"using":"-android uiautomator","value":"new UiSelector().className(\"android.widget.TextView\").text(\"\")"}[39m
[35m[HTTP][39m [37m<-- POST /wd/hub/session/1c1e60e1-7002-407b-95ff-5b2fc471fccd/elements [39m[32m200[39m [90m609 ms - 12[39m
[35m[HTTP][39m [90m[39m
[35m[HTTP][39m [37m-->[39m [37mPOST[39m [37m/wd/hub/session/1c1e60e1-7002-407b-95ff-5b2fc471fccd/elements[39m
[35m[HTTP][39m [90m{"using":"-android uiautomator","value":"new UiSelector().className(\"android.widget.TextView\").text(\"\")"}[39m
[35m[HTTP][39m [37m<-- POST /wd/hub/session/1c1e60e1-7002-407b-95ff-5b2fc471fccd/elements [39m[32m200[39m [90m127 ms - 12[39m
[35m[HTTP][39m [90m[39m
[35m[HTTP][39m [37m-->[39m [37mPOST[39m [37m/wd/hub/session/1c1e60e1-7002-407b-95ff-5b2fc471fccd/elements[39m
[35m[HTTP][39m [90m{"using":"-android uiautomator","value":"new UiSelector().className(\"android.widget.TextView\").text(\"\")"}[39m
[35m[HTTP][39m [37m<-- POST /wd/hub/session/1c1e60e1-7002-407b-95ff-5b2fc471fccd/elements [39m[32m200[39m [90m58 ms - 12[39m
[35m[HTTP][39m [90m[39m
[35m[HTTP][39m [37m-->[39m [37mPOST[39m [37m/wd/hub/session/1c1e60e1-7002-407b-95ff-5b2fc471fccd/elements[39m
[35m[HTTP][39m [90m{"using":"-android uiautomator","value":"new UiSelector().className(\"android.widget.TextView\").text(\"\")"}[39m
[35m[HTTP][39m [37m<-- POST /wd/hub/session/1c1e60e1-7002-407b-95ff-5b2fc471fccd/elements [39m[32m200[39m [90m52 ms - 12[39m
[35m[HTTP][39m [90m[39m
[35m[HTTP][39m [37m-->[39m [37mPOST[39m [37m/wd/hub/session/1c1e60e1-7002-407b-95ff-5b2fc471fccd/elements[39m
[35m[HTTP][39m [90m{"using":"-android uiautomator","value":"new UiSelector().className(\"android.widget.TextView\").text(\"\")"}[39m
[35m[HTTP][39m [37m<-- POST /wd/hub/session/1c1e60e1-7002-407b-95ff-5b2fc471fccd/elements [39m[32m200[39m [90m611 ms - 12[39m
[35m[HTTP][39m [90m[39m
[35m[HTTP][39m [37m-->[39m [37mPOST[39m [37m/wd/hub/session/1c1e60e1-7002-407b-95ff-5b2fc471fccd/elements[39m
[35m[HTTP][39m [90m{"using":"-android uiautomator","value":"new UiSelector().className(\"android.widget.TextView\").text(\"\")"}[39m
[35m[HTTP][39m [37m<-- POST /wd/hub/session/1c1e60e1-7002-407b-95ff-5b2fc471fccd/elements [39m[32m200[39m [90m53 ms - 12[39m
[35m[HTTP][39m [90m[39m
[35m[HTTP][39m [37m-->[39m [37mPOST[39m [37m/wd/hub/session/1c1e60e1-7002-407b-95ff-5b2fc471fccd/elements[39m
[35m[HTTP][39m [90m{"using":"-android uiautomator","value":"new UiSelector().className(\"android.widget.TextView\").text(\"\")"}[39m
[35m[HTTP][39m [37m<-- POST /wd/hub/session/1c1e60e1-7002-407b-95ff-5b2fc471fccd/elements [39m[32m200[39m [90m53 ms - 12[39m
[35m[HTTP][39m [90m[39m
[35m[HTTP][39m [37m-->[39m [37mPOST[39m [37m/wd/hub/session/1c1e60e1-7002-407b-95ff-5b2fc471fccd/elements[39m
[35m[HTTP][39m [90m{"using":"-android uiautomator","value":"new UiSelector().className(\"android.widget.TextView\").text(\"\")"}[39m
[35m[HTTP][39m [37m<-- POST /wd/hub/session/1c1e60e1-7002-407b-95ff-5b2fc471fccd/elements [39m[32m200[39m [90m67 ms - 12[39m
[35m[HTTP][39m [90m[39m
[35m[HTTP][39m [37m-->[39m [37mPOST[39m [37m/wd/hub/session/1c1e60e1-7002-407b-95ff-5b2fc471fccd/elements[39m
[35m[HTTP][39m [90m{"using":"-android uiautomator","value":"new UiSelector().className(\"android.widget.TextView\").text(\"\")"}[39m
[35m[HTTP][39m [37m<-- POST /wd/hub/session/1c1e60e1-7002-407b-95ff-5b2fc471fccd/elements [39m[32m200[39m [90m648 ms - 12[39m
[35m[HTTP][39m [90m[39m
[35m[HTTP][39m [37m-->[39m [37mPOST[39m [37m/wd/hub/session/1c1e60e1-7002-407b-95ff-5b2fc471fccd/elements[39m
[35m[HTTP][39m [90m{"using":"-android uiautomator","value":"new UiSelector().className(\"android.widget.TextView\").text(\"\")"}[39m
[35m[HTTP][39m [37m<-- POST /wd/hub/session/1c1e60e1-7002-407b-95ff-5b2fc471fccd/elements [39m[32m200[39m [90m65 ms - 12[39m
[35m[HTTP][39m [90m[39m
[35m[HTTP][39m [37m-->[39m [37mPOST[39m [37m/wd/hub/session/1c1e60e1-7002-407b-95ff-5b2fc471fccd/elements[39m
[35m[HTTP][39m [90m{"using":"-android uiautomator","value":"new UiSelector().className(\"android.widget.TextView\").text(\"\")"}[39m
[35m[HTTP][39m [37m<-- POST /wd/hub/session/1c1e60e1-7002-407b-95ff-5b2fc471fccd/elements [39m[32m200[39m [90m57 ms - 12[39m
[35m[HTTP][39m [90m[39m
[35m[HTTP][39m [37m-->[39m [37mPOST[39m [37m/wd/hub/session/1c1e60e1-7002-407b-95ff-5b2fc471fccd/elements[39m
[35m[HTTP][39m [90m{"using":"-android uiautomator","value":"new UiSelector().className(\"android.widget.TextView\").text(\"\")"}[39m
[35m[HTTP][39m [37m<-- POST /wd/hub/session/1c1e60e1-7002-407b-95ff-5b2fc471fccd/elements [39m[32m200[39m [90m59 ms - 12[39m
[35m[HTTP][39m [90m[39m
[35m[HTTP][39m [37m-->[39m [37mPOST[39m [37m/wd/hub/session/1c1e60e1-7002-407b-95ff-5b2fc471fccd/elements[39m
[35m[HTTP][39m [90m{"using":"-android uiautomator","value":"new UiSelector().className(\"android.widget.TextView\").text(\"\")"}[39m
[35m[HTTP][39m [37m<-- POST /wd/hub/session/1c1e60e1-7002-407b-95ff-5b2fc471fccd/elements [39m[32m200[39m [90m71 ms - 12[39m
[35m[HTTP][39m [90m[39m
[35m[HTTP][39m [37m-->[39m [37mPOST[39m [37m/wd/hub/session/1c1e60e1-7002-407b-95ff-5b2fc471fccd/elements[39m
[35m[HTTP][39m [90m{"using":"-android uiautomator","value":"new UiSelector().className(\"android.widget.TextView\").text(\"\")"}[39m
[35m[HTTP][39m [37m<-- POST /wd/hub/session/1c1e60e1-7002-407b-95ff-5b2fc471fccd/elements [39m[32m200[39m [90m82 ms - 12[39m
[35m[HTTP][39m [90m[39m
[35m[HTTP][39m [37m-->[39m [37mPOST[39m [37m/wd/hub/session/1c1e60e1-7002-407b-95ff-5b2fc471fccd/elements[39m
[35m[HTTP][39m [90m{"using":"-android uiautomator","value":"new UiSelector().className(\"android.widget.TextView\").text(\"\")"}[39m
[35m[HTTP][39m [37m<-- POST /wd/hub/session/1c1e60e1-7002-407b-95ff-5b2fc471fccd/elements [39m[32m200[39m [90m96 ms - 12[39m
[35m[HTTP][39m [90m[39m
[35m[HTTP][39m [37m-->[39m [37mPOST[39m [37m/wd/hub/session/1c1e60e1-7002-407b-95ff-5b2fc471fccd/elements[39m
[35m[HTTP][39m [90m{"using":"-android uiautomator","value":"new UiSelector().className(\"android.widget.TextView\").text(\"\")"}[39m
[35m[HTTP][39m [37m<-- POST /wd/hub/session/1c1e60e1-7002-407b-95ff-5b2fc471fccd/elements [39m[32m200[39m [90m53 ms - 12[39m
[35m[HTTP][39m [90m[39m
[35m[HTTP][39m [37m-->[39m [37mPOST[39m [37m/wd/hub/session/1c1e60e1-7002-407b-95ff-5b2fc471fccd/elements[39m
[35m[HTTP][39m [90m{"using":"-android uiautomator","value":"new UiSelector().className(\"android.widget.TextView\").text(\"\")"}[39m
[35m[HTTP][39m [37m<-- POST /wd/hub/session/1c1e60e1-7002-407b-95ff-5b2fc471fccd/elements [39m[32m200[39m [90m67 ms - 12[39m
[35m[HTTP][39m [90m[39m
[35m[HTTP][39m [37m-->[39m [37mPOST[39m [37m/wd/hub/session/1c1e60e1-7002-407b-95ff-5b2fc471fccd/elements[39m
[35m[HTTP][39m [90m{"using":"-android uiautomator","value":"new UiSelector().className(\"android.widget.TextView\").text(\"\")"}[39m
[35m[HTTP][39m [37m<-- POST /wd/hub/session/1c1e60e1-7002-407b-95ff-5b2fc471fccd/elements [39m[32m200[39m [90m656 ms - 12[39m
[35m[HTTP][39m [90m[39m
[35m[HTTP][39m [37m-->[39m [37mPOST[39m [37m/wd/hub/session/1c1e60e1-7002-407b-95ff-5b2fc471fccd/elements[39m
[35m[HTTP][39m [90m{"using":"-android uiautomator","value":"new UiSelector().className(\"android.widget.TextView\").text(\"\")"}[39m
[35m[HTTP][39m [37m<-- POST /wd/hub/session/1c1e60e1-7002-407b-95ff-5b2fc471fccd/elements [39m[32m200[39m [90m624 ms - 12[39m
[35m[HTTP][39m [90m[39m
[35m[HTTP][39m [37m-->[39m [37mPOST[39m [37m/wd/hub/session/1c1e60e1-7002-407b-95ff-5b2fc471fccd/elements[39m
[35m[HTTP][39m [90m{"using":"-android uiautomator","value":"new UiSelector().className(\"android.widget.TextView\").text(\"\")"}[39m
[35m[HTTP][39m [37m<-- POST /wd/hub/session/1c1e60e1-7002-407b-95ff-5b2fc471fccd/elements [39m[32m200[39m [90m67 ms - 12[39m
[35m[HTTP][39m [90m[39m
[35m[HTTP][39m [37m-->[39m [37mPOST[39m [37m/wd/hub/session/1c1e60e1-7002-407b-95ff-5b2fc471fccd/elements[39m
[35m[HTTP][39m [90m{"using":"-android uiautomator","value":"new UiSelector().className(\"android.widget.TextView\").text(\"\")"}[39m
[35m[HTTP][39m [37m<-- POST /wd/hub/session/1c1e60e1-7002-407b-95ff-5b2fc471fccd/elements [39m[32m200[39m [90m636 ms - 12[39m
[35m[HTTP][39m [90m[39m
[35m[HTTP][39m [37m-->[39m [37mPOST[39m [37m/wd/hub/session/1c1e60e1-7002-407b-95ff-5b2fc471fccd/elements[39m
[35m[HTTP][39m [90m{"using":"-android uiautomator","value":"new UiSelector().className(\"android.widget.TextView\").text(\"\")"}[39m
[35m[HTTP][39m [37m<-- POST /wd/hub/session/1c1e60e1-7002-407b-95ff-5b2fc471fccd/elements [39m[32m200[39m [90m65 ms - 12[39m
[35m[HTTP][39m [90m[39m
[35m[HTTP][39m [37m-->[39m [37mPOST[39m [37m/wd/hub/session/1c1e60e1-7002-407b-95ff-5b2fc471fccd/elements[39m
[35m[HTTP][39m [90m{"using":"-android uiautomator","value":"new UiSelector().className(\"android.widget.TextView\").text(\"\")"}[39m
[35m[HTTP][39m [37m<-- POST /wd/hub/session/1c1e60e1-7002-407b-95ff-5b2fc471fccd/elements [39m[32m200[39m [90m54 ms - 12[39m
[35m[HTTP][39m [90m[39m
[35m[HTTP][39m [37m-->[39m [37mPOST[39m [37m/wd/hub/session/1c1e60e1-7002-407b-95ff-5b2fc471fccd/elements[39m
[35m[HTTP][39m [90m{"using":"-android uiautomator","value":"new UiSelector().className(\"android.widget.TextView\").text(\"\")"}[39m
[35m[HTTP][39m [37m<-- POST /wd/hub/session/1c1e60e1-7002-407b-95ff-5b2fc471fccd/elements [39m[32m200[39m [90m633 ms - 12[39m
[35m[HTTP][39m [90m[39m
[35m[HTTP][39m [37m-->[39m [37mPOST[39m [37m/wd/hub/session/1c1e60e1-7002-407b-95ff-5b2fc471fccd/elements[39m
[35m[HTTP][39m [90m{"using":"-android uiautomator","value":"new UiSelector().className(\"android.widget.TextView\").text(\"\")"}[39m
[35m[HTTP][39m [37m<-- POST /wd/hub/session/1c1e60e1-7002-407b-95ff-5b2fc471fccd/elements [39m[32m200[39m [90m56 ms - 12[39m
[35m[HTTP][39m [90m[39m
[35m[HTTP][39m [37m-->[39m [37mPOST[39m [37m/wd/hub/session/1c1e60e1-7002-407b-95ff-5b2fc471fccd/elements[39m
[35m[HTTP][39m [90m{"using":"-android uiautomator","value":"new UiSelector().className(\"android.widget.TextView\").text(\"\")"}[39m
[35m[HTTP][39m [37m<-- POST /wd/hub/session/1c1e60e1-7002-407b-95ff-5b2fc471fccd/elements [39m[32m200[39m [90m52 ms - 12[39m
[35m[HTTP][39m [90m[39m
[35m[HTTP][39m [37m-->[39m [37mPOST[39m [37m/wd/hub/session/1c1e60e1-7002-407b-95ff-5b2fc471fccd/elements[39m
[35m[HTTP][39m [90m{"using":"-android uiautomator","value":"new UiSelector().className(\"android.widget.TextView\").text(\"\")"}[39m
[35m[HTTP][39m [37m<-- POST /wd/hub/session/1c1e60e1-7002-407b-95ff-5b2fc471fccd/elements [39m[32m200[39m [90m601 ms - 12[39m
[35m[HTTP][39m [90m[39m
[35m[HTTP][39m [37m-->[39m [37mPOST[39m [37m/wd/hub/session/1c1e60e1-7002-407b-95ff-5b2fc471fccd/elements[39m
[35m[HTTP][39m [90m{"using":"-android uiautomator","value":"new UiSelector().className(\"android.widget.TextView\").text(\"\")"}[39m
[35m[HTTP][39m [37m<-- POST /wd/hub/session/1c1e60e1-7002-407b-95ff-5b2fc471fccd/elements [39m[32m200[39m [90m53 ms - 12[39m
[35m[HTTP][39m [90m[39m
[35m[HTTP][39m [37m-->[39m [37mPOST[39m [37m/wd/hub/session/1c1e60e1-7002-407b-95ff-5b2fc471fccd/elements[39m
[35m[HTTP][39m [90m{"using":"-android uiautomator","value":"new UiSelector().className(\"android.widget.TextView\").text(\"\")"}[39m
[35m[HTTP][39m [37m<-- POST /wd/hub/session/1c1e60e1-7002-407b-95ff-5b2fc471fccd/elements [39m[32m200[39m [90m58 ms - 12[39m
[35m[HTTP][39m [90m[39m
[35m[HTTP][39m [37m-->[39m [37mPOST[39m [37m/wd/hub/session/1c1e60e1-7002-407b-95ff-5b2fc471fccd/elements[39m
[35m[HTTP][39m [90m{"using":"-android uiautomator","value":"new UiSelector().className(\"android.widget.TextView\").text(\"\")"}[39m
[35m[HTTP][39m [37m<-- POST /wd/hub/session/1c1e60e1-7002-407b-95ff-5b2fc471fccd/elements [39m[32m200[39m [90m1446 ms - 139[39m
[35m[HTTP][39m [90m[39m
[35m[HTTP][39m [37m-->[39m [37mGET[39m [37m/wd/hub/session/1c1e60e1-7002-407b-95ff-5b2fc471fccd/element/c4f27888-ad1e-4bd8-a405-caae1dd6dd2c/location[39m
[35m[HTTP][39m [90m{}[39m
[35m[W3C (1c1e60e1)][39m Driver proxy active, passing request on via HTTP proxy
[35m[WD Proxy][39m Replacing sessionId 8895f6d9-360e-4cd5-ad66-bdbc091a594a with 1c1e60e1-7002-407b-95ff-5b2fc471fccd
[35m[HTTP][39m [37m<-- GET /wd/hub/session/1c1e60e1-7002-407b-95ff-5b2fc471fccd/element/c4f27888-ad1e-4bd8-a405-caae1dd6dd2c/location [39m[32m200[39m [90m92 ms - 90[39m
[35m[HTTP][39m [90m[39m
[35m[HTTP][39m [37m-->[39m [37mPOST[39m [37m/wd/hub/session/1c1e60e1-7002-407b-95ff-5b2fc471fccd/timeouts[39m
[35m[HTTP][39m [90m{"implicit":30000}[39m
[35m[HTTP][39m [37m<-- POST /wd/hub/session/1c1e60e1-7002-407b-95ff-5b2fc471fccd/timeouts [39m[32m200[39m [90m4 ms - 14[39m
[35m[HTTP][39m [90m[39m
[35m[HTTP][39m [37m-->[39m [37mPOST[39m [37m/wd/hub/session/1c1e60e1-7002-407b-95ff-5b2fc471fccd/touch/perform[39m
[35m[HTTP][39m [90m{"actions":[{"action":"tap","options":{"x":1,"y":1,"element":"c4f27888-ad1e-4bd8-a405-caae1dd6dd2c"}},{"action":"release","options":{}}]}[39m
[35m[UiAutomator2][39m calling get location: c4f27888-ad1e-4bd8-a405-caae1dd6dd2c
[35m[HTTP][39m [37m<-- POST /wd/hub/session/1c1e60e1-7002-407b-95ff-5b2fc471fccd/touch/perform [39m[32m200[39m [90m3266 ms - 14[39m
[35m[HTTP][39m [90m[39m
[35m[HTTP][39m [37m-->[39m [37mPOST[39m [37m/wd/hub/session/1c1e60e1-7002-407b-95ff-5b2fc471fccd/timeouts[39m
[35m[HTTP][39m [90m{"implicit":50}[39m
[35m[HTTP][39m [37m<-- POST /wd/hub/session/1c1e60e1-7002-407b-95ff-5b2fc471fccd/timeouts [39m[32m200[39m [90m2 ms - 14[39m
[35m[HTTP][39m [90m[39m
[35m[HTTP][39m [37m-->[39m [37mGET[39m [37m/wd/hub/session/1c1e60e1-7002-407b-95ff-5b2fc471fccd/window/rect[39m
[35m[HTTP][39m [90m{}[39m
[35m[HTTP][39m [37m<-- GET /wd/hub/session/1c1e60e1-7002-407b-95ff-5b2fc471fccd/window/rect [39m[32m200[39m [90m67 ms - 50[39m
[35m[HTTP][39m [90m[39m
[35m[HTTP][39m [37m-->[39m [37mPOST[39m [37m/wd/hub/session/1c1e60e1-7002-407b-95ff-5b2fc471fccd/elements[39m
[35m[HTTP][39m [90m{"using":"-android uiautomator","value":"new UiSelector().className(\"android.widget.TextView\").text(\"Accept\")"}[39m
[35m[HTTP][39m [37m<-- POST /wd/hub/session/1c1e60e1-7002-407b-95ff-5b2fc471fccd/elements [39m[32m200[39m [90m80 ms - 12[39m
[35m[HTTP][39m [90m[39m
[35m[HTTP][39m [37m-->[39m [37mPOST[39m [37m/wd/hub/session/1c1e60e1-7002-407b-95ff-5b2fc471fccd/elements[39m
[35m[HTTP][39m [90m{"using":"-android uiautomator","value":"new UiSelector().className(\"android.widget.TextView\").text(\"Accept\")"}[39m
[35m[HTTP][39m [37m<-- POST /wd/hub/session/1c1e60e1-7002-407b-95ff-5b2fc471fccd/elements [39m[32m200[39m [90m61 ms - 12[39m
[35m[HTTP][39m [90m[39m
[35m[HTTP][39m [37m-->[39m [37mPOST[39m [37m/wd/hub/session/1c1e60e1-7002-407b-95ff-5b2fc471fccd/elements[39m
[35m[HTTP][39m [90m{"using":"-android uiautomator","value":"new UiSelector().className(\"android.widget.TextView\").text(\"Accept\")"}[39m
[35m[HTTP][39m [37m<-- POST /wd/hub/session/1c1e60e1-7002-407b-95ff-5b2fc471fccd/elements [39m[32m200[39m [90m658 ms - 12[39m
[35m[HTTP][39m [90m[39m
[35m[HTTP][39m [37m-->[39m [37mPOST[39m [37m/wd/hub/session/1c1e60e1-7002-407b-95ff-5b2fc471fccd/elements[39m
[35m[HTTP][39m [90m{"using":"-android uiautomator","value":"new UiSelector().className(\"android.widget.TextView\").text(\"Accept\")"}[39m
[35m[HTTP][39m [37m<-- POST /wd/hub/session/1c1e60e1-7002-407b-95ff-5b2fc471fccd/elements [39m[32m200[39m [90m81 ms - 12[39m
[35m[HTTP][39m [90m[39m
[35m[HTTP][39m [37m-->[39m [37mPOST[39m [37m/wd/hub/session/1c1e60e1-7002-407b-95ff-5b2fc471fccd/elements[39m
[35m[HTTP][39m [90m{"using":"-android uiautomator","value":"new UiSelector().className(\"android.widget.TextView\").text(\"Accept\")"}[39m
[35m[HTTP][39m [37m<-- POST /wd/hub/session/1c1e60e1-7002-407b-95ff-5b2fc471fccd/elements [39m[32m200[39m [90m85 ms - 12[39m
[35m[HTTP][39m [90m[39m
[35m[HTTP][39m [37m-->[39m [37mPOST[39m [37m/wd/hub/session/1c1e60e1-7002-407b-95ff-5b2fc471fccd/elements[39m
[35m[HTTP][39m [90m{"using":"-android uiautomator","value":"new UiSelector().className(\"android.widget.TextView\").text(\"Accept\")"}[39m
[35m[HTTP][39m [37m<-- POST /wd/hub/session/1c1e60e1-7002-407b-95ff-5b2fc471fccd/elements [39m[32m200[39m [90m65 ms - 12[39m
[35m[HTTP][39m [90m[39m
[35m[HTTP][39m [37m-->[39m [37mPOST[39m [37m/wd/hub/session/1c1e60e1-7002-407b-95ff-5b2fc471fccd/elements[39m
[35m[HTTP][39m [90m{"using":"-android uiautomator","value":"new UiSelector().className(\"android.widget.TextView\").text(\"Accept\")"}[39m
[35m[HTTP][39m [37m<-- POST /wd/hub/session/1c1e60e1-7002-407b-95ff-5b2fc471fccd/elements [39m[32m200[39m [90m68 ms - 12[39m
[35m[HTTP][39m [90m[39m
[35m[HTTP][39m [37m-->[39m [37mPOST[39m [37m/wd/hub/session/1c1e60e1-7002-407b-95ff-5b2fc471fccd/elements[39m
[35m[HTTP][39m [90m{"using":"-android uiautomator","value":"new UiSelector().className(\"android.widget.TextView\").text(\"Accept\")"}[39m
[35m[HTTP][39m [37m<-- POST /wd/hub/session/1c1e60e1-7002-407b-95ff-5b2fc471fccd/elements [39m[32m200[39m [90m55 ms - 12[39m
[35m[HTTP][39m [90m[39m
[35m[HTTP][39m [37m-->[39m [37mPOST[39m [37m/wd/hub/session/1c1e60e1-7002-407b-95ff-5b2fc471fccd/elements[39m
[35m[HTTP][39m [90m{"using":"-android uiautomator","value":"new UiSelector().className(\"android.widget.TextView\").text(\"Accept\")"}[39m
[35m[HTTP][39m [37m<-- POST /wd/hub/session/1c1e60e1-7002-407b-95ff-5b2fc471fccd/elements [39m[32m200[39m [90m70 ms - 12[39m
[35m[HTTP][39m [90m[39m
[35m[HTTP][39m [37m-->[39m [37mPOST[39m [37m/wd/hub/session/1c1e60e1-7002-407b-95ff-5b2fc471fccd/elements[39m
[35m[HTTP][39m [90m{"using":"-android uiautomator","value":"new UiSelector().className(\"android.widget.TextView\").text(\"Accept\")"}[39m
[35m[HTTP][39m [37m<-- POST /wd/hub/session/1c1e60e1-7002-407b-95ff-5b2fc471fccd/elements [39m[32m200[39m [90m59 ms - 12[39m
[35m[HTTP][39m [90m[39m
[35m[HTTP][39m [37m-->[39m [37mPOST[39m [37m/wd/hub/session/1c1e60e1-7002-407b-95ff-5b2fc471fccd/elements[39m
[35m[HTTP][39m [90m{"using":"-android uiautomator","value":"new UiSelector().className(\"android.widget.TextView\").text(\"Accept\")"}[39m
[35m[HTTP][39m [37m<-- POST /wd/hub/session/1c1e60e1-7002-407b-95ff-5b2fc471fccd/elements [39m[32m200[39m [90m632 ms - 12[39m
[35m[HTTP][39m [90m[39m
[35m[HTTP][39m [37m-->[39m [37mPOST[39m [37m/wd/hub/session/1c1e60e1-7002-407b-95ff-5b2fc471fccd/elements[39m
[35m[HTTP][39m [90m{"using":"-android uiautomator","value":"new UiSelector().className(\"android.widget.TextView\").text(\"Accept\")"}[39m
[35m[HTTP][39m [37m<-- POST /wd/hub/session/1c1e60e1-7002-407b-95ff-5b2fc471fccd/elements [39m[32m200[39m [90m98 ms - 12[39m
[35m[HTTP][39m [90m[39m
[35m[HTTP][39m [37m-->[39m [37mPOST[39m [37m/wd/hub/session/1c1e60e1-7002-407b-95ff-5b2fc471fccd/elements[39m
[35m[HTTP][39m [90m{"using":"-android uiautomator","value":"new UiSelector().className(\"android.widget.TextView\").text(\"Accept\")"}[39m
[35m[HTTP][39m [37m<-- POST /wd/hub/session/1c1e60e1-7002-407b-95ff-5b2fc471fccd/elements [39m[32m200[39m [90m141 ms - 12[39m
[35m[HTTP][39m [90m[39m
[35m[HTTP][39m [37m-->[39m [37mPOST[39m [37m/wd/hub/session/1c1e60e1-7002-407b-95ff-5b2fc471fccd/elements[39m
[35m[HTTP][39m [90m{"using":"-android uiautomator","value":"new UiSelector().className(\"android.widget.TextView\").text(\"Accept\")"}[39m
[35m[HTTP][39m [37m<-- POST /wd/hub/session/1c1e60e1-7002-407b-95ff-5b2fc471fccd/elements [39m[32m200[39m [90m670 ms - 12[39m
[35m[HTTP][39m [90m[39m
[35m[HTTP][39m [37m-->[39m [37mPOST[39m [37m/wd/hub/session/1c1e60e1-7002-407b-95ff-5b2fc471fccd/elements[39m
[35m[HTTP][39m [90m{"using":"-android uiautomator","value":"new UiSelector().className(\"android.widget.TextView\").text(\"Accept\")"}[39m
[35m[HTTP][39m [37m<-- POST /wd/hub/session/1c1e60e1-7002-407b-95ff-5b2fc471fccd/elements [39m[32m200[39m [90m69 ms - 12[39m
[35m[HTTP][39m [90m[39m
[35m[HTTP][39m [37m-->[39m [37mPOST[39m [37m/wd/hub/session/1c1e60e1-7002-407b-95ff-5b2fc471fccd/elements[39m
[35m[HTTP][39m [90m{"using":"-android uiautomator","value":"new UiSelector().className(\"android.widget.TextView\").text(\"Accept\")"}[39m
[35m[HTTP][39m [37m<-- POST /wd/hub/session/1c1e60e1-7002-407b-95ff-5b2fc471fccd/elements [39m[32m200[39m [90m57 ms - 12[39m
[35m[HTTP][39m [90m[39m
[35m[HTTP][39m [37m-->[39m [37mPOST[39m [37m/wd/hub/session/1c1e60e1-7002-407b-95ff-5b2fc471fccd/elements[39m
[35m[HTTP][39m [90m{"using":"-android uiautomator","value":"new UiSelector().className(\"android.widget.TextView\").text(\"Accept\")"}[39m
[35m[HTTP][39m [37m<-- POST /wd/hub/session/1c1e60e1-7002-407b-95ff-5b2fc471fccd/elements [39m[32m200[39m [90m79 ms - 12[39m
[35m[HTTP][39m [90m[39m
[35m[HTTP][39m [37m-->[39m [37mPOST[39m [37m/wd/hub/session/1c1e60e1-7002-407b-95ff-5b2fc471fccd/elements[39m
[35m[HTTP][39m [90m{"using":"-android uiautomator","value":"new UiSelector().className(\"android.widget.TextView\").text(\"Accept\")"}[39m
[35m[HTTP][39m [37m<-- POST /wd/hub/session/1c1e60e1-7002-407b-95ff-5b2fc471fccd/elements [39m[32m200[39m [90m93 ms - 12[39m
[35m[HTTP][39m [90m[39m
[35m[HTTP][39m [37m-->[39m [37mPOST[39m [37m/wd/hub/session/1c1e60e1-7002-407b-95ff-5b2fc471fccd/elements[39m
[35m[HTTP][39m [90m{"using":"-android uiautomator","value":"new UiSelector().className(\"android.widget.TextView\").text(\"Accept\")"}[39m
[35m[HTTP][39m [37m<-- POST /wd/hub/session/1c1e60e1-7002-407b-95ff-5b2fc471fccd/elements [39m[32m200[39m [90m66 ms - 12[39m
[35m[HTTP][39m [90m[39m
[35m[HTTP][39m [37m-->[39m [37mPOST[39m [37m/wd/hub/session/1c1e60e1-7002-407b-95ff-5b2fc471fccd/elements[39m
[35m[HTTP][39m [90m{"using":"-android uiautomator","value":"new UiSelector().className(\"android.widget.TextView\").text(\"Accept\")"}[39m
[35m[HTTP][39m [37m<-- POST /wd/hub/session/1c1e60e1-7002-407b-95ff-5b2fc471fccd/elements [39m[32m200[39m [90m60 ms - 12[39m
[35m[HTTP][39m [90m[39m
[35m[HTTP][39m [37m-->[39m [37mPOST[39m [37m/wd/hub/session/1c1e60e1-7002-407b-95ff-5b2fc471fccd/elements[39m
[35m[HTTP][39m [90m{"using":"-android uiautomator","value":"new UiSelector().className(\"android.widget.TextView\").text(\"Accept\")"}[39m
[35m[HTTP][39m [37m<-- POST /wd/hub/session/1c1e60e1-7002-407b-95ff-5b2fc471fccd/elements [39m[32m200[39m [90m630 ms - 12[39m
[35m[HTTP][39m [90m[39m
[35m[HTTP][39m [37m-->[39m [37mPOST[39m [37m/wd/hub/session/1c1e60e1-7002-407b-95ff-5b2fc471fccd/elements[39m
[35m[HTTP][39m [90m{"using":"-android uiautomator","value":"new UiSelector().className(\"android.widget.TextView\").text(\"Accept\")"}[39m
[35m[HTTP][39m [37m<-- POST /wd/hub/session/1c1e60e1-7002-407b-95ff-5b2fc471fccd/elements [39m[32m200[39m [90m66 ms - 12[39m
[35m[HTTP][39m [90m[39m
[35m[HTTP][39m [37m-->[39m [37mPOST[39m [37m/wd/hub/session/1c1e60e1-7002-407b-95ff-5b2fc471fccd/elements[39m
[35m[HTTP][39m [90m{"using":"-android uiautomator","value":"new UiSelector().className(\"android.widget.TextView\").text(\"Accept\")"}[39m
[35m[HTTP][39m [37m<-- POST /wd/hub/session/1c1e60e1-7002-407b-95ff-5b2fc471fccd/elements [39m[32m200[39m [90m66 ms - 12[39m
[35m[HTTP][39m [90m[39m
[35m[HTTP][39m [37m-->[39m [37mPOST[39m [37m/wd/hub/session/1c1e60e1-7002-407b-95ff-5b2fc471fccd/elements[39m
[35m[HTTP][39m [90m{"using":"-android uiautomator","value":"new UiSelector().className(\"android.widget.TextView\").text(\"Accept\")"}[39m
[35m[HTTP][39m [37m<-- POST /wd/hub/session/1c1e60e1-7002-407b-95ff-5b2fc471fccd/elements [39m[32m200[39m [90m62 ms - 12[39m
[35m[HTTP][39m [90m[39m
[35m[HTTP][39m [37m-->[39m [37mPOST[39m [37m/wd/hub/session/1c1e60e1-7002-407b-95ff-5b2fc471fccd/elements[39m
[35m[HTTP][39m [90m{"using":"-android uiautomator","value":"new UiSelector().className(\"android.widget.TextView\").text(\"Accept\")"}[39m
[35m[HTTP][39m [37m<-- POST /wd/hub/session/1c1e60e1-7002-407b-95ff-5b2fc471fccd/elements [39m[32m200[39m [90m56 ms - 12[39m
[35m[HTTP][39m [90m[39m
[35m[HTTP][39m [37m-->[39m [37mPOST[39m [37m/wd/hub/session/1c1e60e1-7002-407b-95ff-5b2fc471fccd/elements[39m
[35m[HTTP][39m [90m{"using":"-android uiautomator","value":"new UiSelector().className(\"android.widget.TextView\").text(\"Accept\")"}[39m
[35m[HTTP][39m [37m<-- POST /wd/hub/session/1c1e60e1-7002-407b-95ff-5b2fc471fccd/elements [39m[32m200[39m [90m656 ms - 12[39m
[35m[HTTP][39m [90m[39m
[35m[HTTP][39m [37m-->[39m [37mPOST[39m [37m/wd/hub/session/1c1e60e1-7002-407b-95ff-5b2fc471fccd/elements[39m
[35m[HTTP][39m [90m{"using":"-android uiautomator","value":"new UiSelector().className(\"android.widget.TextView\").text(\"Accept\")"}[39m
[35m[HTTP][39m [37m<-- POST /wd/hub/session/1c1e60e1-7002-407b-95ff-5b2fc471fccd/elements [39m[32m200[39m [90m60 ms - 12[39m
[35m[HTTP][39m [90m[39m
[35m[HTTP][39m [37m-->[39m [37mPOST[39m [37m/wd/hub/session/1c1e60e1-7002-407b-95ff-5b2fc471fccd/elements[39m
[35m[HTTP][39m [90m{"using":"-android uiautomator","value":"new UiSelector().className(\"android.widget.TextView\").text(\"Accept\")"}[39m
[35m[HTTP][39m [37m<-- POST /wd/hub/session/1c1e60e1-7002-407b-95ff-5b2fc471fccd/elements [39m[32m200[39m [90m58 ms - 12[39m
[35m[HTTP][39m [90m[39m
[35m[HTTP][39m [37m-->[39m [37mPOST[39m [37m/wd/hub/session/1c1e60e1-7002-407b-95ff-5b2fc471fccd/elements[39m
[35m[HTTP][39m [90m{"using":"-android uiautomator","value":"new UiSelector().className(\"android.widget.TextView\").text(\"Accept\")"}[39m
[35m[HTTP][39m [37m<-- POST /wd/hub/session/1c1e60e1-7002-407b-95ff-5b2fc471fccd/elements [39m[32m200[39m [90m58 ms - 12[39m
[35m[HTTP][39m [90m[39m
[35m[HTTP][39m [37m-->[39m [37mPOST[39m [37m/wd/hub/session/1c1e60e1-7002-407b-95ff-5b2fc471fccd/elements[39m
[35m[HTTP][39m [90m{"using":"-android uiautomator","value":"new UiSelector().className(\"android.widget.TextView\").text(\"Accept\")"}[39m
[35m[HTTP][39m [37m<-- POST /wd/hub/session/1c1e60e1-7002-407b-95ff-5b2fc471fccd/elements [39m[32m200[39m [90m630 ms - 12[39m
[35m[HTTP][39m [90m[39m
[35m[HTTP][39m [37m-->[39m [37mPOST[39m [37m/wd/hub/session/1c1e60e1-7002-407b-95ff-5b2fc471fccd/elements[39m
[35m[HTTP][39m [90m{"using":"-android uiautomator","value":"new UiSelector().className(\"android.widget.TextView\").text(\"Accept\")"}[39m
[35m[HTTP][39m [37m<-- POST /wd/hub/session/1c1e60e1-7002-407b-95ff-5b2fc471fccd/elements [39m[32m200[39m [90m52 ms - 12[39m
[35m[HTTP][39m [90m[39m
[35m[HTTP][39m [37m-->[39m [37mPOST[39m [37m/wd/hub/session/1c1e60e1-7002-407b-95ff-5b2fc471fccd/elements[39m
[35m[HTTP][39m [90m{"using":"-android uiautomator","value":"new UiSelector().className(\"android.widget.TextView\").text(\"Accept\")"}[39m
[35m[HTTP][39m [37m<-- POST /wd/hub/session/1c1e60e1-7002-407b-95ff-5b2fc471fccd/elements [39m[32m200[39m [90m80 ms - 12[39m
[35m[HTTP][39m [90m[39m
[35m[HTTP][39m [37m-->[39m [37mPOST[39m [37m/wd/hub/session/1c1e60e1-7002-407b-95ff-5b2fc471fccd/elements[39m
[35m[HTTP][39m [90m{"using":"-android uiautomator","value":"new UiSelector().className(\"android.widget.TextView\").text(\"Accept\")"}[39m
[35m[HTTP][39m [37m<-- POST /wd/hub/session/1c1e60e1-7002-407b-95ff-5b2fc471fccd/elements [39m[32m200[39m [90m61 ms - 12[39m
[35m[HTTP][39m [90m[39m
[35m[HTTP][39m [37m-->[39m [37mPOST[39m [37m/wd/hub/session/1c1e60e1-7002-407b-95ff-5b2fc471fccd/elements[39m
[35m[HTTP][39m [90m{"using":"-android uiautomator","value":"new UiSelector().className(\"android.widget.TextView\").text(\"Accept\")"}[39m
[35m[HTTP][39m [37m<-- POST /wd/hub/session/1c1e60e1-7002-407b-95ff-5b2fc471fccd/elements [39m[32m200[39m [90m621 ms - 12[39m
[35m[HTTP][39m [90m[39m
[35m[HTTP][39m [37m-->[39m [37mPOST[39m [37m/wd/hub/session/1c1e60e1-7002-407b-95ff-5b2fc471fccd/elements[39m
[35m[HTTP][39m [90m{"using":"-android uiautomator","value":"new UiSelector().className(\"android.widget.TextView\").text(\"Accept\")"}[39m
[35m[HTTP][39m [37m<-- POST /wd/hub/session/1c1e60e1-7002-407b-95ff-5b2fc471fccd/elements [39m[32m200[39m [90m60 ms - 12[39m
[35m[HTTP][39m [90m[39m
[35m[HTTP][39m [37m-->[39m [37mPOST[39m [37m/wd/hub/session/1c1e60e1-7002-407b-95ff-5b2fc471fccd/elements[39m
[35m[HTTP][39m [90m{"using":"-android uiautomator","value":"new UiSelector().className(\"android.widget.TextView\").text(\"Accept\")"}[39m
[35m[HTTP][39m [37m<-- POST /wd/hub/session/1c1e60e1-7002-407b-95ff-5b2fc471fccd/elements [39m[32m200[39m [90m53 ms - 12[39m
[35m[HTTP][39m [90m[39m
[35m[HTTP][39m [37m-->[39m [37mPOST[39m [37m/wd/hub/session/1c1e60e1-7002-407b-95ff-5b2fc471fccd/elements[39m
[35m[HTTP][39m [90m{"using":"-android uiautomator","value":"new UiSelector().className(\"android.widget.TextView\").text(\"Accept\")"}[39m
[35m[HTTP][39m [37m<-- POST /wd/hub/session/1c1e60e1-7002-407b-95ff-5b2fc471fccd/elements [39m[32m200[39m [90m58 ms - 12[39m
[35m[HTTP][39m [90m[39m
[35m[HTTP][39m [37m-->[39m [37mPOST[39m [37m/wd/hub/session/1c1e60e1-7002-407b-95ff-5b2fc471fccd/elements[39m
[35m[HTTP][39m [90m{"using":"-android uiautomator","value":"new UiSelector().className(\"android.widget.TextView\").text(\"Accept\")"}[39m
[35m[HTTP][39m [37m<-- POST /wd/hub/session/1c1e60e1-7002-407b-95ff-5b2fc471fccd/elements [39m[32m200[39m [90m57 ms - 12[39m
[35m[HTTP][39m [90m[39m
[35m[HTTP][39m [37m-->[39m [37mPOST[39m [37m/wd/hub/session/1c1e60e1-7002-407b-95ff-5b2fc471fccd/elements[39m
[35m[HTTP][39m [90m{"using":"-android uiautomator","value":"new UiSelector().className(\"android.widget.TextView\").text(\"Accept\")"}[39m
[35m[HTTP][39m [37m<-- POST /wd/hub/session/1c1e60e1-7002-407b-95ff-5b2fc471fccd/elements [39m[32m200[39m [90m64 ms - 12[39m
[35m[HTTP][39m [90m[39m
[35m[HTTP][39m [37m-->[39m [37mPOST[39m [37m/wd/hub/session/1c1e60e1-7002-407b-95ff-5b2fc471fccd/elements[39m
[35m[HTTP][39m [90m{"using":"-android uiautomator","value":"new UiSelector().className(\"android.widget.TextView\").text(\"Accept\")"}[39m
[35m[HTTP][39m [37m<-- POST /wd/hub/session/1c1e60e1-7002-407b-95ff-5b2fc471fccd/elements [39m[32m200[39m [90m113 ms - 12[39m
[35m[HTTP][39m [90m[39m
[35m[HTTP][39m [37m-->[39m [37mPOST[39m [37m/wd/hub/session/1c1e60e1-7002-407b-95ff-5b2fc471fccd/elements[39m
[35m[HTTP][39m [90m{"using":"-android uiautomator","value":"new UiSelector().className(\"android.widget.TextView\").text(\"Accept\")"}[39m
[35m[HTTP][39m [37m<-- POST /wd/hub/session/1c1e60e1-7002-407b-95ff-5b2fc471fccd/elements [39m[32m200[39m [90m74 ms - 12[39m
[35m[HTTP][39m [90m[39m
[35m[HTTP][39m [37m-->[39m [37mPOST[39m [37m/wd/hub/session/1c1e60e1-7002-407b-95ff-5b2fc471fccd/elements[39m
[35m[HTTP][39m [90m{"using":"-android uiautomator","value":"new UiSelector().className(\"android.widget.TextView\").text(\"Accept\")"}[39m
[35m[HTTP][39m [37m<-- POST /wd/hub/session/1c1e60e1-7002-407b-95ff-5b2fc471fccd/elements [39m[32m200[39m [90m66 ms - 12[39m
[35m[HTTP][39m [90m[39m
[35m[HTTP][39m [37m-->[39m [37mPOST[39m [37m/wd/hub/session/1c1e60e1-7002-407b-95ff-5b2fc471fccd/elements[39m
[35m[HTTP][39m [90m{"using":"-android uiautomator","value":"new UiSelector().className(\"android.widget.TextView\").text(\"Accept\")"}[39m
[35m[HTTP][39m [37m<-- POST /wd/hub/session/1c1e60e1-7002-407b-95ff-5b2fc471fccd/elements [39m[32m200[39m [90m66 ms - 12[39m
[35m[HTTP][39m [90m[39m
[35m[HTTP][39m [37m-->[39m [37mPOST[39m [37m/wd/hub/session/1c1e60e1-7002-407b-95ff-5b2fc471fccd/elements[39m
[35m[HTTP][39m [90m{"using":"-android uiautomator","value":"new UiSelector().className(\"android.widget.TextView\").text(\"Accept\")"}[39m
[35m[HTTP][39m [37m<-- POST /wd/hub/session/1c1e60e1-7002-407b-95ff-5b2fc471fccd/elements [39m[32m200[39m [90m58 ms - 12[39m
[35m[HTTP][39m [90m[39m
[35m[HTTP][39m [37m-->[39m [37mPOST[39m [37m/wd/hub/session/1c1e60e1-7002-407b-95ff-5b2fc471fccd/elements[39m
[35m[HTTP][39m [90m{"using":"-android uiautomator","value":"new UiSelector().className(\"android.widget.TextView\").text(\"Accept\")"}[39m
[35m[HTTP][39m [37m<-- POST /wd/hub/session/1c1e60e1-7002-407b-95ff-5b2fc471fccd/elements [39m[32m200[39m [90m626 ms - 12[39m
[35m[HTTP][39m [90m[39m
[35m[HTTP][39m [37m-->[39m [37mPOST[39m [37m/wd/hub/session/1c1e60e1-7002-407b-95ff-5b2fc471fccd/elements[39m
[35m[HTTP][39m [90m{"using":"-android uiautomator","value":"new UiSelector().className(\"android.widget.TextView\").text(\"Accept\")"}[39m
[35m[HTTP][39m [37m<-- POST /wd/hub/session/1c1e60e1-7002-407b-95ff-5b2fc471fccd/elements [39m[32m200[39m [90m65 ms - 12[39m
[35m[HTTP][39m [90m[39m
[35m[HTTP][39m [37m-->[39m [37mPOST[39m [37m/wd/hub/session/1c1e60e1-7002-407b-95ff-5b2fc471fccd/elements[39m
[35m[HTTP][39m [90m{"using":"-android uiautomator","value":"new UiSelector().className(\"android.widget.TextView\").text(\"Accept\")"}[39m
[35m[HTTP][39m [37m<-- POST /wd/hub/session/1c1e60e1-7002-407b-95ff-5b2fc471fccd/elements [39m[32m200[39m [90m73 ms - 12[39m
[35m[HTTP][39m [90m[39m
[35m[HTTP][39m [37m-->[39m [37mPOST[39m [37m/wd/hub/session/1c1e60e1-7002-407b-95ff-5b2fc471fccd/elements[39m
[35m[HTTP][39m [90m{"using":"-android uiautomator","value":"new UiSelector().className(\"android.widget.TextView\").text(\"Accept\")"}[39m
[35m[HTTP][39m [37m<-- POST /wd/hub/session/1c1e60e1-7002-407b-95ff-5b2fc471fccd/elements [39m[32m200[39m [90m60 ms - 12[39m
[35m[HTTP][39m [90m[39m
[35m[HTTP][39m [37m-->[39m [37mPOST[39m [37m/wd/hub/session/1c1e60e1-7002-407b-95ff-5b2fc471fccd/elements[39m
[35m[HTTP][39m [90m{"using":"-android uiautomator","value":"new UiSelector().className(\"android.widget.TextView\").text(\"Accept\")"}[39m
[35m[HTTP][39m [37m<-- POST /wd/hub/session/1c1e60e1-7002-407b-95ff-5b2fc471fccd/elements [39m[32m200[39m [90m622 ms - 12[39m
[35m[HTTP][39m [90m[39m
[35m[HTTP][39m [37m-->[39m [37mPOST[39m [37m/wd/hub/session/1c1e60e1-7002-407b-95ff-5b2fc471fccd/elements[39m
[35m[HTTP][39m [90m{"using":"-android uiautomator","value":"new UiSelector().className(\"android.widget.TextView\").text(\"Accept\")"}[39m
[35m[HTTP][39m [37m<-- POST /wd/hub/session/1c1e60e1-7002-407b-95ff-5b2fc471fccd/elements [39m[32m200[39m [90m67 ms - 12[39m
[35m[HTTP][39m [90m[39m
[35m[HTTP][39m [37m-->[39m [37mPOST[39m [37m/wd/hub/session/1c1e60e1-7002-407b-95ff-5b2fc471fccd/elements[39m
[35m[HTTP][39m [90m{"using":"-android uiautomator","value":"new UiSelector().className(\"android.widget.TextView\").text(\"Accept\")"}[39m
[35m[HTTP][39m [37m<-- POST /wd/hub/session/1c1e60e1-7002-407b-95ff-5b2fc471fccd/elements [39m[32m200[39m [90m69 ms - 12[39m
[35m[HTTP][39m [90m[39m
[35m[HTTP][39m [37m-->[39m [37mPOST[39m [37m/wd/hub/session/1c1e60e1-7002-407b-95ff-5b2fc471fccd/elements[39m
[35m[HTTP][39m [90m{"using":"-android uiautomator","value":"new UiSelector().className(\"android.widget.TextView\").text(\"Accept\")"}[39m
[35m[HTTP][39m [37m<-- POST /wd/hub/session/1c1e60e1-7002-407b-95ff-5b2fc471fccd/elements [39m[32m200[39m [90m52 ms - 12[39m
[35m[HTTP][39m [90m[39m
[35m[HTTP][39m [37m-->[39m [37mPOST[39m [37m/wd/hub/session/1c1e60e1-7002-407b-95ff-5b2fc471fccd/elements[39m
[35m[HTTP][39m [90m{"using":"-android uiautomator","value":"new UiSelector().className(\"android.widget.TextView\").text(\"Accept\")"}[39m
[35m[HTTP][39m [37m<-- POST /wd/hub/session/1c1e60e1-7002-407b-95ff-5b2fc471fccd/elements [39m[32m200[39m [90m79 ms - 12[39m
[35m[HTTP][39m [90m[39m
[35m[HTTP][39m [37m-->[39m [37mPOST[39m [37m/wd/hub/session/1c1e60e1-7002-407b-95ff-5b2fc471fccd/elements[39m
[35m[HTTP][39m [90m{"using":"-android uiautomator","value":"new UiSelector().className(\"android.widget.TextView\").text(\"Accept\")"}[39m
[35m[HTTP][39m [37m<-- POST /wd/hub/session/1c1e60e1-7002-407b-95ff-5b2fc471fccd/elements [39m[32m200[39m [90m71 ms - 12[39m
[35m[HTTP][39m [90m[39m
[35m[BaseDriver][39m Shutting down because we waited 1800 seconds for a command
[35m[Appium][39m Closing session, cause was 'New Command Timeout of 1800 seconds expired. Try customizing the timeout using the 'newCommandTimeout' desired capability'
[35m[Appium][39m Removing session 1c1e60e1-7002-407b-95ff-5b2fc471fccd from our master session list
[35m[WD Proxy][39m Got an unexpected response: {"code":"ECONNRESET"}
[35m[UiAutomator2][39m Did not get confirmation UiAutomator2 deleteSession worked; Error was: UnknownError: An unknown server-side error occurred while processing the command. Original error: Could not proxy command to remote server. Original error: Error: socket hang up
[35m[ADB][39m io.nativebase.market.geekyants.taxiappdriver was not uninstalled, because it was not present on the device
[35m[UiAutomator2][39m Restoring hidden api policy to the device default configuration
[35m[Appium][39m Received SIGTERM - shutting down
