[35m[Appium][39m Welcome to Appium v1.14.0
[35m[Appium][39m Non-default server args:
[35m[Appium][39m   port: 53653
[35m[Appium][39m   loglevel: info
[35m[Appium][39m   chromeDriverPort: 53657
[35m[Appium][39m   tmpDir: /var/folders/38/x4crs4qx0hn0r3_szny2t9sw0000gn/T//Katalon/Appium/Temp1565898780427
[35m[Appium][39m Appium REST http interface listener started on 0.0.0.0:53653
[35m[HTTP][39m [37m-->[39m [37mGET[39m [37m/wd/hub/status[39m
[35m[HTTP][39m [90m{}[39m
[35m[HTTP][39m [37m<-- GET /wd/hub/status [39m[32m200[39m [90m6 ms - 68[39m
[35m[HTTP][39m [90m[39m
[35m[HTTP][39m [37m-->[39m [37mPOST[39m [37m/wd/hub/session[39m
[35m[HTTP][39m [90m{"desiredCapabilities":{"app":"/Users/sumittulsyan/Downloads/app-release.apk","noReset":false,"deviceName":"Xiaomi Redmi Note 4 (Android 7.0)","fullReset":true,"platform":"ANDROID","newCommandTimeout":1800,"platformVersion":"7.0","automationName":"uiautomator2","autoGrantPermissions":true,"platformName":"Android","udid":"ffacc61e0004","systemPort":53652},"capabilities":{"firstMatch":[{"appium:app":"/Users/sumittulsyan/Downloads/app-release.apk","appium:autoGrantPermissions":true,"appium:automationName":"uiautomator2","appium:deviceName":"Xiaomi Redmi Note 4 (Android 7.0)","appium:fullReset":true,"appium:newCommandTimeout":1800,"appium:noReset":false,"platform":"ANDROID","platformName":"android","appium:platformVersion":"7.0","appium:systemPort":53652,"appium:udid":"ffacc61e0004"}]}}[39m
[35m[BaseDriver][39m The capabilities ["platform"] are not standard capabilities and should have an extension prefix
[35m[Appium][39m Appium v1.14.0 creating new AndroidUiautomator2Driver (v1.33.1) session
[35m[Appium][39m Capabilities:
[35m[Appium][39m   platform: ANDROID
[35m[Appium][39m   platformName: android
[35m[Appium][39m   app: /Users/sumittulsyan/Downloads/app-release.apk
[35m[Appium][39m   autoGrantPermissions: true
[35m[Appium][39m   automationName: uiautomator2
[35m[Appium][39m   deviceName: Xiaomi Redmi Note 4 (Android 7.0)
[35m[Appium][39m   fullReset: true
[35m[Appium][39m   newCommandTimeout: 1800
[35m[Appium][39m   noReset: false
[35m[Appium][39m   platformVersion: 7.0
[35m[Appium][39m   systemPort: 53652
[35m[Appium][39m   udid: ffacc61e0004
[35m[BaseDriver][39m The following capabilities were provided, but are not recognized by Appium:
[35m[BaseDriver][39m   platform
[35m[BaseDriver][39m Session created with session id: f0384354-3339-402f-b9a4-6fc33d2c9b28
[35m[BaseDriver][39m Using local app '/Users/sumittulsyan/Downloads/app-release.apk'
[35m[ADB][39m Found 1 'build-tools' folders under '/Users/sumittulsyan/.katalon/tools/android_sdk' (newest first):
[35m[ADB][39m     /Users/sumittulsyan/.katalon/tools/android_sdk/build-tools/29.0.1
[35m[ADB][39m Using 'adb' from '/Users/sumittulsyan/.katalon/tools/android_sdk/platform-tools/adb'
[35m[AndroidDriver][39m Retrieving device list
[35m[AndroidDriver][39m Using device: ffacc61e0004
[35m[ADB][39m Using 'adb' from '/Users/sumittulsyan/.katalon/tools/android_sdk/platform-tools/adb'
[35m[ADB][39m Using 'apkanalyzer' from '/Users/sumittulsyan/.katalon/tools/android_sdk/tools/bin/apkanalyzer'
[35m[ADB][39m Package name: 'io.nativebase.market.geekyants.taxiappdriver'
[35m[ADB][39m Main activity name: 'io.nativebase.market.geekyants.taxiappdriver.MainActivity'
[35m[ADB][39m Using 'aapt' from '/Users/sumittulsyan/.katalon/tools/android_sdk/build-tools/29.0.1/aapt'
[35m[ADB][39m Using 'apksigner' from '/Users/sumittulsyan/.katalon/tools/android_sdk/build-tools/29.0.1/apksigner'
[35m[UiAutomator2][39m Server packages are not going to be (re)installed
[35m[ADB][39m io.nativebase.market.geekyants.taxiappdriver was successfully uninstalled
[35m[ADB][39m The application at '/Users/sumittulsyan/Downloads/app-release.apk' is already cached to '/data/local/tmp/appium_cache/0a4c298d81fa9fed8129162356ad8641ab361e22.apk'
[35m[ADB][39m The installation of 'app-release.apk' took 17.897s
[35m[UiAutomator2][39m Starting UIAutomator2 server 3.7.0
[35m[UiAutomator2][39m Using UIAutomator2 server from '/Users/sumittulsyan/Downloads/appium-mobile-test/node_modules/appium-uiautomator2-server/apks/appium-uiautomator2-server-v3.7.0.apk' and test from '/Users/sumittulsyan/Downloads/appium-mobile-test/node_modules/appium-uiautomator2-server/apks/appium-uiautomator2-server-debug-androidTest.apk'
[35m[UiAutomator2][39m Waiting up to 30000ms for UiAutomator2 to be online...
[35m[WD Proxy][39m Got an unexpected response: {"code":"ECONNRESET"}
[35m[WD Proxy][39m Got an unexpected response: {"code":"ECONNRESET"}
[35m[AndroidDriver][39m Screen already unlocked, doing nothing
[35m[UiAutomator2][39m UiAutomator2 did not start the activity we were waiting for, 'io.nativebase.market.geekyants.taxiappdriver/io.nativebase.market.geekyants.taxiappdriver.MainActivity'. Starting it ourselves
[35m[Appium][39m New AndroidUiautomator2Driver session created successfully, session f0384354-3339-402f-b9a4-6fc33d2c9b28 added to master session list
[35m[HTTP][39m [37m<-- POST /wd/hub/session [39m[32m200[39m [90m42329 ms - 1229[39m
[35m[HTTP][39m [90m[39m
[35m[HTTP][39m [37m-->[39m [37mGET[39m [37m/wd/hub/session/f0384354-3339-402f-b9a4-6fc33d2c9b28[39m
[35m[HTTP][39m [90m{}[39m
[35m[HTTP][39m [37m<-- GET /wd/hub/session/f0384354-3339-402f-b9a4-6fc33d2c9b28 [39m[32m200[39m [90m210 ms - 1161[39m
[35m[HTTP][39m [90m[39m
[35m[HTTP][39m [37m-->[39m [37mGET[39m [37m/wd/hub/session/f0384354-3339-402f-b9a4-6fc33d2c9b28[39m
[35m[HTTP][39m [90m{}[39m
[35m[HTTP][39m [37m<-- GET /wd/hub/session/f0384354-3339-402f-b9a4-6fc33d2c9b28 [39m[32m200[39m [90m16 ms - 1161[39m
[35m[HTTP][39m [90m[39m
[35m[HTTP][39m [37m-->[39m [37mGET[39m [37m/wd/hub/status[39m
[35m[HTTP][39m [90m{}[39m
[35m[HTTP][39m [37m<-- GET /wd/hub/status [39m[32m200[39m [90m2 ms - 68[39m
[35m[HTTP][39m [90m[39m
[35m[HTTP][39m [37m-->[39m [37mPOST[39m [37m/wd/hub/session/f0384354-3339-402f-b9a4-6fc33d2c9b28/timeouts[39m
[35m[HTTP][39m [90m{"implicit":30000}[39m
[35m[HTTP][39m [37m<-- POST /wd/hub/session/f0384354-3339-402f-b9a4-6fc33d2c9b28/timeouts [39m[32m200[39m [90m5 ms - 14[39m
[35m[HTTP][39m [90m[39m
[35m[HTTP][39m [37m-->[39m [37mPOST[39m [37m/wd/hub/session/f0384354-3339-402f-b9a4-6fc33d2c9b28/timeouts[39m
[35m[HTTP][39m [90m{"implicit":50}[39m
[35m[HTTP][39m [37m<-- POST /wd/hub/session/f0384354-3339-402f-b9a4-6fc33d2c9b28/timeouts [39m[32m200[39m [90m2 ms - 14[39m
[35m[HTTP][39m [90m[39m
[35m[HTTP][39m [37m-->[39m [37mGET[39m [37m/wd/hub/session/f0384354-3339-402f-b9a4-6fc33d2c9b28/window/rect[39m
[35m[HTTP][39m [90m{}[39m
[35m[HTTP][39m [37m<-- GET /wd/hub/session/f0384354-3339-402f-b9a4-6fc33d2c9b28/window/rect [39m[32m200[39m [90m42 ms - 50[39m
[35m[HTTP][39m [90m[39m
[35m[HTTP][39m [37m-->[39m [37mPOST[39m [37m/wd/hub/session/f0384354-3339-402f-b9a4-6fc33d2c9b28/elements[39m
[35m[HTTP][39m [90m{"using":"-android uiautomator","value":"new UiSelector().className(\"android.widget.TextView\").text(\"Sign In\")"}[39m
[35m[HTTP][39m [37m<-- POST /wd/hub/session/f0384354-3339-402f-b9a4-6fc33d2c9b28/elements [39m[32m200[39m [90m357 ms - 12[39m
[35m[HTTP][39m [90m[39m
[35m[HTTP][39m [37m-->[39m [37mPOST[39m [37m/wd/hub/session/f0384354-3339-402f-b9a4-6fc33d2c9b28/elements[39m
[35m[HTTP][39m [90m{"using":"-android uiautomator","value":"new UiSelector().className(\"android.widget.TextView\").text(\"Sign In\")"}[39m
[35m[HTTP][39m [37m<-- POST /wd/hub/session/f0384354-3339-402f-b9a4-6fc33d2c9b28/elements [39m[32m200[39m [90m1616 ms - 139[39m
[35m[HTTP][39m [90m[39m
[35m[HTTP][39m [37m-->[39m [37mGET[39m [37m/wd/hub/session/f0384354-3339-402f-b9a4-6fc33d2c9b28/element/9722b344-18f8-4549-a996-8a320870acbe/location[39m
[35m[HTTP][39m [90m{}[39m
[35m[W3C (f0384354)][39m Driver proxy active, passing request on via HTTP proxy
[35m[WD Proxy][39m Replacing sessionId 57528cbc-9758-498a-a6bd-b49d5e917a15 with f0384354-3339-402f-b9a4-6fc33d2c9b28
[35m[HTTP][39m [37m<-- GET /wd/hub/session/f0384354-3339-402f-b9a4-6fc33d2c9b28/element/9722b344-18f8-4549-a996-8a320870acbe/location [39m[32m200[39m [90m87 ms - 90[39m
[35m[HTTP][39m [90m[39m
[35m[HTTP][39m [37m-->[39m [37mPOST[39m [37m/wd/hub/session/f0384354-3339-402f-b9a4-6fc33d2c9b28/timeouts[39m
[35m[HTTP][39m [90m{"implicit":30000}[39m
[35m[HTTP][39m [37m<-- POST /wd/hub/session/f0384354-3339-402f-b9a4-6fc33d2c9b28/timeouts [39m[32m200[39m [90m2 ms - 14[39m
[35m[HTTP][39m [90m[39m
[35m[HTTP][39m [37m-->[39m [37mPOST[39m [37m/wd/hub/session/f0384354-3339-402f-b9a4-6fc33d2c9b28/touch/perform[39m
[35m[HTTP][39m [90m{"actions":[{"action":"tap","options":{"x":1,"y":1,"element":"9722b344-18f8-4549-a996-8a320870acbe"}},{"action":"release","options":{}}]}[39m
[35m[UiAutomator2][39m calling get location: 9722b344-18f8-4549-a996-8a320870acbe
[35m[HTTP][39m [37m<-- POST /wd/hub/session/f0384354-3339-402f-b9a4-6fc33d2c9b28/touch/perform [39m[32m200[39m [90m1890 ms - 14[39m
[35m[HTTP][39m [90m[39m
[35m[HTTP][39m [37m-->[39m [37mPOST[39m [37m/wd/hub/session/f0384354-3339-402f-b9a4-6fc33d2c9b28/timeouts[39m
[35m[HTTP][39m [90m{"implicit":50}[39m
[35m[HTTP][39m [37m<-- POST /wd/hub/session/f0384354-3339-402f-b9a4-6fc33d2c9b28/timeouts [39m[32m200[39m [90m2 ms - 14[39m
[35m[HTTP][39m [90m[39m
[35m[HTTP][39m [37m-->[39m [37mGET[39m [37m/wd/hub/session/f0384354-3339-402f-b9a4-6fc33d2c9b28/window/rect[39m
[35m[HTTP][39m [90m{}[39m
[35m[HTTP][39m [37m<-- GET /wd/hub/session/f0384354-3339-402f-b9a4-6fc33d2c9b28/window/rect [39m[32m200[39m [90m39 ms - 50[39m
[35m[HTTP][39m [90m[39m
[35m[HTTP][39m [37m-->[39m [37mPOST[39m [37m/wd/hub/session/f0384354-3339-402f-b9a4-6fc33d2c9b28/elements[39m
[35m[HTTP][39m [90m{"using":"-android uiautomator","value":"new UiSelector().className(\"android.widget.EditText\").text(\"Email\")"}[39m
[35m[HTTP][39m [37m<-- POST /wd/hub/session/f0384354-3339-402f-b9a4-6fc33d2c9b28/elements [39m[32m200[39m [90m65 ms - 139[39m
[35m[HTTP][39m [90m[39m
[35m[HTTP][39m [37m-->[39m [37mGET[39m [37m/wd/hub/session/f0384354-3339-402f-b9a4-6fc33d2c9b28/element/5678f8c4-d1a4-4e3f-9ebd-bca582f5cc62/location[39m
[35m[HTTP][39m [90m{}[39m
[35m[W3C (f0384354)][39m Driver proxy active, passing request on via HTTP proxy
[35m[WD Proxy][39m Replacing sessionId 57528cbc-9758-498a-a6bd-b49d5e917a15 with f0384354-3339-402f-b9a4-6fc33d2c9b28
[35m[HTTP][39m [37m<-- GET /wd/hub/session/f0384354-3339-402f-b9a4-6fc33d2c9b28/element/5678f8c4-d1a4-4e3f-9ebd-bca582f5cc62/location [39m[32m200[39m [90m44 ms - 89[39m
[35m[HTTP][39m [90m[39m
[35m[HTTP][39m [37m-->[39m [37mPOST[39m [37m/wd/hub/session/f0384354-3339-402f-b9a4-6fc33d2c9b28/timeouts[39m
[35m[HTTP][39m [90m{"implicit":30000}[39m
[35m[HTTP][39m [37m<-- POST /wd/hub/session/f0384354-3339-402f-b9a4-6fc33d2c9b28/timeouts [39m[32m200[39m [90m2 ms - 14[39m
[35m[HTTP][39m [90m[39m
[35m[HTTP][39m [37m-->[39m [37mPOST[39m [37m/wd/hub/session/f0384354-3339-402f-b9a4-6fc33d2c9b28/element/5678f8c4-d1a4-4e3f-9ebd-bca582f5cc62/clear[39m
[35m[HTTP][39m [90m{"id":"5678f8c4-d1a4-4e3f-9ebd-bca582f5cc62"}[39m
[35m[HTTP][39m [37m<-- POST /wd/hub/session/f0384354-3339-402f-b9a4-6fc33d2c9b28/element/5678f8c4-d1a4-4e3f-9ebd-bca582f5cc62/clear [39m[32m200[39m [90m60 ms - 27[39m
[35m[HTTP][39m [90m[39m
[35m[HTTP][39m [37m-->[39m [37mPOST[39m [37m/wd/hub/session/f0384354-3339-402f-b9a4-6fc33d2c9b28/element/5678f8c4-d1a4-4e3f-9ebd-bca582f5cc62/value[39m
[35m[HTTP][39m [90m{"id":"5678f8c4-d1a4-4e3f-9ebd-bca582f5cc62","text":"taxidriver@gmail.com","value":["t","a","x","i","d","r","i","v","e","r","@","g","m","a","i","l",".","c","o","m"]}[39m
[35m[HTTP][39m [37m<-- POST /wd/hub/session/f0384354-3339-402f-b9a4-6fc33d2c9b28/element/5678f8c4-d1a4-4e3f-9ebd-bca582f5cc62/value [39m[32m200[39m [90m1119 ms - 12[39m
[35m[HTTP][39m [90m[39m
[35m[HTTP][39m [37m-->[39m [37mPOST[39m [37m/wd/hub/session/f0384354-3339-402f-b9a4-6fc33d2c9b28/timeouts[39m
[35m[HTTP][39m [90m{"implicit":50}[39m
[35m[HTTP][39m [37m<-- POST /wd/hub/session/f0384354-3339-402f-b9a4-6fc33d2c9b28/timeouts [39m[32m200[39m [90m2 ms - 14[39m
[35m[HTTP][39m [90m[39m
[35m[HTTP][39m [37m-->[39m [37mGET[39m [37m/wd/hub/session/f0384354-3339-402f-b9a4-6fc33d2c9b28/window/rect[39m
[35m[HTTP][39m [90m{}[39m
[35m[HTTP][39m [37m<-- GET /wd/hub/session/f0384354-3339-402f-b9a4-6fc33d2c9b28/window/rect [39m[32m200[39m [90m15 ms - 50[39m
[35m[HTTP][39m [90m[39m
[35m[HTTP][39m [37m-->[39m [37mPOST[39m [37m/wd/hub/session/f0384354-3339-402f-b9a4-6fc33d2c9b28/elements[39m
[35m[HTTP][39m [90m{"using":"-android uiautomator","value":"new UiSelector().className(\"android.widget.EditText\").text(\"Password\")"}[39m
[35m[HTTP][39m [37m<-- POST /wd/hub/session/f0384354-3339-402f-b9a4-6fc33d2c9b28/elements [39m[32m200[39m [90m529 ms - 139[39m
[35m[HTTP][39m [90m[39m
[35m[HTTP][39m [37m-->[39m [37mGET[39m [37m/wd/hub/session/f0384354-3339-402f-b9a4-6fc33d2c9b28/element/37f13a54-c2ba-4a0e-8b62-a55594fbbee7/location[39m
[35m[HTTP][39m [90m{}[39m
[35m[W3C (f0384354)][39m Driver proxy active, passing request on via HTTP proxy
[35m[WD Proxy][39m Replacing sessionId 57528cbc-9758-498a-a6bd-b49d5e917a15 with f0384354-3339-402f-b9a4-6fc33d2c9b28
[35m[HTTP][39m [37m<-- GET /wd/hub/session/f0384354-3339-402f-b9a4-6fc33d2c9b28/element/37f13a54-c2ba-4a0e-8b62-a55594fbbee7/location [39m[32m200[39m [90m788 ms - 90[39m
[35m[HTTP][39m [90m[39m
[35m[HTTP][39m [37m-->[39m [37mPOST[39m [37m/wd/hub/session/f0384354-3339-402f-b9a4-6fc33d2c9b28/timeouts[39m
[35m[HTTP][39m [90m{"implicit":30000}[39m
[35m[HTTP][39m [37m<-- POST /wd/hub/session/f0384354-3339-402f-b9a4-6fc33d2c9b28/timeouts [39m[32m200[39m [90m2 ms - 14[39m
[35m[HTTP][39m [90m[39m
[35m[HTTP][39m [37m-->[39m [37mPOST[39m [37m/wd/hub/session/f0384354-3339-402f-b9a4-6fc33d2c9b28/element/37f13a54-c2ba-4a0e-8b62-a55594fbbee7/clear[39m
[35m[HTTP][39m [90m{"id":"37f13a54-c2ba-4a0e-8b62-a55594fbbee7"}[39m
[35m[HTTP][39m [37m<-- POST /wd/hub/session/f0384354-3339-402f-b9a4-6fc33d2c9b28/element/37f13a54-c2ba-4a0e-8b62-a55594fbbee7/clear [39m[32m200[39m [90m95 ms - 27[39m
[35m[HTTP][39m [90m[39m
[35m[HTTP][39m [37m-->[39m [37mPOST[39m [37m/wd/hub/session/f0384354-3339-402f-b9a4-6fc33d2c9b28/element/37f13a54-c2ba-4a0e-8b62-a55594fbbee7/value[39m
[35m[HTTP][39m [90m{"id":"37f13a54-c2ba-4a0e-8b62-a55594fbbee7","text":"123456","value":["1","2","3","4","5","6"]}[39m
[35m[HTTP][39m [37m<-- POST /wd/hub/session/f0384354-3339-402f-b9a4-6fc33d2c9b28/element/37f13a54-c2ba-4a0e-8b62-a55594fbbee7/value [39m[32m-[39m [90m- ms - -[39m
[35m[HTTP][39m [90m[39m
