[35m[Appium][39m Welcome to Appium v1.14.0
[35m[Appium][39m Non-default server args:
[35m[Appium][39m   port: 56057
[35m[Appium][39m   loglevel: info
[35m[Appium][39m   chromeDriverPort: 56059
[35m[Appium][39m   tmpDir: /var/folders/38/x4crs4qx0hn0r3_szny2t9sw0000gn/T//Katalon/Appium/Temp1566202068253
[35m[Appium][39m Appium REST http interface listener started on 0.0.0.0:56057
[35m[HTTP][39m [37m-->[39m [37mGET[39m [37m/wd/hub/status[39m
[35m[HTTP][39m [90m{}[39m
[35m[HTTP][39m [37m<-- GET /wd/hub/status [39m[32m200[39m [90m9 ms - 68[39m
[35m[HTTP][39m [90m[39m
[35m[HTTP][39m [37m-->[39m [37mPOST[39m [37m/wd/hub/session[39m
[35m[HTTP][39m [90m{"desiredCapabilities":{"app":"/Users/sumittulsyan/Downloads/app-release.apk","noReset":false,"deviceName":"Google Pixel (Android 9)","fullReset":true,"platform":"ANDROID","newCommandTimeout":1800,"platformVersion":"9","automationName":"uiautomator2","autoGrantPermissions":true,"platformName":"Android","udid":"FA6AW0302799","systemPort":56056},"capabilities":{"firstMatch":[{"appium:app":"/Users/sumittulsyan/Downloads/app-release.apk","appium:autoGrantPermissions":true,"appium:automationName":"uiautomator2","appium:deviceName":"Google Pixel (Android 9)","appium:fullReset":true,"appium:newCommandTimeout":1800,"appium:noReset":false,"platform":"ANDROID","platformName":"android","appium:platformVersion":"9","appium:systemPort":56056,"appium:udid":"FA6AW0302799"}]}}[39m
[35m[BaseDriver][39m The capabilities ["platform"] are not standard capabilities and should have an extension prefix
[35m[Appium][39m Appium v1.14.0 creating new AndroidUiautomator2Driver (v1.33.1) session
[35m[Appium][39m Capabilities:
[35m[Appium][39m   platform: ANDROID
[35m[Appium][39m   platformName: android
[35m[Appium][39m   app: /Users/sumittulsyan/Downloads/app-release.apk
[35m[Appium][39m   autoGrantPermissions: true
[35m[Appium][39m   automationName: uiautomator2
[35m[Appium][39m   deviceName: Google Pixel (Android 9)
[35m[Appium][39m   fullReset: true
[35m[Appium][39m   newCommandTimeout: 1800
[35m[Appium][39m   noReset: false
[35m[Appium][39m   platformVersion: 9
[35m[Appium][39m   systemPort: 56056
[35m[Appium][39m   udid: FA6AW0302799
[35m[BaseDriver][39m The following capabilities were provided, but are not recognized by Appium:
[35m[BaseDriver][39m   platform
[35m[BaseDriver][39m Session created with session id: 587b2655-70a2-4b46-a2ae-36a183d7bd8f
[35m[BaseDriver][39m Using local app '/Users/sumittulsyan/Downloads/app-release.apk'
[35m[ADB][39m Found 1 'build-tools' folders under '/Users/sumittulsyan/.katalon/tools/android_sdk' (newest first):
[35m[ADB][39m     /Users/sumittulsyan/.katalon/tools/android_sdk/build-tools/29.0.1
[35m[ADB][39m Using 'adb' from '/Users/sumittulsyan/.katalon/tools/android_sdk/platform-tools/adb'
[35m[AndroidDriver][39m Retrieving device list
[35m[AndroidDriver][39m Using device: FA6AW0302799
[35m[ADB][39m Using 'adb' from '/Users/sumittulsyan/.katalon/tools/android_sdk/platform-tools/adb'
[35m[UiAutomator2][39m Relaxing hidden api policy
[35m[ADB][39m Using 'apkanalyzer' from '/Users/sumittulsyan/.katalon/tools/android_sdk/tools/bin/apkanalyzer'
[35m[ADB][39m Package name: 'io.nativebase.market.geekyants.taxiappdriver'
[35m[ADB][39m Main activity name: 'io.nativebase.market.geekyants.taxiappdriver.MainActivity'
[35m[ADB][39m Using 'aapt' from '/Users/sumittulsyan/.katalon/tools/android_sdk/build-tools/29.0.1/aapt'
[35m[ADB][39m Using 'apksigner' from '/Users/sumittulsyan/.katalon/tools/android_sdk/build-tools/29.0.1/apksigner'
[35m[UiAutomator2][39m Server packages are not going to be (re)installed
[35m[ADB][39m io.nativebase.market.geekyants.taxiappdriver was successfully uninstalled
[35m[ADB][39m The application at '/Users/sumittulsyan/Downloads/app-release.apk' is already cached to '/data/local/tmp/appium_cache/0a4c298d81fa9fed8129162356ad8641ab361e22.apk'
[35m[ADB][39m The installation of 'app-release.apk' took 5.425s
[35m[UiAutomator2][39m Starting UIAutomator2 server 3.7.0
[35m[UiAutomator2][39m Using UIAutomator2 server from '/Users/sumittulsyan/Downloads/appium-mobile-test/node_modules/appium-uiautomator2-server/apks/appium-uiautomator2-server-v3.7.0.apk' and test from '/Users/sumittulsyan/Downloads/appium-mobile-test/node_modules/appium-uiautomator2-server/apks/appium-uiautomator2-server-debug-androidTest.apk'
[35m[UiAutomator2][39m Waiting up to 30000ms for UiAutomator2 to be online...
[35m[WD Proxy][39m Got an unexpected response: {"code":"ECONNRESET"}
[35m[WD Proxy][39m Got an unexpected response: {"code":"ECONNRESET"}
[35m[WD Proxy][39m Got an unexpected response: {"code":"ECONNRESET"}
[35m[AndroidDriver][39m Screen already unlocked, doing nothing
[35m[UiAutomator2][39m UiAutomator2 did not start the activity we were waiting for, 'io.nativebase.market.geekyants.taxiappdriver/io.nativebase.market.geekyants.taxiappdriver.MainActivity'. Starting it ourselves
[35m[Appium][39m New AndroidUiautomator2Driver session created successfully, session 587b2655-70a2-4b46-a2ae-36a183d7bd8f added to master session list
[35m[HTTP][39m [37m<-- POST /wd/hub/session [39m[32m200[39m [90m20158 ms - 1213[39m
[35m[HTTP][39m [90m[39m
[35m[HTTP][39m [37m-->[39m [37mGET[39m [37m/wd/hub/session/587b2655-70a2-4b46-a2ae-36a183d7bd8f[39m
[35m[HTTP][39m [90m{}[39m
[35m[HTTP][39m [37m<-- GET /wd/hub/session/587b2655-70a2-4b46-a2ae-36a183d7bd8f [39m[32m200[39m [90m89 ms - 1145[39m
[35m[HTTP][39m [90m[39m
[35m[HTTP][39m [37m-->[39m [37mGET[39m [37m/wd/hub/session/587b2655-70a2-4b46-a2ae-36a183d7bd8f[39m
[35m[HTTP][39m [90m{}[39m
[35m[HTTP][39m [37m<-- GET /wd/hub/session/587b2655-70a2-4b46-a2ae-36a183d7bd8f [39m[32m200[39m [90m33 ms - 1145[39m
[35m[HTTP][39m [90m[39m
[35m[HTTP][39m [37m-->[39m [37mGET[39m [37m/wd/hub/status[39m
[35m[HTTP][39m [90m{}[39m
[35m[HTTP][39m [37m<-- GET /wd/hub/status [39m[32m200[39m [90m1 ms - 68[39m
[35m[HTTP][39m [90m[39m
[35m[HTTP][39m [37m-->[39m [37mPOST[39m [37m/wd/hub/session/587b2655-70a2-4b46-a2ae-36a183d7bd8f/timeouts[39m
[35m[HTTP][39m [90m{"implicit":30000}[39m
[35m[HTTP][39m [37m<-- POST /wd/hub/session/587b2655-70a2-4b46-a2ae-36a183d7bd8f/timeouts [39m[32m200[39m [90m3 ms - 14[39m
[35m[HTTP][39m [90m[39m
[35m[HTTP][39m [37m-->[39m [37mPOST[39m [37m/wd/hub/session/587b2655-70a2-4b46-a2ae-36a183d7bd8f/timeouts[39m
[35m[HTTP][39m [90m{"implicit":50}[39m
[35m[HTTP][39m [37m<-- POST /wd/hub/session/587b2655-70a2-4b46-a2ae-36a183d7bd8f/timeouts [39m[32m200[39m [90m2 ms - 14[39m
[35m[HTTP][39m [90m[39m
[35m[HTTP][39m [37m-->[39m [37mGET[39m [37m/wd/hub/session/587b2655-70a2-4b46-a2ae-36a183d7bd8f/window/rect[39m
[35m[HTTP][39m [90m{}[39m
[35m[HTTP][39m [37m<-- GET /wd/hub/session/587b2655-70a2-4b46-a2ae-36a183d7bd8f/window/rect [39m[32m200[39m [90m39 ms - 50[39m
[35m[HTTP][39m [90m[39m
[35m[HTTP][39m [37m-->[39m [37mPOST[39m [37m/wd/hub/session/587b2655-70a2-4b46-a2ae-36a183d7bd8f/elements[39m
[35m[HTTP][39m [90m{"using":"-android uiautomator","value":"new UiSelector().className(\"android.widget.TextView\").text(\"Sign In\")"}[39m
[35m[HTTP][39m [37m<-- POST /wd/hub/session/587b2655-70a2-4b46-a2ae-36a183d7bd8f/elements [39m[32m200[39m [90m84 ms - 12[39m
[35m[HTTP][39m [90m[39m
[35m[HTTP][39m [37m-->[39m [37mPOST[39m [37m/wd/hub/session/587b2655-70a2-4b46-a2ae-36a183d7bd8f/elements[39m
[35m[HTTP][39m [90m{"using":"-android uiautomator","value":"new UiSelector().className(\"android.widget.TextView\").text(\"Sign In\")"}[39m
[35m[HTTP][39m [37m<-- POST /wd/hub/session/587b2655-70a2-4b46-a2ae-36a183d7bd8f/elements [39m[32m200[39m [90m56 ms - 12[39m
[35m[HTTP][39m [90m[39m
[35m[HTTP][39m [37m-->[39m [37mPOST[39m [37m/wd/hub/session/587b2655-70a2-4b46-a2ae-36a183d7bd8f/elements[39m
[35m[HTTP][39m [90m{"using":"-android uiautomator","value":"new UiSelector().className(\"android.widget.TextView\").text(\"Sign In\")"}[39m
[35m[HTTP][39m [37m<-- POST /wd/hub/session/587b2655-70a2-4b46-a2ae-36a183d7bd8f/elements [39m[32m200[39m [90m64 ms - 12[39m
[35m[HTTP][39m [90m[39m
[35m[HTTP][39m [37m-->[39m [37mPOST[39m [37m/wd/hub/session/587b2655-70a2-4b46-a2ae-36a183d7bd8f/elements[39m
[35m[HTTP][39m [90m{"using":"-android uiautomator","value":"new UiSelector().className(\"android.widget.TextView\").text(\"Sign In\")"}[39m
[35m[HTTP][39m [37m<-- POST /wd/hub/session/587b2655-70a2-4b46-a2ae-36a183d7bd8f/elements [39m[32m200[39m [90m633 ms - 12[39m
[35m[HTTP][39m [90m[39m
[35m[HTTP][39m [37m-->[39m [37mPOST[39m [37m/wd/hub/session/587b2655-70a2-4b46-a2ae-36a183d7bd8f/elements[39m
[35m[HTTP][39m [90m{"using":"-android uiautomator","value":"new UiSelector().className(\"android.widget.TextView\").text(\"Sign In\")"}[39m
[35m[HTTP][39m [37m<-- POST /wd/hub/session/587b2655-70a2-4b46-a2ae-36a183d7bd8f/elements [39m[32m200[39m [90m52 ms - 12[39m
[35m[HTTP][39m [90m[39m
[35m[HTTP][39m [37m-->[39m [37mPOST[39m [37m/wd/hub/session/587b2655-70a2-4b46-a2ae-36a183d7bd8f/elements[39m
[35m[HTTP][39m [90m{"using":"-android uiautomator","value":"new UiSelector().className(\"android.widget.TextView\").text(\"Sign In\")"}[39m
[35m[HTTP][39m [37m<-- POST /wd/hub/session/587b2655-70a2-4b46-a2ae-36a183d7bd8f/elements [39m[32m200[39m [90m1337 ms - 139[39m
[35m[HTTP][39m [90m[39m
[35m[HTTP][39m [37m-->[39m [37mGET[39m [37m/wd/hub/session/587b2655-70a2-4b46-a2ae-36a183d7bd8f/element/2e92e2d0-4ed9-4fde-ad8a-05a35a483c9d/location[39m
[35m[HTTP][39m [90m{}[39m
[35m[W3C (587b2655)][39m Driver proxy active, passing request on via HTTP proxy
[35m[WD Proxy][39m Replacing sessionId b0c63fff-252e-4d40-b66b-c37feb85a914 with 587b2655-70a2-4b46-a2ae-36a183d7bd8f
[35m[HTTP][39m [37m<-- GET /wd/hub/session/587b2655-70a2-4b46-a2ae-36a183d7bd8f/element/2e92e2d0-4ed9-4fde-ad8a-05a35a483c9d/location [39m[32m200[39m [90m84 ms - 90[39m
[35m[HTTP][39m [90m[39m
[35m[HTTP][39m [37m-->[39m [37mPOST[39m [37m/wd/hub/session/587b2655-70a2-4b46-a2ae-36a183d7bd8f/timeouts[39m
[35m[HTTP][39m [90m{"implicit":30000}[39m
[35m[HTTP][39m [37m<-- POST /wd/hub/session/587b2655-70a2-4b46-a2ae-36a183d7bd8f/timeouts [39m[32m200[39m [90m2 ms - 14[39m
[35m[HTTP][39m [90m[39m
[35m[HTTP][39m [37m-->[39m [37mPOST[39m [37m/wd/hub/session/587b2655-70a2-4b46-a2ae-36a183d7bd8f/touch/perform[39m
[35m[HTTP][39m [90m{"actions":[{"action":"tap","options":{"x":1,"y":1,"element":"2e92e2d0-4ed9-4fde-ad8a-05a35a483c9d"}},{"action":"release","options":{}}]}[39m
[35m[UiAutomator2][39m calling get location: 2e92e2d0-4ed9-4fde-ad8a-05a35a483c9d
[35m[HTTP][39m [37m<-- POST /wd/hub/session/587b2655-70a2-4b46-a2ae-36a183d7bd8f/touch/perform [39m[32m200[39m [90m1398 ms - 14[39m
[35m[HTTP][39m [90m[39m
[35m[HTTP][39m [37m-->[39m [37mPOST[39m [37m/wd/hub/session/587b2655-70a2-4b46-a2ae-36a183d7bd8f/timeouts[39m
[35m[HTTP][39m [90m{"implicit":50}[39m
[35m[HTTP][39m [37m<-- POST /wd/hub/session/587b2655-70a2-4b46-a2ae-36a183d7bd8f/timeouts [39m[32m200[39m [90m3 ms - 14[39m
[35m[HTTP][39m [90m[39m
[35m[HTTP][39m [37m-->[39m [37mGET[39m [37m/wd/hub/session/587b2655-70a2-4b46-a2ae-36a183d7bd8f/window/rect[39m
[35m[HTTP][39m [90m{}[39m
[35m[HTTP][39m [37m<-- GET /wd/hub/session/587b2655-70a2-4b46-a2ae-36a183d7bd8f/window/rect [39m[32m200[39m [90m45 ms - 50[39m
[35m[HTTP][39m [90m[39m
[35m[HTTP][39m [37m-->[39m [37mPOST[39m [37m/wd/hub/session/587b2655-70a2-4b46-a2ae-36a183d7bd8f/elements[39m
[35m[HTTP][39m [90m{"using":"-android uiautomator","value":"new UiSelector().className(\"android.widget.EditText\").text(\"Email\")"}[39m
[35m[HTTP][39m [37m<-- POST /wd/hub/session/587b2655-70a2-4b46-a2ae-36a183d7bd8f/elements [39m[32m200[39m [90m109 ms - 139[39m
[35m[HTTP][39m [90m[39m
[35m[HTTP][39m [37m-->[39m [37mGET[39m [37m/wd/hub/session/587b2655-70a2-4b46-a2ae-36a183d7bd8f/element/b3ad9908-1cc3-4017-a22c-bd759c485ef2/location[39m
[35m[HTTP][39m [90m{}[39m
[35m[W3C (587b2655)][39m Driver proxy active, passing request on via HTTP proxy
[35m[WD Proxy][39m Replacing sessionId b0c63fff-252e-4d40-b66b-c37feb85a914 with 587b2655-70a2-4b46-a2ae-36a183d7bd8f
[35m[HTTP][39m [37m<-- GET /wd/hub/session/587b2655-70a2-4b46-a2ae-36a183d7bd8f/element/b3ad9908-1cc3-4017-a22c-bd759c485ef2/location [39m[32m200[39m [90m55 ms - 89[39m
[35m[HTTP][39m [90m[39m
[35m[HTTP][39m [37m-->[39m [37mPOST[39m [37m/wd/hub/session/587b2655-70a2-4b46-a2ae-36a183d7bd8f/timeouts[39m
[35m[HTTP][39m [90m{"implicit":30000}[39m
[35m[HTTP][39m [37m<-- POST /wd/hub/session/587b2655-70a2-4b46-a2ae-36a183d7bd8f/timeouts [39m[32m200[39m [90m2 ms - 14[39m
[35m[HTTP][39m [90m[39m
[35m[HTTP][39m [37m-->[39m [37mPOST[39m [37m/wd/hub/session/587b2655-70a2-4b46-a2ae-36a183d7bd8f/element/b3ad9908-1cc3-4017-a22c-bd759c485ef2/clear[39m
[35m[HTTP][39m [90m{"id":"b3ad9908-1cc3-4017-a22c-bd759c485ef2"}[39m
[35m[HTTP][39m [37m<-- POST /wd/hub/session/587b2655-70a2-4b46-a2ae-36a183d7bd8f/element/b3ad9908-1cc3-4017-a22c-bd759c485ef2/clear [39m[32m200[39m [90m58 ms - 27[39m
[35m[HTTP][39m [90m[39m
[35m[HTTP][39m [37m-->[39m [37mPOST[39m [37m/wd/hub/session/587b2655-70a2-4b46-a2ae-36a183d7bd8f/element/b3ad9908-1cc3-4017-a22c-bd759c485ef2/value[39m
[35m[HTTP][39m [90m{"id":"b3ad9908-1cc3-4017-a22c-bd759c485ef2","text":"taxidriver@gmail.com","value":["t","a","x","i","d","r","i","v","e","r","@","g","m","a","i","l",".","c","o","m"]}[39m
[35m[HTTP][39m [37m<-- POST /wd/hub/session/587b2655-70a2-4b46-a2ae-36a183d7bd8f/element/b3ad9908-1cc3-4017-a22c-bd759c485ef2/value [39m[32m200[39m [90m1105 ms - 12[39m
[35m[HTTP][39m [90m[39m
[35m[HTTP][39m [37m-->[39m [37mPOST[39m [37m/wd/hub/session/587b2655-70a2-4b46-a2ae-36a183d7bd8f/timeouts[39m
[35m[HTTP][39m [90m{"implicit":50}[39m
[35m[HTTP][39m [37m<-- POST /wd/hub/session/587b2655-70a2-4b46-a2ae-36a183d7bd8f/timeouts [39m[32m200[39m [90m2 ms - 14[39m
[35m[HTTP][39m [90m[39m
[35m[HTTP][39m [37m-->[39m [37mGET[39m [37m/wd/hub/session/587b2655-70a2-4b46-a2ae-36a183d7bd8f/window/rect[39m
[35m[HTTP][39m [90m{}[39m
[35m[HTTP][39m [37m<-- GET /wd/hub/session/587b2655-70a2-4b46-a2ae-36a183d7bd8f/window/rect [39m[32m200[39m [90m31 ms - 50[39m
[35m[HTTP][39m [90m[39m
[35m[HTTP][39m [37m-->[39m [37mPOST[39m [37m/wd/hub/session/587b2655-70a2-4b46-a2ae-36a183d7bd8f/elements[39m
[35m[HTTP][39m [90m{"using":"-android uiautomator","value":"new UiSelector().className(\"android.widget.EditText\").text(\"Password\")"}[39m
[35m[HTTP][39m [37m<-- POST /wd/hub/session/587b2655-70a2-4b46-a2ae-36a183d7bd8f/elements [39m[32m200[39m [90m447 ms - 139[39m
[35m[HTTP][39m [90m[39m
[35m[HTTP][39m [37m-->[39m [37mGET[39m [37m/wd/hub/session/587b2655-70a2-4b46-a2ae-36a183d7bd8f/element/37e9f91e-cab4-4d82-ab0b-e923fc74fb99/location[39m
[35m[HTTP][39m [90m{}[39m
[35m[W3C (587b2655)][39m Driver proxy active, passing request on via HTTP proxy
[35m[WD Proxy][39m Replacing sessionId b0c63fff-252e-4d40-b66b-c37feb85a914 with 587b2655-70a2-4b46-a2ae-36a183d7bd8f
[35m[HTTP][39m [37m<-- GET /wd/hub/session/587b2655-70a2-4b46-a2ae-36a183d7bd8f/element/37e9f91e-cab4-4d82-ab0b-e923fc74fb99/location [39m[32m200[39m [90m50 ms - 90[39m
[35m[HTTP][39m [90m[39m
[35m[HTTP][39m [37m-->[39m [37mPOST[39m [37m/wd/hub/session/587b2655-70a2-4b46-a2ae-36a183d7bd8f/timeouts[39m
[35m[HTTP][39m [90m{"implicit":30000}[39m
[35m[HTTP][39m [37m<-- POST /wd/hub/session/587b2655-70a2-4b46-a2ae-36a183d7bd8f/timeouts [39m[32m200[39m [90m3 ms - 14[39m
[35m[HTTP][39m [90m[39m
[35m[HTTP][39m [37m-->[39m [37mPOST[39m [37m/wd/hub/session/587b2655-70a2-4b46-a2ae-36a183d7bd8f/element/37e9f91e-cab4-4d82-ab0b-e923fc74fb99/clear[39m
[35m[HTTP][39m [90m{"id":"37e9f91e-cab4-4d82-ab0b-e923fc74fb99"}[39m
[35m[HTTP][39m [37m<-- POST /wd/hub/session/587b2655-70a2-4b46-a2ae-36a183d7bd8f/element/37e9f91e-cab4-4d82-ab0b-e923fc74fb99/clear [39m[32m200[39m [90m67 ms - 27[39m
[35m[HTTP][39m [90m[39m
[35m[HTTP][39m [37m-->[39m [37mPOST[39m [37m/wd/hub/session/587b2655-70a2-4b46-a2ae-36a183d7bd8f/element/37e9f91e-cab4-4d82-ab0b-e923fc74fb99/value[39m
[35m[HTTP][39m [90m{"id":"37e9f91e-cab4-4d82-ab0b-e923fc74fb99","text":"123456","value":["1","2","3","4","5","6"]}[39m
[35m[HTTP][39m [37m<-- POST /wd/hub/session/587b2655-70a2-4b46-a2ae-36a183d7bd8f/element/37e9f91e-cab4-4d82-ab0b-e923fc74fb99/value [39m[32m200[39m [90m1084 ms - 12[39m
[35m[HTTP][39m [90m[39m
[35m[HTTP][39m [37m-->[39m [37mPOST[39m [37m/wd/hub/session/587b2655-70a2-4b46-a2ae-36a183d7bd8f/timeouts[39m
[35m[HTTP][39m [90m{"implicit":50}[39m
[35m[HTTP][39m [37m<-- POST /wd/hub/session/587b2655-70a2-4b46-a2ae-36a183d7bd8f/timeouts [39m[32m200[39m [90m2 ms - 14[39m
[35m[HTTP][39m [90m[39m
[35m[HTTP][39m [37m-->[39m [37mGET[39m [37m/wd/hub/session/587b2655-70a2-4b46-a2ae-36a183d7bd8f/window/rect[39m
[35m[HTTP][39m [90m{}[39m
[35m[HTTP][39m [37m<-- GET /wd/hub/session/587b2655-70a2-4b46-a2ae-36a183d7bd8f/window/rect [39m[32m200[39m [90m29 ms - 50[39m
[35m[HTTP][39m [90m[39m
[35m[HTTP][39m [37m-->[39m [37mPOST[39m [37m/wd/hub/session/587b2655-70a2-4b46-a2ae-36a183d7bd8f/elements[39m
[35m[HTTP][39m [90m{"using":"xpath","value":"//hierarchy/android.widget.FrameLayout[1]/android.widget.LinearLayout[1]/android.widget.FrameLayout[1]/android.widget.LinearLayout[1]/android.widget.FrameLayout[1]/android.widget.FrameLayout[1]/android.view.ViewGroup[1]/android.view.ViewGroup[1]/android.view.ViewGroup[1]/android.view.ViewGroup[1]/android.support.v4.widget.DrawerLayout[1]/android.view.ViewGroup[1]/android.view.ViewGroup[1]/android.view.ViewGroup[1]/android.view.ViewGroup[1]/android.view.ViewGroup[1]/android.view.ViewGroup[1]/android.widget.ScrollView[1]/android.view.ViewGroup[1]/android.view.ViewGroup[7]/android.widget.TextView[1]"}[39m
[35m[HTTP][39m [37m<-- POST /wd/hub/session/587b2655-70a2-4b46-a2ae-36a183d7bd8f/elements [39m[32m200[39m [90m852 ms - 139[39m
[35m[HTTP][39m [90m[39m
[35m[HTTP][39m [37m-->[39m [37mGET[39m [37m/wd/hub/session/587b2655-70a2-4b46-a2ae-36a183d7bd8f/element/113f92cf-59a9-46cc-a40e-73270cd18df3/location[39m
[35m[HTTP][39m [90m{}[39m
[35m[W3C (587b2655)][39m Driver proxy active, passing request on via HTTP proxy
[35m[WD Proxy][39m Replacing sessionId b0c63fff-252e-4d40-b66b-c37feb85a914 with 587b2655-70a2-4b46-a2ae-36a183d7bd8f
[35m[HTTP][39m [37m<-- GET /wd/hub/session/587b2655-70a2-4b46-a2ae-36a183d7bd8f/element/113f92cf-59a9-46cc-a40e-73270cd18df3/location [39m[32m200[39m [90m39 ms - 90[39m
[35m[HTTP][39m [90m[39m
[35m[HTTP][39m [37m-->[39m [37mPOST[39m [37m/wd/hub/session/587b2655-70a2-4b46-a2ae-36a183d7bd8f/timeouts[39m
[35m[HTTP][39m [90m{"implicit":30000}[39m
[35m[HTTP][39m [37m<-- POST /wd/hub/session/587b2655-70a2-4b46-a2ae-36a183d7bd8f/timeouts [39m[32m200[39m [90m2 ms - 14[39m
[35m[HTTP][39m [90m[39m
[35m[HTTP][39m [37m-->[39m [37mPOST[39m [37m/wd/hub/session/587b2655-70a2-4b46-a2ae-36a183d7bd8f/touch/perform[39m
[35m[HTTP][39m [90m{"actions":[{"action":"tap","options":{"x":1,"y":1,"element":"113f92cf-59a9-46cc-a40e-73270cd18df3"}},{"action":"release","options":{}}]}[39m
[35m[UiAutomator2][39m calling get location: 113f92cf-59a9-46cc-a40e-73270cd18df3
[35m[HTTP][39m [37m<-- POST /wd/hub/session/587b2655-70a2-4b46-a2ae-36a183d7bd8f/touch/perform [39m[32m200[39m [90m79 ms - 14[39m
[35m[HTTP][39m [90m[39m
