[35m[Appium][39m Welcome to Appium v1.14.0
[35m[Appium][39m Non-default server args:
[35m[Appium][39m   port: 51884
[35m[Appium][39m   loglevel: info
[35m[Appium][39m   chromeDriverPort: 51886
[35m[Appium][39m   tmpDir: /var/folders/38/x4crs4qx0hn0r3_szny2t9sw0000gn/T//Katalon/Appium/Temp1569412664848
[35m[Appium][39m Appium REST http interface listener started on 0.0.0.0:51884
[35m[HTTP][39m [37m-->[39m [37mGET[39m [37m/wd/hub/status[39m
[35m[HTTP][39m [90m{}[39m
[35m[HTTP][39m [37m<-- GET /wd/hub/status [39m[32m200[39m [90m5 ms - 68[39m
[35m[HTTP][39m [90m[39m
[35m[HTTP][39m [37m-->[39m [37mPOST[39m [37m/wd/hub/session[39m
[35m[HTTP][39m [90m{"desiredCapabilities":{"app":"/Users/sumittulsyan/Downloads/app-release.apk","noReset":false,"deviceName":"emulator-5556 (Android SDK built for x86 - Android 7.0)","fullReset":true,"platform":"ANDROID","newCommandTimeout":1800,"platformVersion":"7.0","automationName":"uiautomator2","autoGrantPermissions":true,"platformName":"Android","udid":"emulator-5556","systemPort":51883},"capabilities":{"firstMatch":[{"appium:app":"/Users/sumittulsyan/Downloads/app-release.apk","appium:autoGrantPermissions":true,"appium:automationName":"uiautomator2","appium:deviceName":"emulator-5556 (Android SDK built for x86 - Android 7.0)","appium:fullReset":true,"appium:newCommandTimeout":1800,"appium:noReset":false,"platform":"ANDROID","platformName":"android","appium:platformVersion":"7.0","appium:systemPort":51883,"appium:udid":"emulator-5556"}]}}[39m
[35m[BaseDriver][39m The capabilities ["platform"] are not standard capabilities and should have an extension prefix
[35m[Appium][39m Appium v1.14.0 creating new AndroidUiautomator2Driver (v1.33.1) session
[35m[Appium][39m Capabilities:
[35m[Appium][39m   platform: ANDROID
[35m[Appium][39m   platformName: android
[35m[Appium][39m   app: /Users/sumittulsyan/Downloads/app-release.apk
[35m[Appium][39m   autoGrantPermissions: true
[35m[Appium][39m   automationName: uiautomator2
[35m[Appium][39m   deviceName: emulator-5556 (Android SDK built for x86 - Android 7.0)
[35m[Appium][39m   fullReset: true
[35m[Appium][39m   newCommandTimeout: 1800
[35m[Appium][39m   noReset: false
[35m[Appium][39m   platformVersion: 7.0
[35m[Appium][39m   systemPort: 51883
[35m[Appium][39m   udid: emulator-5556
[35m[BaseDriver][39m The following capabilities were provided, but are not recognized by Appium:
[35m[BaseDriver][39m   platform
[35m[BaseDriver][39m Session created with session id: 78f7f330-df77-4dcc-bb6c-45fcfbad74b6
[35m[BaseDriver][39m Using local app '/Users/sumittulsyan/Downloads/app-release.apk'
[35m[ADB][39m Found 1 'build-tools' folders under '/Users/sumittulsyan/.katalon/tools/android_sdk' (newest first):
[35m[ADB][39m     /Users/sumittulsyan/.katalon/tools/android_sdk/build-tools/29.0.1
[35m[ADB][39m Using 'adb' from '/Users/sumittulsyan/.katalon/tools/android_sdk/platform-tools/adb'
[35m[AndroidDriver][39m Retrieving device list
[35m[AndroidDriver][39m Using device: emulator-5556
[35m[ADB][39m Using 'adb' from '/Users/sumittulsyan/.katalon/tools/android_sdk/platform-tools/adb'
[35m[ADB][39m Using 'apkanalyzer' from '/Users/sumittulsyan/.katalon/tools/android_sdk/tools/bin/apkanalyzer'
[35m[ADB][39m Package name: 'io.nativebase.market.geekyants.taxiappdriver'
[35m[ADB][39m Main activity name: 'io.nativebase.market.geekyants.taxiappdriver.MainActivity'
[35m[ADB][39m Using 'aapt' from '/Users/sumittulsyan/.katalon/tools/android_sdk/build-tools/29.0.1/aapt'
[35m[ADB][39m Using 'apksigner' from '/Users/sumittulsyan/.katalon/tools/android_sdk/build-tools/29.0.1/apksigner'
[35m[UiAutomator2][39m Server packages are not going to be (re)installed
[35m[ADB][39m io.nativebase.market.geekyants.taxiappdriver was not uninstalled, because it was not present on the device
[35m[ADB][39m The application at '/Users/sumittulsyan/Downloads/app-release.apk' is already cached to '/data/local/tmp/appium_cache/0a4c298d81fa9fed8129162356ad8641ab361e22.apk'
[35m[ADB][39m The installation of 'app-release.apk' took 8.090s
[35m[UiAutomator2][39m Starting UIAutomator2 server 3.7.0
[35m[UiAutomator2][39m Using UIAutomator2 server from '/Users/sumittulsyan/Downloads/appium-mobile-test/node_modules/appium-uiautomator2-server/apks/appium-uiautomator2-server-v3.7.0.apk' and test from '/Users/sumittulsyan/Downloads/appium-mobile-test/node_modules/appium-uiautomator2-server/apks/appium-uiautomator2-server-debug-androidTest.apk'
[35m[UiAutomator2][39m Waiting up to 30000ms for UiAutomator2 to be online...
[35m[WD Proxy][39m Got an unexpected response: {"code":"ECONNRESET"}
[35m[AndroidDriver][39m Screen already unlocked, doing nothing
[35m[UiAutomator2][39m UiAutomator2 did not start the activity we were waiting for, 'io.nativebase.market.geekyants.taxiappdriver/io.nativebase.market.geekyants.taxiappdriver.MainActivity'. Starting it ourselves
[35m[Appium][39m New AndroidUiautomator2Driver session created successfully, session 78f7f330-df77-4dcc-bb6c-45fcfbad74b6 added to master session list
[35m[HTTP][39m [37m<-- POST /wd/hub/session [39m[32m200[39m [90m19292 ms - 1272[39m
[35m[HTTP][39m [90m[39m
[35m[HTTP][39m [37m-->[39m [37mGET[39m [37m/wd/hub/session/78f7f330-df77-4dcc-bb6c-45fcfbad74b6[39m
[35m[HTTP][39m [90m{}[39m
[35m[HTTP][39m [37m<-- GET /wd/hub/session/78f7f330-df77-4dcc-bb6c-45fcfbad74b6 [39m[32m200[39m [90m73 ms - 1204[39m
[35m[HTTP][39m [90m[39m
[35m[HTTP][39m [37m-->[39m [37mGET[39m [37m/wd/hub/session/78f7f330-df77-4dcc-bb6c-45fcfbad74b6[39m
[35m[HTTP][39m [90m{}[39m
[35m[HTTP][39m [37m<-- GET /wd/hub/session/78f7f330-df77-4dcc-bb6c-45fcfbad74b6 [39m[32m200[39m [90m17 ms - 1204[39m
[35m[HTTP][39m [90m[39m
[35m[HTTP][39m [37m-->[39m [37mGET[39m [37m/wd/hub/status[39m
[35m[HTTP][39m [90m{}[39m
[35m[HTTP][39m [37m<-- GET /wd/hub/status [39m[32m200[39m [90m2 ms - 68[39m
[35m[HTTP][39m [90m[39m
[35m[HTTP][39m [37m-->[39m [37mPOST[39m [37m/wd/hub/session/78f7f330-df77-4dcc-bb6c-45fcfbad74b6/timeouts[39m
[35m[HTTP][39m [90m{"implicit":30000}[39m
[35m[HTTP][39m [37m<-- POST /wd/hub/session/78f7f330-df77-4dcc-bb6c-45fcfbad74b6/timeouts [39m[32m200[39m [90m5 ms - 14[39m
[35m[HTTP][39m [90m[39m
[35m[HTTP][39m [37m-->[39m [37mPOST[39m [37m/wd/hub/session/78f7f330-df77-4dcc-bb6c-45fcfbad74b6/timeouts[39m
[35m[HTTP][39m [90m{"implicit":50}[39m
[35m[HTTP][39m [37m<-- POST /wd/hub/session/78f7f330-df77-4dcc-bb6c-45fcfbad74b6/timeouts [39m[32m200[39m [90m5 ms - 14[39m
[35m[HTTP][39m [90m[39m
[35m[HTTP][39m [37m-->[39m [37mGET[39m [37m/wd/hub/session/78f7f330-df77-4dcc-bb6c-45fcfbad74b6/window/rect[39m
[35m[HTTP][39m [90m{}[39m
[35m[HTTP][39m [37m<-- GET /wd/hub/session/78f7f330-df77-4dcc-bb6c-45fcfbad74b6/window/rect [39m[32m200[39m [90m40 ms - 50[39m
[35m[HTTP][39m [90m[39m
[35m[HTTP][39m [37m-->[39m [37mPOST[39m [37m/wd/hub/session/78f7f330-df77-4dcc-bb6c-45fcfbad74b6/elements[39m
[35m[HTTP][39m [90m{"using":"-android uiautomator","value":"new UiSelector().className(\"android.widget.TextView\").text(\"Sign In\")"}[39m
[35m[HTTP][39m [37m<-- POST /wd/hub/session/78f7f330-df77-4dcc-bb6c-45fcfbad74b6/elements [39m[32m200[39m [90m60 ms - 12[39m
[35m[HTTP][39m [90m[39m
[35m[HTTP][39m [37m-->[39m [37mPOST[39m [37m/wd/hub/session/78f7f330-df77-4dcc-bb6c-45fcfbad74b6/elements[39m
[35m[HTTP][39m [90m{"using":"-android uiautomator","value":"new UiSelector().className(\"android.widget.TextView\").text(\"Sign In\")"}[39m
[35m[HTTP][39m [37m<-- POST /wd/hub/session/78f7f330-df77-4dcc-bb6c-45fcfbad74b6/elements [39m[32m200[39m [90m66 ms - 12[39m
[35m[HTTP][39m [90m[39m
[35m[HTTP][39m [37m-->[39m [37mPOST[39m [37m/wd/hub/session/78f7f330-df77-4dcc-bb6c-45fcfbad74b6/elements[39m
[35m[HTTP][39m [90m{"using":"-android uiautomator","value":"new UiSelector().className(\"android.widget.TextView\").text(\"Sign In\")"}[39m
[35m[HTTP][39m [37m<-- POST /wd/hub/session/78f7f330-df77-4dcc-bb6c-45fcfbad74b6/elements [39m[32m200[39m [90m605 ms - 12[39m
[35m[HTTP][39m [90m[39m
[35m[HTTP][39m [37m-->[39m [37mPOST[39m [37m/wd/hub/session/78f7f330-df77-4dcc-bb6c-45fcfbad74b6/elements[39m
[35m[HTTP][39m [90m{"using":"-android uiautomator","value":"new UiSelector().className(\"android.widget.TextView\").text(\"Sign In\")"}[39m
[35m[HTTP][39m [37m<-- POST /wd/hub/session/78f7f330-df77-4dcc-bb6c-45fcfbad74b6/elements [39m[32m200[39m [90m56 ms - 12[39m
[35m[HTTP][39m [90m[39m
[35m[HTTP][39m [37m-->[39m [37mPOST[39m [37m/wd/hub/session/78f7f330-df77-4dcc-bb6c-45fcfbad74b6/elements[39m
[35m[HTTP][39m [90m{"using":"-android uiautomator","value":"new UiSelector().className(\"android.widget.TextView\").text(\"Sign In\")"}[39m
[35m[HTTP][39m [37m<-- POST /wd/hub/session/78f7f330-df77-4dcc-bb6c-45fcfbad74b6/elements [39m[32m200[39m [90m543 ms - 12[39m
[35m[HTTP][39m [90m[39m
[35m[HTTP][39m [37m-->[39m [37mPOST[39m [37m/wd/hub/session/78f7f330-df77-4dcc-bb6c-45fcfbad74b6/elements[39m
[35m[HTTP][39m [90m{"using":"-android uiautomator","value":"new UiSelector().className(\"android.widget.TextView\").text(\"Sign In\")"}[39m
[35m[HTTP][39m [37m<-- POST /wd/hub/session/78f7f330-df77-4dcc-bb6c-45fcfbad74b6/elements [39m[32m200[39m [90m559 ms - 12[39m
[35m[HTTP][39m [90m[39m
[35m[HTTP][39m [37m-->[39m [37mPOST[39m [37m/wd/hub/session/78f7f330-df77-4dcc-bb6c-45fcfbad74b6/elements[39m
[35m[HTTP][39m [90m{"using":"-android uiautomator","value":"new UiSelector().className(\"android.widget.TextView\").text(\"Sign In\")"}[39m
[35m[HTTP][39m [37m<-- POST /wd/hub/session/78f7f330-df77-4dcc-bb6c-45fcfbad74b6/elements [39m[32m200[39m [90m61 ms - 12[39m
[35m[HTTP][39m [90m[39m
[35m[HTTP][39m [37m-->[39m [37mPOST[39m [37m/wd/hub/session/78f7f330-df77-4dcc-bb6c-45fcfbad74b6/elements[39m
[35m[HTTP][39m [90m{"using":"-android uiautomator","value":"new UiSelector().className(\"android.widget.TextView\").text(\"Sign In\")"}[39m
[35m[HTTP][39m [37m<-- POST /wd/hub/session/78f7f330-df77-4dcc-bb6c-45fcfbad74b6/elements [39m[32m200[39m [90m542 ms - 12[39m
[35m[HTTP][39m [90m[39m
[35m[HTTP][39m [37m-->[39m [37mPOST[39m [37m/wd/hub/session/78f7f330-df77-4dcc-bb6c-45fcfbad74b6/elements[39m
[35m[HTTP][39m [90m{"using":"-android uiautomator","value":"new UiSelector().className(\"android.widget.TextView\").text(\"Sign In\")"}[39m
[35m[HTTP][39m [37m<-- POST /wd/hub/session/78f7f330-df77-4dcc-bb6c-45fcfbad74b6/elements [39m[32m200[39m [90m120 ms - 12[39m
[35m[HTTP][39m [90m[39m
[35m[HTTP][39m [37m-->[39m [37mPOST[39m [37m/wd/hub/session/78f7f330-df77-4dcc-bb6c-45fcfbad74b6/elements[39m
[35m[HTTP][39m [90m{"using":"-android uiautomator","value":"new UiSelector().className(\"android.widget.TextView\").text(\"Sign In\")"}[39m
[35m[HTTP][39m [37m<-- POST /wd/hub/session/78f7f330-df77-4dcc-bb6c-45fcfbad74b6/elements [39m[32m200[39m [90m1496 ms - 12[39m
[35m[HTTP][39m [90m[39m
[35m[HTTP][39m [37m-->[39m [37mPOST[39m [37m/wd/hub/session/78f7f330-df77-4dcc-bb6c-45fcfbad74b6/elements[39m
[35m[HTTP][39m [90m{"using":"-android uiautomator","value":"new UiSelector().className(\"android.widget.TextView\").text(\"Sign In\")"}[39m
[35m[HTTP][39m [37m<-- POST /wd/hub/session/78f7f330-df77-4dcc-bb6c-45fcfbad74b6/elements [39m[32m200[39m [90m920 ms - 139[39m
[35m[HTTP][39m [90m[39m
[35m[HTTP][39m [37m-->[39m [37mGET[39m [37m/wd/hub/session/78f7f330-df77-4dcc-bb6c-45fcfbad74b6/element/b85e211d-a77e-4f21-a538-288868d3f808/location[39m
[35m[HTTP][39m [90m{}[39m
[35m[W3C (78f7f330)][39m Driver proxy active, passing request on via HTTP proxy
[35m[WD Proxy][39m Replacing sessionId deb5e620-4944-47f7-903e-1f2c4917bf63 with 78f7f330-df77-4dcc-bb6c-45fcfbad74b6
[35m[HTTP][39m [37m<-- GET /wd/hub/session/78f7f330-df77-4dcc-bb6c-45fcfbad74b6/element/b85e211d-a77e-4f21-a538-288868d3f808/location [39m[32m200[39m [90m45 ms - 90[39m
[35m[HTTP][39m [90m[39m
[35m[HTTP][39m [37m-->[39m [37mPOST[39m [37m/wd/hub/session/78f7f330-df77-4dcc-bb6c-45fcfbad74b6/timeouts[39m
[35m[HTTP][39m [90m{"implicit":30000}[39m
[35m[HTTP][39m [37m<-- POST /wd/hub/session/78f7f330-df77-4dcc-bb6c-45fcfbad74b6/timeouts [39m[32m200[39m [90m2 ms - 14[39m
[35m[HTTP][39m [90m[39m
[35m[HTTP][39m [37m-->[39m [37mPOST[39m [37m/wd/hub/session/78f7f330-df77-4dcc-bb6c-45fcfbad74b6/touch/perform[39m
[35m[HTTP][39m [90m{"actions":[{"action":"tap","options":{"x":1,"y":1,"element":"b85e211d-a77e-4f21-a538-288868d3f808"}},{"action":"release","options":{}}]}[39m
[35m[UiAutomator2][39m calling get location: b85e211d-a77e-4f21-a538-288868d3f808
[35m[HTTP][39m [37m<-- POST /wd/hub/session/78f7f330-df77-4dcc-bb6c-45fcfbad74b6/touch/perform [39m[32m200[39m [90m1864 ms - 14[39m
[35m[HTTP][39m [90m[39m
[35m[HTTP][39m [37m-->[39m [37mPOST[39m [37m/wd/hub/session/78f7f330-df77-4dcc-bb6c-45fcfbad74b6/timeouts[39m
[35m[HTTP][39m [90m{"implicit":50}[39m
[35m[HTTP][39m [37m<-- POST /wd/hub/session/78f7f330-df77-4dcc-bb6c-45fcfbad74b6/timeouts [39m[32m200[39m [90m3 ms - 14[39m
[35m[HTTP][39m [90m[39m
[35m[HTTP][39m [37m-->[39m [37mGET[39m [37m/wd/hub/session/78f7f330-df77-4dcc-bb6c-45fcfbad74b6/window/rect[39m
[35m[HTTP][39m [90m{}[39m
[35m[HTTP][39m [37m<-- GET /wd/hub/session/78f7f330-df77-4dcc-bb6c-45fcfbad74b6/window/rect [39m[32m200[39m [90m32 ms - 50[39m
[35m[HTTP][39m [90m[39m
[35m[HTTP][39m [37m-->[39m [37mPOST[39m [37m/wd/hub/session/78f7f330-df77-4dcc-bb6c-45fcfbad74b6/elements[39m
[35m[HTTP][39m [90m{"using":"-android uiautomator","value":"new UiSelector().className(\"android.widget.EditText\").text(\"Email\")"}[39m
[35m[HTTP][39m [37m<-- POST /wd/hub/session/78f7f330-df77-4dcc-bb6c-45fcfbad74b6/elements [39m[32m200[39m [90m112 ms - 139[39m
[35m[HTTP][39m [90m[39m
[35m[HTTP][39m [37m-->[39m [37mGET[39m [37m/wd/hub/session/78f7f330-df77-4dcc-bb6c-45fcfbad74b6/element/1b2434cf-a49e-4e48-a00d-809c88d80fac/location[39m
[35m[HTTP][39m [90m{}[39m
[35m[W3C (78f7f330)][39m Driver proxy active, passing request on via HTTP proxy
[35m[WD Proxy][39m Replacing sessionId deb5e620-4944-47f7-903e-1f2c4917bf63 with 78f7f330-df77-4dcc-bb6c-45fcfbad74b6
[35m[HTTP][39m [37m<-- GET /wd/hub/session/78f7f330-df77-4dcc-bb6c-45fcfbad74b6/element/1b2434cf-a49e-4e48-a00d-809c88d80fac/location [39m[32m200[39m [90m57 ms - 89[39m
[35m[HTTP][39m [90m[39m
[35m[HTTP][39m [37m-->[39m [37mPOST[39m [37m/wd/hub/session/78f7f330-df77-4dcc-bb6c-45fcfbad74b6/timeouts[39m
[35m[HTTP][39m [90m{"implicit":30000}[39m
[35m[HTTP][39m [37m<-- POST /wd/hub/session/78f7f330-df77-4dcc-bb6c-45fcfbad74b6/timeouts [39m[32m200[39m [90m4 ms - 14[39m
[35m[HTTP][39m [90m[39m
[35m[HTTP][39m [37m-->[39m [37mPOST[39m [37m/wd/hub/session/78f7f330-df77-4dcc-bb6c-45fcfbad74b6/element/1b2434cf-a49e-4e48-a00d-809c88d80fac/clear[39m
[35m[HTTP][39m [90m{"id":"1b2434cf-a49e-4e48-a00d-809c88d80fac"}[39m
[35m[HTTP][39m [37m<-- POST /wd/hub/session/78f7f330-df77-4dcc-bb6c-45fcfbad74b6/element/1b2434cf-a49e-4e48-a00d-809c88d80fac/clear [39m[32m200[39m [90m101 ms - 27[39m
[35m[HTTP][39m [90m[39m
[35m[HTTP][39m [37m-->[39m [37mPOST[39m [37m/wd/hub/session/78f7f330-df77-4dcc-bb6c-45fcfbad74b6/element/1b2434cf-a49e-4e48-a00d-809c88d80fac/value[39m
[35m[HTTP][39m [90m{"id":"1b2434cf-a49e-4e48-a00d-809c88d80fac","text":"taxidriver@gmail.com","value":["t","a","x","i","d","r","i","v","e","r","@","g","m","a","i","l",".","c","o","m"]}[39m
[35m[HTTP][39m [37m<-- POST /wd/hub/session/78f7f330-df77-4dcc-bb6c-45fcfbad74b6/element/1b2434cf-a49e-4e48-a00d-809c88d80fac/value [39m[32m200[39m [90m1141 ms - 12[39m
[35m[HTTP][39m [90m[39m
[35m[HTTP][39m [37m-->[39m [37mPOST[39m [37m/wd/hub/session/78f7f330-df77-4dcc-bb6c-45fcfbad74b6/timeouts[39m
[35m[HTTP][39m [90m{"implicit":50}[39m
[35m[HTTP][39m [37m<-- POST /wd/hub/session/78f7f330-df77-4dcc-bb6c-45fcfbad74b6/timeouts [39m[32m200[39m [90m2 ms - 14[39m
[35m[HTTP][39m [90m[39m
[35m[HTTP][39m [37m-->[39m [37mGET[39m [37m/wd/hub/session/78f7f330-df77-4dcc-bb6c-45fcfbad74b6/window/rect[39m
[35m[HTTP][39m [90m{}[39m
[35m[HTTP][39m [37m<-- GET /wd/hub/session/78f7f330-df77-4dcc-bb6c-45fcfbad74b6/window/rect [39m[32m200[39m [90m15 ms - 50[39m
[35m[HTTP][39m [90m[39m
[35m[HTTP][39m [37m-->[39m [37mPOST[39m [37m/wd/hub/session/78f7f330-df77-4dcc-bb6c-45fcfbad74b6/elements[39m
[35m[HTTP][39m [90m{"using":"-android uiautomator","value":"new UiSelector().className(\"android.widget.EditText\").text(\"Password\")"}[39m
[35m[HTTP][39m [37m<-- POST /wd/hub/session/78f7f330-df77-4dcc-bb6c-45fcfbad74b6/elements [39m[32m200[39m [90m414 ms - 139[39m
[35m[HTTP][39m [90m[39m
[35m[HTTP][39m [37m-->[39m [37mGET[39m [37m/wd/hub/session/78f7f330-df77-4dcc-bb6c-45fcfbad74b6/element/7674faf2-cb21-4534-b8c4-f7c9947fe241/location[39m
[35m[HTTP][39m [90m{}[39m
[35m[W3C (78f7f330)][39m Driver proxy active, passing request on via HTTP proxy
[35m[WD Proxy][39m Replacing sessionId deb5e620-4944-47f7-903e-1f2c4917bf63 with 78f7f330-df77-4dcc-bb6c-45fcfbad74b6
[35m[HTTP][39m [37m<-- GET /wd/hub/session/78f7f330-df77-4dcc-bb6c-45fcfbad74b6/element/7674faf2-cb21-4534-b8c4-f7c9947fe241/location [39m[32m200[39m [90m26 ms - 90[39m
[35m[HTTP][39m [90m[39m
[35m[HTTP][39m [37m-->[39m [37mPOST[39m [37m/wd/hub/session/78f7f330-df77-4dcc-bb6c-45fcfbad74b6/timeouts[39m
[35m[HTTP][39m [90m{"implicit":30000}[39m
[35m[HTTP][39m [37m<-- POST /wd/hub/session/78f7f330-df77-4dcc-bb6c-45fcfbad74b6/timeouts [39m[32m200[39m [90m5 ms - 14[39m
[35m[HTTP][39m [90m[39m
[35m[HTTP][39m [37m-->[39m [37mPOST[39m [37m/wd/hub/session/78f7f330-df77-4dcc-bb6c-45fcfbad74b6/element/7674faf2-cb21-4534-b8c4-f7c9947fe241/clear[39m
[35m[HTTP][39m [90m{"id":"7674faf2-cb21-4534-b8c4-f7c9947fe241"}[39m
[35m[HTTP][39m [37m<-- POST /wd/hub/session/78f7f330-df77-4dcc-bb6c-45fcfbad74b6/element/7674faf2-cb21-4534-b8c4-f7c9947fe241/clear [39m[32m200[39m [90m38 ms - 27[39m
[35m[HTTP][39m [90m[39m
[35m[HTTP][39m [37m-->[39m [37mPOST[39m [37m/wd/hub/session/78f7f330-df77-4dcc-bb6c-45fcfbad74b6/element/7674faf2-cb21-4534-b8c4-f7c9947fe241/value[39m
[35m[HTTP][39m [90m{"id":"7674faf2-cb21-4534-b8c4-f7c9947fe241","text":"123456","value":["1","2","3","4","5","6"]}[39m
[35m[HTTP][39m [37m<-- POST /wd/hub/session/78f7f330-df77-4dcc-bb6c-45fcfbad74b6/element/7674faf2-cb21-4534-b8c4-f7c9947fe241/value [39m[32m200[39m [90m1051 ms - 12[39m
[35m[HTTP][39m [90m[39m
[35m[HTTP][39m [37m-->[39m [37mPOST[39m [37m/wd/hub/session/78f7f330-df77-4dcc-bb6c-45fcfbad74b6/timeouts[39m
[35m[HTTP][39m [90m{"implicit":50}[39m
[35m[HTTP][39m [37m<-- POST /wd/hub/session/78f7f330-df77-4dcc-bb6c-45fcfbad74b6/timeouts [39m[32m200[39m [90m2 ms - 14[39m
[35m[HTTP][39m [90m[39m
[35m[HTTP][39m [37m-->[39m [37mGET[39m [37m/wd/hub/session/78f7f330-df77-4dcc-bb6c-45fcfbad74b6/window/rect[39m
[35m[HTTP][39m [90m{}[39m
[35m[HTTP][39m [37m<-- GET /wd/hub/session/78f7f330-df77-4dcc-bb6c-45fcfbad74b6/window/rect [39m[32m200[39m [90m16 ms - 50[39m
[35m[HTTP][39m [90m[39m
[35m[HTTP][39m [37m-->[39m [37mPOST[39m [37m/wd/hub/session/78f7f330-df77-4dcc-bb6c-45fcfbad74b6/elements[39m
[35m[HTTP][39m [90m{"using":"xpath","value":"//hierarchy/android.widget.FrameLayout[1]/android.widget.LinearLayout[1]/android.widget.FrameLayout[1]/android.widget.LinearLayout[1]/android.widget.FrameLayout[1]/android.widget.FrameLayout[1]/android.view.ViewGroup[1]/android.view.ViewGroup[1]/android.view.ViewGroup[1]/android.view.ViewGroup[1]/android.support.v4.widget.DrawerLayout[1]/android.view.ViewGroup[1]/android.view.ViewGroup[1]/android.view.ViewGroup[1]/android.view.ViewGroup[1]/android.view.ViewGroup[1]/android.view.ViewGroup[1]/android.widget.ScrollView[1]/android.view.ViewGroup[1]/android.view.ViewGroup[7]/android.widget.TextView[1]"}[39m
[35m[HTTP][39m [37m<-- POST /wd/hub/session/78f7f330-df77-4dcc-bb6c-45fcfbad74b6/elements [39m[32m200[39m [90m584 ms - 139[39m
[35m[HTTP][39m [90m[39m
[35m[HTTP][39m [37m-->[39m [37mGET[39m [37m/wd/hub/session/78f7f330-df77-4dcc-bb6c-45fcfbad74b6/element/9b84ba49-74c5-4c14-aab9-96227487f938/location[39m
[35m[HTTP][39m [90m{}[39m
[35m[W3C (78f7f330)][39m Driver proxy active, passing request on via HTTP proxy
[35m[WD Proxy][39m Replacing sessionId deb5e620-4944-47f7-903e-1f2c4917bf63 with 78f7f330-df77-4dcc-bb6c-45fcfbad74b6
[35m[HTTP][39m [37m<-- GET /wd/hub/session/78f7f330-df77-4dcc-bb6c-45fcfbad74b6/element/9b84ba49-74c5-4c14-aab9-96227487f938/location [39m[32m200[39m [90m18 ms - 90[39m
[35m[HTTP][39m [90m[39m
[35m[HTTP][39m [37m-->[39m [37mPOST[39m [37m/wd/hub/session/78f7f330-df77-4dcc-bb6c-45fcfbad74b6/timeouts[39m
[35m[HTTP][39m [90m{"implicit":30000}[39m
[35m[HTTP][39m [37m<-- POST /wd/hub/session/78f7f330-df77-4dcc-bb6c-45fcfbad74b6/timeouts [39m[32m200[39m [90m2 ms - 14[39m
[35m[HTTP][39m [90m[39m
[35m[HTTP][39m [37m-->[39m [37mPOST[39m [37m/wd/hub/session/78f7f330-df77-4dcc-bb6c-45fcfbad74b6/touch/perform[39m
[35m[HTTP][39m [90m{"actions":[{"action":"tap","options":{"x":1,"y":1,"element":"9b84ba49-74c5-4c14-aab9-96227487f938"}},{"action":"release","options":{}}]}[39m
[35m[UiAutomator2][39m calling get location: 9b84ba49-74c5-4c14-aab9-96227487f938
[35m[HTTP][39m [37m<-- POST /wd/hub/session/78f7f330-df77-4dcc-bb6c-45fcfbad74b6/touch/perform [39m[32m200[39m [90m57 ms - 14[39m
[35m[HTTP][39m [90m[39m
[35m[HTTP][39m [37m-->[39m [37mPOST[39m [37m/wd/hub/session/78f7f330-df77-4dcc-bb6c-45fcfbad74b6/timeouts[39m
[35m[HTTP][39m [90m{"implicit":50}[39m
[35m[HTTP][39m [37m<-- POST /wd/hub/session/78f7f330-df77-4dcc-bb6c-45fcfbad74b6/timeouts [39m[32m200[39m [90m2 ms - 14[39m
[35m[HTTP][39m [90m[39m
[35m[HTTP][39m [37m-->[39m [37mGET[39m [37m/wd/hub/session/78f7f330-df77-4dcc-bb6c-45fcfbad74b6/window/rect[39m
[35m[HTTP][39m [90m{}[39m
[35m[HTTP][39m [37m<-- GET /wd/hub/session/78f7f330-df77-4dcc-bb6c-45fcfbad74b6/window/rect [39m[32m200[39m [90m17 ms - 50[39m
[35m[HTTP][39m [90m[39m
[35m[HTTP][39m [37m-->[39m [37mPOST[39m [37m/wd/hub/session/78f7f330-df77-4dcc-bb6c-45fcfbad74b6/elements[39m
[35m[HTTP][39m [90m{"using":"-android uiautomator","value":"new UiSelector().className(\"android.widget.TextView\").text(\"\")"}[39m
[35m[HTTP][39m [37m<-- POST /wd/hub/session/78f7f330-df77-4dcc-bb6c-45fcfbad74b6/elements [39m[32m200[39m [90m850 ms - 12[39m
[35m[HTTP][39m [90m[39m
[35m[HTTP][39m [37m-->[39m [37mPOST[39m [37m/wd/hub/session/78f7f330-df77-4dcc-bb6c-45fcfbad74b6/elements[39m
[35m[HTTP][39m [90m{"using":"-android uiautomator","value":"new UiSelector().className(\"android.widget.TextView\").text(\"\")"}[39m
[35m[HTTP][39m [37m<-- POST /wd/hub/session/78f7f330-df77-4dcc-bb6c-45fcfbad74b6/elements [39m[32m200[39m [90m62 ms - 12[39m
[35m[HTTP][39m [90m[39m
[35m[HTTP][39m [37m-->[39m [37mPOST[39m [37m/wd/hub/session/78f7f330-df77-4dcc-bb6c-45fcfbad74b6/elements[39m
[35m[HTTP][39m [90m{"using":"-android uiautomator","value":"new UiSelector().className(\"android.widget.TextView\").text(\"\")"}[39m
[35m[HTTP][39m [37m<-- POST /wd/hub/session/78f7f330-df77-4dcc-bb6c-45fcfbad74b6/elements [39m[32m200[39m [90m624 ms - 12[39m
[35m[HTTP][39m [90m[39m
[35m[HTTP][39m [37m-->[39m [37mPOST[39m [37m/wd/hub/session/78f7f330-df77-4dcc-bb6c-45fcfbad74b6/elements[39m
[35m[HTTP][39m [90m{"using":"-android uiautomator","value":"new UiSelector().className(\"android.widget.TextView\").text(\"\")"}[39m
[35m[HTTP][39m [37m<-- POST /wd/hub/session/78f7f330-df77-4dcc-bb6c-45fcfbad74b6/elements [39m[32m200[39m [90m89 ms - 12[39m
[35m[HTTP][39m [90m[39m
[35m[HTTP][39m [37m-->[39m [37mPOST[39m [37m/wd/hub/session/78f7f330-df77-4dcc-bb6c-45fcfbad74b6/elements[39m
[35m[HTTP][39m [90m{"using":"-android uiautomator","value":"new UiSelector().className(\"android.widget.TextView\").text(\"\")"}[39m
[35m[HTTP][39m [37m<-- POST /wd/hub/session/78f7f330-df77-4dcc-bb6c-45fcfbad74b6/elements [39m[32m200[39m [90m72 ms - 12[39m
[35m[HTTP][39m [90m[39m
[35m[HTTP][39m [37m-->[39m [37mPOST[39m [37m/wd/hub/session/78f7f330-df77-4dcc-bb6c-45fcfbad74b6/elements[39m
[35m[HTTP][39m [90m{"using":"-android uiautomator","value":"new UiSelector().className(\"android.widget.TextView\").text(\"\")"}[39m
[35m[HTTP][39m [37m<-- POST /wd/hub/session/78f7f330-df77-4dcc-bb6c-45fcfbad74b6/elements [39m[32m200[39m [90m66 ms - 12[39m
[35m[HTTP][39m [90m[39m
[35m[HTTP][39m [37m-->[39m [37mPOST[39m [37m/wd/hub/session/78f7f330-df77-4dcc-bb6c-45fcfbad74b6/elements[39m
[35m[HTTP][39m [90m{"using":"-android uiautomator","value":"new UiSelector().className(\"android.widget.TextView\").text(\"\")"}[39m
[35m[HTTP][39m [37m<-- POST /wd/hub/session/78f7f330-df77-4dcc-bb6c-45fcfbad74b6/elements [39m[32m200[39m [90m1343 ms - 139[39m
[35m[HTTP][39m [90m[39m
[35m[HTTP][39m [37m-->[39m [37mGET[39m [37m/wd/hub/session/78f7f330-df77-4dcc-bb6c-45fcfbad74b6/element/0858ec58-b703-430e-afe3-2f56ce95130f/location[39m
[35m[HTTP][39m [90m{}[39m
[35m[W3C (78f7f330)][39m Driver proxy active, passing request on via HTTP proxy
[35m[WD Proxy][39m Replacing sessionId deb5e620-4944-47f7-903e-1f2c4917bf63 with 78f7f330-df77-4dcc-bb6c-45fcfbad74b6
[35m[HTTP][39m [37m<-- GET /wd/hub/session/78f7f330-df77-4dcc-bb6c-45fcfbad74b6/element/0858ec58-b703-430e-afe3-2f56ce95130f/location [39m[32m200[39m [90m33 ms - 90[39m
[35m[HTTP][39m [90m[39m
[35m[HTTP][39m [37m-->[39m [37mPOST[39m [37m/wd/hub/session/78f7f330-df77-4dcc-bb6c-45fcfbad74b6/timeouts[39m
[35m[HTTP][39m [90m{"implicit":30000}[39m
[35m[HTTP][39m [37m<-- POST /wd/hub/session/78f7f330-df77-4dcc-bb6c-45fcfbad74b6/timeouts [39m[32m200[39m [90m2 ms - 14[39m
[35m[HTTP][39m [90m[39m
[35m[HTTP][39m [37m-->[39m [37mPOST[39m [37m/wd/hub/session/78f7f330-df77-4dcc-bb6c-45fcfbad74b6/touch/perform[39m
[35m[HTTP][39m [90m{"actions":[{"action":"tap","options":{"x":1,"y":1,"element":"0858ec58-b703-430e-afe3-2f56ce95130f"}},{"action":"release","options":{}}]}[39m
[35m[UiAutomator2][39m calling get location: 0858ec58-b703-430e-afe3-2f56ce95130f
[35m[HTTP][39m [37m<-- POST /wd/hub/session/78f7f330-df77-4dcc-bb6c-45fcfbad74b6/touch/perform [39m[32m200[39m [90m1056 ms - 14[39m
[35m[HTTP][39m [90m[39m
[35m[HTTP][39m [37m-->[39m [37mPOST[39m [37m/wd/hub/session/78f7f330-df77-4dcc-bb6c-45fcfbad74b6/timeouts[39m
[35m[HTTP][39m [90m{"implicit":50}[39m
[35m[HTTP][39m [37m<-- POST /wd/hub/session/78f7f330-df77-4dcc-bb6c-45fcfbad74b6/timeouts [39m[32m200[39m [90m2 ms - 14[39m
[35m[HTTP][39m [90m[39m
[35m[HTTP][39m [37m-->[39m [37mGET[39m [37m/wd/hub/session/78f7f330-df77-4dcc-bb6c-45fcfbad74b6/window/rect[39m
[35m[HTTP][39m [90m{}[39m
[35m[HTTP][39m [37m<-- GET /wd/hub/session/78f7f330-df77-4dcc-bb6c-45fcfbad74b6/window/rect [39m[32m200[39m [90m33 ms - 50[39m
[35m[HTTP][39m [90m[39m
[35m[HTTP][39m [37m-->[39m [37mPOST[39m [37m/wd/hub/session/78f7f330-df77-4dcc-bb6c-45fcfbad74b6/elements[39m
[35m[HTTP][39m [90m{"using":"-android uiautomator","value":"new UiSelector().className(\"android.widget.TextView\").text(\"Accept\")"}[39m
[35m[HTTP][39m [37m<-- POST /wd/hub/session/78f7f330-df77-4dcc-bb6c-45fcfbad74b6/elements [39m[32m200[39m [90m130 ms - 12[39m
[35m[HTTP][39m [90m[39m
[35m[HTTP][39m [37m-->[39m [37mPOST[39m [37m/wd/hub/session/78f7f330-df77-4dcc-bb6c-45fcfbad74b6/elements[39m
[35m[HTTP][39m [90m{"using":"-android uiautomator","value":"new UiSelector().className(\"android.widget.TextView\").text(\"Accept\")"}[39m
[35m[HTTP][39m [37m<-- POST /wd/hub/session/78f7f330-df77-4dcc-bb6c-45fcfbad74b6/elements [39m[32m200[39m [90m79 ms - 12[39m
[35m[HTTP][39m [90m[39m
[35m[HTTP][39m [37m-->[39m [37mPOST[39m [37m/wd/hub/session/78f7f330-df77-4dcc-bb6c-45fcfbad74b6/elements[39m
[35m[HTTP][39m [90m{"using":"-android uiautomator","value":"new UiSelector().className(\"android.widget.TextView\").text(\"Accept\")"}[39m
[35m[HTTP][39m [37m<-- POST /wd/hub/session/78f7f330-df77-4dcc-bb6c-45fcfbad74b6/elements [39m[32m200[39m [90m96 ms - 12[39m
[35m[HTTP][39m [90m[39m
[35m[HTTP][39m [37m-->[39m [37mPOST[39m [37m/wd/hub/session/78f7f330-df77-4dcc-bb6c-45fcfbad74b6/elements[39m
[35m[HTTP][39m [90m{"using":"-android uiautomator","value":"new UiSelector().className(\"android.widget.TextView\").text(\"Accept\")"}[39m
[35m[HTTP][39m [37m<-- POST /wd/hub/session/78f7f330-df77-4dcc-bb6c-45fcfbad74b6/elements [39m[32m200[39m [90m100 ms - 12[39m
[35m[HTTP][39m [90m[39m
[35m[HTTP][39m [37m-->[39m [37mPOST[39m [37m/wd/hub/session/78f7f330-df77-4dcc-bb6c-45fcfbad74b6/elements[39m
[35m[HTTP][39m [90m{"using":"-android uiautomator","value":"new UiSelector().className(\"android.widget.TextView\").text(\"Accept\")"}[39m
[35m[HTTP][39m [37m<-- POST /wd/hub/session/78f7f330-df77-4dcc-bb6c-45fcfbad74b6/elements [39m[32m200[39m [90m132 ms - 12[39m
[35m[HTTP][39m [90m[39m
[35m[HTTP][39m [37m-->[39m [37mPOST[39m [37m/wd/hub/session/78f7f330-df77-4dcc-bb6c-45fcfbad74b6/elements[39m
[35m[HTTP][39m [90m{"using":"-android uiautomator","value":"new UiSelector().className(\"android.widget.TextView\").text(\"Accept\")"}[39m
[35m[HTTP][39m [37m<-- POST /wd/hub/session/78f7f330-df77-4dcc-bb6c-45fcfbad74b6/elements [39m[32m200[39m [90m114 ms - 12[39m
[35m[HTTP][39m [90m[39m
[35m[HTTP][39m [37m-->[39m [37mPOST[39m [37m/wd/hub/session/78f7f330-df77-4dcc-bb6c-45fcfbad74b6/elements[39m
[35m[HTTP][39m [90m{"using":"-android uiautomator","value":"new UiSelector().className(\"android.widget.TextView\").text(\"Accept\")"}[39m
[35m[HTTP][39m [37m<-- POST /wd/hub/session/78f7f330-df77-4dcc-bb6c-45fcfbad74b6/elements [39m[32m200[39m [90m71 ms - 12[39m
[35m[HTTP][39m [90m[39m
[35m[HTTP][39m [37m-->[39m [37mPOST[39m [37m/wd/hub/session/78f7f330-df77-4dcc-bb6c-45fcfbad74b6/elements[39m
[35m[HTTP][39m [90m{"using":"-android uiautomator","value":"new UiSelector().className(\"android.widget.TextView\").text(\"Accept\")"}[39m
[35m[HTTP][39m [37m<-- POST /wd/hub/session/78f7f330-df77-4dcc-bb6c-45fcfbad74b6/elements [39m[32m200[39m [90m76 ms - 12[39m
[35m[HTTP][39m [90m[39m
[35m[HTTP][39m [37m-->[39m [37mPOST[39m [37m/wd/hub/session/78f7f330-df77-4dcc-bb6c-45fcfbad74b6/elements[39m
[35m[HTTP][39m [90m{"using":"-android uiautomator","value":"new UiSelector().className(\"android.widget.TextView\").text(\"Accept\")"}[39m
[35m[HTTP][39m [37m<-- POST /wd/hub/session/78f7f330-df77-4dcc-bb6c-45fcfbad74b6/elements [39m[32m200[39m [90m72 ms - 12[39m
[35m[HTTP][39m [90m[39m
[35m[HTTP][39m [37m-->[39m [37mPOST[39m [37m/wd/hub/session/78f7f330-df77-4dcc-bb6c-45fcfbad74b6/elements[39m
[35m[HTTP][39m [90m{"using":"-android uiautomator","value":"new UiSelector().className(\"android.widget.TextView\").text(\"Accept\")"}[39m
[35m[HTTP][39m [37m<-- POST /wd/hub/session/78f7f330-df77-4dcc-bb6c-45fcfbad74b6/elements [39m[32m200[39m [90m64 ms - 12[39m
[35m[HTTP][39m [90m[39m
[35m[HTTP][39m [37m-->[39m [37mPOST[39m [37m/wd/hub/session/78f7f330-df77-4dcc-bb6c-45fcfbad74b6/elements[39m
[35m[HTTP][39m [90m{"using":"-android uiautomator","value":"new UiSelector().className(\"android.widget.TextView\").text(\"Accept\")"}[39m
[35m[HTTP][39m [37m<-- POST /wd/hub/session/78f7f330-df77-4dcc-bb6c-45fcfbad74b6/elements [39m[32m200[39m [90m582 ms - 12[39m
[35m[HTTP][39m [90m[39m
[35m[HTTP][39m [37m-->[39m [37mPOST[39m [37m/wd/hub/session/78f7f330-df77-4dcc-bb6c-45fcfbad74b6/elements[39m
[35m[HTTP][39m [90m{"using":"-android uiautomator","value":"new UiSelector().className(\"android.widget.TextView\").text(\"Accept\")"}[39m
[35m[HTTP][39m [37m<-- POST /wd/hub/session/78f7f330-df77-4dcc-bb6c-45fcfbad74b6/elements [39m[32m200[39m [90m122 ms - 12[39m
[35m[HTTP][39m [90m[39m
[35m[HTTP][39m [37m-->[39m [37mPOST[39m [37m/wd/hub/session/78f7f330-df77-4dcc-bb6c-45fcfbad74b6/elements[39m
[35m[HTTP][39m [90m{"using":"-android uiautomator","value":"new UiSelector().className(\"android.widget.TextView\").text(\"Accept\")"}[39m
[35m[HTTP][39m [37m<-- POST /wd/hub/session/78f7f330-df77-4dcc-bb6c-45fcfbad74b6/elements [39m[32m200[39m [90m56 ms - 12[39m
[35m[HTTP][39m [90m[39m
[35m[HTTP][39m [37m-->[39m [37mPOST[39m [37m/wd/hub/session/78f7f330-df77-4dcc-bb6c-45fcfbad74b6/elements[39m
[35m[HTTP][39m [90m{"using":"-android uiautomator","value":"new UiSelector().className(\"android.widget.TextView\").text(\"Accept\")"}[39m
[35m[HTTP][39m [37m<-- POST /wd/hub/session/78f7f330-df77-4dcc-bb6c-45fcfbad74b6/elements [39m[32m200[39m [90m91 ms - 12[39m
[35m[HTTP][39m [90m[39m
[35m[HTTP][39m [37m-->[39m [37mPOST[39m [37m/wd/hub/session/78f7f330-df77-4dcc-bb6c-45fcfbad74b6/elements[39m
[35m[HTTP][39m [90m{"using":"-android uiautomator","value":"new UiSelector().className(\"android.widget.TextView\").text(\"Accept\")"}[39m
[35m[HTTP][39m [37m<-- POST /wd/hub/session/78f7f330-df77-4dcc-bb6c-45fcfbad74b6/elements [39m[32m200[39m [90m64 ms - 12[39m
[35m[HTTP][39m [90m[39m
[35m[HTTP][39m [37m-->[39m [37mPOST[39m [37m/wd/hub/session/78f7f330-df77-4dcc-bb6c-45fcfbad74b6/elements[39m
[35m[HTTP][39m [90m{"using":"-android uiautomator","value":"new UiSelector().className(\"android.widget.TextView\").text(\"Accept\")"}[39m
[35m[HTTP][39m [37m<-- POST /wd/hub/session/78f7f330-df77-4dcc-bb6c-45fcfbad74b6/elements [39m[32m200[39m [90m74 ms - 12[39m
[35m[HTTP][39m [90m[39m
[35m[HTTP][39m [37m-->[39m [37mPOST[39m [37m/wd/hub/session/78f7f330-df77-4dcc-bb6c-45fcfbad74b6/elements[39m
[35m[HTTP][39m [90m{"using":"-android uiautomator","value":"new UiSelector().className(\"android.widget.TextView\").text(\"Accept\")"}[39m
[35m[HTTP][39m [37m<-- POST /wd/hub/session/78f7f330-df77-4dcc-bb6c-45fcfbad74b6/elements [39m[32m200[39m [90m58 ms - 12[39m
[35m[HTTP][39m [90m[39m
[35m[HTTP][39m [37m-->[39m [37mPOST[39m [37m/wd/hub/session/78f7f330-df77-4dcc-bb6c-45fcfbad74b6/elements[39m
[35m[HTTP][39m [90m{"using":"-android uiautomator","value":"new UiSelector().className(\"android.widget.TextView\").text(\"Accept\")"}[39m
[35m[HTTP][39m [37m<-- POST /wd/hub/session/78f7f330-df77-4dcc-bb6c-45fcfbad74b6/elements [39m[32m200[39m [90m86 ms - 12[39m
[35m[HTTP][39m [90m[39m
[35m[HTTP][39m [37m-->[39m [37mPOST[39m [37m/wd/hub/session/78f7f330-df77-4dcc-bb6c-45fcfbad74b6/elements[39m
[35m[HTTP][39m [90m{"using":"-android uiautomator","value":"new UiSelector().className(\"android.widget.TextView\").text(\"Accept\")"}[39m
[35m[HTTP][39m [37m<-- POST /wd/hub/session/78f7f330-df77-4dcc-bb6c-45fcfbad74b6/elements [39m[32m200[39m [90m144 ms - 12[39m
[35m[HTTP][39m [90m[39m
[35m[HTTP][39m [37m-->[39m [37mPOST[39m [37m/wd/hub/session/78f7f330-df77-4dcc-bb6c-45fcfbad74b6/elements[39m
[35m[HTTP][39m [90m{"using":"-android uiautomator","value":"new UiSelector().className(\"android.widget.TextView\").text(\"Accept\")"}[39m
[35m[HTTP][39m [37m<-- POST /wd/hub/session/78f7f330-df77-4dcc-bb6c-45fcfbad74b6/elements [39m[32m200[39m [90m75 ms - 12[39m
[35m[HTTP][39m [90m[39m
[35m[HTTP][39m [37m-->[39m [37mPOST[39m [37m/wd/hub/session/78f7f330-df77-4dcc-bb6c-45fcfbad74b6/elements[39m
[35m[HTTP][39m [90m{"using":"-android uiautomator","value":"new UiSelector().className(\"android.widget.TextView\").text(\"Accept\")"}[39m
[35m[HTTP][39m [37m<-- POST /wd/hub/session/78f7f330-df77-4dcc-bb6c-45fcfbad74b6/elements [39m[32m200[39m [90m120 ms - 12[39m
[35m[HTTP][39m [90m[39m
[35m[HTTP][39m [37m-->[39m [37mPOST[39m [37m/wd/hub/session/78f7f330-df77-4dcc-bb6c-45fcfbad74b6/elements[39m
[35m[HTTP][39m [90m{"using":"-android uiautomator","value":"new UiSelector().className(\"android.widget.TextView\").text(\"Accept\")"}[39m
[35m[HTTP][39m [37m<-- POST /wd/hub/session/78f7f330-df77-4dcc-bb6c-45fcfbad74b6/elements [39m[32m200[39m [90m83 ms - 12[39m
[35m[HTTP][39m [90m[39m
[35m[HTTP][39m [37m-->[39m [37mPOST[39m [37m/wd/hub/session/78f7f330-df77-4dcc-bb6c-45fcfbad74b6/elements[39m
[35m[HTTP][39m [90m{"using":"-android uiautomator","value":"new UiSelector().className(\"android.widget.TextView\").text(\"Accept\")"}[39m
[35m[HTTP][39m [37m<-- POST /wd/hub/session/78f7f330-df77-4dcc-bb6c-45fcfbad74b6/elements [39m[32m200[39m [90m92 ms - 12[39m
[35m[HTTP][39m [90m[39m
[35m[HTTP][39m [37m-->[39m [37mPOST[39m [37m/wd/hub/session/78f7f330-df77-4dcc-bb6c-45fcfbad74b6/elements[39m
[35m[HTTP][39m [90m{"using":"-android uiautomator","value":"new UiSelector().className(\"android.widget.TextView\").text(\"Accept\")"}[39m
[35m[HTTP][39m [37m<-- POST /wd/hub/session/78f7f330-df77-4dcc-bb6c-45fcfbad74b6/elements [39m[32m200[39m [90m163 ms - 12[39m
[35m[HTTP][39m [90m[39m
[35m[HTTP][39m [37m-->[39m [37mPOST[39m [37m/wd/hub/session/78f7f330-df77-4dcc-bb6c-45fcfbad74b6/elements[39m
[35m[HTTP][39m [90m{"using":"-android uiautomator","value":"new UiSelector().className(\"android.widget.TextView\").text(\"Accept\")"}[39m
[35m[HTTP][39m [37m<-- POST /wd/hub/session/78f7f330-df77-4dcc-bb6c-45fcfbad74b6/elements [39m[32m200[39m [90m55 ms - 12[39m
[35m[HTTP][39m [90m[39m
[35m[HTTP][39m [37m-->[39m [37mPOST[39m [37m/wd/hub/session/78f7f330-df77-4dcc-bb6c-45fcfbad74b6/elements[39m
[35m[HTTP][39m [90m{"using":"-android uiautomator","value":"new UiSelector().className(\"android.widget.TextView\").text(\"Accept\")"}[39m
[35m[HTTP][39m [37m<-- POST /wd/hub/session/78f7f330-df77-4dcc-bb6c-45fcfbad74b6/elements [39m[32m200[39m [90m603 ms - 12[39m
[35m[HTTP][39m [90m[39m
[35m[HTTP][39m [37m-->[39m [37mPOST[39m [37m/wd/hub/session/78f7f330-df77-4dcc-bb6c-45fcfbad74b6/elements[39m
[35m[HTTP][39m [90m{"using":"-android uiautomator","value":"new UiSelector().className(\"android.widget.TextView\").text(\"Accept\")"}[39m
[35m[HTTP][39m [37m<-- POST /wd/hub/session/78f7f330-df77-4dcc-bb6c-45fcfbad74b6/elements [39m[32m200[39m [90m583 ms - 12[39m
[35m[HTTP][39m [90m[39m
[35m[HTTP][39m [37m-->[39m [37mPOST[39m [37m/wd/hub/session/78f7f330-df77-4dcc-bb6c-45fcfbad74b6/elements[39m
[35m[HTTP][39m [90m{"using":"-android uiautomator","value":"new UiSelector().className(\"android.widget.TextView\").text(\"Accept\")"}[39m
[35m[HTTP][39m [37m<-- POST /wd/hub/session/78f7f330-df77-4dcc-bb6c-45fcfbad74b6/elements [39m[32m200[39m [90m622 ms - 12[39m
[35m[HTTP][39m [90m[39m
[35m[HTTP][39m [37m-->[39m [37mPOST[39m [37m/wd/hub/session/78f7f330-df77-4dcc-bb6c-45fcfbad74b6/elements[39m
[35m[HTTP][39m [90m{"using":"-android uiautomator","value":"new UiSelector().className(\"android.widget.TextView\").text(\"Accept\")"}[39m
[35m[HTTP][39m [37m<-- POST /wd/hub/session/78f7f330-df77-4dcc-bb6c-45fcfbad74b6/elements [39m[32m200[39m [90m87 ms - 12[39m
[35m[HTTP][39m [90m[39m
[35m[HTTP][39m [37m-->[39m [37mPOST[39m [37m/wd/hub/session/78f7f330-df77-4dcc-bb6c-45fcfbad74b6/elements[39m
[35m[HTTP][39m [90m{"using":"-android uiautomator","value":"new UiSelector().className(\"android.widget.TextView\").text(\"Accept\")"}[39m
[35m[HTTP][39m [37m<-- POST /wd/hub/session/78f7f330-df77-4dcc-bb6c-45fcfbad74b6/elements [39m[32m200[39m [90m65 ms - 12[39m
[35m[HTTP][39m [90m[39m
[35m[HTTP][39m [37m-->[39m [37mPOST[39m [37m/wd/hub/session/78f7f330-df77-4dcc-bb6c-45fcfbad74b6/elements[39m
[35m[HTTP][39m [90m{"using":"-android uiautomator","value":"new UiSelector().className(\"android.widget.TextView\").text(\"Accept\")"}[39m
[35m[HTTP][39m [37m<-- POST /wd/hub/session/78f7f330-df77-4dcc-bb6c-45fcfbad74b6/elements [39m[32m200[39m [90m598 ms - 12[39m
[35m[HTTP][39m [90m[39m
[35m[HTTP][39m [37m-->[39m [37mPOST[39m [37m/wd/hub/session/78f7f330-df77-4dcc-bb6c-45fcfbad74b6/elements[39m
[35m[HTTP][39m [90m{"using":"-android uiautomator","value":"new UiSelector().className(\"android.widget.TextView\").text(\"Accept\")"}[39m
[35m[HTTP][39m [37m<-- POST /wd/hub/session/78f7f330-df77-4dcc-bb6c-45fcfbad74b6/elements [39m[32m200[39m [90m606 ms - 12[39m
[35m[HTTP][39m [90m[39m
[35m[HTTP][39m [37m-->[39m [37mPOST[39m [37m/wd/hub/session/78f7f330-df77-4dcc-bb6c-45fcfbad74b6/elements[39m
[35m[HTTP][39m [90m{"using":"-android uiautomator","value":"new UiSelector().className(\"android.widget.TextView\").text(\"Accept\")"}[39m
[35m[HTTP][39m [37m<-- POST /wd/hub/session/78f7f330-df77-4dcc-bb6c-45fcfbad74b6/elements [39m[32m200[39m [90m59 ms - 12[39m
[35m[HTTP][39m [90m[39m
[35m[HTTP][39m [37m-->[39m [37mPOST[39m [37m/wd/hub/session/78f7f330-df77-4dcc-bb6c-45fcfbad74b6/elements[39m
[35m[HTTP][39m [90m{"using":"-android uiautomator","value":"new UiSelector().className(\"android.widget.TextView\").text(\"Accept\")"}[39m
[35m[HTTP][39m [37m<-- POST /wd/hub/session/78f7f330-df77-4dcc-bb6c-45fcfbad74b6/elements [39m[32m200[39m [90m62 ms - 12[39m
[35m[HTTP][39m [90m[39m
[35m[HTTP][39m [37m-->[39m [37mPOST[39m [37m/wd/hub/session/78f7f330-df77-4dcc-bb6c-45fcfbad74b6/elements[39m
[35m[HTTP][39m [90m{"using":"-android uiautomator","value":"new UiSelector().className(\"android.widget.TextView\").text(\"Accept\")"}[39m
[35m[HTTP][39m [37m<-- POST /wd/hub/session/78f7f330-df77-4dcc-bb6c-45fcfbad74b6/elements [39m[32m200[39m [90m67 ms - 12[39m
[35m[HTTP][39m [90m[39m
[35m[HTTP][39m [37m-->[39m [37mPOST[39m [37m/wd/hub/session/78f7f330-df77-4dcc-bb6c-45fcfbad74b6/elements[39m
[35m[HTTP][39m [90m{"using":"-android uiautomator","value":"new UiSelector().className(\"android.widget.TextView\").text(\"Accept\")"}[39m
[35m[HTTP][39m [37m<-- POST /wd/hub/session/78f7f330-df77-4dcc-bb6c-45fcfbad74b6/elements [39m[32m200[39m [90m62 ms - 12[39m
[35m[HTTP][39m [90m[39m
[35m[HTTP][39m [37m-->[39m [37mPOST[39m [37m/wd/hub/session/78f7f330-df77-4dcc-bb6c-45fcfbad74b6/elements[39m
[35m[HTTP][39m [90m{"using":"-android uiautomator","value":"new UiSelector().className(\"android.widget.TextView\").text(\"Accept\")"}[39m
[35m[HTTP][39m [37m<-- POST /wd/hub/session/78f7f330-df77-4dcc-bb6c-45fcfbad74b6/elements [39m[32m200[39m [90m76 ms - 12[39m
[35m[HTTP][39m [90m[39m
[35m[HTTP][39m [37m-->[39m [37mPOST[39m [37m/wd/hub/session/78f7f330-df77-4dcc-bb6c-45fcfbad74b6/elements[39m
[35m[HTTP][39m [90m{"using":"-android uiautomator","value":"new UiSelector().className(\"android.widget.TextView\").text(\"Accept\")"}[39m
[35m[HTTP][39m [37m<-- POST /wd/hub/session/78f7f330-df77-4dcc-bb6c-45fcfbad74b6/elements [39m[32m200[39m [90m61 ms - 12[39m
[35m[HTTP][39m [90m[39m
[35m[HTTP][39m [37m-->[39m [37mPOST[39m [37m/wd/hub/session/78f7f330-df77-4dcc-bb6c-45fcfbad74b6/elements[39m
[35m[HTTP][39m [90m{"using":"-android uiautomator","value":"new UiSelector().className(\"android.widget.TextView\").text(\"Accept\")"}[39m
[35m[HTTP][39m [37m<-- POST /wd/hub/session/78f7f330-df77-4dcc-bb6c-45fcfbad74b6/elements [39m[32m200[39m [90m62 ms - 12[39m
[35m[HTTP][39m [90m[39m
[35m[HTTP][39m [37m-->[39m [37mPOST[39m [37m/wd/hub/session/78f7f330-df77-4dcc-bb6c-45fcfbad74b6/elements[39m
[35m[HTTP][39m [90m{"using":"-android uiautomator","value":"new UiSelector().className(\"android.widget.TextView\").text(\"Accept\")"}[39m
[35m[HTTP][39m [37m<-- POST /wd/hub/session/78f7f330-df77-4dcc-bb6c-45fcfbad74b6/elements [39m[32m200[39m [90m52 ms - 12[39m
[35m[HTTP][39m [90m[39m
[35m[HTTP][39m [37m-->[39m [37mPOST[39m [37m/wd/hub/session/78f7f330-df77-4dcc-bb6c-45fcfbad74b6/elements[39m
[35m[HTTP][39m [90m{"using":"-android uiautomator","value":"new UiSelector().className(\"android.widget.TextView\").text(\"Accept\")"}[39m
[35m[HTTP][39m [37m<-- POST /wd/hub/session/78f7f330-df77-4dcc-bb6c-45fcfbad74b6/elements [39m[32m200[39m [90m64 ms - 12[39m
[35m[HTTP][39m [90m[39m
[35m[HTTP][39m [37m-->[39m [37mPOST[39m [37m/wd/hub/session/78f7f330-df77-4dcc-bb6c-45fcfbad74b6/elements[39m
[35m[HTTP][39m [90m{"using":"-android uiautomator","value":"new UiSelector().className(\"android.widget.TextView\").text(\"Accept\")"}[39m
[35m[HTTP][39m [37m<-- POST /wd/hub/session/78f7f330-df77-4dcc-bb6c-45fcfbad74b6/elements [39m[32m200[39m [90m612 ms - 12[39m
[35m[HTTP][39m [90m[39m
[35m[HTTP][39m [37m-->[39m [37mPOST[39m [37m/wd/hub/session/78f7f330-df77-4dcc-bb6c-45fcfbad74b6/elements[39m
[35m[HTTP][39m [90m{"using":"-android uiautomator","value":"new UiSelector().className(\"android.widget.TextView\").text(\"Accept\")"}[39m
[35m[HTTP][39m [37m<-- POST /wd/hub/session/78f7f330-df77-4dcc-bb6c-45fcfbad74b6/elements [39m[32m200[39m [90m664 ms - 12[39m
[35m[HTTP][39m [90m[39m
[35m[HTTP][39m [37m-->[39m [37mPOST[39m [37m/wd/hub/session/78f7f330-df77-4dcc-bb6c-45fcfbad74b6/elements[39m
[35m[HTTP][39m [90m{"using":"-android uiautomator","value":"new UiSelector().className(\"android.widget.TextView\").text(\"Accept\")"}[39m
[35m[HTTP][39m [37m<-- POST /wd/hub/session/78f7f330-df77-4dcc-bb6c-45fcfbad74b6/elements [39m[32m200[39m [90m575 ms - 12[39m
[35m[HTTP][39m [90m[39m
[35m[HTTP][39m [37m-->[39m [37mPOST[39m [37m/wd/hub/session/78f7f330-df77-4dcc-bb6c-45fcfbad74b6/elements[39m
[35m[HTTP][39m [90m{"using":"-android uiautomator","value":"new UiSelector().className(\"android.widget.TextView\").text(\"Accept\")"}[39m
[35m[HTTP][39m [37m<-- POST /wd/hub/session/78f7f330-df77-4dcc-bb6c-45fcfbad74b6/elements [39m[32m200[39m [90m588 ms - 12[39m
[35m[HTTP][39m [90m[39m
[35m[HTTP][39m [37m-->[39m [37mPOST[39m [37m/wd/hub/session/78f7f330-df77-4dcc-bb6c-45fcfbad74b6/elements[39m
[35m[HTTP][39m [90m{"using":"-android uiautomator","value":"new UiSelector().className(\"android.widget.TextView\").text(\"Accept\")"}[39m
[35m[HTTP][39m [37m<-- POST /wd/hub/session/78f7f330-df77-4dcc-bb6c-45fcfbad74b6/elements [39m[32m200[39m [90m577 ms - 12[39m
[35m[HTTP][39m [90m[39m
[35m[HTTP][39m [37m-->[39m [37mPOST[39m [37m/wd/hub/session/78f7f330-df77-4dcc-bb6c-45fcfbad74b6/elements[39m
[35m[HTTP][39m [90m{"using":"-android uiautomator","value":"new UiSelector().className(\"android.widget.TextView\").text(\"Accept\")"}[39m
[35m[HTTP][39m [37m<-- POST /wd/hub/session/78f7f330-df77-4dcc-bb6c-45fcfbad74b6/elements [39m[32m200[39m [90m565 ms - 12[39m
[35m[HTTP][39m [90m[39m
[35m[HTTP][39m [37m-->[39m [37mPOST[39m [37m/wd/hub/session/78f7f330-df77-4dcc-bb6c-45fcfbad74b6/elements[39m
[35m[HTTP][39m [90m{"using":"-android uiautomator","value":"new UiSelector().className(\"android.widget.TextView\").text(\"Accept\")"}[39m
[35m[HTTP][39m [37m<-- POST /wd/hub/session/78f7f330-df77-4dcc-bb6c-45fcfbad74b6/elements [39m[32m200[39m [90m564 ms - 12[39m
[35m[HTTP][39m [90m[39m
[35m[HTTP][39m [37m-->[39m [37mPOST[39m [37m/wd/hub/session/78f7f330-df77-4dcc-bb6c-45fcfbad74b6/elements[39m
[35m[HTTP][39m [90m{"using":"-android uiautomator","value":"new UiSelector().className(\"android.widget.TextView\").text(\"Accept\")"}[39m
[35m[HTTP][39m [37m<-- POST /wd/hub/session/78f7f330-df77-4dcc-bb6c-45fcfbad74b6/elements [39m[32m200[39m [90m608 ms - 12[39m
[35m[HTTP][39m [90m[39m
[35m[HTTP][39m [37m-->[39m [37mPOST[39m [37m/wd/hub/session/78f7f330-df77-4dcc-bb6c-45fcfbad74b6/elements[39m
[35m[HTTP][39m [90m{"using":"-android uiautomator","value":"new UiSelector().className(\"android.widget.TextView\").text(\"Accept\")"}[39m
[35m[HTTP][39m [37m<-- POST /wd/hub/session/78f7f330-df77-4dcc-bb6c-45fcfbad74b6/elements [39m[32m200[39m [90m85 ms - 12[39m
[35m[HTTP][39m [90m[39m
[35m[HTTP][39m [37m-->[39m [37mPOST[39m [37m/wd/hub/session/78f7f330-df77-4dcc-bb6c-45fcfbad74b6/elements[39m
[35m[HTTP][39m [90m{"using":"-android uiautomator","value":"new UiSelector().className(\"android.widget.TextView\").text(\"Accept\")"}[39m
[35m[HTTP][39m [37m<-- POST /wd/hub/session/78f7f330-df77-4dcc-bb6c-45fcfbad74b6/elements [39m[32m200[39m [90m580 ms - 12[39m
[35m[HTTP][39m [90m[39m
[35m[HTTP][39m [37m-->[39m [37mPOST[39m [37m/wd/hub/session/78f7f330-df77-4dcc-bb6c-45fcfbad74b6/elements[39m
[35m[HTTP][39m [90m{"using":"-android uiautomator","value":"new UiSelector().className(\"android.widget.TextView\").text(\"Accept\")"}[39m
[35m[HTTP][39m [37m<-- POST /wd/hub/session/78f7f330-df77-4dcc-bb6c-45fcfbad74b6/elements [39m[32m200[39m [90m594 ms - 12[39m
[35m[HTTP][39m [90m[39m
[35m[HTTP][39m [37m-->[39m [37mPOST[39m [37m/wd/hub/session/78f7f330-df77-4dcc-bb6c-45fcfbad74b6/elements[39m
[35m[HTTP][39m [90m{"using":"-android uiautomator","value":"new UiSelector().className(\"android.widget.TextView\").text(\"Accept\")"}[39m
[35m[HTTP][39m [37m<-- POST /wd/hub/session/78f7f330-df77-4dcc-bb6c-45fcfbad74b6/elements [39m[32m200[39m [90m53 ms - 12[39m
[35m[HTTP][39m [90m[39m
[35m[HTTP][39m [37m-->[39m [37mPOST[39m [37m/wd/hub/session/78f7f330-df77-4dcc-bb6c-45fcfbad74b6/elements[39m
[35m[HTTP][39m [90m{"using":"-android uiautomator","value":"new UiSelector().className(\"android.widget.TextView\").text(\"Accept\")"}[39m
[35m[HTTP][39m [37m<-- POST /wd/hub/session/78f7f330-df77-4dcc-bb6c-45fcfbad74b6/elements [39m[32m200[39m [90m592 ms - 12[39m
[35m[HTTP][39m [90m[39m
[35m[HTTP][39m [37m-->[39m [37mPOST[39m [37m/wd/hub/session/78f7f330-df77-4dcc-bb6c-45fcfbad74b6/elements[39m
[35m[HTTP][39m [90m{"using":"-android uiautomator","value":"new UiSelector().className(\"android.widget.TextView\").text(\"Accept\")"}[39m
[35m[HTTP][39m [37m<-- POST /wd/hub/session/78f7f330-df77-4dcc-bb6c-45fcfbad74b6/elements [39m[32m200[39m [90m53 ms - 12[39m
[35m[HTTP][39m [90m[39m
[35m[HTTP][39m [37m-->[39m [37mPOST[39m [37m/wd/hub/session/78f7f330-df77-4dcc-bb6c-45fcfbad74b6/elements[39m
[35m[HTTP][39m [90m{"using":"-android uiautomator","value":"new UiSelector().className(\"android.widget.TextView\").text(\"Accept\")"}[39m
[35m[HTTP][39m [37m<-- POST /wd/hub/session/78f7f330-df77-4dcc-bb6c-45fcfbad74b6/elements [39m[32m200[39m [90m598 ms - 12[39m
[35m[HTTP][39m [90m[39m
[35m[HTTP][39m [37m-->[39m [37mPOST[39m [37m/wd/hub/session/78f7f330-df77-4dcc-bb6c-45fcfbad74b6/elements[39m
[35m[HTTP][39m [90m{"using":"-android uiautomator","value":"new UiSelector().className(\"android.widget.TextView\").text(\"Accept\")"}[39m
[35m[HTTP][39m [37m<-- POST /wd/hub/session/78f7f330-df77-4dcc-bb6c-45fcfbad74b6/elements [39m[32m200[39m [90m569 ms - 12[39m
[35m[HTTP][39m [90m[39m
[35m[HTTP][39m [37m-->[39m [37mPOST[39m [37m/wd/hub/session/78f7f330-df77-4dcc-bb6c-45fcfbad74b6/elements[39m
[35m[HTTP][39m [90m{"using":"-android uiautomator","value":"new UiSelector().className(\"android.widget.TextView\").text(\"Accept\")"}[39m
[35m[HTTP][39m [37m<-- POST /wd/hub/session/78f7f330-df77-4dcc-bb6c-45fcfbad74b6/elements [39m[32m200[39m [90m612 ms - 12[39m
[35m[HTTP][39m [90m[39m
[35m[HTTP][39m [37m-->[39m [37mPOST[39m [37m/wd/hub/session/78f7f330-df77-4dcc-bb6c-45fcfbad74b6/elements[39m
[35m[HTTP][39m [90m{"using":"-android uiautomator","value":"new UiSelector().className(\"android.widget.TextView\").text(\"Accept\")"}[39m
[35m[HTTP][39m [37m<-- POST /wd/hub/session/78f7f330-df77-4dcc-bb6c-45fcfbad74b6/elements [39m[32m200[39m [90m56 ms - 12[39m
[35m[HTTP][39m [90m[39m
[35m[HTTP][39m [37m-->[39m [37mPOST[39m [37m/wd/hub/session/78f7f330-df77-4dcc-bb6c-45fcfbad74b6/elements[39m
[35m[HTTP][39m [90m{"using":"-android uiautomator","value":"new UiSelector().className(\"android.widget.TextView\").text(\"Accept\")"}[39m
[35m[HTTP][39m [37m<-- POST /wd/hub/session/78f7f330-df77-4dcc-bb6c-45fcfbad74b6/elements [39m[32m200[39m [90m590 ms - 12[39m
[35m[HTTP][39m [90m[39m
[35m[HTTP][39m [37m-->[39m [37mPOST[39m [37m/wd/hub/session/78f7f330-df77-4dcc-bb6c-45fcfbad74b6/elements[39m
[35m[HTTP][39m [90m{"using":"-android uiautomator","value":"new UiSelector().className(\"android.widget.TextView\").text(\"Accept\")"}[39m
[35m[HTTP][39m [37m<-- POST /wd/hub/session/78f7f330-df77-4dcc-bb6c-45fcfbad74b6/elements [39m[32m200[39m [90m593 ms - 12[39m
[35m[HTTP][39m [90m[39m
[35m[HTTP][39m [37m-->[39m [37mPOST[39m [37m/wd/hub/session/78f7f330-df77-4dcc-bb6c-45fcfbad74b6/elements[39m
[35m[HTTP][39m [90m{"using":"-android uiautomator","value":"new UiSelector().className(\"android.widget.TextView\").text(\"Accept\")"}[39m
[35m[HTTP][39m [37m<-- POST /wd/hub/session/78f7f330-df77-4dcc-bb6c-45fcfbad74b6/elements [39m[32m200[39m [90m64 ms - 12[39m
[35m[HTTP][39m [90m[39m
[35m[HTTP][39m [37m-->[39m [37mPOST[39m [37m/wd/hub/session/78f7f330-df77-4dcc-bb6c-45fcfbad74b6/elements[39m
[35m[HTTP][39m [90m{"using":"-android uiautomator","value":"new UiSelector().className(\"android.widget.TextView\").text(\"Accept\")"}[39m
[35m[HTTP][39m [37m<-- POST /wd/hub/session/78f7f330-df77-4dcc-bb6c-45fcfbad74b6/elements [39m[32m200[39m [90m572 ms - 12[39m
[35m[HTTP][39m [90m[39m
[35m[HTTP][39m [37m-->[39m [37mPOST[39m [37m/wd/hub/session/78f7f330-df77-4dcc-bb6c-45fcfbad74b6/elements[39m
[35m[HTTP][39m [90m{"using":"-android uiautomator","value":"new UiSelector().className(\"android.widget.TextView\").text(\"Accept\")"}[39m
[35m[HTTP][39m [37m<-- POST /wd/hub/session/78f7f330-df77-4dcc-bb6c-45fcfbad74b6/elements [39m[32m200[39m [90m693 ms - 12[39m
[35m[HTTP][39m [90m[39m
[35m[HTTP][39m [37m-->[39m [37mPOST[39m [37m/wd/hub/session/78f7f330-df77-4dcc-bb6c-45fcfbad74b6/elements[39m
[35m[HTTP][39m [90m{"using":"-android uiautomator","value":"new UiSelector().className(\"android.widget.TextView\").text(\"Accept\")"}[39m
[35m[HTTP][39m [37m<-- POST /wd/hub/session/78f7f330-df77-4dcc-bb6c-45fcfbad74b6/elements [39m[32m200[39m [90m150 ms - 12[39m
[35m[HTTP][39m [90m[39m
[35m[HTTP][39m [37m-->[39m [37mPOST[39m [37m/wd/hub/session/78f7f330-df77-4dcc-bb6c-45fcfbad74b6/elements[39m
[35m[HTTP][39m [90m{"using":"-android uiautomator","value":"new UiSelector().className(\"android.widget.TextView\").text(\"Accept\")"}[39m
[35m[HTTP][39m [37m<-- POST /wd/hub/session/78f7f330-df77-4dcc-bb6c-45fcfbad74b6/elements [39m[32m200[39m [90m168 ms - 12[39m
[35m[HTTP][39m [90m[39m
[35m[HTTP][39m [37m-->[39m [37mPOST[39m [37m/wd/hub/session/78f7f330-df77-4dcc-bb6c-45fcfbad74b6/elements[39m
[35m[HTTP][39m [90m{"using":"-android uiautomator","value":"new UiSelector().className(\"android.widget.TextView\").text(\"Accept\")"}[39m
[35m[HTTP][39m [37m<-- POST /wd/hub/session/78f7f330-df77-4dcc-bb6c-45fcfbad74b6/elements [39m[32m200[39m [90m126 ms - 12[39m
[35m[HTTP][39m [90m[39m
[35m[HTTP][39m [37m-->[39m [37mPOST[39m [37m/wd/hub/session/78f7f330-df77-4dcc-bb6c-45fcfbad74b6/elements[39m
[35m[HTTP][39m [90m{"using":"-android uiautomator","value":"new UiSelector().className(\"android.widget.TextView\").text(\"Accept\")"}[39m
[35m[HTTP][39m [37m<-- POST /wd/hub/session/78f7f330-df77-4dcc-bb6c-45fcfbad74b6/elements [39m[32m200[39m [90m89 ms - 12[39m
[35m[HTTP][39m [90m[39m
[35m[HTTP][39m [37m-->[39m [37mPOST[39m [37m/wd/hub/session/78f7f330-df77-4dcc-bb6c-45fcfbad74b6/elements[39m
[35m[HTTP][39m [90m{"using":"-android uiautomator","value":"new UiSelector().className(\"android.widget.TextView\").text(\"Accept\")"}[39m
[35m[HTTP][39m [37m<-- POST /wd/hub/session/78f7f330-df77-4dcc-bb6c-45fcfbad74b6/elements [39m[32m200[39m [90m80 ms - 12[39m
[35m[HTTP][39m [90m[39m
[35m[HTTP][39m [37m-->[39m [37mPOST[39m [37m/wd/hub/session/78f7f330-df77-4dcc-bb6c-45fcfbad74b6/elements[39m
[35m[HTTP][39m [90m{"using":"-android uiautomator","value":"new UiSelector().className(\"android.widget.TextView\").text(\"Accept\")"}[39m
[35m[HTTP][39m [37m<-- POST /wd/hub/session/78f7f330-df77-4dcc-bb6c-45fcfbad74b6/elements [39m[32m200[39m [90m96 ms - 12[39m
[35m[HTTP][39m [90m[39m
[35m[HTTP][39m [37m-->[39m [37mPOST[39m [37m/wd/hub/session/78f7f330-df77-4dcc-bb6c-45fcfbad74b6/elements[39m
[35m[HTTP][39m [90m{"using":"-android uiautomator","value":"new UiSelector().className(\"android.widget.TextView\").text(\"Accept\")"}[39m
[35m[HTTP][39m [37m<-- POST /wd/hub/session/78f7f330-df77-4dcc-bb6c-45fcfbad74b6/elements [39m[32m200[39m [90m95 ms - 12[39m
[35m[HTTP][39m [90m[39m
[35m[HTTP][39m [37m-->[39m [37mPOST[39m [37m/wd/hub/session/78f7f330-df77-4dcc-bb6c-45fcfbad74b6/elements[39m
[35m[HTTP][39m [90m{"using":"-android uiautomator","value":"new UiSelector().className(\"android.widget.TextView\").text(\"Accept\")"}[39m
[35m[HTTP][39m [37m<-- POST /wd/hub/session/78f7f330-df77-4dcc-bb6c-45fcfbad74b6/elements [39m[32m200[39m [90m97 ms - 12[39m
[35m[HTTP][39m [90m[39m
[35m[HTTP][39m [37m-->[39m [37mPOST[39m [37m/wd/hub/session/78f7f330-df77-4dcc-bb6c-45fcfbad74b6/elements[39m
[35m[HTTP][39m [90m{"using":"-android uiautomator","value":"new UiSelector().className(\"android.widget.TextView\").text(\"Accept\")"}[39m
[35m[HTTP][39m [37m<-- POST /wd/hub/session/78f7f330-df77-4dcc-bb6c-45fcfbad74b6/elements [39m[32m200[39m [90m77 ms - 12[39m
[35m[HTTP][39m [90m[39m
[35m[HTTP][39m [37m-->[39m [37mPOST[39m [37m/wd/hub/session/78f7f330-df77-4dcc-bb6c-45fcfbad74b6/elements[39m
[35m[HTTP][39m [90m{"using":"-android uiautomator","value":"new UiSelector().className(\"android.widget.TextView\").text(\"Accept\")"}[39m
[35m[HTTP][39m [37m<-- POST /wd/hub/session/78f7f330-df77-4dcc-bb6c-45fcfbad74b6/elements [39m[32m200[39m [90m120 ms - 12[39m
[35m[HTTP][39m [90m[39m
[35m[HTTP][39m [37m-->[39m [37mPOST[39m [37m/wd/hub/session/78f7f330-df77-4dcc-bb6c-45fcfbad74b6/elements[39m
[35m[HTTP][39m [90m{"using":"-android uiautomator","value":"new UiSelector().className(\"android.widget.TextView\").text(\"Accept\")"}[39m
[35m[HTTP][39m [37m<-- POST /wd/hub/session/78f7f330-df77-4dcc-bb6c-45fcfbad74b6/elements [39m[32m200[39m [90m96 ms - 12[39m
[35m[HTTP][39m [90m[39m
[35m[HTTP][39m [37m-->[39m [37mPOST[39m [37m/wd/hub/session/78f7f330-df77-4dcc-bb6c-45fcfbad74b6/elements[39m
[35m[HTTP][39m [90m{"using":"-android uiautomator","value":"new UiSelector().className(\"android.widget.TextView\").text(\"Accept\")"}[39m
[35m[HTTP][39m [37m<-- POST /wd/hub/session/78f7f330-df77-4dcc-bb6c-45fcfbad74b6/elements [39m[32m200[39m [90m126 ms - 12[39m
[35m[HTTP][39m [90m[39m
[35m[HTTP][39m [37m-->[39m [37mPOST[39m [37m/wd/hub/session/78f7f330-df77-4dcc-bb6c-45fcfbad74b6/elements[39m
[35m[HTTP][39m [90m{"using":"-android uiautomator","value":"new UiSelector().className(\"android.widget.TextView\").text(\"Accept\")"}[39m
[35m[HTTP][39m [37m<-- POST /wd/hub/session/78f7f330-df77-4dcc-bb6c-45fcfbad74b6/elements [39m[32m200[39m [90m78 ms - 12[39m
[35m[HTTP][39m [90m[39m
[35m[HTTP][39m [37m-->[39m [37mPOST[39m [37m/wd/hub/session/78f7f330-df77-4dcc-bb6c-45fcfbad74b6/elements[39m
[35m[HTTP][39m [90m{"using":"-android uiautomator","value":"new UiSelector().className(\"android.widget.TextView\").text(\"Accept\")"}[39m
[35m[HTTP][39m [37m<-- POST /wd/hub/session/78f7f330-df77-4dcc-bb6c-45fcfbad74b6/elements [39m[32m200[39m [90m94 ms - 12[39m
[35m[HTTP][39m [90m[39m
[35m[HTTP][39m [37m-->[39m [37mPOST[39m [37m/wd/hub/session/78f7f330-df77-4dcc-bb6c-45fcfbad74b6/elements[39m
[35m[HTTP][39m [90m{"using":"-android uiautomator","value":"new UiSelector().className(\"android.widget.TextView\").text(\"Accept\")"}[39m
[35m[HTTP][39m [37m<-- POST /wd/hub/session/78f7f330-df77-4dcc-bb6c-45fcfbad74b6/elements [39m[32m200[39m [90m101 ms - 12[39m
[35m[HTTP][39m [90m[39m
[35m[HTTP][39m [37m-->[39m [37mPOST[39m [37m/wd/hub/session/78f7f330-df77-4dcc-bb6c-45fcfbad74b6/elements[39m
[35m[HTTP][39m [90m{"using":"-android uiautomator","value":"new UiSelector().className(\"android.widget.TextView\").text(\"Accept\")"}[39m
[35m[HTTP][39m [37m<-- POST /wd/hub/session/78f7f330-df77-4dcc-bb6c-45fcfbad74b6/elements [39m[32m200[39m [90m106 ms - 12[39m
[35m[HTTP][39m [90m[39m
[35m[HTTP][39m [37m-->[39m [37mPOST[39m [37m/wd/hub/session/78f7f330-df77-4dcc-bb6c-45fcfbad74b6/elements[39m
[35m[HTTP][39m [90m{"using":"-android uiautomator","value":"new UiSelector().className(\"android.widget.TextView\").text(\"Accept\")"}[39m
[35m[HTTP][39m [37m<-- POST /wd/hub/session/78f7f330-df77-4dcc-bb6c-45fcfbad74b6/elements [39m[32m200[39m [90m116 ms - 12[39m
[35m[HTTP][39m [90m[39m
[35m[HTTP][39m [37m-->[39m [37mPOST[39m [37m/wd/hub/session/78f7f330-df77-4dcc-bb6c-45fcfbad74b6/elements[39m
[35m[HTTP][39m [90m{"using":"-android uiautomator","value":"new UiSelector().className(\"android.widget.TextView\").text(\"Accept\")"}[39m
[35m[HTTP][39m [37m<-- POST /wd/hub/session/78f7f330-df77-4dcc-bb6c-45fcfbad74b6/elements [39m[32m200[39m [90m165 ms - 12[39m
[35m[HTTP][39m [90m[39m
[35m[HTTP][39m [37m-->[39m [37mPOST[39m [37m/wd/hub/session/78f7f330-df77-4dcc-bb6c-45fcfbad74b6/elements[39m
[35m[HTTP][39m [90m{"using":"-android uiautomator","value":"new UiSelector().className(\"android.widget.TextView\").text(\"Accept\")"}[39m
[35m[HTTP][39m [37m<-- POST /wd/hub/session/78f7f330-df77-4dcc-bb6c-45fcfbad74b6/elements [39m[32m200[39m [90m138 ms - 12[39m
[35m[HTTP][39m [90m[39m
[35m[HTTP][39m [37m-->[39m [37mPOST[39m [37m/wd/hub/session/78f7f330-df77-4dcc-bb6c-45fcfbad74b6/elements[39m
[35m[HTTP][39m [90m{"using":"-android uiautomator","value":"new UiSelector().className(\"android.widget.TextView\").text(\"Accept\")"}[39m
[35m[HTTP][39m [37m<-- POST /wd/hub/session/78f7f330-df77-4dcc-bb6c-45fcfbad74b6/elements [39m[32m200[39m [90m86 ms - 12[39m
[35m[HTTP][39m [90m[39m
[35m[HTTP][39m [37m-->[39m [37mPOST[39m [37m/wd/hub/session/78f7f330-df77-4dcc-bb6c-45fcfbad74b6/elements[39m
[35m[HTTP][39m [90m{"using":"-android uiautomator","value":"new UiSelector().className(\"android.widget.TextView\").text(\"Accept\")"}[39m
[35m[HTTP][39m [37m<-- POST /wd/hub/session/78f7f330-df77-4dcc-bb6c-45fcfbad74b6/elements [39m[32m200[39m [90m100 ms - 12[39m
[35m[HTTP][39m [90m[39m
[35m[HTTP][39m [37m-->[39m [37mPOST[39m [37m/wd/hub/session/78f7f330-df77-4dcc-bb6c-45fcfbad74b6/elements[39m
[35m[HTTP][39m [90m{"using":"-android uiautomator","value":"new UiSelector().className(\"android.widget.TextView\").text(\"Accept\")"}[39m
[35m[HTTP][39m [37m<-- POST /wd/hub/session/78f7f330-df77-4dcc-bb6c-45fcfbad74b6/elements [39m[32m200[39m [90m112 ms - 12[39m
[35m[HTTP][39m [90m[39m
[35m[HTTP][39m [37m-->[39m [37mPOST[39m [37m/wd/hub/session/78f7f330-df77-4dcc-bb6c-45fcfbad74b6/elements[39m
[35m[HTTP][39m [90m{"using":"-android uiautomator","value":"new UiSelector().className(\"android.widget.TextView\").text(\"Accept\")"}[39m
[35m[HTTP][39m [37m<-- POST /wd/hub/session/78f7f330-df77-4dcc-bb6c-45fcfbad74b6/elements [39m[32m200[39m [90m194 ms - 12[39m
[35m[HTTP][39m [90m[39m
[35m[HTTP][39m [37m-->[39m [37mPOST[39m [37m/wd/hub/session/78f7f330-df77-4dcc-bb6c-45fcfbad74b6/elements[39m
[35m[HTTP][39m [90m{"using":"-android uiautomator","value":"new UiSelector().className(\"android.widget.TextView\").text(\"Accept\")"}[39m
[35m[HTTP][39m [37m<-- POST /wd/hub/session/78f7f330-df77-4dcc-bb6c-45fcfbad74b6/elements [39m[32m200[39m [90m164 ms - 12[39m
[35m[HTTP][39m [90m[39m
[35m[HTTP][39m [37m-->[39m [37mPOST[39m [37m/wd/hub/session/78f7f330-df77-4dcc-bb6c-45fcfbad74b6/elements[39m
[35m[HTTP][39m [90m{"using":"-android uiautomator","value":"new UiSelector().className(\"android.widget.TextView\").text(\"Accept\")"}[39m
[35m[HTTP][39m [37m<-- POST /wd/hub/session/78f7f330-df77-4dcc-bb6c-45fcfbad74b6/elements [39m[32m200[39m [90m220 ms - 12[39m
[35m[HTTP][39m [90m[39m
[35m[HTTP][39m [37m-->[39m [37mPOST[39m [37m/wd/hub/session/78f7f330-df77-4dcc-bb6c-45fcfbad74b6/elements[39m
[35m[HTTP][39m [90m{"using":"-android uiautomator","value":"new UiSelector().className(\"android.widget.TextView\").text(\"Accept\")"}[39m
[35m[HTTP][39m [37m<-- POST /wd/hub/session/78f7f330-df77-4dcc-bb6c-45fcfbad74b6/elements [39m[32m200[39m [90m286 ms - 12[39m
[35m[HTTP][39m [90m[39m
[35m[HTTP][39m [37m-->[39m [37mPOST[39m [37m/wd/hub/session/78f7f330-df77-4dcc-bb6c-45fcfbad74b6/elements[39m
[35m[HTTP][39m [90m{"using":"-android uiautomator","value":"new UiSelector().className(\"android.widget.TextView\").text(\"Accept\")"}[39m
[35m[HTTP][39m [37m<-- POST /wd/hub/session/78f7f330-df77-4dcc-bb6c-45fcfbad74b6/elements [39m[32m200[39m [90m587 ms - 12[39m
[35m[HTTP][39m [90m[39m
[35m[HTTP][39m [37m-->[39m [37mPOST[39m [37m/wd/hub/session/78f7f330-df77-4dcc-bb6c-45fcfbad74b6/elements[39m
[35m[HTTP][39m [90m{"using":"-android uiautomator","value":"new UiSelector().className(\"android.widget.TextView\").text(\"Accept\")"}[39m
[35m[HTTP][39m [37m<-- POST /wd/hub/session/78f7f330-df77-4dcc-bb6c-45fcfbad74b6/elements [39m[32m200[39m [90m573 ms - 12[39m
[35m[HTTP][39m [90m[39m
[35m[HTTP][39m [37m-->[39m [37mPOST[39m [37m/wd/hub/session/78f7f330-df77-4dcc-bb6c-45fcfbad74b6/elements[39m
[35m[HTTP][39m [90m{"using":"-android uiautomator","value":"new UiSelector().className(\"android.widget.TextView\").text(\"Accept\")"}[39m
[35m[HTTP][39m [37m<-- POST /wd/hub/session/78f7f330-df77-4dcc-bb6c-45fcfbad74b6/elements [39m[32m200[39m [90m800 ms - 12[39m
[35m[HTTP][39m [90m[39m
[35m[HTTP][39m [37m-->[39m [37mPOST[39m [37m/wd/hub/session/78f7f330-df77-4dcc-bb6c-45fcfbad74b6/elements[39m
[35m[HTTP][39m [90m{"using":"-android uiautomator","value":"new UiSelector().className(\"android.widget.TextView\").text(\"Accept\")"}[39m
[35m[HTTP][39m [37m<-- POST /wd/hub/session/78f7f330-df77-4dcc-bb6c-45fcfbad74b6/elements [39m[32m200[39m [90m583 ms - 12[39m
[35m[HTTP][39m [90m[39m
[35m[HTTP][39m [37m-->[39m [37mPOST[39m [37m/wd/hub/session/78f7f330-df77-4dcc-bb6c-45fcfbad74b6/elements[39m
[35m[HTTP][39m [90m{"using":"-android uiautomator","value":"new UiSelector().className(\"android.widget.TextView\").text(\"Accept\")"}[39m
[35m[HTTP][39m [37m<-- POST /wd/hub/session/78f7f330-df77-4dcc-bb6c-45fcfbad74b6/elements [39m[32m200[39m [90m585 ms - 12[39m
[35m[HTTP][39m [90m[39m
[35m[HTTP][39m [37m-->[39m [37mPOST[39m [37m/wd/hub/session/78f7f330-df77-4dcc-bb6c-45fcfbad74b6/elements[39m
[35m[HTTP][39m [90m{"using":"-android uiautomator","value":"new UiSelector().className(\"android.widget.TextView\").text(\"Accept\")"}[39m
[35m[HTTP][39m [37m<-- POST /wd/hub/session/78f7f330-df77-4dcc-bb6c-45fcfbad74b6/elements [39m[32m200[39m [90m604 ms - 12[39m
[35m[HTTP][39m [90m[39m
[35m[HTTP][39m [37m-->[39m [37mPOST[39m [37m/wd/hub/session/78f7f330-df77-4dcc-bb6c-45fcfbad74b6/elements[39m
[35m[HTTP][39m [90m{"using":"-android uiautomator","value":"new UiSelector().className(\"android.widget.TextView\").text(\"Accept\")"}[39m
[35m[HTTP][39m [37m<-- POST /wd/hub/session/78f7f330-df77-4dcc-bb6c-45fcfbad74b6/elements [39m[32m200[39m [90m617 ms - 12[39m
[35m[HTTP][39m [90m[39m
[35m[HTTP][39m [37m-->[39m [37mPOST[39m [37m/wd/hub/session/78f7f330-df77-4dcc-bb6c-45fcfbad74b6/elements[39m
[35m[HTTP][39m [90m{"using":"-android uiautomator","value":"new UiSelector().className(\"android.widget.TextView\").text(\"Accept\")"}[39m
[35m[HTTP][39m [37m<-- POST /wd/hub/session/78f7f330-df77-4dcc-bb6c-45fcfbad74b6/elements [39m[32m200[39m [90m87 ms - 12[39m
[35m[HTTP][39m [90m[39m
[35m[HTTP][39m [37m-->[39m [37mPOST[39m [37m/wd/hub/session/78f7f330-df77-4dcc-bb6c-45fcfbad74b6/elements[39m
[35m[HTTP][39m [90m{"using":"-android uiautomator","value":"new UiSelector().className(\"android.widget.TextView\").text(\"Accept\")"}[39m
[35m[HTTP][39m [37m<-- POST /wd/hub/session/78f7f330-df77-4dcc-bb6c-45fcfbad74b6/elements [39m[32m200[39m [90m72 ms - 12[39m
[35m[HTTP][39m [90m[39m
[35m[HTTP][39m [37m-->[39m [37mPOST[39m [37m/wd/hub/session/78f7f330-df77-4dcc-bb6c-45fcfbad74b6/elements[39m
[35m[HTTP][39m [90m{"using":"-android uiautomator","value":"new UiSelector().className(\"android.widget.TextView\").text(\"Accept\")"}[39m
[35m[HTTP][39m [37m<-- POST /wd/hub/session/78f7f330-df77-4dcc-bb6c-45fcfbad74b6/elements [39m[32m200[39m [90m56 ms - 12[39m
[35m[HTTP][39m [90m[39m
[35m[HTTP][39m [37m-->[39m [37mPOST[39m [37m/wd/hub/session/78f7f330-df77-4dcc-bb6c-45fcfbad74b6/elements[39m
[35m[HTTP][39m [90m{"using":"-android uiautomator","value":"new UiSelector().className(\"android.widget.TextView\").text(\"Accept\")"}[39m
[35m[HTTP][39m [37m<-- POST /wd/hub/session/78f7f330-df77-4dcc-bb6c-45fcfbad74b6/elements [39m[32m200[39m [90m56 ms - 12[39m
[35m[HTTP][39m [90m[39m
[35m[HTTP][39m [37m-->[39m [37mPOST[39m [37m/wd/hub/session/78f7f330-df77-4dcc-bb6c-45fcfbad74b6/elements[39m
[35m[HTTP][39m [90m{"using":"-android uiautomator","value":"new UiSelector().className(\"android.widget.TextView\").text(\"Accept\")"}[39m
[35m[HTTP][39m [37m<-- POST /wd/hub/session/78f7f330-df77-4dcc-bb6c-45fcfbad74b6/elements [39m[32m200[39m [90m71 ms - 12[39m
[35m[HTTP][39m [90m[39m
[35m[HTTP][39m [37m-->[39m [37mPOST[39m [37m/wd/hub/session/78f7f330-df77-4dcc-bb6c-45fcfbad74b6/elements[39m
[35m[HTTP][39m [90m{"using":"-android uiautomator","value":"new UiSelector().className(\"android.widget.TextView\").text(\"Accept\")"}[39m
[35m[HTTP][39m [37m<-- POST /wd/hub/session/78f7f330-df77-4dcc-bb6c-45fcfbad74b6/elements [39m[32m200[39m [90m57 ms - 12[39m
[35m[HTTP][39m [90m[39m
[35m[HTTP][39m [37m-->[39m [37mPOST[39m [37m/wd/hub/session/78f7f330-df77-4dcc-bb6c-45fcfbad74b6/elements[39m
[35m[HTTP][39m [90m{"using":"-android uiautomator","value":"new UiSelector().className(\"android.widget.TextView\").text(\"Accept\")"}[39m
[35m[HTTP][39m [37m<-- POST /wd/hub/session/78f7f330-df77-4dcc-bb6c-45fcfbad74b6/elements [39m[32m200[39m [90m57 ms - 12[39m
[35m[HTTP][39m [90m[39m
[35m[HTTP][39m [37m-->[39m [37mPOST[39m [37m/wd/hub/session/78f7f330-df77-4dcc-bb6c-45fcfbad74b6/elements[39m
[35m[HTTP][39m [90m{"using":"-android uiautomator","value":"new UiSelector().className(\"android.widget.TextView\").text(\"Accept\")"}[39m
[35m[HTTP][39m [37m<-- POST /wd/hub/session/78f7f330-df77-4dcc-bb6c-45fcfbad74b6/elements [39m[32m200[39m [90m62 ms - 12[39m
[35m[HTTP][39m [90m[39m
[35m[HTTP][39m [37m-->[39m [37mPOST[39m [37m/wd/hub/session/78f7f330-df77-4dcc-bb6c-45fcfbad74b6/elements[39m
[35m[HTTP][39m [90m{"using":"-android uiautomator","value":"new UiSelector().className(\"android.widget.TextView\").text(\"Accept\")"}[39m
[35m[HTTP][39m [37m<-- POST /wd/hub/session/78f7f330-df77-4dcc-bb6c-45fcfbad74b6/elements [39m[32m200[39m [90m583 ms - 12[39m
[35m[HTTP][39m [90m[39m
[35m[HTTP][39m [37m-->[39m [37mPOST[39m [37m/wd/hub/session/78f7f330-df77-4dcc-bb6c-45fcfbad74b6/elements[39m
[35m[HTTP][39m [90m{"using":"-android uiautomator","value":"new UiSelector().className(\"android.widget.TextView\").text(\"Accept\")"}[39m
[35m[HTTP][39m [37m<-- POST /wd/hub/session/78f7f330-df77-4dcc-bb6c-45fcfbad74b6/elements [39m[32m200[39m [90m593 ms - 12[39m
[35m[HTTP][39m [90m[39m
[35m[HTTP][39m [37m-->[39m [37mPOST[39m [37m/wd/hub/session/78f7f330-df77-4dcc-bb6c-45fcfbad74b6/elements[39m
[35m[HTTP][39m [90m{"using":"-android uiautomator","value":"new UiSelector().className(\"android.widget.TextView\").text(\"Accept\")"}[39m
[35m[HTTP][39m [37m<-- POST /wd/hub/session/78f7f330-df77-4dcc-bb6c-45fcfbad74b6/elements [39m[32m200[39m [90m582 ms - 12[39m
[35m[HTTP][39m [90m[39m
[35m[HTTP][39m [37m-->[39m [37mPOST[39m [37m/wd/hub/session/78f7f330-df77-4dcc-bb6c-45fcfbad74b6/elements[39m
[35m[HTTP][39m [90m{"using":"-android uiautomator","value":"new UiSelector().className(\"android.widget.TextView\").text(\"Accept\")"}[39m
[35m[HTTP][39m [37m<-- POST /wd/hub/session/78f7f330-df77-4dcc-bb6c-45fcfbad74b6/elements [39m[32m200[39m [90m572 ms - 12[39m
[35m[HTTP][39m [90m[39m
[35m[HTTP][39m [37m-->[39m [37mPOST[39m [37m/wd/hub/session/78f7f330-df77-4dcc-bb6c-45fcfbad74b6/elements[39m
[35m[HTTP][39m [90m{"using":"-android uiautomator","value":"new UiSelector().className(\"android.widget.TextView\").text(\"Accept\")"}[39m
[35m[HTTP][39m [37m<-- POST /wd/hub/session/78f7f330-df77-4dcc-bb6c-45fcfbad74b6/elements [39m[32m200[39m [90m580 ms - 12[39m
[35m[HTTP][39m [90m[39m
[35m[HTTP][39m [37m-->[39m [37mPOST[39m [37m/wd/hub/session/78f7f330-df77-4dcc-bb6c-45fcfbad74b6/elements[39m
[35m[HTTP][39m [90m{"using":"-android uiautomator","value":"new UiSelector().className(\"android.widget.TextView\").text(\"Accept\")"}[39m
[35m[HTTP][39m [37m<-- POST /wd/hub/session/78f7f330-df77-4dcc-bb6c-45fcfbad74b6/elements [39m[32m200[39m [90m598 ms - 12[39m
[35m[HTTP][39m [90m[39m
[35m[HTTP][39m [37m-->[39m [37mPOST[39m [37m/wd/hub/session/78f7f330-df77-4dcc-bb6c-45fcfbad74b6/elements[39m
[35m[HTTP][39m [90m{"using":"-android uiautomator","value":"new UiSelector().className(\"android.widget.TextView\").text(\"Accept\")"}[39m
[35m[HTTP][39m [37m<-- POST /wd/hub/session/78f7f330-df77-4dcc-bb6c-45fcfbad74b6/elements [39m[32m200[39m [90m96 ms - 12[39m
[35m[HTTP][39m [90m[39m
[35m[HTTP][39m [37m-->[39m [37mPOST[39m [37m/wd/hub/session/78f7f330-df77-4dcc-bb6c-45fcfbad74b6/elements[39m
[35m[HTTP][39m [90m{"using":"-android uiautomator","value":"new UiSelector().className(\"android.widget.TextView\").text(\"Accept\")"}[39m
[35m[HTTP][39m [37m<-- POST /wd/hub/session/78f7f330-df77-4dcc-bb6c-45fcfbad74b6/elements [39m[32m200[39m [90m53 ms - 12[39m
[35m[HTTP][39m [90m[39m
[35m[HTTP][39m [37m-->[39m [37mPOST[39m [37m/wd/hub/session/78f7f330-df77-4dcc-bb6c-45fcfbad74b6/elements[39m
[35m[HTTP][39m [90m{"using":"-android uiautomator","value":"new UiSelector().className(\"android.widget.TextView\").text(\"Accept\")"}[39m
[35m[HTTP][39m [37m<-- POST /wd/hub/session/78f7f330-df77-4dcc-bb6c-45fcfbad74b6/elements [39m[32m200[39m [90m70 ms - 12[39m
[35m[HTTP][39m [90m[39m
[35m[HTTP][39m [37m-->[39m [37mPOST[39m [37m/wd/hub/session/78f7f330-df77-4dcc-bb6c-45fcfbad74b6/timeouts[39m
[35m[HTTP][39m [90m{"implicit":30000}[39m
[35m[HTTP][39m [37m<-- POST /wd/hub/session/78f7f330-df77-4dcc-bb6c-45fcfbad74b6/timeouts [39m[32m200[39m [90m2 ms - 14[39m
[35m[HTTP][39m [90m[39m
[35m[HTTP][39m [37m-->[39m [37mGET[39m [37m/wd/hub/session/78f7f330-df77-4dcc-bb6c-45fcfbad74b6/context[39m
[35m[HTTP][39m [90m{}[39m
[35m[HTTP][39m [37m<-- GET /wd/hub/session/78f7f330-df77-4dcc-bb6c-45fcfbad74b6/context [39m[32m200[39m [90m3 ms - 22[39m
[35m[HTTP][39m [90m[39m
[35m[HTTP][39m [37m-->[39m [37mGET[39m [37m/wd/hub/session/78f7f330-df77-4dcc-bb6c-45fcfbad74b6/contexts[39m
[35m[HTTP][39m [90m{}[39m
[35m[HTTP][39m [37m<-- GET /wd/hub/session/78f7f330-df77-4dcc-bb6c-45fcfbad74b6/contexts [39m[32m200[39m [90m103 ms - 24[39m
[35m[HTTP][39m [90m[39m
[35m[HTTP][39m [37m-->[39m [37mPOST[39m [37m/wd/hub/session/78f7f330-df77-4dcc-bb6c-45fcfbad74b6/context[39m
[35m[HTTP][39m [90m{"name":"NATIVE_APP"}[39m
[35m[HTTP][39m [37m<-- POST /wd/hub/session/78f7f330-df77-4dcc-bb6c-45fcfbad74b6/context [39m[32m200[39m [90m2 ms - 14[39m
[35m[HTTP][39m [90m[39m
[35m[HTTP][39m [37m-->[39m [37mGET[39m [37m/wd/hub/session/78f7f330-df77-4dcc-bb6c-45fcfbad74b6/screenshot[39m
[35m[HTTP][39m [90m{}[39m
[35m[HTTP][39m [37m<-- GET /wd/hub/session/78f7f330-df77-4dcc-bb6c-45fcfbad74b6/screenshot [39m[32m200[39m [90m871 ms - 145956[39m
[35m[HTTP][39m [90m[39m
[35m[HTTP][39m [37m-->[39m [37mPOST[39m [37m/wd/hub/session/78f7f330-df77-4dcc-bb6c-45fcfbad74b6/context[39m
[35m[HTTP][39m [90m{"name":"NATIVE_APP"}[39m
[35m[HTTP][39m [37m<-- POST /wd/hub/session/78f7f330-df77-4dcc-bb6c-45fcfbad74b6/context [39m[32m200[39m [90m6 ms - 14[39m
[35m[HTTP][39m [90m[39m
[35m[HTTP][39m [37m-->[39m [37mGET[39m [37m/wd/hub/session/78f7f330-df77-4dcc-bb6c-45fcfbad74b6/context[39m
[35m[HTTP][39m [90m{}[39m
[35m[HTTP][39m [37m<-- GET /wd/hub/session/78f7f330-df77-4dcc-bb6c-45fcfbad74b6/context [39m[32m200[39m [90m6 ms - 22[39m
[35m[HTTP][39m [90m[39m
[35m[HTTP][39m [37m-->[39m [37mGET[39m [37m/wd/hub/session/78f7f330-df77-4dcc-bb6c-45fcfbad74b6/contexts[39m
[35m[HTTP][39m [90m{}[39m
[35m[HTTP][39m [37m<-- GET /wd/hub/session/78f7f330-df77-4dcc-bb6c-45fcfbad74b6/contexts [39m[32m200[39m [90m53 ms - 24[39m
[35m[HTTP][39m [90m[39m
[35m[HTTP][39m [37m-->[39m [37mPOST[39m [37m/wd/hub/session/78f7f330-df77-4dcc-bb6c-45fcfbad74b6/context[39m
[35m[HTTP][39m [90m{"name":"NATIVE_APP"}[39m
[35m[HTTP][39m [37m<-- POST /wd/hub/session/78f7f330-df77-4dcc-bb6c-45fcfbad74b6/context [39m[32m200[39m [90m2 ms - 14[39m
[35m[HTTP][39m [90m[39m
[35m[HTTP][39m [37m-->[39m [37mGET[39m [37m/wd/hub/session/78f7f330-df77-4dcc-bb6c-45fcfbad74b6/screenshot[39m
[35m[HTTP][39m [90m{}[39m
[35m[HTTP][39m [37m<-- GET /wd/hub/session/78f7f330-df77-4dcc-bb6c-45fcfbad74b6/screenshot [39m[32m200[39m [90m755 ms - 145956[39m
[35m[HTTP][39m [90m[39m
[35m[HTTP][39m [37m-->[39m [37mPOST[39m [37m/wd/hub/session/78f7f330-df77-4dcc-bb6c-45fcfbad74b6/context[39m
[35m[HTTP][39m [90m{"name":"NATIVE_APP"}[39m
[35m[HTTP][39m [37m<-- POST /wd/hub/session/78f7f330-df77-4dcc-bb6c-45fcfbad74b6/context [39m[32m200[39m [90m3 ms - 14[39m
[35m[HTTP][39m [90m[39m
[35m[HTTP][39m [37m-->[39m [37mDELETE[39m [37m/wd/hub/session/78f7f330-df77-4dcc-bb6c-45fcfbad74b6[39m
[35m[HTTP][39m [90m{}[39m
[35m[Appium][39m Removing session 78f7f330-df77-4dcc-bb6c-45fcfbad74b6 from our master session list
[35m[ADB][39m io.nativebase.market.geekyants.taxiappdriver was successfully uninstalled
[35m[HTTP][39m [37m<-- DELETE /wd/hub/session/78f7f330-df77-4dcc-bb6c-45fcfbad74b6 [39m[32m200[39m [90m2386 ms - 14[39m
[35m[HTTP][39m [90m[39m
