[35m[Appium][39m Welcome to Appium v1.14.0
[35m[Appium][39m Non-default server args:
[35m[Appium][39m   port: 62376
[35m[Appium][39m   loglevel: info
[35m[Appium][39m   chromeDriverPort: 62379
[35m[Appium][39m   tmpDir: /var/folders/38/x4crs4qx0hn0r3_szny2t9sw0000gn/T//Katalon/Appium/Temp1566205769748
[35m[Appium][39m Appium REST http interface listener started on 0.0.0.0:62376
[35m[HTTP][39m [37m-->[39m [37mGET[39m [37m/wd/hub/status[39m
[35m[HTTP][39m [90m{}[39m
[35m[HTTP][39m [37m<-- GET /wd/hub/status [39m[32m200[39m [90m9 ms - 68[39m
[35m[HTTP][39m [90m[39m
[35m[HTTP][39m [37m-->[39m [37mPOST[39m [37m/wd/hub/session[39m
[35m[HTTP][39m [90m{"desiredCapabilities":{"app":"/Users/sumittulsyan/Downloads/app-release (1).apk","noReset":false,"deviceName":"emulator-5554 (Android SDK built for x86 - Android 9)","fullReset":true,"platform":"ANDROID","newCommandTimeout":1800,"platformVersion":"9","automationName":"uiautomator2","autoGrantPermissions":true,"platformName":"Android","udid":"emulator-5554","systemPort":62375},"capabilities":{"firstMatch":[{"appium:app":"/Users/sumittulsyan/Downloads/app-release (1).apk","appium:autoGrantPermissions":true,"appium:automationName":"uiautomator2","appium:deviceName":"emulator-5554 (Android SDK built for x86 - Android 9)","appium:fullReset":true,"appium:newCommandTimeout":1800,"appium:noReset":false,"platform":"ANDROID","platformName":"android","appium:platformVersion":"9","appium:systemPort":62375,"appium:udid":"emulator-5554"}]}}[39m
[35m[BaseDriver][39m The capabilities ["platform"] are not standard capabilities and should have an extension prefix
[35m[Appium][39m Appium v1.14.0 creating new AndroidUiautomator2Driver (v1.33.1) session
[35m[Appium][39m Capabilities:
[35m[Appium][39m   platform: ANDROID
[35m[Appium][39m   platformName: android
[35m[Appium][39m   app: /Users/sumittulsyan/Downloads/app-release (1).apk
[35m[Appium][39m   autoGrantPermissions: true
[35m[Appium][39m   automationName: uiautomator2
[35m[Appium][39m   deviceName: emulator-5554 (Android SDK built for x86 - Android 9)
[35m[Appium][39m   fullReset: true
[35m[Appium][39m   newCommandTimeout: 1800
[35m[Appium][39m   noReset: false
[35m[Appium][39m   platformVersion: 9
[35m[Appium][39m   systemPort: 62375
[35m[Appium][39m   udid: emulator-5554
[35m[BaseDriver][39m The following capabilities were provided, but are not recognized by Appium:
[35m[BaseDriver][39m   platform
[35m[BaseDriver][39m Session created with session id: 59ba213f-6fd4-4958-b30a-a4b27764e625
[35m[BaseDriver][39m Using local app '/Users/sumittulsyan/Downloads/app-release (1).apk'
[35m[ADB][39m Found 1 'build-tools' folders under '/Users/sumittulsyan/.katalon/tools/android_sdk' (newest first):
[35m[ADB][39m     /Users/sumittulsyan/.katalon/tools/android_sdk/build-tools/29.0.1
[35m[ADB][39m Using 'adb' from '/Users/sumittulsyan/.katalon/tools/android_sdk/platform-tools/adb'
[35m[AndroidDriver][39m Retrieving device list
[35m[AndroidDriver][39m Using device: emulator-5554
[35m[ADB][39m Using 'adb' from '/Users/sumittulsyan/.katalon/tools/android_sdk/platform-tools/adb'
[35m[UiAutomator2][39m Relaxing hidden api policy
[35m[ADB][39m Using 'apkanalyzer' from '/Users/sumittulsyan/.katalon/tools/android_sdk/tools/bin/apkanalyzer'
[35m[ADB][39m Using the alternative activity name detection method because of: Command '/Users/sumittulsyan/.katalon/tools/android_sdk/tools/bin/apkanalyzer -h manifest print '/Users/sumittulsyan/Downloads/app-release (1).apk'' exited with code 2
[35m[ADB][39m Using 'aapt' from '/Users/sumittulsyan/.katalon/tools/android_sdk/build-tools/29.0.1/aapt'
[35m[ADB][39m Extracting package and launch activity from manifest
[35m[ADB][39m Package name: 'io.nativebase.market.geekyants.taxiapprider'
[35m[ADB][39m Main activity name: 'io.nativebase.market.geekyants.taxiapprider.MainActivity'
[35m[ADB][39m Using 'apksigner' from '/Users/sumittulsyan/.katalon/tools/android_sdk/build-tools/29.0.1/apksigner'
[35m[UiAutomator2][39m Server packages are not going to be (re)installed
[35m[ADB][39m io.nativebase.market.geekyants.taxiapprider was successfully uninstalled
[35m[ADB][39m The application at '/Users/sumittulsyan/Downloads/app-release (1).apk' is already cached to '/data/local/tmp/appium_cache/319121ffd2a4e89e1742e996fe8df850b3a56b9f.apk'
[35m[ADB][39m The installation of 'app-release (1).apk' took 7.221s
[35m[UiAutomator2][39m Starting UIAutomator2 server 3.7.0
[35m[UiAutomator2][39m Using UIAutomator2 server from '/Users/sumittulsyan/Downloads/appium-mobile-test/node_modules/appium-uiautomator2-server/apks/appium-uiautomator2-server-v3.7.0.apk' and test from '/Users/sumittulsyan/Downloads/appium-mobile-test/node_modules/appium-uiautomator2-server/apks/appium-uiautomator2-server-debug-androidTest.apk'
[35m[UiAutomator2][39m Waiting up to 30000ms for UiAutomator2 to be online...
[35m[WD Proxy][39m Got an unexpected response: {"code":"ECONNRESET"}
[35m[AndroidDriver][39m Screen already unlocked, doing nothing
[35m[UiAutomator2][39m UiAutomator2 did not start the activity we were waiting for, 'io.nativebase.market.geekyants.taxiapprider/io.nativebase.market.geekyants.taxiapprider.MainActivity'. Starting it ourselves
[35m[Appium][39m New AndroidUiautomator2Driver session created successfully, session 59ba213f-6fd4-4958-b30a-a4b27764e625 added to master session list
[35m[HTTP][39m [37m<-- POST /wd/hub/session [39m[32m200[39m [90m20788 ms - 1271[39m
[35m[HTTP][39m [90m[39m
[35m[HTTP][39m [37m-->[39m [37mGET[39m [37m/wd/hub/session/59ba213f-6fd4-4958-b30a-a4b27764e625[39m
[35m[HTTP][39m [90m{}[39m
[35m[HTTP][39m [37m<-- GET /wd/hub/session/59ba213f-6fd4-4958-b30a-a4b27764e625 [39m[32m200[39m [90m104 ms - 1203[39m
[35m[HTTP][39m [90m[39m
[35m[HTTP][39m [37m-->[39m [37mGET[39m [37m/wd/hub/session/59ba213f-6fd4-4958-b30a-a4b27764e625[39m
[35m[HTTP][39m [90m{}[39m
[35m[HTTP][39m [37m<-- GET /wd/hub/session/59ba213f-6fd4-4958-b30a-a4b27764e625 [39m[32m200[39m [90m113 ms - 1203[39m
[35m[HTTP][39m [90m[39m
[35m[HTTP][39m [37m-->[39m [37mGET[39m [37m/wd/hub/status[39m
[35m[HTTP][39m [90m{}[39m
[35m[HTTP][39m [37m<-- GET /wd/hub/status [39m[32m200[39m [90m1 ms - 68[39m
[35m[HTTP][39m [90m[39m
[35m[HTTP][39m [37m-->[39m [37mPOST[39m [37m/wd/hub/session/59ba213f-6fd4-4958-b30a-a4b27764e625/timeouts[39m
[35m[HTTP][39m [90m{"implicit":30000}[39m
[35m[HTTP][39m [37m<-- POST /wd/hub/session/59ba213f-6fd4-4958-b30a-a4b27764e625/timeouts [39m[32m200[39m [90m4 ms - 14[39m
[35m[HTTP][39m [90m[39m
[35m[HTTP][39m [37m-->[39m [37mPOST[39m [37m/wd/hub/session/59ba213f-6fd4-4958-b30a-a4b27764e625/timeouts[39m
[35m[HTTP][39m [90m{"implicit":50}[39m
[35m[HTTP][39m [37m<-- POST /wd/hub/session/59ba213f-6fd4-4958-b30a-a4b27764e625/timeouts [39m[32m200[39m [90m2 ms - 14[39m
[35m[HTTP][39m [90m[39m
[35m[HTTP][39m [37m-->[39m [37mGET[39m [37m/wd/hub/session/59ba213f-6fd4-4958-b30a-a4b27764e625/window/rect[39m
[35m[HTTP][39m [90m{}[39m
[35m[HTTP][39m [37m<-- GET /wd/hub/session/59ba213f-6fd4-4958-b30a-a4b27764e625/window/rect [39m[32m200[39m [90m41 ms - 50[39m
[35m[HTTP][39m [90m[39m
[35m[HTTP][39m [37m-->[39m [37mPOST[39m [37m/wd/hub/session/59ba213f-6fd4-4958-b30a-a4b27764e625/elements[39m
[35m[HTTP][39m [90m{"using":"-android uiautomator","value":"new UiSelector().className(\"android.widget.TextView\").text(\"Sign In\")"}[39m
[35m[HTTP][39m [37m<-- POST /wd/hub/session/59ba213f-6fd4-4958-b30a-a4b27764e625/elements [39m[32m200[39m [90m145 ms - 12[39m
[35m[HTTP][39m [90m[39m
[35m[HTTP][39m [37m-->[39m [37mPOST[39m [37m/wd/hub/session/59ba213f-6fd4-4958-b30a-a4b27764e625/elements[39m
[35m[HTTP][39m [90m{"using":"-android uiautomator","value":"new UiSelector().className(\"android.widget.TextView\").text(\"Sign In\")"}[39m
[35m[HTTP][39m [37m<-- POST /wd/hub/session/59ba213f-6fd4-4958-b30a-a4b27764e625/elements [39m[32m200[39m [90m84 ms - 12[39m
[35m[HTTP][39m [90m[39m
[35m[HTTP][39m [37m-->[39m [37mPOST[39m [37m/wd/hub/session/59ba213f-6fd4-4958-b30a-a4b27764e625/elements[39m
[35m[HTTP][39m [90m{"using":"-android uiautomator","value":"new UiSelector().className(\"android.widget.TextView\").text(\"Sign In\")"}[39m
[35m[HTTP][39m [37m<-- POST /wd/hub/session/59ba213f-6fd4-4958-b30a-a4b27764e625/elements [39m[32m200[39m [90m68 ms - 12[39m
[35m[HTTP][39m [90m[39m
[35m[HTTP][39m [37m-->[39m [37mPOST[39m [37m/wd/hub/session/59ba213f-6fd4-4958-b30a-a4b27764e625/elements[39m
[35m[HTTP][39m [90m{"using":"-android uiautomator","value":"new UiSelector().className(\"android.widget.TextView\").text(\"Sign In\")"}[39m
[35m[HTTP][39m [37m<-- POST /wd/hub/session/59ba213f-6fd4-4958-b30a-a4b27764e625/elements [39m[32m200[39m [90m578 ms - 12[39m
[35m[HTTP][39m [90m[39m
[35m[HTTP][39m [37m-->[39m [37mPOST[39m [37m/wd/hub/session/59ba213f-6fd4-4958-b30a-a4b27764e625/elements[39m
[35m[HTTP][39m [90m{"using":"-android uiautomator","value":"new UiSelector().className(\"android.widget.TextView\").text(\"Sign In\")"}[39m
[35m[HTTP][39m [37m<-- POST /wd/hub/session/59ba213f-6fd4-4958-b30a-a4b27764e625/elements [39m[32m200[39m [90m1714 ms - 139[39m
[35m[HTTP][39m [90m[39m
[35m[HTTP][39m [37m-->[39m [37mGET[39m [37m/wd/hub/session/59ba213f-6fd4-4958-b30a-a4b27764e625/element/eb922fff-0731-46bb-a1e1-9486c6b066f5/location[39m
[35m[HTTP][39m [90m{}[39m
[35m[W3C (59ba213f)][39m Driver proxy active, passing request on via HTTP proxy
[35m[WD Proxy][39m Replacing sessionId 2b703ced-9920-4f6a-9274-6c79aa5b8367 with 59ba213f-6fd4-4958-b30a-a4b27764e625
[35m[HTTP][39m [37m<-- GET /wd/hub/session/59ba213f-6fd4-4958-b30a-a4b27764e625/element/eb922fff-0731-46bb-a1e1-9486c6b066f5/location [39m[32m200[39m [90m31 ms - 90[39m
[35m[HTTP][39m [90m[39m
[35m[HTTP][39m [37m-->[39m [37mPOST[39m [37m/wd/hub/session/59ba213f-6fd4-4958-b30a-a4b27764e625/timeouts[39m
[35m[HTTP][39m [90m{"implicit":30000}[39m
[35m[HTTP][39m [37m<-- POST /wd/hub/session/59ba213f-6fd4-4958-b30a-a4b27764e625/timeouts [39m[32m200[39m [90m2 ms - 14[39m
[35m[HTTP][39m [90m[39m
[35m[HTTP][39m [37m-->[39m [37mPOST[39m [37m/wd/hub/session/59ba213f-6fd4-4958-b30a-a4b27764e625/touch/perform[39m
[35m[HTTP][39m [90m{"actions":[{"action":"tap","options":{"x":1,"y":1,"element":"eb922fff-0731-46bb-a1e1-9486c6b066f5"}},{"action":"release","options":{}}]}[39m
[35m[UiAutomator2][39m calling get location: eb922fff-0731-46bb-a1e1-9486c6b066f5
[35m[HTTP][39m [37m<-- POST /wd/hub/session/59ba213f-6fd4-4958-b30a-a4b27764e625/touch/perform [39m[32m200[39m [90m988 ms - 14[39m
[35m[HTTP][39m [90m[39m
[35m[HTTP][39m [37m-->[39m [37mPOST[39m [37m/wd/hub/session/59ba213f-6fd4-4958-b30a-a4b27764e625/timeouts[39m
[35m[HTTP][39m [90m{"implicit":50}[39m
[35m[HTTP][39m [37m<-- POST /wd/hub/session/59ba213f-6fd4-4958-b30a-a4b27764e625/timeouts [39m[32m200[39m [90m2 ms - 14[39m
[35m[HTTP][39m [90m[39m
[35m[HTTP][39m [37m-->[39m [37mGET[39m [37m/wd/hub/session/59ba213f-6fd4-4958-b30a-a4b27764e625/window/rect[39m
[35m[HTTP][39m [90m{}[39m
[35m[HTTP][39m [37m<-- GET /wd/hub/session/59ba213f-6fd4-4958-b30a-a4b27764e625/window/rect [39m[32m200[39m [90m68 ms - 50[39m
[35m[HTTP][39m [90m[39m
[35m[HTTP][39m [37m-->[39m [37mPOST[39m [37m/wd/hub/session/59ba213f-6fd4-4958-b30a-a4b27764e625/elements[39m
[35m[HTTP][39m [90m{"using":"-android uiautomator","value":"new UiSelector().className(\"android.widget.EditText\").text(\"Email\")"}[39m
[35m[HTTP][39m [37m<-- POST /wd/hub/session/59ba213f-6fd4-4958-b30a-a4b27764e625/elements [39m[32m200[39m [90m64 ms - 139[39m
[35m[HTTP][39m [90m[39m
[35m[HTTP][39m [37m-->[39m [37mGET[39m [37m/wd/hub/session/59ba213f-6fd4-4958-b30a-a4b27764e625/element/733b3ca0-0671-4674-89b6-0e32120ddfe1/location[39m
[35m[HTTP][39m [90m{}[39m
[35m[W3C (59ba213f)][39m Driver proxy active, passing request on via HTTP proxy
[35m[WD Proxy][39m Replacing sessionId 2b703ced-9920-4f6a-9274-6c79aa5b8367 with 59ba213f-6fd4-4958-b30a-a4b27764e625
[35m[HTTP][39m [37m<-- GET /wd/hub/session/59ba213f-6fd4-4958-b30a-a4b27764e625/element/733b3ca0-0671-4674-89b6-0e32120ddfe1/location [39m[32m200[39m [90m37 ms - 90[39m
[35m[HTTP][39m [90m[39m
[35m[HTTP][39m [37m-->[39m [37mPOST[39m [37m/wd/hub/session/59ba213f-6fd4-4958-b30a-a4b27764e625/timeouts[39m
[35m[HTTP][39m [90m{"implicit":30000}[39m
[35m[HTTP][39m [37m<-- POST /wd/hub/session/59ba213f-6fd4-4958-b30a-a4b27764e625/timeouts [39m[32m200[39m [90m2 ms - 14[39m
[35m[HTTP][39m [90m[39m
[35m[HTTP][39m [37m-->[39m [37mPOST[39m [37m/wd/hub/session/59ba213f-6fd4-4958-b30a-a4b27764e625/element/733b3ca0-0671-4674-89b6-0e32120ddfe1/clear[39m
[35m[HTTP][39m [90m{"id":"733b3ca0-0671-4674-89b6-0e32120ddfe1"}[39m
[35m[HTTP][39m [37m<-- POST /wd/hub/session/59ba213f-6fd4-4958-b30a-a4b27764e625/element/733b3ca0-0671-4674-89b6-0e32120ddfe1/clear [39m[32m200[39m [90m47 ms - 27[39m
[35m[HTTP][39m [90m[39m
[35m[HTTP][39m [37m-->[39m [37mPOST[39m [37m/wd/hub/session/59ba213f-6fd4-4958-b30a-a4b27764e625/element/733b3ca0-0671-4674-89b6-0e32120ddfe1/value[39m
[35m[HTTP][39m [90m{"id":"733b3ca0-0671-4674-89b6-0e32120ddfe1","text":"taxirider@gmail.com","value":["t","a","x","i","r","i","d","e","r","@","g","m","a","i","l",".","c","o","m"]}[39m
[35m[HTTP][39m [37m<-- POST /wd/hub/session/59ba213f-6fd4-4958-b30a-a4b27764e625/element/733b3ca0-0671-4674-89b6-0e32120ddfe1/value [39m[32m200[39m [90m1535 ms - 12[39m
[35m[HTTP][39m [90m[39m
[35m[HTTP][39m [37m-->[39m [37mPOST[39m [37m/wd/hub/session/59ba213f-6fd4-4958-b30a-a4b27764e625/timeouts[39m
[35m[HTTP][39m [90m{"implicit":50}[39m
[35m[HTTP][39m [37m<-- POST /wd/hub/session/59ba213f-6fd4-4958-b30a-a4b27764e625/timeouts [39m[32m200[39m [90m2 ms - 14[39m
[35m[HTTP][39m [90m[39m
[35m[HTTP][39m [37m-->[39m [37mGET[39m [37m/wd/hub/session/59ba213f-6fd4-4958-b30a-a4b27764e625/window/rect[39m
[35m[HTTP][39m [90m{}[39m
[35m[HTTP][39m [37m<-- GET /wd/hub/session/59ba213f-6fd4-4958-b30a-a4b27764e625/window/rect [39m[32m200[39m [90m47 ms - 50[39m
[35m[HTTP][39m [90m[39m
[35m[HTTP][39m [37m-->[39m [37mPOST[39m [37m/wd/hub/session/59ba213f-6fd4-4958-b30a-a4b27764e625/elements[39m
[35m[HTTP][39m [90m{"using":"-android uiautomator","value":"new UiSelector().className(\"android.widget.EditText\").text(\"Password\")"}[39m
[35m[HTTP][39m [37m<-- POST /wd/hub/session/59ba213f-6fd4-4958-b30a-a4b27764e625/elements [39m[32m200[39m [90m340 ms - 139[39m
[35m[HTTP][39m [90m[39m
[35m[HTTP][39m [37m-->[39m [37mGET[39m [37m/wd/hub/session/59ba213f-6fd4-4958-b30a-a4b27764e625/element/a3352474-a4e0-4225-9851-e57fbd442ff1/location[39m
[35m[HTTP][39m [90m{}[39m
[35m[W3C (59ba213f)][39m Driver proxy active, passing request on via HTTP proxy
[35m[WD Proxy][39m Replacing sessionId 2b703ced-9920-4f6a-9274-6c79aa5b8367 with 59ba213f-6fd4-4958-b30a-a4b27764e625
[35m[HTTP][39m [37m<-- GET /wd/hub/session/59ba213f-6fd4-4958-b30a-a4b27764e625/element/a3352474-a4e0-4225-9851-e57fbd442ff1/location [39m[32m200[39m [90m40 ms - 90[39m
[35m[HTTP][39m [90m[39m
[35m[HTTP][39m [37m-->[39m [37mPOST[39m [37m/wd/hub/session/59ba213f-6fd4-4958-b30a-a4b27764e625/timeouts[39m
[35m[HTTP][39m [90m{"implicit":30000}[39m
[35m[HTTP][39m [37m<-- POST /wd/hub/session/59ba213f-6fd4-4958-b30a-a4b27764e625/timeouts [39m[32m200[39m [90m1 ms - 14[39m
[35m[HTTP][39m [90m[39m
[35m[HTTP][39m [37m-->[39m [37mPOST[39m [37m/wd/hub/session/59ba213f-6fd4-4958-b30a-a4b27764e625/element/a3352474-a4e0-4225-9851-e57fbd442ff1/clear[39m
[35m[HTTP][39m [90m{"id":"a3352474-a4e0-4225-9851-e57fbd442ff1"}[39m
[35m[HTTP][39m [37m<-- POST /wd/hub/session/59ba213f-6fd4-4958-b30a-a4b27764e625/element/a3352474-a4e0-4225-9851-e57fbd442ff1/clear [39m[32m200[39m [90m31 ms - 27[39m
[35m[HTTP][39m [90m[39m
[35m[HTTP][39m [37m-->[39m [37mPOST[39m [37m/wd/hub/session/59ba213f-6fd4-4958-b30a-a4b27764e625/element/a3352474-a4e0-4225-9851-e57fbd442ff1/value[39m
[35m[HTTP][39m [90m{"id":"a3352474-a4e0-4225-9851-e57fbd442ff1","text":"123456","value":["1","2","3","4","5","6"]}[39m
[35m[HTTP][39m [37m<-- POST /wd/hub/session/59ba213f-6fd4-4958-b30a-a4b27764e625/element/a3352474-a4e0-4225-9851-e57fbd442ff1/value [39m[32m200[39m [90m1039 ms - 12[39m
[35m[HTTP][39m [90m[39m
[35m[HTTP][39m [37m-->[39m [37mPOST[39m [37m/wd/hub/session/59ba213f-6fd4-4958-b30a-a4b27764e625/timeouts[39m
[35m[HTTP][39m [90m{"implicit":50}[39m
[35m[HTTP][39m [37m<-- POST /wd/hub/session/59ba213f-6fd4-4958-b30a-a4b27764e625/timeouts [39m[32m200[39m [90m3 ms - 14[39m
[35m[HTTP][39m [90m[39m
[35m[HTTP][39m [37m-->[39m [37mGET[39m [37m/wd/hub/session/59ba213f-6fd4-4958-b30a-a4b27764e625/window/rect[39m
[35m[HTTP][39m [90m{}[39m
[35m[HTTP][39m [37m<-- GET /wd/hub/session/59ba213f-6fd4-4958-b30a-a4b27764e625/window/rect [39m[32m200[39m [90m19 ms - 50[39m
[35m[HTTP][39m [90m[39m
[35m[HTTP][39m [37m-->[39m [37mPOST[39m [37m/wd/hub/session/59ba213f-6fd4-4958-b30a-a4b27764e625/elements[39m
[35m[HTTP][39m [90m{"using":"xpath","value":"//hierarchy/android.widget.FrameLayout[1]/android.widget.LinearLayout[1]/android.widget.FrameLayout[1]/android.widget.LinearLayout[1]/android.widget.FrameLayout[1]/android.widget.FrameLayout[1]/android.view.ViewGroup[1]/android.view.ViewGroup[1]/android.view.ViewGroup[1]/android.view.ViewGroup[1]/android.support.v4.widget.DrawerLayout[1]/android.view.ViewGroup[1]/android.view.ViewGroup[1]/android.view.ViewGroup[1]/android.view.ViewGroup[1]/android.view.ViewGroup[1]/android.view.ViewGroup[1]/android.widget.ScrollView[1]/android.view.ViewGroup[1]/android.view.ViewGroup[7]/android.widget.TextView[1]"}[39m
[35m[HTTP][39m [37m<-- POST /wd/hub/session/59ba213f-6fd4-4958-b30a-a4b27764e625/elements [39m[32m200[39m [90m724 ms - 139[39m
[35m[HTTP][39m [90m[39m
[35m[HTTP][39m [37m-->[39m [37mGET[39m [37m/wd/hub/session/59ba213f-6fd4-4958-b30a-a4b27764e625/element/d8d4e6b1-8a18-46a4-8adc-60cfe7b81beb/location[39m
[35m[HTTP][39m [90m{}[39m
[35m[W3C (59ba213f)][39m Driver proxy active, passing request on via HTTP proxy
[35m[WD Proxy][39m Replacing sessionId 2b703ced-9920-4f6a-9274-6c79aa5b8367 with 59ba213f-6fd4-4958-b30a-a4b27764e625
[35m[HTTP][39m [37m<-- GET /wd/hub/session/59ba213f-6fd4-4958-b30a-a4b27764e625/element/d8d4e6b1-8a18-46a4-8adc-60cfe7b81beb/location [39m[32m200[39m [90m17 ms - 90[39m
[35m[HTTP][39m [90m[39m
[35m[HTTP][39m [37m-->[39m [37mPOST[39m [37m/wd/hub/session/59ba213f-6fd4-4958-b30a-a4b27764e625/timeouts[39m
[35m[HTTP][39m [90m{"implicit":30000}[39m
[35m[HTTP][39m [37m<-- POST /wd/hub/session/59ba213f-6fd4-4958-b30a-a4b27764e625/timeouts [39m[32m200[39m [90m1 ms - 14[39m
[35m[HTTP][39m [90m[39m
[35m[HTTP][39m [37m-->[39m [37mPOST[39m [37m/wd/hub/session/59ba213f-6fd4-4958-b30a-a4b27764e625/touch/perform[39m
[35m[HTTP][39m [90m{"actions":[{"action":"tap","options":{"x":1,"y":1,"element":"d8d4e6b1-8a18-46a4-8adc-60cfe7b81beb"}},{"action":"release","options":{}}]}[39m
[35m[UiAutomator2][39m calling get location: d8d4e6b1-8a18-46a4-8adc-60cfe7b81beb
[35m[HTTP][39m [37m<-- POST /wd/hub/session/59ba213f-6fd4-4958-b30a-a4b27764e625/touch/perform [39m[32m200[39m [90m42 ms - 14[39m
[35m[HTTP][39m [90m[39m
[35m[HTTP][39m [37m-->[39m [37mPOST[39m [37m/wd/hub/session/59ba213f-6fd4-4958-b30a-a4b27764e625/timeouts[39m
[35m[HTTP][39m [90m{"implicit":50}[39m
[35m[HTTP][39m [37m<-- POST /wd/hub/session/59ba213f-6fd4-4958-b30a-a4b27764e625/timeouts [39m[32m200[39m [90m3 ms - 14[39m
[35m[HTTP][39m [90m[39m
[35m[HTTP][39m [37m-->[39m [37mGET[39m [37m/wd/hub/session/59ba213f-6fd4-4958-b30a-a4b27764e625/window/rect[39m
[35m[HTTP][39m [90m{}[39m
[35m[HTTP][39m [37m<-- GET /wd/hub/session/59ba213f-6fd4-4958-b30a-a4b27764e625/window/rect [39m[32m200[39m [90m27 ms - 50[39m
[35m[HTTP][39m [90m[39m
[35m[HTTP][39m [37m-->[39m [37mPOST[39m [37m/wd/hub/session/59ba213f-6fd4-4958-b30a-a4b27764e625/elements[39m
[35m[HTTP][39m [90m{"using":"-android uiautomator","value":"new UiSelector().className(\"android.widget.TextView\").text(\"Bannerghatta Main Road, BTM Layout, 2nd Stage, 2nd Main Road, No 18, First Floor, Bengaluru, Karnataka 560076, India\")"}[39m
[35m[HTTP][39m [37m<-- POST /wd/hub/session/59ba213f-6fd4-4958-b30a-a4b27764e625/elements [39m[32m200[39m [90m806 ms - 12[39m
[35m[HTTP][39m [90m[39m
[35m[HTTP][39m [37m-->[39m [37mPOST[39m [37m/wd/hub/session/59ba213f-6fd4-4958-b30a-a4b27764e625/elements[39m
[35m[HTTP][39m [90m{"using":"-android uiautomator","value":"new UiSelector().className(\"android.widget.TextView\").text(\"Bannerghatta Main Road, BTM Layout, 2nd Stage, 2nd Main Road, No 18, First Floor, Bengaluru, Karnataka 560076, India\")"}[39m
[35m[HTTP][39m [37m<-- POST /wd/hub/session/59ba213f-6fd4-4958-b30a-a4b27764e625/elements [39m[32m200[39m [90m93 ms - 12[39m
[35m[HTTP][39m [90m[39m
[35m[HTTP][39m [37m-->[39m [37mPOST[39m [37m/wd/hub/session/59ba213f-6fd4-4958-b30a-a4b27764e625/elements[39m
[35m[HTTP][39m [90m{"using":"-android uiautomator","value":"new UiSelector().className(\"android.widget.TextView\").text(\"Bannerghatta Main Road, BTM Layout, 2nd Stage, 2nd Main Road, No 18, First Floor, Bengaluru, Karnataka 560076, India\")"}[39m
[35m[HTTP][39m [37m<-- POST /wd/hub/session/59ba213f-6fd4-4958-b30a-a4b27764e625/elements [39m[32m200[39m [90m233 ms - 12[39m
[35m[HTTP][39m [90m[39m
[35m[HTTP][39m [37m-->[39m [37mPOST[39m [37m/wd/hub/session/59ba213f-6fd4-4958-b30a-a4b27764e625/elements[39m
[35m[HTTP][39m [90m{"using":"-android uiautomator","value":"new UiSelector().className(\"android.widget.TextView\").text(\"Bannerghatta Main Road, BTM Layout, 2nd Stage, 2nd Main Road, No 18, First Floor, Bengaluru, Karnataka 560076, India\")"}[39m
[35m[HTTP][39m [37m<-- POST /wd/hub/session/59ba213f-6fd4-4958-b30a-a4b27764e625/elements [39m[32m200[39m [90m528 ms - 12[39m
[35m[HTTP][39m [90m[39m
[35m[HTTP][39m [37m-->[39m [37mPOST[39m [37m/wd/hub/session/59ba213f-6fd4-4958-b30a-a4b27764e625/elements[39m
[35m[HTTP][39m [90m{"using":"-android uiautomator","value":"new UiSelector().className(\"android.widget.TextView\").text(\"Bannerghatta Main Road, BTM Layout, 2nd Stage, 2nd Main Road, No 18, First Floor, Bengaluru, Karnataka 560076, India\")"}[39m
[35m[HTTP][39m [37m<-- POST /wd/hub/session/59ba213f-6fd4-4958-b30a-a4b27764e625/elements [39m[32m200[39m [90m84 ms - 12[39m
[35m[HTTP][39m [90m[39m
[35m[HTTP][39m [37m-->[39m [37mPOST[39m [37m/wd/hub/session/59ba213f-6fd4-4958-b30a-a4b27764e625/elements[39m
[35m[HTTP][39m [90m{"using":"-android uiautomator","value":"new UiSelector().className(\"android.widget.TextView\").text(\"Bannerghatta Main Road, BTM Layout, 2nd Stage, 2nd Main Road, No 18, First Floor, Bengaluru, Karnataka 560076, India\")"}[39m
[35m[HTTP][39m [37m<-- POST /wd/hub/session/59ba213f-6fd4-4958-b30a-a4b27764e625/elements [39m[32m200[39m [90m83 ms - 12[39m
[35m[HTTP][39m [90m[39m
[35m[HTTP][39m [37m-->[39m [37mPOST[39m [37m/wd/hub/session/59ba213f-6fd4-4958-b30a-a4b27764e625/elements[39m
[35m[HTTP][39m [90m{"using":"-android uiautomator","value":"new UiSelector().className(\"android.widget.TextView\").text(\"Bannerghatta Main Road, BTM Layout, 2nd Stage, 2nd Main Road, No 18, First Floor, Bengaluru, Karnataka 560076, India\")"}[39m
[35m[HTTP][39m [37m<-- POST /wd/hub/session/59ba213f-6fd4-4958-b30a-a4b27764e625/elements [39m[32m200[39m [90m89 ms - 12[39m
[35m[HTTP][39m [90m[39m
[35m[HTTP][39m [37m-->[39m [37mPOST[39m [37m/wd/hub/session/59ba213f-6fd4-4958-b30a-a4b27764e625/elements[39m
[35m[HTTP][39m [90m{"using":"-android uiautomator","value":"new UiSelector().className(\"android.widget.TextView\").text(\"Bannerghatta Main Road, BTM Layout, 2nd Stage, 2nd Main Road, No 18, First Floor, Bengaluru, Karnataka 560076, India\")"}[39m
[35m[HTTP][39m [37m<-- POST /wd/hub/session/59ba213f-6fd4-4958-b30a-a4b27764e625/elements [39m[32m200[39m [90m91 ms - 12[39m
[35m[HTTP][39m [90m[39m
[35m[HTTP][39m [37m-->[39m [37mPOST[39m [37m/wd/hub/session/59ba213f-6fd4-4958-b30a-a4b27764e625/elements[39m
[35m[HTTP][39m [90m{"using":"-android uiautomator","value":"new UiSelector().className(\"android.widget.TextView\").text(\"Bannerghatta Main Road, BTM Layout, 2nd Stage, 2nd Main Road, No 18, First Floor, Bengaluru, Karnataka 560076, India\")"}[39m
[35m[HTTP][39m [37m<-- POST /wd/hub/session/59ba213f-6fd4-4958-b30a-a4b27764e625/elements [39m[32m200[39m [90m142 ms - 12[39m
[35m[HTTP][39m [90m[39m
[35m[HTTP][39m [37m-->[39m [37mPOST[39m [37m/wd/hub/session/59ba213f-6fd4-4958-b30a-a4b27764e625/elements[39m
[35m[HTTP][39m [90m{"using":"-android uiautomator","value":"new UiSelector().className(\"android.widget.TextView\").text(\"Bannerghatta Main Road, BTM Layout, 2nd Stage, 2nd Main Road, No 18, First Floor, Bengaluru, Karnataka 560076, India\")"}[39m
[35m[HTTP][39m [37m<-- POST /wd/hub/session/59ba213f-6fd4-4958-b30a-a4b27764e625/elements [39m[32m200[39m [90m166 ms - 12[39m
[35m[HTTP][39m [90m[39m
[35m[HTTP][39m [37m-->[39m [37mPOST[39m [37m/wd/hub/session/59ba213f-6fd4-4958-b30a-a4b27764e625/elements[39m
[35m[HTTP][39m [90m{"using":"-android uiautomator","value":"new UiSelector().className(\"android.widget.TextView\").text(\"Bannerghatta Main Road, BTM Layout, 2nd Stage, 2nd Main Road, No 18, First Floor, Bengaluru, Karnataka 560076, India\")"}[39m
[35m[HTTP][39m [37m<-- POST /wd/hub/session/59ba213f-6fd4-4958-b30a-a4b27764e625/elements [39m[32m200[39m [90m2055 ms - 139[39m
[35m[HTTP][39m [90m[39m
[35m[HTTP][39m [37m-->[39m [37mGET[39m [37m/wd/hub/session/59ba213f-6fd4-4958-b30a-a4b27764e625/element/91258d7c-dae2-4489-b9f7-f66402034c3b/location[39m
[35m[HTTP][39m [90m{}[39m
[35m[W3C (59ba213f)][39m Driver proxy active, passing request on via HTTP proxy
[35m[WD Proxy][39m Replacing sessionId 2b703ced-9920-4f6a-9274-6c79aa5b8367 with 59ba213f-6fd4-4958-b30a-a4b27764e625
[35m[HTTP][39m [37m<-- GET /wd/hub/session/59ba213f-6fd4-4958-b30a-a4b27764e625/element/91258d7c-dae2-4489-b9f7-f66402034c3b/location [39m[32m200[39m [90m38 ms - 89[39m
[35m[HTTP][39m [90m[39m
[35m[HTTP][39m [37m-->[39m [37mPOST[39m [37m/wd/hub/session/59ba213f-6fd4-4958-b30a-a4b27764e625/timeouts[39m
[35m[HTTP][39m [90m{"implicit":30000}[39m
[35m[HTTP][39m [37m<-- POST /wd/hub/session/59ba213f-6fd4-4958-b30a-a4b27764e625/timeouts [39m[32m200[39m [90m2 ms - 14[39m
[35m[HTTP][39m [90m[39m
[35m[HTTP][39m [37m-->[39m [37mPOST[39m [37m/wd/hub/session/59ba213f-6fd4-4958-b30a-a4b27764e625/touch/perform[39m
[35m[HTTP][39m [90m{"actions":[{"action":"tap","options":{"x":1,"y":1,"element":"91258d7c-dae2-4489-b9f7-f66402034c3b"}},{"action":"release","options":{}}]}[39m
[35m[UiAutomator2][39m calling get location: 91258d7c-dae2-4489-b9f7-f66402034c3b
[35m[HTTP][39m [37m<-- POST /wd/hub/session/59ba213f-6fd4-4958-b30a-a4b27764e625/touch/perform [39m[32m200[39m [90m1621 ms - 14[39m
[35m[HTTP][39m [90m[39m
[35m[HTTP][39m [37m-->[39m [37mPOST[39m [37m/wd/hub/session/59ba213f-6fd4-4958-b30a-a4b27764e625/timeouts[39m
[35m[HTTP][39m [90m{"implicit":50}[39m
[35m[HTTP][39m [37m<-- POST /wd/hub/session/59ba213f-6fd4-4958-b30a-a4b27764e625/timeouts [39m[32m200[39m [90m3 ms - 14[39m
[35m[HTTP][39m [90m[39m
[35m[HTTP][39m [37m-->[39m [37mGET[39m [37m/wd/hub/session/59ba213f-6fd4-4958-b30a-a4b27764e625/window/rect[39m
[35m[HTTP][39m [90m{}[39m
[35m[HTTP][39m [37m<-- GET /wd/hub/session/59ba213f-6fd4-4958-b30a-a4b27764e625/window/rect [39m[32m200[39m [90m55 ms - 50[39m
[35m[HTTP][39m [90m[39m
[35m[HTTP][39m [37m-->[39m [37mPOST[39m [37m/wd/hub/session/59ba213f-6fd4-4958-b30a-a4b27764e625/elements[39m
[35m[HTTP][39m [90m{"using":"-android uiautomator","value":"new UiSelector().className(\"android.widget.EditText\").text(\"Search for locality or place\")"}[39m
[35m[HTTP][39m [37m<-- POST /wd/hub/session/59ba213f-6fd4-4958-b30a-a4b27764e625/elements [39m[32m200[39m [90m81 ms - 139[39m
[35m[HTTP][39m [90m[39m
[35m[HTTP][39m [37m-->[39m [37mGET[39m [37m/wd/hub/session/59ba213f-6fd4-4958-b30a-a4b27764e625/element/2e353922-372c-479c-9867-d234f565da16/location[39m
[35m[HTTP][39m [90m{}[39m
[35m[W3C (59ba213f)][39m Driver proxy active, passing request on via HTTP proxy
[35m[WD Proxy][39m Replacing sessionId 2b703ced-9920-4f6a-9274-6c79aa5b8367 with 59ba213f-6fd4-4958-b30a-a4b27764e625
[35m[HTTP][39m [37m<-- GET /wd/hub/session/59ba213f-6fd4-4958-b30a-a4b27764e625/element/2e353922-372c-479c-9867-d234f565da16/location [39m[32m200[39m [90m56 ms - 88[39m
[35m[HTTP][39m [90m[39m
[35m[HTTP][39m [37m-->[39m [37mPOST[39m [37m/wd/hub/session/59ba213f-6fd4-4958-b30a-a4b27764e625/timeouts[39m
[35m[HTTP][39m [90m{"implicit":30000}[39m
[35m[HTTP][39m [37m<-- POST /wd/hub/session/59ba213f-6fd4-4958-b30a-a4b27764e625/timeouts [39m[32m200[39m [90m2 ms - 14[39m
[35m[HTTP][39m [90m[39m
[35m[HTTP][39m [37m-->[39m [37mPOST[39m [37m/wd/hub/session/59ba213f-6fd4-4958-b30a-a4b27764e625/element/2e353922-372c-479c-9867-d234f565da16/clear[39m
[35m[HTTP][39m [90m{"id":"2e353922-372c-479c-9867-d234f565da16"}[39m
[35m[HTTP][39m [37m<-- POST /wd/hub/session/59ba213f-6fd4-4958-b30a-a4b27764e625/element/2e353922-372c-479c-9867-d234f565da16/clear [39m[32m200[39m [90m129 ms - 27[39m
[35m[HTTP][39m [90m[39m
[35m[HTTP][39m [37m-->[39m [37mPOST[39m [37m/wd/hub/session/59ba213f-6fd4-4958-b30a-a4b27764e625/element/2e353922-372c-479c-9867-d234f565da16/value[39m
[35m[HTTP][39m [90m{"id":"2e353922-372c-479c-9867-d234f565da16","text":"Ranka colony","value":["R","a","n","k","a"," ","c","o","l","o","n","y"]}[39m
[35m[HTTP][39m [37m<-- POST /wd/hub/session/59ba213f-6fd4-4958-b30a-a4b27764e625/element/2e353922-372c-479c-9867-d234f565da16/value [39m[32m200[39m [90m1314 ms - 12[39m
[35m[HTTP][39m [90m[39m
[35m[HTTP][39m [37m-->[39m [37mPOST[39m [37m/wd/hub/session/59ba213f-6fd4-4958-b30a-a4b27764e625/timeouts[39m
[35m[HTTP][39m [90m{"implicit":50}[39m
[35m[HTTP][39m [37m<-- POST /wd/hub/session/59ba213f-6fd4-4958-b30a-a4b27764e625/timeouts [39m[32m200[39m [90m2 ms - 14[39m
[35m[HTTP][39m [90m[39m
[35m[HTTP][39m [37m-->[39m [37mGET[39m [37m/wd/hub/session/59ba213f-6fd4-4958-b30a-a4b27764e625/window/rect[39m
[35m[HTTP][39m [90m{}[39m
[35m[HTTP][39m [37m<-- GET /wd/hub/session/59ba213f-6fd4-4958-b30a-a4b27764e625/window/rect [39m[32m200[39m [90m42 ms - 50[39m
[35m[HTTP][39m [90m[39m
[35m[HTTP][39m [37m-->[39m [37mPOST[39m [37m/wd/hub/session/59ba213f-6fd4-4958-b30a-a4b27764e625/elements[39m
[35m[HTTP][39m [90m{"using":"-android uiautomator","value":"new UiSelector().className(\"android.widget.TextView\").text(\"Ranka Colony, Bilekahalli, Bengaluru, Karnataka, India\")"}[39m
[35m[HTTP][39m [37m<-- POST /wd/hub/session/59ba213f-6fd4-4958-b30a-a4b27764e625/elements [39m[32m200[39m [90m906 ms - 139[39m
[35m[HTTP][39m [90m[39m
[35m[HTTP][39m [37m-->[39m [37mGET[39m [37m/wd/hub/session/59ba213f-6fd4-4958-b30a-a4b27764e625/element/0f429031-935c-49e8-93dd-197212899c56/location[39m
[35m[HTTP][39m [90m{}[39m
[35m[W3C (59ba213f)][39m Driver proxy active, passing request on via HTTP proxy
[35m[WD Proxy][39m Replacing sessionId 2b703ced-9920-4f6a-9274-6c79aa5b8367 with 59ba213f-6fd4-4958-b30a-a4b27764e625
[35m[HTTP][39m [37m<-- GET /wd/hub/session/59ba213f-6fd4-4958-b30a-a4b27764e625/element/0f429031-935c-49e8-93dd-197212899c56/location [39m[32m200[39m [90m49 ms - 89[39m
[35m[HTTP][39m [90m[39m
[35m[HTTP][39m [37m-->[39m [37mPOST[39m [37m/wd/hub/session/59ba213f-6fd4-4958-b30a-a4b27764e625/timeouts[39m
[35m[HTTP][39m [90m{"implicit":30000}[39m
[35m[HTTP][39m [37m<-- POST /wd/hub/session/59ba213f-6fd4-4958-b30a-a4b27764e625/timeouts [39m[32m200[39m [90m1 ms - 14[39m
[35m[HTTP][39m [90m[39m
[35m[HTTP][39m [37m-->[39m [37mPOST[39m [37m/wd/hub/session/59ba213f-6fd4-4958-b30a-a4b27764e625/touch/perform[39m
[35m[HTTP][39m [90m{"actions":[{"action":"tap","options":{"x":1,"y":1,"element":"0f429031-935c-49e8-93dd-197212899c56"}},{"action":"release","options":{}}]}[39m
[35m[UiAutomator2][39m calling get location: 0f429031-935c-49e8-93dd-197212899c56
[35m[HTTP][39m [37m<-- POST /wd/hub/session/59ba213f-6fd4-4958-b30a-a4b27764e625/touch/perform [39m[32m200[39m [90m1214 ms - 14[39m
[35m[HTTP][39m [90m[39m
[35m[HTTP][39m [37m-->[39m [37mPOST[39m [37m/wd/hub/session/59ba213f-6fd4-4958-b30a-a4b27764e625/timeouts[39m
[35m[HTTP][39m [90m{"implicit":50}[39m
[35m[HTTP][39m [37m<-- POST /wd/hub/session/59ba213f-6fd4-4958-b30a-a4b27764e625/timeouts [39m[32m200[39m [90m2 ms - 14[39m
[35m[HTTP][39m [90m[39m
[35m[HTTP][39m [37m-->[39m [37mGET[39m [37m/wd/hub/session/59ba213f-6fd4-4958-b30a-a4b27764e625/window/rect[39m
[35m[HTTP][39m [90m{}[39m
[35m[HTTP][39m [37m<-- GET /wd/hub/session/59ba213f-6fd4-4958-b30a-a4b27764e625/window/rect [39m[32m200[39m [90m55 ms - 50[39m
[35m[HTTP][39m [90m[39m
[35m[HTTP][39m [37m-->[39m [37mPOST[39m [37m/wd/hub/session/59ba213f-6fd4-4958-b30a-a4b27764e625/elements[39m
[35m[HTTP][39m [90m{"using":"-android uiautomator","value":"new UiSelector().className(\"android.widget.TextView\").text(\"Enter Drop Location\")"}[39m
[35m[HTTP][39m [37m<-- POST /wd/hub/session/59ba213f-6fd4-4958-b30a-a4b27764e625/elements [39m[32m200[39m [90m121 ms - 139[39m
[35m[HTTP][39m [90m[39m
[35m[HTTP][39m [37m-->[39m [37mGET[39m [37m/wd/hub/session/59ba213f-6fd4-4958-b30a-a4b27764e625/element/1ff66188-c399-47af-9e71-3e8619afe921/location[39m
[35m[HTTP][39m [90m{}[39m
[35m[W3C (59ba213f)][39m Driver proxy active, passing request on via HTTP proxy
[35m[WD Proxy][39m Replacing sessionId 2b703ced-9920-4f6a-9274-6c79aa5b8367 with 59ba213f-6fd4-4958-b30a-a4b27764e625
[35m[HTTP][39m [37m<-- GET /wd/hub/session/59ba213f-6fd4-4958-b30a-a4b27764e625/element/1ff66188-c399-47af-9e71-3e8619afe921/location [39m[32m200[39m [90m76 ms - 89[39m
[35m[HTTP][39m [90m[39m
[35m[HTTP][39m [37m-->[39m [37mPOST[39m [37m/wd/hub/session/59ba213f-6fd4-4958-b30a-a4b27764e625/timeouts[39m
[35m[HTTP][39m [90m{"implicit":30000}[39m
[35m[HTTP][39m [37m<-- POST /wd/hub/session/59ba213f-6fd4-4958-b30a-a4b27764e625/timeouts [39m[32m200[39m [90m2 ms - 14[39m
[35m[HTTP][39m [90m[39m
[35m[HTTP][39m [37m-->[39m [37mPOST[39m [37m/wd/hub/session/59ba213f-6fd4-4958-b30a-a4b27764e625/touch/perform[39m
[35m[HTTP][39m [90m{"actions":[{"action":"tap","options":{"x":1,"y":1,"element":"1ff66188-c399-47af-9e71-3e8619afe921"}},{"action":"release","options":{}}]}[39m
[35m[UiAutomator2][39m calling get location: 1ff66188-c399-47af-9e71-3e8619afe921
[35m[HTTP][39m [37m<-- POST /wd/hub/session/59ba213f-6fd4-4958-b30a-a4b27764e625/touch/perform [39m[32m200[39m [90m3588 ms - 14[39m
[35m[HTTP][39m [90m[39m
[35m[HTTP][39m [37m-->[39m [37mPOST[39m [37m/wd/hub/session/59ba213f-6fd4-4958-b30a-a4b27764e625/timeouts[39m
[35m[HTTP][39m [90m{"implicit":50}[39m
[35m[HTTP][39m [37m<-- POST /wd/hub/session/59ba213f-6fd4-4958-b30a-a4b27764e625/timeouts [39m[32m200[39m [90m3 ms - 14[39m
[35m[HTTP][39m [90m[39m
[35m[HTTP][39m [37m-->[39m [37mGET[39m [37m/wd/hub/session/59ba213f-6fd4-4958-b30a-a4b27764e625/window/rect[39m
[35m[HTTP][39m [90m{}[39m
[35m[HTTP][39m [37m<-- GET /wd/hub/session/59ba213f-6fd4-4958-b30a-a4b27764e625/window/rect [39m[32m200[39m [90m45 ms - 50[39m
[35m[HTTP][39m [90m[39m
[35m[HTTP][39m [37m-->[39m [37mPOST[39m [37m/wd/hub/session/59ba213f-6fd4-4958-b30a-a4b27764e625/elements[39m
[35m[HTTP][39m [90m{"using":"-android uiautomator","value":"new UiSelector().className(\"android.widget.EditText\").text(\"Search for locality or place\")"}[39m
[35m[HTTP][39m [37m<-- POST /wd/hub/session/59ba213f-6fd4-4958-b30a-a4b27764e625/elements [39m[32m200[39m [90m89 ms - 139[39m
[35m[HTTP][39m [90m[39m
[35m[HTTP][39m [37m-->[39m [37mGET[39m [37m/wd/hub/session/59ba213f-6fd4-4958-b30a-a4b27764e625/element/08fa6647-e485-49ce-9ccf-dac0b820672e/location[39m
[35m[HTTP][39m [90m{}[39m
[35m[W3C (59ba213f)][39m Driver proxy active, passing request on via HTTP proxy
[35m[WD Proxy][39m Replacing sessionId 2b703ced-9920-4f6a-9274-6c79aa5b8367 with 59ba213f-6fd4-4958-b30a-a4b27764e625
[35m[HTTP][39m [37m<-- GET /wd/hub/session/59ba213f-6fd4-4958-b30a-a4b27764e625/element/08fa6647-e485-49ce-9ccf-dac0b820672e/location [39m[32m200[39m [90m53 ms - 88[39m
[35m[HTTP][39m [90m[39m
[35m[HTTP][39m [37m-->[39m [37mPOST[39m [37m/wd/hub/session/59ba213f-6fd4-4958-b30a-a4b27764e625/timeouts[39m
[35m[HTTP][39m [90m{"implicit":30000}[39m
[35m[HTTP][39m [37m<-- POST /wd/hub/session/59ba213f-6fd4-4958-b30a-a4b27764e625/timeouts [39m[32m200[39m [90m2 ms - 14[39m
[35m[HTTP][39m [90m[39m
[35m[HTTP][39m [37m-->[39m [37mPOST[39m [37m/wd/hub/session/59ba213f-6fd4-4958-b30a-a4b27764e625/element/08fa6647-e485-49ce-9ccf-dac0b820672e/clear[39m
[35m[HTTP][39m [90m{"id":"08fa6647-e485-49ce-9ccf-dac0b820672e"}[39m
[35m[HTTP][39m [37m<-- POST /wd/hub/session/59ba213f-6fd4-4958-b30a-a4b27764e625/element/08fa6647-e485-49ce-9ccf-dac0b820672e/clear [39m[32m200[39m [90m59 ms - 27[39m
[35m[HTTP][39m [90m[39m
[35m[HTTP][39m [37m-->[39m [37mPOST[39m [37m/wd/hub/session/59ba213f-6fd4-4958-b30a-a4b27764e625/element/08fa6647-e485-49ce-9ccf-dac0b820672e/value[39m
[35m[HTTP][39m [90m{"id":"08fa6647-e485-49ce-9ccf-dac0b820672e","text":"silk board","value":["s","i","l","k"," ","b","o","a","r","d"]}[39m
[35m[HTTP][39m [37m<-- POST /wd/hub/session/59ba213f-6fd4-4958-b30a-a4b27764e625/element/08fa6647-e485-49ce-9ccf-dac0b820672e/value [39m[32m200[39m [90m1343 ms - 12[39m
[35m[HTTP][39m [90m[39m
[35m[HTTP][39m [37m-->[39m [37mPOST[39m [37m/wd/hub/session/59ba213f-6fd4-4958-b30a-a4b27764e625/timeouts[39m
[35m[HTTP][39m [90m{"implicit":50}[39m
[35m[HTTP][39m [37m<-- POST /wd/hub/session/59ba213f-6fd4-4958-b30a-a4b27764e625/timeouts [39m[32m200[39m [90m2 ms - 14[39m
[35m[HTTP][39m [90m[39m
[35m[HTTP][39m [37m-->[39m [37mGET[39m [37m/wd/hub/session/59ba213f-6fd4-4958-b30a-a4b27764e625/window/rect[39m
[35m[HTTP][39m [90m{}[39m
[35m[HTTP][39m [37m<-- GET /wd/hub/session/59ba213f-6fd4-4958-b30a-a4b27764e625/window/rect [39m[32m200[39m [90m56 ms - 50[39m
[35m[HTTP][39m [90m[39m
[35m[HTTP][39m [37m-->[39m [37mPOST[39m [37m/wd/hub/session/59ba213f-6fd4-4958-b30a-a4b27764e625/elements[39m
[35m[HTTP][39m [90m{"using":"-android uiautomator","value":"new UiSelector().className(\"android.widget.TextView\").text(\"Silk board bus stand, Central Silk Board Colony, Stage 2, BTM Layout, Bengaluru, Karnataka, India\")"}[39m
[35m[HTTP][39m [37m<-- POST /wd/hub/session/59ba213f-6fd4-4958-b30a-a4b27764e625/elements [39m[32m200[39m [90m1151 ms - 139[39m
[35m[HTTP][39m [90m[39m
[35m[HTTP][39m [37m-->[39m [37mGET[39m [37m/wd/hub/session/59ba213f-6fd4-4958-b30a-a4b27764e625/element/9a67171b-fb0d-45c9-afa3-7b7026544ddf/location[39m
[35m[HTTP][39m [90m{}[39m
[35m[W3C (59ba213f)][39m Driver proxy active, passing request on via HTTP proxy
[35m[WD Proxy][39m Replacing sessionId 2b703ced-9920-4f6a-9274-6c79aa5b8367 with 59ba213f-6fd4-4958-b30a-a4b27764e625
[35m[HTTP][39m [37m<-- GET /wd/hub/session/59ba213f-6fd4-4958-b30a-a4b27764e625/element/9a67171b-fb0d-45c9-afa3-7b7026544ddf/location [39m[32m200[39m [90m55 ms - 89[39m
[35m[HTTP][39m [90m[39m
[35m[HTTP][39m [37m-->[39m [37mPOST[39m [37m/wd/hub/session/59ba213f-6fd4-4958-b30a-a4b27764e625/timeouts[39m
[35m[HTTP][39m [90m{"implicit":30000}[39m
[35m[HTTP][39m [37m<-- POST /wd/hub/session/59ba213f-6fd4-4958-b30a-a4b27764e625/timeouts [39m[32m200[39m [90m4 ms - 14[39m
[35m[HTTP][39m [90m[39m
[35m[HTTP][39m [37m-->[39m [37mPOST[39m [37m/wd/hub/session/59ba213f-6fd4-4958-b30a-a4b27764e625/touch/perform[39m
[35m[HTTP][39m [90m{"actions":[{"action":"tap","options":{"x":1,"y":1,"element":"9a67171b-fb0d-45c9-afa3-7b7026544ddf"}},{"action":"release","options":{}}]}[39m
[35m[UiAutomator2][39m calling get location: 9a67171b-fb0d-45c9-afa3-7b7026544ddf
[35m[HTTP][39m [37m<-- POST /wd/hub/session/59ba213f-6fd4-4958-b30a-a4b27764e625/touch/perform [39m[32m200[39m [90m1419 ms - 14[39m
[35m[HTTP][39m [90m[39m
[35m[HTTP][39m [37m-->[39m [37mPOST[39m [37m/wd/hub/session/59ba213f-6fd4-4958-b30a-a4b27764e625/timeouts[39m
[35m[HTTP][39m [90m{"implicit":50}[39m
[35m[HTTP][39m [37m<-- POST /wd/hub/session/59ba213f-6fd4-4958-b30a-a4b27764e625/timeouts [39m[32m200[39m [90m5 ms - 14[39m
[35m[HTTP][39m [90m[39m
[35m[HTTP][39m [37m-->[39m [37mGET[39m [37m/wd/hub/session/59ba213f-6fd4-4958-b30a-a4b27764e625/window/rect[39m
[35m[HTTP][39m [90m{}[39m
[35m[HTTP][39m [37m<-- GET /wd/hub/session/59ba213f-6fd4-4958-b30a-a4b27764e625/window/rect [39m[32m200[39m [90m24 ms - 50[39m
[35m[HTTP][39m [90m[39m
[35m[HTTP][39m [37m-->[39m [37mPOST[39m [37m/wd/hub/session/59ba213f-6fd4-4958-b30a-a4b27764e625/elements[39m
[35m[HTTP][39m [90m{"using":"-android uiautomator","value":"new UiSelector().className(\"android.widget.TextView\").text(\"Book Ride\")"}[39m
[35m[HTTP][39m [37m<-- POST /wd/hub/session/59ba213f-6fd4-4958-b30a-a4b27764e625/elements [39m[32m200[39m [90m60 ms - 139[39m
[35m[HTTP][39m [90m[39m
[35m[HTTP][39m [37m-->[39m [37mGET[39m [37m/wd/hub/session/59ba213f-6fd4-4958-b30a-a4b27764e625/element/14fac321-dff2-4e4c-9fc4-e3a9fcddef08/location[39m
[35m[HTTP][39m [90m{}[39m
[35m[W3C (59ba213f)][39m Driver proxy active, passing request on via HTTP proxy
[35m[WD Proxy][39m Replacing sessionId 2b703ced-9920-4f6a-9274-6c79aa5b8367 with 59ba213f-6fd4-4958-b30a-a4b27764e625
[35m[HTTP][39m [37m<-- GET /wd/hub/session/59ba213f-6fd4-4958-b30a-a4b27764e625/element/14fac321-dff2-4e4c-9fc4-e3a9fcddef08/location [39m[32m200[39m [90m38 ms - 90[39m
[35m[HTTP][39m [90m[39m
[35m[HTTP][39m [37m-->[39m [37mPOST[39m [37m/wd/hub/session/59ba213f-6fd4-4958-b30a-a4b27764e625/timeouts[39m
[35m[HTTP][39m [90m{"implicit":30000}[39m
[35m[HTTP][39m [37m<-- POST /wd/hub/session/59ba213f-6fd4-4958-b30a-a4b27764e625/timeouts [39m[32m200[39m [90m3 ms - 14[39m
[35m[HTTP][39m [90m[39m
[35m[HTTP][39m [37m-->[39m [37mPOST[39m [37m/wd/hub/session/59ba213f-6fd4-4958-b30a-a4b27764e625/touch/perform[39m
[35m[HTTP][39m [90m{"actions":[{"action":"tap","options":{"x":1,"y":1,"element":"14fac321-dff2-4e4c-9fc4-e3a9fcddef08"}},{"action":"release","options":{}}]}[39m
[35m[UiAutomator2][39m calling get location: 14fac321-dff2-4e4c-9fc4-e3a9fcddef08
[35m[HTTP][39m [37m<-- POST /wd/hub/session/59ba213f-6fd4-4958-b30a-a4b27764e625/touch/perform [39m[32m200[39m [90m1106 ms - 14[39m
[35m[HTTP][39m [90m[39m
[35m[HTTP][39m [37m-->[39m [37mPOST[39m [37m/wd/hub/session/59ba213f-6fd4-4958-b30a-a4b27764e625/timeouts[39m
[35m[HTTP][39m [90m{"implicit":50}[39m
[35m[HTTP][39m [37m<-- POST /wd/hub/session/59ba213f-6fd4-4958-b30a-a4b27764e625/timeouts [39m[32m200[39m [90m4 ms - 14[39m
[35m[HTTP][39m [90m[39m
[35m[HTTP][39m [37m-->[39m [37mGET[39m [37m/wd/hub/session/59ba213f-6fd4-4958-b30a-a4b27764e625/window/rect[39m
[35m[HTTP][39m [90m{}[39m
[35m[HTTP][39m [37m<-- GET /wd/hub/session/59ba213f-6fd4-4958-b30a-a4b27764e625/window/rect [39m[32m200[39m [90m74 ms - 50[39m
[35m[HTTP][39m [90m[39m
[35m[HTTP][39m [37m-->[39m [37mPOST[39m [37m/wd/hub/session/59ba213f-6fd4-4958-b30a-a4b27764e625/elements[39m
[35m[HTTP][39m [90m{"using":"-android uiautomator","value":"new UiSelector().className(\"android.widget.TextView\").text(\"Request Taxi\")"}[39m
[35m[HTTP][39m [37m<-- POST /wd/hub/session/59ba213f-6fd4-4958-b30a-a4b27764e625/elements [39m[32m200[39m [90m126 ms - 139[39m
[35m[HTTP][39m [90m[39m
[35m[HTTP][39m [37m-->[39m [37mGET[39m [37m/wd/hub/session/59ba213f-6fd4-4958-b30a-a4b27764e625/element/866e4199-afa8-40c3-86ee-a6730e4c925a/location[39m
[35m[HTTP][39m [90m{}[39m
[35m[W3C (59ba213f)][39m Driver proxy active, passing request on via HTTP proxy
[35m[WD Proxy][39m Replacing sessionId 2b703ced-9920-4f6a-9274-6c79aa5b8367 with 59ba213f-6fd4-4958-b30a-a4b27764e625
[35m[HTTP][39m [37m<-- GET /wd/hub/session/59ba213f-6fd4-4958-b30a-a4b27764e625/element/866e4199-afa8-40c3-86ee-a6730e4c925a/location [39m[32m200[39m [90m47 ms - 90[39m
[35m[HTTP][39m [90m[39m
[35m[HTTP][39m [37m-->[39m [37mPOST[39m [37m/wd/hub/session/59ba213f-6fd4-4958-b30a-a4b27764e625/timeouts[39m
[35m[HTTP][39m [90m{"implicit":30000}[39m
[35m[HTTP][39m [37m<-- POST /wd/hub/session/59ba213f-6fd4-4958-b30a-a4b27764e625/timeouts [39m[32m200[39m [90m2 ms - 14[39m
[35m[HTTP][39m [90m[39m
[35m[HTTP][39m [37m-->[39m [37mPOST[39m [37m/wd/hub/session/59ba213f-6fd4-4958-b30a-a4b27764e625/touch/perform[39m
[35m[HTTP][39m [90m{"actions":[{"action":"tap","options":{"x":1,"y":1,"element":"866e4199-afa8-40c3-86ee-a6730e4c925a"}},{"action":"release","options":{}}]}[39m
[35m[UiAutomator2][39m calling get location: 866e4199-afa8-40c3-86ee-a6730e4c925a
[35m[HTTP][39m [37m<-- POST /wd/hub/session/59ba213f-6fd4-4958-b30a-a4b27764e625/touch/perform [39m[32m200[39m [90m1286 ms - 14[39m
[35m[HTTP][39m [90m[39m
[35m[BaseDriver][39m Shutting down because we waited 1800 seconds for a command
[35m[Appium][39m Closing session, cause was 'New Command Timeout of 1800 seconds expired. Try customizing the timeout using the 'newCommandTimeout' desired capability'
[35m[Appium][39m Removing session 59ba213f-6fd4-4958-b30a-a4b27764e625 from our master session list
[35m[WD Proxy][39m Got an unexpected response: {"code":"ECONNRESET"}
[35m[UiAutomator2][39m Did not get confirmation UiAutomator2 deleteSession worked; Error was: UnknownError: An unknown server-side error occurred while processing the command. Original error: Could not proxy command to remote server. Original error: Error: socket hang up
[35m[ADB][39m io.nativebase.market.geekyants.taxiapprider was not uninstalled, because it was not present on the device
[35m[UiAutomator2][39m Restoring hidden api policy to the device default configuration
[35m[Appium][39m Received SIGTERM - shutting down
