[35m[Appium][39m Welcome to Appium v1.14.0
[35m[Appium][39m Non-default server args:
[35m[Appium][39m   port: 63292
[35m[Appium][39m   loglevel: info
[35m[Appium][39m   chromeDriverPort: 63295
[35m[Appium][39m   tmpDir: /var/folders/38/x4crs4qx0hn0r3_szny2t9sw0000gn/T//Katalon/Appium/Temp1565897318224
[35m[Appium][39m Appium REST http interface listener started on 0.0.0.0:63292
[35m[HTTP][39m [37m-->[39m [37mGET[39m [37m/wd/hub/status[39m
[35m[HTTP][39m [90m{}[39m
[35m[HTTP][39m [37m<-- GET /wd/hub/status [39m[32m200[39m [90m10 ms - 68[39m
[35m[HTTP][39m [90m[39m
[35m[HTTP][39m [37m-->[39m [37mPOST[39m [37m/wd/hub/session[39m
[35m[HTTP][39m [90m{"desiredCapabilities":{"app":"/Users/sumittulsyan/Downloads/app-release (1).apk","noReset":true,"deviceName":"emulator-5554 (Android SDK built for x86 - Android 9)","fullReset":false,"platform":"ANDROID","newCommandTimeout":1800,"platformVersion":"9","automationName":"uiautomator2","autoGrantPermissions":true,"platformName":"Android","udid":"emulator-5554","systemPort":63291},"capabilities":{"firstMatch":[{"appium:app":"/Users/sumittulsyan/Downloads/app-release (1).apk","appium:autoGrantPermissions":true,"appium:automationName":"uiautomator2","appium:deviceName":"emulator-5554 (Android SDK built for x86 - Android 9)","appium:fullReset":false,"appium:newCommandTimeout":1800,"appium:noReset":true,"platform":"ANDROID","platformName":"android","appium:platformVersion":"9","appium:systemPort":63291,"appium:udid":"emulator-5554"}]}}[39m
[35m[BaseDriver][39m The capabilities ["platform"] are not standard capabilities and should have an extension prefix
[35m[Appium][39m Appium v1.14.0 creating new AndroidUiautomator2Driver (v1.33.1) session
[35m[Appium][39m Capabilities:
[35m[Appium][39m   platform: ANDROID
[35m[Appium][39m   platformName: android
[35m[Appium][39m   app: /Users/sumittulsyan/Downloads/app-release (1).apk
[35m[Appium][39m   autoGrantPermissions: true
[35m[Appium][39m   automationName: uiautomator2
[35m[Appium][39m   deviceName: emulator-5554 (Android SDK built for x86 - Android 9)
[35m[Appium][39m   fullReset: false
[35m[Appium][39m   newCommandTimeout: 1800
[35m[Appium][39m   noReset: true
[35m[Appium][39m   platformVersion: 9
[35m[Appium][39m   systemPort: 63291
[35m[Appium][39m   udid: emulator-5554
[35m[BaseDriver][39m The following capabilities were provided, but are not recognized by Appium:
[35m[BaseDriver][39m   platform
[35m[BaseDriver][39m Session created with session id: 7d940957-f6f1-41e5-ba8a-e8c2d3a09254
[35m[BaseDriver][39m Using local app '/Users/sumittulsyan/Downloads/app-release (1).apk'
[35m[ADB][39m Found 1 'build-tools' folders under '/Users/sumittulsyan/.katalon/tools/android_sdk' (newest first):
[35m[ADB][39m     /Users/sumittulsyan/.katalon/tools/android_sdk/build-tools/29.0.1
[35m[ADB][39m Using 'adb' from '/Users/sumittulsyan/.katalon/tools/android_sdk/platform-tools/adb'
[35m[AndroidDriver][39m Retrieving device list
[35m[AndroidDriver][39m Using device: emulator-5554
[35m[ADB][39m Using 'adb' from '/Users/sumittulsyan/.katalon/tools/android_sdk/platform-tools/adb'
[35m[UiAutomator2][39m Relaxing hidden api policy
[35m[ADB][39m Using 'apkanalyzer' from '/Users/sumittulsyan/.katalon/tools/android_sdk/tools/bin/apkanalyzer'
[35m[ADB][39m Using the alternative activity name detection method because of: Command '/Users/sumittulsyan/.katalon/tools/android_sdk/tools/bin/apkanalyzer -h manifest print '/Users/sumittulsyan/Downloads/app-release (1).apk'' exited with code 2
[35m[ADB][39m Using 'aapt' from '/Users/sumittulsyan/.katalon/tools/android_sdk/build-tools/29.0.1/aapt'
[35m[ADB][39m Extracting package and launch activity from manifest
[35m[ADB][39m Package name: 'io.nativebase.market.geekyants.taxiapprider'
[35m[ADB][39m Main activity name: 'io.nativebase.market.geekyants.taxiapprider.MainActivity'
[35m[ADB][39m Using 'apksigner' from '/Users/sumittulsyan/.katalon/tools/android_sdk/build-tools/29.0.1/apksigner'
[35m[UiAutomator2][39m Server packages are not going to be (re)installed
[35m[UiAutomator2][39m Starting UIAutomator2 server 3.7.0
[35m[UiAutomator2][39m Using UIAutomator2 server from '/Users/sumittulsyan/Downloads/appium-mobile-test/node_modules/appium-uiautomator2-server/apks/appium-uiautomator2-server-v3.7.0.apk' and test from '/Users/sumittulsyan/Downloads/appium-mobile-test/node_modules/appium-uiautomator2-server/apks/appium-uiautomator2-server-debug-androidTest.apk'
[35m[UiAutomator2][39m Waiting up to 30000ms for UiAutomator2 to be online...
[35m[WD Proxy][39m Got an unexpected response: {"code":"ECONNRESET"}
[35m[WD Proxy][39m Got an unexpected response: {"code":"ECONNRESET"}
[35m[AndroidDriver][39m Screen already unlocked, doing nothing
[35m[UiAutomator2][39m UiAutomator2 did not start the activity we were waiting for, 'io.nativebase.market.geekyants.taxiapprider/io.nativebase.market.geekyants.taxiapprider.MainActivity'. Starting it ourselves
[35m[Appium][39m New AndroidUiautomator2Driver session created successfully, session 7d940957-f6f1-41e5-ba8a-e8c2d3a09254 added to master session list
[35m[HTTP][39m [37m<-- POST /wd/hub/session [39m[32m200[39m [90m12440 ms - 1271[39m
[35m[HTTP][39m [90m[39m
[35m[HTTP][39m [37m-->[39m [37mGET[39m [37m/wd/hub/session/7d940957-f6f1-41e5-ba8a-e8c2d3a09254[39m
[35m[HTTP][39m [90m{}[39m
[35m[HTTP][39m [37m<-- GET /wd/hub/session/7d940957-f6f1-41e5-ba8a-e8c2d3a09254 [39m[32m200[39m [90m90 ms - 1203[39m
[35m[HTTP][39m [90m[39m
[35m[HTTP][39m [37m-->[39m [37mGET[39m [37m/wd/hub/session/7d940957-f6f1-41e5-ba8a-e8c2d3a09254[39m
[35m[HTTP][39m [90m{}[39m
[35m[HTTP][39m [37m<-- GET /wd/hub/session/7d940957-f6f1-41e5-ba8a-e8c2d3a09254 [39m[32m200[39m [90m67 ms - 1203[39m
[35m[HTTP][39m [90m[39m
[35m[HTTP][39m [37m-->[39m [37mGET[39m [37m/wd/hub/status[39m
[35m[HTTP][39m [90m{}[39m
[35m[HTTP][39m [37m<-- GET /wd/hub/status [39m[32m200[39m [90m1 ms - 68[39m
[35m[HTTP][39m [90m[39m
[35m[HTTP][39m [37m-->[39m [37mPOST[39m [37m/wd/hub/session/7d940957-f6f1-41e5-ba8a-e8c2d3a09254/timeouts[39m
[35m[HTTP][39m [90m{"implicit":30000}[39m
[35m[HTTP][39m [37m<-- POST /wd/hub/session/7d940957-f6f1-41e5-ba8a-e8c2d3a09254/timeouts [39m[32m200[39m [90m4 ms - 14[39m
[35m[HTTP][39m [90m[39m
[35m[HTTP][39m [37m-->[39m [37mPOST[39m [37m/wd/hub/session/7d940957-f6f1-41e5-ba8a-e8c2d3a09254/timeouts[39m
[35m[HTTP][39m [90m{"implicit":50}[39m
[35m[HTTP][39m [37m<-- POST /wd/hub/session/7d940957-f6f1-41e5-ba8a-e8c2d3a09254/timeouts [39m[32m200[39m [90m2 ms - 14[39m
[35m[HTTP][39m [90m[39m
[35m[HTTP][39m [37m-->[39m [37mGET[39m [37m/wd/hub/session/7d940957-f6f1-41e5-ba8a-e8c2d3a09254/window/rect[39m
[35m[HTTP][39m [90m{}[39m
[35m[HTTP][39m [37m<-- GET /wd/hub/session/7d940957-f6f1-41e5-ba8a-e8c2d3a09254/window/rect [39m[32m200[39m [90m32 ms - 50[39m
[35m[HTTP][39m [90m[39m
[35m[HTTP][39m [37m-->[39m [37mPOST[39m [37m/wd/hub/session/7d940957-f6f1-41e5-ba8a-e8c2d3a09254/elements[39m
[35m[HTTP][39m [90m{"using":"-android uiautomator","value":"new UiSelector().className(\"android.widget.TextView\").text(\"Bannerghatta Main Road, BTM Layout, 2nd Stage, 2nd Main Road, No 18, First Floor, Bengaluru, Karnataka 560076, India\")"}[39m
[35m[HTTP][39m [37m<-- POST /wd/hub/session/7d940957-f6f1-41e5-ba8a-e8c2d3a09254/elements [39m[32m200[39m [90m118 ms - 12[39m
[35m[HTTP][39m [90m[39m
[35m[HTTP][39m [37m-->[39m [37mPOST[39m [37m/wd/hub/session/7d940957-f6f1-41e5-ba8a-e8c2d3a09254/elements[39m
[35m[HTTP][39m [90m{"using":"-android uiautomator","value":"new UiSelector().className(\"android.widget.TextView\").text(\"Bannerghatta Main Road, BTM Layout, 2nd Stage, 2nd Main Road, No 18, First Floor, Bengaluru, Karnataka 560076, India\")"}[39m
[35m[HTTP][39m [37m<-- POST /wd/hub/session/7d940957-f6f1-41e5-ba8a-e8c2d3a09254/elements [39m[32m200[39m [90m177 ms - 12[39m
[35m[HTTP][39m [90m[39m
[35m[HTTP][39m [37m-->[39m [37mPOST[39m [37m/wd/hub/session/7d940957-f6f1-41e5-ba8a-e8c2d3a09254/elements[39m
[35m[HTTP][39m [90m{"using":"-android uiautomator","value":"new UiSelector().className(\"android.widget.TextView\").text(\"Bannerghatta Main Road, BTM Layout, 2nd Stage, 2nd Main Road, No 18, First Floor, Bengaluru, Karnataka 560076, India\")"}[39m
[35m[HTTP][39m [37m<-- POST /wd/hub/session/7d940957-f6f1-41e5-ba8a-e8c2d3a09254/elements [39m[32m200[39m [90m104 ms - 12[39m
[35m[HTTP][39m [90m[39m
[35m[HTTP][39m [37m-->[39m [37mPOST[39m [37m/wd/hub/session/7d940957-f6f1-41e5-ba8a-e8c2d3a09254/elements[39m
[35m[HTTP][39m [90m{"using":"-android uiautomator","value":"new UiSelector().className(\"android.widget.TextView\").text(\"Bannerghatta Main Road, BTM Layout, 2nd Stage, 2nd Main Road, No 18, First Floor, Bengaluru, Karnataka 560076, India\")"}[39m
[35m[HTTP][39m [37m<-- POST /wd/hub/session/7d940957-f6f1-41e5-ba8a-e8c2d3a09254/elements [39m[32m200[39m [90m151 ms - 12[39m
[35m[HTTP][39m [90m[39m
[35m[HTTP][39m [37m-->[39m [37mPOST[39m [37m/wd/hub/session/7d940957-f6f1-41e5-ba8a-e8c2d3a09254/elements[39m
[35m[HTTP][39m [90m{"using":"-android uiautomator","value":"new UiSelector().className(\"android.widget.TextView\").text(\"Bannerghatta Main Road, BTM Layout, 2nd Stage, 2nd Main Road, No 18, First Floor, Bengaluru, Karnataka 560076, India\")"}[39m
[35m[HTTP][39m [37m<-- POST /wd/hub/session/7d940957-f6f1-41e5-ba8a-e8c2d3a09254/elements [39m[32m200[39m [90m52 ms - 12[39m
[35m[HTTP][39m [90m[39m
[35m[HTTP][39m [37m-->[39m [37mPOST[39m [37m/wd/hub/session/7d940957-f6f1-41e5-ba8a-e8c2d3a09254/elements[39m
[35m[HTTP][39m [90m{"using":"-android uiautomator","value":"new UiSelector().className(\"android.widget.TextView\").text(\"Bannerghatta Main Road, BTM Layout, 2nd Stage, 2nd Main Road, No 18, First Floor, Bengaluru, Karnataka 560076, India\")"}[39m
[35m[HTTP][39m [37m<-- POST /wd/hub/session/7d940957-f6f1-41e5-ba8a-e8c2d3a09254/elements [39m[32m200[39m [90m255 ms - 12[39m
[35m[HTTP][39m [90m[39m
[35m[HTTP][39m [37m-->[39m [37mPOST[39m [37m/wd/hub/session/7d940957-f6f1-41e5-ba8a-e8c2d3a09254/elements[39m
[35m[HTTP][39m [90m{"using":"-android uiautomator","value":"new UiSelector().className(\"android.widget.TextView\").text(\"Bannerghatta Main Road, BTM Layout, 2nd Stage, 2nd Main Road, No 18, First Floor, Bengaluru, Karnataka 560076, India\")"}[39m
[35m[HTTP][39m [37m<-- POST /wd/hub/session/7d940957-f6f1-41e5-ba8a-e8c2d3a09254/elements [39m[32m200[39m [90m180 ms - 12[39m
[35m[HTTP][39m [90m[39m
[35m[HTTP][39m [37m-->[39m [37mPOST[39m [37m/wd/hub/session/7d940957-f6f1-41e5-ba8a-e8c2d3a09254/elements[39m
[35m[HTTP][39m [90m{"using":"-android uiautomator","value":"new UiSelector().className(\"android.widget.TextView\").text(\"Bannerghatta Main Road, BTM Layout, 2nd Stage, 2nd Main Road, No 18, First Floor, Bengaluru, Karnataka 560076, India\")"}[39m
[35m[HTTP][39m [37m<-- POST /wd/hub/session/7d940957-f6f1-41e5-ba8a-e8c2d3a09254/elements [39m[32m200[39m [90m114 ms - 12[39m
[35m[HTTP][39m [90m[39m
[35m[HTTP][39m [37m-->[39m [37mPOST[39m [37m/wd/hub/session/7d940957-f6f1-41e5-ba8a-e8c2d3a09254/elements[39m
[35m[HTTP][39m [90m{"using":"-android uiautomator","value":"new UiSelector().className(\"android.widget.TextView\").text(\"Bannerghatta Main Road, BTM Layout, 2nd Stage, 2nd Main Road, No 18, First Floor, Bengaluru, Karnataka 560076, India\")"}[39m
[35m[HTTP][39m [37m<-- POST /wd/hub/session/7d940957-f6f1-41e5-ba8a-e8c2d3a09254/elements [39m[32m200[39m [90m619 ms - 12[39m
[35m[HTTP][39m [90m[39m
[35m[HTTP][39m [37m-->[39m [37mPOST[39m [37m/wd/hub/session/7d940957-f6f1-41e5-ba8a-e8c2d3a09254/elements[39m
[35m[HTTP][39m [90m{"using":"-android uiautomator","value":"new UiSelector().className(\"android.widget.TextView\").text(\"Bannerghatta Main Road, BTM Layout, 2nd Stage, 2nd Main Road, No 18, First Floor, Bengaluru, Karnataka 560076, India\")"}[39m
[35m[HTTP][39m [37m<-- POST /wd/hub/session/7d940957-f6f1-41e5-ba8a-e8c2d3a09254/elements [39m[32m200[39m [90m116 ms - 12[39m
[35m[HTTP][39m [90m[39m
[35m[HTTP][39m [37m-->[39m [37mPOST[39m [37m/wd/hub/session/7d940957-f6f1-41e5-ba8a-e8c2d3a09254/elements[39m
[35m[HTTP][39m [90m{"using":"-android uiautomator","value":"new UiSelector().className(\"android.widget.TextView\").text(\"Bannerghatta Main Road, BTM Layout, 2nd Stage, 2nd Main Road, No 18, First Floor, Bengaluru, Karnataka 560076, India\")"}[39m
[35m[HTTP][39m [37m<-- POST /wd/hub/session/7d940957-f6f1-41e5-ba8a-e8c2d3a09254/elements [39m[32m200[39m [90m239 ms - 12[39m
[35m[HTTP][39m [90m[39m
[35m[HTTP][39m [37m-->[39m [37mPOST[39m [37m/wd/hub/session/7d940957-f6f1-41e5-ba8a-e8c2d3a09254/elements[39m
[35m[HTTP][39m [90m{"using":"-android uiautomator","value":"new UiSelector().className(\"android.widget.TextView\").text(\"Bannerghatta Main Road, BTM Layout, 2nd Stage, 2nd Main Road, No 18, First Floor, Bengaluru, Karnataka 560076, India\")"}[39m
[35m[HTTP][39m [37m<-- POST /wd/hub/session/7d940957-f6f1-41e5-ba8a-e8c2d3a09254/elements [39m[32m200[39m [90m135 ms - 12[39m
[35m[HTTP][39m [90m[39m
[35m[HTTP][39m [37m-->[39m [37mPOST[39m [37m/wd/hub/session/7d940957-f6f1-41e5-ba8a-e8c2d3a09254/elements[39m
[35m[HTTP][39m [90m{"using":"-android uiautomator","value":"new UiSelector().className(\"android.widget.TextView\").text(\"Bannerghatta Main Road, BTM Layout, 2nd Stage, 2nd Main Road, No 18, First Floor, Bengaluru, Karnataka 560076, India\")"}[39m
[35m[HTTP][39m [37m<-- POST /wd/hub/session/7d940957-f6f1-41e5-ba8a-e8c2d3a09254/elements [39m[32m200[39m [90m179 ms - 12[39m
[35m[HTTP][39m [90m[39m
[35m[HTTP][39m [37m-->[39m [37mPOST[39m [37m/wd/hub/session/7d940957-f6f1-41e5-ba8a-e8c2d3a09254/elements[39m
[35m[HTTP][39m [90m{"using":"-android uiautomator","value":"new UiSelector().className(\"android.widget.TextView\").text(\"Bannerghatta Main Road, BTM Layout, 2nd Stage, 2nd Main Road, No 18, First Floor, Bengaluru, Karnataka 560076, India\")"}[39m
[35m[HTTP][39m [37m<-- POST /wd/hub/session/7d940957-f6f1-41e5-ba8a-e8c2d3a09254/elements [39m[32m200[39m [90m1544 ms - 12[39m
[35m[HTTP][39m [90m[39m
[35m[HTTP][39m [37m-->[39m [37mPOST[39m [37m/wd/hub/session/7d940957-f6f1-41e5-ba8a-e8c2d3a09254/elements[39m
[35m[HTTP][39m [90m{"using":"-android uiautomator","value":"new UiSelector().className(\"android.widget.TextView\").text(\"Bannerghatta Main Road, BTM Layout, 2nd Stage, 2nd Main Road, No 18, First Floor, Bengaluru, Karnataka 560076, India\")"}[39m
[35m[HTTP][39m [37m<-- POST /wd/hub/session/7d940957-f6f1-41e5-ba8a-e8c2d3a09254/elements [39m[32m200[39m [90m137 ms - 12[39m
[35m[HTTP][39m [90m[39m
[35m[HTTP][39m [37m-->[39m [37mPOST[39m [37m/wd/hub/session/7d940957-f6f1-41e5-ba8a-e8c2d3a09254/elements[39m
[35m[HTTP][39m [90m{"using":"-android uiautomator","value":"new UiSelector().className(\"android.widget.TextView\").text(\"Bannerghatta Main Road, BTM Layout, 2nd Stage, 2nd Main Road, No 18, First Floor, Bengaluru, Karnataka 560076, India\")"}[39m
[35m[HTTP][39m [37m<-- POST /wd/hub/session/7d940957-f6f1-41e5-ba8a-e8c2d3a09254/elements [39m[32m200[39m [90m114 ms - 12[39m
[35m[HTTP][39m [90m[39m
[35m[HTTP][39m [37m-->[39m [37mPOST[39m [37m/wd/hub/session/7d940957-f6f1-41e5-ba8a-e8c2d3a09254/elements[39m
[35m[HTTP][39m [90m{"using":"-android uiautomator","value":"new UiSelector().className(\"android.widget.TextView\").text(\"Bannerghatta Main Road, BTM Layout, 2nd Stage, 2nd Main Road, No 18, First Floor, Bengaluru, Karnataka 560076, India\")"}[39m
[35m[HTTP][39m [37m<-- POST /wd/hub/session/7d940957-f6f1-41e5-ba8a-e8c2d3a09254/elements [39m[32m200[39m [90m127 ms - 12[39m
[35m[HTTP][39m [90m[39m
[35m[HTTP][39m [37m-->[39m [37mPOST[39m [37m/wd/hub/session/7d940957-f6f1-41e5-ba8a-e8c2d3a09254/elements[39m
[35m[HTTP][39m [90m{"using":"-android uiautomator","value":"new UiSelector().className(\"android.widget.TextView\").text(\"Bannerghatta Main Road, BTM Layout, 2nd Stage, 2nd Main Road, No 18, First Floor, Bengaluru, Karnataka 560076, India\")"}[39m
[35m[HTTP][39m [37m<-- POST /wd/hub/session/7d940957-f6f1-41e5-ba8a-e8c2d3a09254/elements [39m[32m200[39m [90m60 ms - 12[39m
[35m[HTTP][39m [90m[39m
[35m[HTTP][39m [37m-->[39m [37mPOST[39m [37m/wd/hub/session/7d940957-f6f1-41e5-ba8a-e8c2d3a09254/elements[39m
[35m[HTTP][39m [90m{"using":"-android uiautomator","value":"new UiSelector().className(\"android.widget.TextView\").text(\"Bannerghatta Main Road, BTM Layout, 2nd Stage, 2nd Main Road, No 18, First Floor, Bengaluru, Karnataka 560076, India\")"}[39m
[35m[HTTP][39m [37m<-- POST /wd/hub/session/7d940957-f6f1-41e5-ba8a-e8c2d3a09254/elements [39m[32m200[39m [90m986 ms - 139[39m
[35m[HTTP][39m [90m[39m
[35m[HTTP][39m [37m-->[39m [37mGET[39m [37m/wd/hub/session/7d940957-f6f1-41e5-ba8a-e8c2d3a09254/element/0908a6e7-ead7-499f-8faf-a376bde15eb8/location[39m
[35m[HTTP][39m [90m{}[39m
[35m[W3C (7d940957)][39m Driver proxy active, passing request on via HTTP proxy
[35m[WD Proxy][39m Replacing sessionId e0facfec-90e1-416e-b87d-875cd58abfea with 7d940957-f6f1-41e5-ba8a-e8c2d3a09254
[35m[HTTP][39m [37m<-- GET /wd/hub/session/7d940957-f6f1-41e5-ba8a-e8c2d3a09254/element/0908a6e7-ead7-499f-8faf-a376bde15eb8/location [39m[32m200[39m [90m56 ms - 89[39m
[35m[HTTP][39m [90m[39m
[35m[HTTP][39m [37m-->[39m [37mPOST[39m [37m/wd/hub/session/7d940957-f6f1-41e5-ba8a-e8c2d3a09254/timeouts[39m
[35m[HTTP][39m [90m{"implicit":30000}[39m
[35m[HTTP][39m [37m<-- POST /wd/hub/session/7d940957-f6f1-41e5-ba8a-e8c2d3a09254/timeouts [39m[32m200[39m [90m2 ms - 14[39m
[35m[HTTP][39m [90m[39m
[35m[HTTP][39m [37m-->[39m [37mPOST[39m [37m/wd/hub/session/7d940957-f6f1-41e5-ba8a-e8c2d3a09254/touch/perform[39m
[35m[HTTP][39m [90m{"actions":[{"action":"tap","options":{"x":1,"y":1,"element":"0908a6e7-ead7-499f-8faf-a376bde15eb8"}},{"action":"release","options":{}}]}[39m
[35m[UiAutomator2][39m calling get location: 0908a6e7-ead7-499f-8faf-a376bde15eb8
[35m[HTTP][39m [37m<-- POST /wd/hub/session/7d940957-f6f1-41e5-ba8a-e8c2d3a09254/touch/perform [39m[32m200[39m [90m983 ms - 14[39m
[35m[HTTP][39m [90m[39m
[35m[HTTP][39m [37m-->[39m [37mPOST[39m [37m/wd/hub/session/7d940957-f6f1-41e5-ba8a-e8c2d3a09254/timeouts[39m
[35m[HTTP][39m [90m{"implicit":50}[39m
[35m[HTTP][39m [37m<-- POST /wd/hub/session/7d940957-f6f1-41e5-ba8a-e8c2d3a09254/timeouts [39m[32m200[39m [90m3 ms - 14[39m
[35m[HTTP][39m [90m[39m
[35m[HTTP][39m [37m-->[39m [37mGET[39m [37m/wd/hub/session/7d940957-f6f1-41e5-ba8a-e8c2d3a09254/window/rect[39m
[35m[HTTP][39m [90m{}[39m
[35m[HTTP][39m [37m<-- GET /wd/hub/session/7d940957-f6f1-41e5-ba8a-e8c2d3a09254/window/rect [39m[32m200[39m [90m191 ms - 50[39m
[35m[HTTP][39m [90m[39m
[35m[HTTP][39m [37m-->[39m [37mPOST[39m [37m/wd/hub/session/7d940957-f6f1-41e5-ba8a-e8c2d3a09254/elements[39m
[35m[HTTP][39m [90m{"using":"-android uiautomator","value":"new UiSelector().className(\"android.widget.EditText\").text(\"Search for locality or place\")"}[39m
[35m[HTTP][39m [37m<-- POST /wd/hub/session/7d940957-f6f1-41e5-ba8a-e8c2d3a09254/elements [39m[32m200[39m [90m3411 ms - 139[39m
[35m[HTTP][39m [90m[39m
[35m[HTTP][39m [37m-->[39m [37mGET[39m [37m/wd/hub/session/7d940957-f6f1-41e5-ba8a-e8c2d3a09254/element/f8d23960-65b4-466f-9278-671ba9b9349f/location[39m
[35m[HTTP][39m [90m{}[39m
[35m[W3C (7d940957)][39m Driver proxy active, passing request on via HTTP proxy
[35m[WD Proxy][39m Replacing sessionId e0facfec-90e1-416e-b87d-875cd58abfea with 7d940957-f6f1-41e5-ba8a-e8c2d3a09254
[35m[HTTP][39m [37m<-- GET /wd/hub/session/7d940957-f6f1-41e5-ba8a-e8c2d3a09254/element/f8d23960-65b4-466f-9278-671ba9b9349f/location [39m[32m200[39m [90m432 ms - 88[39m
[35m[HTTP][39m [90m[39m
[35m[HTTP][39m [37m-->[39m [37mPOST[39m [37m/wd/hub/session/7d940957-f6f1-41e5-ba8a-e8c2d3a09254/timeouts[39m
[35m[HTTP][39m [90m{"implicit":30000}[39m
[35m[HTTP][39m [37m<-- POST /wd/hub/session/7d940957-f6f1-41e5-ba8a-e8c2d3a09254/timeouts [39m[32m200[39m [90m7 ms - 14[39m
[35m[HTTP][39m [90m[39m
[35m[HTTP][39m [37m-->[39m [37mPOST[39m [37m/wd/hub/session/7d940957-f6f1-41e5-ba8a-e8c2d3a09254/element/f8d23960-65b4-466f-9278-671ba9b9349f/clear[39m
[35m[HTTP][39m [90m{"id":"f8d23960-65b4-466f-9278-671ba9b9349f"}[39m
[35m[HTTP][39m [37m<-- POST /wd/hub/session/7d940957-f6f1-41e5-ba8a-e8c2d3a09254/element/f8d23960-65b4-466f-9278-671ba9b9349f/clear [39m[32m200[39m [90m264 ms - 27[39m
[35m[HTTP][39m [90m[39m
[35m[HTTP][39m [37m-->[39m [37mPOST[39m [37m/wd/hub/session/7d940957-f6f1-41e5-ba8a-e8c2d3a09254/element/f8d23960-65b4-466f-9278-671ba9b9349f/value[39m
[35m[HTTP][39m [90m{"id":"f8d23960-65b4-466f-9278-671ba9b9349f","text":"geekyants","value":["g","e","e","k","y","a","n","t","s"]}[39m
[35m[HTTP][39m [37m<-- POST /wd/hub/session/7d940957-f6f1-41e5-ba8a-e8c2d3a09254/element/f8d23960-65b4-466f-9278-671ba9b9349f/value [39m[32m200[39m [90m2202 ms - 12[39m
[35m[HTTP][39m [90m[39m
[35m[HTTP][39m [37m-->[39m [37mPOST[39m [37m/wd/hub/session/7d940957-f6f1-41e5-ba8a-e8c2d3a09254/timeouts[39m
[35m[HTTP][39m [90m{"implicit":50}[39m
[35m[HTTP][39m [37m<-- POST /wd/hub/session/7d940957-f6f1-41e5-ba8a-e8c2d3a09254/timeouts [39m[32m200[39m [90m2 ms - 14[39m
[35m[HTTP][39m [90m[39m
[35m[HTTP][39m [37m-->[39m [37mGET[39m [37m/wd/hub/session/7d940957-f6f1-41e5-ba8a-e8c2d3a09254/window/rect[39m
[35m[HTTP][39m [90m{}[39m
[35m[HTTP][39m [37m<-- GET /wd/hub/session/7d940957-f6f1-41e5-ba8a-e8c2d3a09254/window/rect [39m[32m200[39m [90m28 ms - 50[39m
[35m[HTTP][39m [90m[39m
[35m[HTTP][39m [37m-->[39m [37mPOST[39m [37m/wd/hub/session/7d940957-f6f1-41e5-ba8a-e8c2d3a09254/elements[39m
[35m[HTTP][39m [90m{"using":"-android uiautomator","value":"new UiSelector().className(\"android.widget.TextView\").text(\"GeekyAnts Software Pvt Ltd, Industrial Area, Stage 2, BTM 2nd Stage, Bengaluru, Karnataka, India\")"}[39m
[35m[HTTP][39m [37m<-- POST /wd/hub/session/7d940957-f6f1-41e5-ba8a-e8c2d3a09254/elements [39m[32m200[39m [90m1911 ms - 139[39m
[35m[HTTP][39m [90m[39m
[35m[HTTP][39m [37m-->[39m [37mGET[39m [37m/wd/hub/session/7d940957-f6f1-41e5-ba8a-e8c2d3a09254/element/b3751b40-d50e-4f5e-93d1-ce4950f15266/location[39m
[35m[HTTP][39m [90m{}[39m
[35m[W3C (7d940957)][39m Driver proxy active, passing request on via HTTP proxy
[35m[WD Proxy][39m Replacing sessionId e0facfec-90e1-416e-b87d-875cd58abfea with 7d940957-f6f1-41e5-ba8a-e8c2d3a09254
[35m[HTTP][39m [37m<-- GET /wd/hub/session/7d940957-f6f1-41e5-ba8a-e8c2d3a09254/element/b3751b40-d50e-4f5e-93d1-ce4950f15266/location [39m[32m200[39m [90m235 ms - 89[39m
[35m[HTTP][39m [90m[39m
[35m[HTTP][39m [37m-->[39m [37mPOST[39m [37m/wd/hub/session/7d940957-f6f1-41e5-ba8a-e8c2d3a09254/timeouts[39m
[35m[HTTP][39m [90m{"implicit":30000}[39m
[35m[HTTP][39m [37m<-- POST /wd/hub/session/7d940957-f6f1-41e5-ba8a-e8c2d3a09254/timeouts [39m[32m200[39m [90m2 ms - 14[39m
[35m[HTTP][39m [90m[39m
[35m[HTTP][39m [37m-->[39m [37mPOST[39m [37m/wd/hub/session/7d940957-f6f1-41e5-ba8a-e8c2d3a09254/touch/perform[39m
[35m[HTTP][39m [90m{"actions":[{"action":"tap","options":{"x":1,"y":1,"element":"b3751b40-d50e-4f5e-93d1-ce4950f15266"}},{"action":"release","options":{}}]}[39m
[35m[UiAutomator2][39m calling get location: b3751b40-d50e-4f5e-93d1-ce4950f15266
[35m[HTTP][39m [37m<-- POST /wd/hub/session/7d940957-f6f1-41e5-ba8a-e8c2d3a09254/touch/perform [39m[32m200[39m [90m2004 ms - 14[39m
[35m[HTTP][39m [90m[39m
[35m[HTTP][39m [37m-->[39m [37mPOST[39m [37m/wd/hub/session/7d940957-f6f1-41e5-ba8a-e8c2d3a09254/timeouts[39m
[35m[HTTP][39m [90m{"implicit":50}[39m
[35m[HTTP][39m [37m<-- POST /wd/hub/session/7d940957-f6f1-41e5-ba8a-e8c2d3a09254/timeouts [39m[32m200[39m [90m3 ms - 14[39m
[35m[HTTP][39m [90m[39m
[35m[HTTP][39m [37m-->[39m [37mGET[39m [37m/wd/hub/session/7d940957-f6f1-41e5-ba8a-e8c2d3a09254/window/rect[39m
[35m[HTTP][39m [90m{}[39m
[35m[HTTP][39m [37m<-- GET /wd/hub/session/7d940957-f6f1-41e5-ba8a-e8c2d3a09254/window/rect [39m[32m200[39m [90m49 ms - 50[39m
[35m[HTTP][39m [90m[39m
[35m[HTTP][39m [37m-->[39m [37mPOST[39m [37m/wd/hub/session/7d940957-f6f1-41e5-ba8a-e8c2d3a09254/elements[39m
[35m[HTTP][39m [90m{"using":"-android uiautomator","value":"new UiSelector().className(\"android.widget.TextView\").text(\"Enter Drop Location\")"}[39m
[35m[HTTP][39m [37m<-- POST /wd/hub/session/7d940957-f6f1-41e5-ba8a-e8c2d3a09254/elements [39m[32m200[39m [90m2636 ms - 139[39m
[35m[HTTP][39m [90m[39m
[35m[HTTP][39m [37m-->[39m [37mGET[39m [37m/wd/hub/session/7d940957-f6f1-41e5-ba8a-e8c2d3a09254/element/f1c156fa-b4d2-4d23-b382-11771160d728/location[39m
[35m[HTTP][39m [90m{}[39m
[35m[W3C (7d940957)][39m Driver proxy active, passing request on via HTTP proxy
[35m[WD Proxy][39m Replacing sessionId e0facfec-90e1-416e-b87d-875cd58abfea with 7d940957-f6f1-41e5-ba8a-e8c2d3a09254
[35m[HTTP][39m [37m<-- GET /wd/hub/session/7d940957-f6f1-41e5-ba8a-e8c2d3a09254/element/f1c156fa-b4d2-4d23-b382-11771160d728/location [39m[32m200[39m [90m324 ms - 89[39m
[35m[HTTP][39m [90m[39m
[35m[HTTP][39m [37m-->[39m [37mPOST[39m [37m/wd/hub/session/7d940957-f6f1-41e5-ba8a-e8c2d3a09254/timeouts[39m
[35m[HTTP][39m [90m{"implicit":30000}[39m
[35m[HTTP][39m [37m<-- POST /wd/hub/session/7d940957-f6f1-41e5-ba8a-e8c2d3a09254/timeouts [39m[32m200[39m [90m4 ms - 14[39m
[35m[HTTP][39m [90m[39m
[35m[HTTP][39m [37m-->[39m [37mPOST[39m [37m/wd/hub/session/7d940957-f6f1-41e5-ba8a-e8c2d3a09254/touch/perform[39m
[35m[HTTP][39m [90m{"actions":[{"action":"tap","options":{"x":1,"y":1,"element":"f1c156fa-b4d2-4d23-b382-11771160d728"}},{"action":"release","options":{}}]}[39m
[35m[UiAutomator2][39m calling get location: f1c156fa-b4d2-4d23-b382-11771160d728
[35m[HTTP][39m [37m<-- POST /wd/hub/session/7d940957-f6f1-41e5-ba8a-e8c2d3a09254/touch/perform [39m[32m200[39m [90m2749 ms - 14[39m
[35m[HTTP][39m [90m[39m
[35m[HTTP][39m [37m-->[39m [37mPOST[39m [37m/wd/hub/session/7d940957-f6f1-41e5-ba8a-e8c2d3a09254/timeouts[39m
[35m[HTTP][39m [90m{"implicit":50}[39m
[35m[HTTP][39m [37m<-- POST /wd/hub/session/7d940957-f6f1-41e5-ba8a-e8c2d3a09254/timeouts [39m[32m200[39m [90m5 ms - 14[39m
[35m[HTTP][39m [90m[39m
[35m[HTTP][39m [37m-->[39m [37mGET[39m [37m/wd/hub/session/7d940957-f6f1-41e5-ba8a-e8c2d3a09254/window/rect[39m
[35m[HTTP][39m [90m{}[39m
[35m[HTTP][39m [37m<-- GET /wd/hub/session/7d940957-f6f1-41e5-ba8a-e8c2d3a09254/window/rect [39m[32m200[39m [90m169 ms - 50[39m
[35m[HTTP][39m [90m[39m
[35m[HTTP][39m [37m-->[39m [37mPOST[39m [37m/wd/hub/session/7d940957-f6f1-41e5-ba8a-e8c2d3a09254/elements[39m
[35m[HTTP][39m [90m{"using":"-android uiautomator","value":"new UiSelector().className(\"android.widget.EditText\").text(\"Search for locality or place\")"}[39m
[35m[HTTP][39m [37m<-- POST /wd/hub/session/7d940957-f6f1-41e5-ba8a-e8c2d3a09254/elements [39m[32m200[39m [90m795 ms - 139[39m
[35m[HTTP][39m [90m[39m
[35m[HTTP][39m [37m-->[39m [37mGET[39m [37m/wd/hub/session/7d940957-f6f1-41e5-ba8a-e8c2d3a09254/element/998f309a-aff4-4630-b86b-220e4e37eee9/location[39m
[35m[HTTP][39m [90m{}[39m
[35m[W3C (7d940957)][39m Driver proxy active, passing request on via HTTP proxy
[35m[WD Proxy][39m Replacing sessionId e0facfec-90e1-416e-b87d-875cd58abfea with 7d940957-f6f1-41e5-ba8a-e8c2d3a09254
[35m[HTTP][39m [37m<-- GET /wd/hub/session/7d940957-f6f1-41e5-ba8a-e8c2d3a09254/element/998f309a-aff4-4630-b86b-220e4e37eee9/location [39m[32m200[39m [90m683 ms - 88[39m
[35m[HTTP][39m [90m[39m
[35m[HTTP][39m [37m-->[39m [37mPOST[39m [37m/wd/hub/session/7d940957-f6f1-41e5-ba8a-e8c2d3a09254/timeouts[39m
[35m[HTTP][39m [90m{"implicit":30000}[39m
[35m[HTTP][39m [37m<-- POST /wd/hub/session/7d940957-f6f1-41e5-ba8a-e8c2d3a09254/timeouts [39m[32m200[39m [90m2 ms - 14[39m
[35m[HTTP][39m [90m[39m
[35m[HTTP][39m [37m-->[39m [37mPOST[39m [37m/wd/hub/session/7d940957-f6f1-41e5-ba8a-e8c2d3a09254/element/998f309a-aff4-4630-b86b-220e4e37eee9/clear[39m
[35m[HTTP][39m [90m{"id":"998f309a-aff4-4630-b86b-220e4e37eee9"}[39m
[35m[HTTP][39m [37m<-- POST /wd/hub/session/7d940957-f6f1-41e5-ba8a-e8c2d3a09254/element/998f309a-aff4-4630-b86b-220e4e37eee9/clear [39m[32m200[39m [90m968 ms - 27[39m
[35m[HTTP][39m [90m[39m
[35m[HTTP][39m [37m-->[39m [37mPOST[39m [37m/wd/hub/session/7d940957-f6f1-41e5-ba8a-e8c2d3a09254/element/998f309a-aff4-4630-b86b-220e4e37eee9/value[39m
[35m[HTTP][39m [90m{"id":"998f309a-aff4-4630-b86b-220e4e37eee9","text":"silk board","value":["s","i","l","k"," ","b","o","a","r","d"]}[39m
[35m[HTTP][39m [37m<-- POST /wd/hub/session/7d940957-f6f1-41e5-ba8a-e8c2d3a09254/element/998f309a-aff4-4630-b86b-220e4e37eee9/value [39m[32m200[39m [90m2418 ms - 12[39m
[35m[HTTP][39m [90m[39m
[35m[HTTP][39m [37m-->[39m [37mPOST[39m [37m/wd/hub/session/7d940957-f6f1-41e5-ba8a-e8c2d3a09254/timeouts[39m
[35m[HTTP][39m [90m{"implicit":50}[39m
[35m[HTTP][39m [37m<-- POST /wd/hub/session/7d940957-f6f1-41e5-ba8a-e8c2d3a09254/timeouts [39m[32m200[39m [90m4 ms - 14[39m
[35m[HTTP][39m [90m[39m
[35m[HTTP][39m [37m-->[39m [37mGET[39m [37m/wd/hub/session/7d940957-f6f1-41e5-ba8a-e8c2d3a09254/window/rect[39m
[35m[HTTP][39m [90m{}[39m
[35m[HTTP][39m [37m<-- GET /wd/hub/session/7d940957-f6f1-41e5-ba8a-e8c2d3a09254/window/rect [39m[32m200[39m [90m42 ms - 50[39m
[35m[HTTP][39m [90m[39m
[35m[HTTP][39m [37m-->[39m [37mPOST[39m [37m/wd/hub/session/7d940957-f6f1-41e5-ba8a-e8c2d3a09254/elements[39m
[35m[HTTP][39m [90m{"using":"-android uiautomator","value":"new UiSelector().className(\"android.widget.TextView\").text(\"Silk board bus stand, Central Silk Board Colony, Stage 2, BTM Layout, Bengaluru, Karnataka, India\")"}[39m
[35m[HTTP][39m [37m<-- POST /wd/hub/session/7d940957-f6f1-41e5-ba8a-e8c2d3a09254/elements [39m[32m200[39m [90m1992 ms - 139[39m
[35m[HTTP][39m [90m[39m
[35m[HTTP][39m [37m-->[39m [37mGET[39m [37m/wd/hub/session/7d940957-f6f1-41e5-ba8a-e8c2d3a09254/element/c50426f4-228e-4902-bd69-c8e27dcfeb24/location[39m
[35m[HTTP][39m [90m{}[39m
[35m[W3C (7d940957)][39m Driver proxy active, passing request on via HTTP proxy
[35m[WD Proxy][39m Replacing sessionId e0facfec-90e1-416e-b87d-875cd58abfea with 7d940957-f6f1-41e5-ba8a-e8c2d3a09254
[35m[HTTP][39m [37m<-- GET /wd/hub/session/7d940957-f6f1-41e5-ba8a-e8c2d3a09254/element/c50426f4-228e-4902-bd69-c8e27dcfeb24/location [39m[32m200[39m [90m242 ms - 89[39m
[35m[HTTP][39m [90m[39m
[35m[HTTP][39m [37m-->[39m [37mPOST[39m [37m/wd/hub/session/7d940957-f6f1-41e5-ba8a-e8c2d3a09254/timeouts[39m
[35m[HTTP][39m [90m{"implicit":30000}[39m
[35m[HTTP][39m [37m<-- POST /wd/hub/session/7d940957-f6f1-41e5-ba8a-e8c2d3a09254/timeouts [39m[32m200[39m [90m3 ms - 14[39m
[35m[HTTP][39m [90m[39m
[35m[HTTP][39m [37m-->[39m [37mPOST[39m [37m/wd/hub/session/7d940957-f6f1-41e5-ba8a-e8c2d3a09254/touch/perform[39m
[35m[HTTP][39m [90m{"actions":[{"action":"tap","options":{"x":1,"y":1,"element":"c50426f4-228e-4902-bd69-c8e27dcfeb24"}},{"action":"release","options":{}}]}[39m
[35m[UiAutomator2][39m calling get location: c50426f4-228e-4902-bd69-c8e27dcfeb24
[35m[HTTP][39m [37m<-- POST /wd/hub/session/7d940957-f6f1-41e5-ba8a-e8c2d3a09254/touch/perform [39m[32m200[39m [90m2249 ms - 14[39m
[35m[HTTP][39m [90m[39m
[35m[HTTP][39m [37m-->[39m [37mPOST[39m [37m/wd/hub/session/7d940957-f6f1-41e5-ba8a-e8c2d3a09254/timeouts[39m
[35m[HTTP][39m [90m{"implicit":50}[39m
[35m[HTTP][39m [37m<-- POST /wd/hub/session/7d940957-f6f1-41e5-ba8a-e8c2d3a09254/timeouts [39m[32m200[39m [90m6 ms - 14[39m
[35m[HTTP][39m [90m[39m
[35m[HTTP][39m [37m-->[39m [37mGET[39m [37m/wd/hub/session/7d940957-f6f1-41e5-ba8a-e8c2d3a09254/window/rect[39m
[35m[HTTP][39m [90m{}[39m
[35m[HTTP][39m [37m<-- GET /wd/hub/session/7d940957-f6f1-41e5-ba8a-e8c2d3a09254/window/rect [39m[32m200[39m [90m121 ms - 50[39m
[35m[HTTP][39m [90m[39m
[35m[HTTP][39m [37m-->[39m [37mPOST[39m [37m/wd/hub/session/7d940957-f6f1-41e5-ba8a-e8c2d3a09254/elements[39m
[35m[HTTP][39m [90m{"using":"-android uiautomator","value":"new UiSelector().className(\"android.widget.TextView\").text(\"Book Ride\")"}[39m
[35m[HTTP][39m [37m<-- POST /wd/hub/session/7d940957-f6f1-41e5-ba8a-e8c2d3a09254/elements [39m[32m200[39m [90m2293 ms - 139[39m
[35m[HTTP][39m [90m[39m
[35m[HTTP][39m [37m-->[39m [37mGET[39m [37m/wd/hub/session/7d940957-f6f1-41e5-ba8a-e8c2d3a09254/element/49a176eb-60f3-49bc-9f09-f644ace456c2/location[39m
[35m[HTTP][39m [90m{}[39m
[35m[W3C (7d940957)][39m Driver proxy active, passing request on via HTTP proxy
[35m[WD Proxy][39m Replacing sessionId e0facfec-90e1-416e-b87d-875cd58abfea with 7d940957-f6f1-41e5-ba8a-e8c2d3a09254
[35m[HTTP][39m [37m<-- GET /wd/hub/session/7d940957-f6f1-41e5-ba8a-e8c2d3a09254/element/49a176eb-60f3-49bc-9f09-f644ace456c2/location [39m[32m200[39m [90m124 ms - 90[39m
[35m[HTTP][39m [90m[39m
[35m[HTTP][39m [37m-->[39m [37mPOST[39m [37m/wd/hub/session/7d940957-f6f1-41e5-ba8a-e8c2d3a09254/timeouts[39m
[35m[HTTP][39m [90m{"implicit":30000}[39m
[35m[HTTP][39m [37m<-- POST /wd/hub/session/7d940957-f6f1-41e5-ba8a-e8c2d3a09254/timeouts [39m[32m200[39m [90m3 ms - 14[39m
[35m[HTTP][39m [90m[39m
[35m[HTTP][39m [37m-->[39m [37mPOST[39m [37m/wd/hub/session/7d940957-f6f1-41e5-ba8a-e8c2d3a09254/touch/perform[39m
[35m[HTTP][39m [90m{"actions":[{"action":"tap","options":{"x":1,"y":1,"element":"49a176eb-60f3-49bc-9f09-f644ace456c2"}},{"action":"release","options":{}}]}[39m
[35m[UiAutomator2][39m calling get location: 49a176eb-60f3-49bc-9f09-f644ace456c2
[35m[HTTP][39m [37m<-- POST /wd/hub/session/7d940957-f6f1-41e5-ba8a-e8c2d3a09254/touch/perform [39m[32m200[39m [90m1876 ms - 14[39m
[35m[HTTP][39m [90m[39m
[35m[HTTP][39m [37m-->[39m [37mPOST[39m [37m/wd/hub/session/7d940957-f6f1-41e5-ba8a-e8c2d3a09254/timeouts[39m
[35m[HTTP][39m [90m{"implicit":50}[39m
[35m[HTTP][39m [37m<-- POST /wd/hub/session/7d940957-f6f1-41e5-ba8a-e8c2d3a09254/timeouts [39m[32m200[39m [90m2 ms - 14[39m
[35m[HTTP][39m [90m[39m
[35m[HTTP][39m [37m-->[39m [37mGET[39m [37m/wd/hub/session/7d940957-f6f1-41e5-ba8a-e8c2d3a09254/window/rect[39m
[35m[HTTP][39m [90m{}[39m
[35m[HTTP][39m [37m<-- GET /wd/hub/session/7d940957-f6f1-41e5-ba8a-e8c2d3a09254/window/rect [39m[32m200[39m [90m135 ms - 50[39m
[35m[HTTP][39m [90m[39m
[35m[HTTP][39m [37m-->[39m [37mPOST[39m [37m/wd/hub/session/7d940957-f6f1-41e5-ba8a-e8c2d3a09254/elements[39m
[35m[HTTP][39m [90m{"using":"-android uiautomator","value":"new UiSelector().className(\"android.widget.TextView\").text(\"Request Taxi\")"}[39m
[35m[HTTP][39m [37m<-- POST /wd/hub/session/7d940957-f6f1-41e5-ba8a-e8c2d3a09254/elements [39m[32m200[39m [90m263 ms - 139[39m
[35m[HTTP][39m [90m[39m
[35m[HTTP][39m [37m-->[39m [37mGET[39m [37m/wd/hub/session/7d940957-f6f1-41e5-ba8a-e8c2d3a09254/element/9bfc6b8c-aa3e-46aa-90e4-4e197852afc4/location[39m
[35m[HTTP][39m [90m{}[39m
[35m[W3C (7d940957)][39m Driver proxy active, passing request on via HTTP proxy
[35m[WD Proxy][39m Replacing sessionId e0facfec-90e1-416e-b87d-875cd58abfea with 7d940957-f6f1-41e5-ba8a-e8c2d3a09254
[35m[HTTP][39m [37m<-- GET /wd/hub/session/7d940957-f6f1-41e5-ba8a-e8c2d3a09254/element/9bfc6b8c-aa3e-46aa-90e4-4e197852afc4/location [39m[32m200[39m [90m88 ms - 90[39m
[35m[HTTP][39m [90m[39m
[35m[HTTP][39m [37m-->[39m [37mPOST[39m [37m/wd/hub/session/7d940957-f6f1-41e5-ba8a-e8c2d3a09254/timeouts[39m
[35m[HTTP][39m [90m{"implicit":30000}[39m
[35m[HTTP][39m [37m<-- POST /wd/hub/session/7d940957-f6f1-41e5-ba8a-e8c2d3a09254/timeouts [39m[32m200[39m [90m2 ms - 14[39m
[35m[HTTP][39m [90m[39m
[35m[HTTP][39m [37m-->[39m [37mPOST[39m [37m/wd/hub/session/7d940957-f6f1-41e5-ba8a-e8c2d3a09254/touch/perform[39m
[35m[HTTP][39m [90m{"actions":[{"action":"tap","options":{"x":1,"y":1,"element":"9bfc6b8c-aa3e-46aa-90e4-4e197852afc4"}},{"action":"release","options":{}}]}[39m
[35m[UiAutomator2][39m calling get location: 9bfc6b8c-aa3e-46aa-90e4-4e197852afc4
[35m[HTTP][39m [37m<-- POST /wd/hub/session/7d940957-f6f1-41e5-ba8a-e8c2d3a09254/touch/perform [39m[32m200[39m [90m1312 ms - 14[39m
[35m[HTTP][39m [90m[39m
[35m[BaseDriver][39m Shutting down because we waited 1800 seconds for a command
[35m[Appium][39m Closing session, cause was 'New Command Timeout of 1800 seconds expired. Try customizing the timeout using the 'newCommandTimeout' desired capability'
[35m[Appium][39m Removing session 7d940957-f6f1-41e5-ba8a-e8c2d3a09254 from our master session list
[35m[UiAutomator2][39m Restoring hidden api policy to the device default configuration
[35m[Appium][39m Received SIGTERM - shutting down
