[35m[Appium][39m Welcome to Appium v1.14.0
[35m[Appium][39m Non-default server args:
[35m[Appium][39m   port: 52206
[35m[Appium][39m   loglevel: info
[35m[Appium][39m   chromeDriverPort: 52208
[35m[Appium][39m   tmpDir: /var/folders/38/x4crs4qx0hn0r3_szny2t9sw0000gn/T//Katalon/Appium/Temp1566209391874
[35m[Appium][39m Appium REST http interface listener started on 0.0.0.0:52206
[35m[HTTP][39m [37m-->[39m [37mGET[39m [37m/wd/hub/status[39m
[35m[HTTP][39m [90m{}[39m
[35m[HTTP][39m [37m<-- GET /wd/hub/status [39m[32m200[39m [90m7 ms - 68[39m
[35m[HTTP][39m [90m[39m
[35m[HTTP][39m [37m-->[39m [37mPOST[39m [37m/wd/hub/session[39m
[35m[HTTP][39m [90m{"desiredCapabilities":{"app":"/Users/sumittulsyan/Downloads/app-release (1).apk","noReset":false,"deviceName":"emulator-5554 (Android SDK built for x86 - Android 9)","fullReset":true,"platform":"ANDROID","newCommandTimeout":1800,"platformVersion":"9","automationName":"uiautomator2","autoGrantPermissions":true,"platformName":"Android","udid":"emulator-5554","systemPort":52205},"capabilities":{"firstMatch":[{"appium:app":"/Users/sumittulsyan/Downloads/app-release (1).apk","appium:autoGrantPermissions":true,"appium:automationName":"uiautomator2","appium:deviceName":"emulator-5554 (Android SDK built for x86 - Android 9)","appium:fullReset":true,"appium:newCommandTimeout":1800,"appium:noReset":false,"platform":"ANDROID","platformName":"android","appium:platformVersion":"9","appium:systemPort":52205,"appium:udid":"emulator-5554"}]}}[39m
[35m[BaseDriver][39m The capabilities ["platform"] are not standard capabilities and should have an extension prefix
[35m[Appium][39m Appium v1.14.0 creating new AndroidUiautomator2Driver (v1.33.1) session
[35m[Appium][39m Capabilities:
[35m[Appium][39m   platform: ANDROID
[35m[Appium][39m   platformName: android
[35m[Appium][39m   app: /Users/sumittulsyan/Downloads/app-release (1).apk
[35m[Appium][39m   autoGrantPermissions: true
[35m[Appium][39m   automationName: uiautomator2
[35m[Appium][39m   deviceName: emulator-5554 (Android SDK built for x86 - Android 9)
[35m[Appium][39m   fullReset: true
[35m[Appium][39m   newCommandTimeout: 1800
[35m[Appium][39m   noReset: false
[35m[Appium][39m   platformVersion: 9
[35m[Appium][39m   systemPort: 52205
[35m[Appium][39m   udid: emulator-5554
[35m[BaseDriver][39m The following capabilities were provided, but are not recognized by Appium:
[35m[BaseDriver][39m   platform
[35m[BaseDriver][39m Session created with session id: d00684d1-6743-4ae1-a13c-f8266dbcd87f
[35m[BaseDriver][39m Using local app '/Users/sumittulsyan/Downloads/app-release (1).apk'
[35m[ADB][39m Found 1 'build-tools' folders under '/Users/sumittulsyan/.katalon/tools/android_sdk' (newest first):
[35m[ADB][39m     /Users/sumittulsyan/.katalon/tools/android_sdk/build-tools/29.0.1
[35m[ADB][39m Using 'adb' from '/Users/sumittulsyan/.katalon/tools/android_sdk/platform-tools/adb'
[35m[AndroidDriver][39m Retrieving device list
[35m[AndroidDriver][39m Using device: emulator-5554
[35m[ADB][39m Using 'adb' from '/Users/sumittulsyan/.katalon/tools/android_sdk/platform-tools/adb'
[35m[UiAutomator2][39m Relaxing hidden api policy
[35m[ADB][39m Using 'apkanalyzer' from '/Users/sumittulsyan/.katalon/tools/android_sdk/tools/bin/apkanalyzer'
[35m[ADB][39m Using the alternative activity name detection method because of: Command '/Users/sumittulsyan/.katalon/tools/android_sdk/tools/bin/apkanalyzer -h manifest print '/Users/sumittulsyan/Downloads/app-release (1).apk'' exited with code 2
[35m[ADB][39m Using 'aapt' from '/Users/sumittulsyan/.katalon/tools/android_sdk/build-tools/29.0.1/aapt'
[35m[ADB][39m Extracting package and launch activity from manifest
[35m[ADB][39m Package name: 'io.nativebase.market.geekyants.taxiapprider'
[35m[ADB][39m Main activity name: 'io.nativebase.market.geekyants.taxiapprider.MainActivity'
[35m[ADB][39m Using 'apksigner' from '/Users/sumittulsyan/.katalon/tools/android_sdk/build-tools/29.0.1/apksigner'
[35m[UiAutomator2][39m Server packages are not going to be (re)installed
[35m[ADB][39m io.nativebase.market.geekyants.taxiapprider was not uninstalled, because it was not present on the device
[35m[ADB][39m The application at '/Users/sumittulsyan/Downloads/app-release (1).apk' is already cached to '/data/local/tmp/appium_cache/319121ffd2a4e89e1742e996fe8df850b3a56b9f.apk'
[35m[ADB][39m The installation of 'app-release (1).apk' took 7.440s
[35m[UiAutomator2][39m Starting UIAutomator2 server 3.7.0
[35m[UiAutomator2][39m Using UIAutomator2 server from '/Users/sumittulsyan/Downloads/appium-mobile-test/node_modules/appium-uiautomator2-server/apks/appium-uiautomator2-server-v3.7.0.apk' and test from '/Users/sumittulsyan/Downloads/appium-mobile-test/node_modules/appium-uiautomator2-server/apks/appium-uiautomator2-server-debug-androidTest.apk'
[35m[UiAutomator2][39m Waiting up to 30000ms for UiAutomator2 to be online...
[35m[WD Proxy][39m Got an unexpected response: {"code":"ECONNRESET"}
[35m[WD Proxy][39m Got an unexpected response: {"code":"ECONNRESET"}
[35m[AndroidDriver][39m Screen already unlocked, doing nothing
[35m[UiAutomator2][39m UiAutomator2 did not start the activity we were waiting for, 'io.nativebase.market.geekyants.taxiapprider/io.nativebase.market.geekyants.taxiapprider.MainActivity'. Starting it ourselves
[35m[Appium][39m New AndroidUiautomator2Driver session created successfully, session d00684d1-6743-4ae1-a13c-f8266dbcd87f added to master session list
[35m[HTTP][39m [37m<-- POST /wd/hub/session [39m[32m200[39m [90m17531 ms - 1271[39m
[35m[HTTP][39m [90m[39m
[35m[HTTP][39m [37m-->[39m [37mGET[39m [37m/wd/hub/session/d00684d1-6743-4ae1-a13c-f8266dbcd87f[39m
[35m[HTTP][39m [90m{}[39m
[35m[HTTP][39m [37m<-- GET /wd/hub/session/d00684d1-6743-4ae1-a13c-f8266dbcd87f [39m[32m200[39m [90m74 ms - 1203[39m
[35m[HTTP][39m [90m[39m
[35m[HTTP][39m [37m-->[39m [37mGET[39m [37m/wd/hub/session/d00684d1-6743-4ae1-a13c-f8266dbcd87f[39m
[35m[HTTP][39m [90m{}[39m
[35m[HTTP][39m [37m<-- GET /wd/hub/session/d00684d1-6743-4ae1-a13c-f8266dbcd87f [39m[32m200[39m [90m33 ms - 1203[39m
[35m[HTTP][39m [90m[39m
[35m[HTTP][39m [37m-->[39m [37mGET[39m [37m/wd/hub/status[39m
[35m[HTTP][39m [90m{}[39m
[35m[HTTP][39m [37m<-- GET /wd/hub/status [39m[32m200[39m [90m1 ms - 68[39m
[35m[HTTP][39m [90m[39m
[35m[HTTP][39m [37m-->[39m [37mPOST[39m [37m/wd/hub/session/d00684d1-6743-4ae1-a13c-f8266dbcd87f/timeouts[39m
[35m[HTTP][39m [90m{"implicit":30000}[39m
[35m[HTTP][39m [37m<-- POST /wd/hub/session/d00684d1-6743-4ae1-a13c-f8266dbcd87f/timeouts [39m[32m200[39m [90m4 ms - 14[39m
[35m[HTTP][39m [90m[39m
[35m[HTTP][39m [37m-->[39m [37mPOST[39m [37m/wd/hub/session/d00684d1-6743-4ae1-a13c-f8266dbcd87f/timeouts[39m
[35m[HTTP][39m [90m{"implicit":50}[39m
[35m[HTTP][39m [37m<-- POST /wd/hub/session/d00684d1-6743-4ae1-a13c-f8266dbcd87f/timeouts [39m[32m200[39m [90m2 ms - 14[39m
[35m[HTTP][39m [90m[39m
[35m[HTTP][39m [37m-->[39m [37mGET[39m [37m/wd/hub/session/d00684d1-6743-4ae1-a13c-f8266dbcd87f/window/rect[39m
[35m[HTTP][39m [90m{}[39m
[35m[HTTP][39m [37m<-- GET /wd/hub/session/d00684d1-6743-4ae1-a13c-f8266dbcd87f/window/rect [39m[32m200[39m [90m31 ms - 50[39m
[35m[HTTP][39m [90m[39m
[35m[HTTP][39m [37m-->[39m [37mPOST[39m [37m/wd/hub/session/d00684d1-6743-4ae1-a13c-f8266dbcd87f/elements[39m
[35m[HTTP][39m [90m{"using":"-android uiautomator","value":"new UiSelector().className(\"android.widget.TextView\").text(\"Sign In\")"}[39m
[35m[HTTP][39m [37m<-- POST /wd/hub/session/d00684d1-6743-4ae1-a13c-f8266dbcd87f/elements [39m[32m200[39m [90m114 ms - 12[39m
[35m[HTTP][39m [90m[39m
[35m[HTTP][39m [37m-->[39m [37mPOST[39m [37m/wd/hub/session/d00684d1-6743-4ae1-a13c-f8266dbcd87f/elements[39m
[35m[HTTP][39m [90m{"using":"-android uiautomator","value":"new UiSelector().className(\"android.widget.TextView\").text(\"Sign In\")"}[39m
[35m[HTTP][39m [37m<-- POST /wd/hub/session/d00684d1-6743-4ae1-a13c-f8266dbcd87f/elements [39m[32m200[39m [90m90 ms - 12[39m
[35m[HTTP][39m [90m[39m
[35m[HTTP][39m [37m-->[39m [37mPOST[39m [37m/wd/hub/session/d00684d1-6743-4ae1-a13c-f8266dbcd87f/elements[39m
[35m[HTTP][39m [90m{"using":"-android uiautomator","value":"new UiSelector().className(\"android.widget.TextView\").text(\"Sign In\")"}[39m
[35m[HTTP][39m [37m<-- POST /wd/hub/session/d00684d1-6743-4ae1-a13c-f8266dbcd87f/elements [39m[32m200[39m [90m559 ms - 12[39m
[35m[HTTP][39m [90m[39m
[35m[HTTP][39m [37m-->[39m [37mPOST[39m [37m/wd/hub/session/d00684d1-6743-4ae1-a13c-f8266dbcd87f/elements[39m
[35m[HTTP][39m [90m{"using":"-android uiautomator","value":"new UiSelector().className(\"android.widget.TextView\").text(\"Sign In\")"}[39m
[35m[HTTP][39m [37m<-- POST /wd/hub/session/d00684d1-6743-4ae1-a13c-f8266dbcd87f/elements [39m[32m200[39m [90m1923 ms - 139[39m
[35m[HTTP][39m [90m[39m
[35m[HTTP][39m [37m-->[39m [37mGET[39m [37m/wd/hub/session/d00684d1-6743-4ae1-a13c-f8266dbcd87f/element/b02d1d4e-0120-4e1c-83f5-f120583668d3/location[39m
[35m[HTTP][39m [90m{}[39m
[35m[W3C (d00684d1)][39m Driver proxy active, passing request on via HTTP proxy
[35m[WD Proxy][39m Replacing sessionId ae4ad26a-af05-4c7f-b4a6-f89475d9aaf8 with d00684d1-6743-4ae1-a13c-f8266dbcd87f
[35m[HTTP][39m [37m<-- GET /wd/hub/session/d00684d1-6743-4ae1-a13c-f8266dbcd87f/element/b02d1d4e-0120-4e1c-83f5-f120583668d3/location [39m[32m200[39m [90m111 ms - 90[39m
[35m[HTTP][39m [90m[39m
[35m[HTTP][39m [37m-->[39m [37mPOST[39m [37m/wd/hub/session/d00684d1-6743-4ae1-a13c-f8266dbcd87f/timeouts[39m
[35m[HTTP][39m [90m{"implicit":30000}[39m
[35m[HTTP][39m [37m<-- POST /wd/hub/session/d00684d1-6743-4ae1-a13c-f8266dbcd87f/timeouts [39m[32m200[39m [90m3 ms - 14[39m
[35m[HTTP][39m [90m[39m
[35m[HTTP][39m [37m-->[39m [37mPOST[39m [37m/wd/hub/session/d00684d1-6743-4ae1-a13c-f8266dbcd87f/touch/perform[39m
[35m[HTTP][39m [90m{"actions":[{"action":"tap","options":{"x":1,"y":1,"element":"b02d1d4e-0120-4e1c-83f5-f120583668d3"}},{"action":"release","options":{}}]}[39m
[35m[UiAutomator2][39m calling get location: b02d1d4e-0120-4e1c-83f5-f120583668d3
[35m[HTTP][39m [37m<-- POST /wd/hub/session/d00684d1-6743-4ae1-a13c-f8266dbcd87f/touch/perform [39m[32m200[39m [90m2377 ms - 14[39m
[35m[HTTP][39m [90m[39m
[35m[HTTP][39m [37m-->[39m [37mPOST[39m [37m/wd/hub/session/d00684d1-6743-4ae1-a13c-f8266dbcd87f/timeouts[39m
[35m[HTTP][39m [90m{"implicit":50}[39m
[35m[HTTP][39m [37m<-- POST /wd/hub/session/d00684d1-6743-4ae1-a13c-f8266dbcd87f/timeouts [39m[32m200[39m [90m3 ms - 14[39m
[35m[HTTP][39m [90m[39m
[35m[HTTP][39m [37m-->[39m [37mGET[39m [37m/wd/hub/session/d00684d1-6743-4ae1-a13c-f8266dbcd87f/window/rect[39m
[35m[HTTP][39m [90m{}[39m
[35m[HTTP][39m [37m<-- GET /wd/hub/session/d00684d1-6743-4ae1-a13c-f8266dbcd87f/window/rect [39m[32m200[39m [90m19 ms - 50[39m
[35m[HTTP][39m [90m[39m
[35m[HTTP][39m [37m-->[39m [37mPOST[39m [37m/wd/hub/session/d00684d1-6743-4ae1-a13c-f8266dbcd87f/elements[39m
[35m[HTTP][39m [90m{"using":"-android uiautomator","value":"new UiSelector().className(\"android.widget.EditText\").text(\"Email\")"}[39m
[35m[HTTP][39m [37m<-- POST /wd/hub/session/d00684d1-6743-4ae1-a13c-f8266dbcd87f/elements [39m[32m200[39m [90m66 ms - 139[39m
[35m[HTTP][39m [90m[39m
[35m[HTTP][39m [37m-->[39m [37mGET[39m [37m/wd/hub/session/d00684d1-6743-4ae1-a13c-f8266dbcd87f/element/96b02a07-cdb3-4591-9d87-9300b76d121b/location[39m
[35m[HTTP][39m [90m{}[39m
[35m[W3C (d00684d1)][39m Driver proxy active, passing request on via HTTP proxy
[35m[WD Proxy][39m Replacing sessionId ae4ad26a-af05-4c7f-b4a6-f89475d9aaf8 with d00684d1-6743-4ae1-a13c-f8266dbcd87f
[35m[HTTP][39m [37m<-- GET /wd/hub/session/d00684d1-6743-4ae1-a13c-f8266dbcd87f/element/96b02a07-cdb3-4591-9d87-9300b76d121b/location [39m[32m200[39m [90m36 ms - 90[39m
[35m[HTTP][39m [90m[39m
[35m[HTTP][39m [37m-->[39m [37mPOST[39m [37m/wd/hub/session/d00684d1-6743-4ae1-a13c-f8266dbcd87f/timeouts[39m
[35m[HTTP][39m [90m{"implicit":30000}[39m
[35m[HTTP][39m [37m<-- POST /wd/hub/session/d00684d1-6743-4ae1-a13c-f8266dbcd87f/timeouts [39m[32m200[39m [90m1 ms - 14[39m
[35m[HTTP][39m [90m[39m
[35m[HTTP][39m [37m-->[39m [37mPOST[39m [37m/wd/hub/session/d00684d1-6743-4ae1-a13c-f8266dbcd87f/element/96b02a07-cdb3-4591-9d87-9300b76d121b/clear[39m
[35m[HTTP][39m [90m{"id":"96b02a07-cdb3-4591-9d87-9300b76d121b"}[39m
[35m[HTTP][39m [37m<-- POST /wd/hub/session/d00684d1-6743-4ae1-a13c-f8266dbcd87f/element/96b02a07-cdb3-4591-9d87-9300b76d121b/clear [39m[32m200[39m [90m99 ms - 27[39m
[35m[HTTP][39m [90m[39m
[35m[HTTP][39m [37m-->[39m [37mPOST[39m [37m/wd/hub/session/d00684d1-6743-4ae1-a13c-f8266dbcd87f/element/96b02a07-cdb3-4591-9d87-9300b76d121b/value[39m
[35m[HTTP][39m [90m{"id":"96b02a07-cdb3-4591-9d87-9300b76d121b","text":"taxirider@gmail.com","value":["t","a","x","i","r","i","d","e","r","@","g","m","a","i","l",".","c","o","m"]}[39m
[35m[HTTP][39m [37m<-- POST /wd/hub/session/d00684d1-6743-4ae1-a13c-f8266dbcd87f/element/96b02a07-cdb3-4591-9d87-9300b76d121b/value [39m[32m200[39m [90m1027 ms - 12[39m
[35m[HTTP][39m [90m[39m
[35m[HTTP][39m [37m-->[39m [37mPOST[39m [37m/wd/hub/session/d00684d1-6743-4ae1-a13c-f8266dbcd87f/timeouts[39m
[35m[HTTP][39m [90m{"implicit":50}[39m
[35m[HTTP][39m [37m<-- POST /wd/hub/session/d00684d1-6743-4ae1-a13c-f8266dbcd87f/timeouts [39m[32m200[39m [90m3 ms - 14[39m
[35m[HTTP][39m [90m[39m
[35m[HTTP][39m [37m-->[39m [37mGET[39m [37m/wd/hub/session/d00684d1-6743-4ae1-a13c-f8266dbcd87f/window/rect[39m
[35m[HTTP][39m [90m{}[39m
[35m[HTTP][39m [37m<-- GET /wd/hub/session/d00684d1-6743-4ae1-a13c-f8266dbcd87f/window/rect [39m[32m200[39m [90m47 ms - 50[39m
[35m[HTTP][39m [90m[39m
[35m[HTTP][39m [37m-->[39m [37mPOST[39m [37m/wd/hub/session/d00684d1-6743-4ae1-a13c-f8266dbcd87f/elements[39m
[35m[HTTP][39m [90m{"using":"-android uiautomator","value":"new UiSelector().className(\"android.widget.EditText\").text(\"Password\")"}[39m
[35m[HTTP][39m [37m<-- POST /wd/hub/session/d00684d1-6743-4ae1-a13c-f8266dbcd87f/elements [39m[32m200[39m [90m425 ms - 139[39m
[35m[HTTP][39m [90m[39m
[35m[HTTP][39m [37m-->[39m [37mGET[39m [37m/wd/hub/session/d00684d1-6743-4ae1-a13c-f8266dbcd87f/element/c62183cd-bc28-4ea8-85bf-d42457340d9d/location[39m
[35m[HTTP][39m [90m{}[39m
[35m[W3C (d00684d1)][39m Driver proxy active, passing request on via HTTP proxy
[35m[WD Proxy][39m Replacing sessionId ae4ad26a-af05-4c7f-b4a6-f89475d9aaf8 with d00684d1-6743-4ae1-a13c-f8266dbcd87f
[35m[HTTP][39m [37m<-- GET /wd/hub/session/d00684d1-6743-4ae1-a13c-f8266dbcd87f/element/c62183cd-bc28-4ea8-85bf-d42457340d9d/location [39m[32m200[39m [90m31 ms - 90[39m
[35m[HTTP][39m [90m[39m
[35m[HTTP][39m [37m-->[39m [37mPOST[39m [37m/wd/hub/session/d00684d1-6743-4ae1-a13c-f8266dbcd87f/timeouts[39m
[35m[HTTP][39m [90m{"implicit":30000}[39m
[35m[HTTP][39m [37m<-- POST /wd/hub/session/d00684d1-6743-4ae1-a13c-f8266dbcd87f/timeouts [39m[32m200[39m [90m2 ms - 14[39m
[35m[HTTP][39m [90m[39m
[35m[HTTP][39m [37m-->[39m [37mPOST[39m [37m/wd/hub/session/d00684d1-6743-4ae1-a13c-f8266dbcd87f/element/c62183cd-bc28-4ea8-85bf-d42457340d9d/clear[39m
[35m[HTTP][39m [90m{"id":"c62183cd-bc28-4ea8-85bf-d42457340d9d"}[39m
[35m[HTTP][39m [37m<-- POST /wd/hub/session/d00684d1-6743-4ae1-a13c-f8266dbcd87f/element/c62183cd-bc28-4ea8-85bf-d42457340d9d/clear [39m[32m200[39m [90m43 ms - 27[39m
[35m[HTTP][39m [90m[39m
[35m[HTTP][39m [37m-->[39m [37mPOST[39m [37m/wd/hub/session/d00684d1-6743-4ae1-a13c-f8266dbcd87f/element/c62183cd-bc28-4ea8-85bf-d42457340d9d/value[39m
[35m[HTTP][39m [90m{"id":"c62183cd-bc28-4ea8-85bf-d42457340d9d","text":"123456","value":["1","2","3","4","5","6"]}[39m
[35m[HTTP][39m [37m<-- POST /wd/hub/session/d00684d1-6743-4ae1-a13c-f8266dbcd87f/element/c62183cd-bc28-4ea8-85bf-d42457340d9d/value [39m[32m200[39m [90m1042 ms - 12[39m
[35m[HTTP][39m [90m[39m
[35m[HTTP][39m [37m-->[39m [37mPOST[39m [37m/wd/hub/session/d00684d1-6743-4ae1-a13c-f8266dbcd87f/timeouts[39m
[35m[HTTP][39m [90m{"implicit":50}[39m
[35m[HTTP][39m [37m<-- POST /wd/hub/session/d00684d1-6743-4ae1-a13c-f8266dbcd87f/timeouts [39m[32m200[39m [90m2 ms - 14[39m
[35m[HTTP][39m [90m[39m
[35m[HTTP][39m [37m-->[39m [37mGET[39m [37m/wd/hub/session/d00684d1-6743-4ae1-a13c-f8266dbcd87f/window/rect[39m
[35m[HTTP][39m [90m{}[39m
[35m[HTTP][39m [37m<-- GET /wd/hub/session/d00684d1-6743-4ae1-a13c-f8266dbcd87f/window/rect [39m[32m200[39m [90m15 ms - 50[39m
[35m[HTTP][39m [90m[39m
[35m[HTTP][39m [37m-->[39m [37mPOST[39m [37m/wd/hub/session/d00684d1-6743-4ae1-a13c-f8266dbcd87f/elements[39m
[35m[HTTP][39m [90m{"using":"xpath","value":"//hierarchy/android.widget.FrameLayout[1]/android.widget.LinearLayout[1]/android.widget.FrameLayout[1]/android.widget.LinearLayout[1]/android.widget.FrameLayout[1]/android.widget.FrameLayout[1]/android.view.ViewGroup[1]/android.view.ViewGroup[1]/android.view.ViewGroup[1]/android.view.ViewGroup[1]/android.support.v4.widget.DrawerLayout[1]/android.view.ViewGroup[1]/android.view.ViewGroup[1]/android.view.ViewGroup[1]/android.view.ViewGroup[1]/android.view.ViewGroup[1]/android.view.ViewGroup[1]/android.widget.ScrollView[1]/android.view.ViewGroup[1]/android.view.ViewGroup[7]/android.widget.TextView[1]"}[39m
[35m[HTTP][39m [37m<-- POST /wd/hub/session/d00684d1-6743-4ae1-a13c-f8266dbcd87f/elements [39m[32m200[39m [90m850 ms - 139[39m
[35m[HTTP][39m [90m[39m
[35m[HTTP][39m [37m-->[39m [37mGET[39m [37m/wd/hub/session/d00684d1-6743-4ae1-a13c-f8266dbcd87f/element/39c17913-8950-43e2-a492-897c187c5e11/location[39m
[35m[HTTP][39m [90m{}[39m
[35m[W3C (d00684d1)][39m Driver proxy active, passing request on via HTTP proxy
[35m[WD Proxy][39m Replacing sessionId ae4ad26a-af05-4c7f-b4a6-f89475d9aaf8 with d00684d1-6743-4ae1-a13c-f8266dbcd87f
[35m[HTTP][39m [37m<-- GET /wd/hub/session/d00684d1-6743-4ae1-a13c-f8266dbcd87f/element/39c17913-8950-43e2-a492-897c187c5e11/location [39m[32m200[39m [90m29 ms - 90[39m
[35m[HTTP][39m [90m[39m
[35m[HTTP][39m [37m-->[39m [37mPOST[39m [37m/wd/hub/session/d00684d1-6743-4ae1-a13c-f8266dbcd87f/timeouts[39m
[35m[HTTP][39m [90m{"implicit":30000}[39m
[35m[HTTP][39m [37m<-- POST /wd/hub/session/d00684d1-6743-4ae1-a13c-f8266dbcd87f/timeouts [39m[32m200[39m [90m2 ms - 14[39m
[35m[HTTP][39m [90m[39m
[35m[HTTP][39m [37m-->[39m [37mPOST[39m [37m/wd/hub/session/d00684d1-6743-4ae1-a13c-f8266dbcd87f/touch/perform[39m
[35m[HTTP][39m [90m{"actions":[{"action":"tap","options":{"x":1,"y":1,"element":"39c17913-8950-43e2-a492-897c187c5e11"}},{"action":"release","options":{}}]}[39m
[35m[UiAutomator2][39m calling get location: 39c17913-8950-43e2-a492-897c187c5e11
[35m[HTTP][39m [37m<-- POST /wd/hub/session/d00684d1-6743-4ae1-a13c-f8266dbcd87f/touch/perform [39m[32m200[39m [90m55 ms - 14[39m
[35m[HTTP][39m [90m[39m
[35m[HTTP][39m [37m-->[39m [37mPOST[39m [37m/wd/hub/session/d00684d1-6743-4ae1-a13c-f8266dbcd87f/timeouts[39m
[35m[HTTP][39m [90m{"implicit":50}[39m
[35m[HTTP][39m [37m<-- POST /wd/hub/session/d00684d1-6743-4ae1-a13c-f8266dbcd87f/timeouts [39m[32m200[39m [90m2 ms - 14[39m
[35m[HTTP][39m [90m[39m
[35m[HTTP][39m [37m-->[39m [37mGET[39m [37m/wd/hub/session/d00684d1-6743-4ae1-a13c-f8266dbcd87f/window/rect[39m
[35m[HTTP][39m [90m{}[39m
[35m[HTTP][39m [37m<-- GET /wd/hub/session/d00684d1-6743-4ae1-a13c-f8266dbcd87f/window/rect [39m[32m200[39m [90m22 ms - 50[39m
[35m[HTTP][39m [90m[39m
[35m[HTTP][39m [37m-->[39m [37mPOST[39m [37m/wd/hub/session/d00684d1-6743-4ae1-a13c-f8266dbcd87f/elements[39m
[35m[HTTP][39m [90m{"using":"-android uiautomator","value":"new UiSelector().className(\"android.widget.TextView\").text(\"Bannerghatta Main Road, BTM Layout, 2nd Stage, 2nd Main Road, No 18, First Floor, Bengaluru, Karnataka 560076, India\")"}[39m
[35m[HTTP][39m [37m<-- POST /wd/hub/session/d00684d1-6743-4ae1-a13c-f8266dbcd87f/elements [39m[32m200[39m [90m873 ms - 12[39m
[35m[HTTP][39m [90m[39m
[35m[HTTP][39m [37m-->[39m [37mPOST[39m [37m/wd/hub/session/d00684d1-6743-4ae1-a13c-f8266dbcd87f/elements[39m
[35m[HTTP][39m [90m{"using":"-android uiautomator","value":"new UiSelector().className(\"android.widget.TextView\").text(\"Bannerghatta Main Road, BTM Layout, 2nd Stage, 2nd Main Road, No 18, First Floor, Bengaluru, Karnataka 560076, India\")"}[39m
[35m[HTTP][39m [37m<-- POST /wd/hub/session/d00684d1-6743-4ae1-a13c-f8266dbcd87f/elements [39m[32m200[39m [90m180 ms - 12[39m
[35m[HTTP][39m [90m[39m
[35m[HTTP][39m [37m-->[39m [37mPOST[39m [37m/wd/hub/session/d00684d1-6743-4ae1-a13c-f8266dbcd87f/elements[39m
[35m[HTTP][39m [90m{"using":"-android uiautomator","value":"new UiSelector().className(\"android.widget.TextView\").text(\"Bannerghatta Main Road, BTM Layout, 2nd Stage, 2nd Main Road, No 18, First Floor, Bengaluru, Karnataka 560076, India\")"}[39m
[35m[HTTP][39m [37m<-- POST /wd/hub/session/d00684d1-6743-4ae1-a13c-f8266dbcd87f/elements [39m[32m200[39m [90m165 ms - 12[39m
[35m[HTTP][39m [90m[39m
[35m[HTTP][39m [37m-->[39m [37mPOST[39m [37m/wd/hub/session/d00684d1-6743-4ae1-a13c-f8266dbcd87f/elements[39m
[35m[HTTP][39m [90m{"using":"-android uiautomator","value":"new UiSelector().className(\"android.widget.TextView\").text(\"Bannerghatta Main Road, BTM Layout, 2nd Stage, 2nd Main Road, No 18, First Floor, Bengaluru, Karnataka 560076, India\")"}[39m
[35m[HTTP][39m [37m<-- POST /wd/hub/session/d00684d1-6743-4ae1-a13c-f8266dbcd87f/elements [39m[32m200[39m [90m104 ms - 12[39m
[35m[HTTP][39m [90m[39m
[35m[HTTP][39m [37m-->[39m [37mPOST[39m [37m/wd/hub/session/d00684d1-6743-4ae1-a13c-f8266dbcd87f/elements[39m
[35m[HTTP][39m [90m{"using":"-android uiautomator","value":"new UiSelector().className(\"android.widget.TextView\").text(\"Bannerghatta Main Road, BTM Layout, 2nd Stage, 2nd Main Road, No 18, First Floor, Bengaluru, Karnataka 560076, India\")"}[39m
[35m[HTTP][39m [37m<-- POST /wd/hub/session/d00684d1-6743-4ae1-a13c-f8266dbcd87f/elements [39m[32m200[39m [90m171 ms - 12[39m
[35m[HTTP][39m [90m[39m
[35m[HTTP][39m [37m-->[39m [37mPOST[39m [37m/wd/hub/session/d00684d1-6743-4ae1-a13c-f8266dbcd87f/elements[39m
[35m[HTTP][39m [90m{"using":"-android uiautomator","value":"new UiSelector().className(\"android.widget.TextView\").text(\"Bannerghatta Main Road, BTM Layout, 2nd Stage, 2nd Main Road, No 18, First Floor, Bengaluru, Karnataka 560076, India\")"}[39m
[35m[HTTP][39m [37m<-- POST /wd/hub/session/d00684d1-6743-4ae1-a13c-f8266dbcd87f/elements [39m[32m200[39m [90m113 ms - 12[39m
[35m[HTTP][39m [90m[39m
[35m[HTTP][39m [37m-->[39m [37mPOST[39m [37m/wd/hub/session/d00684d1-6743-4ae1-a13c-f8266dbcd87f/elements[39m
[35m[HTTP][39m [90m{"using":"-android uiautomator","value":"new UiSelector().className(\"android.widget.TextView\").text(\"Bannerghatta Main Road, BTM Layout, 2nd Stage, 2nd Main Road, No 18, First Floor, Bengaluru, Karnataka 560076, India\")"}[39m
[35m[HTTP][39m [37m<-- POST /wd/hub/session/d00684d1-6743-4ae1-a13c-f8266dbcd87f/elements [39m[32m200[39m [90m695 ms - 12[39m
[35m[HTTP][39m [90m[39m
[35m[HTTP][39m [37m-->[39m [37mPOST[39m [37m/wd/hub/session/d00684d1-6743-4ae1-a13c-f8266dbcd87f/elements[39m
[35m[HTTP][39m [90m{"using":"-android uiautomator","value":"new UiSelector().className(\"android.widget.TextView\").text(\"Bannerghatta Main Road, BTM Layout, 2nd Stage, 2nd Main Road, No 18, First Floor, Bengaluru, Karnataka 560076, India\")"}[39m
[35m[HTTP][39m [37m<-- POST /wd/hub/session/d00684d1-6743-4ae1-a13c-f8266dbcd87f/elements [39m[32m200[39m [90m77 ms - 12[39m
[35m[HTTP][39m [90m[39m
[35m[HTTP][39m [37m-->[39m [37mPOST[39m [37m/wd/hub/session/d00684d1-6743-4ae1-a13c-f8266dbcd87f/elements[39m
[35m[HTTP][39m [90m{"using":"-android uiautomator","value":"new UiSelector().className(\"android.widget.TextView\").text(\"Bannerghatta Main Road, BTM Layout, 2nd Stage, 2nd Main Road, No 18, First Floor, Bengaluru, Karnataka 560076, India\")"}[39m
[35m[HTTP][39m [37m<-- POST /wd/hub/session/d00684d1-6743-4ae1-a13c-f8266dbcd87f/elements [39m[32m200[39m [90m158 ms - 12[39m
[35m[HTTP][39m [90m[39m
[35m[HTTP][39m [37m-->[39m [37mPOST[39m [37m/wd/hub/session/d00684d1-6743-4ae1-a13c-f8266dbcd87f/elements[39m
[35m[HTTP][39m [90m{"using":"-android uiautomator","value":"new UiSelector().className(\"android.widget.TextView\").text(\"Bannerghatta Main Road, BTM Layout, 2nd Stage, 2nd Main Road, No 18, First Floor, Bengaluru, Karnataka 560076, India\")"}[39m
[35m[HTTP][39m [37m<-- POST /wd/hub/session/d00684d1-6743-4ae1-a13c-f8266dbcd87f/elements [39m[32m200[39m [90m124 ms - 12[39m
[35m[HTTP][39m [90m[39m
[35m[HTTP][39m [37m-->[39m [37mPOST[39m [37m/wd/hub/session/d00684d1-6743-4ae1-a13c-f8266dbcd87f/elements[39m
[35m[HTTP][39m [90m{"using":"-android uiautomator","value":"new UiSelector().className(\"android.widget.TextView\").text(\"Bannerghatta Main Road, BTM Layout, 2nd Stage, 2nd Main Road, No 18, First Floor, Bengaluru, Karnataka 560076, India\")"}[39m
[35m[HTTP][39m [37m<-- POST /wd/hub/session/d00684d1-6743-4ae1-a13c-f8266dbcd87f/elements [39m[32m200[39m [90m158 ms - 12[39m
[35m[HTTP][39m [90m[39m
[35m[HTTP][39m [37m-->[39m [37mPOST[39m [37m/wd/hub/session/d00684d1-6743-4ae1-a13c-f8266dbcd87f/elements[39m
[35m[HTTP][39m [90m{"using":"-android uiautomator","value":"new UiSelector().className(\"android.widget.TextView\").text(\"Bannerghatta Main Road, BTM Layout, 2nd Stage, 2nd Main Road, No 18, First Floor, Bengaluru, Karnataka 560076, India\")"}[39m
[35m[HTTP][39m [37m<-- POST /wd/hub/session/d00684d1-6743-4ae1-a13c-f8266dbcd87f/elements [39m[32m200[39m [90m306 ms - 12[39m
[35m[HTTP][39m [90m[39m
[35m[HTTP][39m [37m-->[39m [37mPOST[39m [37m/wd/hub/session/d00684d1-6743-4ae1-a13c-f8266dbcd87f/elements[39m
[35m[HTTP][39m [90m{"using":"-android uiautomator","value":"new UiSelector().className(\"android.widget.TextView\").text(\"Bannerghatta Main Road, BTM Layout, 2nd Stage, 2nd Main Road, No 18, First Floor, Bengaluru, Karnataka 560076, India\")"}[39m
[35m[HTTP][39m [37m<-- POST /wd/hub/session/d00684d1-6743-4ae1-a13c-f8266dbcd87f/elements [39m[32m200[39m [90m167 ms - 12[39m
[35m[HTTP][39m [90m[39m
[35m[HTTP][39m [37m-->[39m [37mPOST[39m [37m/wd/hub/session/d00684d1-6743-4ae1-a13c-f8266dbcd87f/elements[39m
[35m[HTTP][39m [90m{"using":"-android uiautomator","value":"new UiSelector().className(\"android.widget.TextView\").text(\"Bannerghatta Main Road, BTM Layout, 2nd Stage, 2nd Main Road, No 18, First Floor, Bengaluru, Karnataka 560076, India\")"}[39m
[35m[HTTP][39m [37m<-- POST /wd/hub/session/d00684d1-6743-4ae1-a13c-f8266dbcd87f/elements [39m[32m200[39m [90m316 ms - 12[39m
[35m[HTTP][39m [90m[39m
[35m[HTTP][39m [37m-->[39m [37mPOST[39m [37m/wd/hub/session/d00684d1-6743-4ae1-a13c-f8266dbcd87f/elements[39m
[35m[HTTP][39m [90m{"using":"-android uiautomator","value":"new UiSelector().className(\"android.widget.TextView\").text(\"Bannerghatta Main Road, BTM Layout, 2nd Stage, 2nd Main Road, No 18, First Floor, Bengaluru, Karnataka 560076, India\")"}[39m
[35m[HTTP][39m [37m<-- POST /wd/hub/session/d00684d1-6743-4ae1-a13c-f8266dbcd87f/elements [39m[32m200[39m [90m2265 ms - 139[39m
[35m[HTTP][39m [90m[39m
[35m[HTTP][39m [37m-->[39m [37mGET[39m [37m/wd/hub/session/d00684d1-6743-4ae1-a13c-f8266dbcd87f/element/20ce910b-b7bb-4752-99c6-370f7c997e6e/location[39m
[35m[HTTP][39m [90m{}[39m
[35m[W3C (d00684d1)][39m Driver proxy active, passing request on via HTTP proxy
[35m[WD Proxy][39m Replacing sessionId ae4ad26a-af05-4c7f-b4a6-f89475d9aaf8 with d00684d1-6743-4ae1-a13c-f8266dbcd87f
[35m[HTTP][39m [37m<-- GET /wd/hub/session/d00684d1-6743-4ae1-a13c-f8266dbcd87f/element/20ce910b-b7bb-4752-99c6-370f7c997e6e/location [39m[32m200[39m [90m53 ms - 89[39m
[35m[HTTP][39m [90m[39m
[35m[HTTP][39m [37m-->[39m [37mPOST[39m [37m/wd/hub/session/d00684d1-6743-4ae1-a13c-f8266dbcd87f/timeouts[39m
[35m[HTTP][39m [90m{"implicit":30000}[39m
[35m[HTTP][39m [37m<-- POST /wd/hub/session/d00684d1-6743-4ae1-a13c-f8266dbcd87f/timeouts [39m[32m200[39m [90m3 ms - 14[39m
[35m[HTTP][39m [90m[39m
[35m[HTTP][39m [37m-->[39m [37mPOST[39m [37m/wd/hub/session/d00684d1-6743-4ae1-a13c-f8266dbcd87f/touch/perform[39m
[35m[HTTP][39m [90m{"actions":[{"action":"tap","options":{"x":1,"y":1,"element":"20ce910b-b7bb-4752-99c6-370f7c997e6e"}},{"action":"release","options":{}}]}[39m
[35m[UiAutomator2][39m calling get location: 20ce910b-b7bb-4752-99c6-370f7c997e6e
[35m[HTTP][39m [37m<-- POST /wd/hub/session/d00684d1-6743-4ae1-a13c-f8266dbcd87f/touch/perform [39m[32m200[39m [90m1781 ms - 14[39m
[35m[HTTP][39m [90m[39m
[35m[HTTP][39m [37m-->[39m [37mPOST[39m [37m/wd/hub/session/d00684d1-6743-4ae1-a13c-f8266dbcd87f/timeouts[39m
[35m[HTTP][39m [90m{"implicit":50}[39m
[35m[HTTP][39m [37m<-- POST /wd/hub/session/d00684d1-6743-4ae1-a13c-f8266dbcd87f/timeouts [39m[32m200[39m [90m2 ms - 14[39m
[35m[HTTP][39m [90m[39m
[35m[HTTP][39m [37m-->[39m [37mGET[39m [37m/wd/hub/session/d00684d1-6743-4ae1-a13c-f8266dbcd87f/window/rect[39m
[35m[HTTP][39m [90m{}[39m
[35m[HTTP][39m [37m<-- GET /wd/hub/session/d00684d1-6743-4ae1-a13c-f8266dbcd87f/window/rect [39m[32m200[39m [90m43 ms - 50[39m
[35m[HTTP][39m [90m[39m
[35m[HTTP][39m [37m-->[39m [37mPOST[39m [37m/wd/hub/session/d00684d1-6743-4ae1-a13c-f8266dbcd87f/elements[39m
[35m[HTTP][39m [90m{"using":"-android uiautomator","value":"new UiSelector().className(\"android.widget.EditText\").text(\"Search for locality or place\")"}[39m
[35m[HTTP][39m [37m<-- POST /wd/hub/session/d00684d1-6743-4ae1-a13c-f8266dbcd87f/elements [39m[32m200[39m [90m122 ms - 139[39m
[35m[HTTP][39m [90m[39m
[35m[HTTP][39m [37m-->[39m [37mGET[39m [37m/wd/hub/session/d00684d1-6743-4ae1-a13c-f8266dbcd87f/element/0a0f48dd-cd24-4f8c-8d80-f0819d0c3465/location[39m
[35m[HTTP][39m [90m{}[39m
[35m[W3C (d00684d1)][39m Driver proxy active, passing request on via HTTP proxy
[35m[WD Proxy][39m Replacing sessionId ae4ad26a-af05-4c7f-b4a6-f89475d9aaf8 with d00684d1-6743-4ae1-a13c-f8266dbcd87f
[35m[HTTP][39m [37m<-- GET /wd/hub/session/d00684d1-6743-4ae1-a13c-f8266dbcd87f/element/0a0f48dd-cd24-4f8c-8d80-f0819d0c3465/location [39m[32m200[39m [90m35 ms - 88[39m
[35m[HTTP][39m [90m[39m
[35m[HTTP][39m [37m-->[39m [37mPOST[39m [37m/wd/hub/session/d00684d1-6743-4ae1-a13c-f8266dbcd87f/timeouts[39m
[35m[HTTP][39m [90m{"implicit":30000}[39m
[35m[HTTP][39m [37m<-- POST /wd/hub/session/d00684d1-6743-4ae1-a13c-f8266dbcd87f/timeouts [39m[32m200[39m [90m2 ms - 14[39m
[35m[HTTP][39m [90m[39m
[35m[HTTP][39m [37m-->[39m [37mPOST[39m [37m/wd/hub/session/d00684d1-6743-4ae1-a13c-f8266dbcd87f/element/0a0f48dd-cd24-4f8c-8d80-f0819d0c3465/clear[39m
[35m[HTTP][39m [90m{"id":"0a0f48dd-cd24-4f8c-8d80-f0819d0c3465"}[39m
[35m[HTTP][39m [37m<-- POST /wd/hub/session/d00684d1-6743-4ae1-a13c-f8266dbcd87f/element/0a0f48dd-cd24-4f8c-8d80-f0819d0c3465/clear [39m[32m200[39m [90m77 ms - 27[39m
[35m[HTTP][39m [90m[39m
[35m[HTTP][39m [37m-->[39m [37mPOST[39m [37m/wd/hub/session/d00684d1-6743-4ae1-a13c-f8266dbcd87f/element/0a0f48dd-cd24-4f8c-8d80-f0819d0c3465/value[39m
[35m[HTTP][39m [90m{"id":"0a0f48dd-cd24-4f8c-8d80-f0819d0c3465","text":"Ranka colony","value":["R","a","n","k","a"," ","c","o","l","o","n","y"]}[39m
[35m[HTTP][39m [37m<-- POST /wd/hub/session/d00684d1-6743-4ae1-a13c-f8266dbcd87f/element/0a0f48dd-cd24-4f8c-8d80-f0819d0c3465/value [39m[32m200[39m [90m1384 ms - 12[39m
[35m[HTTP][39m [90m[39m
[35m[HTTP][39m [37m-->[39m [37mPOST[39m [37m/wd/hub/session/d00684d1-6743-4ae1-a13c-f8266dbcd87f/timeouts[39m
[35m[HTTP][39m [90m{"implicit":50}[39m
[35m[HTTP][39m [37m<-- POST /wd/hub/session/d00684d1-6743-4ae1-a13c-f8266dbcd87f/timeouts [39m[32m200[39m [90m5 ms - 14[39m
[35m[HTTP][39m [90m[39m
[35m[HTTP][39m [37m-->[39m [37mGET[39m [37m/wd/hub/session/d00684d1-6743-4ae1-a13c-f8266dbcd87f/window/rect[39m
[35m[HTTP][39m [90m{}[39m
[35m[HTTP][39m [37m<-- GET /wd/hub/session/d00684d1-6743-4ae1-a13c-f8266dbcd87f/window/rect [39m[32m200[39m [90m26 ms - 50[39m
[35m[HTTP][39m [90m[39m
[35m[HTTP][39m [37m-->[39m [37mPOST[39m [37m/wd/hub/session/d00684d1-6743-4ae1-a13c-f8266dbcd87f/elements[39m
[35m[HTTP][39m [90m{"using":"-android uiautomator","value":"new UiSelector().className(\"android.widget.TextView\").text(\"Ranka Colony, Bilekahalli, Bengaluru, Karnataka, India\")"}[39m
[35m[HTTP][39m [37m<-- POST /wd/hub/session/d00684d1-6743-4ae1-a13c-f8266dbcd87f/elements [39m[32m200[39m [90m955 ms - 139[39m
[35m[HTTP][39m [90m[39m
[35m[HTTP][39m [37m-->[39m [37mGET[39m [37m/wd/hub/session/d00684d1-6743-4ae1-a13c-f8266dbcd87f/element/688c7c39-c7be-4371-a62e-29c527f2ecb6/location[39m
[35m[HTTP][39m [90m{}[39m
[35m[W3C (d00684d1)][39m Driver proxy active, passing request on via HTTP proxy
[35m[WD Proxy][39m Replacing sessionId ae4ad26a-af05-4c7f-b4a6-f89475d9aaf8 with d00684d1-6743-4ae1-a13c-f8266dbcd87f
[35m[HTTP][39m [37m<-- GET /wd/hub/session/d00684d1-6743-4ae1-a13c-f8266dbcd87f/element/688c7c39-c7be-4371-a62e-29c527f2ecb6/location [39m[32m200[39m [90m37 ms - 89[39m
[35m[HTTP][39m [90m[39m
[35m[HTTP][39m [37m-->[39m [37mPOST[39m [37m/wd/hub/session/d00684d1-6743-4ae1-a13c-f8266dbcd87f/timeouts[39m
[35m[HTTP][39m [90m{"implicit":30000}[39m
[35m[HTTP][39m [37m<-- POST /wd/hub/session/d00684d1-6743-4ae1-a13c-f8266dbcd87f/timeouts [39m[32m200[39m [90m3 ms - 14[39m
[35m[HTTP][39m [90m[39m
[35m[HTTP][39m [37m-->[39m [37mPOST[39m [37m/wd/hub/session/d00684d1-6743-4ae1-a13c-f8266dbcd87f/touch/perform[39m
[35m[HTTP][39m [90m{"actions":[{"action":"tap","options":{"x":1,"y":1,"element":"688c7c39-c7be-4371-a62e-29c527f2ecb6"}},{"action":"release","options":{}}]}[39m
[35m[UiAutomator2][39m calling get location: 688c7c39-c7be-4371-a62e-29c527f2ecb6
[35m[HTTP][39m [37m<-- POST /wd/hub/session/d00684d1-6743-4ae1-a13c-f8266dbcd87f/touch/perform [39m[32m200[39m [90m1570 ms - 14[39m
[35m[HTTP][39m [90m[39m
[35m[HTTP][39m [37m-->[39m [37mPOST[39m [37m/wd/hub/session/d00684d1-6743-4ae1-a13c-f8266dbcd87f/timeouts[39m
[35m[HTTP][39m [90m{"implicit":50}[39m
[35m[HTTP][39m [37m<-- POST /wd/hub/session/d00684d1-6743-4ae1-a13c-f8266dbcd87f/timeouts [39m[32m200[39m [90m2 ms - 14[39m
[35m[HTTP][39m [90m[39m
[35m[HTTP][39m [37m-->[39m [37mGET[39m [37m/wd/hub/session/d00684d1-6743-4ae1-a13c-f8266dbcd87f/window/rect[39m
[35m[HTTP][39m [90m{}[39m
[35m[HTTP][39m [37m<-- GET /wd/hub/session/d00684d1-6743-4ae1-a13c-f8266dbcd87f/window/rect [39m[32m200[39m [90m31 ms - 50[39m
[35m[HTTP][39m [90m[39m
[35m[HTTP][39m [37m-->[39m [37mPOST[39m [37m/wd/hub/session/d00684d1-6743-4ae1-a13c-f8266dbcd87f/elements[39m
[35m[HTTP][39m [90m{"using":"-android uiautomator","value":"new UiSelector().className(\"android.widget.TextView\").text(\"Enter Drop Location\")"}[39m
[35m[HTTP][39m [37m<-- POST /wd/hub/session/d00684d1-6743-4ae1-a13c-f8266dbcd87f/elements [39m[32m200[39m [90m124 ms - 139[39m
[35m[HTTP][39m [90m[39m
[35m[HTTP][39m [37m-->[39m [37mGET[39m [37m/wd/hub/session/d00684d1-6743-4ae1-a13c-f8266dbcd87f/element/bfaff665-d15a-4def-ac79-e395a095318f/location[39m
[35m[HTTP][39m [90m{}[39m
[35m[W3C (d00684d1)][39m Driver proxy active, passing request on via HTTP proxy
[35m[WD Proxy][39m Replacing sessionId ae4ad26a-af05-4c7f-b4a6-f89475d9aaf8 with d00684d1-6743-4ae1-a13c-f8266dbcd87f
[35m[HTTP][39m [37m<-- GET /wd/hub/session/d00684d1-6743-4ae1-a13c-f8266dbcd87f/element/bfaff665-d15a-4def-ac79-e395a095318f/location [39m[32m200[39m [90m57 ms - 89[39m
[35m[HTTP][39m [90m[39m
[35m[HTTP][39m [37m-->[39m [37mPOST[39m [37m/wd/hub/session/d00684d1-6743-4ae1-a13c-f8266dbcd87f/timeouts[39m
[35m[HTTP][39m [90m{"implicit":30000}[39m
[35m[HTTP][39m [37m<-- POST /wd/hub/session/d00684d1-6743-4ae1-a13c-f8266dbcd87f/timeouts [39m[32m200[39m [90m2 ms - 14[39m
[35m[HTTP][39m [90m[39m
[35m[HTTP][39m [37m-->[39m [37mPOST[39m [37m/wd/hub/session/d00684d1-6743-4ae1-a13c-f8266dbcd87f/touch/perform[39m
[35m[HTTP][39m [90m{"actions":[{"action":"tap","options":{"x":1,"y":1,"element":"bfaff665-d15a-4def-ac79-e395a095318f"}},{"action":"release","options":{}}]}[39m
[35m[UiAutomator2][39m calling get location: bfaff665-d15a-4def-ac79-e395a095318f
[35m[HTTP][39m [37m<-- POST /wd/hub/session/d00684d1-6743-4ae1-a13c-f8266dbcd87f/touch/perform [39m[32m200[39m [90m2032 ms - 14[39m
[35m[HTTP][39m [90m[39m
[35m[HTTP][39m [37m-->[39m [37mPOST[39m [37m/wd/hub/session/d00684d1-6743-4ae1-a13c-f8266dbcd87f/timeouts[39m
[35m[HTTP][39m [90m{"implicit":50}[39m
[35m[HTTP][39m [37m<-- POST /wd/hub/session/d00684d1-6743-4ae1-a13c-f8266dbcd87f/timeouts [39m[32m200[39m [90m4 ms - 14[39m
[35m[HTTP][39m [90m[39m
[35m[HTTP][39m [37m-->[39m [37mGET[39m [37m/wd/hub/session/d00684d1-6743-4ae1-a13c-f8266dbcd87f/window/rect[39m
[35m[HTTP][39m [90m{}[39m
[35m[HTTP][39m [37m<-- GET /wd/hub/session/d00684d1-6743-4ae1-a13c-f8266dbcd87f/window/rect [39m[32m200[39m [90m42 ms - 50[39m
[35m[HTTP][39m [90m[39m
[35m[HTTP][39m [37m-->[39m [37mPOST[39m [37m/wd/hub/session/d00684d1-6743-4ae1-a13c-f8266dbcd87f/elements[39m
[35m[HTTP][39m [90m{"using":"-android uiautomator","value":"new UiSelector().className(\"android.widget.EditText\").text(\"Search for locality or place\")"}[39m
[35m[HTTP][39m [37m<-- POST /wd/hub/session/d00684d1-6743-4ae1-a13c-f8266dbcd87f/elements [39m[32m200[39m [90m201 ms - 139[39m
[35m[HTTP][39m [90m[39m
[35m[HTTP][39m [37m-->[39m [37mGET[39m [37m/wd/hub/session/d00684d1-6743-4ae1-a13c-f8266dbcd87f/element/e87e1de8-8298-4f34-8f93-257dbf59316a/location[39m
[35m[HTTP][39m [90m{}[39m
[35m[W3C (d00684d1)][39m Driver proxy active, passing request on via HTTP proxy
[35m[WD Proxy][39m Replacing sessionId ae4ad26a-af05-4c7f-b4a6-f89475d9aaf8 with d00684d1-6743-4ae1-a13c-f8266dbcd87f
[35m[HTTP][39m [37m<-- GET /wd/hub/session/d00684d1-6743-4ae1-a13c-f8266dbcd87f/element/e87e1de8-8298-4f34-8f93-257dbf59316a/location [39m[32m200[39m [90m57 ms - 88[39m
[35m[HTTP][39m [90m[39m
[35m[HTTP][39m [37m-->[39m [37mPOST[39m [37m/wd/hub/session/d00684d1-6743-4ae1-a13c-f8266dbcd87f/timeouts[39m
[35m[HTTP][39m [90m{"implicit":30000}[39m
[35m[HTTP][39m [37m<-- POST /wd/hub/session/d00684d1-6743-4ae1-a13c-f8266dbcd87f/timeouts [39m[32m200[39m [90m2 ms - 14[39m
[35m[HTTP][39m [90m[39m
[35m[HTTP][39m [37m-->[39m [37mPOST[39m [37m/wd/hub/session/d00684d1-6743-4ae1-a13c-f8266dbcd87f/element/e87e1de8-8298-4f34-8f93-257dbf59316a/clear[39m
[35m[HTTP][39m [90m{"id":"e87e1de8-8298-4f34-8f93-257dbf59316a"}[39m
[35m[HTTP][39m [37m<-- POST /wd/hub/session/d00684d1-6743-4ae1-a13c-f8266dbcd87f/element/e87e1de8-8298-4f34-8f93-257dbf59316a/clear [39m[32m200[39m [90m70 ms - 27[39m
[35m[HTTP][39m [90m[39m
[35m[HTTP][39m [37m-->[39m [37mPOST[39m [37m/wd/hub/session/d00684d1-6743-4ae1-a13c-f8266dbcd87f/element/e87e1de8-8298-4f34-8f93-257dbf59316a/value[39m
[35m[HTTP][39m [90m{"id":"e87e1de8-8298-4f34-8f93-257dbf59316a","text":"silk board","value":["s","i","l","k"," ","b","o","a","r","d"]}[39m
[35m[HTTP][39m [37m<-- POST /wd/hub/session/d00684d1-6743-4ae1-a13c-f8266dbcd87f/element/e87e1de8-8298-4f34-8f93-257dbf59316a/value [39m[32m200[39m [90m1297 ms - 12[39m
[35m[HTTP][39m [90m[39m
[35m[HTTP][39m [37m-->[39m [37mPOST[39m [37m/wd/hub/session/d00684d1-6743-4ae1-a13c-f8266dbcd87f/timeouts[39m
[35m[HTTP][39m [90m{"implicit":50}[39m
[35m[HTTP][39m [37m<-- POST /wd/hub/session/d00684d1-6743-4ae1-a13c-f8266dbcd87f/timeouts [39m[32m200[39m [90m2 ms - 14[39m
[35m[HTTP][39m [90m[39m
[35m[HTTP][39m [37m-->[39m [37mGET[39m [37m/wd/hub/session/d00684d1-6743-4ae1-a13c-f8266dbcd87f/window/rect[39m
[35m[HTTP][39m [90m{}[39m
[35m[HTTP][39m [37m<-- GET /wd/hub/session/d00684d1-6743-4ae1-a13c-f8266dbcd87f/window/rect [39m[32m200[39m [90m34 ms - 50[39m
[35m[HTTP][39m [90m[39m
[35m[HTTP][39m [37m-->[39m [37mPOST[39m [37m/wd/hub/session/d00684d1-6743-4ae1-a13c-f8266dbcd87f/elements[39m
[35m[HTTP][39m [90m{"using":"-android uiautomator","value":"new UiSelector().className(\"android.widget.TextView\").text(\"Silk board bus stand, Central Silk Board Colony, Stage 2, BTM Layout, Bengaluru, Karnataka, India\")"}[39m
[35m[HTTP][39m [37m<-- POST /wd/hub/session/d00684d1-6743-4ae1-a13c-f8266dbcd87f/elements [39m[32m200[39m [90m898 ms - 139[39m
[35m[HTTP][39m [90m[39m
[35m[HTTP][39m [37m-->[39m [37mGET[39m [37m/wd/hub/session/d00684d1-6743-4ae1-a13c-f8266dbcd87f/element/ab8fc3e1-3558-4c6f-b80f-30023773da53/location[39m
[35m[HTTP][39m [90m{}[39m
[35m[W3C (d00684d1)][39m Driver proxy active, passing request on via HTTP proxy
[35m[WD Proxy][39m Replacing sessionId ae4ad26a-af05-4c7f-b4a6-f89475d9aaf8 with d00684d1-6743-4ae1-a13c-f8266dbcd87f
[35m[HTTP][39m [37m<-- GET /wd/hub/session/d00684d1-6743-4ae1-a13c-f8266dbcd87f/element/ab8fc3e1-3558-4c6f-b80f-30023773da53/location [39m[32m200[39m [90m53 ms - 89[39m
[35m[HTTP][39m [90m[39m
[35m[HTTP][39m [37m-->[39m [37mPOST[39m [37m/wd/hub/session/d00684d1-6743-4ae1-a13c-f8266dbcd87f/timeouts[39m
[35m[HTTP][39m [90m{"implicit":30000}[39m
[35m[HTTP][39m [37m<-- POST /wd/hub/session/d00684d1-6743-4ae1-a13c-f8266dbcd87f/timeouts [39m[32m200[39m [90m3 ms - 14[39m
[35m[HTTP][39m [90m[39m
[35m[HTTP][39m [37m-->[39m [37mPOST[39m [37m/wd/hub/session/d00684d1-6743-4ae1-a13c-f8266dbcd87f/touch/perform[39m
[35m[HTTP][39m [90m{"actions":[{"action":"tap","options":{"x":1,"y":1,"element":"ab8fc3e1-3558-4c6f-b80f-30023773da53"}},{"action":"release","options":{}}]}[39m
[35m[UiAutomator2][39m calling get location: ab8fc3e1-3558-4c6f-b80f-30023773da53
[35m[HTTP][39m [37m<-- POST /wd/hub/session/d00684d1-6743-4ae1-a13c-f8266dbcd87f/touch/perform [39m[32m200[39m [90m1258 ms - 14[39m
[35m[HTTP][39m [90m[39m
[35m[HTTP][39m [37m-->[39m [37mPOST[39m [37m/wd/hub/session/d00684d1-6743-4ae1-a13c-f8266dbcd87f/timeouts[39m
[35m[HTTP][39m [90m{"implicit":50}[39m
[35m[HTTP][39m [37m<-- POST /wd/hub/session/d00684d1-6743-4ae1-a13c-f8266dbcd87f/timeouts [39m[32m200[39m [90m2 ms - 14[39m
[35m[HTTP][39m [90m[39m
[35m[HTTP][39m [37m-->[39m [37mGET[39m [37m/wd/hub/session/d00684d1-6743-4ae1-a13c-f8266dbcd87f/window/rect[39m
[35m[HTTP][39m [90m{}[39m
[35m[HTTP][39m [37m<-- GET /wd/hub/session/d00684d1-6743-4ae1-a13c-f8266dbcd87f/window/rect [39m[32m200[39m [90m15 ms - 50[39m
[35m[HTTP][39m [90m[39m
[35m[HTTP][39m [37m-->[39m [37mPOST[39m [37m/wd/hub/session/d00684d1-6743-4ae1-a13c-f8266dbcd87f/elements[39m
[35m[HTTP][39m [90m{"using":"-android uiautomator","value":"new UiSelector().className(\"android.widget.TextView\").text(\"Book Ride\")"}[39m
[35m[HTTP][39m [37m<-- POST /wd/hub/session/d00684d1-6743-4ae1-a13c-f8266dbcd87f/elements [39m[32m200[39m [90m84 ms - 139[39m
[35m[HTTP][39m [90m[39m
[35m[HTTP][39m [37m-->[39m [37mGET[39m [37m/wd/hub/session/d00684d1-6743-4ae1-a13c-f8266dbcd87f/element/a6ce9d4b-1533-4740-9a50-6c6a05abf89a/location[39m
[35m[HTTP][39m [90m{}[39m
[35m[W3C (d00684d1)][39m Driver proxy active, passing request on via HTTP proxy
[35m[WD Proxy][39m Replacing sessionId ae4ad26a-af05-4c7f-b4a6-f89475d9aaf8 with d00684d1-6743-4ae1-a13c-f8266dbcd87f
[35m[HTTP][39m [37m<-- GET /wd/hub/session/d00684d1-6743-4ae1-a13c-f8266dbcd87f/element/a6ce9d4b-1533-4740-9a50-6c6a05abf89a/location [39m[32m200[39m [90m36 ms - 90[39m
[35m[HTTP][39m [90m[39m
[35m[HTTP][39m [37m-->[39m [37mPOST[39m [37m/wd/hub/session/d00684d1-6743-4ae1-a13c-f8266dbcd87f/timeouts[39m
[35m[HTTP][39m [90m{"implicit":30000}[39m
[35m[HTTP][39m [37m<-- POST /wd/hub/session/d00684d1-6743-4ae1-a13c-f8266dbcd87f/timeouts [39m[32m200[39m [90m2 ms - 14[39m
[35m[HTTP][39m [90m[39m
[35m[HTTP][39m [37m-->[39m [37mPOST[39m [37m/wd/hub/session/d00684d1-6743-4ae1-a13c-f8266dbcd87f/touch/perform[39m
[35m[HTTP][39m [90m{"actions":[{"action":"tap","options":{"x":1,"y":1,"element":"a6ce9d4b-1533-4740-9a50-6c6a05abf89a"}},{"action":"release","options":{}}]}[39m
[35m[UiAutomator2][39m calling get location: a6ce9d4b-1533-4740-9a50-6c6a05abf89a
[35m[HTTP][39m [37m<-- POST /wd/hub/session/d00684d1-6743-4ae1-a13c-f8266dbcd87f/touch/perform [39m[32m200[39m [90m1118 ms - 14[39m
[35m[HTTP][39m [90m[39m
[35m[HTTP][39m [37m-->[39m [37mPOST[39m [37m/wd/hub/session/d00684d1-6743-4ae1-a13c-f8266dbcd87f/timeouts[39m
[35m[HTTP][39m [90m{"implicit":50}[39m
[35m[HTTP][39m [37m<-- POST /wd/hub/session/d00684d1-6743-4ae1-a13c-f8266dbcd87f/timeouts [39m[32m200[39m [90m3 ms - 14[39m
[35m[HTTP][39m [90m[39m
[35m[HTTP][39m [37m-->[39m [37mGET[39m [37m/wd/hub/session/d00684d1-6743-4ae1-a13c-f8266dbcd87f/window/rect[39m
[35m[HTTP][39m [90m{}[39m
[35m[HTTP][39m [37m<-- GET /wd/hub/session/d00684d1-6743-4ae1-a13c-f8266dbcd87f/window/rect [39m[32m200[39m [90m26 ms - 50[39m
[35m[HTTP][39m [90m[39m
[35m[HTTP][39m [37m-->[39m [37mPOST[39m [37m/wd/hub/session/d00684d1-6743-4ae1-a13c-f8266dbcd87f/elements[39m
[35m[HTTP][39m [90m{"using":"-android uiautomator","value":"new UiSelector().className(\"android.widget.TextView\").text(\"Request Taxi\")"}[39m
[35m[HTTP][39m [37m<-- POST /wd/hub/session/d00684d1-6743-4ae1-a13c-f8266dbcd87f/elements [39m[32m200[39m [90m80 ms - 139[39m
[35m[HTTP][39m [90m[39m
[35m[HTTP][39m [37m-->[39m [37mGET[39m [37m/wd/hub/session/d00684d1-6743-4ae1-a13c-f8266dbcd87f/element/f3e5ed16-565b-495e-ab9d-1e65cbb986d2/location[39m
[35m[HTTP][39m [90m{}[39m
[35m[W3C (d00684d1)][39m Driver proxy active, passing request on via HTTP proxy
[35m[WD Proxy][39m Replacing sessionId ae4ad26a-af05-4c7f-b4a6-f89475d9aaf8 with d00684d1-6743-4ae1-a13c-f8266dbcd87f
[35m[HTTP][39m [37m<-- GET /wd/hub/session/d00684d1-6743-4ae1-a13c-f8266dbcd87f/element/f3e5ed16-565b-495e-ab9d-1e65cbb986d2/location [39m[32m200[39m [90m74 ms - 90[39m
[35m[HTTP][39m [90m[39m
[35m[HTTP][39m [37m-->[39m [37mPOST[39m [37m/wd/hub/session/d00684d1-6743-4ae1-a13c-f8266dbcd87f/timeouts[39m
[35m[HTTP][39m [90m{"implicit":30000}[39m
[35m[HTTP][39m [37m<-- POST /wd/hub/session/d00684d1-6743-4ae1-a13c-f8266dbcd87f/timeouts [39m[32m200[39m [90m3 ms - 14[39m
[35m[HTTP][39m [90m[39m
[35m[HTTP][39m [37m-->[39m [37mPOST[39m [37m/wd/hub/session/d00684d1-6743-4ae1-a13c-f8266dbcd87f/touch/perform[39m
[35m[HTTP][39m [90m{"actions":[{"action":"tap","options":{"x":1,"y":1,"element":"f3e5ed16-565b-495e-ab9d-1e65cbb986d2"}},{"action":"release","options":{}}]}[39m
[35m[UiAutomator2][39m calling get location: f3e5ed16-565b-495e-ab9d-1e65cbb986d2
[35m[HTTP][39m [37m<-- POST /wd/hub/session/d00684d1-6743-4ae1-a13c-f8266dbcd87f/touch/perform [39m[32m200[39m [90m1114 ms - 14[39m
[35m[HTTP][39m [90m[39m
[35m[BaseDriver][39m Shutting down because we waited 1800 seconds for a command
[35m[Appium][39m Closing session, cause was 'New Command Timeout of 1800 seconds expired. Try customizing the timeout using the 'newCommandTimeout' desired capability'
[35m[Appium][39m Removing session d00684d1-6743-4ae1-a13c-f8266dbcd87f from our master session list
[35m[ADB][39m io.nativebase.market.geekyants.taxiapprider was successfully uninstalled
[35m[UiAutomator2][39m Restoring hidden api policy to the device default configuration
[35m[Appium][39m Received SIGTERM - shutting down
