[35m[Appium][39m Welcome to Appium v1.14.0
[35m[Appium][39m Non-default server args:
[35m[Appium][39m   port: 49678
[35m[Appium][39m   loglevel: info
[35m[Appium][39m   chromeDriverPort: 49681
[35m[Appium][39m   tmpDir: /var/folders/38/x4crs4qx0hn0r3_szny2t9sw0000gn/T//Katalon/Appium/Temp1565759018206
[35m[Appium][39m Appium REST http interface listener started on 0.0.0.0:49678
[35m[HTTP][39m [37m-->[39m [37mGET[39m [37m/wd/hub/status[39m
[35m[HTTP][39m [90m{}[39m
[35m[HTTP][39m [37m<-- GET /wd/hub/status [39m[32m200[39m [90m6 ms - 68[39m
[35m[HTTP][39m [90m[39m
[35m[HTTP][39m [37m-->[39m [37mPOST[39m [37m/wd/hub/session[39m
[35m[HTTP][39m [90m{"desiredCapabilities":{"app":"/Users/sumittulsyan/Downloads/app-release (1).apk","noReset":false,"deviceName":"emulator-5554 (Android SDK built for x86 - Android 9)","fullReset":true,"platform":"ANDROID","newCommandTimeout":1800,"platformVersion":"9","automationName":"uiautomator2","autoGrantPermissions":true,"platformName":"Android","udid":"emulator-5554","systemPort":49677},"capabilities":{"firstMatch":[{"appium:app":"/Users/sumittulsyan/Downloads/app-release (1).apk","appium:autoGrantPermissions":true,"appium:automationName":"uiautomator2","appium:deviceName":"emulator-5554 (Android SDK built for x86 - Android 9)","appium:fullReset":true,"appium:newCommandTimeout":1800,"appium:noReset":false,"platform":"ANDROID","platformName":"android","appium:platformVersion":"9","appium:systemPort":49677,"appium:udid":"emulator-5554"}]}}[39m
[35m[BaseDriver][39m The capabilities ["platform"] are not standard capabilities and should have an extension prefix
[35m[Appium][39m Appium v1.14.0 creating new AndroidUiautomator2Driver (v1.33.1) session
[35m[Appium][39m Capabilities:
[35m[Appium][39m   platform: ANDROID
[35m[Appium][39m   platformName: android
[35m[Appium][39m   app: /Users/sumittulsyan/Downloads/app-release (1).apk
[35m[Appium][39m   autoGrantPermissions: true
[35m[Appium][39m   automationName: uiautomator2
[35m[Appium][39m   deviceName: emulator-5554 (Android SDK built for x86 - Android 9)
[35m[Appium][39m   fullReset: true
[35m[Appium][39m   newCommandTimeout: 1800
[35m[Appium][39m   noReset: false
[35m[Appium][39m   platformVersion: 9
[35m[Appium][39m   systemPort: 49677
[35m[Appium][39m   udid: emulator-5554
[35m[BaseDriver][39m The following capabilities were provided, but are not recognized by Appium:
[35m[BaseDriver][39m   platform
[35m[BaseDriver][39m Session created with session id: 1ab986b6-99c2-4d94-9307-cdb69aa8cba7
[35m[BaseDriver][39m Using local app '/Users/sumittulsyan/Downloads/app-release (1).apk'
[35m[ADB][39m Found 1 'build-tools' folders under '/Users/sumittulsyan/.katalon/tools/android_sdk' (newest first):
[35m[ADB][39m     /Users/sumittulsyan/.katalon/tools/android_sdk/build-tools/29.0.1
[35m[ADB][39m Using 'adb' from '/Users/sumittulsyan/.katalon/tools/android_sdk/platform-tools/adb'
[35m[AndroidDriver][39m Retrieving device list
[35m[AndroidDriver][39m Using device: emulator-5554
[35m[ADB][39m Using 'adb' from '/Users/sumittulsyan/.katalon/tools/android_sdk/platform-tools/adb'
[35m[UiAutomator2][39m Relaxing hidden api policy
[35m[ADB][39m Using 'apkanalyzer' from '/Users/sumittulsyan/.katalon/tools/android_sdk/tools/bin/apkanalyzer'
[35m[ADB][39m Using the alternative activity name detection method because of: Command '/Users/sumittulsyan/.katalon/tools/android_sdk/tools/bin/apkanalyzer -h manifest print '/Users/sumittulsyan/Downloads/app-release (1).apk'' exited with code 2
[35m[ADB][39m Using 'aapt' from '/Users/sumittulsyan/.katalon/tools/android_sdk/build-tools/29.0.1/aapt'
[35m[ADB][39m Extracting package and launch activity from manifest
[35m[ADB][39m Package name: 'io.nativebase.market.geekyants.taxiapprider'
[35m[ADB][39m Main activity name: 'io.nativebase.market.geekyants.taxiapprider.MainActivity'
[35m[ADB][39m Using 'apksigner' from '/Users/sumittulsyan/.katalon/tools/android_sdk/build-tools/29.0.1/apksigner'
[35m[UiAutomator2][39m Server packages are not going to be (re)installed
[35m[ADB][39m io.nativebase.market.geekyants.taxiapprider was not uninstalled, because it was not present on the device
[35m[ADB][39m The application at '/Users/sumittulsyan/Downloads/app-release (1).apk' is already cached to '/data/local/tmp/appium_cache/319121ffd2a4e89e1742e996fe8df850b3a56b9f.apk'
[35m[ADB][39m The installation of 'app-release (1).apk' took 11.561s
[35m[UiAutomator2][39m Starting UIAutomator2 server 3.7.0
[35m[UiAutomator2][39m Using UIAutomator2 server from '/Users/sumittulsyan/Downloads/appium-mobile-test/node_modules/appium-uiautomator2-server/apks/appium-uiautomator2-server-v3.7.0.apk' and test from '/Users/sumittulsyan/Downloads/appium-mobile-test/node_modules/appium-uiautomator2-server/apks/appium-uiautomator2-server-debug-androidTest.apk'
[35m[UiAutomator2][39m Waiting up to 30000ms for UiAutomator2 to be online...
[35m[WD Proxy][39m Got an unexpected response: {"code":"ECONNRESET"}
[35m[WD Proxy][39m Got an unexpected response: {"code":"ECONNRESET"}
[35m[WD Proxy][39m Got an unexpected response: {"code":"ECONNRESET"}
[35m[WD Proxy][39m Got an unexpected response: {"code":"ECONNRESET"}
[35m[AndroidDriver][39m Screen already unlocked, doing nothing
[35m[UiAutomator2][39m UiAutomator2 did not start the activity we were waiting for, 'io.nativebase.market.geekyants.taxiapprider/io.nativebase.market.geekyants.taxiapprider.MainActivity'. Starting it ourselves
[35m[Appium][39m New AndroidUiautomator2Driver session created successfully, session 1ab986b6-99c2-4d94-9307-cdb69aa8cba7 added to master session list
[35m[HTTP][39m [37m<-- POST /wd/hub/session [39m[32m200[39m [90m27779 ms - 1271[39m
[35m[HTTP][39m [90m[39m
[35m[HTTP][39m [37m-->[39m [37mGET[39m [37m/wd/hub/session/1ab986b6-99c2-4d94-9307-cdb69aa8cba7[39m
[35m[HTTP][39m [90m{}[39m
[35m[HTTP][39m [37m<-- GET /wd/hub/session/1ab986b6-99c2-4d94-9307-cdb69aa8cba7 [39m[32m200[39m [90m140 ms - 1203[39m
[35m[HTTP][39m [90m[39m
[35m[HTTP][39m [37m-->[39m [37mGET[39m [37m/wd/hub/session/1ab986b6-99c2-4d94-9307-cdb69aa8cba7[39m
[35m[HTTP][39m [90m{}[39m
[35m[HTTP][39m [37m<-- GET /wd/hub/session/1ab986b6-99c2-4d94-9307-cdb69aa8cba7 [39m[32m200[39m [90m31 ms - 1203[39m
[35m[HTTP][39m [90m[39m
[35m[HTTP][39m [37m-->[39m [37mGET[39m [37m/wd/hub/status[39m
[35m[HTTP][39m [90m{}[39m
[35m[HTTP][39m [37m<-- GET /wd/hub/status [39m[32m200[39m [90m1 ms - 68[39m
[35m[HTTP][39m [90m[39m
[35m[HTTP][39m [37m-->[39m [37mPOST[39m [37m/wd/hub/session/1ab986b6-99c2-4d94-9307-cdb69aa8cba7/timeouts[39m
[35m[HTTP][39m [90m{"implicit":30000}[39m
[35m[HTTP][39m [37m<-- POST /wd/hub/session/1ab986b6-99c2-4d94-9307-cdb69aa8cba7/timeouts [39m[32m200[39m [90m3 ms - 14[39m
[35m[HTTP][39m [90m[39m
[35m[HTTP][39m [37m-->[39m [37mPOST[39m [37m/wd/hub/session/1ab986b6-99c2-4d94-9307-cdb69aa8cba7/timeouts[39m
[35m[HTTP][39m [90m{"implicit":50}[39m
[35m[HTTP][39m [37m<-- POST /wd/hub/session/1ab986b6-99c2-4d94-9307-cdb69aa8cba7/timeouts [39m[32m200[39m [90m2 ms - 14[39m
[35m[HTTP][39m [90m[39m
[35m[HTTP][39m [37m-->[39m [37mGET[39m [37m/wd/hub/session/1ab986b6-99c2-4d94-9307-cdb69aa8cba7/window/rect[39m
[35m[HTTP][39m [90m{}[39m
[35m[HTTP][39m [37m<-- GET /wd/hub/session/1ab986b6-99c2-4d94-9307-cdb69aa8cba7/window/rect [39m[32m200[39m [90m49 ms - 50[39m
[35m[HTTP][39m [90m[39m
[35m[HTTP][39m [37m-->[39m [37mPOST[39m [37m/wd/hub/session/1ab986b6-99c2-4d94-9307-cdb69aa8cba7/elements[39m
[35m[HTTP][39m [90m{"using":"-android uiautomator","value":"new UiSelector().className(\"android.widget.TextView\").text(\"Sign In\")"}[39m
[35m[HTTP][39m [37m<-- POST /wd/hub/session/1ab986b6-99c2-4d94-9307-cdb69aa8cba7/elements [39m[32m200[39m [90m222 ms - 12[39m
[35m[HTTP][39m [90m[39m
[35m[HTTP][39m [37m-->[39m [37mPOST[39m [37m/wd/hub/session/1ab986b6-99c2-4d94-9307-cdb69aa8cba7/elements[39m
[35m[HTTP][39m [90m{"using":"-android uiautomator","value":"new UiSelector().className(\"android.widget.TextView\").text(\"Sign In\")"}[39m
[35m[HTTP][39m [37m<-- POST /wd/hub/session/1ab986b6-99c2-4d94-9307-cdb69aa8cba7/elements [39m[32m200[39m [90m725 ms - 12[39m
[35m[HTTP][39m [90m[39m
[35m[HTTP][39m [37m-->[39m [37mPOST[39m [37m/wd/hub/session/1ab986b6-99c2-4d94-9307-cdb69aa8cba7/elements[39m
[35m[HTTP][39m [90m{"using":"-android uiautomator","value":"new UiSelector().className(\"android.widget.TextView\").text(\"Sign In\")"}[39m
[35m[HTTP][39m [37m<-- POST /wd/hub/session/1ab986b6-99c2-4d94-9307-cdb69aa8cba7/elements [39m[32m200[39m [90m186 ms - 12[39m
[35m[HTTP][39m [90m[39m
[35m[HTTP][39m [37m-->[39m [37mPOST[39m [37m/wd/hub/session/1ab986b6-99c2-4d94-9307-cdb69aa8cba7/elements[39m
[35m[HTTP][39m [90m{"using":"-android uiautomator","value":"new UiSelector().className(\"android.widget.TextView\").text(\"Sign In\")"}[39m
[35m[HTTP][39m [37m<-- POST /wd/hub/session/1ab986b6-99c2-4d94-9307-cdb69aa8cba7/elements [39m[32m200[39m [90m85 ms - 12[39m
[35m[HTTP][39m [90m[39m
[35m[HTTP][39m [37m-->[39m [37mPOST[39m [37m/wd/hub/session/1ab986b6-99c2-4d94-9307-cdb69aa8cba7/elements[39m
[35m[HTTP][39m [90m{"using":"-android uiautomator","value":"new UiSelector().className(\"android.widget.TextView\").text(\"Sign In\")"}[39m
[35m[HTTP][39m [37m<-- POST /wd/hub/session/1ab986b6-99c2-4d94-9307-cdb69aa8cba7/elements [39m[32m200[39m [90m103 ms - 12[39m
[35m[HTTP][39m [90m[39m
[35m[HTTP][39m [37m-->[39m [37mPOST[39m [37m/wd/hub/session/1ab986b6-99c2-4d94-9307-cdb69aa8cba7/elements[39m
[35m[HTTP][39m [90m{"using":"-android uiautomator","value":"new UiSelector().className(\"android.widget.TextView\").text(\"Sign In\")"}[39m
[35m[HTTP][39m [37m<-- POST /wd/hub/session/1ab986b6-99c2-4d94-9307-cdb69aa8cba7/elements [39m[32m200[39m [90m53 ms - 12[39m
[35m[HTTP][39m [90m[39m
[35m[HTTP][39m [37m-->[39m [37mPOST[39m [37m/wd/hub/session/1ab986b6-99c2-4d94-9307-cdb69aa8cba7/elements[39m
[35m[HTTP][39m [90m{"using":"-android uiautomator","value":"new UiSelector().className(\"android.widget.TextView\").text(\"Sign In\")"}[39m
[35m[HTTP][39m [37m<-- POST /wd/hub/session/1ab986b6-99c2-4d94-9307-cdb69aa8cba7/elements [39m[32m200[39m [90m65 ms - 12[39m
[35m[HTTP][39m [90m[39m
[35m[HTTP][39m [37m-->[39m [37mPOST[39m [37m/wd/hub/session/1ab986b6-99c2-4d94-9307-cdb69aa8cba7/elements[39m
[35m[HTTP][39m [90m{"using":"-android uiautomator","value":"new UiSelector().className(\"android.widget.TextView\").text(\"Sign In\")"}[39m
[35m[HTTP][39m [37m<-- POST /wd/hub/session/1ab986b6-99c2-4d94-9307-cdb69aa8cba7/elements [39m[32m200[39m [90m583 ms - 12[39m
[35m[HTTP][39m [90m[39m
[35m[HTTP][39m [37m-->[39m [37mPOST[39m [37m/wd/hub/session/1ab986b6-99c2-4d94-9307-cdb69aa8cba7/elements[39m
[35m[HTTP][39m [90m{"using":"-android uiautomator","value":"new UiSelector().className(\"android.widget.TextView\").text(\"Sign In\")"}[39m
[35m[HTTP][39m [37m<-- POST /wd/hub/session/1ab986b6-99c2-4d94-9307-cdb69aa8cba7/elements [39m[32m200[39m [90m1711 ms - 139[39m
[35m[HTTP][39m [90m[39m
[35m[HTTP][39m [37m-->[39m [37mGET[39m [37m/wd/hub/session/1ab986b6-99c2-4d94-9307-cdb69aa8cba7/element/d65b5a5b-e890-4302-ad0f-893097bca751/location[39m
[35m[HTTP][39m [90m{}[39m
[35m[W3C (1ab986b6)][39m Driver proxy active, passing request on via HTTP proxy
[35m[WD Proxy][39m Replacing sessionId 97be295f-d8a2-4e32-be12-a08681c3e437 with 1ab986b6-99c2-4d94-9307-cdb69aa8cba7
[35m[HTTP][39m [37m<-- GET /wd/hub/session/1ab986b6-99c2-4d94-9307-cdb69aa8cba7/element/d65b5a5b-e890-4302-ad0f-893097bca751/location [39m[32m200[39m [90m84 ms - 90[39m
[35m[HTTP][39m [90m[39m
[35m[HTTP][39m [37m-->[39m [37mPOST[39m [37m/wd/hub/session/1ab986b6-99c2-4d94-9307-cdb69aa8cba7/timeouts[39m
[35m[HTTP][39m [90m{"implicit":30000}[39m
[35m[HTTP][39m [37m<-- POST /wd/hub/session/1ab986b6-99c2-4d94-9307-cdb69aa8cba7/timeouts [39m[32m200[39m [90m2 ms - 14[39m
[35m[HTTP][39m [90m[39m
[35m[HTTP][39m [37m-->[39m [37mPOST[39m [37m/wd/hub/session/1ab986b6-99c2-4d94-9307-cdb69aa8cba7/touch/perform[39m
[35m[HTTP][39m [90m{"actions":[{"action":"tap","options":{"x":1,"y":1,"element":"d65b5a5b-e890-4302-ad0f-893097bca751"}},{"action":"release","options":{}}]}[39m
[35m[UiAutomator2][39m calling get location: d65b5a5b-e890-4302-ad0f-893097bca751
[35m[HTTP][39m [37m<-- POST /wd/hub/session/1ab986b6-99c2-4d94-9307-cdb69aa8cba7/touch/perform [39m[32m200[39m [90m1130 ms - 14[39m
[35m[HTTP][39m [90m[39m
[35m[HTTP][39m [37m-->[39m [37mPOST[39m [37m/wd/hub/session/1ab986b6-99c2-4d94-9307-cdb69aa8cba7/timeouts[39m
[35m[HTTP][39m [90m{"implicit":50}[39m
[35m[HTTP][39m [37m<-- POST /wd/hub/session/1ab986b6-99c2-4d94-9307-cdb69aa8cba7/timeouts [39m[32m200[39m [90m3 ms - 14[39m
[35m[HTTP][39m [90m[39m
[35m[HTTP][39m [37m-->[39m [37mGET[39m [37m/wd/hub/session/1ab986b6-99c2-4d94-9307-cdb69aa8cba7/window/rect[39m
[35m[HTTP][39m [90m{}[39m
[35m[HTTP][39m [37m<-- GET /wd/hub/session/1ab986b6-99c2-4d94-9307-cdb69aa8cba7/window/rect [39m[32m200[39m [90m75 ms - 50[39m
[35m[HTTP][39m [90m[39m
[35m[HTTP][39m [37m-->[39m [37mPOST[39m [37m/wd/hub/session/1ab986b6-99c2-4d94-9307-cdb69aa8cba7/elements[39m
[35m[HTTP][39m [90m{"using":"-android uiautomator","value":"new UiSelector().className(\"android.widget.EditText\").text(\"Email\")"}[39m
[35m[HTTP][39m [37m<-- POST /wd/hub/session/1ab986b6-99c2-4d94-9307-cdb69aa8cba7/elements [39m[32m200[39m [90m102 ms - 139[39m
[35m[HTTP][39m [90m[39m
[35m[HTTP][39m [37m-->[39m [37mGET[39m [37m/wd/hub/session/1ab986b6-99c2-4d94-9307-cdb69aa8cba7/element/e04f2e8a-0df1-4f76-80df-00e97ad4820b/location[39m
[35m[HTTP][39m [90m{}[39m
[35m[W3C (1ab986b6)][39m Driver proxy active, passing request on via HTTP proxy
[35m[WD Proxy][39m Replacing sessionId 97be295f-d8a2-4e32-be12-a08681c3e437 with 1ab986b6-99c2-4d94-9307-cdb69aa8cba7
[35m[HTTP][39m [37m<-- GET /wd/hub/session/1ab986b6-99c2-4d94-9307-cdb69aa8cba7/element/e04f2e8a-0df1-4f76-80df-00e97ad4820b/location [39m[32m200[39m [90m89 ms - 90[39m
[35m[HTTP][39m [90m[39m
[35m[HTTP][39m [37m-->[39m [37mPOST[39m [37m/wd/hub/session/1ab986b6-99c2-4d94-9307-cdb69aa8cba7/timeouts[39m
[35m[HTTP][39m [90m{"implicit":30000}[39m
[35m[HTTP][39m [37m<-- POST /wd/hub/session/1ab986b6-99c2-4d94-9307-cdb69aa8cba7/timeouts [39m[32m200[39m [90m1 ms - 14[39m
[35m[HTTP][39m [90m[39m
[35m[HTTP][39m [37m-->[39m [37mPOST[39m [37m/wd/hub/session/1ab986b6-99c2-4d94-9307-cdb69aa8cba7/element/e04f2e8a-0df1-4f76-80df-00e97ad4820b/clear[39m
[35m[HTTP][39m [90m{"id":"e04f2e8a-0df1-4f76-80df-00e97ad4820b"}[39m
[35m[HTTP][39m [37m<-- POST /wd/hub/session/1ab986b6-99c2-4d94-9307-cdb69aa8cba7/element/e04f2e8a-0df1-4f76-80df-00e97ad4820b/clear [39m[32m200[39m [90m51 ms - 27[39m
[35m[HTTP][39m [90m[39m
[35m[HTTP][39m [37m-->[39m [37mPOST[39m [37m/wd/hub/session/1ab986b6-99c2-4d94-9307-cdb69aa8cba7/element/e04f2e8a-0df1-4f76-80df-00e97ad4820b/value[39m
[35m[HTTP][39m [90m{"id":"e04f2e8a-0df1-4f76-80df-00e97ad4820b","text":"taxirider@gmail.com","value":["t","a","x","i","r","i","d","e","r","@","g","m","a","i","l",".","c","o","m"]}[39m
[35m[HTTP][39m [37m<-- POST /wd/hub/session/1ab986b6-99c2-4d94-9307-cdb69aa8cba7/element/e04f2e8a-0df1-4f76-80df-00e97ad4820b/value [39m[32m200[39m [90m1282 ms - 12[39m
[35m[HTTP][39m [90m[39m
[35m[HTTP][39m [37m-->[39m [37mPOST[39m [37m/wd/hub/session/1ab986b6-99c2-4d94-9307-cdb69aa8cba7/timeouts[39m
[35m[HTTP][39m [90m{"implicit":50}[39m
[35m[HTTP][39m [37m<-- POST /wd/hub/session/1ab986b6-99c2-4d94-9307-cdb69aa8cba7/timeouts [39m[32m200[39m [90m3 ms - 14[39m
[35m[HTTP][39m [90m[39m
[35m[HTTP][39m [37m-->[39m [37mGET[39m [37m/wd/hub/session/1ab986b6-99c2-4d94-9307-cdb69aa8cba7/window/rect[39m
[35m[HTTP][39m [90m{}[39m
[35m[HTTP][39m [37m<-- GET /wd/hub/session/1ab986b6-99c2-4d94-9307-cdb69aa8cba7/window/rect [39m[32m200[39m [90m56 ms - 50[39m
[35m[HTTP][39m [90m[39m
[35m[HTTP][39m [37m-->[39m [37mPOST[39m [37m/wd/hub/session/1ab986b6-99c2-4d94-9307-cdb69aa8cba7/elements[39m
[35m[HTTP][39m [90m{"using":"-android uiautomator","value":"new UiSelector().className(\"android.widget.EditText\").text(\"Password\")"}[39m
[35m[HTTP][39m [37m<-- POST /wd/hub/session/1ab986b6-99c2-4d94-9307-cdb69aa8cba7/elements [39m[32m200[39m [90m388 ms - 139[39m
[35m[HTTP][39m [90m[39m
[35m[HTTP][39m [37m-->[39m [37mGET[39m [37m/wd/hub/session/1ab986b6-99c2-4d94-9307-cdb69aa8cba7/element/7dd7d75e-bb3a-437b-9623-241f15380d55/location[39m
[35m[HTTP][39m [90m{}[39m
[35m[W3C (1ab986b6)][39m Driver proxy active, passing request on via HTTP proxy
[35m[WD Proxy][39m Replacing sessionId 97be295f-d8a2-4e32-be12-a08681c3e437 with 1ab986b6-99c2-4d94-9307-cdb69aa8cba7
[35m[HTTP][39m [37m<-- GET /wd/hub/session/1ab986b6-99c2-4d94-9307-cdb69aa8cba7/element/7dd7d75e-bb3a-437b-9623-241f15380d55/location [39m[32m200[39m [90m50 ms - 90[39m
[35m[HTTP][39m [90m[39m
[35m[HTTP][39m [37m-->[39m [37mPOST[39m [37m/wd/hub/session/1ab986b6-99c2-4d94-9307-cdb69aa8cba7/timeouts[39m
[35m[HTTP][39m [90m{"implicit":30000}[39m
[35m[HTTP][39m [37m<-- POST /wd/hub/session/1ab986b6-99c2-4d94-9307-cdb69aa8cba7/timeouts [39m[32m200[39m [90m2 ms - 14[39m
[35m[HTTP][39m [90m[39m
[35m[HTTP][39m [37m-->[39m [37mPOST[39m [37m/wd/hub/session/1ab986b6-99c2-4d94-9307-cdb69aa8cba7/element/7dd7d75e-bb3a-437b-9623-241f15380d55/clear[39m
[35m[HTTP][39m [90m{"id":"7dd7d75e-bb3a-437b-9623-241f15380d55"}[39m
[35m[HTTP][39m [37m<-- POST /wd/hub/session/1ab986b6-99c2-4d94-9307-cdb69aa8cba7/element/7dd7d75e-bb3a-437b-9623-241f15380d55/clear [39m[32m200[39m [90m39 ms - 27[39m
[35m[HTTP][39m [90m[39m
[35m[HTTP][39m [37m-->[39m [37mPOST[39m [37m/wd/hub/session/1ab986b6-99c2-4d94-9307-cdb69aa8cba7/element/7dd7d75e-bb3a-437b-9623-241f15380d55/value[39m
[35m[HTTP][39m [90m{"id":"7dd7d75e-bb3a-437b-9623-241f15380d55","text":"123456","value":["1","2","3","4","5","6"]}[39m
[35m[HTTP][39m [37m<-- POST /wd/hub/session/1ab986b6-99c2-4d94-9307-cdb69aa8cba7/element/7dd7d75e-bb3a-437b-9623-241f15380d55/value [39m[32m200[39m [90m1167 ms - 12[39m
[35m[HTTP][39m [90m[39m
[35m[HTTP][39m [37m-->[39m [37mPOST[39m [37m/wd/hub/session/1ab986b6-99c2-4d94-9307-cdb69aa8cba7/timeouts[39m
[35m[HTTP][39m [90m{"implicit":50}[39m
[35m[HTTP][39m [37m<-- POST /wd/hub/session/1ab986b6-99c2-4d94-9307-cdb69aa8cba7/timeouts [39m[32m200[39m [90m4 ms - 14[39m
[35m[HTTP][39m [90m[39m
[35m[HTTP][39m [37m-->[39m [37mGET[39m [37m/wd/hub/session/1ab986b6-99c2-4d94-9307-cdb69aa8cba7/window/rect[39m
[35m[HTTP][39m [90m{}[39m
[35m[HTTP][39m [37m<-- GET /wd/hub/session/1ab986b6-99c2-4d94-9307-cdb69aa8cba7/window/rect [39m[32m200[39m [90m35 ms - 50[39m
[35m[HTTP][39m [90m[39m
[35m[HTTP][39m [37m-->[39m [37mPOST[39m [37m/wd/hub/session/1ab986b6-99c2-4d94-9307-cdb69aa8cba7/elements[39m
[35m[HTTP][39m [90m{"using":"xpath","value":"//hierarchy/android.widget.FrameLayout[1]/android.widget.LinearLayout[1]/android.widget.FrameLayout[1]/android.widget.LinearLayout[1]/android.widget.FrameLayout[1]/android.widget.FrameLayout[1]/android.view.ViewGroup[1]/android.view.ViewGroup[1]/android.view.ViewGroup[1]/android.view.ViewGroup[1]/android.support.v4.widget.DrawerLayout[1]/android.view.ViewGroup[1]/android.view.ViewGroup[1]/android.view.ViewGroup[1]/android.view.ViewGroup[1]/android.view.ViewGroup[1]/android.view.ViewGroup[1]/android.widget.ScrollView[1]/android.view.ViewGroup[1]/android.view.ViewGroup[7]/android.widget.TextView[1]"}[39m
[35m[HTTP][39m [37m<-- POST /wd/hub/session/1ab986b6-99c2-4d94-9307-cdb69aa8cba7/elements [39m[32m200[39m [90m1040 ms - 139[39m
[35m[HTTP][39m [90m[39m
[35m[HTTP][39m [37m-->[39m [37mGET[39m [37m/wd/hub/session/1ab986b6-99c2-4d94-9307-cdb69aa8cba7/element/a30361da-bf24-48a0-b663-42030c1c99ea/location[39m
[35m[HTTP][39m [90m{}[39m
[35m[W3C (1ab986b6)][39m Driver proxy active, passing request on via HTTP proxy
[35m[WD Proxy][39m Replacing sessionId 97be295f-d8a2-4e32-be12-a08681c3e437 with 1ab986b6-99c2-4d94-9307-cdb69aa8cba7
[35m[HTTP][39m [37m<-- GET /wd/hub/session/1ab986b6-99c2-4d94-9307-cdb69aa8cba7/element/a30361da-bf24-48a0-b663-42030c1c99ea/location [39m[32m200[39m [90m43 ms - 90[39m
[35m[HTTP][39m [90m[39m
[35m[HTTP][39m [37m-->[39m [37mPOST[39m [37m/wd/hub/session/1ab986b6-99c2-4d94-9307-cdb69aa8cba7/timeouts[39m
[35m[HTTP][39m [90m{"implicit":30000}[39m
[35m[HTTP][39m [37m<-- POST /wd/hub/session/1ab986b6-99c2-4d94-9307-cdb69aa8cba7/timeouts [39m[32m200[39m [90m3 ms - 14[39m
[35m[HTTP][39m [90m[39m
[35m[HTTP][39m [37m-->[39m [37mPOST[39m [37m/wd/hub/session/1ab986b6-99c2-4d94-9307-cdb69aa8cba7/touch/perform[39m
[35m[HTTP][39m [90m{"actions":[{"action":"tap","options":{"x":1,"y":1,"element":"a30361da-bf24-48a0-b663-42030c1c99ea"}},{"action":"release","options":{}}]}[39m
[35m[UiAutomator2][39m calling get location: a30361da-bf24-48a0-b663-42030c1c99ea
[35m[HTTP][39m [37m<-- POST /wd/hub/session/1ab986b6-99c2-4d94-9307-cdb69aa8cba7/touch/perform [39m[32m200[39m [90m78 ms - 14[39m
[35m[HTTP][39m [90m[39m
[35m[HTTP][39m [37m-->[39m [37mPOST[39m [37m/wd/hub/session/1ab986b6-99c2-4d94-9307-cdb69aa8cba7/timeouts[39m
[35m[HTTP][39m [90m{"implicit":50}[39m
[35m[HTTP][39m [37m<-- POST /wd/hub/session/1ab986b6-99c2-4d94-9307-cdb69aa8cba7/timeouts [39m[32m200[39m [90m2 ms - 14[39m
[35m[HTTP][39m [90m[39m
[35m[HTTP][39m [37m-->[39m [37mGET[39m [37m/wd/hub/session/1ab986b6-99c2-4d94-9307-cdb69aa8cba7/window/rect[39m
[35m[HTTP][39m [90m{}[39m
[35m[HTTP][39m [37m<-- GET /wd/hub/session/1ab986b6-99c2-4d94-9307-cdb69aa8cba7/window/rect [39m[32m200[39m [90m91 ms - 50[39m
[35m[HTTP][39m [90m[39m
[35m[HTTP][39m [37m-->[39m [37mPOST[39m [37m/wd/hub/session/1ab986b6-99c2-4d94-9307-cdb69aa8cba7/elements[39m
[35m[HTTP][39m [90m{"using":"-android uiautomator","value":"new UiSelector().className(\"android.widget.TextView\").text(\"10, 10th Cross Rd, Mahadeshwara Nagar, Stage 2, BTM Layout, Bengaluru, Karnataka 560076, India\")"}[39m
[35m[HTTP][39m [37m<-- POST /wd/hub/session/1ab986b6-99c2-4d94-9307-cdb69aa8cba7/elements [39m[32m200[39m [90m79 ms - 12[39m
[35m[HTTP][39m [90m[39m
[35m[HTTP][39m [37m-->[39m [37mPOST[39m [37m/wd/hub/session/1ab986b6-99c2-4d94-9307-cdb69aa8cba7/elements[39m
[35m[HTTP][39m [90m{"using":"-android uiautomator","value":"new UiSelector().className(\"android.widget.TextView\").text(\"10, 10th Cross Rd, Mahadeshwara Nagar, Stage 2, BTM Layout, Bengaluru, Karnataka 560076, India\")"}[39m
[35m[HTTP][39m [37m<-- POST /wd/hub/session/1ab986b6-99c2-4d94-9307-cdb69aa8cba7/elements [39m[32m200[39m [90m2544 ms - 12[39m
[35m[HTTP][39m [90m[39m
[35m[HTTP][39m [37m-->[39m [37mPOST[39m [37m/wd/hub/session/1ab986b6-99c2-4d94-9307-cdb69aa8cba7/elements[39m
[35m[HTTP][39m [90m{"using":"-android uiautomator","value":"new UiSelector().className(\"android.widget.TextView\").text(\"10, 10th Cross Rd, Mahadeshwara Nagar, Stage 2, BTM Layout, Bengaluru, Karnataka 560076, India\")"}[39m
[35m[HTTP][39m [37m<-- POST /wd/hub/session/1ab986b6-99c2-4d94-9307-cdb69aa8cba7/elements [39m[32m200[39m [90m100 ms - 12[39m
[35m[HTTP][39m [90m[39m
[35m[HTTP][39m [37m-->[39m [37mPOST[39m [37m/wd/hub/session/1ab986b6-99c2-4d94-9307-cdb69aa8cba7/elements[39m
[35m[HTTP][39m [90m{"using":"-android uiautomator","value":"new UiSelector().className(\"android.widget.TextView\").text(\"10, 10th Cross Rd, Mahadeshwara Nagar, Stage 2, BTM Layout, Bengaluru, Karnataka 560076, India\")"}[39m
[35m[HTTP][39m [37m<-- POST /wd/hub/session/1ab986b6-99c2-4d94-9307-cdb69aa8cba7/elements [39m[32m200[39m [90m159 ms - 12[39m
[35m[HTTP][39m [90m[39m
[35m[HTTP][39m [37m-->[39m [37mPOST[39m [37m/wd/hub/session/1ab986b6-99c2-4d94-9307-cdb69aa8cba7/elements[39m
[35m[HTTP][39m [90m{"using":"-android uiautomator","value":"new UiSelector().className(\"android.widget.TextView\").text(\"10, 10th Cross Rd, Mahadeshwara Nagar, Stage 2, BTM Layout, Bengaluru, Karnataka 560076, India\")"}[39m
[35m[HTTP][39m [37m<-- POST /wd/hub/session/1ab986b6-99c2-4d94-9307-cdb69aa8cba7/elements [39m[32m200[39m [90m72 ms - 12[39m
[35m[HTTP][39m [90m[39m
[35m[HTTP][39m [37m-->[39m [37mPOST[39m [37m/wd/hub/session/1ab986b6-99c2-4d94-9307-cdb69aa8cba7/elements[39m
[35m[HTTP][39m [90m{"using":"-android uiautomator","value":"new UiSelector().className(\"android.widget.TextView\").text(\"10, 10th Cross Rd, Mahadeshwara Nagar, Stage 2, BTM Layout, Bengaluru, Karnataka 560076, India\")"}[39m
[35m[HTTP][39m [37m<-- POST /wd/hub/session/1ab986b6-99c2-4d94-9307-cdb69aa8cba7/elements [39m[32m200[39m [90m148 ms - 12[39m
[35m[HTTP][39m [90m[39m
[35m[HTTP][39m [37m-->[39m [37mPOST[39m [37m/wd/hub/session/1ab986b6-99c2-4d94-9307-cdb69aa8cba7/elements[39m
[35m[HTTP][39m [90m{"using":"-android uiautomator","value":"new UiSelector().className(\"android.widget.TextView\").text(\"10, 10th Cross Rd, Mahadeshwara Nagar, Stage 2, BTM Layout, Bengaluru, Karnataka 560076, India\")"}[39m
[35m[HTTP][39m [37m<-- POST /wd/hub/session/1ab986b6-99c2-4d94-9307-cdb69aa8cba7/elements [39m[32m200[39m [90m114 ms - 12[39m
[35m[HTTP][39m [90m[39m
[35m[HTTP][39m [37m-->[39m [37mPOST[39m [37m/wd/hub/session/1ab986b6-99c2-4d94-9307-cdb69aa8cba7/elements[39m
[35m[HTTP][39m [90m{"using":"-android uiautomator","value":"new UiSelector().className(\"android.widget.TextView\").text(\"10, 10th Cross Rd, Mahadeshwara Nagar, Stage 2, BTM Layout, Bengaluru, Karnataka 560076, India\")"}[39m
[35m[HTTP][39m [37m<-- POST /wd/hub/session/1ab986b6-99c2-4d94-9307-cdb69aa8cba7/elements [39m[32m200[39m [90m70 ms - 12[39m
[35m[HTTP][39m [90m[39m
[35m[HTTP][39m [37m-->[39m [37mPOST[39m [37m/wd/hub/session/1ab986b6-99c2-4d94-9307-cdb69aa8cba7/elements[39m
[35m[HTTP][39m [90m{"using":"-android uiautomator","value":"new UiSelector().className(\"android.widget.TextView\").text(\"10, 10th Cross Rd, Mahadeshwara Nagar, Stage 2, BTM Layout, Bengaluru, Karnataka 560076, India\")"}[39m
[35m[HTTP][39m [37m<-- POST /wd/hub/session/1ab986b6-99c2-4d94-9307-cdb69aa8cba7/elements [39m[32m200[39m [90m93 ms - 12[39m
[35m[HTTP][39m [90m[39m
[35m[HTTP][39m [37m-->[39m [37mPOST[39m [37m/wd/hub/session/1ab986b6-99c2-4d94-9307-cdb69aa8cba7/elements[39m
[35m[HTTP][39m [90m{"using":"-android uiautomator","value":"new UiSelector().className(\"android.widget.TextView\").text(\"10, 10th Cross Rd, Mahadeshwara Nagar, Stage 2, BTM Layout, Bengaluru, Karnataka 560076, India\")"}[39m
[35m[HTTP][39m [37m<-- POST /wd/hub/session/1ab986b6-99c2-4d94-9307-cdb69aa8cba7/elements [39m[32m200[39m [90m67 ms - 12[39m
[35m[HTTP][39m [90m[39m
[35m[HTTP][39m [37m-->[39m [37mPOST[39m [37m/wd/hub/session/1ab986b6-99c2-4d94-9307-cdb69aa8cba7/elements[39m
[35m[HTTP][39m [90m{"using":"-android uiautomator","value":"new UiSelector().className(\"android.widget.TextView\").text(\"10, 10th Cross Rd, Mahadeshwara Nagar, Stage 2, BTM Layout, Bengaluru, Karnataka 560076, India\")"}[39m
[35m[HTTP][39m [37m<-- POST /wd/hub/session/1ab986b6-99c2-4d94-9307-cdb69aa8cba7/elements [39m[32m200[39m [90m72 ms - 12[39m
[35m[HTTP][39m [90m[39m
[35m[HTTP][39m [37m-->[39m [37mPOST[39m [37m/wd/hub/session/1ab986b6-99c2-4d94-9307-cdb69aa8cba7/elements[39m
[35m[HTTP][39m [90m{"using":"-android uiautomator","value":"new UiSelector().className(\"android.widget.TextView\").text(\"10, 10th Cross Rd, Mahadeshwara Nagar, Stage 2, BTM Layout, Bengaluru, Karnataka 560076, India\")"}[39m
[35m[HTTP][39m [37m<-- POST /wd/hub/session/1ab986b6-99c2-4d94-9307-cdb69aa8cba7/elements [39m[32m200[39m [90m124 ms - 12[39m
[35m[HTTP][39m [90m[39m
[35m[HTTP][39m [37m-->[39m [37mPOST[39m [37m/wd/hub/session/1ab986b6-99c2-4d94-9307-cdb69aa8cba7/elements[39m
[35m[HTTP][39m [90m{"using":"-android uiautomator","value":"new UiSelector().className(\"android.widget.TextView\").text(\"10, 10th Cross Rd, Mahadeshwara Nagar, Stage 2, BTM Layout, Bengaluru, Karnataka 560076, India\")"}[39m
[35m[HTTP][39m [37m<-- POST /wd/hub/session/1ab986b6-99c2-4d94-9307-cdb69aa8cba7/elements [39m[32m200[39m [90m97 ms - 12[39m
[35m[HTTP][39m [90m[39m
[35m[HTTP][39m [37m-->[39m [37mPOST[39m [37m/wd/hub/session/1ab986b6-99c2-4d94-9307-cdb69aa8cba7/elements[39m
[35m[HTTP][39m [90m{"using":"-android uiautomator","value":"new UiSelector().className(\"android.widget.TextView\").text(\"10, 10th Cross Rd, Mahadeshwara Nagar, Stage 2, BTM Layout, Bengaluru, Karnataka 560076, India\")"}[39m
[35m[HTTP][39m [37m<-- POST /wd/hub/session/1ab986b6-99c2-4d94-9307-cdb69aa8cba7/elements [39m[32m200[39m [90m115 ms - 12[39m
[35m[HTTP][39m [90m[39m
[35m[HTTP][39m [37m-->[39m [37mPOST[39m [37m/wd/hub/session/1ab986b6-99c2-4d94-9307-cdb69aa8cba7/elements[39m
[35m[HTTP][39m [90m{"using":"-android uiautomator","value":"new UiSelector().className(\"android.widget.TextView\").text(\"10, 10th Cross Rd, Mahadeshwara Nagar, Stage 2, BTM Layout, Bengaluru, Karnataka 560076, India\")"}[39m
[35m[HTTP][39m [37m<-- POST /wd/hub/session/1ab986b6-99c2-4d94-9307-cdb69aa8cba7/elements [39m[32m200[39m [90m212 ms - 12[39m
[35m[HTTP][39m [90m[39m
[35m[HTTP][39m [37m-->[39m [37mPOST[39m [37m/wd/hub/session/1ab986b6-99c2-4d94-9307-cdb69aa8cba7/elements[39m
[35m[HTTP][39m [90m{"using":"-android uiautomator","value":"new UiSelector().className(\"android.widget.TextView\").text(\"10, 10th Cross Rd, Mahadeshwara Nagar, Stage 2, BTM Layout, Bengaluru, Karnataka 560076, India\")"}[39m
[35m[HTTP][39m [37m<-- POST /wd/hub/session/1ab986b6-99c2-4d94-9307-cdb69aa8cba7/elements [39m[32m200[39m [90m137 ms - 12[39m
[35m[HTTP][39m [90m[39m
[35m[HTTP][39m [37m-->[39m [37mPOST[39m [37m/wd/hub/session/1ab986b6-99c2-4d94-9307-cdb69aa8cba7/elements[39m
[35m[HTTP][39m [90m{"using":"-android uiautomator","value":"new UiSelector().className(\"android.widget.TextView\").text(\"10, 10th Cross Rd, Mahadeshwara Nagar, Stage 2, BTM Layout, Bengaluru, Karnataka 560076, India\")"}[39m
[35m[HTTP][39m [37m<-- POST /wd/hub/session/1ab986b6-99c2-4d94-9307-cdb69aa8cba7/elements [39m[32m200[39m [90m80 ms - 12[39m
[35m[HTTP][39m [90m[39m
[35m[HTTP][39m [37m-->[39m [37mPOST[39m [37m/wd/hub/session/1ab986b6-99c2-4d94-9307-cdb69aa8cba7/elements[39m
[35m[HTTP][39m [90m{"using":"-android uiautomator","value":"new UiSelector().className(\"android.widget.TextView\").text(\"10, 10th Cross Rd, Mahadeshwara Nagar, Stage 2, BTM Layout, Bengaluru, Karnataka 560076, India\")"}[39m
[35m[HTTP][39m [37m<-- POST /wd/hub/session/1ab986b6-99c2-4d94-9307-cdb69aa8cba7/elements [39m[32m200[39m [90m75 ms - 12[39m
[35m[HTTP][39m [90m[39m
[35m[HTTP][39m [37m-->[39m [37mPOST[39m [37m/wd/hub/session/1ab986b6-99c2-4d94-9307-cdb69aa8cba7/elements[39m
[35m[HTTP][39m [90m{"using":"-android uiautomator","value":"new UiSelector().className(\"android.widget.TextView\").text(\"10, 10th Cross Rd, Mahadeshwara Nagar, Stage 2, BTM Layout, Bengaluru, Karnataka 560076, India\")"}[39m
[35m[HTTP][39m [37m<-- POST /wd/hub/session/1ab986b6-99c2-4d94-9307-cdb69aa8cba7/elements [39m[32m200[39m [90m735 ms - 12[39m
[35m[HTTP][39m [90m[39m
[35m[HTTP][39m [37m-->[39m [37mPOST[39m [37m/wd/hub/session/1ab986b6-99c2-4d94-9307-cdb69aa8cba7/elements[39m
[35m[HTTP][39m [90m{"using":"-android uiautomator","value":"new UiSelector().className(\"android.widget.TextView\").text(\"10, 10th Cross Rd, Mahadeshwara Nagar, Stage 2, BTM Layout, Bengaluru, Karnataka 560076, India\")"}[39m
[35m[HTTP][39m [37m<-- POST /wd/hub/session/1ab986b6-99c2-4d94-9307-cdb69aa8cba7/elements [39m[32m200[39m [90m174 ms - 12[39m
[35m[HTTP][39m [90m[39m
[35m[HTTP][39m [37m-->[39m [37mPOST[39m [37m/wd/hub/session/1ab986b6-99c2-4d94-9307-cdb69aa8cba7/elements[39m
[35m[HTTP][39m [90m{"using":"-android uiautomator","value":"new UiSelector().className(\"android.widget.TextView\").text(\"10, 10th Cross Rd, Mahadeshwara Nagar, Stage 2, BTM Layout, Bengaluru, Karnataka 560076, India\")"}[39m
[35m[HTTP][39m [37m<-- POST /wd/hub/session/1ab986b6-99c2-4d94-9307-cdb69aa8cba7/elements [39m[32m200[39m [90m107 ms - 12[39m
[35m[HTTP][39m [90m[39m
[35m[HTTP][39m [37m-->[39m [37mPOST[39m [37m/wd/hub/session/1ab986b6-99c2-4d94-9307-cdb69aa8cba7/elements[39m
[35m[HTTP][39m [90m{"using":"-android uiautomator","value":"new UiSelector().className(\"android.widget.TextView\").text(\"10, 10th Cross Rd, Mahadeshwara Nagar, Stage 2, BTM Layout, Bengaluru, Karnataka 560076, India\")"}[39m
[35m[HTTP][39m [37m<-- POST /wd/hub/session/1ab986b6-99c2-4d94-9307-cdb69aa8cba7/elements [39m[32m200[39m [90m75 ms - 12[39m
[35m[HTTP][39m [90m[39m
[35m[HTTP][39m [37m-->[39m [37mPOST[39m [37m/wd/hub/session/1ab986b6-99c2-4d94-9307-cdb69aa8cba7/elements[39m
[35m[HTTP][39m [90m{"using":"-android uiautomator","value":"new UiSelector().className(\"android.widget.TextView\").text(\"10, 10th Cross Rd, Mahadeshwara Nagar, Stage 2, BTM Layout, Bengaluru, Karnataka 560076, India\")"}[39m
[35m[HTTP][39m [37m<-- POST /wd/hub/session/1ab986b6-99c2-4d94-9307-cdb69aa8cba7/elements [39m[32m200[39m [90m164 ms - 12[39m
[35m[HTTP][39m [90m[39m
[35m[HTTP][39m [37m-->[39m [37mPOST[39m [37m/wd/hub/session/1ab986b6-99c2-4d94-9307-cdb69aa8cba7/elements[39m
[35m[HTTP][39m [90m{"using":"-android uiautomator","value":"new UiSelector().className(\"android.widget.TextView\").text(\"10, 10th Cross Rd, Mahadeshwara Nagar, Stage 2, BTM Layout, Bengaluru, Karnataka 560076, India\")"}[39m
[35m[HTTP][39m [37m<-- POST /wd/hub/session/1ab986b6-99c2-4d94-9307-cdb69aa8cba7/elements [39m[32m200[39m [90m123 ms - 12[39m
[35m[HTTP][39m [90m[39m
[35m[HTTP][39m [37m-->[39m [37mPOST[39m [37m/wd/hub/session/1ab986b6-99c2-4d94-9307-cdb69aa8cba7/elements[39m
[35m[HTTP][39m [90m{"using":"-android uiautomator","value":"new UiSelector().className(\"android.widget.TextView\").text(\"10, 10th Cross Rd, Mahadeshwara Nagar, Stage 2, BTM Layout, Bengaluru, Karnataka 560076, India\")"}[39m
[35m[HTTP][39m [37m<-- POST /wd/hub/session/1ab986b6-99c2-4d94-9307-cdb69aa8cba7/elements [39m[32m200[39m [90m90 ms - 12[39m
[35m[HTTP][39m [90m[39m
[35m[HTTP][39m [37m-->[39m [37mPOST[39m [37m/wd/hub/session/1ab986b6-99c2-4d94-9307-cdb69aa8cba7/elements[39m
[35m[HTTP][39m [90m{"using":"-android uiautomator","value":"new UiSelector().className(\"android.widget.TextView\").text(\"10, 10th Cross Rd, Mahadeshwara Nagar, Stage 2, BTM Layout, Bengaluru, Karnataka 560076, India\")"}[39m
[35m[HTTP][39m [37m<-- POST /wd/hub/session/1ab986b6-99c2-4d94-9307-cdb69aa8cba7/elements [39m[32m200[39m [90m87 ms - 12[39m
[35m[HTTP][39m [90m[39m
[35m[HTTP][39m [37m-->[39m [37mPOST[39m [37m/wd/hub/session/1ab986b6-99c2-4d94-9307-cdb69aa8cba7/elements[39m
[35m[HTTP][39m [90m{"using":"-android uiautomator","value":"new UiSelector().className(\"android.widget.TextView\").text(\"10, 10th Cross Rd, Mahadeshwara Nagar, Stage 2, BTM Layout, Bengaluru, Karnataka 560076, India\")"}[39m
[35m[HTTP][39m [37m<-- POST /wd/hub/session/1ab986b6-99c2-4d94-9307-cdb69aa8cba7/elements [39m[32m200[39m [90m129 ms - 12[39m
[35m[HTTP][39m [90m[39m
[35m[HTTP][39m [37m-->[39m [37mPOST[39m [37m/wd/hub/session/1ab986b6-99c2-4d94-9307-cdb69aa8cba7/elements[39m
[35m[HTTP][39m [90m{"using":"-android uiautomator","value":"new UiSelector().className(\"android.widget.TextView\").text(\"10, 10th Cross Rd, Mahadeshwara Nagar, Stage 2, BTM Layout, Bengaluru, Karnataka 560076, India\")"}[39m
[35m[HTTP][39m [37m<-- POST /wd/hub/session/1ab986b6-99c2-4d94-9307-cdb69aa8cba7/elements [39m[32m200[39m [90m69 ms - 12[39m
[35m[HTTP][39m [90m[39m
[35m[HTTP][39m [37m-->[39m [37mPOST[39m [37m/wd/hub/session/1ab986b6-99c2-4d94-9307-cdb69aa8cba7/elements[39m
[35m[HTTP][39m [90m{"using":"-android uiautomator","value":"new UiSelector().className(\"android.widget.TextView\").text(\"10, 10th Cross Rd, Mahadeshwara Nagar, Stage 2, BTM Layout, Bengaluru, Karnataka 560076, India\")"}[39m
[35m[HTTP][39m [37m<-- POST /wd/hub/session/1ab986b6-99c2-4d94-9307-cdb69aa8cba7/elements [39m[32m200[39m [90m205 ms - 12[39m
[35m[HTTP][39m [90m[39m
[35m[HTTP][39m [37m-->[39m [37mPOST[39m [37m/wd/hub/session/1ab986b6-99c2-4d94-9307-cdb69aa8cba7/elements[39m
[35m[HTTP][39m [90m{"using":"-android uiautomator","value":"new UiSelector().className(\"android.widget.TextView\").text(\"10, 10th Cross Rd, Mahadeshwara Nagar, Stage 2, BTM Layout, Bengaluru, Karnataka 560076, India\")"}[39m
[35m[HTTP][39m [37m<-- POST /wd/hub/session/1ab986b6-99c2-4d94-9307-cdb69aa8cba7/elements [39m[32m200[39m [90m95 ms - 12[39m
[35m[HTTP][39m [90m[39m
[35m[HTTP][39m [37m-->[39m [37mPOST[39m [37m/wd/hub/session/1ab986b6-99c2-4d94-9307-cdb69aa8cba7/elements[39m
[35m[HTTP][39m [90m{"using":"-android uiautomator","value":"new UiSelector().className(\"android.widget.TextView\").text(\"10, 10th Cross Rd, Mahadeshwara Nagar, Stage 2, BTM Layout, Bengaluru, Karnataka 560076, India\")"}[39m
[35m[HTTP][39m [37m<-- POST /wd/hub/session/1ab986b6-99c2-4d94-9307-cdb69aa8cba7/elements [39m[32m200[39m [90m1845 ms - 12[39m
[35m[HTTP][39m [90m[39m
[35m[HTTP][39m [37m-->[39m [37mPOST[39m [37m/wd/hub/session/1ab986b6-99c2-4d94-9307-cdb69aa8cba7/elements[39m
[35m[HTTP][39m [90m{"using":"-android uiautomator","value":"new UiSelector().className(\"android.widget.TextView\").text(\"10, 10th Cross Rd, Mahadeshwara Nagar, Stage 2, BTM Layout, Bengaluru, Karnataka 560076, India\")"}[39m
[35m[HTTP][39m [37m<-- POST /wd/hub/session/1ab986b6-99c2-4d94-9307-cdb69aa8cba7/elements [39m[32m200[39m [90m688 ms - 12[39m
[35m[HTTP][39m [90m[39m
[35m[HTTP][39m [37m-->[39m [37mPOST[39m [37m/wd/hub/session/1ab986b6-99c2-4d94-9307-cdb69aa8cba7/elements[39m
[35m[HTTP][39m [90m{"using":"-android uiautomator","value":"new UiSelector().className(\"android.widget.TextView\").text(\"10, 10th Cross Rd, Mahadeshwara Nagar, Stage 2, BTM Layout, Bengaluru, Karnataka 560076, India\")"}[39m
[35m[HTTP][39m [37m<-- POST /wd/hub/session/1ab986b6-99c2-4d94-9307-cdb69aa8cba7/elements [39m[32m200[39m [90m596 ms - 12[39m
[35m[HTTP][39m [90m[39m
[35m[HTTP][39m [37m-->[39m [37mPOST[39m [37m/wd/hub/session/1ab986b6-99c2-4d94-9307-cdb69aa8cba7/elements[39m
[35m[HTTP][39m [90m{"using":"-android uiautomator","value":"new UiSelector().className(\"android.widget.TextView\").text(\"10, 10th Cross Rd, Mahadeshwara Nagar, Stage 2, BTM Layout, Bengaluru, Karnataka 560076, India\")"}[39m
[35m[HTTP][39m [37m<-- POST /wd/hub/session/1ab986b6-99c2-4d94-9307-cdb69aa8cba7/elements [39m[32m200[39m [90m151 ms - 12[39m
[35m[HTTP][39m [90m[39m
[35m[HTTP][39m [37m-->[39m [37mPOST[39m [37m/wd/hub/session/1ab986b6-99c2-4d94-9307-cdb69aa8cba7/elements[39m
[35m[HTTP][39m [90m{"using":"-android uiautomator","value":"new UiSelector().className(\"android.widget.TextView\").text(\"10, 10th Cross Rd, Mahadeshwara Nagar, Stage 2, BTM Layout, Bengaluru, Karnataka 560076, India\")"}[39m
[35m[HTTP][39m [37m<-- POST /wd/hub/session/1ab986b6-99c2-4d94-9307-cdb69aa8cba7/elements [39m[32m200[39m [90m1758 ms - 12[39m
[35m[HTTP][39m [90m[39m
[35m[HTTP][39m [37m-->[39m [37mPOST[39m [37m/wd/hub/session/1ab986b6-99c2-4d94-9307-cdb69aa8cba7/elements[39m
[35m[HTTP][39m [90m{"using":"-android uiautomator","value":"new UiSelector().className(\"android.widget.TextView\").text(\"10, 10th Cross Rd, Mahadeshwara Nagar, Stage 2, BTM Layout, Bengaluru, Karnataka 560076, India\")"}[39m
[35m[HTTP][39m [37m<-- POST /wd/hub/session/1ab986b6-99c2-4d94-9307-cdb69aa8cba7/elements [39m[32m200[39m [90m545 ms - 12[39m
[35m[HTTP][39m [90m[39m
[35m[HTTP][39m [37m-->[39m [37mPOST[39m [37m/wd/hub/session/1ab986b6-99c2-4d94-9307-cdb69aa8cba7/elements[39m
[35m[HTTP][39m [90m{"using":"-android uiautomator","value":"new UiSelector().className(\"android.widget.TextView\").text(\"10, 10th Cross Rd, Mahadeshwara Nagar, Stage 2, BTM Layout, Bengaluru, Karnataka 560076, India\")"}[39m
[35m[HTTP][39m [37m<-- POST /wd/hub/session/1ab986b6-99c2-4d94-9307-cdb69aa8cba7/elements [39m[32m200[39m [90m306 ms - 12[39m
[35m[HTTP][39m [90m[39m
[35m[HTTP][39m [37m-->[39m [37mPOST[39m [37m/wd/hub/session/1ab986b6-99c2-4d94-9307-cdb69aa8cba7/elements[39m
[35m[HTTP][39m [90m{"using":"-android uiautomator","value":"new UiSelector().className(\"android.widget.TextView\").text(\"10, 10th Cross Rd, Mahadeshwara Nagar, Stage 2, BTM Layout, Bengaluru, Karnataka 560076, India\")"}[39m
[35m[HTTP][39m [37m<-- POST /wd/hub/session/1ab986b6-99c2-4d94-9307-cdb69aa8cba7/elements [39m[32m200[39m [90m341 ms - 12[39m
[35m[HTTP][39m [90m[39m
[35m[HTTP][39m [37m-->[39m [37mPOST[39m [37m/wd/hub/session/1ab986b6-99c2-4d94-9307-cdb69aa8cba7/elements[39m
[35m[HTTP][39m [90m{"using":"-android uiautomator","value":"new UiSelector().className(\"android.widget.TextView\").text(\"10, 10th Cross Rd, Mahadeshwara Nagar, Stage 2, BTM Layout, Bengaluru, Karnataka 560076, India\")"}[39m
[35m[HTTP][39m [37m<-- POST /wd/hub/session/1ab986b6-99c2-4d94-9307-cdb69aa8cba7/elements [39m[32m200[39m [90m348 ms - 12[39m
[35m[HTTP][39m [90m[39m
[35m[HTTP][39m [37m-->[39m [37mPOST[39m [37m/wd/hub/session/1ab986b6-99c2-4d94-9307-cdb69aa8cba7/elements[39m
[35m[HTTP][39m [90m{"using":"-android uiautomator","value":"new UiSelector().className(\"android.widget.TextView\").text(\"10, 10th Cross Rd, Mahadeshwara Nagar, Stage 2, BTM Layout, Bengaluru, Karnataka 560076, India\")"}[39m
[35m[HTTP][39m [37m<-- POST /wd/hub/session/1ab986b6-99c2-4d94-9307-cdb69aa8cba7/elements [39m[32m200[39m [90m366 ms - 12[39m
[35m[HTTP][39m [90m[39m
[35m[HTTP][39m [37m-->[39m [37mPOST[39m [37m/wd/hub/session/1ab986b6-99c2-4d94-9307-cdb69aa8cba7/elements[39m
[35m[HTTP][39m [90m{"using":"-android uiautomator","value":"new UiSelector().className(\"android.widget.TextView\").text(\"10, 10th Cross Rd, Mahadeshwara Nagar, Stage 2, BTM Layout, Bengaluru, Karnataka 560076, India\")"}[39m
[35m[HTTP][39m [37m<-- POST /wd/hub/session/1ab986b6-99c2-4d94-9307-cdb69aa8cba7/elements [39m[32m200[39m [90m287 ms - 12[39m
[35m[HTTP][39m [90m[39m
[35m[HTTP][39m [37m-->[39m [37mPOST[39m [37m/wd/hub/session/1ab986b6-99c2-4d94-9307-cdb69aa8cba7/elements[39m
[35m[HTTP][39m [90m{"using":"-android uiautomator","value":"new UiSelector().className(\"android.widget.TextView\").text(\"10, 10th Cross Rd, Mahadeshwara Nagar, Stage 2, BTM Layout, Bengaluru, Karnataka 560076, India\")"}[39m
[35m[HTTP][39m [37m<-- POST /wd/hub/session/1ab986b6-99c2-4d94-9307-cdb69aa8cba7/elements [39m[32m200[39m [90m507 ms - 12[39m
[35m[HTTP][39m [90m[39m
[35m[HTTP][39m [37m-->[39m [37mPOST[39m [37m/wd/hub/session/1ab986b6-99c2-4d94-9307-cdb69aa8cba7/elements[39m
[35m[HTTP][39m [90m{"using":"-android uiautomator","value":"new UiSelector().className(\"android.widget.TextView\").text(\"10, 10th Cross Rd, Mahadeshwara Nagar, Stage 2, BTM Layout, Bengaluru, Karnataka 560076, India\")"}[39m
[35m[HTTP][39m [37m<-- POST /wd/hub/session/1ab986b6-99c2-4d94-9307-cdb69aa8cba7/elements [39m[32m200[39m [90m419 ms - 12[39m
[35m[HTTP][39m [90m[39m
[35m[HTTP][39m [37m-->[39m [37mPOST[39m [37m/wd/hub/session/1ab986b6-99c2-4d94-9307-cdb69aa8cba7/elements[39m
[35m[HTTP][39m [90m{"using":"-android uiautomator","value":"new UiSelector().className(\"android.widget.TextView\").text(\"10, 10th Cross Rd, Mahadeshwara Nagar, Stage 2, BTM Layout, Bengaluru, Karnataka 560076, India\")"}[39m
[35m[HTTP][39m [37m<-- POST /wd/hub/session/1ab986b6-99c2-4d94-9307-cdb69aa8cba7/elements [39m[32m200[39m [90m465 ms - 12[39m
[35m[HTTP][39m [90m[39m
[35m[HTTP][39m [37m-->[39m [37mPOST[39m [37m/wd/hub/session/1ab986b6-99c2-4d94-9307-cdb69aa8cba7/elements[39m
[35m[HTTP][39m [90m{"using":"-android uiautomator","value":"new UiSelector().className(\"android.widget.TextView\").text(\"10, 10th Cross Rd, Mahadeshwara Nagar, Stage 2, BTM Layout, Bengaluru, Karnataka 560076, India\")"}[39m
[35m[HTTP][39m [37m<-- POST /wd/hub/session/1ab986b6-99c2-4d94-9307-cdb69aa8cba7/elements [39m[32m200[39m [90m272 ms - 12[39m
[35m[HTTP][39m [90m[39m
[35m[HTTP][39m [37m-->[39m [37mPOST[39m [37m/wd/hub/session/1ab986b6-99c2-4d94-9307-cdb69aa8cba7/elements[39m
[35m[HTTP][39m [90m{"using":"-android uiautomator","value":"new UiSelector().className(\"android.widget.TextView\").text(\"10, 10th Cross Rd, Mahadeshwara Nagar, Stage 2, BTM Layout, Bengaluru, Karnataka 560076, India\")"}[39m
[35m[HTTP][39m [37m<-- POST /wd/hub/session/1ab986b6-99c2-4d94-9307-cdb69aa8cba7/elements [39m[32m200[39m [90m371 ms - 12[39m
[35m[HTTP][39m [90m[39m
[35m[HTTP][39m [37m-->[39m [37mPOST[39m [37m/wd/hub/session/1ab986b6-99c2-4d94-9307-cdb69aa8cba7/elements[39m
[35m[HTTP][39m [90m{"using":"-android uiautomator","value":"new UiSelector().className(\"android.widget.TextView\").text(\"10, 10th Cross Rd, Mahadeshwara Nagar, Stage 2, BTM Layout, Bengaluru, Karnataka 560076, India\")"}[39m
[35m[HTTP][39m [37m<-- POST /wd/hub/session/1ab986b6-99c2-4d94-9307-cdb69aa8cba7/elements [39m[32m200[39m [90m223 ms - 12[39m
[35m[HTTP][39m [90m[39m
[35m[HTTP][39m [37m-->[39m [37mPOST[39m [37m/wd/hub/session/1ab986b6-99c2-4d94-9307-cdb69aa8cba7/elements[39m
[35m[HTTP][39m [90m{"using":"-android uiautomator","value":"new UiSelector().className(\"android.widget.TextView\").text(\"10, 10th Cross Rd, Mahadeshwara Nagar, Stage 2, BTM Layout, Bengaluru, Karnataka 560076, India\")"}[39m
[35m[HTTP][39m [37m<-- POST /wd/hub/session/1ab986b6-99c2-4d94-9307-cdb69aa8cba7/elements [39m[32m200[39m [90m319 ms - 12[39m
[35m[HTTP][39m [90m[39m
[35m[HTTP][39m [37m-->[39m [37mPOST[39m [37m/wd/hub/session/1ab986b6-99c2-4d94-9307-cdb69aa8cba7/elements[39m
[35m[HTTP][39m [90m{"using":"-android uiautomator","value":"new UiSelector().className(\"android.widget.TextView\").text(\"10, 10th Cross Rd, Mahadeshwara Nagar, Stage 2, BTM Layout, Bengaluru, Karnataka 560076, India\")"}[39m
[35m[HTTP][39m [37m<-- POST /wd/hub/session/1ab986b6-99c2-4d94-9307-cdb69aa8cba7/elements [39m[32m200[39m [90m130 ms - 12[39m
[35m[HTTP][39m [90m[39m
[35m[HTTP][39m [37m-->[39m [37mPOST[39m [37m/wd/hub/session/1ab986b6-99c2-4d94-9307-cdb69aa8cba7/elements[39m
[35m[HTTP][39m [90m{"using":"-android uiautomator","value":"new UiSelector().className(\"android.widget.TextView\").text(\"10, 10th Cross Rd, Mahadeshwara Nagar, Stage 2, BTM Layout, Bengaluru, Karnataka 560076, India\")"}[39m
[35m[HTTP][39m [37m<-- POST /wd/hub/session/1ab986b6-99c2-4d94-9307-cdb69aa8cba7/elements [39m[32m200[39m [90m195 ms - 12[39m
[35m[HTTP][39m [90m[39m
[35m[HTTP][39m [37m-->[39m [37mPOST[39m [37m/wd/hub/session/1ab986b6-99c2-4d94-9307-cdb69aa8cba7/elements[39m
[35m[HTTP][39m [90m{"using":"-android uiautomator","value":"new UiSelector().className(\"android.widget.TextView\").text(\"10, 10th Cross Rd, Mahadeshwara Nagar, Stage 2, BTM Layout, Bengaluru, Karnataka 560076, India\")"}[39m
[35m[HTTP][39m [37m<-- POST /wd/hub/session/1ab986b6-99c2-4d94-9307-cdb69aa8cba7/elements [39m[32m200[39m [90m387 ms - 12[39m
[35m[HTTP][39m [90m[39m
[35m[HTTP][39m [37m-->[39m [37mPOST[39m [37m/wd/hub/session/1ab986b6-99c2-4d94-9307-cdb69aa8cba7/elements[39m
[35m[HTTP][39m [90m{"using":"-android uiautomator","value":"new UiSelector().className(\"android.widget.TextView\").text(\"10, 10th Cross Rd, Mahadeshwara Nagar, Stage 2, BTM Layout, Bengaluru, Karnataka 560076, India\")"}[39m
[35m[HTTP][39m [37m<-- POST /wd/hub/session/1ab986b6-99c2-4d94-9307-cdb69aa8cba7/elements [39m[32m200[39m [90m202 ms - 12[39m
[35m[HTTP][39m [90m[39m
[35m[HTTP][39m [37m-->[39m [37mPOST[39m [37m/wd/hub/session/1ab986b6-99c2-4d94-9307-cdb69aa8cba7/elements[39m
[35m[HTTP][39m [90m{"using":"-android uiautomator","value":"new UiSelector().className(\"android.widget.TextView\").text(\"10, 10th Cross Rd, Mahadeshwara Nagar, Stage 2, BTM Layout, Bengaluru, Karnataka 560076, India\")"}[39m
[35m[HTTP][39m [37m<-- POST /wd/hub/session/1ab986b6-99c2-4d94-9307-cdb69aa8cba7/elements [39m[32m200[39m [90m213 ms - 12[39m
[35m[HTTP][39m [90m[39m
[35m[HTTP][39m [37m-->[39m [37mPOST[39m [37m/wd/hub/session/1ab986b6-99c2-4d94-9307-cdb69aa8cba7/elements[39m
[35m[HTTP][39m [90m{"using":"-android uiautomator","value":"new UiSelector().className(\"android.widget.TextView\").text(\"10, 10th Cross Rd, Mahadeshwara Nagar, Stage 2, BTM Layout, Bengaluru, Karnataka 560076, India\")"}[39m
[35m[HTTP][39m [37m<-- POST /wd/hub/session/1ab986b6-99c2-4d94-9307-cdb69aa8cba7/elements [39m[32m200[39m [90m238 ms - 12[39m
[35m[HTTP][39m [90m[39m
[35m[HTTP][39m [37m-->[39m [37mPOST[39m [37m/wd/hub/session/1ab986b6-99c2-4d94-9307-cdb69aa8cba7/elements[39m
[35m[HTTP][39m [90m{"using":"-android uiautomator","value":"new UiSelector().className(\"android.widget.TextView\").text(\"10, 10th Cross Rd, Mahadeshwara Nagar, Stage 2, BTM Layout, Bengaluru, Karnataka 560076, India\")"}[39m
[35m[HTTP][39m [37m<-- POST /wd/hub/session/1ab986b6-99c2-4d94-9307-cdb69aa8cba7/elements [39m[32m200[39m [90m293 ms - 12[39m
[35m[HTTP][39m [90m[39m
[35m[HTTP][39m [37m-->[39m [37mPOST[39m [37m/wd/hub/session/1ab986b6-99c2-4d94-9307-cdb69aa8cba7/elements[39m
[35m[HTTP][39m [90m{"using":"-android uiautomator","value":"new UiSelector().className(\"android.widget.TextView\").text(\"10, 10th Cross Rd, Mahadeshwara Nagar, Stage 2, BTM Layout, Bengaluru, Karnataka 560076, India\")"}[39m
[35m[HTTP][39m [37m<-- POST /wd/hub/session/1ab986b6-99c2-4d94-9307-cdb69aa8cba7/elements [39m[32m200[39m [90m295 ms - 12[39m
[35m[HTTP][39m [90m[39m
[35m[HTTP][39m [37m-->[39m [37mPOST[39m [37m/wd/hub/session/1ab986b6-99c2-4d94-9307-cdb69aa8cba7/elements[39m
[35m[HTTP][39m [90m{"using":"-android uiautomator","value":"new UiSelector().className(\"android.widget.TextView\").text(\"10, 10th Cross Rd, Mahadeshwara Nagar, Stage 2, BTM Layout, Bengaluru, Karnataka 560076, India\")"}[39m
[35m[HTTP][39m [37m<-- POST /wd/hub/session/1ab986b6-99c2-4d94-9307-cdb69aa8cba7/elements [39m[32m200[39m [90m222 ms - 12[39m
[35m[HTTP][39m [90m[39m
[35m[HTTP][39m [37m-->[39m [37mPOST[39m [37m/wd/hub/session/1ab986b6-99c2-4d94-9307-cdb69aa8cba7/elements[39m
[35m[HTTP][39m [90m{"using":"-android uiautomator","value":"new UiSelector().className(\"android.widget.TextView\").text(\"10, 10th Cross Rd, Mahadeshwara Nagar, Stage 2, BTM Layout, Bengaluru, Karnataka 560076, India\")"}[39m
[35m[HTTP][39m [37m<-- POST /wd/hub/session/1ab986b6-99c2-4d94-9307-cdb69aa8cba7/elements [39m[32m200[39m [90m158 ms - 12[39m
[35m[HTTP][39m [90m[39m
[35m[HTTP][39m [37m-->[39m [37mPOST[39m [37m/wd/hub/session/1ab986b6-99c2-4d94-9307-cdb69aa8cba7/elements[39m
[35m[HTTP][39m [90m{"using":"-android uiautomator","value":"new UiSelector().className(\"android.widget.TextView\").text(\"10, 10th Cross Rd, Mahadeshwara Nagar, Stage 2, BTM Layout, Bengaluru, Karnataka 560076, India\")"}[39m
[35m[HTTP][39m [37m<-- POST /wd/hub/session/1ab986b6-99c2-4d94-9307-cdb69aa8cba7/elements [39m[32m200[39m [90m85 ms - 12[39m
[35m[HTTP][39m [90m[39m
[35m[HTTP][39m [37m-->[39m [37mPOST[39m [37m/wd/hub/session/1ab986b6-99c2-4d94-9307-cdb69aa8cba7/elements[39m
[35m[HTTP][39m [90m{"using":"-android uiautomator","value":"new UiSelector().className(\"android.widget.TextView\").text(\"10, 10th Cross Rd, Mahadeshwara Nagar, Stage 2, BTM Layout, Bengaluru, Karnataka 560076, India\")"}[39m
[35m[HTTP][39m [37m<-- POST /wd/hub/session/1ab986b6-99c2-4d94-9307-cdb69aa8cba7/elements [39m[32m200[39m [90m178 ms - 12[39m
[35m[HTTP][39m [90m[39m
[35m[HTTP][39m [37m-->[39m [37mPOST[39m [37m/wd/hub/session/1ab986b6-99c2-4d94-9307-cdb69aa8cba7/elements[39m
[35m[HTTP][39m [90m{"using":"-android uiautomator","value":"new UiSelector().className(\"android.widget.TextView\").text(\"10, 10th Cross Rd, Mahadeshwara Nagar, Stage 2, BTM Layout, Bengaluru, Karnataka 560076, India\")"}[39m
[35m[HTTP][39m [37m<-- POST /wd/hub/session/1ab986b6-99c2-4d94-9307-cdb69aa8cba7/elements [39m[32m200[39m [90m240 ms - 12[39m
[35m[HTTP][39m [90m[39m
[35m[HTTP][39m [37m-->[39m [37mPOST[39m [37m/wd/hub/session/1ab986b6-99c2-4d94-9307-cdb69aa8cba7/elements[39m
[35m[HTTP][39m [90m{"using":"-android uiautomator","value":"new UiSelector().className(\"android.widget.TextView\").text(\"10, 10th Cross Rd, Mahadeshwara Nagar, Stage 2, BTM Layout, Bengaluru, Karnataka 560076, India\")"}[39m
[35m[HTTP][39m [37m<-- POST /wd/hub/session/1ab986b6-99c2-4d94-9307-cdb69aa8cba7/elements [39m[32m200[39m [90m194 ms - 12[39m
[35m[HTTP][39m [90m[39m
[35m[HTTP][39m [37m-->[39m [37mPOST[39m [37m/wd/hub/session/1ab986b6-99c2-4d94-9307-cdb69aa8cba7/elements[39m
[35m[HTTP][39m [90m{"using":"-android uiautomator","value":"new UiSelector().className(\"android.widget.TextView\").text(\"10, 10th Cross Rd, Mahadeshwara Nagar, Stage 2, BTM Layout, Bengaluru, Karnataka 560076, India\")"}[39m
[35m[HTTP][39m [37m<-- POST /wd/hub/session/1ab986b6-99c2-4d94-9307-cdb69aa8cba7/elements [39m[32m200[39m [90m198 ms - 12[39m
[35m[HTTP][39m [90m[39m
[35m[HTTP][39m [37m-->[39m [37mPOST[39m [37m/wd/hub/session/1ab986b6-99c2-4d94-9307-cdb69aa8cba7/elements[39m
[35m[HTTP][39m [90m{"using":"-android uiautomator","value":"new UiSelector().className(\"android.widget.TextView\").text(\"10, 10th Cross Rd, Mahadeshwara Nagar, Stage 2, BTM Layout, Bengaluru, Karnataka 560076, India\")"}[39m
[35m[HTTP][39m [37m<-- POST /wd/hub/session/1ab986b6-99c2-4d94-9307-cdb69aa8cba7/elements [39m[32m200[39m [90m154 ms - 12[39m
[35m[HTTP][39m [90m[39m
[35m[HTTP][39m [37m-->[39m [37mPOST[39m [37m/wd/hub/session/1ab986b6-99c2-4d94-9307-cdb69aa8cba7/elements[39m
[35m[HTTP][39m [90m{"using":"-android uiautomator","value":"new UiSelector().className(\"android.widget.TextView\").text(\"10, 10th Cross Rd, Mahadeshwara Nagar, Stage 2, BTM Layout, Bengaluru, Karnataka 560076, India\")"}[39m
[35m[HTTP][39m [37m<-- POST /wd/hub/session/1ab986b6-99c2-4d94-9307-cdb69aa8cba7/elements [39m[32m200[39m [90m179 ms - 12[39m
[35m[HTTP][39m [90m[39m
[35m[HTTP][39m [37m-->[39m [37mPOST[39m [37m/wd/hub/session/1ab986b6-99c2-4d94-9307-cdb69aa8cba7/elements[39m
[35m[HTTP][39m [90m{"using":"-android uiautomator","value":"new UiSelector().className(\"android.widget.TextView\").text(\"10, 10th Cross Rd, Mahadeshwara Nagar, Stage 2, BTM Layout, Bengaluru, Karnataka 560076, India\")"}[39m
[35m[HTTP][39m [37m<-- POST /wd/hub/session/1ab986b6-99c2-4d94-9307-cdb69aa8cba7/elements [39m[32m200[39m [90m209 ms - 12[39m
[35m[HTTP][39m [90m[39m
[35m[HTTP][39m [37m-->[39m [37mPOST[39m [37m/wd/hub/session/1ab986b6-99c2-4d94-9307-cdb69aa8cba7/elements[39m
[35m[HTTP][39m [90m{"using":"-android uiautomator","value":"new UiSelector().className(\"android.widget.TextView\").text(\"10, 10th Cross Rd, Mahadeshwara Nagar, Stage 2, BTM Layout, Bengaluru, Karnataka 560076, India\")"}[39m
[35m[HTTP][39m [37m<-- POST /wd/hub/session/1ab986b6-99c2-4d94-9307-cdb69aa8cba7/elements [39m[32m200[39m [90m782 ms - 12[39m
[35m[HTTP][39m [90m[39m
[35m[HTTP][39m [37m-->[39m [37mPOST[39m [37m/wd/hub/session/1ab986b6-99c2-4d94-9307-cdb69aa8cba7/elements[39m
[35m[HTTP][39m [90m{"using":"-android uiautomator","value":"new UiSelector().className(\"android.widget.TextView\").text(\"10, 10th Cross Rd, Mahadeshwara Nagar, Stage 2, BTM Layout, Bengaluru, Karnataka 560076, India\")"}[39m
[35m[HTTP][39m [37m<-- POST /wd/hub/session/1ab986b6-99c2-4d94-9307-cdb69aa8cba7/elements [39m[32m200[39m [90m526 ms - 12[39m
[35m[HTTP][39m [90m[39m
[35m[HTTP][39m [37m-->[39m [37mPOST[39m [37m/wd/hub/session/1ab986b6-99c2-4d94-9307-cdb69aa8cba7/elements[39m
[35m[HTTP][39m [90m{"using":"-android uiautomator","value":"new UiSelector().className(\"android.widget.TextView\").text(\"10, 10th Cross Rd, Mahadeshwara Nagar, Stage 2, BTM Layout, Bengaluru, Karnataka 560076, India\")"}[39m
[35m[HTTP][39m [37m<-- POST /wd/hub/session/1ab986b6-99c2-4d94-9307-cdb69aa8cba7/elements [39m[32m200[39m [90m1569 ms - 12[39m
[35m[HTTP][39m [90m[39m
[35m[HTTP][39m [37m-->[39m [37mPOST[39m [37m/wd/hub/session/1ab986b6-99c2-4d94-9307-cdb69aa8cba7/elements[39m
[35m[HTTP][39m [90m{"using":"-android uiautomator","value":"new UiSelector().className(\"android.widget.TextView\").text(\"10, 10th Cross Rd, Mahadeshwara Nagar, Stage 2, BTM Layout, Bengaluru, Karnataka 560076, India\")"}[39m
[35m[HTTP][39m [37m<-- POST /wd/hub/session/1ab986b6-99c2-4d94-9307-cdb69aa8cba7/elements [39m[32m200[39m [90m779 ms - 12[39m
[35m[HTTP][39m [90m[39m
[35m[HTTP][39m [37m-->[39m [37mPOST[39m [37m/wd/hub/session/1ab986b6-99c2-4d94-9307-cdb69aa8cba7/elements[39m
[35m[HTTP][39m [90m{"using":"-android uiautomator","value":"new UiSelector().className(\"android.widget.TextView\").text(\"10, 10th Cross Rd, Mahadeshwara Nagar, Stage 2, BTM Layout, Bengaluru, Karnataka 560076, India\")"}[39m
[35m[HTTP][39m [37m<-- POST /wd/hub/session/1ab986b6-99c2-4d94-9307-cdb69aa8cba7/elements [39m[32m200[39m [90m384 ms - 12[39m
[35m[HTTP][39m [90m[39m
[35m[HTTP][39m [37m-->[39m [37mPOST[39m [37m/wd/hub/session/1ab986b6-99c2-4d94-9307-cdb69aa8cba7/elements[39m
[35m[HTTP][39m [90m{"using":"-android uiautomator","value":"new UiSelector().className(\"android.widget.TextView\").text(\"10, 10th Cross Rd, Mahadeshwara Nagar, Stage 2, BTM Layout, Bengaluru, Karnataka 560076, India\")"}[39m
[35m[HTTP][39m [37m<-- POST /wd/hub/session/1ab986b6-99c2-4d94-9307-cdb69aa8cba7/elements [39m[32m200[39m [90m370 ms - 12[39m
[35m[HTTP][39m [90m[39m
[35m[HTTP][39m [37m-->[39m [37mPOST[39m [37m/wd/hub/session/1ab986b6-99c2-4d94-9307-cdb69aa8cba7/elements[39m
[35m[HTTP][39m [90m{"using":"-android uiautomator","value":"new UiSelector().className(\"android.widget.TextView\").text(\"10, 10th Cross Rd, Mahadeshwara Nagar, Stage 2, BTM Layout, Bengaluru, Karnataka 560076, India\")"}[39m
[35m[HTTP][39m [37m<-- POST /wd/hub/session/1ab986b6-99c2-4d94-9307-cdb69aa8cba7/elements [39m[32m200[39m [90m327 ms - 12[39m
[35m[HTTP][39m [90m[39m
[35m[HTTP][39m [37m-->[39m [37mPOST[39m [37m/wd/hub/session/1ab986b6-99c2-4d94-9307-cdb69aa8cba7/elements[39m
[35m[HTTP][39m [90m{"using":"-android uiautomator","value":"new UiSelector().className(\"android.widget.TextView\").text(\"10, 10th Cross Rd, Mahadeshwara Nagar, Stage 2, BTM Layout, Bengaluru, Karnataka 560076, India\")"}[39m
[35m[HTTP][39m [37m<-- POST /wd/hub/session/1ab986b6-99c2-4d94-9307-cdb69aa8cba7/elements [39m[32m200[39m [90m184 ms - 12[39m
[35m[HTTP][39m [90m[39m
[35m[HTTP][39m [37m-->[39m [37mPOST[39m [37m/wd/hub/session/1ab986b6-99c2-4d94-9307-cdb69aa8cba7/elements[39m
[35m[HTTP][39m [90m{"using":"-android uiautomator","value":"new UiSelector().className(\"android.widget.TextView\").text(\"10, 10th Cross Rd, Mahadeshwara Nagar, Stage 2, BTM Layout, Bengaluru, Karnataka 560076, India\")"}[39m
[35m[HTTP][39m [37m<-- POST /wd/hub/session/1ab986b6-99c2-4d94-9307-cdb69aa8cba7/elements [39m[32m200[39m [90m433 ms - 12[39m
[35m[HTTP][39m [90m[39m
[35m[HTTP][39m [37m-->[39m [37mPOST[39m [37m/wd/hub/session/1ab986b6-99c2-4d94-9307-cdb69aa8cba7/elements[39m
[35m[HTTP][39m [90m{"using":"-android uiautomator","value":"new UiSelector().className(\"android.widget.TextView\").text(\"10, 10th Cross Rd, Mahadeshwara Nagar, Stage 2, BTM Layout, Bengaluru, Karnataka 560076, India\")"}[39m
[35m[HTTP][39m [37m<-- POST /wd/hub/session/1ab986b6-99c2-4d94-9307-cdb69aa8cba7/elements [39m[32m200[39m [90m164 ms - 12[39m
[35m[HTTP][39m [90m[39m
[35m[HTTP][39m [37m-->[39m [37mPOST[39m [37m/wd/hub/session/1ab986b6-99c2-4d94-9307-cdb69aa8cba7/elements[39m
[35m[HTTP][39m [90m{"using":"-android uiautomator","value":"new UiSelector().className(\"android.widget.TextView\").text(\"10, 10th Cross Rd, Mahadeshwara Nagar, Stage 2, BTM Layout, Bengaluru, Karnataka 560076, India\")"}[39m
[35m[HTTP][39m [37m<-- POST /wd/hub/session/1ab986b6-99c2-4d94-9307-cdb69aa8cba7/elements [39m[32m200[39m [90m233 ms - 12[39m
[35m[HTTP][39m [90m[39m
[35m[HTTP][39m [37m-->[39m [37mPOST[39m [37m/wd/hub/session/1ab986b6-99c2-4d94-9307-cdb69aa8cba7/elements[39m
[35m[HTTP][39m [90m{"using":"-android uiautomator","value":"new UiSelector().className(\"android.widget.TextView\").text(\"10, 10th Cross Rd, Mahadeshwara Nagar, Stage 2, BTM Layout, Bengaluru, Karnataka 560076, India\")"}[39m
[35m[HTTP][39m [37m<-- POST /wd/hub/session/1ab986b6-99c2-4d94-9307-cdb69aa8cba7/elements [39m[32m200[39m [90m107 ms - 12[39m
[35m[HTTP][39m [90m[39m
[35m[HTTP][39m [37m-->[39m [37mPOST[39m [37m/wd/hub/session/1ab986b6-99c2-4d94-9307-cdb69aa8cba7/elements[39m
[35m[HTTP][39m [90m{"using":"-android uiautomator","value":"new UiSelector().className(\"android.widget.TextView\").text(\"10, 10th Cross Rd, Mahadeshwara Nagar, Stage 2, BTM Layout, Bengaluru, Karnataka 560076, India\")"}[39m
[35m[HTTP][39m [37m<-- POST /wd/hub/session/1ab986b6-99c2-4d94-9307-cdb69aa8cba7/elements [39m[32m200[39m [90m339 ms - 12[39m
[35m[HTTP][39m [90m[39m
[35m[HTTP][39m [37m-->[39m [37mPOST[39m [37m/wd/hub/session/1ab986b6-99c2-4d94-9307-cdb69aa8cba7/elements[39m
[35m[HTTP][39m [90m{"using":"-android uiautomator","value":"new UiSelector().className(\"android.widget.TextView\").text(\"10, 10th Cross Rd, Mahadeshwara Nagar, Stage 2, BTM Layout, Bengaluru, Karnataka 560076, India\")"}[39m
[35m[HTTP][39m [37m<-- POST /wd/hub/session/1ab986b6-99c2-4d94-9307-cdb69aa8cba7/elements [39m[32m200[39m [90m452 ms - 12[39m
[35m[HTTP][39m [90m[39m
[35m[HTTP][39m [37m-->[39m [37mPOST[39m [37m/wd/hub/session/1ab986b6-99c2-4d94-9307-cdb69aa8cba7/elements[39m
[35m[HTTP][39m [90m{"using":"-android uiautomator","value":"new UiSelector().className(\"android.widget.TextView\").text(\"10, 10th Cross Rd, Mahadeshwara Nagar, Stage 2, BTM Layout, Bengaluru, Karnataka 560076, India\")"}[39m
[35m[HTTP][39m [37m<-- POST /wd/hub/session/1ab986b6-99c2-4d94-9307-cdb69aa8cba7/elements [39m[32m200[39m [90m151 ms - 12[39m
[35m[HTTP][39m [90m[39m
[35m[HTTP][39m [37m-->[39m [37mPOST[39m [37m/wd/hub/session/1ab986b6-99c2-4d94-9307-cdb69aa8cba7/elements[39m
[35m[HTTP][39m [90m{"using":"-android uiautomator","value":"new UiSelector().className(\"android.widget.TextView\").text(\"10, 10th Cross Rd, Mahadeshwara Nagar, Stage 2, BTM Layout, Bengaluru, Karnataka 560076, India\")"}[39m
[35m[HTTP][39m [37m<-- POST /wd/hub/session/1ab986b6-99c2-4d94-9307-cdb69aa8cba7/elements [39m[32m200[39m [90m252 ms - 12[39m
[35m[HTTP][39m [90m[39m
[35m[HTTP][39m [37m-->[39m [37mPOST[39m [37m/wd/hub/session/1ab986b6-99c2-4d94-9307-cdb69aa8cba7/elements[39m
[35m[HTTP][39m [90m{"using":"-android uiautomator","value":"new UiSelector().className(\"android.widget.TextView\").text(\"10, 10th Cross Rd, Mahadeshwara Nagar, Stage 2, BTM Layout, Bengaluru, Karnataka 560076, India\")"}[39m
[35m[HTTP][39m [37m<-- POST /wd/hub/session/1ab986b6-99c2-4d94-9307-cdb69aa8cba7/elements [39m[32m200[39m [90m266 ms - 12[39m
[35m[HTTP][39m [90m[39m
[35m[HTTP][39m [37m-->[39m [37mPOST[39m [37m/wd/hub/session/1ab986b6-99c2-4d94-9307-cdb69aa8cba7/elements[39m
[35m[HTTP][39m [90m{"using":"-android uiautomator","value":"new UiSelector().className(\"android.widget.TextView\").text(\"10, 10th Cross Rd, Mahadeshwara Nagar, Stage 2, BTM Layout, Bengaluru, Karnataka 560076, India\")"}[39m
[35m[HTTP][39m [37m<-- POST /wd/hub/session/1ab986b6-99c2-4d94-9307-cdb69aa8cba7/elements [39m[32m200[39m [90m303 ms - 12[39m
[35m[HTTP][39m [90m[39m
[35m[HTTP][39m [37m-->[39m [37mPOST[39m [37m/wd/hub/session/1ab986b6-99c2-4d94-9307-cdb69aa8cba7/elements[39m
[35m[HTTP][39m [90m{"using":"-android uiautomator","value":"new UiSelector().className(\"android.widget.TextView\").text(\"10, 10th Cross Rd, Mahadeshwara Nagar, Stage 2, BTM Layout, Bengaluru, Karnataka 560076, India\")"}[39m
[35m[HTTP][39m [37m<-- POST /wd/hub/session/1ab986b6-99c2-4d94-9307-cdb69aa8cba7/elements [39m[32m200[39m [90m710 ms - 12[39m
[35m[HTTP][39m [90m[39m
[35m[HTTP][39m [37m-->[39m [37mPOST[39m [37m/wd/hub/session/1ab986b6-99c2-4d94-9307-cdb69aa8cba7/elements[39m
[35m[HTTP][39m [90m{"using":"-android uiautomator","value":"new UiSelector().className(\"android.widget.TextView\").text(\"10, 10th Cross Rd, Mahadeshwara Nagar, Stage 2, BTM Layout, Bengaluru, Karnataka 560076, India\")"}[39m
[35m[HTTP][39m [37m<-- POST /wd/hub/session/1ab986b6-99c2-4d94-9307-cdb69aa8cba7/elements [39m[32m200[39m [90m3097 ms - 12[39m
[35m[HTTP][39m [90m[39m
[35m[HTTP][39m [37m-->[39m [37mPOST[39m [37m/wd/hub/session/1ab986b6-99c2-4d94-9307-cdb69aa8cba7/timeouts[39m
[35m[HTTP][39m [90m{"implicit":30000}[39m
[35m[HTTP][39m [37m<-- POST /wd/hub/session/1ab986b6-99c2-4d94-9307-cdb69aa8cba7/timeouts [39m[32m200[39m [90m2 ms - 14[39m
[35m[HTTP][39m [90m[39m
[35m[HTTP][39m [37m-->[39m [37mGET[39m [37m/wd/hub/session/1ab986b6-99c2-4d94-9307-cdb69aa8cba7/context[39m
[35m[HTTP][39m [90m{}[39m
[35m[HTTP][39m [37m<-- GET /wd/hub/session/1ab986b6-99c2-4d94-9307-cdb69aa8cba7/context [39m[32m200[39m [90m2 ms - 22[39m
[35m[HTTP][39m [90m[39m
[35m[HTTP][39m [37m-->[39m [37mGET[39m [37m/wd/hub/session/1ab986b6-99c2-4d94-9307-cdb69aa8cba7/contexts[39m
[35m[HTTP][39m [90m{}[39m
[35m[HTTP][39m [37m<-- GET /wd/hub/session/1ab986b6-99c2-4d94-9307-cdb69aa8cba7/contexts [39m[32m200[39m [90m103 ms - 24[39m
[35m[HTTP][39m [90m[39m
[35m[HTTP][39m [37m-->[39m [37mPOST[39m [37m/wd/hub/session/1ab986b6-99c2-4d94-9307-cdb69aa8cba7/context[39m
[35m[HTTP][39m [90m{"name":"NATIVE_APP"}[39m
[35m[HTTP][39m [37m<-- POST /wd/hub/session/1ab986b6-99c2-4d94-9307-cdb69aa8cba7/context [39m[32m200[39m [90m2 ms - 14[39m
[35m[HTTP][39m [90m[39m
[35m[HTTP][39m [37m-->[39m [37mGET[39m [37m/wd/hub/session/1ab986b6-99c2-4d94-9307-cdb69aa8cba7/screenshot[39m
[35m[HTTP][39m [90m{}[39m
[35m[HTTP][39m [37m<-- GET /wd/hub/session/1ab986b6-99c2-4d94-9307-cdb69aa8cba7/screenshot [39m[32m200[39m [90m1376 ms - 510724[39m
[35m[HTTP][39m [90m[39m
[35m[HTTP][39m [37m-->[39m [37mPOST[39m [37m/wd/hub/session/1ab986b6-99c2-4d94-9307-cdb69aa8cba7/context[39m
[35m[HTTP][39m [90m{"name":"NATIVE_APP"}[39m
[35m[HTTP][39m [37m<-- POST /wd/hub/session/1ab986b6-99c2-4d94-9307-cdb69aa8cba7/context [39m[32m200[39m [90m3 ms - 14[39m
[35m[HTTP][39m [90m[39m
[35m[HTTP][39m [37m-->[39m [37mGET[39m [37m/wd/hub/session/1ab986b6-99c2-4d94-9307-cdb69aa8cba7/context[39m
[35m[HTTP][39m [90m{}[39m
[35m[HTTP][39m [37m<-- GET /wd/hub/session/1ab986b6-99c2-4d94-9307-cdb69aa8cba7/context [39m[32m200[39m [90m3 ms - 22[39m
[35m[HTTP][39m [90m[39m
[35m[HTTP][39m [37m-->[39m [37mGET[39m [37m/wd/hub/session/1ab986b6-99c2-4d94-9307-cdb69aa8cba7/contexts[39m
[35m[HTTP][39m [90m{}[39m
[35m[HTTP][39m [37m<-- GET /wd/hub/session/1ab986b6-99c2-4d94-9307-cdb69aa8cba7/contexts [39m[32m200[39m [90m81 ms - 24[39m
[35m[HTTP][39m [90m[39m
[35m[HTTP][39m [37m-->[39m [37mPOST[39m [37m/wd/hub/session/1ab986b6-99c2-4d94-9307-cdb69aa8cba7/context[39m
[35m[HTTP][39m [90m{"name":"NATIVE_APP"}[39m
[35m[HTTP][39m [37m<-- POST /wd/hub/session/1ab986b6-99c2-4d94-9307-cdb69aa8cba7/context [39m[32m200[39m [90m3 ms - 14[39m
[35m[HTTP][39m [90m[39m
[35m[HTTP][39m [37m-->[39m [37mGET[39m [37m/wd/hub/session/1ab986b6-99c2-4d94-9307-cdb69aa8cba7/screenshot[39m
[35m[HTTP][39m [90m{}[39m
[35m[HTTP][39m [37m<-- GET /wd/hub/session/1ab986b6-99c2-4d94-9307-cdb69aa8cba7/screenshot [39m[32m200[39m [90m798 ms - 510724[39m
[35m[HTTP][39m [90m[39m
[35m[HTTP][39m [37m-->[39m [37mPOST[39m [37m/wd/hub/session/1ab986b6-99c2-4d94-9307-cdb69aa8cba7/context[39m
[35m[HTTP][39m [90m{"name":"NATIVE_APP"}[39m
[35m[HTTP][39m [37m<-- POST /wd/hub/session/1ab986b6-99c2-4d94-9307-cdb69aa8cba7/context [39m[32m200[39m [90m2 ms - 14[39m
[35m[HTTP][39m [90m[39m
[35m[HTTP][39m [37m-->[39m [37mDELETE[39m [37m/wd/hub/session/1ab986b6-99c2-4d94-9307-cdb69aa8cba7[39m
[35m[HTTP][39m [90m{}[39m
[35m[Appium][39m Removing session 1ab986b6-99c2-4d94-9307-cdb69aa8cba7 from our master session list
[35m[ADB][39m io.nativebase.market.geekyants.taxiapprider was successfully uninstalled
[35m[UiAutomator2][39m Restoring hidden api policy to the device default configuration
[35m[HTTP][39m [37m<-- DELETE /wd/hub/session/1ab986b6-99c2-4d94-9307-cdb69aa8cba7 [39m[32m200[39m [90m2759 ms - 14[39m
[35m[HTTP][39m [90m[39m
