[35m[Appium][39m Welcome to Appium v1.14.0
[35m[Appium][39m Non-default server args:
[35m[Appium][39m   port: 56638
[35m[Appium][39m   loglevel: info
[35m[Appium][39m   chromeDriverPort: 56641
[35m[Appium][39m   tmpDir: /var/folders/38/x4crs4qx0hn0r3_szny2t9sw0000gn/T//Katalon/Appium/Temp1566211614262
[35m[Appium][39m Appium REST http interface listener started on 0.0.0.0:56638
[35m[HTTP][39m [37m-->[39m [37mGET[39m [37m/wd/hub/status[39m
[35m[HTTP][39m [90m{}[39m
[35m[HTTP][39m [37m<-- GET /wd/hub/status [39m[32m200[39m [90m6 ms - 68[39m
[35m[HTTP][39m [90m[39m
[35m[HTTP][39m [37m-->[39m [37mPOST[39m [37m/wd/hub/session[39m
[35m[HTTP][39m [90m{"desiredCapabilities":{"app":"/Users/sumittulsyan/Downloads/app-release.apk","noReset":false,"deviceName":"emulator-5554 (Android SDK built for x86 - Android 9)","fullReset":true,"platform":"ANDROID","newCommandTimeout":1800,"platformVersion":"9","automationName":"uiautomator2","autoGrantPermissions":true,"platformName":"Android","udid":"emulator-5554","systemPort":56637},"capabilities":{"firstMatch":[{"appium:app":"/Users/sumittulsyan/Downloads/app-release.apk","appium:autoGrantPermissions":true,"appium:automationName":"uiautomator2","appium:deviceName":"emulator-5554 (Android SDK built for x86 - Android 9)","appium:fullReset":true,"appium:newCommandTimeout":1800,"appium:noReset":false,"platform":"ANDROID","platformName":"android","appium:platformVersion":"9","appium:systemPort":56637,"appium:udid":"emulator-5554"}]}}[39m
[35m[BaseDriver][39m The capabilities ["platform"] are not standard capabilities and should have an extension prefix
[35m[Appium][39m Appium v1.14.0 creating new AndroidUiautomator2Driver (v1.33.1) session
[35m[Appium][39m Capabilities:
[35m[Appium][39m   platform: ANDROID
[35m[Appium][39m   platformName: android
[35m[Appium][39m   app: /Users/sumittulsyan/Downloads/app-release.apk
[35m[Appium][39m   autoGrantPermissions: true
[35m[Appium][39m   automationName: uiautomator2
[35m[Appium][39m   deviceName: emulator-5554 (Android SDK built for x86 - Android 9)
[35m[Appium][39m   fullReset: true
[35m[Appium][39m   newCommandTimeout: 1800
[35m[Appium][39m   noReset: false
[35m[Appium][39m   platformVersion: 9
[35m[Appium][39m   systemPort: 56637
[35m[Appium][39m   udid: emulator-5554
[35m[BaseDriver][39m The following capabilities were provided, but are not recognized by Appium:
[35m[BaseDriver][39m   platform
[35m[BaseDriver][39m Session created with session id: 05b9cc6d-7af7-4ec8-9d6b-ebbe1d7d4ec0
[35m[BaseDriver][39m Using local app '/Users/sumittulsyan/Downloads/app-release.apk'
[35m[ADB][39m Found 1 'build-tools' folders under '/Users/sumittulsyan/.katalon/tools/android_sdk' (newest first):
[35m[ADB][39m     /Users/sumittulsyan/.katalon/tools/android_sdk/build-tools/29.0.1
[35m[ADB][39m Using 'adb' from '/Users/sumittulsyan/.katalon/tools/android_sdk/platform-tools/adb'
[35m[AndroidDriver][39m Retrieving device list
[35m[AndroidDriver][39m Using device: emulator-5554
[35m[ADB][39m Using 'adb' from '/Users/sumittulsyan/.katalon/tools/android_sdk/platform-tools/adb'
[35m[UiAutomator2][39m Relaxing hidden api policy
[35m[ADB][39m Using 'apkanalyzer' from '/Users/sumittulsyan/.katalon/tools/android_sdk/tools/bin/apkanalyzer'
[35m[ADB][39m Package name: 'io.nativebase.market.geekyants.taxiappdriver'
[35m[ADB][39m Main activity name: 'io.nativebase.market.geekyants.taxiappdriver.MainActivity'
[35m[ADB][39m Using 'aapt' from '/Users/sumittulsyan/.katalon/tools/android_sdk/build-tools/29.0.1/aapt'
[35m[ADB][39m Using 'apksigner' from '/Users/sumittulsyan/.katalon/tools/android_sdk/build-tools/29.0.1/apksigner'
[35m[UiAutomator2][39m Server packages are not going to be (re)installed
[35m[ADB][39m io.nativebase.market.geekyants.taxiappdriver was not uninstalled, because it was not present on the device
[35m[ADB][39m The application at '/Users/sumittulsyan/Downloads/app-release.apk' is already cached to '/data/local/tmp/appium_cache/0a4c298d81fa9fed8129162356ad8641ab361e22.apk'
[35m[ADB][39m The installation of 'app-release.apk' took 6.374s
[35m[UiAutomator2][39m Starting UIAutomator2 server 3.7.0
[35m[UiAutomator2][39m Using UIAutomator2 server from '/Users/sumittulsyan/Downloads/appium-mobile-test/node_modules/appium-uiautomator2-server/apks/appium-uiautomator2-server-v3.7.0.apk' and test from '/Users/sumittulsyan/Downloads/appium-mobile-test/node_modules/appium-uiautomator2-server/apks/appium-uiautomator2-server-debug-androidTest.apk'
[35m[UiAutomator2][39m Waiting up to 30000ms for UiAutomator2 to be online...
[35m[WD Proxy][39m Got an unexpected response: {"code":"ECONNRESET"}
[35m[WD Proxy][39m Got an unexpected response: {"code":"ECONNRESET"}
[35m[AndroidDriver][39m Screen already unlocked, doing nothing
[35m[UiAutomator2][39m UiAutomator2 did not start the activity we were waiting for, 'io.nativebase.market.geekyants.taxiappdriver/io.nativebase.market.geekyants.taxiappdriver.MainActivity'. Starting it ourselves
[35m[Appium][39m New AndroidUiautomator2Driver session created successfully, session 05b9cc6d-7af7-4ec8-9d6b-ebbe1d7d4ec0 added to master session list
[35m[HTTP][39m [37m<-- POST /wd/hub/session [39m[32m200[39m [90m17727 ms - 1264[39m
[35m[HTTP][39m [90m[39m
[35m[HTTP][39m [37m-->[39m [37mGET[39m [37m/wd/hub/session/05b9cc6d-7af7-4ec8-9d6b-ebbe1d7d4ec0[39m
[35m[HTTP][39m [90m{}[39m
[35m[HTTP][39m [37m<-- GET /wd/hub/session/05b9cc6d-7af7-4ec8-9d6b-ebbe1d7d4ec0 [39m[32m200[39m [90m167 ms - 1196[39m
[35m[HTTP][39m [90m[39m
[35m[HTTP][39m [37m-->[39m [37mGET[39m [37m/wd/hub/session/05b9cc6d-7af7-4ec8-9d6b-ebbe1d7d4ec0[39m
[35m[HTTP][39m [90m{}[39m
[35m[HTTP][39m [37m<-- GET /wd/hub/session/05b9cc6d-7af7-4ec8-9d6b-ebbe1d7d4ec0 [39m[32m200[39m [90m35 ms - 1196[39m
[35m[HTTP][39m [90m[39m
[35m[HTTP][39m [37m-->[39m [37mGET[39m [37m/wd/hub/status[39m
[35m[HTTP][39m [90m{}[39m
[35m[HTTP][39m [37m<-- GET /wd/hub/status [39m[32m200[39m [90m1 ms - 68[39m
[35m[HTTP][39m [90m[39m
[35m[HTTP][39m [37m-->[39m [37mPOST[39m [37m/wd/hub/session/05b9cc6d-7af7-4ec8-9d6b-ebbe1d7d4ec0/timeouts[39m
[35m[HTTP][39m [90m{"implicit":30000}[39m
[35m[HTTP][39m [37m<-- POST /wd/hub/session/05b9cc6d-7af7-4ec8-9d6b-ebbe1d7d4ec0/timeouts [39m[32m200[39m [90m4 ms - 14[39m
[35m[HTTP][39m [90m[39m
[35m[HTTP][39m [37m-->[39m [37mPOST[39m [37m/wd/hub/session/05b9cc6d-7af7-4ec8-9d6b-ebbe1d7d4ec0/timeouts[39m
[35m[HTTP][39m [90m{"implicit":50}[39m
[35m[HTTP][39m [37m<-- POST /wd/hub/session/05b9cc6d-7af7-4ec8-9d6b-ebbe1d7d4ec0/timeouts [39m[32m200[39m [90m3 ms - 14[39m
[35m[HTTP][39m [90m[39m
[35m[HTTP][39m [37m-->[39m [37mGET[39m [37m/wd/hub/session/05b9cc6d-7af7-4ec8-9d6b-ebbe1d7d4ec0/window/rect[39m
[35m[HTTP][39m [90m{}[39m
[35m[HTTP][39m [37m<-- GET /wd/hub/session/05b9cc6d-7af7-4ec8-9d6b-ebbe1d7d4ec0/window/rect [39m[32m200[39m [90m290 ms - 50[39m
[35m[HTTP][39m [90m[39m
[35m[HTTP][39m [37m-->[39m [37mPOST[39m [37m/wd/hub/session/05b9cc6d-7af7-4ec8-9d6b-ebbe1d7d4ec0/elements[39m
[35m[HTTP][39m [90m{"using":"-android uiautomator","value":"new UiSelector().className(\"android.widget.TextView\").text(\"Sign In\")"}[39m
[35m[HTTP][39m [37m<-- POST /wd/hub/session/05b9cc6d-7af7-4ec8-9d6b-ebbe1d7d4ec0/elements [39m[32m200[39m [90m302 ms - 12[39m
[35m[HTTP][39m [90m[39m
[35m[HTTP][39m [37m-->[39m [37mPOST[39m [37m/wd/hub/session/05b9cc6d-7af7-4ec8-9d6b-ebbe1d7d4ec0/elements[39m
[35m[HTTP][39m [90m{"using":"-android uiautomator","value":"new UiSelector().className(\"android.widget.TextView\").text(\"Sign In\")"}[39m
[35m[HTTP][39m [37m<-- POST /wd/hub/session/05b9cc6d-7af7-4ec8-9d6b-ebbe1d7d4ec0/elements [39m[32m200[39m [90m168 ms - 12[39m
[35m[HTTP][39m [90m[39m
[35m[HTTP][39m [37m-->[39m [37mPOST[39m [37m/wd/hub/session/05b9cc6d-7af7-4ec8-9d6b-ebbe1d7d4ec0/elements[39m
[35m[HTTP][39m [90m{"using":"-android uiautomator","value":"new UiSelector().className(\"android.widget.TextView\").text(\"Sign In\")"}[39m
[35m[HTTP][39m [37m<-- POST /wd/hub/session/05b9cc6d-7af7-4ec8-9d6b-ebbe1d7d4ec0/elements [39m[32m200[39m [90m229 ms - 12[39m
[35m[HTTP][39m [90m[39m
[35m[HTTP][39m [37m-->[39m [37mPOST[39m [37m/wd/hub/session/05b9cc6d-7af7-4ec8-9d6b-ebbe1d7d4ec0/elements[39m
[35m[HTTP][39m [90m{"using":"-android uiautomator","value":"new UiSelector().className(\"android.widget.TextView\").text(\"Sign In\")"}[39m
[35m[HTTP][39m [37m<-- POST /wd/hub/session/05b9cc6d-7af7-4ec8-9d6b-ebbe1d7d4ec0/elements [39m[32m200[39m [90m204 ms - 12[39m
[35m[HTTP][39m [90m[39m
[35m[HTTP][39m [37m-->[39m [37mPOST[39m [37m/wd/hub/session/05b9cc6d-7af7-4ec8-9d6b-ebbe1d7d4ec0/elements[39m
[35m[HTTP][39m [90m{"using":"-android uiautomator","value":"new UiSelector().className(\"android.widget.TextView\").text(\"Sign In\")"}[39m
[35m[HTTP][39m [37m<-- POST /wd/hub/session/05b9cc6d-7af7-4ec8-9d6b-ebbe1d7d4ec0/elements [39m[32m200[39m [90m160 ms - 12[39m
[35m[HTTP][39m [90m[39m
[35m[HTTP][39m [37m-->[39m [37mPOST[39m [37m/wd/hub/session/05b9cc6d-7af7-4ec8-9d6b-ebbe1d7d4ec0/elements[39m
[35m[HTTP][39m [90m{"using":"-android uiautomator","value":"new UiSelector().className(\"android.widget.TextView\").text(\"Sign In\")"}[39m
[35m[HTTP][39m [37m<-- POST /wd/hub/session/05b9cc6d-7af7-4ec8-9d6b-ebbe1d7d4ec0/elements [39m[32m200[39m [90m70 ms - 12[39m
[35m[HTTP][39m [90m[39m
[35m[HTTP][39m [37m-->[39m [37mPOST[39m [37m/wd/hub/session/05b9cc6d-7af7-4ec8-9d6b-ebbe1d7d4ec0/elements[39m
[35m[HTTP][39m [90m{"using":"-android uiautomator","value":"new UiSelector().className(\"android.widget.TextView\").text(\"Sign In\")"}[39m
[35m[HTTP][39m [37m<-- POST /wd/hub/session/05b9cc6d-7af7-4ec8-9d6b-ebbe1d7d4ec0/elements [39m[32m200[39m [90m72 ms - 12[39m
[35m[HTTP][39m [90m[39m
[35m[HTTP][39m [37m-->[39m [37mPOST[39m [37m/wd/hub/session/05b9cc6d-7af7-4ec8-9d6b-ebbe1d7d4ec0/elements[39m
[35m[HTTP][39m [90m{"using":"-android uiautomator","value":"new UiSelector().className(\"android.widget.TextView\").text(\"Sign In\")"}[39m
[35m[HTTP][39m [37m<-- POST /wd/hub/session/05b9cc6d-7af7-4ec8-9d6b-ebbe1d7d4ec0/elements [39m[32m200[39m [90m63 ms - 12[39m
[35m[HTTP][39m [90m[39m
[35m[HTTP][39m [37m-->[39m [37mPOST[39m [37m/wd/hub/session/05b9cc6d-7af7-4ec8-9d6b-ebbe1d7d4ec0/elements[39m
[35m[HTTP][39m [90m{"using":"-android uiautomator","value":"new UiSelector().className(\"android.widget.TextView\").text(\"Sign In\")"}[39m
[35m[HTTP][39m [37m<-- POST /wd/hub/session/05b9cc6d-7af7-4ec8-9d6b-ebbe1d7d4ec0/elements [39m[32m200[39m [90m58 ms - 12[39m
[35m[HTTP][39m [90m[39m
[35m[HTTP][39m [37m-->[39m [37mPOST[39m [37m/wd/hub/session/05b9cc6d-7af7-4ec8-9d6b-ebbe1d7d4ec0/elements[39m
[35m[HTTP][39m [90m{"using":"-android uiautomator","value":"new UiSelector().className(\"android.widget.TextView\").text(\"Sign In\")"}[39m
[35m[HTTP][39m [37m<-- POST /wd/hub/session/05b9cc6d-7af7-4ec8-9d6b-ebbe1d7d4ec0/elements [39m[32m200[39m [90m133 ms - 12[39m
[35m[HTTP][39m [90m[39m
[35m[HTTP][39m [37m-->[39m [37mPOST[39m [37m/wd/hub/session/05b9cc6d-7af7-4ec8-9d6b-ebbe1d7d4ec0/elements[39m
[35m[HTTP][39m [90m{"using":"-android uiautomator","value":"new UiSelector().className(\"android.widget.TextView\").text(\"Sign In\")"}[39m
[35m[HTTP][39m [37m<-- POST /wd/hub/session/05b9cc6d-7af7-4ec8-9d6b-ebbe1d7d4ec0/elements [39m[32m200[39m [90m568 ms - 12[39m
[35m[HTTP][39m [90m[39m
[35m[HTTP][39m [37m-->[39m [37mPOST[39m [37m/wd/hub/session/05b9cc6d-7af7-4ec8-9d6b-ebbe1d7d4ec0/elements[39m
[35m[HTTP][39m [90m{"using":"-android uiautomator","value":"new UiSelector().className(\"android.widget.TextView\").text(\"Sign In\")"}[39m
[35m[HTTP][39m [37m<-- POST /wd/hub/session/05b9cc6d-7af7-4ec8-9d6b-ebbe1d7d4ec0/elements [39m[32m200[39m [90m1823 ms - 139[39m
[35m[HTTP][39m [90m[39m
[35m[HTTP][39m [37m-->[39m [37mGET[39m [37m/wd/hub/session/05b9cc6d-7af7-4ec8-9d6b-ebbe1d7d4ec0/element/5e1078c3-f259-4d75-b987-c450731fb8c4/location[39m
[35m[HTTP][39m [90m{}[39m
[35m[W3C (05b9cc6d)][39m Driver proxy active, passing request on via HTTP proxy
[35m[WD Proxy][39m Replacing sessionId cf1a3f1d-97b8-4020-b0b5-331284246d10 with 05b9cc6d-7af7-4ec8-9d6b-ebbe1d7d4ec0
[35m[HTTP][39m [37m<-- GET /wd/hub/session/05b9cc6d-7af7-4ec8-9d6b-ebbe1d7d4ec0/element/5e1078c3-f259-4d75-b987-c450731fb8c4/location [39m[32m200[39m [90m46 ms - 90[39m
[35m[HTTP][39m [90m[39m
[35m[HTTP][39m [37m-->[39m [37mPOST[39m [37m/wd/hub/session/05b9cc6d-7af7-4ec8-9d6b-ebbe1d7d4ec0/timeouts[39m
[35m[HTTP][39m [90m{"implicit":30000}[39m
[35m[HTTP][39m [37m<-- POST /wd/hub/session/05b9cc6d-7af7-4ec8-9d6b-ebbe1d7d4ec0/timeouts [39m[32m200[39m [90m2 ms - 14[39m
[35m[HTTP][39m [90m[39m
[35m[HTTP][39m [37m-->[39m [37mPOST[39m [37m/wd/hub/session/05b9cc6d-7af7-4ec8-9d6b-ebbe1d7d4ec0/touch/perform[39m
[35m[HTTP][39m [90m{"actions":[{"action":"tap","options":{"x":1,"y":1,"element":"5e1078c3-f259-4d75-b987-c450731fb8c4"}},{"action":"release","options":{}}]}[39m
[35m[UiAutomator2][39m calling get location: 5e1078c3-f259-4d75-b987-c450731fb8c4
[35m[HTTP][39m [37m<-- POST /wd/hub/session/05b9cc6d-7af7-4ec8-9d6b-ebbe1d7d4ec0/touch/perform [39m[32m200[39m [90m1140 ms - 14[39m
[35m[HTTP][39m [90m[39m
[35m[HTTP][39m [37m-->[39m [37mPOST[39m [37m/wd/hub/session/05b9cc6d-7af7-4ec8-9d6b-ebbe1d7d4ec0/timeouts[39m
[35m[HTTP][39m [90m{"implicit":50}[39m
[35m[HTTP][39m [37m<-- POST /wd/hub/session/05b9cc6d-7af7-4ec8-9d6b-ebbe1d7d4ec0/timeouts [39m[32m200[39m [90m3 ms - 14[39m
[35m[HTTP][39m [90m[39m
[35m[HTTP][39m [37m-->[39m [37mGET[39m [37m/wd/hub/session/05b9cc6d-7af7-4ec8-9d6b-ebbe1d7d4ec0/window/rect[39m
[35m[HTTP][39m [90m{}[39m
[35m[HTTP][39m [37m<-- GET /wd/hub/session/05b9cc6d-7af7-4ec8-9d6b-ebbe1d7d4ec0/window/rect [39m[32m200[39m [90m28 ms - 50[39m
[35m[HTTP][39m [90m[39m
[35m[HTTP][39m [37m-->[39m [37mPOST[39m [37m/wd/hub/session/05b9cc6d-7af7-4ec8-9d6b-ebbe1d7d4ec0/elements[39m
[35m[HTTP][39m [90m{"using":"-android uiautomator","value":"new UiSelector().className(\"android.widget.EditText\").text(\"Email\")"}[39m
[35m[HTTP][39m [37m<-- POST /wd/hub/session/05b9cc6d-7af7-4ec8-9d6b-ebbe1d7d4ec0/elements [39m[32m200[39m [90m59 ms - 139[39m
[35m[HTTP][39m [90m[39m
[35m[HTTP][39m [37m-->[39m [37mGET[39m [37m/wd/hub/session/05b9cc6d-7af7-4ec8-9d6b-ebbe1d7d4ec0/element/6555bcd0-7952-42c1-bc31-d82f4a757d97/location[39m
[35m[HTTP][39m [90m{}[39m
[35m[W3C (05b9cc6d)][39m Driver proxy active, passing request on via HTTP proxy
[35m[WD Proxy][39m Replacing sessionId cf1a3f1d-97b8-4020-b0b5-331284246d10 with 05b9cc6d-7af7-4ec8-9d6b-ebbe1d7d4ec0
[35m[HTTP][39m [37m<-- GET /wd/hub/session/05b9cc6d-7af7-4ec8-9d6b-ebbe1d7d4ec0/element/6555bcd0-7952-42c1-bc31-d82f4a757d97/location [39m[32m200[39m [90m42 ms - 90[39m
[35m[HTTP][39m [90m[39m
[35m[HTTP][39m [37m-->[39m [37mPOST[39m [37m/wd/hub/session/05b9cc6d-7af7-4ec8-9d6b-ebbe1d7d4ec0/timeouts[39m
[35m[HTTP][39m [90m{"implicit":30000}[39m
[35m[HTTP][39m [37m<-- POST /wd/hub/session/05b9cc6d-7af7-4ec8-9d6b-ebbe1d7d4ec0/timeouts [39m[32m200[39m [90m3 ms - 14[39m
[35m[HTTP][39m [90m[39m
[35m[HTTP][39m [37m-->[39m [37mPOST[39m [37m/wd/hub/session/05b9cc6d-7af7-4ec8-9d6b-ebbe1d7d4ec0/element/6555bcd0-7952-42c1-bc31-d82f4a757d97/clear[39m
[35m[HTTP][39m [90m{"id":"6555bcd0-7952-42c1-bc31-d82f4a757d97"}[39m
[35m[HTTP][39m [37m<-- POST /wd/hub/session/05b9cc6d-7af7-4ec8-9d6b-ebbe1d7d4ec0/element/6555bcd0-7952-42c1-bc31-d82f4a757d97/clear [39m[32m200[39m [90m38 ms - 27[39m
[35m[HTTP][39m [90m[39m
[35m[HTTP][39m [37m-->[39m [37mPOST[39m [37m/wd/hub/session/05b9cc6d-7af7-4ec8-9d6b-ebbe1d7d4ec0/element/6555bcd0-7952-42c1-bc31-d82f4a757d97/value[39m
[35m[HTTP][39m [90m{"id":"6555bcd0-7952-42c1-bc31-d82f4a757d97","text":"taxidriver1@gmail.com","value":["t","a","x","i","d","r","i","v","e","r","1","@","g","m","a","i","l",".","c","o","m"]}[39m
[35m[HTTP][39m [37m<-- POST /wd/hub/session/05b9cc6d-7af7-4ec8-9d6b-ebbe1d7d4ec0/element/6555bcd0-7952-42c1-bc31-d82f4a757d97/value [39m[32m200[39m [90m1048 ms - 12[39m
[35m[HTTP][39m [90m[39m
[35m[HTTP][39m [37m-->[39m [37mPOST[39m [37m/wd/hub/session/05b9cc6d-7af7-4ec8-9d6b-ebbe1d7d4ec0/timeouts[39m
[35m[HTTP][39m [90m{"implicit":50}[39m
[35m[HTTP][39m [37m<-- POST /wd/hub/session/05b9cc6d-7af7-4ec8-9d6b-ebbe1d7d4ec0/timeouts [39m[32m200[39m [90m3 ms - 14[39m
[35m[HTTP][39m [90m[39m
[35m[HTTP][39m [37m-->[39m [37mGET[39m [37m/wd/hub/session/05b9cc6d-7af7-4ec8-9d6b-ebbe1d7d4ec0/window/rect[39m
[35m[HTTP][39m [90m{}[39m
[35m[HTTP][39m [37m<-- GET /wd/hub/session/05b9cc6d-7af7-4ec8-9d6b-ebbe1d7d4ec0/window/rect [39m[32m200[39m [90m22 ms - 50[39m
[35m[HTTP][39m [90m[39m
[35m[HTTP][39m [37m-->[39m [37mPOST[39m [37m/wd/hub/session/05b9cc6d-7af7-4ec8-9d6b-ebbe1d7d4ec0/elements[39m
[35m[HTTP][39m [90m{"using":"-android uiautomator","value":"new UiSelector().className(\"android.widget.EditText\").text(\"Password\")"}[39m
[35m[HTTP][39m [37m<-- POST /wd/hub/session/05b9cc6d-7af7-4ec8-9d6b-ebbe1d7d4ec0/elements [39m[32m200[39m [90m433 ms - 139[39m
[35m[HTTP][39m [90m[39m
[35m[HTTP][39m [37m-->[39m [37mGET[39m [37m/wd/hub/session/05b9cc6d-7af7-4ec8-9d6b-ebbe1d7d4ec0/element/4f9fa9fe-a562-4a7d-9f88-8a37f8433e8a/location[39m
[35m[HTTP][39m [90m{}[39m
[35m[W3C (05b9cc6d)][39m Driver proxy active, passing request on via HTTP proxy
[35m[WD Proxy][39m Replacing sessionId cf1a3f1d-97b8-4020-b0b5-331284246d10 with 05b9cc6d-7af7-4ec8-9d6b-ebbe1d7d4ec0
[35m[HTTP][39m [37m<-- GET /wd/hub/session/05b9cc6d-7af7-4ec8-9d6b-ebbe1d7d4ec0/element/4f9fa9fe-a562-4a7d-9f88-8a37f8433e8a/location [39m[32m200[39m [90m43 ms - 90[39m
[35m[HTTP][39m [90m[39m
[35m[HTTP][39m [37m-->[39m [37mPOST[39m [37m/wd/hub/session/05b9cc6d-7af7-4ec8-9d6b-ebbe1d7d4ec0/timeouts[39m
[35m[HTTP][39m [90m{"implicit":30000}[39m
[35m[HTTP][39m [37m<-- POST /wd/hub/session/05b9cc6d-7af7-4ec8-9d6b-ebbe1d7d4ec0/timeouts [39m[32m200[39m [90m2 ms - 14[39m
[35m[HTTP][39m [90m[39m
[35m[HTTP][39m [37m-->[39m [37mPOST[39m [37m/wd/hub/session/05b9cc6d-7af7-4ec8-9d6b-ebbe1d7d4ec0/element/4f9fa9fe-a562-4a7d-9f88-8a37f8433e8a/clear[39m
[35m[HTTP][39m [90m{"id":"4f9fa9fe-a562-4a7d-9f88-8a37f8433e8a"}[39m
[35m[HTTP][39m [37m<-- POST /wd/hub/session/05b9cc6d-7af7-4ec8-9d6b-ebbe1d7d4ec0/element/4f9fa9fe-a562-4a7d-9f88-8a37f8433e8a/clear [39m[32m200[39m [90m34 ms - 27[39m
[35m[HTTP][39m [90m[39m
[35m[HTTP][39m [37m-->[39m [37mPOST[39m [37m/wd/hub/session/05b9cc6d-7af7-4ec8-9d6b-ebbe1d7d4ec0/element/4f9fa9fe-a562-4a7d-9f88-8a37f8433e8a/value[39m
[35m[HTTP][39m [90m{"id":"4f9fa9fe-a562-4a7d-9f88-8a37f8433e8a","text":"123456","value":["1","2","3","4","5","6"]}[39m
[35m[HTTP][39m [37m<-- POST /wd/hub/session/05b9cc6d-7af7-4ec8-9d6b-ebbe1d7d4ec0/element/4f9fa9fe-a562-4a7d-9f88-8a37f8433e8a/value [39m[32m200[39m [90m1038 ms - 12[39m
[35m[HTTP][39m [90m[39m
[35m[HTTP][39m [37m-->[39m [37mPOST[39m [37m/wd/hub/session/05b9cc6d-7af7-4ec8-9d6b-ebbe1d7d4ec0/timeouts[39m
[35m[HTTP][39m [90m{"implicit":50}[39m
[35m[HTTP][39m [37m<-- POST /wd/hub/session/05b9cc6d-7af7-4ec8-9d6b-ebbe1d7d4ec0/timeouts [39m[32m200[39m [90m3 ms - 14[39m
[35m[HTTP][39m [90m[39m
[35m[HTTP][39m [37m-->[39m [37mGET[39m [37m/wd/hub/session/05b9cc6d-7af7-4ec8-9d6b-ebbe1d7d4ec0/window/rect[39m
[35m[HTTP][39m [90m{}[39m
[35m[HTTP][39m [37m<-- GET /wd/hub/session/05b9cc6d-7af7-4ec8-9d6b-ebbe1d7d4ec0/window/rect [39m[32m200[39m [90m18 ms - 50[39m
[35m[HTTP][39m [90m[39m
[35m[HTTP][39m [37m-->[39m [37mPOST[39m [37m/wd/hub/session/05b9cc6d-7af7-4ec8-9d6b-ebbe1d7d4ec0/elements[39m
[35m[HTTP][39m [90m{"using":"xpath","value":"//hierarchy/android.widget.FrameLayout[1]/android.widget.LinearLayout[1]/android.widget.FrameLayout[1]/android.widget.LinearLayout[1]/android.widget.FrameLayout[1]/android.widget.FrameLayout[1]/android.view.ViewGroup[1]/android.view.ViewGroup[1]/android.view.ViewGroup[1]/android.view.ViewGroup[1]/android.support.v4.widget.DrawerLayout[1]/android.view.ViewGroup[1]/android.view.ViewGroup[1]/android.view.ViewGroup[1]/android.view.ViewGroup[1]/android.view.ViewGroup[1]/android.view.ViewGroup[1]/android.widget.ScrollView[1]/android.view.ViewGroup[1]/android.view.ViewGroup[7]/android.widget.TextView[1]"}[39m
[35m[HTTP][39m [37m<-- POST /wd/hub/session/05b9cc6d-7af7-4ec8-9d6b-ebbe1d7d4ec0/elements [39m[32m200[39m [90m695 ms - 139[39m
[35m[HTTP][39m [90m[39m
[35m[HTTP][39m [37m-->[39m [37mGET[39m [37m/wd/hub/session/05b9cc6d-7af7-4ec8-9d6b-ebbe1d7d4ec0/element/8c1268ab-a9a1-414b-a334-0a669c2f4606/location[39m
[35m[HTTP][39m [90m{}[39m
[35m[W3C (05b9cc6d)][39m Driver proxy active, passing request on via HTTP proxy
[35m[WD Proxy][39m Replacing sessionId cf1a3f1d-97b8-4020-b0b5-331284246d10 with 05b9cc6d-7af7-4ec8-9d6b-ebbe1d7d4ec0
[35m[HTTP][39m [37m<-- GET /wd/hub/session/05b9cc6d-7af7-4ec8-9d6b-ebbe1d7d4ec0/element/8c1268ab-a9a1-414b-a334-0a669c2f4606/location [39m[32m200[39m [90m21 ms - 90[39m
[35m[HTTP][39m [90m[39m
[35m[HTTP][39m [37m-->[39m [37mPOST[39m [37m/wd/hub/session/05b9cc6d-7af7-4ec8-9d6b-ebbe1d7d4ec0/timeouts[39m
[35m[HTTP][39m [90m{"implicit":30000}[39m
[35m[HTTP][39m [37m<-- POST /wd/hub/session/05b9cc6d-7af7-4ec8-9d6b-ebbe1d7d4ec0/timeouts [39m[32m200[39m [90m2 ms - 14[39m
[35m[HTTP][39m [90m[39m
[35m[HTTP][39m [37m-->[39m [37mPOST[39m [37m/wd/hub/session/05b9cc6d-7af7-4ec8-9d6b-ebbe1d7d4ec0/touch/perform[39m
[35m[HTTP][39m [90m{"actions":[{"action":"tap","options":{"x":1,"y":1,"element":"8c1268ab-a9a1-414b-a334-0a669c2f4606"}},{"action":"release","options":{}}]}[39m
[35m[UiAutomator2][39m calling get location: 8c1268ab-a9a1-414b-a334-0a669c2f4606
[35m[HTTP][39m [37m<-- POST /wd/hub/session/05b9cc6d-7af7-4ec8-9d6b-ebbe1d7d4ec0/touch/perform [39m[32m200[39m [90m37 ms - 14[39m
[35m[HTTP][39m [90m[39m
[35m[HTTP][39m [37m-->[39m [37mPOST[39m [37m/wd/hub/session/05b9cc6d-7af7-4ec8-9d6b-ebbe1d7d4ec0/timeouts[39m
[35m[HTTP][39m [90m{"implicit":50}[39m
[35m[HTTP][39m [37m<-- POST /wd/hub/session/05b9cc6d-7af7-4ec8-9d6b-ebbe1d7d4ec0/timeouts [39m[32m200[39m [90m2 ms - 14[39m
[35m[HTTP][39m [90m[39m
[35m[HTTP][39m [37m-->[39m [37mGET[39m [37m/wd/hub/session/05b9cc6d-7af7-4ec8-9d6b-ebbe1d7d4ec0/window/rect[39m
[35m[HTTP][39m [90m{}[39m
[35m[HTTP][39m [37m<-- GET /wd/hub/session/05b9cc6d-7af7-4ec8-9d6b-ebbe1d7d4ec0/window/rect [39m[32m200[39m [90m13 ms - 50[39m
[35m[HTTP][39m [90m[39m
[35m[HTTP][39m [37m-->[39m [37mPOST[39m [37m/wd/hub/session/05b9cc6d-7af7-4ec8-9d6b-ebbe1d7d4ec0/elements[39m
[35m[HTTP][39m [90m{"using":"-android uiautomator","value":"new UiSelector().className(\"android.widget.TextView\").text(\"\")"}[39m
[35m[HTTP][39m [37m<-- POST /wd/hub/session/05b9cc6d-7af7-4ec8-9d6b-ebbe1d7d4ec0/elements [39m[32m200[39m [90m801 ms - 12[39m
[35m[HTTP][39m [90m[39m
[35m[HTTP][39m [37m-->[39m [37mPOST[39m [37m/wd/hub/session/05b9cc6d-7af7-4ec8-9d6b-ebbe1d7d4ec0/elements[39m
[35m[HTTP][39m [90m{"using":"-android uiautomator","value":"new UiSelector().className(\"android.widget.TextView\").text(\"\")"}[39m
[35m[HTTP][39m [37m<-- POST /wd/hub/session/05b9cc6d-7af7-4ec8-9d6b-ebbe1d7d4ec0/elements [39m[32m200[39m [90m164 ms - 12[39m
[35m[HTTP][39m [90m[39m
[35m[HTTP][39m [37m-->[39m [37mPOST[39m [37m/wd/hub/session/05b9cc6d-7af7-4ec8-9d6b-ebbe1d7d4ec0/elements[39m
[35m[HTTP][39m [90m{"using":"-android uiautomator","value":"new UiSelector().className(\"android.widget.TextView\").text(\"\")"}[39m
[35m[HTTP][39m [37m<-- POST /wd/hub/session/05b9cc6d-7af7-4ec8-9d6b-ebbe1d7d4ec0/elements [39m[32m200[39m [90m81 ms - 12[39m
[35m[HTTP][39m [90m[39m
[35m[HTTP][39m [37m-->[39m [37mPOST[39m [37m/wd/hub/session/05b9cc6d-7af7-4ec8-9d6b-ebbe1d7d4ec0/elements[39m
[35m[HTTP][39m [90m{"using":"-android uiautomator","value":"new UiSelector().className(\"android.widget.TextView\").text(\"\")"}[39m
[35m[HTTP][39m [37m<-- POST /wd/hub/session/05b9cc6d-7af7-4ec8-9d6b-ebbe1d7d4ec0/elements [39m[32m200[39m [90m79 ms - 12[39m
[35m[HTTP][39m [90m[39m
[35m[HTTP][39m [37m-->[39m [37mPOST[39m [37m/wd/hub/session/05b9cc6d-7af7-4ec8-9d6b-ebbe1d7d4ec0/elements[39m
[35m[HTTP][39m [90m{"using":"-android uiautomator","value":"new UiSelector().className(\"android.widget.TextView\").text(\"\")"}[39m
[35m[HTTP][39m [37m<-- POST /wd/hub/session/05b9cc6d-7af7-4ec8-9d6b-ebbe1d7d4ec0/elements [39m[32m200[39m [90m188 ms - 12[39m
[35m[HTTP][39m [90m[39m
[35m[HTTP][39m [37m-->[39m [37mPOST[39m [37m/wd/hub/session/05b9cc6d-7af7-4ec8-9d6b-ebbe1d7d4ec0/elements[39m
[35m[HTTP][39m [90m{"using":"-android uiautomator","value":"new UiSelector().className(\"android.widget.TextView\").text(\"\")"}[39m
[35m[HTTP][39m [37m<-- POST /wd/hub/session/05b9cc6d-7af7-4ec8-9d6b-ebbe1d7d4ec0/elements [39m[32m200[39m [90m107 ms - 12[39m
[35m[HTTP][39m [90m[39m
[35m[HTTP][39m [37m-->[39m [37mPOST[39m [37m/wd/hub/session/05b9cc6d-7af7-4ec8-9d6b-ebbe1d7d4ec0/elements[39m
[35m[HTTP][39m [90m{"using":"-android uiautomator","value":"new UiSelector().className(\"android.widget.TextView\").text(\"\")"}[39m
[35m[HTTP][39m [37m<-- POST /wd/hub/session/05b9cc6d-7af7-4ec8-9d6b-ebbe1d7d4ec0/elements [39m[32m200[39m [90m71 ms - 12[39m
[35m[HTTP][39m [90m[39m
[35m[HTTP][39m [37m-->[39m [37mPOST[39m [37m/wd/hub/session/05b9cc6d-7af7-4ec8-9d6b-ebbe1d7d4ec0/elements[39m
[35m[HTTP][39m [90m{"using":"-android uiautomator","value":"new UiSelector().className(\"android.widget.TextView\").text(\"\")"}[39m
[35m[HTTP][39m [37m<-- POST /wd/hub/session/05b9cc6d-7af7-4ec8-9d6b-ebbe1d7d4ec0/elements [39m[32m200[39m [90m102 ms - 12[39m
[35m[HTTP][39m [90m[39m
[35m[HTTP][39m [37m-->[39m [37mPOST[39m [37m/wd/hub/session/05b9cc6d-7af7-4ec8-9d6b-ebbe1d7d4ec0/elements[39m
[35m[HTTP][39m [90m{"using":"-android uiautomator","value":"new UiSelector().className(\"android.widget.TextView\").text(\"\")"}[39m
[35m[HTTP][39m [37m<-- POST /wd/hub/session/05b9cc6d-7af7-4ec8-9d6b-ebbe1d7d4ec0/elements [39m[32m200[39m [90m69 ms - 12[39m
[35m[HTTP][39m [90m[39m
[35m[HTTP][39m [37m-->[39m [37mPOST[39m [37m/wd/hub/session/05b9cc6d-7af7-4ec8-9d6b-ebbe1d7d4ec0/elements[39m
[35m[HTTP][39m [90m{"using":"-android uiautomator","value":"new UiSelector().className(\"android.widget.TextView\").text(\"\")"}[39m
[35m[HTTP][39m [37m<-- POST /wd/hub/session/05b9cc6d-7af7-4ec8-9d6b-ebbe1d7d4ec0/elements [39m[32m200[39m [90m60 ms - 12[39m
[35m[HTTP][39m [90m[39m
[35m[HTTP][39m [37m-->[39m [37mPOST[39m [37m/wd/hub/session/05b9cc6d-7af7-4ec8-9d6b-ebbe1d7d4ec0/elements[39m
[35m[HTTP][39m [90m{"using":"-android uiautomator","value":"new UiSelector().className(\"android.widget.TextView\").text(\"\")"}[39m
[35m[HTTP][39m [37m<-- POST /wd/hub/session/05b9cc6d-7af7-4ec8-9d6b-ebbe1d7d4ec0/elements [39m[32m200[39m [90m87 ms - 12[39m
[35m[HTTP][39m [90m[39m
[35m[HTTP][39m [37m-->[39m [37mPOST[39m [37m/wd/hub/session/05b9cc6d-7af7-4ec8-9d6b-ebbe1d7d4ec0/elements[39m
[35m[HTTP][39m [90m{"using":"-android uiautomator","value":"new UiSelector().className(\"android.widget.TextView\").text(\"\")"}[39m
[35m[HTTP][39m [37m<-- POST /wd/hub/session/05b9cc6d-7af7-4ec8-9d6b-ebbe1d7d4ec0/elements [39m[32m200[39m [90m97 ms - 12[39m
[35m[HTTP][39m [90m[39m
[35m[HTTP][39m [37m-->[39m [37mPOST[39m [37m/wd/hub/session/05b9cc6d-7af7-4ec8-9d6b-ebbe1d7d4ec0/elements[39m
[35m[HTTP][39m [90m{"using":"-android uiautomator","value":"new UiSelector().className(\"android.widget.TextView\").text(\"\")"}[39m
[35m[HTTP][39m [37m<-- POST /wd/hub/session/05b9cc6d-7af7-4ec8-9d6b-ebbe1d7d4ec0/elements [39m[32m200[39m [90m82 ms - 12[39m
[35m[HTTP][39m [90m[39m
[35m[HTTP][39m [37m-->[39m [37mPOST[39m [37m/wd/hub/session/05b9cc6d-7af7-4ec8-9d6b-ebbe1d7d4ec0/elements[39m
[35m[HTTP][39m [90m{"using":"-android uiautomator","value":"new UiSelector().className(\"android.widget.TextView\").text(\"\")"}[39m
[35m[HTTP][39m [37m<-- POST /wd/hub/session/05b9cc6d-7af7-4ec8-9d6b-ebbe1d7d4ec0/elements [39m[32m200[39m [90m124 ms - 12[39m
[35m[HTTP][39m [90m[39m
[35m[HTTP][39m [37m-->[39m [37mPOST[39m [37m/wd/hub/session/05b9cc6d-7af7-4ec8-9d6b-ebbe1d7d4ec0/elements[39m
[35m[HTTP][39m [90m{"using":"-android uiautomator","value":"new UiSelector().className(\"android.widget.TextView\").text(\"\")"}[39m
[35m[HTTP][39m [37m<-- POST /wd/hub/session/05b9cc6d-7af7-4ec8-9d6b-ebbe1d7d4ec0/elements [39m[32m200[39m [90m85 ms - 12[39m
[35m[HTTP][39m [90m[39m
[35m[HTTP][39m [37m-->[39m [37mPOST[39m [37m/wd/hub/session/05b9cc6d-7af7-4ec8-9d6b-ebbe1d7d4ec0/elements[39m
[35m[HTTP][39m [90m{"using":"-android uiautomator","value":"new UiSelector().className(\"android.widget.TextView\").text(\"\")"}[39m
[35m[HTTP][39m [37m<-- POST /wd/hub/session/05b9cc6d-7af7-4ec8-9d6b-ebbe1d7d4ec0/elements [39m[32m200[39m [90m119 ms - 12[39m
[35m[HTTP][39m [90m[39m
[35m[HTTP][39m [37m-->[39m [37mPOST[39m [37m/wd/hub/session/05b9cc6d-7af7-4ec8-9d6b-ebbe1d7d4ec0/elements[39m
[35m[HTTP][39m [90m{"using":"-android uiautomator","value":"new UiSelector().className(\"android.widget.TextView\").text(\"\")"}[39m
[35m[HTTP][39m [37m<-- POST /wd/hub/session/05b9cc6d-7af7-4ec8-9d6b-ebbe1d7d4ec0/elements [39m[32m200[39m [90m111 ms - 12[39m
[35m[HTTP][39m [90m[39m
[35m[HTTP][39m [37m-->[39m [37mPOST[39m [37m/wd/hub/session/05b9cc6d-7af7-4ec8-9d6b-ebbe1d7d4ec0/elements[39m
[35m[HTTP][39m [90m{"using":"-android uiautomator","value":"new UiSelector().className(\"android.widget.TextView\").text(\"\")"}[39m
[35m[HTTP][39m [37m<-- POST /wd/hub/session/05b9cc6d-7af7-4ec8-9d6b-ebbe1d7d4ec0/elements [39m[32m200[39m [90m154 ms - 12[39m
[35m[HTTP][39m [90m[39m
[35m[HTTP][39m [37m-->[39m [37mPOST[39m [37m/wd/hub/session/05b9cc6d-7af7-4ec8-9d6b-ebbe1d7d4ec0/elements[39m
[35m[HTTP][39m [90m{"using":"-android uiautomator","value":"new UiSelector().className(\"android.widget.TextView\").text(\"\")"}[39m
[35m[HTTP][39m [37m<-- POST /wd/hub/session/05b9cc6d-7af7-4ec8-9d6b-ebbe1d7d4ec0/elements [39m[32m200[39m [90m120 ms - 12[39m
[35m[HTTP][39m [90m[39m
[35m[HTTP][39m [37m-->[39m [37mPOST[39m [37m/wd/hub/session/05b9cc6d-7af7-4ec8-9d6b-ebbe1d7d4ec0/elements[39m
[35m[HTTP][39m [90m{"using":"-android uiautomator","value":"new UiSelector().className(\"android.widget.TextView\").text(\"\")"}[39m
[35m[HTTP][39m [37m<-- POST /wd/hub/session/05b9cc6d-7af7-4ec8-9d6b-ebbe1d7d4ec0/elements [39m[32m200[39m [90m2044 ms - 139[39m
[35m[HTTP][39m [90m[39m
[35m[HTTP][39m [37m-->[39m [37mGET[39m [37m/wd/hub/session/05b9cc6d-7af7-4ec8-9d6b-ebbe1d7d4ec0/element/c59e2be4-fa72-4686-b2e1-e135ac115c20/location[39m
[35m[HTTP][39m [90m{}[39m
[35m[W3C (05b9cc6d)][39m Driver proxy active, passing request on via HTTP proxy
[35m[WD Proxy][39m Replacing sessionId cf1a3f1d-97b8-4020-b0b5-331284246d10 with 05b9cc6d-7af7-4ec8-9d6b-ebbe1d7d4ec0
[35m[HTTP][39m [37m<-- GET /wd/hub/session/05b9cc6d-7af7-4ec8-9d6b-ebbe1d7d4ec0/element/c59e2be4-fa72-4686-b2e1-e135ac115c20/location [39m[32m200[39m [90m77 ms - 91[39m
[35m[HTTP][39m [90m[39m
[35m[HTTP][39m [37m-->[39m [37mPOST[39m [37m/wd/hub/session/05b9cc6d-7af7-4ec8-9d6b-ebbe1d7d4ec0/timeouts[39m
[35m[HTTP][39m [90m{"implicit":30000}[39m
[35m[HTTP][39m [37m<-- POST /wd/hub/session/05b9cc6d-7af7-4ec8-9d6b-ebbe1d7d4ec0/timeouts [39m[32m200[39m [90m2 ms - 14[39m
[35m[HTTP][39m [90m[39m
[35m[HTTP][39m [37m-->[39m [37mPOST[39m [37m/wd/hub/session/05b9cc6d-7af7-4ec8-9d6b-ebbe1d7d4ec0/touch/perform[39m
[35m[HTTP][39m [90m{"actions":[{"action":"tap","options":{"x":1,"y":1,"element":"c59e2be4-fa72-4686-b2e1-e135ac115c20"}},{"action":"release","options":{}}]}[39m
[35m[UiAutomator2][39m calling get location: c59e2be4-fa72-4686-b2e1-e135ac115c20
[35m[HTTP][39m [37m<-- POST /wd/hub/session/05b9cc6d-7af7-4ec8-9d6b-ebbe1d7d4ec0/touch/perform [39m[32m200[39m [90m3237 ms - 14[39m
[35m[HTTP][39m [90m[39m
[35m[HTTP][39m [37m-->[39m [37mPOST[39m [37m/wd/hub/session/05b9cc6d-7af7-4ec8-9d6b-ebbe1d7d4ec0/timeouts[39m
[35m[HTTP][39m [90m{"implicit":50}[39m
[35m[HTTP][39m [37m<-- POST /wd/hub/session/05b9cc6d-7af7-4ec8-9d6b-ebbe1d7d4ec0/timeouts [39m[32m200[39m [90m2 ms - 14[39m
[35m[HTTP][39m [90m[39m
[35m[HTTP][39m [37m-->[39m [37mGET[39m [37m/wd/hub/session/05b9cc6d-7af7-4ec8-9d6b-ebbe1d7d4ec0/window/rect[39m
[35m[HTTP][39m [90m{}[39m
[35m[HTTP][39m [37m<-- GET /wd/hub/session/05b9cc6d-7af7-4ec8-9d6b-ebbe1d7d4ec0/window/rect [39m[32m200[39m [90m18 ms - 50[39m
[35m[HTTP][39m [90m[39m
[35m[HTTP][39m [37m-->[39m [37mPOST[39m [37m/wd/hub/session/05b9cc6d-7af7-4ec8-9d6b-ebbe1d7d4ec0/elements[39m
[35m[HTTP][39m [90m{"using":"-android uiautomator","value":"new UiSelector().className(\"android.widget.TextView\").text(\"Accept\")"}[39m
[35m[HTTP][39m [37m<-- POST /wd/hub/session/05b9cc6d-7af7-4ec8-9d6b-ebbe1d7d4ec0/elements [39m[32m200[39m [90m561 ms - 12[39m
[35m[HTTP][39m [90m[39m
[35m[HTTP][39m [37m-->[39m [37mPOST[39m [37m/wd/hub/session/05b9cc6d-7af7-4ec8-9d6b-ebbe1d7d4ec0/elements[39m
[35m[HTTP][39m [90m{"using":"-android uiautomator","value":"new UiSelector().className(\"android.widget.TextView\").text(\"Accept\")"}[39m
[35m[HTTP][39m [37m<-- POST /wd/hub/session/05b9cc6d-7af7-4ec8-9d6b-ebbe1d7d4ec0/elements [39m[32m200[39m [90m583 ms - 12[39m
[35m[HTTP][39m [90m[39m
[35m[HTTP][39m [37m-->[39m [37mPOST[39m [37m/wd/hub/session/05b9cc6d-7af7-4ec8-9d6b-ebbe1d7d4ec0/elements[39m
[35m[HTTP][39m [90m{"using":"-android uiautomator","value":"new UiSelector().className(\"android.widget.TextView\").text(\"Accept\")"}[39m
[35m[HTTP][39m [37m<-- POST /wd/hub/session/05b9cc6d-7af7-4ec8-9d6b-ebbe1d7d4ec0/elements [39m[32m200[39m [90m56 ms - 12[39m
[35m[HTTP][39m [90m[39m
[35m[HTTP][39m [37m-->[39m [37mPOST[39m [37m/wd/hub/session/05b9cc6d-7af7-4ec8-9d6b-ebbe1d7d4ec0/elements[39m
[35m[HTTP][39m [90m{"using":"-android uiautomator","value":"new UiSelector().className(\"android.widget.TextView\").text(\"Accept\")"}[39m
[35m[HTTP][39m [37m<-- POST /wd/hub/session/05b9cc6d-7af7-4ec8-9d6b-ebbe1d7d4ec0/elements [39m[32m200[39m [90m575 ms - 12[39m
[35m[HTTP][39m [90m[39m
[35m[HTTP][39m [37m-->[39m [37mPOST[39m [37m/wd/hub/session/05b9cc6d-7af7-4ec8-9d6b-ebbe1d7d4ec0/elements[39m
[35m[HTTP][39m [90m{"using":"-android uiautomator","value":"new UiSelector().className(\"android.widget.TextView\").text(\"Accept\")"}[39m
[35m[HTTP][39m [37m<-- POST /wd/hub/session/05b9cc6d-7af7-4ec8-9d6b-ebbe1d7d4ec0/elements [39m[32m200[39m [90m579 ms - 12[39m
[35m[HTTP][39m [90m[39m
[35m[HTTP][39m [37m-->[39m [37mPOST[39m [37m/wd/hub/session/05b9cc6d-7af7-4ec8-9d6b-ebbe1d7d4ec0/elements[39m
[35m[HTTP][39m [90m{"using":"-android uiautomator","value":"new UiSelector().className(\"android.widget.TextView\").text(\"Accept\")"}[39m
[35m[HTTP][39m [37m<-- POST /wd/hub/session/05b9cc6d-7af7-4ec8-9d6b-ebbe1d7d4ec0/elements [39m[32m200[39m [90m561 ms - 12[39m
[35m[HTTP][39m [90m[39m
[35m[HTTP][39m [37m-->[39m [37mPOST[39m [37m/wd/hub/session/05b9cc6d-7af7-4ec8-9d6b-ebbe1d7d4ec0/elements[39m
[35m[HTTP][39m [90m{"using":"-android uiautomator","value":"new UiSelector().className(\"android.widget.TextView\").text(\"Accept\")"}[39m
[35m[HTTP][39m [37m<-- POST /wd/hub/session/05b9cc6d-7af7-4ec8-9d6b-ebbe1d7d4ec0/elements [39m[32m200[39m [90m557 ms - 12[39m
[35m[HTTP][39m [90m[39m
[35m[HTTP][39m [37m-->[39m [37mPOST[39m [37m/wd/hub/session/05b9cc6d-7af7-4ec8-9d6b-ebbe1d7d4ec0/elements[39m
[35m[HTTP][39m [90m{"using":"-android uiautomator","value":"new UiSelector().className(\"android.widget.TextView\").text(\"Accept\")"}[39m
[35m[HTTP][39m [37m<-- POST /wd/hub/session/05b9cc6d-7af7-4ec8-9d6b-ebbe1d7d4ec0/elements [39m[32m200[39m [90m566 ms - 12[39m
[35m[HTTP][39m [90m[39m
[35m[HTTP][39m [37m-->[39m [37mPOST[39m [37m/wd/hub/session/05b9cc6d-7af7-4ec8-9d6b-ebbe1d7d4ec0/elements[39m
[35m[HTTP][39m [90m{"using":"-android uiautomator","value":"new UiSelector().className(\"android.widget.TextView\").text(\"Accept\")"}[39m
[35m[HTTP][39m [37m<-- POST /wd/hub/session/05b9cc6d-7af7-4ec8-9d6b-ebbe1d7d4ec0/elements [39m[32m200[39m [90m560 ms - 12[39m
[35m[HTTP][39m [90m[39m
[35m[HTTP][39m [37m-->[39m [37mPOST[39m [37m/wd/hub/session/05b9cc6d-7af7-4ec8-9d6b-ebbe1d7d4ec0/elements[39m
[35m[HTTP][39m [90m{"using":"-android uiautomator","value":"new UiSelector().className(\"android.widget.TextView\").text(\"Accept\")"}[39m
[35m[HTTP][39m [37m<-- POST /wd/hub/session/05b9cc6d-7af7-4ec8-9d6b-ebbe1d7d4ec0/elements [39m[32m200[39m [90m598 ms - 12[39m
[35m[HTTP][39m [90m[39m
[35m[HTTP][39m [37m-->[39m [37mPOST[39m [37m/wd/hub/session/05b9cc6d-7af7-4ec8-9d6b-ebbe1d7d4ec0/elements[39m
[35m[HTTP][39m [90m{"using":"-android uiautomator","value":"new UiSelector().className(\"android.widget.TextView\").text(\"Accept\")"}[39m
[35m[HTTP][39m [37m<-- POST /wd/hub/session/05b9cc6d-7af7-4ec8-9d6b-ebbe1d7d4ec0/elements [39m[32m200[39m [90m579 ms - 12[39m
[35m[HTTP][39m [90m[39m
[35m[HTTP][39m [37m-->[39m [37mPOST[39m [37m/wd/hub/session/05b9cc6d-7af7-4ec8-9d6b-ebbe1d7d4ec0/elements[39m
[35m[HTTP][39m [90m{"using":"-android uiautomator","value":"new UiSelector().className(\"android.widget.TextView\").text(\"Accept\")"}[39m
[35m[HTTP][39m [37m<-- POST /wd/hub/session/05b9cc6d-7af7-4ec8-9d6b-ebbe1d7d4ec0/elements [39m[32m200[39m [90m554 ms - 12[39m
[35m[HTTP][39m [90m[39m
[35m[HTTP][39m [37m-->[39m [37mPOST[39m [37m/wd/hub/session/05b9cc6d-7af7-4ec8-9d6b-ebbe1d7d4ec0/elements[39m
[35m[HTTP][39m [90m{"using":"-android uiautomator","value":"new UiSelector().className(\"android.widget.TextView\").text(\"Accept\")"}[39m
[35m[HTTP][39m [37m<-- POST /wd/hub/session/05b9cc6d-7af7-4ec8-9d6b-ebbe1d7d4ec0/elements [39m[32m200[39m [90m565 ms - 12[39m
[35m[HTTP][39m [90m[39m
[35m[HTTP][39m [37m-->[39m [37mPOST[39m [37m/wd/hub/session/05b9cc6d-7af7-4ec8-9d6b-ebbe1d7d4ec0/elements[39m
[35m[HTTP][39m [90m{"using":"-android uiautomator","value":"new UiSelector().className(\"android.widget.TextView\").text(\"Accept\")"}[39m
[35m[HTTP][39m [37m<-- POST /wd/hub/session/05b9cc6d-7af7-4ec8-9d6b-ebbe1d7d4ec0/elements [39m[32m200[39m [90m569 ms - 12[39m
[35m[HTTP][39m [90m[39m
[35m[HTTP][39m [37m-->[39m [37mPOST[39m [37m/wd/hub/session/05b9cc6d-7af7-4ec8-9d6b-ebbe1d7d4ec0/elements[39m
[35m[HTTP][39m [90m{"using":"-android uiautomator","value":"new UiSelector().className(\"android.widget.TextView\").text(\"Accept\")"}[39m
[35m[HTTP][39m [37m<-- POST /wd/hub/session/05b9cc6d-7af7-4ec8-9d6b-ebbe1d7d4ec0/elements [39m[32m200[39m [90m557 ms - 12[39m
[35m[HTTP][39m [90m[39m
[35m[HTTP][39m [37m-->[39m [37mPOST[39m [37m/wd/hub/session/05b9cc6d-7af7-4ec8-9d6b-ebbe1d7d4ec0/elements[39m
[35m[HTTP][39m [90m{"using":"-android uiautomator","value":"new UiSelector().className(\"android.widget.TextView\").text(\"Accept\")"}[39m
[35m[HTTP][39m [37m<-- POST /wd/hub/session/05b9cc6d-7af7-4ec8-9d6b-ebbe1d7d4ec0/elements [39m[32m200[39m [90m564 ms - 12[39m
[35m[HTTP][39m [90m[39m
[35m[HTTP][39m [37m-->[39m [37mPOST[39m [37m/wd/hub/session/05b9cc6d-7af7-4ec8-9d6b-ebbe1d7d4ec0/elements[39m
[35m[HTTP][39m [90m{"using":"-android uiautomator","value":"new UiSelector().className(\"android.widget.TextView\").text(\"Accept\")"}[39m
[35m[HTTP][39m [37m<-- POST /wd/hub/session/05b9cc6d-7af7-4ec8-9d6b-ebbe1d7d4ec0/elements [39m[32m200[39m [90m577 ms - 12[39m
[35m[HTTP][39m [90m[39m
[35m[HTTP][39m [37m-->[39m [37mPOST[39m [37m/wd/hub/session/05b9cc6d-7af7-4ec8-9d6b-ebbe1d7d4ec0/elements[39m
[35m[HTTP][39m [90m{"using":"-android uiautomator","value":"new UiSelector().className(\"android.widget.TextView\").text(\"Accept\")"}[39m
[35m[HTTP][39m [37m<-- POST /wd/hub/session/05b9cc6d-7af7-4ec8-9d6b-ebbe1d7d4ec0/elements [39m[32m200[39m [90m569 ms - 12[39m
[35m[HTTP][39m [90m[39m
[35m[HTTP][39m [37m-->[39m [37mPOST[39m [37m/wd/hub/session/05b9cc6d-7af7-4ec8-9d6b-ebbe1d7d4ec0/elements[39m
[35m[HTTP][39m [90m{"using":"-android uiautomator","value":"new UiSelector().className(\"android.widget.TextView\").text(\"Accept\")"}[39m
[35m[HTTP][39m [37m<-- POST /wd/hub/session/05b9cc6d-7af7-4ec8-9d6b-ebbe1d7d4ec0/elements [39m[32m200[39m [90m581 ms - 12[39m
[35m[HTTP][39m [90m[39m
[35m[HTTP][39m [37m-->[39m [37mPOST[39m [37m/wd/hub/session/05b9cc6d-7af7-4ec8-9d6b-ebbe1d7d4ec0/elements[39m
[35m[HTTP][39m [90m{"using":"-android uiautomator","value":"new UiSelector().className(\"android.widget.TextView\").text(\"Accept\")"}[39m
[35m[HTTP][39m [37m<-- POST /wd/hub/session/05b9cc6d-7af7-4ec8-9d6b-ebbe1d7d4ec0/elements [39m[32m200[39m [90m585 ms - 12[39m
[35m[HTTP][39m [90m[39m
[35m[HTTP][39m [37m-->[39m [37mPOST[39m [37m/wd/hub/session/05b9cc6d-7af7-4ec8-9d6b-ebbe1d7d4ec0/elements[39m
[35m[HTTP][39m [90m{"using":"-android uiautomator","value":"new UiSelector().className(\"android.widget.TextView\").text(\"Accept\")"}[39m
[35m[HTTP][39m [37m<-- POST /wd/hub/session/05b9cc6d-7af7-4ec8-9d6b-ebbe1d7d4ec0/elements [39m[32m200[39m [90m626 ms - 12[39m
[35m[HTTP][39m [90m[39m
[35m[HTTP][39m [37m-->[39m [37mPOST[39m [37m/wd/hub/session/05b9cc6d-7af7-4ec8-9d6b-ebbe1d7d4ec0/elements[39m
[35m[HTTP][39m [90m{"using":"-android uiautomator","value":"new UiSelector().className(\"android.widget.TextView\").text(\"Accept\")"}[39m
[35m[HTTP][39m [37m<-- POST /wd/hub/session/05b9cc6d-7af7-4ec8-9d6b-ebbe1d7d4ec0/elements [39m[32m200[39m [90m104 ms - 12[39m
[35m[HTTP][39m [90m[39m
[35m[HTTP][39m [37m-->[39m [37mPOST[39m [37m/wd/hub/session/05b9cc6d-7af7-4ec8-9d6b-ebbe1d7d4ec0/elements[39m
[35m[HTTP][39m [90m{"using":"-android uiautomator","value":"new UiSelector().className(\"android.widget.TextView\").text(\"Accept\")"}[39m
[35m[HTTP][39m [37m<-- POST /wd/hub/session/05b9cc6d-7af7-4ec8-9d6b-ebbe1d7d4ec0/elements [39m[32m200[39m [90m146 ms - 12[39m
[35m[HTTP][39m [90m[39m
[35m[HTTP][39m [37m-->[39m [37mPOST[39m [37m/wd/hub/session/05b9cc6d-7af7-4ec8-9d6b-ebbe1d7d4ec0/elements[39m
[35m[HTTP][39m [90m{"using":"-android uiautomator","value":"new UiSelector().className(\"android.widget.TextView\").text(\"Accept\")"}[39m
[35m[HTTP][39m [37m<-- POST /wd/hub/session/05b9cc6d-7af7-4ec8-9d6b-ebbe1d7d4ec0/elements [39m[32m200[39m [90m102 ms - 12[39m
[35m[HTTP][39m [90m[39m
[35m[HTTP][39m [37m-->[39m [37mPOST[39m [37m/wd/hub/session/05b9cc6d-7af7-4ec8-9d6b-ebbe1d7d4ec0/elements[39m
[35m[HTTP][39m [90m{"using":"-android uiautomator","value":"new UiSelector().className(\"android.widget.TextView\").text(\"Accept\")"}[39m
[35m[HTTP][39m [37m<-- POST /wd/hub/session/05b9cc6d-7af7-4ec8-9d6b-ebbe1d7d4ec0/elements [39m[32m200[39m [90m88 ms - 12[39m
[35m[HTTP][39m [90m[39m
[35m[HTTP][39m [37m-->[39m [37mPOST[39m [37m/wd/hub/session/05b9cc6d-7af7-4ec8-9d6b-ebbe1d7d4ec0/elements[39m
[35m[HTTP][39m [90m{"using":"-android uiautomator","value":"new UiSelector().className(\"android.widget.TextView\").text(\"Accept\")"}[39m
[35m[HTTP][39m [37m<-- POST /wd/hub/session/05b9cc6d-7af7-4ec8-9d6b-ebbe1d7d4ec0/elements [39m[32m200[39m [90m79 ms - 12[39m
[35m[HTTP][39m [90m[39m
[35m[HTTP][39m [37m-->[39m [37mPOST[39m [37m/wd/hub/session/05b9cc6d-7af7-4ec8-9d6b-ebbe1d7d4ec0/elements[39m
[35m[HTTP][39m [90m{"using":"-android uiautomator","value":"new UiSelector().className(\"android.widget.TextView\").text(\"Accept\")"}[39m
[35m[HTTP][39m [37m<-- POST /wd/hub/session/05b9cc6d-7af7-4ec8-9d6b-ebbe1d7d4ec0/elements [39m[32m200[39m [90m74 ms - 12[39m
[35m[HTTP][39m [90m[39m
[35m[HTTP][39m [37m-->[39m [37mPOST[39m [37m/wd/hub/session/05b9cc6d-7af7-4ec8-9d6b-ebbe1d7d4ec0/elements[39m
[35m[HTTP][39m [90m{"using":"-android uiautomator","value":"new UiSelector().className(\"android.widget.TextView\").text(\"Accept\")"}[39m
[35m[HTTP][39m [37m<-- POST /wd/hub/session/05b9cc6d-7af7-4ec8-9d6b-ebbe1d7d4ec0/elements [39m[32m200[39m [90m81 ms - 12[39m
[35m[HTTP][39m [90m[39m
[35m[HTTP][39m [37m-->[39m [37mPOST[39m [37m/wd/hub/session/05b9cc6d-7af7-4ec8-9d6b-ebbe1d7d4ec0/elements[39m
[35m[HTTP][39m [90m{"using":"-android uiautomator","value":"new UiSelector().className(\"android.widget.TextView\").text(\"Accept\")"}[39m
[35m[HTTP][39m [37m<-- POST /wd/hub/session/05b9cc6d-7af7-4ec8-9d6b-ebbe1d7d4ec0/elements [39m[32m200[39m [90m83 ms - 12[39m
[35m[HTTP][39m [90m[39m
[35m[HTTP][39m [37m-->[39m [37mPOST[39m [37m/wd/hub/session/05b9cc6d-7af7-4ec8-9d6b-ebbe1d7d4ec0/elements[39m
[35m[HTTP][39m [90m{"using":"-android uiautomator","value":"new UiSelector().className(\"android.widget.TextView\").text(\"Accept\")"}[39m
[35m[HTTP][39m [37m<-- POST /wd/hub/session/05b9cc6d-7af7-4ec8-9d6b-ebbe1d7d4ec0/elements [39m[32m200[39m [90m67 ms - 12[39m
[35m[HTTP][39m [90m[39m
[35m[HTTP][39m [37m-->[39m [37mPOST[39m [37m/wd/hub/session/05b9cc6d-7af7-4ec8-9d6b-ebbe1d7d4ec0/elements[39m
[35m[HTTP][39m [90m{"using":"-android uiautomator","value":"new UiSelector().className(\"android.widget.TextView\").text(\"Accept\")"}[39m
[35m[HTTP][39m [37m<-- POST /wd/hub/session/05b9cc6d-7af7-4ec8-9d6b-ebbe1d7d4ec0/elements [39m[32m200[39m [90m101 ms - 12[39m
[35m[HTTP][39m [90m[39m
[35m[HTTP][39m [37m-->[39m [37mPOST[39m [37m/wd/hub/session/05b9cc6d-7af7-4ec8-9d6b-ebbe1d7d4ec0/elements[39m
[35m[HTTP][39m [90m{"using":"-android uiautomator","value":"new UiSelector().className(\"android.widget.TextView\").text(\"Accept\")"}[39m
[35m[HTTP][39m [37m<-- POST /wd/hub/session/05b9cc6d-7af7-4ec8-9d6b-ebbe1d7d4ec0/elements [39m[32m200[39m [90m74 ms - 12[39m
[35m[HTTP][39m [90m[39m
[35m[HTTP][39m [37m-->[39m [37mPOST[39m [37m/wd/hub/session/05b9cc6d-7af7-4ec8-9d6b-ebbe1d7d4ec0/elements[39m
[35m[HTTP][39m [90m{"using":"-android uiautomator","value":"new UiSelector().className(\"android.widget.TextView\").text(\"Accept\")"}[39m
[35m[HTTP][39m [37m<-- POST /wd/hub/session/05b9cc6d-7af7-4ec8-9d6b-ebbe1d7d4ec0/elements [39m[32m200[39m [90m76 ms - 12[39m
[35m[HTTP][39m [90m[39m
[35m[HTTP][39m [37m-->[39m [37mPOST[39m [37m/wd/hub/session/05b9cc6d-7af7-4ec8-9d6b-ebbe1d7d4ec0/elements[39m
[35m[HTTP][39m [90m{"using":"-android uiautomator","value":"new UiSelector().className(\"android.widget.TextView\").text(\"Accept\")"}[39m
[35m[HTTP][39m [37m<-- POST /wd/hub/session/05b9cc6d-7af7-4ec8-9d6b-ebbe1d7d4ec0/elements [39m[32m200[39m [90m68 ms - 12[39m
[35m[HTTP][39m [90m[39m
[35m[HTTP][39m [37m-->[39m [37mPOST[39m [37m/wd/hub/session/05b9cc6d-7af7-4ec8-9d6b-ebbe1d7d4ec0/elements[39m
[35m[HTTP][39m [90m{"using":"-android uiautomator","value":"new UiSelector().className(\"android.widget.TextView\").text(\"Accept\")"}[39m
[35m[HTTP][39m [37m<-- POST /wd/hub/session/05b9cc6d-7af7-4ec8-9d6b-ebbe1d7d4ec0/elements [39m[32m200[39m [90m73 ms - 12[39m
[35m[HTTP][39m [90m[39m
[35m[HTTP][39m [37m-->[39m [37mPOST[39m [37m/wd/hub/session/05b9cc6d-7af7-4ec8-9d6b-ebbe1d7d4ec0/elements[39m
[35m[HTTP][39m [90m{"using":"-android uiautomator","value":"new UiSelector().className(\"android.widget.TextView\").text(\"Accept\")"}[39m
[35m[HTTP][39m [37m<-- POST /wd/hub/session/05b9cc6d-7af7-4ec8-9d6b-ebbe1d7d4ec0/elements [39m[32m200[39m [90m82 ms - 12[39m
[35m[HTTP][39m [90m[39m
[35m[HTTP][39m [37m-->[39m [37mPOST[39m [37m/wd/hub/session/05b9cc6d-7af7-4ec8-9d6b-ebbe1d7d4ec0/elements[39m
[35m[HTTP][39m [90m{"using":"-android uiautomator","value":"new UiSelector().className(\"android.widget.TextView\").text(\"Accept\")"}[39m
[35m[HTTP][39m [37m<-- POST /wd/hub/session/05b9cc6d-7af7-4ec8-9d6b-ebbe1d7d4ec0/elements [39m[32m200[39m [90m92 ms - 12[39m
[35m[HTTP][39m [90m[39m
[35m[HTTP][39m [37m-->[39m [37mPOST[39m [37m/wd/hub/session/05b9cc6d-7af7-4ec8-9d6b-ebbe1d7d4ec0/elements[39m
[35m[HTTP][39m [90m{"using":"-android uiautomator","value":"new UiSelector().className(\"android.widget.TextView\").text(\"Accept\")"}[39m
[35m[HTTP][39m [37m<-- POST /wd/hub/session/05b9cc6d-7af7-4ec8-9d6b-ebbe1d7d4ec0/elements [39m[32m200[39m [90m101 ms - 12[39m
[35m[HTTP][39m [90m[39m
[35m[HTTP][39m [37m-->[39m [37mPOST[39m [37m/wd/hub/session/05b9cc6d-7af7-4ec8-9d6b-ebbe1d7d4ec0/elements[39m
[35m[HTTP][39m [90m{"using":"-android uiautomator","value":"new UiSelector().className(\"android.widget.TextView\").text(\"Accept\")"}[39m
[35m[HTTP][39m [37m<-- POST /wd/hub/session/05b9cc6d-7af7-4ec8-9d6b-ebbe1d7d4ec0/elements [39m[32m200[39m [90m76 ms - 12[39m
[35m[HTTP][39m [90m[39m
[35m[HTTP][39m [37m-->[39m [37mPOST[39m [37m/wd/hub/session/05b9cc6d-7af7-4ec8-9d6b-ebbe1d7d4ec0/elements[39m
[35m[HTTP][39m [90m{"using":"-android uiautomator","value":"new UiSelector().className(\"android.widget.TextView\").text(\"Accept\")"}[39m
[35m[HTTP][39m [37m<-- POST /wd/hub/session/05b9cc6d-7af7-4ec8-9d6b-ebbe1d7d4ec0/elements [39m[32m200[39m [90m66 ms - 12[39m
[35m[HTTP][39m [90m[39m
[35m[HTTP][39m [37m-->[39m [37mPOST[39m [37m/wd/hub/session/05b9cc6d-7af7-4ec8-9d6b-ebbe1d7d4ec0/elements[39m
[35m[HTTP][39m [90m{"using":"-android uiautomator","value":"new UiSelector().className(\"android.widget.TextView\").text(\"Accept\")"}[39m
[35m[HTTP][39m [37m<-- POST /wd/hub/session/05b9cc6d-7af7-4ec8-9d6b-ebbe1d7d4ec0/elements [39m[32m200[39m [90m593 ms - 12[39m
[35m[HTTP][39m [90m[39m
[35m[HTTP][39m [37m-->[39m [37mPOST[39m [37m/wd/hub/session/05b9cc6d-7af7-4ec8-9d6b-ebbe1d7d4ec0/elements[39m
[35m[HTTP][39m [90m{"using":"-android uiautomator","value":"new UiSelector().className(\"android.widget.TextView\").text(\"Accept\")"}[39m
[35m[HTTP][39m [37m<-- POST /wd/hub/session/05b9cc6d-7af7-4ec8-9d6b-ebbe1d7d4ec0/elements [39m[32m200[39m [90m569 ms - 12[39m
[35m[HTTP][39m [90m[39m
[35m[HTTP][39m [37m-->[39m [37mPOST[39m [37m/wd/hub/session/05b9cc6d-7af7-4ec8-9d6b-ebbe1d7d4ec0/elements[39m
[35m[HTTP][39m [90m{"using":"-android uiautomator","value":"new UiSelector().className(\"android.widget.TextView\").text(\"Accept\")"}[39m
[35m[HTTP][39m [37m<-- POST /wd/hub/session/05b9cc6d-7af7-4ec8-9d6b-ebbe1d7d4ec0/elements [39m[32m200[39m [90m557 ms - 12[39m
[35m[HTTP][39m [90m[39m
[35m[HTTP][39m [37m-->[39m [37mPOST[39m [37m/wd/hub/session/05b9cc6d-7af7-4ec8-9d6b-ebbe1d7d4ec0/elements[39m
[35m[HTTP][39m [90m{"using":"-android uiautomator","value":"new UiSelector().className(\"android.widget.TextView\").text(\"Accept\")"}[39m
[35m[HTTP][39m [37m<-- POST /wd/hub/session/05b9cc6d-7af7-4ec8-9d6b-ebbe1d7d4ec0/elements [39m[32m200[39m [90m579 ms - 12[39m
[35m[HTTP][39m [90m[39m
[35m[HTTP][39m [37m-->[39m [37mPOST[39m [37m/wd/hub/session/05b9cc6d-7af7-4ec8-9d6b-ebbe1d7d4ec0/elements[39m
[35m[HTTP][39m [90m{"using":"-android uiautomator","value":"new UiSelector().className(\"android.widget.TextView\").text(\"Accept\")"}[39m
[35m[HTTP][39m [37m<-- POST /wd/hub/session/05b9cc6d-7af7-4ec8-9d6b-ebbe1d7d4ec0/elements [39m[32m200[39m [90m53 ms - 12[39m
[35m[HTTP][39m [90m[39m
[35m[HTTP][39m [37m-->[39m [37mPOST[39m [37m/wd/hub/session/05b9cc6d-7af7-4ec8-9d6b-ebbe1d7d4ec0/elements[39m
[35m[HTTP][39m [90m{"using":"-android uiautomator","value":"new UiSelector().className(\"android.widget.TextView\").text(\"Accept\")"}[39m
[35m[HTTP][39m [37m<-- POST /wd/hub/session/05b9cc6d-7af7-4ec8-9d6b-ebbe1d7d4ec0/elements [39m[32m200[39m [90m571 ms - 12[39m
[35m[HTTP][39m [90m[39m
[35m[HTTP][39m [37m-->[39m [37mPOST[39m [37m/wd/hub/session/05b9cc6d-7af7-4ec8-9d6b-ebbe1d7d4ec0/elements[39m
[35m[HTTP][39m [90m{"using":"-android uiautomator","value":"new UiSelector().className(\"android.widget.TextView\").text(\"Accept\")"}[39m
[35m[HTTP][39m [37m<-- POST /wd/hub/session/05b9cc6d-7af7-4ec8-9d6b-ebbe1d7d4ec0/elements [39m[32m200[39m [90m567 ms - 12[39m
[35m[HTTP][39m [90m[39m
[35m[HTTP][39m [37m-->[39m [37mPOST[39m [37m/wd/hub/session/05b9cc6d-7af7-4ec8-9d6b-ebbe1d7d4ec0/elements[39m
[35m[HTTP][39m [90m{"using":"-android uiautomator","value":"new UiSelector().className(\"android.widget.TextView\").text(\"Accept\")"}[39m
[35m[HTTP][39m [37m<-- POST /wd/hub/session/05b9cc6d-7af7-4ec8-9d6b-ebbe1d7d4ec0/elements [39m[32m200[39m [90m559 ms - 12[39m
[35m[HTTP][39m [90m[39m
[35m[HTTP][39m [37m-->[39m [37mPOST[39m [37m/wd/hub/session/05b9cc6d-7af7-4ec8-9d6b-ebbe1d7d4ec0/elements[39m
[35m[HTTP][39m [90m{"using":"-android uiautomator","value":"new UiSelector().className(\"android.widget.TextView\").text(\"Accept\")"}[39m
[35m[HTTP][39m [37m<-- POST /wd/hub/session/05b9cc6d-7af7-4ec8-9d6b-ebbe1d7d4ec0/elements [39m[32m200[39m [90m567 ms - 12[39m
[35m[HTTP][39m [90m[39m
[35m[HTTP][39m [37m-->[39m [37mPOST[39m [37m/wd/hub/session/05b9cc6d-7af7-4ec8-9d6b-ebbe1d7d4ec0/elements[39m
[35m[HTTP][39m [90m{"using":"-android uiautomator","value":"new UiSelector().className(\"android.widget.TextView\").text(\"Accept\")"}[39m
[35m[HTTP][39m [37m<-- POST /wd/hub/session/05b9cc6d-7af7-4ec8-9d6b-ebbe1d7d4ec0/elements [39m[32m200[39m [90m630 ms - 12[39m
[35m[HTTP][39m [90m[39m
[35m[HTTP][39m [37m-->[39m [37mPOST[39m [37m/wd/hub/session/05b9cc6d-7af7-4ec8-9d6b-ebbe1d7d4ec0/elements[39m
[35m[HTTP][39m [90m{"using":"-android uiautomator","value":"new UiSelector().className(\"android.widget.TextView\").text(\"Accept\")"}[39m
[35m[HTTP][39m [37m<-- POST /wd/hub/session/05b9cc6d-7af7-4ec8-9d6b-ebbe1d7d4ec0/elements [39m[32m200[39m [90m574 ms - 12[39m
[35m[HTTP][39m [90m[39m
[35m[HTTP][39m [37m-->[39m [37mPOST[39m [37m/wd/hub/session/05b9cc6d-7af7-4ec8-9d6b-ebbe1d7d4ec0/elements[39m
[35m[HTTP][39m [90m{"using":"-android uiautomator","value":"new UiSelector().className(\"android.widget.TextView\").text(\"Accept\")"}[39m
[35m[HTTP][39m [37m<-- POST /wd/hub/session/05b9cc6d-7af7-4ec8-9d6b-ebbe1d7d4ec0/elements [39m[32m200[39m [90m567 ms - 12[39m
[35m[HTTP][39m [90m[39m
[35m[HTTP][39m [37m-->[39m [37mPOST[39m [37m/wd/hub/session/05b9cc6d-7af7-4ec8-9d6b-ebbe1d7d4ec0/elements[39m
[35m[HTTP][39m [90m{"using":"-android uiautomator","value":"new UiSelector().className(\"android.widget.TextView\").text(\"Accept\")"}[39m
[35m[HTTP][39m [37m<-- POST /wd/hub/session/05b9cc6d-7af7-4ec8-9d6b-ebbe1d7d4ec0/elements [39m[32m200[39m [90m571 ms - 12[39m
[35m[HTTP][39m [90m[39m
[35m[HTTP][39m [37m-->[39m [37mPOST[39m [37m/wd/hub/session/05b9cc6d-7af7-4ec8-9d6b-ebbe1d7d4ec0/elements[39m
[35m[HTTP][39m [90m{"using":"-android uiautomator","value":"new UiSelector().className(\"android.widget.TextView\").text(\"Accept\")"}[39m
[35m[HTTP][39m [37m<-- POST /wd/hub/session/05b9cc6d-7af7-4ec8-9d6b-ebbe1d7d4ec0/elements [39m[32m200[39m [90m566 ms - 12[39m
[35m[HTTP][39m [90m[39m
[35m[HTTP][39m [37m-->[39m [37mPOST[39m [37m/wd/hub/session/05b9cc6d-7af7-4ec8-9d6b-ebbe1d7d4ec0/elements[39m
[35m[HTTP][39m [90m{"using":"-android uiautomator","value":"new UiSelector().className(\"android.widget.TextView\").text(\"Accept\")"}[39m
[35m[HTTP][39m [37m<-- POST /wd/hub/session/05b9cc6d-7af7-4ec8-9d6b-ebbe1d7d4ec0/elements [39m[32m200[39m [90m564 ms - 12[39m
[35m[HTTP][39m [90m[39m
[35m[HTTP][39m [37m-->[39m [37mPOST[39m [37m/wd/hub/session/05b9cc6d-7af7-4ec8-9d6b-ebbe1d7d4ec0/elements[39m
[35m[HTTP][39m [90m{"using":"-android uiautomator","value":"new UiSelector().className(\"android.widget.TextView\").text(\"Accept\")"}[39m
[35m[HTTP][39m [37m<-- POST /wd/hub/session/05b9cc6d-7af7-4ec8-9d6b-ebbe1d7d4ec0/elements [39m[32m200[39m [90m87 ms - 12[39m
[35m[HTTP][39m [90m[39m
[35m[HTTP][39m [37m-->[39m [37mPOST[39m [37m/wd/hub/session/05b9cc6d-7af7-4ec8-9d6b-ebbe1d7d4ec0/elements[39m
[35m[HTTP][39m [90m{"using":"-android uiautomator","value":"new UiSelector().className(\"android.widget.TextView\").text(\"Accept\")"}[39m
[35m[HTTP][39m [37m<-- POST /wd/hub/session/05b9cc6d-7af7-4ec8-9d6b-ebbe1d7d4ec0/elements [39m[32m200[39m [90m573 ms - 12[39m
[35m[HTTP][39m [90m[39m
[35m[HTTP][39m [37m-->[39m [37mPOST[39m [37m/wd/hub/session/05b9cc6d-7af7-4ec8-9d6b-ebbe1d7d4ec0/elements[39m
[35m[HTTP][39m [90m{"using":"-android uiautomator","value":"new UiSelector().className(\"android.widget.TextView\").text(\"Accept\")"}[39m
[35m[HTTP][39m [37m<-- POST /wd/hub/session/05b9cc6d-7af7-4ec8-9d6b-ebbe1d7d4ec0/elements [39m[32m200[39m [90m586 ms - 12[39m
[35m[HTTP][39m [90m[39m
[35m[HTTP][39m [37m-->[39m [37mPOST[39m [37m/wd/hub/session/05b9cc6d-7af7-4ec8-9d6b-ebbe1d7d4ec0/elements[39m
[35m[HTTP][39m [90m{"using":"-android uiautomator","value":"new UiSelector().className(\"android.widget.TextView\").text(\"Accept\")"}[39m
[35m[HTTP][39m [37m<-- POST /wd/hub/session/05b9cc6d-7af7-4ec8-9d6b-ebbe1d7d4ec0/elements [39m[32m200[39m [90m64 ms - 12[39m
[35m[HTTP][39m [90m[39m
[35m[HTTP][39m [37m-->[39m [37mPOST[39m [37m/wd/hub/session/05b9cc6d-7af7-4ec8-9d6b-ebbe1d7d4ec0/elements[39m
[35m[HTTP][39m [90m{"using":"-android uiautomator","value":"new UiSelector().className(\"android.widget.TextView\").text(\"Accept\")"}[39m
[35m[HTTP][39m [37m<-- POST /wd/hub/session/05b9cc6d-7af7-4ec8-9d6b-ebbe1d7d4ec0/elements [39m[32m200[39m [90m574 ms - 12[39m
[35m[HTTP][39m [90m[39m
[35m[HTTP][39m [37m-->[39m [37mPOST[39m [37m/wd/hub/session/05b9cc6d-7af7-4ec8-9d6b-ebbe1d7d4ec0/elements[39m
[35m[HTTP][39m [90m{"using":"-android uiautomator","value":"new UiSelector().className(\"android.widget.TextView\").text(\"Accept\")"}[39m
[35m[HTTP][39m [37m<-- POST /wd/hub/session/05b9cc6d-7af7-4ec8-9d6b-ebbe1d7d4ec0/elements [39m[32m200[39m [90m58 ms - 12[39m
[35m[HTTP][39m [90m[39m
[35m[HTTP][39m [37m-->[39m [37mPOST[39m [37m/wd/hub/session/05b9cc6d-7af7-4ec8-9d6b-ebbe1d7d4ec0/elements[39m
[35m[HTTP][39m [90m{"using":"-android uiautomator","value":"new UiSelector().className(\"android.widget.TextView\").text(\"Accept\")"}[39m
[35m[HTTP][39m [37m<-- POST /wd/hub/session/05b9cc6d-7af7-4ec8-9d6b-ebbe1d7d4ec0/elements [39m[32m200[39m [90m556 ms - 12[39m
[35m[HTTP][39m [90m[39m
[35m[HTTP][39m [37m-->[39m [37mPOST[39m [37m/wd/hub/session/05b9cc6d-7af7-4ec8-9d6b-ebbe1d7d4ec0/elements[39m
[35m[HTTP][39m [90m{"using":"-android uiautomator","value":"new UiSelector().className(\"android.widget.TextView\").text(\"Accept\")"}[39m
[35m[HTTP][39m [37m<-- POST /wd/hub/session/05b9cc6d-7af7-4ec8-9d6b-ebbe1d7d4ec0/elements [39m[32m200[39m [90m575 ms - 12[39m
[35m[HTTP][39m [90m[39m
[35m[HTTP][39m [37m-->[39m [37mPOST[39m [37m/wd/hub/session/05b9cc6d-7af7-4ec8-9d6b-ebbe1d7d4ec0/elements[39m
[35m[HTTP][39m [90m{"using":"-android uiautomator","value":"new UiSelector().className(\"android.widget.TextView\").text(\"Accept\")"}[39m
[35m[HTTP][39m [37m<-- POST /wd/hub/session/05b9cc6d-7af7-4ec8-9d6b-ebbe1d7d4ec0/elements [39m[32m200[39m [90m558 ms - 12[39m
[35m[HTTP][39m [90m[39m
[35m[HTTP][39m [37m-->[39m [37mPOST[39m [37m/wd/hub/session/05b9cc6d-7af7-4ec8-9d6b-ebbe1d7d4ec0/elements[39m
[35m[HTTP][39m [90m{"using":"-android uiautomator","value":"new UiSelector().className(\"android.widget.TextView\").text(\"Accept\")"}[39m
[35m[HTTP][39m [37m<-- POST /wd/hub/session/05b9cc6d-7af7-4ec8-9d6b-ebbe1d7d4ec0/elements [39m[32m200[39m [90m551 ms - 12[39m
[35m[HTTP][39m [90m[39m
[35m[HTTP][39m [37m-->[39m [37mPOST[39m [37m/wd/hub/session/05b9cc6d-7af7-4ec8-9d6b-ebbe1d7d4ec0/elements[39m
[35m[HTTP][39m [90m{"using":"-android uiautomator","value":"new UiSelector().className(\"android.widget.TextView\").text(\"Accept\")"}[39m
[35m[HTTP][39m [37m<-- POST /wd/hub/session/05b9cc6d-7af7-4ec8-9d6b-ebbe1d7d4ec0/elements [39m[32m200[39m [90m937 ms - 12[39m
[35m[HTTP][39m [90m[39m
[35m[HTTP][39m [37m-->[39m [37mPOST[39m [37m/wd/hub/session/05b9cc6d-7af7-4ec8-9d6b-ebbe1d7d4ec0/elements[39m
[35m[HTTP][39m [90m{"using":"-android uiautomator","value":"new UiSelector().className(\"android.widget.TextView\").text(\"Accept\")"}[39m
[35m[HTTP][39m [37m<-- POST /wd/hub/session/05b9cc6d-7af7-4ec8-9d6b-ebbe1d7d4ec0/elements [39m[32m200[39m [90m563 ms - 12[39m
[35m[HTTP][39m [90m[39m
[35m[BaseDriver][39m Shutting down because we waited 1800 seconds for a command
[35m[Appium][39m Closing session, cause was 'New Command Timeout of 1800 seconds expired. Try customizing the timeout using the 'newCommandTimeout' desired capability'
[35m[Appium][39m Removing session 05b9cc6d-7af7-4ec8-9d6b-ebbe1d7d4ec0 from our master session list
[35m[WD Proxy][39m Got an unexpected response: {"code":"ECONNRESET"}
[35m[UiAutomator2][39m Did not get confirmation UiAutomator2 deleteSession worked; Error was: UnknownError: An unknown server-side error occurred while processing the command. Original error: Could not proxy command to remote server. Original error: Error: socket hang up
[35m[ADB][39m io.nativebase.market.geekyants.taxiappdriver was not uninstalled, because it was not present on the device
[35m[UiAutomator2][39m Restoring hidden api policy to the device default configuration
[35m[Appium][39m Received SIGTERM - shutting down
