<?xml version="1.0" encoding="UTF-8" standalone="no"?>
<!DOCTYPE log SYSTEM "logger.dtd">
<log>
<record>
  <date>2019-08-17T00:44:05</date>
  <millis>1565982845398</millis>
  <sequence>0</sequence>
  <level>START</level>
  <class>com.kms.katalon.core.logging.XmlKeywordLogger</class>
  <method>startSuite</method>
  <thread>1</thread>
  <message>Start Test Suite : Test Suites/RiderLoginSuite</message>
  <nestedLevel>0</nestedLevel>
  <property name="name">RiderLoginSuite</property>
  <property name="description"></property>
  <property name="id">Test Suites/RiderLoginSuite</property>
</record>
<record>
  <date>2019-08-17T00:44:05</date>
  <millis>1565982845426</millis>
  <sequence>1</sequence>
  <level>RUN_DATA</level>
  <class>com.kms.katalon.core.logging.XmlKeywordLogger</class>
  <method>logMessage</method>
  <thread>1</thread>
  <message>hostName = sumittulsyan - 192.168.1.3</message>
  <nestedLevel>0</nestedLevel>
  <property name="hostName">sumittulsyan - 192.168.1.3</property>
</record>
<record>
  <date>2019-08-17T00:44:05</date>
  <millis>1565982845427</millis>
  <sequence>2</sequence>
  <level>RUN_DATA</level>
  <class>com.kms.katalon.core.logging.XmlKeywordLogger</class>
  <method>logMessage</method>
  <thread>1</thread>
  <message>os = Mac OS X 64bit</message>
  <nestedLevel>0</nestedLevel>
  <property name="os">Mac OS X 64bit</property>
</record>
<record>
  <date>2019-08-17T00:44:05</date>
  <millis>1565982845428</millis>
  <sequence>3</sequence>
  <level>RUN_DATA</level>
  <class>com.kms.katalon.core.logging.XmlKeywordLogger</class>
  <method>logMessage</method>
  <thread>1</thread>
  <message>hostAddress = 192.168.1.3</message>
  <nestedLevel>0</nestedLevel>
  <property name="hostAddress">192.168.1.3</property>
</record>
<record>
  <date>2019-08-17T00:44:05</date>
  <millis>1565982845456</millis>
  <sequence>4</sequence>
  <level>RUN_DATA</level>
  <class>com.kms.katalon.core.logging.XmlKeywordLogger</class>
  <method>logMessage</method>
  <thread>1</thread>
  <message>katalonVersion = 6.3.0.1</message>
  <nestedLevel>0</nestedLevel>
  <property name="katalonVersion">6.3.0.1</property>
</record>
<record>
  <date>2019-08-17T00:44:06</date>
  <millis>1565982846261</millis>
  <sequence>5</sequence>
  <level>START</level>
  <class>com.kms.katalon.core.logging.XmlKeywordLogger</class>
  <method>startTest</method>
  <thread>1</thread>
  <message>Start Test Case : Test Cases/RiderLogin</message>
  <nestedLevel>1</nestedLevel>
  <property name="name">Test Cases/RiderLogin</property>
  <property name="description"></property>
  <property name="id">Test Cases/RiderLogin</property>
  <property name="source">\\Users\\sumittulsyan\\Katalon Studio\\taxi\\Test Cases\\RiderLogin.tc</property>
  <property name="tag"></property>
  <property name="isOptional">false</property>
</record>
<record>
  <date>2019-08-17T00:44:07</date>
  <millis>1565982847574</millis>
  <sequence>7</sequence>
  <level>START</level>
  <class>com.kms.katalon.core.logging.XmlKeywordLogger</class>
  <method>startKeyword</method>
  <thread>1</thread>
  <message>Start action : startApplication(\&amp;quot;/Users/sumittulsyan/Downloads/app-release (1).apk\&amp;quot;, true)</message>
  <nestedLevel>1</nestedLevel>
  <property name="startLine">16</property>
  <property name="stepIndex">1</property>
</record>
</log><record>
  <date>2019-08-17T00:44:14</date>
  <millis>1565982854166</millis>
  <sequence>9</sequence>
  <level>INFO</level>
  <class>com.kms.katalon.core.logging.XmlKeywordLogger</class>
  <method>logMessage</method>
  <thread>1</thread>
  <message>Appium server started on port 51,649</message>
  <nestedLevel>1</nestedLevel>
</record>
</log>
