[35m[Appium][39m Welcome to Appium v1.14.0
[35m[Appium][39m Non-default server args:
[35m[Appium][39m   port: 50323
[35m[Appium][39m   loglevel: info
[35m[Appium][39m   chromeDriverPort: 50325
[35m[Appium][39m   tmpDir: /var/folders/38/x4crs4qx0hn0r3_szny2t9sw0000gn/T//Katalon/Appium/Temp1565759161321
[35m[Appium][39m Appium REST http interface listener started on 0.0.0.0:50323
[35m[HTTP][39m [37m-->[39m [37mGET[39m [37m/wd/hub/status[39m
[35m[HTTP][39m [90m{}[39m
[35m[HTTP][39m [37m<-- GET /wd/hub/status [39m[32m200[39m [90m13 ms - 68[39m
[35m[HTTP][39m [90m[39m
[35m[HTTP][39m [37m-->[39m [37mPOST[39m [37m/wd/hub/session[39m
[35m[HTTP][39m [90m{"desiredCapabilities":{"app":"/Users/sumittulsyan/Downloads/app-release.apk","noReset":false,"deviceName":"emulator-5556 (Android SDK built for x86 - Android 7.0)","fullReset":true,"platform":"ANDROID","newCommandTimeout":1800,"platformVersion":"7.0","automationName":"uiautomator2","autoGrantPermissions":true,"platformName":"Android","udid":"emulator-5556","systemPort":50322},"capabilities":{"firstMatch":[{"appium:app":"/Users/sumittulsyan/Downloads/app-release.apk","appium:autoGrantPermissions":true,"appium:automationName":"uiautomator2","appium:deviceName":"emulator-5556 (Android SDK built for x86 - Android 7.0)","appium:fullReset":true,"appium:newCommandTimeout":1800,"appium:noReset":false,"platform":"ANDROID","platformName":"android","appium:platformVersion":"7.0","appium:systemPort":50322,"appium:udid":"emulator-5556"}]}}[39m
[35m[BaseDriver][39m The capabilities ["platform"] are not standard capabilities and should have an extension prefix
[35m[Appium][39m Appium v1.14.0 creating new AndroidUiautomator2Driver (v1.33.1) session
[35m[Appium][39m Capabilities:
[35m[Appium][39m   platform: ANDROID
[35m[Appium][39m   platformName: android
[35m[Appium][39m   app: /Users/sumittulsyan/Downloads/app-release.apk
[35m[Appium][39m   autoGrantPermissions: true
[35m[Appium][39m   automationName: uiautomator2
[35m[Appium][39m   deviceName: emulator-5556 (Android SDK built for x86 - Android 7.0)
[35m[Appium][39m   fullReset: true
[35m[Appium][39m   newCommandTimeout: 1800
[35m[Appium][39m   noReset: false
[35m[Appium][39m   platformVersion: 7.0
[35m[Appium][39m   systemPort: 50322
[35m[Appium][39m   udid: emulator-5556
[35m[BaseDriver][39m The following capabilities were provided, but are not recognized by Appium:
[35m[BaseDriver][39m   platform
[35m[BaseDriver][39m Session created with session id: fd6fac0f-c1d3-4294-80c4-01dc47bfd14b
[35m[BaseDriver][39m Using local app '/Users/sumittulsyan/Downloads/app-release.apk'
[35m[ADB][39m Found 1 'build-tools' folders under '/Users/sumittulsyan/.katalon/tools/android_sdk' (newest first):
[35m[ADB][39m     /Users/sumittulsyan/.katalon/tools/android_sdk/build-tools/29.0.1
[35m[ADB][39m Using 'adb' from '/Users/sumittulsyan/.katalon/tools/android_sdk/platform-tools/adb'
[35m[AndroidDriver][39m Retrieving device list
[35m[AndroidDriver][39m Using device: emulator-5556
[35m[ADB][39m Using 'adb' from '/Users/sumittulsyan/.katalon/tools/android_sdk/platform-tools/adb'
[35m[ADB][39m Using 'apkanalyzer' from '/Users/sumittulsyan/.katalon/tools/android_sdk/tools/bin/apkanalyzer'
[35m[ADB][39m Package name: 'io.nativebase.market.geekyants.taxiappdriver'
[35m[ADB][39m Main activity name: 'io.nativebase.market.geekyants.taxiappdriver.MainActivity'
[35m[ADB][39m Using 'aapt' from '/Users/sumittulsyan/.katalon/tools/android_sdk/build-tools/29.0.1/aapt'
[35m[ADB][39m Using 'apksigner' from '/Users/sumittulsyan/.katalon/tools/android_sdk/build-tools/29.0.1/apksigner'
[35m[UiAutomator2][39m Server packages are not going to be (re)installed
[35m[ADB][39m io.nativebase.market.geekyants.taxiappdriver was not uninstalled, because it was not present on the device
[35m[ADB][39m The application at '/Users/sumittulsyan/Downloads/app-release.apk' is already cached to '/data/local/tmp/appium_cache/0a4c298d81fa9fed8129162356ad8641ab361e22.apk'
[35m[ADB][39m The installation of 'app-release.apk' took 7.442s
[35m[UiAutomator2][39m Starting UIAutomator2 server 3.7.0
[35m[UiAutomator2][39m Using UIAutomator2 server from '/Users/sumittulsyan/Downloads/appium-mobile-test/node_modules/appium-uiautomator2-server/apks/appium-uiautomator2-server-v3.7.0.apk' and test from '/Users/sumittulsyan/Downloads/appium-mobile-test/node_modules/appium-uiautomator2-server/apks/appium-uiautomator2-server-debug-androidTest.apk'
[35m[UiAutomator2][39m Waiting up to 30000ms for UiAutomator2 to be online...
[35m[WD Proxy][39m Got an unexpected response: {"code":"ECONNRESET"}
[35m[AndroidDriver][39m Screen already unlocked, doing nothing
[35m[UiAutomator2][39m UiAutomator2 did not start the activity we were waiting for, 'io.nativebase.market.geekyants.taxiappdriver/io.nativebase.market.geekyants.taxiappdriver.MainActivity'. Starting it ourselves
[35m[Appium][39m New AndroidUiautomator2Driver session created successfully, session fd6fac0f-c1d3-4294-80c4-01dc47bfd14b added to master session list
[35m[HTTP][39m [37m<-- POST /wd/hub/session [39m[32m200[39m [90m20193 ms - 1272[39m
[35m[HTTP][39m [90m[39m
[35m[HTTP][39m [37m-->[39m [37mGET[39m [37m/wd/hub/session/fd6fac0f-c1d3-4294-80c4-01dc47bfd14b[39m
[35m[HTTP][39m [90m{}[39m
[35m[HTTP][39m [37m<-- GET /wd/hub/session/fd6fac0f-c1d3-4294-80c4-01dc47bfd14b [39m[32m200[39m [90m54 ms - 1204[39m
[35m[HTTP][39m [90m[39m
[35m[HTTP][39m [37m-->[39m [37mGET[39m [37m/wd/hub/session/fd6fac0f-c1d3-4294-80c4-01dc47bfd14b[39m
[35m[HTTP][39m [90m{}[39m
[35m[HTTP][39m [37m<-- GET /wd/hub/session/fd6fac0f-c1d3-4294-80c4-01dc47bfd14b [39m[32m200[39m [90m14 ms - 1204[39m
[35m[HTTP][39m [90m[39m
[35m[HTTP][39m [37m-->[39m [37mGET[39m [37m/wd/hub/status[39m
[35m[HTTP][39m [90m{}[39m
[35m[HTTP][39m [37m<-- GET /wd/hub/status [39m[32m200[39m [90m1 ms - 68[39m
[35m[HTTP][39m [90m[39m
[35m[HTTP][39m [37m-->[39m [37mPOST[39m [37m/wd/hub/session/fd6fac0f-c1d3-4294-80c4-01dc47bfd14b/timeouts[39m
[35m[HTTP][39m [90m{"implicit":30000}[39m
[35m[HTTP][39m [37m<-- POST /wd/hub/session/fd6fac0f-c1d3-4294-80c4-01dc47bfd14b/timeouts [39m[32m200[39m [90m4 ms - 14[39m
[35m[HTTP][39m [90m[39m
[35m[HTTP][39m [37m-->[39m [37mPOST[39m [37m/wd/hub/session/fd6fac0f-c1d3-4294-80c4-01dc47bfd14b/timeouts[39m
[35m[HTTP][39m [90m{"implicit":50}[39m
[35m[HTTP][39m [37m<-- POST /wd/hub/session/fd6fac0f-c1d3-4294-80c4-01dc47bfd14b/timeouts [39m[32m200[39m [90m2 ms - 14[39m
[35m[HTTP][39m [90m[39m
[35m[HTTP][39m [37m-->[39m [37mGET[39m [37m/wd/hub/session/fd6fac0f-c1d3-4294-80c4-01dc47bfd14b/window/rect[39m
[35m[HTTP][39m [90m{}[39m
[35m[HTTP][39m [37m<-- GET /wd/hub/session/fd6fac0f-c1d3-4294-80c4-01dc47bfd14b/window/rect [39m[32m200[39m [90m29 ms - 50[39m
[35m[HTTP][39m [90m[39m
[35m[HTTP][39m [37m-->[39m [37mPOST[39m [37m/wd/hub/session/fd6fac0f-c1d3-4294-80c4-01dc47bfd14b/elements[39m
[35m[HTTP][39m [90m{"using":"-android uiautomator","value":"new UiSelector().className(\"android.widget.TextView\").text(\"Sign In\")"}[39m
[35m[HTTP][39m [37m<-- POST /wd/hub/session/fd6fac0f-c1d3-4294-80c4-01dc47bfd14b/elements [39m[32m200[39m [90m61 ms - 12[39m
[35m[HTTP][39m [90m[39m
[35m[HTTP][39m [37m-->[39m [37mPOST[39m [37m/wd/hub/session/fd6fac0f-c1d3-4294-80c4-01dc47bfd14b/elements[39m
[35m[HTTP][39m [90m{"using":"-android uiautomator","value":"new UiSelector().className(\"android.widget.TextView\").text(\"Sign In\")"}[39m
[35m[HTTP][39m [37m<-- POST /wd/hub/session/fd6fac0f-c1d3-4294-80c4-01dc47bfd14b/elements [39m[32m200[39m [90m63 ms - 12[39m
[35m[HTTP][39m [90m[39m
[35m[HTTP][39m [37m-->[39m [37mPOST[39m [37m/wd/hub/session/fd6fac0f-c1d3-4294-80c4-01dc47bfd14b/elements[39m
[35m[HTTP][39m [90m{"using":"-android uiautomator","value":"new UiSelector().className(\"android.widget.TextView\").text(\"Sign In\")"}[39m
[35m[HTTP][39m [37m<-- POST /wd/hub/session/fd6fac0f-c1d3-4294-80c4-01dc47bfd14b/elements [39m[32m200[39m [90m581 ms - 12[39m
[35m[HTTP][39m [90m[39m
[35m[HTTP][39m [37m-->[39m [37mPOST[39m [37m/wd/hub/session/fd6fac0f-c1d3-4294-80c4-01dc47bfd14b/elements[39m
[35m[HTTP][39m [90m{"using":"-android uiautomator","value":"new UiSelector().className(\"android.widget.TextView\").text(\"Sign In\")"}[39m
[35m[HTTP][39m [37m<-- POST /wd/hub/session/fd6fac0f-c1d3-4294-80c4-01dc47bfd14b/elements [39m[32m200[39m [90m551 ms - 12[39m
[35m[HTTP][39m [90m[39m
[35m[HTTP][39m [37m-->[39m [37mPOST[39m [37m/wd/hub/session/fd6fac0f-c1d3-4294-80c4-01dc47bfd14b/elements[39m
[35m[HTTP][39m [90m{"using":"-android uiautomator","value":"new UiSelector().className(\"android.widget.TextView\").text(\"Sign In\")"}[39m
[35m[HTTP][39m [37m<-- POST /wd/hub/session/fd6fac0f-c1d3-4294-80c4-01dc47bfd14b/elements [39m[32m200[39m [90m1929 ms - 139[39m
[35m[HTTP][39m [90m[39m
[35m[HTTP][39m [37m-->[39m [37mGET[39m [37m/wd/hub/session/fd6fac0f-c1d3-4294-80c4-01dc47bfd14b/element/07890eda-7bc6-4137-8076-b99f0cd9b7de/location[39m
[35m[HTTP][39m [90m{}[39m
[35m[W3C (fd6fac0f)][39m Driver proxy active, passing request on via HTTP proxy
[35m[WD Proxy][39m Replacing sessionId a789d4f1-dc3c-4faf-b28f-86e6486c04ee with fd6fac0f-c1d3-4294-80c4-01dc47bfd14b
[35m[HTTP][39m [37m<-- GET /wd/hub/session/fd6fac0f-c1d3-4294-80c4-01dc47bfd14b/element/07890eda-7bc6-4137-8076-b99f0cd9b7de/location [39m[32m200[39m [90m34 ms - 90[39m
[35m[HTTP][39m [90m[39m
[35m[HTTP][39m [37m-->[39m [37mPOST[39m [37m/wd/hub/session/fd6fac0f-c1d3-4294-80c4-01dc47bfd14b/timeouts[39m
[35m[HTTP][39m [90m{"implicit":30000}[39m
[35m[HTTP][39m [37m<-- POST /wd/hub/session/fd6fac0f-c1d3-4294-80c4-01dc47bfd14b/timeouts [39m[32m200[39m [90m3 ms - 14[39m
[35m[HTTP][39m [90m[39m
[35m[HTTP][39m [37m-->[39m [37mPOST[39m [37m/wd/hub/session/fd6fac0f-c1d3-4294-80c4-01dc47bfd14b/touch/perform[39m
[35m[HTTP][39m [90m{"actions":[{"action":"tap","options":{"x":1,"y":1,"element":"07890eda-7bc6-4137-8076-b99f0cd9b7de"}},{"action":"release","options":{}}]}[39m
[35m[UiAutomator2][39m calling get location: 07890eda-7bc6-4137-8076-b99f0cd9b7de
[35m[HTTP][39m [37m<-- POST /wd/hub/session/fd6fac0f-c1d3-4294-80c4-01dc47bfd14b/touch/perform [39m[32m200[39m [90m1257 ms - 14[39m
[35m[HTTP][39m [90m[39m
[35m[HTTP][39m [37m-->[39m [37mPOST[39m [37m/wd/hub/session/fd6fac0f-c1d3-4294-80c4-01dc47bfd14b/timeouts[39m
[35m[HTTP][39m [90m{"implicit":50}[39m
[35m[HTTP][39m [37m<-- POST /wd/hub/session/fd6fac0f-c1d3-4294-80c4-01dc47bfd14b/timeouts [39m[32m200[39m [90m3 ms - 14[39m
[35m[HTTP][39m [90m[39m
[35m[HTTP][39m [37m-->[39m [37mGET[39m [37m/wd/hub/session/fd6fac0f-c1d3-4294-80c4-01dc47bfd14b/window/rect[39m
[35m[HTTP][39m [90m{}[39m
[35m[HTTP][39m [37m<-- GET /wd/hub/session/fd6fac0f-c1d3-4294-80c4-01dc47bfd14b/window/rect [39m[32m200[39m [90m36 ms - 50[39m
[35m[HTTP][39m [90m[39m
[35m[HTTP][39m [37m-->[39m [37mPOST[39m [37m/wd/hub/session/fd6fac0f-c1d3-4294-80c4-01dc47bfd14b/elements[39m
[35m[HTTP][39m [90m{"using":"-android uiautomator","value":"new UiSelector().className(\"android.widget.EditText\").text(\"Email\")"}[39m
[35m[HTTP][39m [37m<-- POST /wd/hub/session/fd6fac0f-c1d3-4294-80c4-01dc47bfd14b/elements [39m[32m200[39m [90m62 ms - 139[39m
[35m[HTTP][39m [90m[39m
[35m[HTTP][39m [37m-->[39m [37mGET[39m [37m/wd/hub/session/fd6fac0f-c1d3-4294-80c4-01dc47bfd14b/element/4d780b28-edf5-4319-98f0-fdaa166fe19d/location[39m
[35m[HTTP][39m [90m{}[39m
[35m[W3C (fd6fac0f)][39m Driver proxy active, passing request on via HTTP proxy
[35m[WD Proxy][39m Replacing sessionId a789d4f1-dc3c-4faf-b28f-86e6486c04ee with fd6fac0f-c1d3-4294-80c4-01dc47bfd14b
[35m[HTTP][39m [37m<-- GET /wd/hub/session/fd6fac0f-c1d3-4294-80c4-01dc47bfd14b/element/4d780b28-edf5-4319-98f0-fdaa166fe19d/location [39m[32m200[39m [90m38 ms - 89[39m
[35m[HTTP][39m [90m[39m
[35m[HTTP][39m [37m-->[39m [37mPOST[39m [37m/wd/hub/session/fd6fac0f-c1d3-4294-80c4-01dc47bfd14b/timeouts[39m
[35m[HTTP][39m [90m{"implicit":30000}[39m
[35m[HTTP][39m [37m<-- POST /wd/hub/session/fd6fac0f-c1d3-4294-80c4-01dc47bfd14b/timeouts [39m[32m200[39m [90m2 ms - 14[39m
[35m[HTTP][39m [90m[39m
[35m[HTTP][39m [37m-->[39m [37mPOST[39m [37m/wd/hub/session/fd6fac0f-c1d3-4294-80c4-01dc47bfd14b/element/4d780b28-edf5-4319-98f0-fdaa166fe19d/clear[39m
[35m[HTTP][39m [90m{"id":"4d780b28-edf5-4319-98f0-fdaa166fe19d"}[39m
[35m[HTTP][39m [37m<-- POST /wd/hub/session/fd6fac0f-c1d3-4294-80c4-01dc47bfd14b/element/4d780b28-edf5-4319-98f0-fdaa166fe19d/clear [39m[32m200[39m [90m35 ms - 27[39m
[35m[HTTP][39m [90m[39m
[35m[HTTP][39m [37m-->[39m [37mPOST[39m [37m/wd/hub/session/fd6fac0f-c1d3-4294-80c4-01dc47bfd14b/element/4d780b28-edf5-4319-98f0-fdaa166fe19d/value[39m
[35m[HTTP][39m [90m{"id":"4d780b28-edf5-4319-98f0-fdaa166fe19d","text":"taxidriver@gmail.com","value":["t","a","x","i","d","r","i","v","e","r","@","g","m","a","i","l",".","c","o","m"]}[39m
[35m[HTTP][39m [37m<-- POST /wd/hub/session/fd6fac0f-c1d3-4294-80c4-01dc47bfd14b/element/4d780b28-edf5-4319-98f0-fdaa166fe19d/value [39m[32m200[39m [90m1064 ms - 12[39m
[35m[HTTP][39m [90m[39m
[35m[HTTP][39m [37m-->[39m [37mPOST[39m [37m/wd/hub/session/fd6fac0f-c1d3-4294-80c4-01dc47bfd14b/timeouts[39m
[35m[HTTP][39m [90m{"implicit":50}[39m
[35m[HTTP][39m [37m<-- POST /wd/hub/session/fd6fac0f-c1d3-4294-80c4-01dc47bfd14b/timeouts [39m[32m200[39m [90m2 ms - 14[39m
[35m[HTTP][39m [90m[39m
[35m[HTTP][39m [37m-->[39m [37mGET[39m [37m/wd/hub/session/fd6fac0f-c1d3-4294-80c4-01dc47bfd14b/window/rect[39m
[35m[HTTP][39m [90m{}[39m
[35m[HTTP][39m [37m<-- GET /wd/hub/session/fd6fac0f-c1d3-4294-80c4-01dc47bfd14b/window/rect [39m[32m200[39m [90m17 ms - 50[39m
[35m[HTTP][39m [90m[39m
[35m[HTTP][39m [37m-->[39m [37mPOST[39m [37m/wd/hub/session/fd6fac0f-c1d3-4294-80c4-01dc47bfd14b/elements[39m
[35m[HTTP][39m [90m{"using":"-android uiautomator","value":"new UiSelector().className(\"android.widget.EditText\").text(\"Password\")"}[39m
[35m[HTTP][39m [37m<-- POST /wd/hub/session/fd6fac0f-c1d3-4294-80c4-01dc47bfd14b/elements [39m[32m200[39m [90m426 ms - 139[39m
[35m[HTTP][39m [90m[39m
[35m[HTTP][39m [37m-->[39m [37mGET[39m [37m/wd/hub/session/fd6fac0f-c1d3-4294-80c4-01dc47bfd14b/element/ff006da7-42d6-40dd-8512-408d2c7dbe68/location[39m
[35m[HTTP][39m [90m{}[39m
[35m[W3C (fd6fac0f)][39m Driver proxy active, passing request on via HTTP proxy
[35m[WD Proxy][39m Replacing sessionId a789d4f1-dc3c-4faf-b28f-86e6486c04ee with fd6fac0f-c1d3-4294-80c4-01dc47bfd14b
[35m[HTTP][39m [37m<-- GET /wd/hub/session/fd6fac0f-c1d3-4294-80c4-01dc47bfd14b/element/ff006da7-42d6-40dd-8512-408d2c7dbe68/location [39m[32m200[39m [90m23 ms - 90[39m
[35m[HTTP][39m [90m[39m
[35m[HTTP][39m [37m-->[39m [37mPOST[39m [37m/wd/hub/session/fd6fac0f-c1d3-4294-80c4-01dc47bfd14b/timeouts[39m
[35m[HTTP][39m [90m{"implicit":30000}[39m
[35m[HTTP][39m [37m<-- POST /wd/hub/session/fd6fac0f-c1d3-4294-80c4-01dc47bfd14b/timeouts [39m[32m200[39m [90m2 ms - 14[39m
[35m[HTTP][39m [90m[39m
[35m[HTTP][39m [37m-->[39m [37mPOST[39m [37m/wd/hub/session/fd6fac0f-c1d3-4294-80c4-01dc47bfd14b/element/ff006da7-42d6-40dd-8512-408d2c7dbe68/clear[39m
[35m[HTTP][39m [90m{"id":"ff006da7-42d6-40dd-8512-408d2c7dbe68"}[39m
[35m[HTTP][39m [37m<-- POST /wd/hub/session/fd6fac0f-c1d3-4294-80c4-01dc47bfd14b/element/ff006da7-42d6-40dd-8512-408d2c7dbe68/clear [39m[32m200[39m [90m23 ms - 27[39m
[35m[HTTP][39m [90m[39m
[35m[HTTP][39m [37m-->[39m [37mPOST[39m [37m/wd/hub/session/fd6fac0f-c1d3-4294-80c4-01dc47bfd14b/element/ff006da7-42d6-40dd-8512-408d2c7dbe68/value[39m
[35m[HTTP][39m [90m{"id":"ff006da7-42d6-40dd-8512-408d2c7dbe68","text":"123456","value":["1","2","3","4","5","6"]}[39m
[35m[HTTP][39m [37m<-- POST /wd/hub/session/fd6fac0f-c1d3-4294-80c4-01dc47bfd14b/element/ff006da7-42d6-40dd-8512-408d2c7dbe68/value [39m[32m200[39m [90m1039 ms - 12[39m
[35m[HTTP][39m [90m[39m
[35m[HTTP][39m [37m-->[39m [37mPOST[39m [37m/wd/hub/session/fd6fac0f-c1d3-4294-80c4-01dc47bfd14b/timeouts[39m
[35m[HTTP][39m [90m{"implicit":50}[39m
[35m[HTTP][39m [37m<-- POST /wd/hub/session/fd6fac0f-c1d3-4294-80c4-01dc47bfd14b/timeouts [39m[32m200[39m [90m3 ms - 14[39m
[35m[HTTP][39m [90m[39m
[35m[HTTP][39m [37m-->[39m [37mGET[39m [37m/wd/hub/session/fd6fac0f-c1d3-4294-80c4-01dc47bfd14b/window/rect[39m
[35m[HTTP][39m [90m{}[39m
[35m[HTTP][39m [37m<-- GET /wd/hub/session/fd6fac0f-c1d3-4294-80c4-01dc47bfd14b/window/rect [39m[32m200[39m [90m12 ms - 50[39m
[35m[HTTP][39m [90m[39m
[35m[HTTP][39m [37m-->[39m [37mPOST[39m [37m/wd/hub/session/fd6fac0f-c1d3-4294-80c4-01dc47bfd14b/elements[39m
[35m[HTTP][39m [90m{"using":"xpath","value":"//hierarchy/android.widget.FrameLayout[1]/android.widget.LinearLayout[1]/android.widget.FrameLayout[1]/android.widget.LinearLayout[1]/android.widget.FrameLayout[1]/android.widget.FrameLayout[1]/android.view.ViewGroup[1]/android.view.ViewGroup[1]/android.view.ViewGroup[1]/android.view.ViewGroup[1]/android.support.v4.widget.DrawerLayout[1]/android.view.ViewGroup[1]/android.view.ViewGroup[1]/android.view.ViewGroup[1]/android.view.ViewGroup[1]/android.view.ViewGroup[1]/android.view.ViewGroup[1]/android.widget.ScrollView[1]/android.view.ViewGroup[1]/android.view.ViewGroup[7]/android.widget.TextView[1]"}[39m
[35m[HTTP][39m [37m<-- POST /wd/hub/session/fd6fac0f-c1d3-4294-80c4-01dc47bfd14b/elements [39m[32m200[39m [90m551 ms - 139[39m
[35m[HTTP][39m [90m[39m
[35m[HTTP][39m [37m-->[39m [37mGET[39m [37m/wd/hub/session/fd6fac0f-c1d3-4294-80c4-01dc47bfd14b/element/4cf28655-a8a2-4a57-87d9-cb562ee05220/location[39m
[35m[HTTP][39m [90m{}[39m
[35m[W3C (fd6fac0f)][39m Driver proxy active, passing request on via HTTP proxy
[35m[WD Proxy][39m Replacing sessionId a789d4f1-dc3c-4faf-b28f-86e6486c04ee with fd6fac0f-c1d3-4294-80c4-01dc47bfd14b
[35m[HTTP][39m [37m<-- GET /wd/hub/session/fd6fac0f-c1d3-4294-80c4-01dc47bfd14b/element/4cf28655-a8a2-4a57-87d9-cb562ee05220/location [39m[32m200[39m [90m21 ms - 90[39m
[35m[HTTP][39m [90m[39m
[35m[HTTP][39m [37m-->[39m [37mPOST[39m [37m/wd/hub/session/fd6fac0f-c1d3-4294-80c4-01dc47bfd14b/timeouts[39m
[35m[HTTP][39m [90m{"implicit":30000}[39m
[35m[HTTP][39m [37m<-- POST /wd/hub/session/fd6fac0f-c1d3-4294-80c4-01dc47bfd14b/timeouts [39m[32m200[39m [90m2 ms - 14[39m
[35m[HTTP][39m [90m[39m
[35m[HTTP][39m [37m-->[39m [37mPOST[39m [37m/wd/hub/session/fd6fac0f-c1d3-4294-80c4-01dc47bfd14b/touch/perform[39m
[35m[HTTP][39m [90m{"actions":[{"action":"tap","options":{"x":1,"y":1,"element":"4cf28655-a8a2-4a57-87d9-cb562ee05220"}},{"action":"release","options":{}}]}[39m
[35m[UiAutomator2][39m calling get location: 4cf28655-a8a2-4a57-87d9-cb562ee05220
[35m[HTTP][39m [37m<-- POST /wd/hub/session/fd6fac0f-c1d3-4294-80c4-01dc47bfd14b/touch/perform [39m[32m200[39m [90m48 ms - 14[39m
[35m[HTTP][39m [90m[39m
[35m[HTTP][39m [37m-->[39m [37mDELETE[39m [37m/wd/hub/session/fd6fac0f-c1d3-4294-80c4-01dc47bfd14b[39m
[35m[HTTP][39m [90m{}[39m
[35m[Appium][39m Removing session fd6fac0f-c1d3-4294-80c4-01dc47bfd14b from our master session list
[35m[ADB][39m io.nativebase.market.geekyants.taxiappdriver was successfully uninstalled
[35m[HTTP][39m [37m<-- DELETE /wd/hub/session/fd6fac0f-c1d3-4294-80c4-01dc47bfd14b [39m[32m200[39m [90m1286 ms - 14[39m
[35m[HTTP][39m [90m[39m
