[35m[Appium][39m Welcome to Appium v1.14.0
[35m[Appium][39m Non-default server args:
[35m[Appium][39m   port: 51042
[35m[Appium][39m   loglevel: info
[35m[Appium][39m   chromeDriverPort: 51045
[35m[Appium][39m   tmpDir: /var/folders/38/x4crs4qx0hn0r3_szny2t9sw0000gn/T//Katalon/Appium/Temp1566201265749
[35m[Appium][39m Appium REST http interface listener started on 0.0.0.0:51042
[35m[HTTP][39m [37m-->[39m [37mGET[39m [37m/wd/hub/status[39m
[35m[HTTP][39m [90m{}[39m
[35m[HTTP][39m [37m<-- GET /wd/hub/status [39m[32m200[39m [90m5 ms - 68[39m
[35m[HTTP][39m [90m[39m
[35m[HTTP][39m [37m-->[39m [37mPOST[39m [37m/wd/hub/session[39m
[35m[HTTP][39m [90m{"desiredCapabilities":{"app":"/Users/sumittulsyan/Downloads/app-release (1).apk","noReset":false,"deviceName":"emulator-5554 (Android SDK built for x86 - Android 9)","fullReset":true,"platform":"ANDROID","newCommandTimeout":1800,"platformVersion":"9","automationName":"uiautomator2","autoGrantPermissions":true,"platformName":"Android","udid":"emulator-5554","systemPort":51041},"capabilities":{"firstMatch":[{"appium:app":"/Users/sumittulsyan/Downloads/app-release (1).apk","appium:autoGrantPermissions":true,"appium:automationName":"uiautomator2","appium:deviceName":"emulator-5554 (Android SDK built for x86 - Android 9)","appium:fullReset":true,"appium:newCommandTimeout":1800,"appium:noReset":false,"platform":"ANDROID","platformName":"android","appium:platformVersion":"9","appium:systemPort":51041,"appium:udid":"emulator-5554"}]}}[39m
[35m[BaseDriver][39m The capabilities ["platform"] are not standard capabilities and should have an extension prefix
[35m[Appium][39m Appium v1.14.0 creating new AndroidUiautomator2Driver (v1.33.1) session
[35m[Appium][39m Capabilities:
[35m[Appium][39m   platform: ANDROID
[35m[Appium][39m   platformName: android
[35m[Appium][39m   app: /Users/sumittulsyan/Downloads/app-release (1).apk
[35m[Appium][39m   autoGrantPermissions: true
[35m[Appium][39m   automationName: uiautomator2
[35m[Appium][39m   deviceName: emulator-5554 (Android SDK built for x86 - Android 9)
[35m[Appium][39m   fullReset: true
[35m[Appium][39m   newCommandTimeout: 1800
[35m[Appium][39m   noReset: false
[35m[Appium][39m   platformVersion: 9
[35m[Appium][39m   systemPort: 51041
[35m[Appium][39m   udid: emulator-5554
[35m[BaseDriver][39m The following capabilities were provided, but are not recognized by Appium:
[35m[BaseDriver][39m   platform
[35m[BaseDriver][39m Session created with session id: ab1651d9-b5ad-43b5-bea7-b0af5e52c6f7
[35m[BaseDriver][39m Using local app '/Users/sumittulsyan/Downloads/app-release (1).apk'
[35m[ADB][39m Found 1 'build-tools' folders under '/Users/sumittulsyan/.katalon/tools/android_sdk' (newest first):
[35m[ADB][39m     /Users/sumittulsyan/.katalon/tools/android_sdk/build-tools/29.0.1
[35m[ADB][39m Using 'adb' from '/Users/sumittulsyan/.katalon/tools/android_sdk/platform-tools/adb'
[35m[AndroidDriver][39m Retrieving device list
[35m[AndroidDriver][39m Using device: emulator-5554
[35m[ADB][39m Using 'adb' from '/Users/sumittulsyan/.katalon/tools/android_sdk/platform-tools/adb'
[35m[UiAutomator2][39m Relaxing hidden api policy
[35m[ADB][39m Using 'apkanalyzer' from '/Users/sumittulsyan/.katalon/tools/android_sdk/tools/bin/apkanalyzer'
[35m[ADB][39m Using the alternative activity name detection method because of: Command '/Users/sumittulsyan/.katalon/tools/android_sdk/tools/bin/apkanalyzer -h manifest print '/Users/sumittulsyan/Downloads/app-release (1).apk'' exited with code 2
[35m[ADB][39m Using 'aapt' from '/Users/sumittulsyan/.katalon/tools/android_sdk/build-tools/29.0.1/aapt'
[35m[ADB][39m Extracting package and launch activity from manifest
[35m[ADB][39m Package name: 'io.nativebase.market.geekyants.taxiapprider'
[35m[ADB][39m Main activity name: 'io.nativebase.market.geekyants.taxiapprider.MainActivity'
[35m[ADB][39m Using 'apksigner' from '/Users/sumittulsyan/.katalon/tools/android_sdk/build-tools/29.0.1/apksigner'
[35m[UiAutomator2][39m Server packages are not going to be (re)installed
[35m[ADB][39m io.nativebase.market.geekyants.taxiapprider was successfully uninstalled
[35m[ADB][39m The application at '/Users/sumittulsyan/Downloads/app-release (1).apk' is already cached to '/data/local/tmp/appium_cache/319121ffd2a4e89e1742e996fe8df850b3a56b9f.apk'
[35m[ADB][39m The installation of 'app-release (1).apk' took 7.307s
[35m[UiAutomator2][39m Starting UIAutomator2 server 3.7.0
[35m[UiAutomator2][39m Using UIAutomator2 server from '/Users/sumittulsyan/Downloads/appium-mobile-test/node_modules/appium-uiautomator2-server/apks/appium-uiautomator2-server-v3.7.0.apk' and test from '/Users/sumittulsyan/Downloads/appium-mobile-test/node_modules/appium-uiautomator2-server/apks/appium-uiautomator2-server-debug-androidTest.apk'
[35m[UiAutomator2][39m Waiting up to 30000ms for UiAutomator2 to be online...
[35m[WD Proxy][39m Got an unexpected response: {"code":"ECONNRESET"}
[35m[WD Proxy][39m Got an unexpected response: {"code":"ECONNRESET"}
[35m[AndroidDriver][39m Screen already unlocked, doing nothing
[35m[UiAutomator2][39m UiAutomator2 did not start the activity we were waiting for, 'io.nativebase.market.geekyants.taxiapprider/io.nativebase.market.geekyants.taxiapprider.MainActivity'. Starting it ourselves
[35m[Appium][39m New AndroidUiautomator2Driver session created successfully, session ab1651d9-b5ad-43b5-bea7-b0af5e52c6f7 added to master session list
[35m[HTTP][39m [37m<-- POST /wd/hub/session [39m[32m200[39m [90m26486 ms - 1271[39m
[35m[HTTP][39m [90m[39m
[35m[HTTP][39m [37m-->[39m [37mGET[39m [37m/wd/hub/session/ab1651d9-b5ad-43b5-bea7-b0af5e52c6f7[39m
[35m[HTTP][39m [90m{}[39m
[35m[HTTP][39m [37m<-- GET /wd/hub/session/ab1651d9-b5ad-43b5-bea7-b0af5e52c6f7 [39m[32m200[39m [90m48 ms - 1203[39m
[35m[HTTP][39m [90m[39m
[35m[HTTP][39m [37m-->[39m [37mGET[39m [37m/wd/hub/session/ab1651d9-b5ad-43b5-bea7-b0af5e52c6f7[39m
[35m[HTTP][39m [90m{}[39m
[35m[HTTP][39m [37m<-- GET /wd/hub/session/ab1651d9-b5ad-43b5-bea7-b0af5e52c6f7 [39m[32m200[39m [90m34 ms - 1203[39m
[35m[HTTP][39m [90m[39m
[35m[HTTP][39m [37m-->[39m [37mGET[39m [37m/wd/hub/status[39m
[35m[HTTP][39m [90m{}[39m
[35m[HTTP][39m [37m<-- GET /wd/hub/status [39m[32m200[39m [90m1 ms - 68[39m
[35m[HTTP][39m [90m[39m
[35m[HTTP][39m [37m-->[39m [37mPOST[39m [37m/wd/hub/session/ab1651d9-b5ad-43b5-bea7-b0af5e52c6f7/timeouts[39m
[35m[HTTP][39m [90m{"implicit":30000}[39m
[35m[HTTP][39m [37m<-- POST /wd/hub/session/ab1651d9-b5ad-43b5-bea7-b0af5e52c6f7/timeouts [39m[32m200[39m [90m4 ms - 14[39m
[35m[HTTP][39m [90m[39m
[35m[HTTP][39m [37m-->[39m [37mPOST[39m [37m/wd/hub/session/ab1651d9-b5ad-43b5-bea7-b0af5e52c6f7/timeouts[39m
[35m[HTTP][39m [90m{"implicit":50}[39m
[35m[HTTP][39m [37m<-- POST /wd/hub/session/ab1651d9-b5ad-43b5-bea7-b0af5e52c6f7/timeouts [39m[32m200[39m [90m3 ms - 14[39m
[35m[HTTP][39m [90m[39m
[35m[HTTP][39m [37m-->[39m [37mGET[39m [37m/wd/hub/session/ab1651d9-b5ad-43b5-bea7-b0af5e52c6f7/window/rect[39m
[35m[HTTP][39m [90m{}[39m
[35m[HTTP][39m [37m<-- GET /wd/hub/session/ab1651d9-b5ad-43b5-bea7-b0af5e52c6f7/window/rect [39m[32m200[39m [90m105 ms - 50[39m
[35m[HTTP][39m [90m[39m
[35m[HTTP][39m [37m-->[39m [37mPOST[39m [37m/wd/hub/session/ab1651d9-b5ad-43b5-bea7-b0af5e52c6f7/elements[39m
[35m[HTTP][39m [90m{"using":"-android uiautomator","value":"new UiSelector().className(\"android.widget.TextView\").text(\"Sign In\")"}[39m
[35m[HTTP][39m [37m<-- POST /wd/hub/session/ab1651d9-b5ad-43b5-bea7-b0af5e52c6f7/elements [39m[32m200[39m [90m218 ms - 12[39m
[35m[HTTP][39m [90m[39m
[35m[HTTP][39m [37m-->[39m [37mPOST[39m [37m/wd/hub/session/ab1651d9-b5ad-43b5-bea7-b0af5e52c6f7/elements[39m
[35m[HTTP][39m [90m{"using":"-android uiautomator","value":"new UiSelector().className(\"android.widget.TextView\").text(\"Sign In\")"}[39m
[35m[HTTP][39m [37m<-- POST /wd/hub/session/ab1651d9-b5ad-43b5-bea7-b0af5e52c6f7/elements [39m[32m200[39m [90m66 ms - 12[39m
[35m[HTTP][39m [90m[39m
[35m[HTTP][39m [37m-->[39m [37mPOST[39m [37m/wd/hub/session/ab1651d9-b5ad-43b5-bea7-b0af5e52c6f7/elements[39m
[35m[HTTP][39m [90m{"using":"-android uiautomator","value":"new UiSelector().className(\"android.widget.TextView\").text(\"Sign In\")"}[39m
[35m[HTTP][39m [37m<-- POST /wd/hub/session/ab1651d9-b5ad-43b5-bea7-b0af5e52c6f7/elements [39m[32m200[39m [90m603 ms - 12[39m
[35m[HTTP][39m [90m[39m
[35m[HTTP][39m [37m-->[39m [37mPOST[39m [37m/wd/hub/session/ab1651d9-b5ad-43b5-bea7-b0af5e52c6f7/elements[39m
[35m[HTTP][39m [90m{"using":"-android uiautomator","value":"new UiSelector().className(\"android.widget.TextView\").text(\"Sign In\")"}[39m
[35m[HTTP][39m [37m<-- POST /wd/hub/session/ab1651d9-b5ad-43b5-bea7-b0af5e52c6f7/elements [39m[32m200[39m [90m73 ms - 12[39m
[35m[HTTP][39m [90m[39m
[35m[HTTP][39m [37m-->[39m [37mPOST[39m [37m/wd/hub/session/ab1651d9-b5ad-43b5-bea7-b0af5e52c6f7/elements[39m
[35m[HTTP][39m [90m{"using":"-android uiautomator","value":"new UiSelector().className(\"android.widget.TextView\").text(\"Sign In\")"}[39m
[35m[HTTP][39m [37m<-- POST /wd/hub/session/ab1651d9-b5ad-43b5-bea7-b0af5e52c6f7/elements [39m[32m200[39m [90m579 ms - 12[39m
[35m[HTTP][39m [90m[39m
[35m[HTTP][39m [37m-->[39m [37mPOST[39m [37m/wd/hub/session/ab1651d9-b5ad-43b5-bea7-b0af5e52c6f7/elements[39m
[35m[HTTP][39m [90m{"using":"-android uiautomator","value":"new UiSelector().className(\"android.widget.TextView\").text(\"Sign In\")"}[39m
[35m[HTTP][39m [37m<-- POST /wd/hub/session/ab1651d9-b5ad-43b5-bea7-b0af5e52c6f7/elements [39m[32m200[39m [90m1607 ms - 139[39m
[35m[HTTP][39m [90m[39m
[35m[HTTP][39m [37m-->[39m [37mGET[39m [37m/wd/hub/session/ab1651d9-b5ad-43b5-bea7-b0af5e52c6f7/element/818373cb-fe3d-4bf1-ab04-821398a67d12/location[39m
[35m[HTTP][39m [90m{}[39m
[35m[W3C (ab1651d9)][39m Driver proxy active, passing request on via HTTP proxy
[35m[WD Proxy][39m Replacing sessionId 2fe52475-1f17-4658-a189-9dc145a322c5 with ab1651d9-b5ad-43b5-bea7-b0af5e52c6f7
[35m[HTTP][39m [37m<-- GET /wd/hub/session/ab1651d9-b5ad-43b5-bea7-b0af5e52c6f7/element/818373cb-fe3d-4bf1-ab04-821398a67d12/location [39m[32m200[39m [90m40 ms - 90[39m
[35m[HTTP][39m [90m[39m
[35m[HTTP][39m [37m-->[39m [37mPOST[39m [37m/wd/hub/session/ab1651d9-b5ad-43b5-bea7-b0af5e52c6f7/timeouts[39m
[35m[HTTP][39m [90m{"implicit":30000}[39m
[35m[HTTP][39m [37m<-- POST /wd/hub/session/ab1651d9-b5ad-43b5-bea7-b0af5e52c6f7/timeouts [39m[32m200[39m [90m1 ms - 14[39m
[35m[HTTP][39m [90m[39m
[35m[HTTP][39m [37m-->[39m [37mPOST[39m [37m/wd/hub/session/ab1651d9-b5ad-43b5-bea7-b0af5e52c6f7/touch/perform[39m
[35m[HTTP][39m [90m{"actions":[{"action":"tap","options":{"x":1,"y":1,"element":"818373cb-fe3d-4bf1-ab04-821398a67d12"}},{"action":"release","options":{}}]}[39m
[35m[UiAutomator2][39m calling get location: 818373cb-fe3d-4bf1-ab04-821398a67d12
[35m[HTTP][39m [37m<-- POST /wd/hub/session/ab1651d9-b5ad-43b5-bea7-b0af5e52c6f7/touch/perform [39m[32m200[39m [90m1116 ms - 14[39m
[35m[HTTP][39m [90m[39m
[35m[HTTP][39m [37m-->[39m [37mPOST[39m [37m/wd/hub/session/ab1651d9-b5ad-43b5-bea7-b0af5e52c6f7/timeouts[39m
[35m[HTTP][39m [90m{"implicit":50}[39m
[35m[HTTP][39m [37m<-- POST /wd/hub/session/ab1651d9-b5ad-43b5-bea7-b0af5e52c6f7/timeouts [39m[32m200[39m [90m2 ms - 14[39m
[35m[HTTP][39m [90m[39m
[35m[HTTP][39m [37m-->[39m [37mGET[39m [37m/wd/hub/session/ab1651d9-b5ad-43b5-bea7-b0af5e52c6f7/window/rect[39m
[35m[HTTP][39m [90m{}[39m
[35m[HTTP][39m [37m<-- GET /wd/hub/session/ab1651d9-b5ad-43b5-bea7-b0af5e52c6f7/window/rect [39m[32m200[39m [90m56 ms - 50[39m
[35m[HTTP][39m [90m[39m
[35m[HTTP][39m [37m-->[39m [37mPOST[39m [37m/wd/hub/session/ab1651d9-b5ad-43b5-bea7-b0af5e52c6f7/elements[39m
[35m[HTTP][39m [90m{"using":"-android uiautomator","value":"new UiSelector().className(\"android.widget.EditText\").text(\"Email\")"}[39m
[35m[HTTP][39m [37m<-- POST /wd/hub/session/ab1651d9-b5ad-43b5-bea7-b0af5e52c6f7/elements [39m[32m200[39m [90m63 ms - 139[39m
[35m[HTTP][39m [90m[39m
[35m[HTTP][39m [37m-->[39m [37mGET[39m [37m/wd/hub/session/ab1651d9-b5ad-43b5-bea7-b0af5e52c6f7/element/2fa351ca-6d51-46be-8dcd-8dd188d1f818/location[39m
[35m[HTTP][39m [90m{}[39m
[35m[W3C (ab1651d9)][39m Driver proxy active, passing request on via HTTP proxy
[35m[WD Proxy][39m Replacing sessionId 2fe52475-1f17-4658-a189-9dc145a322c5 with ab1651d9-b5ad-43b5-bea7-b0af5e52c6f7
[35m[HTTP][39m [37m<-- GET /wd/hub/session/ab1651d9-b5ad-43b5-bea7-b0af5e52c6f7/element/2fa351ca-6d51-46be-8dcd-8dd188d1f818/location [39m[32m200[39m [90m61 ms - 90[39m
[35m[HTTP][39m [90m[39m
[35m[HTTP][39m [37m-->[39m [37mPOST[39m [37m/wd/hub/session/ab1651d9-b5ad-43b5-bea7-b0af5e52c6f7/timeouts[39m
[35m[HTTP][39m [90m{"implicit":30000}[39m
[35m[HTTP][39m [37m<-- POST /wd/hub/session/ab1651d9-b5ad-43b5-bea7-b0af5e52c6f7/timeouts [39m[32m200[39m [90m2 ms - 14[39m
[35m[HTTP][39m [90m[39m
[35m[HTTP][39m [37m-->[39m [37mPOST[39m [37m/wd/hub/session/ab1651d9-b5ad-43b5-bea7-b0af5e52c6f7/element/2fa351ca-6d51-46be-8dcd-8dd188d1f818/clear[39m
[35m[HTTP][39m [90m{"id":"2fa351ca-6d51-46be-8dcd-8dd188d1f818"}[39m
[35m[HTTP][39m [37m<-- POST /wd/hub/session/ab1651d9-b5ad-43b5-bea7-b0af5e52c6f7/element/2fa351ca-6d51-46be-8dcd-8dd188d1f818/clear [39m[32m200[39m [90m57 ms - 27[39m
[35m[HTTP][39m [90m[39m
[35m[HTTP][39m [37m-->[39m [37mPOST[39m [37m/wd/hub/session/ab1651d9-b5ad-43b5-bea7-b0af5e52c6f7/element/2fa351ca-6d51-46be-8dcd-8dd188d1f818/value[39m
[35m[HTTP][39m [90m{"id":"2fa351ca-6d51-46be-8dcd-8dd188d1f818","text":"taxirider@gmail.com","value":["t","a","x","i","r","i","d","e","r","@","g","m","a","i","l",".","c","o","m"]}[39m
[35m[HTTP][39m [37m<-- POST /wd/hub/session/ab1651d9-b5ad-43b5-bea7-b0af5e52c6f7/element/2fa351ca-6d51-46be-8dcd-8dd188d1f818/value [39m[32m200[39m [90m1065 ms - 12[39m
[35m[HTTP][39m [90m[39m
[35m[HTTP][39m [37m-->[39m [37mPOST[39m [37m/wd/hub/session/ab1651d9-b5ad-43b5-bea7-b0af5e52c6f7/timeouts[39m
[35m[HTTP][39m [90m{"implicit":50}[39m
[35m[HTTP][39m [37m<-- POST /wd/hub/session/ab1651d9-b5ad-43b5-bea7-b0af5e52c6f7/timeouts [39m[32m200[39m [90m3 ms - 14[39m
[35m[HTTP][39m [90m[39m
[35m[HTTP][39m [37m-->[39m [37mGET[39m [37m/wd/hub/session/ab1651d9-b5ad-43b5-bea7-b0af5e52c6f7/window/rect[39m
[35m[HTTP][39m [90m{}[39m
[35m[HTTP][39m [37m<-- GET /wd/hub/session/ab1651d9-b5ad-43b5-bea7-b0af5e52c6f7/window/rect [39m[32m200[39m [90m46 ms - 50[39m
[35m[HTTP][39m [90m[39m
[35m[HTTP][39m [37m-->[39m [37mPOST[39m [37m/wd/hub/session/ab1651d9-b5ad-43b5-bea7-b0af5e52c6f7/elements[39m
[35m[HTTP][39m [90m{"using":"-android uiautomator","value":"new UiSelector().className(\"android.widget.EditText\").text(\"Password\")"}[39m
[35m[HTTP][39m [37m<-- POST /wd/hub/session/ab1651d9-b5ad-43b5-bea7-b0af5e52c6f7/elements [39m[32m200[39m [90m396 ms - 139[39m
[35m[HTTP][39m [90m[39m
[35m[HTTP][39m [37m-->[39m [37mGET[39m [37m/wd/hub/session/ab1651d9-b5ad-43b5-bea7-b0af5e52c6f7/element/8c8c5590-4a57-43d1-b7fb-fa5220382e69/location[39m
[35m[HTTP][39m [90m{}[39m
[35m[W3C (ab1651d9)][39m Driver proxy active, passing request on via HTTP proxy
[35m[WD Proxy][39m Replacing sessionId 2fe52475-1f17-4658-a189-9dc145a322c5 with ab1651d9-b5ad-43b5-bea7-b0af5e52c6f7
[35m[HTTP][39m [37m<-- GET /wd/hub/session/ab1651d9-b5ad-43b5-bea7-b0af5e52c6f7/element/8c8c5590-4a57-43d1-b7fb-fa5220382e69/location [39m[32m200[39m [90m34 ms - 90[39m
[35m[HTTP][39m [90m[39m
[35m[HTTP][39m [37m-->[39m [37mPOST[39m [37m/wd/hub/session/ab1651d9-b5ad-43b5-bea7-b0af5e52c6f7/timeouts[39m
[35m[HTTP][39m [90m{"implicit":30000}[39m
[35m[HTTP][39m [37m<-- POST /wd/hub/session/ab1651d9-b5ad-43b5-bea7-b0af5e52c6f7/timeouts [39m[32m200[39m [90m2 ms - 14[39m
[35m[HTTP][39m [90m[39m
[35m[HTTP][39m [37m-->[39m [37mPOST[39m [37m/wd/hub/session/ab1651d9-b5ad-43b5-bea7-b0af5e52c6f7/element/8c8c5590-4a57-43d1-b7fb-fa5220382e69/clear[39m
[35m[HTTP][39m [90m{"id":"8c8c5590-4a57-43d1-b7fb-fa5220382e69"}[39m
[35m[HTTP][39m [37m<-- POST /wd/hub/session/ab1651d9-b5ad-43b5-bea7-b0af5e52c6f7/element/8c8c5590-4a57-43d1-b7fb-fa5220382e69/clear [39m[32m200[39m [90m33 ms - 27[39m
[35m[HTTP][39m [90m[39m
[35m[HTTP][39m [37m-->[39m [37mPOST[39m [37m/wd/hub/session/ab1651d9-b5ad-43b5-bea7-b0af5e52c6f7/element/8c8c5590-4a57-43d1-b7fb-fa5220382e69/value[39m
[35m[HTTP][39m [90m{"id":"8c8c5590-4a57-43d1-b7fb-fa5220382e69","text":"123456","value":["1","2","3","4","5","6"]}[39m
[35m[HTTP][39m [37m<-- POST /wd/hub/session/ab1651d9-b5ad-43b5-bea7-b0af5e52c6f7/element/8c8c5590-4a57-43d1-b7fb-fa5220382e69/value [39m[32m200[39m [90m1049 ms - 12[39m
[35m[HTTP][39m [90m[39m
[35m[HTTP][39m [37m-->[39m [37mPOST[39m [37m/wd/hub/session/ab1651d9-b5ad-43b5-bea7-b0af5e52c6f7/timeouts[39m
[35m[HTTP][39m [90m{"implicit":50}[39m
[35m[HTTP][39m [37m<-- POST /wd/hub/session/ab1651d9-b5ad-43b5-bea7-b0af5e52c6f7/timeouts [39m[32m200[39m [90m3 ms - 14[39m
[35m[HTTP][39m [90m[39m
[35m[HTTP][39m [37m-->[39m [37mGET[39m [37m/wd/hub/session/ab1651d9-b5ad-43b5-bea7-b0af5e52c6f7/window/rect[39m
[35m[HTTP][39m [90m{}[39m
[35m[HTTP][39m [37m<-- GET /wd/hub/session/ab1651d9-b5ad-43b5-bea7-b0af5e52c6f7/window/rect [39m[32m200[39m [90m35 ms - 50[39m
[35m[HTTP][39m [90m[39m
[35m[HTTP][39m [37m-->[39m [37mPOST[39m [37m/wd/hub/session/ab1651d9-b5ad-43b5-bea7-b0af5e52c6f7/elements[39m
[35m[HTTP][39m [90m{"using":"xpath","value":"//hierarchy/android.widget.FrameLayout[1]/android.widget.LinearLayout[1]/android.widget.FrameLayout[1]/android.widget.LinearLayout[1]/android.widget.FrameLayout[1]/android.widget.FrameLayout[1]/android.view.ViewGroup[1]/android.view.ViewGroup[1]/android.view.ViewGroup[1]/android.view.ViewGroup[1]/android.support.v4.widget.DrawerLayout[1]/android.view.ViewGroup[1]/android.view.ViewGroup[1]/android.view.ViewGroup[1]/android.view.ViewGroup[1]/android.view.ViewGroup[1]/android.view.ViewGroup[1]/android.widget.ScrollView[1]/android.view.ViewGroup[1]/android.view.ViewGroup[7]/android.widget.TextView[1]"}[39m
[35m[HTTP][39m [37m<-- POST /wd/hub/session/ab1651d9-b5ad-43b5-bea7-b0af5e52c6f7/elements [39m[32m200[39m [90m761 ms - 139[39m
[35m[HTTP][39m [90m[39m
[35m[HTTP][39m [37m-->[39m [37mGET[39m [37m/wd/hub/session/ab1651d9-b5ad-43b5-bea7-b0af5e52c6f7/element/b1755fd0-3eda-4bc3-baeb-f64f2cb2563b/location[39m
[35m[HTTP][39m [90m{}[39m
[35m[W3C (ab1651d9)][39m Driver proxy active, passing request on via HTTP proxy
[35m[WD Proxy][39m Replacing sessionId 2fe52475-1f17-4658-a189-9dc145a322c5 with ab1651d9-b5ad-43b5-bea7-b0af5e52c6f7
[35m[HTTP][39m [37m<-- GET /wd/hub/session/ab1651d9-b5ad-43b5-bea7-b0af5e52c6f7/element/b1755fd0-3eda-4bc3-baeb-f64f2cb2563b/location [39m[32m200[39m [90m23 ms - 90[39m
[35m[HTTP][39m [90m[39m
[35m[HTTP][39m [37m-->[39m [37mPOST[39m [37m/wd/hub/session/ab1651d9-b5ad-43b5-bea7-b0af5e52c6f7/timeouts[39m
[35m[HTTP][39m [90m{"implicit":30000}[39m
[35m[HTTP][39m [37m<-- POST /wd/hub/session/ab1651d9-b5ad-43b5-bea7-b0af5e52c6f7/timeouts [39m[32m200[39m [90m2 ms - 14[39m
[35m[HTTP][39m [90m[39m
[35m[HTTP][39m [37m-->[39m [37mPOST[39m [37m/wd/hub/session/ab1651d9-b5ad-43b5-bea7-b0af5e52c6f7/touch/perform[39m
[35m[HTTP][39m [90m{"actions":[{"action":"tap","options":{"x":1,"y":1,"element":"b1755fd0-3eda-4bc3-baeb-f64f2cb2563b"}},{"action":"release","options":{}}]}[39m
[35m[UiAutomator2][39m calling get location: b1755fd0-3eda-4bc3-baeb-f64f2cb2563b
[35m[HTTP][39m [37m<-- POST /wd/hub/session/ab1651d9-b5ad-43b5-bea7-b0af5e52c6f7/touch/perform [39m[32m200[39m [90m40 ms - 14[39m
[35m[HTTP][39m [90m[39m
[35m[HTTP][39m [37m-->[39m [37mPOST[39m [37m/wd/hub/session/ab1651d9-b5ad-43b5-bea7-b0af5e52c6f7/timeouts[39m
[35m[HTTP][39m [90m{"implicit":50}[39m
[35m[HTTP][39m [37m<-- POST /wd/hub/session/ab1651d9-b5ad-43b5-bea7-b0af5e52c6f7/timeouts [39m[32m200[39m [90m2 ms - 14[39m
[35m[HTTP][39m [90m[39m
[35m[HTTP][39m [37m-->[39m [37mGET[39m [37m/wd/hub/session/ab1651d9-b5ad-43b5-bea7-b0af5e52c6f7/window/rect[39m
[35m[HTTP][39m [90m{}[39m
[35m[HTTP][39m [37m<-- GET /wd/hub/session/ab1651d9-b5ad-43b5-bea7-b0af5e52c6f7/window/rect [39m[32m200[39m [90m20 ms - 50[39m
[35m[HTTP][39m [90m[39m
[35m[HTTP][39m [37m-->[39m [37mPOST[39m [37m/wd/hub/session/ab1651d9-b5ad-43b5-bea7-b0af5e52c6f7/elements[39m
[35m[HTTP][39m [90m{"using":"-android uiautomator","value":"new UiSelector().className(\"android.widget.TextView\").text(\"Bannerghatta Main Road, BTM Layout, 2nd Stage, 2nd Main Road, No 18, First Floor, Bengaluru, Karnataka 560076, India\")"}[39m
[35m[HTTP][39m [37m<-- POST /wd/hub/session/ab1651d9-b5ad-43b5-bea7-b0af5e52c6f7/elements [39m[32m200[39m [90m828 ms - 12[39m
[35m[HTTP][39m [90m[39m
[35m[HTTP][39m [37m-->[39m [37mPOST[39m [37m/wd/hub/session/ab1651d9-b5ad-43b5-bea7-b0af5e52c6f7/elements[39m
[35m[HTTP][39m [90m{"using":"-android uiautomator","value":"new UiSelector().className(\"android.widget.TextView\").text(\"Bannerghatta Main Road, BTM Layout, 2nd Stage, 2nd Main Road, No 18, First Floor, Bengaluru, Karnataka 560076, India\")"}[39m
[35m[HTTP][39m [37m<-- POST /wd/hub/session/ab1651d9-b5ad-43b5-bea7-b0af5e52c6f7/elements [39m[32m200[39m [90m362 ms - 12[39m
[35m[HTTP][39m [90m[39m
[35m[HTTP][39m [37m-->[39m [37mPOST[39m [37m/wd/hub/session/ab1651d9-b5ad-43b5-bea7-b0af5e52c6f7/elements[39m
[35m[HTTP][39m [90m{"using":"-android uiautomator","value":"new UiSelector().className(\"android.widget.TextView\").text(\"Bannerghatta Main Road, BTM Layout, 2nd Stage, 2nd Main Road, No 18, First Floor, Bengaluru, Karnataka 560076, India\")"}[39m
[35m[HTTP][39m [37m<-- POST /wd/hub/session/ab1651d9-b5ad-43b5-bea7-b0af5e52c6f7/elements [39m[32m200[39m [90m148 ms - 12[39m
[35m[HTTP][39m [90m[39m
[35m[HTTP][39m [37m-->[39m [37mPOST[39m [37m/wd/hub/session/ab1651d9-b5ad-43b5-bea7-b0af5e52c6f7/elements[39m
[35m[HTTP][39m [90m{"using":"-android uiautomator","value":"new UiSelector().className(\"android.widget.TextView\").text(\"Bannerghatta Main Road, BTM Layout, 2nd Stage, 2nd Main Road, No 18, First Floor, Bengaluru, Karnataka 560076, India\")"}[39m
[35m[HTTP][39m [37m<-- POST /wd/hub/session/ab1651d9-b5ad-43b5-bea7-b0af5e52c6f7/elements [39m[32m200[39m [90m238 ms - 12[39m
[35m[HTTP][39m [90m[39m
[35m[HTTP][39m [37m-->[39m [37mPOST[39m [37m/wd/hub/session/ab1651d9-b5ad-43b5-bea7-b0af5e52c6f7/elements[39m
[35m[HTTP][39m [90m{"using":"-android uiautomator","value":"new UiSelector().className(\"android.widget.TextView\").text(\"Bannerghatta Main Road, BTM Layout, 2nd Stage, 2nd Main Road, No 18, First Floor, Bengaluru, Karnataka 560076, India\")"}[39m
[35m[HTTP][39m [37m<-- POST /wd/hub/session/ab1651d9-b5ad-43b5-bea7-b0af5e52c6f7/elements [39m[32m200[39m [90m363 ms - 12[39m
[35m[HTTP][39m [90m[39m
[35m[HTTP][39m [37m-->[39m [37mPOST[39m [37m/wd/hub/session/ab1651d9-b5ad-43b5-bea7-b0af5e52c6f7/elements[39m
[35m[HTTP][39m [90m{"using":"-android uiautomator","value":"new UiSelector().className(\"android.widget.TextView\").text(\"Bannerghatta Main Road, BTM Layout, 2nd Stage, 2nd Main Road, No 18, First Floor, Bengaluru, Karnataka 560076, India\")"}[39m
[35m[HTTP][39m [37m<-- POST /wd/hub/session/ab1651d9-b5ad-43b5-bea7-b0af5e52c6f7/elements [39m[32m200[39m [90m118 ms - 12[39m
[35m[HTTP][39m [90m[39m
[35m[HTTP][39m [37m-->[39m [37mPOST[39m [37m/wd/hub/session/ab1651d9-b5ad-43b5-bea7-b0af5e52c6f7/elements[39m
[35m[HTTP][39m [90m{"using":"-android uiautomator","value":"new UiSelector().className(\"android.widget.TextView\").text(\"Bannerghatta Main Road, BTM Layout, 2nd Stage, 2nd Main Road, No 18, First Floor, Bengaluru, Karnataka 560076, India\")"}[39m
[35m[HTTP][39m [37m<-- POST /wd/hub/session/ab1651d9-b5ad-43b5-bea7-b0af5e52c6f7/elements [39m[32m200[39m [90m81 ms - 12[39m
[35m[HTTP][39m [90m[39m
[35m[HTTP][39m [37m-->[39m [37mPOST[39m [37m/wd/hub/session/ab1651d9-b5ad-43b5-bea7-b0af5e52c6f7/elements[39m
[35m[HTTP][39m [90m{"using":"-android uiautomator","value":"new UiSelector().className(\"android.widget.TextView\").text(\"Bannerghatta Main Road, BTM Layout, 2nd Stage, 2nd Main Road, No 18, First Floor, Bengaluru, Karnataka 560076, India\")"}[39m
[35m[HTTP][39m [37m<-- POST /wd/hub/session/ab1651d9-b5ad-43b5-bea7-b0af5e52c6f7/elements [39m[32m200[39m [90m96 ms - 12[39m
[35m[HTTP][39m [90m[39m
[35m[HTTP][39m [37m-->[39m [37mPOST[39m [37m/wd/hub/session/ab1651d9-b5ad-43b5-bea7-b0af5e52c6f7/elements[39m
[35m[HTTP][39m [90m{"using":"-android uiautomator","value":"new UiSelector().className(\"android.widget.TextView\").text(\"Bannerghatta Main Road, BTM Layout, 2nd Stage, 2nd Main Road, No 18, First Floor, Bengaluru, Karnataka 560076, India\")"}[39m
[35m[HTTP][39m [37m<-- POST /wd/hub/session/ab1651d9-b5ad-43b5-bea7-b0af5e52c6f7/elements [39m[32m200[39m [90m139 ms - 12[39m
[35m[HTTP][39m [90m[39m
[35m[HTTP][39m [37m-->[39m [37mPOST[39m [37m/wd/hub/session/ab1651d9-b5ad-43b5-bea7-b0af5e52c6f7/elements[39m
[35m[HTTP][39m [90m{"using":"-android uiautomator","value":"new UiSelector().className(\"android.widget.TextView\").text(\"Bannerghatta Main Road, BTM Layout, 2nd Stage, 2nd Main Road, No 18, First Floor, Bengaluru, Karnataka 560076, India\")"}[39m
[35m[HTTP][39m [37m<-- POST /wd/hub/session/ab1651d9-b5ad-43b5-bea7-b0af5e52c6f7/elements [39m[32m200[39m [90m250 ms - 12[39m
[35m[HTTP][39m [90m[39m
[35m[HTTP][39m [37m-->[39m [37mPOST[39m [37m/wd/hub/session/ab1651d9-b5ad-43b5-bea7-b0af5e52c6f7/elements[39m
[35m[HTTP][39m [90m{"using":"-android uiautomator","value":"new UiSelector().className(\"android.widget.TextView\").text(\"Bannerghatta Main Road, BTM Layout, 2nd Stage, 2nd Main Road, No 18, First Floor, Bengaluru, Karnataka 560076, India\")"}[39m
[35m[HTTP][39m [37m<-- POST /wd/hub/session/ab1651d9-b5ad-43b5-bea7-b0af5e52c6f7/elements [39m[32m200[39m [90m234 ms - 12[39m
[35m[HTTP][39m [90m[39m
[35m[HTTP][39m [37m-->[39m [37mPOST[39m [37m/wd/hub/session/ab1651d9-b5ad-43b5-bea7-b0af5e52c6f7/elements[39m
[35m[HTTP][39m [90m{"using":"-android uiautomator","value":"new UiSelector().className(\"android.widget.TextView\").text(\"Bannerghatta Main Road, BTM Layout, 2nd Stage, 2nd Main Road, No 18, First Floor, Bengaluru, Karnataka 560076, India\")"}[39m
[35m[HTTP][39m [37m<-- POST /wd/hub/session/ab1651d9-b5ad-43b5-bea7-b0af5e52c6f7/elements [39m[32m200[39m [90m121 ms - 12[39m
[35m[HTTP][39m [90m[39m
[35m[HTTP][39m [37m-->[39m [37mPOST[39m [37m/wd/hub/session/ab1651d9-b5ad-43b5-bea7-b0af5e52c6f7/elements[39m
[35m[HTTP][39m [90m{"using":"-android uiautomator","value":"new UiSelector().className(\"android.widget.TextView\").text(\"Bannerghatta Main Road, BTM Layout, 2nd Stage, 2nd Main Road, No 18, First Floor, Bengaluru, Karnataka 560076, India\")"}[39m
[35m[HTTP][39m [37m<-- POST /wd/hub/session/ab1651d9-b5ad-43b5-bea7-b0af5e52c6f7/elements [39m[32m200[39m [90m113 ms - 12[39m
[35m[HTTP][39m [90m[39m
[35m[HTTP][39m [37m-->[39m [37mPOST[39m [37m/wd/hub/session/ab1651d9-b5ad-43b5-bea7-b0af5e52c6f7/elements[39m
[35m[HTTP][39m [90m{"using":"-android uiautomator","value":"new UiSelector().className(\"android.widget.TextView\").text(\"Bannerghatta Main Road, BTM Layout, 2nd Stage, 2nd Main Road, No 18, First Floor, Bengaluru, Karnataka 560076, India\")"}[39m
[35m[HTTP][39m [37m<-- POST /wd/hub/session/ab1651d9-b5ad-43b5-bea7-b0af5e52c6f7/elements [39m[32m200[39m [90m143 ms - 12[39m
[35m[HTTP][39m [90m[39m
[35m[HTTP][39m [37m-->[39m [37mPOST[39m [37m/wd/hub/session/ab1651d9-b5ad-43b5-bea7-b0af5e52c6f7/elements[39m
[35m[HTTP][39m [90m{"using":"-android uiautomator","value":"new UiSelector().className(\"android.widget.TextView\").text(\"Bannerghatta Main Road, BTM Layout, 2nd Stage, 2nd Main Road, No 18, First Floor, Bengaluru, Karnataka 560076, India\")"}[39m
[35m[HTTP][39m [37m<-- POST /wd/hub/session/ab1651d9-b5ad-43b5-bea7-b0af5e52c6f7/elements [39m[32m200[39m [90m126 ms - 12[39m
[35m[HTTP][39m [90m[39m
[35m[HTTP][39m [37m-->[39m [37mPOST[39m [37m/wd/hub/session/ab1651d9-b5ad-43b5-bea7-b0af5e52c6f7/elements[39m
[35m[HTTP][39m [90m{"using":"-android uiautomator","value":"new UiSelector().className(\"android.widget.TextView\").text(\"Bannerghatta Main Road, BTM Layout, 2nd Stage, 2nd Main Road, No 18, First Floor, Bengaluru, Karnataka 560076, India\")"}[39m
[35m[HTTP][39m [37m<-- POST /wd/hub/session/ab1651d9-b5ad-43b5-bea7-b0af5e52c6f7/elements [39m[32m200[39m [90m117 ms - 12[39m
[35m[HTTP][39m [90m[39m
[35m[HTTP][39m [37m-->[39m [37mPOST[39m [37m/wd/hub/session/ab1651d9-b5ad-43b5-bea7-b0af5e52c6f7/elements[39m
[35m[HTTP][39m [90m{"using":"-android uiautomator","value":"new UiSelector().className(\"android.widget.TextView\").text(\"Bannerghatta Main Road, BTM Layout, 2nd Stage, 2nd Main Road, No 18, First Floor, Bengaluru, Karnataka 560076, India\")"}[39m
[35m[HTTP][39m [37m<-- POST /wd/hub/session/ab1651d9-b5ad-43b5-bea7-b0af5e52c6f7/elements [39m[32m200[39m [90m97 ms - 12[39m
[35m[HTTP][39m [90m[39m
[35m[HTTP][39m [37m-->[39m [37mPOST[39m [37m/wd/hub/session/ab1651d9-b5ad-43b5-bea7-b0af5e52c6f7/elements[39m
[35m[HTTP][39m [90m{"using":"-android uiautomator","value":"new UiSelector().className(\"android.widget.TextView\").text(\"Bannerghatta Main Road, BTM Layout, 2nd Stage, 2nd Main Road, No 18, First Floor, Bengaluru, Karnataka 560076, India\")"}[39m
[35m[HTTP][39m [37m<-- POST /wd/hub/session/ab1651d9-b5ad-43b5-bea7-b0af5e52c6f7/elements [39m[32m200[39m [90m173 ms - 12[39m
[35m[HTTP][39m [90m[39m
[35m[HTTP][39m [37m-->[39m [37mPOST[39m [37m/wd/hub/session/ab1651d9-b5ad-43b5-bea7-b0af5e52c6f7/elements[39m
[35m[HTTP][39m [90m{"using":"-android uiautomator","value":"new UiSelector().className(\"android.widget.TextView\").text(\"Bannerghatta Main Road, BTM Layout, 2nd Stage, 2nd Main Road, No 18, First Floor, Bengaluru, Karnataka 560076, India\")"}[39m
[35m[HTTP][39m [37m<-- POST /wd/hub/session/ab1651d9-b5ad-43b5-bea7-b0af5e52c6f7/elements [39m[32m200[39m [90m118 ms - 12[39m
[35m[HTTP][39m [90m[39m
[35m[HTTP][39m [37m-->[39m [37mPOST[39m [37m/wd/hub/session/ab1651d9-b5ad-43b5-bea7-b0af5e52c6f7/elements[39m
[35m[HTTP][39m [90m{"using":"-android uiautomator","value":"new UiSelector().className(\"android.widget.TextView\").text(\"Bannerghatta Main Road, BTM Layout, 2nd Stage, 2nd Main Road, No 18, First Floor, Bengaluru, Karnataka 560076, India\")"}[39m
[35m[HTTP][39m [37m<-- POST /wd/hub/session/ab1651d9-b5ad-43b5-bea7-b0af5e52c6f7/elements [39m[32m200[39m [90m115 ms - 12[39m
[35m[HTTP][39m [90m[39m
[35m[HTTP][39m [37m-->[39m [37mPOST[39m [37m/wd/hub/session/ab1651d9-b5ad-43b5-bea7-b0af5e52c6f7/elements[39m
[35m[HTTP][39m [90m{"using":"-android uiautomator","value":"new UiSelector().className(\"android.widget.TextView\").text(\"Bannerghatta Main Road, BTM Layout, 2nd Stage, 2nd Main Road, No 18, First Floor, Bengaluru, Karnataka 560076, India\")"}[39m
[35m[HTTP][39m [37m<-- POST /wd/hub/session/ab1651d9-b5ad-43b5-bea7-b0af5e52c6f7/elements [39m[32m200[39m [90m285 ms - 12[39m
[35m[HTTP][39m [90m[39m
[35m[HTTP][39m [37m-->[39m [37mPOST[39m [37m/wd/hub/session/ab1651d9-b5ad-43b5-bea7-b0af5e52c6f7/elements[39m
[35m[HTTP][39m [90m{"using":"-android uiautomator","value":"new UiSelector().className(\"android.widget.TextView\").text(\"Bannerghatta Main Road, BTM Layout, 2nd Stage, 2nd Main Road, No 18, First Floor, Bengaluru, Karnataka 560076, India\")"}[39m
[35m[HTTP][39m [37m<-- POST /wd/hub/session/ab1651d9-b5ad-43b5-bea7-b0af5e52c6f7/elements [39m[32m200[39m [90m87 ms - 12[39m
[35m[HTTP][39m [90m[39m
[35m[HTTP][39m [37m-->[39m [37mPOST[39m [37m/wd/hub/session/ab1651d9-b5ad-43b5-bea7-b0af5e52c6f7/elements[39m
[35m[HTTP][39m [90m{"using":"-android uiautomator","value":"new UiSelector().className(\"android.widget.TextView\").text(\"Bannerghatta Main Road, BTM Layout, 2nd Stage, 2nd Main Road, No 18, First Floor, Bengaluru, Karnataka 560076, India\")"}[39m
[35m[HTTP][39m [37m<-- POST /wd/hub/session/ab1651d9-b5ad-43b5-bea7-b0af5e52c6f7/elements [39m[32m200[39m [90m112 ms - 12[39m
[35m[HTTP][39m [90m[39m
[35m[HTTP][39m [37m-->[39m [37mPOST[39m [37m/wd/hub/session/ab1651d9-b5ad-43b5-bea7-b0af5e52c6f7/elements[39m
[35m[HTTP][39m [90m{"using":"-android uiautomator","value":"new UiSelector().className(\"android.widget.TextView\").text(\"Bannerghatta Main Road, BTM Layout, 2nd Stage, 2nd Main Road, No 18, First Floor, Bengaluru, Karnataka 560076, India\")"}[39m
[35m[HTTP][39m [37m<-- POST /wd/hub/session/ab1651d9-b5ad-43b5-bea7-b0af5e52c6f7/elements [39m[32m200[39m [90m2567 ms - 139[39m
[35m[HTTP][39m [90m[39m
[35m[HTTP][39m [37m-->[39m [37mGET[39m [37m/wd/hub/session/ab1651d9-b5ad-43b5-bea7-b0af5e52c6f7/element/9a4115d1-6cd3-476d-b6dd-e075ebb25df8/location[39m
[35m[HTTP][39m [90m{}[39m
[35m[W3C (ab1651d9)][39m Driver proxy active, passing request on via HTTP proxy
[35m[WD Proxy][39m Replacing sessionId 2fe52475-1f17-4658-a189-9dc145a322c5 with ab1651d9-b5ad-43b5-bea7-b0af5e52c6f7
[35m[HTTP][39m [37m<-- GET /wd/hub/session/ab1651d9-b5ad-43b5-bea7-b0af5e52c6f7/element/9a4115d1-6cd3-476d-b6dd-e075ebb25df8/location [39m[32m200[39m [90m56 ms - 89[39m
[35m[HTTP][39m [90m[39m
[35m[HTTP][39m [37m-->[39m [37mPOST[39m [37m/wd/hub/session/ab1651d9-b5ad-43b5-bea7-b0af5e52c6f7/timeouts[39m
[35m[HTTP][39m [90m{"implicit":30000}[39m
[35m[HTTP][39m [37m<-- POST /wd/hub/session/ab1651d9-b5ad-43b5-bea7-b0af5e52c6f7/timeouts [39m[32m200[39m [90m2 ms - 14[39m
[35m[HTTP][39m [90m[39m
[35m[HTTP][39m [37m-->[39m [37mPOST[39m [37m/wd/hub/session/ab1651d9-b5ad-43b5-bea7-b0af5e52c6f7/touch/perform[39m
[35m[HTTP][39m [90m{"actions":[{"action":"tap","options":{"x":1,"y":1,"element":"9a4115d1-6cd3-476d-b6dd-e075ebb25df8"}},{"action":"release","options":{}}]}[39m
[35m[UiAutomator2][39m calling get location: 9a4115d1-6cd3-476d-b6dd-e075ebb25df8
[35m[HTTP][39m [37m<-- POST /wd/hub/session/ab1651d9-b5ad-43b5-bea7-b0af5e52c6f7/touch/perform [39m[32m200[39m [90m2442 ms - 14[39m
[35m[HTTP][39m [90m[39m
[35m[HTTP][39m [37m-->[39m [37mPOST[39m [37m/wd/hub/session/ab1651d9-b5ad-43b5-bea7-b0af5e52c6f7/timeouts[39m
[35m[HTTP][39m [90m{"implicit":50}[39m
[35m[HTTP][39m [37m<-- POST /wd/hub/session/ab1651d9-b5ad-43b5-bea7-b0af5e52c6f7/timeouts [39m[32m200[39m [90m3 ms - 14[39m
[35m[HTTP][39m [90m[39m
[35m[HTTP][39m [37m-->[39m [37mGET[39m [37m/wd/hub/session/ab1651d9-b5ad-43b5-bea7-b0af5e52c6f7/window/rect[39m
[35m[HTTP][39m [90m{}[39m
[35m[HTTP][39m [37m<-- GET /wd/hub/session/ab1651d9-b5ad-43b5-bea7-b0af5e52c6f7/window/rect [39m[32m200[39m [90m133 ms - 50[39m
[35m[HTTP][39m [90m[39m
[35m[HTTP][39m [37m-->[39m [37mPOST[39m [37m/wd/hub/session/ab1651d9-b5ad-43b5-bea7-b0af5e52c6f7/elements[39m
[35m[HTTP][39m [90m{"using":"-android uiautomator","value":"new UiSelector().className(\"android.widget.EditText\").text(\"Search for locality or place\")"}[39m
[35m[HTTP][39m [37m<-- POST /wd/hub/session/ab1651d9-b5ad-43b5-bea7-b0af5e52c6f7/elements [39m[32m200[39m [90m161 ms - 139[39m
[35m[HTTP][39m [90m[39m
[35m[HTTP][39m [37m-->[39m [37mGET[39m [37m/wd/hub/session/ab1651d9-b5ad-43b5-bea7-b0af5e52c6f7/element/a88a2448-6aa8-4184-ae31-3be6dd629b1b/location[39m
[35m[HTTP][39m [90m{}[39m
[35m[W3C (ab1651d9)][39m Driver proxy active, passing request on via HTTP proxy
[35m[WD Proxy][39m Replacing sessionId 2fe52475-1f17-4658-a189-9dc145a322c5 with ab1651d9-b5ad-43b5-bea7-b0af5e52c6f7
[35m[HTTP][39m [37m<-- GET /wd/hub/session/ab1651d9-b5ad-43b5-bea7-b0af5e52c6f7/element/a88a2448-6aa8-4184-ae31-3be6dd629b1b/location [39m[32m200[39m [90m103 ms - 88[39m
[35m[HTTP][39m [90m[39m
[35m[HTTP][39m [37m-->[39m [37mPOST[39m [37m/wd/hub/session/ab1651d9-b5ad-43b5-bea7-b0af5e52c6f7/timeouts[39m
[35m[HTTP][39m [90m{"implicit":30000}[39m
[35m[HTTP][39m [37m<-- POST /wd/hub/session/ab1651d9-b5ad-43b5-bea7-b0af5e52c6f7/timeouts [39m[32m200[39m [90m2 ms - 14[39m
[35m[HTTP][39m [90m[39m
[35m[HTTP][39m [37m-->[39m [37mPOST[39m [37m/wd/hub/session/ab1651d9-b5ad-43b5-bea7-b0af5e52c6f7/element/a88a2448-6aa8-4184-ae31-3be6dd629b1b/clear[39m
[35m[HTTP][39m [90m{"id":"a88a2448-6aa8-4184-ae31-3be6dd629b1b"}[39m
[35m[HTTP][39m [37m<-- POST /wd/hub/session/ab1651d9-b5ad-43b5-bea7-b0af5e52c6f7/element/a88a2448-6aa8-4184-ae31-3be6dd629b1b/clear [39m[32m200[39m [90m83 ms - 27[39m
[35m[HTTP][39m [90m[39m
[35m[HTTP][39m [37m-->[39m [37mPOST[39m [37m/wd/hub/session/ab1651d9-b5ad-43b5-bea7-b0af5e52c6f7/element/a88a2448-6aa8-4184-ae31-3be6dd629b1b/value[39m
[35m[HTTP][39m [90m{"id":"a88a2448-6aa8-4184-ae31-3be6dd629b1b","text":"geekyants","value":["g","e","e","k","y","a","n","t","s"]}[39m
[35m[HTTP][39m [37m<-- POST /wd/hub/session/ab1651d9-b5ad-43b5-bea7-b0af5e52c6f7/element/a88a2448-6aa8-4184-ae31-3be6dd629b1b/value [39m[32m200[39m [90m1323 ms - 12[39m
[35m[HTTP][39m [90m[39m
[35m[HTTP][39m [37m-->[39m [37mPOST[39m [37m/wd/hub/session/ab1651d9-b5ad-43b5-bea7-b0af5e52c6f7/timeouts[39m
[35m[HTTP][39m [90m{"implicit":50}[39m
[35m[HTTP][39m [37m<-- POST /wd/hub/session/ab1651d9-b5ad-43b5-bea7-b0af5e52c6f7/timeouts [39m[32m200[39m [90m2 ms - 14[39m
[35m[HTTP][39m [90m[39m
[35m[HTTP][39m [37m-->[39m [37mGET[39m [37m/wd/hub/session/ab1651d9-b5ad-43b5-bea7-b0af5e52c6f7/window/rect[39m
[35m[HTTP][39m [90m{}[39m
[35m[HTTP][39m [37m<-- GET /wd/hub/session/ab1651d9-b5ad-43b5-bea7-b0af5e52c6f7/window/rect [39m[32m200[39m [90m145 ms - 50[39m
[35m[HTTP][39m [90m[39m
[35m[HTTP][39m [37m-->[39m [37mPOST[39m [37m/wd/hub/session/ab1651d9-b5ad-43b5-bea7-b0af5e52c6f7/elements[39m
[35m[HTTP][39m [90m{"using":"-android uiautomator","value":"new UiSelector().className(\"android.widget.TextView\").text(\"GeekyAnts Software Pvt Ltd, Industrial Area, Stage 2, BTM 2nd Stage, Bengaluru, Karnataka, India\")"}[39m
[35m[HTTP][39m [37m<-- POST /wd/hub/session/ab1651d9-b5ad-43b5-bea7-b0af5e52c6f7/elements [39m[32m200[39m [90m193 ms - 12[39m
[35m[HTTP][39m [90m[39m
[35m[HTTP][39m [37m-->[39m [37mPOST[39m [37m/wd/hub/session/ab1651d9-b5ad-43b5-bea7-b0af5e52c6f7/elements[39m
[35m[HTTP][39m [90m{"using":"-android uiautomator","value":"new UiSelector().className(\"android.widget.TextView\").text(\"GeekyAnts Software Pvt Ltd, Industrial Area, Stage 2, BTM 2nd Stage, Bengaluru, Karnataka, India\")"}[39m
[35m[HTTP][39m [37m<-- POST /wd/hub/session/ab1651d9-b5ad-43b5-bea7-b0af5e52c6f7/elements [39m[32m200[39m [90m126 ms - 12[39m
[35m[HTTP][39m [90m[39m
[35m[HTTP][39m [37m-->[39m [37mPOST[39m [37m/wd/hub/session/ab1651d9-b5ad-43b5-bea7-b0af5e52c6f7/elements[39m
[35m[HTTP][39m [90m{"using":"-android uiautomator","value":"new UiSelector().className(\"android.widget.TextView\").text(\"GeekyAnts Software Pvt Ltd, Industrial Area, Stage 2, BTM 2nd Stage, Bengaluru, Karnataka, India\")"}[39m
[35m[HTTP][39m [37m<-- POST /wd/hub/session/ab1651d9-b5ad-43b5-bea7-b0af5e52c6f7/elements [39m[32m200[39m [90m306 ms - 139[39m
[35m[HTTP][39m [90m[39m
[35m[HTTP][39m [37m-->[39m [37mGET[39m [37m/wd/hub/session/ab1651d9-b5ad-43b5-bea7-b0af5e52c6f7/element/5f37f326-de70-485f-969c-2899d4d0e255/location[39m
[35m[HTTP][39m [90m{}[39m
[35m[W3C (ab1651d9)][39m Driver proxy active, passing request on via HTTP proxy
[35m[WD Proxy][39m Replacing sessionId 2fe52475-1f17-4658-a189-9dc145a322c5 with ab1651d9-b5ad-43b5-bea7-b0af5e52c6f7
[35m[HTTP][39m [37m<-- GET /wd/hub/session/ab1651d9-b5ad-43b5-bea7-b0af5e52c6f7/element/5f37f326-de70-485f-969c-2899d4d0e255/location [39m[32m200[39m [90m70 ms - 89[39m
[35m[HTTP][39m [90m[39m
[35m[HTTP][39m [37m-->[39m [37mPOST[39m [37m/wd/hub/session/ab1651d9-b5ad-43b5-bea7-b0af5e52c6f7/timeouts[39m
[35m[HTTP][39m [90m{"implicit":30000}[39m
[35m[HTTP][39m [37m<-- POST /wd/hub/session/ab1651d9-b5ad-43b5-bea7-b0af5e52c6f7/timeouts [39m[32m200[39m [90m2 ms - 14[39m
[35m[HTTP][39m [90m[39m
[35m[HTTP][39m [37m-->[39m [37mPOST[39m [37m/wd/hub/session/ab1651d9-b5ad-43b5-bea7-b0af5e52c6f7/touch/perform[39m
[35m[HTTP][39m [90m{"actions":[{"action":"tap","options":{"x":1,"y":1,"element":"5f37f326-de70-485f-969c-2899d4d0e255"}},{"action":"release","options":{}}]}[39m
[35m[UiAutomator2][39m calling get location: 5f37f326-de70-485f-969c-2899d4d0e255
[35m[HTTP][39m [37m<-- POST /wd/hub/session/ab1651d9-b5ad-43b5-bea7-b0af5e52c6f7/touch/perform [39m[32m200[39m [90m1761 ms - 14[39m
[35m[HTTP][39m [90m[39m
[35m[HTTP][39m [37m-->[39m [37mPOST[39m [37m/wd/hub/session/ab1651d9-b5ad-43b5-bea7-b0af5e52c6f7/timeouts[39m
[35m[HTTP][39m [90m{"implicit":50}[39m
[35m[HTTP][39m [37m<-- POST /wd/hub/session/ab1651d9-b5ad-43b5-bea7-b0af5e52c6f7/timeouts [39m[32m200[39m [90m2 ms - 14[39m
[35m[HTTP][39m [90m[39m
[35m[HTTP][39m [37m-->[39m [37mGET[39m [37m/wd/hub/session/ab1651d9-b5ad-43b5-bea7-b0af5e52c6f7/window/rect[39m
[35m[HTTP][39m [90m{}[39m
[35m[HTTP][39m [37m<-- GET /wd/hub/session/ab1651d9-b5ad-43b5-bea7-b0af5e52c6f7/window/rect [39m[32m200[39m [90m83 ms - 50[39m
[35m[HTTP][39m [90m[39m
[35m[HTTP][39m [37m-->[39m [37mPOST[39m [37m/wd/hub/session/ab1651d9-b5ad-43b5-bea7-b0af5e52c6f7/elements[39m
[35m[HTTP][39m [90m{"using":"-android uiautomator","value":"new UiSelector().className(\"android.widget.TextView\").text(\"Enter Drop Location\")"}[39m
[35m[HTTP][39m [37m<-- POST /wd/hub/session/ab1651d9-b5ad-43b5-bea7-b0af5e52c6f7/elements [39m[32m200[39m [90m125 ms - 139[39m
[35m[HTTP][39m [90m[39m
[35m[HTTP][39m [37m-->[39m [37mGET[39m [37m/wd/hub/session/ab1651d9-b5ad-43b5-bea7-b0af5e52c6f7/element/d45c4da3-14ad-4f17-90a6-a1abeb29dfd2/location[39m
[35m[HTTP][39m [90m{}[39m
[35m[W3C (ab1651d9)][39m Driver proxy active, passing request on via HTTP proxy
[35m[WD Proxy][39m Replacing sessionId 2fe52475-1f17-4658-a189-9dc145a322c5 with ab1651d9-b5ad-43b5-bea7-b0af5e52c6f7
[35m[HTTP][39m [37m<-- GET /wd/hub/session/ab1651d9-b5ad-43b5-bea7-b0af5e52c6f7/element/d45c4da3-14ad-4f17-90a6-a1abeb29dfd2/location [39m[32m200[39m [90m80 ms - 89[39m
[35m[HTTP][39m [90m[39m
[35m[HTTP][39m [37m-->[39m [37mPOST[39m [37m/wd/hub/session/ab1651d9-b5ad-43b5-bea7-b0af5e52c6f7/timeouts[39m
[35m[HTTP][39m [90m{"implicit":30000}[39m
[35m[HTTP][39m [37m<-- POST /wd/hub/session/ab1651d9-b5ad-43b5-bea7-b0af5e52c6f7/timeouts [39m[32m200[39m [90m2 ms - 14[39m
[35m[HTTP][39m [90m[39m
[35m[HTTP][39m [37m-->[39m [37mPOST[39m [37m/wd/hub/session/ab1651d9-b5ad-43b5-bea7-b0af5e52c6f7/touch/perform[39m
[35m[HTTP][39m [90m{"actions":[{"action":"tap","options":{"x":1,"y":1,"element":"d45c4da3-14ad-4f17-90a6-a1abeb29dfd2"}},{"action":"release","options":{}}]}[39m
[35m[UiAutomator2][39m calling get location: d45c4da3-14ad-4f17-90a6-a1abeb29dfd2
[35m[HTTP][39m [37m<-- POST /wd/hub/session/ab1651d9-b5ad-43b5-bea7-b0af5e52c6f7/touch/perform [39m[32m200[39m [90m1983 ms - 14[39m
[35m[HTTP][39m [90m[39m
[35m[HTTP][39m [37m-->[39m [37mPOST[39m [37m/wd/hub/session/ab1651d9-b5ad-43b5-bea7-b0af5e52c6f7/timeouts[39m
[35m[HTTP][39m [90m{"implicit":50}[39m
[35m[HTTP][39m [37m<-- POST /wd/hub/session/ab1651d9-b5ad-43b5-bea7-b0af5e52c6f7/timeouts [39m[32m200[39m [90m2 ms - 14[39m
[35m[HTTP][39m [90m[39m
[35m[HTTP][39m [37m-->[39m [37mGET[39m [37m/wd/hub/session/ab1651d9-b5ad-43b5-bea7-b0af5e52c6f7/window/rect[39m
[35m[HTTP][39m [90m{}[39m
[35m[HTTP][39m [37m<-- GET /wd/hub/session/ab1651d9-b5ad-43b5-bea7-b0af5e52c6f7/window/rect [39m[32m200[39m [90m79 ms - 50[39m
[35m[HTTP][39m [90m[39m
[35m[HTTP][39m [37m-->[39m [37mPOST[39m [37m/wd/hub/session/ab1651d9-b5ad-43b5-bea7-b0af5e52c6f7/elements[39m
[35m[HTTP][39m [90m{"using":"-android uiautomator","value":"new UiSelector().className(\"android.widget.EditText\").text(\"Search for locality or place\")"}[39m
[35m[HTTP][39m [37m<-- POST /wd/hub/session/ab1651d9-b5ad-43b5-bea7-b0af5e52c6f7/elements [39m[32m200[39m [90m111 ms - 139[39m
[35m[HTTP][39m [90m[39m
[35m[HTTP][39m [37m-->[39m [37mGET[39m [37m/wd/hub/session/ab1651d9-b5ad-43b5-bea7-b0af5e52c6f7/element/6ca714d0-5880-4d2f-b39c-c31babc99ac7/location[39m
[35m[HTTP][39m [90m{}[39m
[35m[W3C (ab1651d9)][39m Driver proxy active, passing request on via HTTP proxy
[35m[WD Proxy][39m Replacing sessionId 2fe52475-1f17-4658-a189-9dc145a322c5 with ab1651d9-b5ad-43b5-bea7-b0af5e52c6f7
[35m[HTTP][39m [37m<-- GET /wd/hub/session/ab1651d9-b5ad-43b5-bea7-b0af5e52c6f7/element/6ca714d0-5880-4d2f-b39c-c31babc99ac7/location [39m[32m200[39m [90m58 ms - 88[39m
[35m[HTTP][39m [90m[39m
[35m[HTTP][39m [37m-->[39m [37mPOST[39m [37m/wd/hub/session/ab1651d9-b5ad-43b5-bea7-b0af5e52c6f7/timeouts[39m
[35m[HTTP][39m [90m{"implicit":30000}[39m
[35m[HTTP][39m [37m<-- POST /wd/hub/session/ab1651d9-b5ad-43b5-bea7-b0af5e52c6f7/timeouts [39m[32m200[39m [90m2 ms - 14[39m
[35m[HTTP][39m [90m[39m
[35m[HTTP][39m [37m-->[39m [37mPOST[39m [37m/wd/hub/session/ab1651d9-b5ad-43b5-bea7-b0af5e52c6f7/element/6ca714d0-5880-4d2f-b39c-c31babc99ac7/clear[39m
[35m[HTTP][39m [90m{"id":"6ca714d0-5880-4d2f-b39c-c31babc99ac7"}[39m
[35m[HTTP][39m [37m<-- POST /wd/hub/session/ab1651d9-b5ad-43b5-bea7-b0af5e52c6f7/element/6ca714d0-5880-4d2f-b39c-c31babc99ac7/clear [39m[32m200[39m [90m118 ms - 27[39m
[35m[HTTP][39m [90m[39m
[35m[HTTP][39m [37m-->[39m [37mPOST[39m [37m/wd/hub/session/ab1651d9-b5ad-43b5-bea7-b0af5e52c6f7/element/6ca714d0-5880-4d2f-b39c-c31babc99ac7/value[39m
[35m[HTTP][39m [90m{"id":"6ca714d0-5880-4d2f-b39c-c31babc99ac7","text":"silk board","value":["s","i","l","k"," ","b","o","a","r","d"]}[39m
[35m[HTTP][39m [37m<-- POST /wd/hub/session/ab1651d9-b5ad-43b5-bea7-b0af5e52c6f7/element/6ca714d0-5880-4d2f-b39c-c31babc99ac7/value [39m[32m200[39m [90m1692 ms - 12[39m
[35m[HTTP][39m [90m[39m
[35m[HTTP][39m [37m-->[39m [37mPOST[39m [37m/wd/hub/session/ab1651d9-b5ad-43b5-bea7-b0af5e52c6f7/timeouts[39m
[35m[HTTP][39m [90m{"implicit":50}[39m
[35m[HTTP][39m [37m<-- POST /wd/hub/session/ab1651d9-b5ad-43b5-bea7-b0af5e52c6f7/timeouts [39m[32m200[39m [90m2 ms - 14[39m
[35m[HTTP][39m [90m[39m
[35m[HTTP][39m [37m-->[39m [37mGET[39m [37m/wd/hub/session/ab1651d9-b5ad-43b5-bea7-b0af5e52c6f7/window/rect[39m
[35m[HTTP][39m [90m{}[39m
[35m[HTTP][39m [37m<-- GET /wd/hub/session/ab1651d9-b5ad-43b5-bea7-b0af5e52c6f7/window/rect [39m[32m200[39m [90m1760 ms - 50[39m
[35m[HTTP][39m [90m[39m
[35m[HTTP][39m [37m-->[39m [37mPOST[39m [37m/wd/hub/session/ab1651d9-b5ad-43b5-bea7-b0af5e52c6f7/elements[39m
[35m[HTTP][39m [90m{"using":"-android uiautomator","value":"new UiSelector().className(\"android.widget.TextView\").text(\"Silk board bus stand, Central Silk Board Colony, Stage 2, BTM Layout, Bengaluru, Karnataka, India\")"}[39m
[35m[HTTP][39m [37m<-- POST /wd/hub/session/ab1651d9-b5ad-43b5-bea7-b0af5e52c6f7/elements [39m[32m200[39m [90m1068 ms - 139[39m
[35m[HTTP][39m [90m[39m
[35m[HTTP][39m [37m-->[39m [37mGET[39m [37m/wd/hub/session/ab1651d9-b5ad-43b5-bea7-b0af5e52c6f7/element/973ef35b-023d-4b2d-b155-1c2e6fa8da3c/location[39m
[35m[HTTP][39m [90m{}[39m
[35m[W3C (ab1651d9)][39m Driver proxy active, passing request on via HTTP proxy
[35m[WD Proxy][39m Replacing sessionId 2fe52475-1f17-4658-a189-9dc145a322c5 with ab1651d9-b5ad-43b5-bea7-b0af5e52c6f7
[35m[HTTP][39m [37m<-- GET /wd/hub/session/ab1651d9-b5ad-43b5-bea7-b0af5e52c6f7/element/973ef35b-023d-4b2d-b155-1c2e6fa8da3c/location [39m[32m200[39m [90m38 ms - 89[39m
[35m[HTTP][39m [90m[39m
[35m[HTTP][39m [37m-->[39m [37mPOST[39m [37m/wd/hub/session/ab1651d9-b5ad-43b5-bea7-b0af5e52c6f7/timeouts[39m
[35m[HTTP][39m [90m{"implicit":30000}[39m
[35m[HTTP][39m [37m<-- POST /wd/hub/session/ab1651d9-b5ad-43b5-bea7-b0af5e52c6f7/timeouts [39m[32m200[39m [90m4 ms - 14[39m
[35m[HTTP][39m [90m[39m
[35m[HTTP][39m [37m-->[39m [37mPOST[39m [37m/wd/hub/session/ab1651d9-b5ad-43b5-bea7-b0af5e52c6f7/touch/perform[39m
[35m[HTTP][39m [90m{"actions":[{"action":"tap","options":{"x":1,"y":1,"element":"973ef35b-023d-4b2d-b155-1c2e6fa8da3c"}},{"action":"release","options":{}}]}[39m
[35m[UiAutomator2][39m calling get location: 973ef35b-023d-4b2d-b155-1c2e6fa8da3c
[35m[HTTP][39m [37m<-- POST /wd/hub/session/ab1651d9-b5ad-43b5-bea7-b0af5e52c6f7/touch/perform [39m[32m200[39m [90m1544 ms - 14[39m
[35m[HTTP][39m [90m[39m
[35m[HTTP][39m [37m-->[39m [37mPOST[39m [37m/wd/hub/session/ab1651d9-b5ad-43b5-bea7-b0af5e52c6f7/timeouts[39m
[35m[HTTP][39m [90m{"implicit":50}[39m
[35m[HTTP][39m [37m<-- POST /wd/hub/session/ab1651d9-b5ad-43b5-bea7-b0af5e52c6f7/timeouts [39m[32m200[39m [90m2 ms - 14[39m
[35m[HTTP][39m [90m[39m
[35m[HTTP][39m [37m-->[39m [37mGET[39m [37m/wd/hub/session/ab1651d9-b5ad-43b5-bea7-b0af5e52c6f7/window/rect[39m
[35m[HTTP][39m [90m{}[39m
[35m[HTTP][39m [37m<-- GET /wd/hub/session/ab1651d9-b5ad-43b5-bea7-b0af5e52c6f7/window/rect [39m[32m200[39m [90m40 ms - 50[39m
[35m[HTTP][39m [90m[39m
[35m[HTTP][39m [37m-->[39m [37mPOST[39m [37m/wd/hub/session/ab1651d9-b5ad-43b5-bea7-b0af5e52c6f7/elements[39m
[35m[HTTP][39m [90m{"using":"-android uiautomator","value":"new UiSelector().className(\"android.widget.TextView\").text(\"Book Ride\")"}[39m
[35m[HTTP][39m [37m<-- POST /wd/hub/session/ab1651d9-b5ad-43b5-bea7-b0af5e52c6f7/elements [39m[32m200[39m [90m85 ms - 139[39m
[35m[HTTP][39m [90m[39m
[35m[HTTP][39m [37m-->[39m [37mGET[39m [37m/wd/hub/session/ab1651d9-b5ad-43b5-bea7-b0af5e52c6f7/element/94b3fbdf-e6ac-4770-9828-95da614ba87e/location[39m
[35m[HTTP][39m [90m{}[39m
[35m[W3C (ab1651d9)][39m Driver proxy active, passing request on via HTTP proxy
[35m[WD Proxy][39m Replacing sessionId 2fe52475-1f17-4658-a189-9dc145a322c5 with ab1651d9-b5ad-43b5-bea7-b0af5e52c6f7
[35m[HTTP][39m [37m<-- GET /wd/hub/session/ab1651d9-b5ad-43b5-bea7-b0af5e52c6f7/element/94b3fbdf-e6ac-4770-9828-95da614ba87e/location [39m[32m200[39m [90m52 ms - 90[39m
[35m[HTTP][39m [90m[39m
[35m[HTTP][39m [37m-->[39m [37mPOST[39m [37m/wd/hub/session/ab1651d9-b5ad-43b5-bea7-b0af5e52c6f7/timeouts[39m
[35m[HTTP][39m [90m{"implicit":30000}[39m
[35m[HTTP][39m [37m<-- POST /wd/hub/session/ab1651d9-b5ad-43b5-bea7-b0af5e52c6f7/timeouts [39m[32m200[39m [90m3 ms - 14[39m
[35m[HTTP][39m [90m[39m
[35m[HTTP][39m [37m-->[39m [37mPOST[39m [37m/wd/hub/session/ab1651d9-b5ad-43b5-bea7-b0af5e52c6f7/touch/perform[39m
[35m[HTTP][39m [90m{"actions":[{"action":"tap","options":{"x":1,"y":1,"element":"94b3fbdf-e6ac-4770-9828-95da614ba87e"}},{"action":"release","options":{}}]}[39m
[35m[UiAutomator2][39m calling get location: 94b3fbdf-e6ac-4770-9828-95da614ba87e
[35m[HTTP][39m [37m<-- POST /wd/hub/session/ab1651d9-b5ad-43b5-bea7-b0af5e52c6f7/touch/perform [39m[32m200[39m [90m1214 ms - 14[39m
[35m[HTTP][39m [90m[39m
[35m[HTTP][39m [37m-->[39m [37mPOST[39m [37m/wd/hub/session/ab1651d9-b5ad-43b5-bea7-b0af5e52c6f7/timeouts[39m
[35m[HTTP][39m [90m{"implicit":50}[39m
[35m[HTTP][39m [37m<-- POST /wd/hub/session/ab1651d9-b5ad-43b5-bea7-b0af5e52c6f7/timeouts [39m[32m200[39m [90m2 ms - 14[39m
[35m[HTTP][39m [90m[39m
[35m[HTTP][39m [37m-->[39m [37mGET[39m [37m/wd/hub/session/ab1651d9-b5ad-43b5-bea7-b0af5e52c6f7/window/rect[39m
[35m[HTTP][39m [90m{}[39m
[35m[HTTP][39m [37m<-- GET /wd/hub/session/ab1651d9-b5ad-43b5-bea7-b0af5e52c6f7/window/rect [39m[32m200[39m [90m36 ms - 50[39m
[35m[HTTP][39m [90m[39m
[35m[HTTP][39m [37m-->[39m [37mPOST[39m [37m/wd/hub/session/ab1651d9-b5ad-43b5-bea7-b0af5e52c6f7/elements[39m
[35m[HTTP][39m [90m{"using":"-android uiautomator","value":"new UiSelector().className(\"android.widget.TextView\").text(\"Request Taxi\")"}[39m
[35m[HTTP][39m [37m<-- POST /wd/hub/session/ab1651d9-b5ad-43b5-bea7-b0af5e52c6f7/elements [39m[32m200[39m [90m90 ms - 139[39m
[35m[HTTP][39m [90m[39m
[35m[HTTP][39m [37m-->[39m [37mGET[39m [37m/wd/hub/session/ab1651d9-b5ad-43b5-bea7-b0af5e52c6f7/element/e6f1e631-27da-4726-a24b-23dfc630548e/location[39m
[35m[HTTP][39m [90m{}[39m
[35m[W3C (ab1651d9)][39m Driver proxy active, passing request on via HTTP proxy
[35m[WD Proxy][39m Replacing sessionId 2fe52475-1f17-4658-a189-9dc145a322c5 with ab1651d9-b5ad-43b5-bea7-b0af5e52c6f7
[35m[HTTP][39m [37m<-- GET /wd/hub/session/ab1651d9-b5ad-43b5-bea7-b0af5e52c6f7/element/e6f1e631-27da-4726-a24b-23dfc630548e/location [39m[32m200[39m [90m73 ms - 90[39m
[35m[HTTP][39m [90m[39m
[35m[HTTP][39m [37m-->[39m [37mPOST[39m [37m/wd/hub/session/ab1651d9-b5ad-43b5-bea7-b0af5e52c6f7/timeouts[39m
[35m[HTTP][39m [90m{"implicit":30000}[39m
[35m[HTTP][39m [37m<-- POST /wd/hub/session/ab1651d9-b5ad-43b5-bea7-b0af5e52c6f7/timeouts [39m[32m200[39m [90m3 ms - 14[39m
[35m[HTTP][39m [90m[39m
[35m[HTTP][39m [37m-->[39m [37mPOST[39m [37m/wd/hub/session/ab1651d9-b5ad-43b5-bea7-b0af5e52c6f7/touch/perform[39m
[35m[HTTP][39m [90m{"actions":[{"action":"tap","options":{"x":1,"y":1,"element":"e6f1e631-27da-4726-a24b-23dfc630548e"}},{"action":"release","options":{}}]}[39m
[35m[UiAutomator2][39m calling get location: e6f1e631-27da-4726-a24b-23dfc630548e
[35m[HTTP][39m [37m<-- POST /wd/hub/session/ab1651d9-b5ad-43b5-bea7-b0af5e52c6f7/touch/perform [39m[32m200[39m [90m1536 ms - 14[39m
[35m[HTTP][39m [90m[39m
