[35m[Appium][39m Welcome to Appium v1.14.0
[35m[Appium][39m Non-default server args:
[35m[Appium][39m   port: 55378
[35m[Appium][39m   loglevel: info
[35m[Appium][39m   chromeDriverPort: 55381
[35m[Appium][39m   tmpDir: /var/folders/38/x4crs4qx0hn0r3_szny2t9sw0000gn/T//Katalon/Appium/Temp1565596563451
[35m[Appium][39m Appium REST http interface listener started on 0.0.0.0:55378
[35m[HTTP][39m [37m-->[39m [37mGET[39m [37m/wd/hub/status[39m
[35m[HTTP][39m [90m{}[39m
[35m[HTTP][39m [37m<-- GET /wd/hub/status [39m[32m200[39m [90m7 ms - 68[39m
[35m[HTTP][39m [90m[39m
[35m[HTTP][39m [37m-->[39m [37mPOST[39m [37m/wd/hub/session[39m
[35m[HTTP][39m [90m{"desiredCapabilities":{"app":"/Users/sumittulsyan/Downloads/app-release.apk","noReset":false,"deviceName":"emulator-5554 (Android SDK built for x86 - Android 9)","fullReset":true,"platform":"ANDROID","newCommandTimeout":1800,"platformVersion":"9","automationName":"uiautomator2","autoGrantPermissions":true,"platformName":"Android","udid":"emulator-5554","systemPort":55377},"capabilities":{"firstMatch":[{"appium:app":"/Users/sumittulsyan/Downloads/app-release.apk","appium:autoGrantPermissions":true,"appium:automationName":"uiautomator2","appium:deviceName":"emulator-5554 (Android SDK built for x86 - Android 9)","appium:fullReset":true,"appium:newCommandTimeout":1800,"appium:noReset":false,"platform":"ANDROID","platformName":"android","appium:platformVersion":"9","appium:systemPort":55377,"appium:udid":"emulator-5554"}]}}[39m
[35m[BaseDriver][39m The capabilities ["platform"] are not standard capabilities and should have an extension prefix
[35m[Appium][39m Appium v1.14.0 creating new AndroidUiautomator2Driver (v1.33.1) session
[35m[Appium][39m Capabilities:
[35m[Appium][39m   platform: ANDROID
[35m[Appium][39m   platformName: android
[35m[Appium][39m   app: /Users/sumittulsyan/Downloads/app-release.apk
[35m[Appium][39m   autoGrantPermissions: true
[35m[Appium][39m   automationName: uiautomator2
[35m[Appium][39m   deviceName: emulator-5554 (Android SDK built for x86 - Android 9)
[35m[Appium][39m   fullReset: true
[35m[Appium][39m   newCommandTimeout: 1800
[35m[Appium][39m   noReset: false
[35m[Appium][39m   platformVersion: 9
[35m[Appium][39m   systemPort: 55377
[35m[Appium][39m   udid: emulator-5554
[35m[BaseDriver][39m The following capabilities were provided, but are not recognized by Appium:
[35m[BaseDriver][39m   platform
[35m[BaseDriver][39m Session created with session id: ad1f2721-a12c-4205-8a37-942b7d43a184
[35m[BaseDriver][39m Using local app '/Users/sumittulsyan/Downloads/app-release.apk'
[35m[ADB][39m Found 1 'build-tools' folders under '/Users/sumittulsyan/.katalon/tools/android_sdk' (newest first):
[35m[ADB][39m     /Users/sumittulsyan/.katalon/tools/android_sdk/build-tools/29.0.1
[35m[ADB][39m Using 'adb' from '/Users/sumittulsyan/.katalon/tools/android_sdk/platform-tools/adb'
[35m[AndroidDriver][39m Retrieving device list
[35m[AndroidDriver][39m Using device: emulator-5554
[35m[ADB][39m Using 'adb' from '/Users/sumittulsyan/.katalon/tools/android_sdk/platform-tools/adb'
[35m[UiAutomator2][39m Relaxing hidden api policy
[35m[ADB][39m Using 'apkanalyzer' from '/Users/sumittulsyan/.katalon/tools/android_sdk/tools/bin/apkanalyzer'
[35m[ADB][39m Package name: 'io.nativebase.market.geekyants.taxiappdriver'
[35m[ADB][39m Main activity name: 'io.nativebase.market.geekyants.taxiappdriver.MainActivity'
[35m[ADB][39m Using 'aapt' from '/Users/sumittulsyan/.katalon/tools/android_sdk/build-tools/29.0.1/aapt'
[35m[ADB][39m Using 'apksigner' from '/Users/sumittulsyan/.katalon/tools/android_sdk/build-tools/29.0.1/apksigner'
[35m[UiAutomator2][39m Server packages are not going to be (re)installed
[35m[ADB][39m io.nativebase.market.geekyants.taxiappdriver was not uninstalled, because it was not present on the device
[35m[ADB][39m The application at '/Users/sumittulsyan/Downloads/app-release.apk' is already cached to '/data/local/tmp/appium_cache/0a4c298d81fa9fed8129162356ad8641ab361e22.apk'
[35m[ADB][39m The installation of 'app-release.apk' took 9.445s
[35m[UiAutomator2][39m Starting UIAutomator2 server 3.7.0
[35m[UiAutomator2][39m Using UIAutomator2 server from '/Users/sumittulsyan/Downloads/appium-mobile-test/node_modules/appium-uiautomator2-server/apks/appium-uiautomator2-server-v3.7.0.apk' and test from '/Users/sumittulsyan/Downloads/appium-mobile-test/node_modules/appium-uiautomator2-server/apks/appium-uiautomator2-server-debug-androidTest.apk'
[35m[UiAutomator2][39m Waiting up to 30000ms for UiAutomator2 to be online...
[35m[WD Proxy][39m Got an unexpected response: {"code":"ECONNRESET"}
[35m[WD Proxy][39m Got an unexpected response: {"code":"ECONNRESET"}
[35m[WD Proxy][39m Got an unexpected response: {"code":"ECONNRESET"}
[35m[AndroidDriver][39m Screen already unlocked, doing nothing
[35m[UiAutomator2][39m UiAutomator2 did not start the activity we were waiting for, 'io.nativebase.market.geekyants.taxiappdriver/io.nativebase.market.geekyants.taxiappdriver.MainActivity'. Starting it ourselves
[35m[Appium][39m New AndroidUiautomator2Driver session created successfully, session ad1f2721-a12c-4205-8a37-942b7d43a184 added to master session list
[35m[HTTP][39m [37m<-- POST /wd/hub/session [39m[32m200[39m [90m26617 ms - 1264[39m
[35m[HTTP][39m [90m[39m
[35m[HTTP][39m [37m-->[39m [37mGET[39m [37m/wd/hub/session/ad1f2721-a12c-4205-8a37-942b7d43a184[39m
[35m[HTTP][39m [90m{}[39m
[35m[HTTP][39m [37m<-- GET /wd/hub/session/ad1f2721-a12c-4205-8a37-942b7d43a184 [39m[32m200[39m [90m58 ms - 1196[39m
[35m[HTTP][39m [90m[39m
[35m[HTTP][39m [37m-->[39m [37mGET[39m [37m/wd/hub/session/ad1f2721-a12c-4205-8a37-942b7d43a184[39m
[35m[HTTP][39m [90m{}[39m
[35m[HTTP][39m [37m<-- GET /wd/hub/session/ad1f2721-a12c-4205-8a37-942b7d43a184 [39m[32m200[39m [90m17 ms - 1196[39m
[35m[HTTP][39m [90m[39m
[35m[HTTP][39m [37m-->[39m [37mGET[39m [37m/wd/hub/status[39m
[35m[HTTP][39m [90m{}[39m
[35m[HTTP][39m [37m<-- GET /wd/hub/status [39m[32m200[39m [90m1 ms - 68[39m
[35m[HTTP][39m [90m[39m
[35m[HTTP][39m [37m-->[39m [37mPOST[39m [37m/wd/hub/session/ad1f2721-a12c-4205-8a37-942b7d43a184/timeouts[39m
[35m[HTTP][39m [90m{"implicit":30000}[39m
[35m[HTTP][39m [37m<-- POST /wd/hub/session/ad1f2721-a12c-4205-8a37-942b7d43a184/timeouts [39m[32m200[39m [90m4 ms - 14[39m
[35m[HTTP][39m [90m[39m
[35m[HTTP][39m [37m-->[39m [37mPOST[39m [37m/wd/hub/session/ad1f2721-a12c-4205-8a37-942b7d43a184/timeouts[39m
[35m[HTTP][39m [90m{"implicit":50}[39m
[35m[HTTP][39m [37m<-- POST /wd/hub/session/ad1f2721-a12c-4205-8a37-942b7d43a184/timeouts [39m[32m200[39m [90m2 ms - 14[39m
[35m[HTTP][39m [90m[39m
[35m[HTTP][39m [37m-->[39m [37mGET[39m [37m/wd/hub/session/ad1f2721-a12c-4205-8a37-942b7d43a184/window/rect[39m
[35m[HTTP][39m [90m{}[39m
[35m[HTTP][39m [37m<-- GET /wd/hub/session/ad1f2721-a12c-4205-8a37-942b7d43a184/window/rect [39m[32m200[39m [90m38 ms - 50[39m
[35m[HTTP][39m [90m[39m
[35m[HTTP][39m [37m-->[39m [37mPOST[39m [37m/wd/hub/session/ad1f2721-a12c-4205-8a37-942b7d43a184/elements[39m
[35m[HTTP][39m [90m{"using":"-android uiautomator","value":"new UiSelector().className(\"android.widget.TextView\").text(\"Register\")"}[39m
[35m[HTTP][39m [37m<-- POST /wd/hub/session/ad1f2721-a12c-4205-8a37-942b7d43a184/elements [39m[32m200[39m [90m112 ms - 12[39m
[35m[HTTP][39m [90m[39m
[35m[HTTP][39m [37m-->[39m [37mPOST[39m [37m/wd/hub/session/ad1f2721-a12c-4205-8a37-942b7d43a184/elements[39m
[35m[HTTP][39m [90m{"using":"-android uiautomator","value":"new UiSelector().className(\"android.widget.TextView\").text(\"Register\")"}[39m
[35m[HTTP][39m [37m<-- POST /wd/hub/session/ad1f2721-a12c-4205-8a37-942b7d43a184/elements [39m[32m200[39m [90m586 ms - 12[39m
[35m[HTTP][39m [90m[39m
[35m[HTTP][39m [37m-->[39m [37mPOST[39m [37m/wd/hub/session/ad1f2721-a12c-4205-8a37-942b7d43a184/elements[39m
[35m[HTTP][39m [90m{"using":"-android uiautomator","value":"new UiSelector().className(\"android.widget.TextView\").text(\"Register\")"}[39m
[35m[HTTP][39m [37m<-- POST /wd/hub/session/ad1f2721-a12c-4205-8a37-942b7d43a184/elements [39m[32m200[39m [90m576 ms - 12[39m
[35m[HTTP][39m [90m[39m
[35m[HTTP][39m [37m-->[39m [37mPOST[39m [37m/wd/hub/session/ad1f2721-a12c-4205-8a37-942b7d43a184/elements[39m
[35m[HTTP][39m [90m{"using":"-android uiautomator","value":"new UiSelector().className(\"android.widget.TextView\").text(\"Register\")"}[39m
[35m[HTTP][39m [37m<-- POST /wd/hub/session/ad1f2721-a12c-4205-8a37-942b7d43a184/elements [39m[32m200[39m [90m1502 ms - 139[39m
[35m[HTTP][39m [90m[39m
[35m[HTTP][39m [37m-->[39m [37mGET[39m [37m/wd/hub/session/ad1f2721-a12c-4205-8a37-942b7d43a184/element/5a5a2215-cd87-4702-a175-13c14c3167c5/location[39m
[35m[HTTP][39m [90m{}[39m
[35m[W3C (ad1f2721)][39m Driver proxy active, passing request on via HTTP proxy
[35m[WD Proxy][39m Replacing sessionId 57be8255-285a-4dab-bbc9-2f9c1b3f1138 with ad1f2721-a12c-4205-8a37-942b7d43a184
[35m[HTTP][39m [37m<-- GET /wd/hub/session/ad1f2721-a12c-4205-8a37-942b7d43a184/element/5a5a2215-cd87-4702-a175-13c14c3167c5/location [39m[32m200[39m [90m40 ms - 90[39m
[35m[HTTP][39m [90m[39m
[35m[HTTP][39m [37m-->[39m [37mPOST[39m [37m/wd/hub/session/ad1f2721-a12c-4205-8a37-942b7d43a184/timeouts[39m
[35m[HTTP][39m [90m{"implicit":30000}[39m
[35m[HTTP][39m [37m<-- POST /wd/hub/session/ad1f2721-a12c-4205-8a37-942b7d43a184/timeouts [39m[32m200[39m [90m2 ms - 14[39m
[35m[HTTP][39m [90m[39m
[35m[HTTP][39m [37m-->[39m [37mPOST[39m [37m/wd/hub/session/ad1f2721-a12c-4205-8a37-942b7d43a184/touch/perform[39m
[35m[HTTP][39m [90m{"actions":[{"action":"tap","options":{"x":1,"y":1,"element":"5a5a2215-cd87-4702-a175-13c14c3167c5"}},{"action":"release","options":{}}]}[39m
[35m[UiAutomator2][39m calling get location: 5a5a2215-cd87-4702-a175-13c14c3167c5
[35m[HTTP][39m [37m<-- POST /wd/hub/session/ad1f2721-a12c-4205-8a37-942b7d43a184/touch/perform [39m[32m200[39m [90m1176 ms - 14[39m
[35m[HTTP][39m [90m[39m
[35m[HTTP][39m [37m-->[39m [37mPOST[39m [37m/wd/hub/session/ad1f2721-a12c-4205-8a37-942b7d43a184/timeouts[39m
[35m[HTTP][39m [90m{"implicit":50}[39m
[35m[HTTP][39m [37m<-- POST /wd/hub/session/ad1f2721-a12c-4205-8a37-942b7d43a184/timeouts [39m[32m200[39m [90m2 ms - 14[39m
[35m[HTTP][39m [90m[39m
[35m[HTTP][39m [37m-->[39m [37mGET[39m [37m/wd/hub/session/ad1f2721-a12c-4205-8a37-942b7d43a184/window/rect[39m
[35m[HTTP][39m [90m{}[39m
[35m[HTTP][39m [37m<-- GET /wd/hub/session/ad1f2721-a12c-4205-8a37-942b7d43a184/window/rect [39m[32m200[39m [90m42 ms - 50[39m
[35m[HTTP][39m [90m[39m
[35m[HTTP][39m [37m-->[39m [37mPOST[39m [37m/wd/hub/session/ad1f2721-a12c-4205-8a37-942b7d43a184/elements[39m
[35m[HTTP][39m [90m{"using":"-android uiautomator","value":"new UiSelector().className(\"android.widget.EditText\").text(\"First Name\")"}[39m
[35m[HTTP][39m [37m<-- POST /wd/hub/session/ad1f2721-a12c-4205-8a37-942b7d43a184/elements [39m[32m200[39m [90m78 ms - 139[39m
[35m[HTTP][39m [90m[39m
[35m[HTTP][39m [37m-->[39m [37mGET[39m [37m/wd/hub/session/ad1f2721-a12c-4205-8a37-942b7d43a184/element/99935ecb-5541-4f71-8dee-0bb4d2b1448b/location[39m
[35m[HTTP][39m [90m{}[39m
[35m[W3C (ad1f2721)][39m Driver proxy active, passing request on via HTTP proxy
[35m[WD Proxy][39m Replacing sessionId 57be8255-285a-4dab-bbc9-2f9c1b3f1138 with ad1f2721-a12c-4205-8a37-942b7d43a184
[35m[HTTP][39m [37m<-- GET /wd/hub/session/ad1f2721-a12c-4205-8a37-942b7d43a184/element/99935ecb-5541-4f71-8dee-0bb4d2b1448b/location [39m[32m200[39m [90m37 ms - 89[39m
[35m[HTTP][39m [90m[39m
[35m[HTTP][39m [37m-->[39m [37mPOST[39m [37m/wd/hub/session/ad1f2721-a12c-4205-8a37-942b7d43a184/timeouts[39m
[35m[HTTP][39m [90m{"implicit":30000}[39m
[35m[HTTP][39m [37m<-- POST /wd/hub/session/ad1f2721-a12c-4205-8a37-942b7d43a184/timeouts [39m[32m200[39m [90m2 ms - 14[39m
[35m[HTTP][39m [90m[39m
[35m[HTTP][39m [37m-->[39m [37mPOST[39m [37m/wd/hub/session/ad1f2721-a12c-4205-8a37-942b7d43a184/element/99935ecb-5541-4f71-8dee-0bb4d2b1448b/clear[39m
[35m[HTTP][39m [90m{"id":"99935ecb-5541-4f71-8dee-0bb4d2b1448b"}[39m
[35m[HTTP][39m [37m<-- POST /wd/hub/session/ad1f2721-a12c-4205-8a37-942b7d43a184/element/99935ecb-5541-4f71-8dee-0bb4d2b1448b/clear [39m[32m200[39m [90m60 ms - 27[39m
[35m[HTTP][39m [90m[39m
[35m[HTTP][39m [37m-->[39m [37mPOST[39m [37m/wd/hub/session/ad1f2721-a12c-4205-8a37-942b7d43a184/element/99935ecb-5541-4f71-8dee-0bb4d2b1448b/value[39m
[35m[HTTP][39m [90m{"id":"99935ecb-5541-4f71-8dee-0bb4d2b1448b","text":"fdgs","value":["f","d","g","s"]}[39m
[35m[HTTP][39m [37m<-- POST /wd/hub/session/ad1f2721-a12c-4205-8a37-942b7d43a184/element/99935ecb-5541-4f71-8dee-0bb4d2b1448b/value [39m[32m200[39m [90m1081 ms - 12[39m
[35m[HTTP][39m [90m[39m
[35m[HTTP][39m [37m-->[39m [37mPOST[39m [37m/wd/hub/session/ad1f2721-a12c-4205-8a37-942b7d43a184/timeouts[39m
[35m[HTTP][39m [90m{"implicit":50}[39m
[35m[HTTP][39m [37m<-- POST /wd/hub/session/ad1f2721-a12c-4205-8a37-942b7d43a184/timeouts [39m[32m200[39m [90m2 ms - 14[39m
[35m[HTTP][39m [90m[39m
[35m[HTTP][39m [37m-->[39m [37mGET[39m [37m/wd/hub/session/ad1f2721-a12c-4205-8a37-942b7d43a184/window/rect[39m
[35m[HTTP][39m [90m{}[39m
[35m[HTTP][39m [37m<-- GET /wd/hub/session/ad1f2721-a12c-4205-8a37-942b7d43a184/window/rect [39m[32m200[39m [90m51 ms - 50[39m
[35m[HTTP][39m [90m[39m
[35m[HTTP][39m [37m-->[39m [37mPOST[39m [37m/wd/hub/session/ad1f2721-a12c-4205-8a37-942b7d43a184/elements[39m
[35m[HTTP][39m [90m{"using":"-android uiautomator","value":"new UiSelector().className(\"android.widget.EditText\").text(\"Last Name\")"}[39m
[35m[HTTP][39m [37m<-- POST /wd/hub/session/ad1f2721-a12c-4205-8a37-942b7d43a184/elements [39m[32m200[39m [90m394 ms - 139[39m
[35m[HTTP][39m [90m[39m
[35m[HTTP][39m [37m-->[39m [37mGET[39m [37m/wd/hub/session/ad1f2721-a12c-4205-8a37-942b7d43a184/element/23e1fa96-15ca-4e5e-861d-bb2335187772/location[39m
[35m[HTTP][39m [90m{}[39m
[35m[W3C (ad1f2721)][39m Driver proxy active, passing request on via HTTP proxy
[35m[WD Proxy][39m Replacing sessionId 57be8255-285a-4dab-bbc9-2f9c1b3f1138 with ad1f2721-a12c-4205-8a37-942b7d43a184
[35m[HTTP][39m [37m<-- GET /wd/hub/session/ad1f2721-a12c-4205-8a37-942b7d43a184/element/23e1fa96-15ca-4e5e-861d-bb2335187772/location [39m[32m200[39m [90m33 ms - 89[39m
[35m[HTTP][39m [90m[39m
[35m[HTTP][39m [37m-->[39m [37mPOST[39m [37m/wd/hub/session/ad1f2721-a12c-4205-8a37-942b7d43a184/timeouts[39m
[35m[HTTP][39m [90m{"implicit":30000}[39m
[35m[HTTP][39m [37m<-- POST /wd/hub/session/ad1f2721-a12c-4205-8a37-942b7d43a184/timeouts [39m[32m200[39m [90m2 ms - 14[39m
[35m[HTTP][39m [90m[39m
[35m[HTTP][39m [37m-->[39m [37mPOST[39m [37m/wd/hub/session/ad1f2721-a12c-4205-8a37-942b7d43a184/element/23e1fa96-15ca-4e5e-861d-bb2335187772/clear[39m
[35m[HTTP][39m [90m{"id":"23e1fa96-15ca-4e5e-861d-bb2335187772"}[39m
[35m[HTTP][39m [37m<-- POST /wd/hub/session/ad1f2721-a12c-4205-8a37-942b7d43a184/element/23e1fa96-15ca-4e5e-861d-bb2335187772/clear [39m[32m200[39m [90m43 ms - 27[39m
[35m[HTTP][39m [90m[39m
[35m[HTTP][39m [37m-->[39m [37mPOST[39m [37m/wd/hub/session/ad1f2721-a12c-4205-8a37-942b7d43a184/element/23e1fa96-15ca-4e5e-861d-bb2335187772/value[39m
[35m[HTTP][39m [90m{"id":"23e1fa96-15ca-4e5e-861d-bb2335187772","text":"setdrfgjhk","value":["s","e","t","d","r","f","g","j","h","k"]}[39m
[35m[HTTP][39m [37m<-- POST /wd/hub/session/ad1f2721-a12c-4205-8a37-942b7d43a184/element/23e1fa96-15ca-4e5e-861d-bb2335187772/value [39m[32m200[39m [90m1054 ms - 12[39m
[35m[HTTP][39m [90m[39m
[35m[HTTP][39m [37m-->[39m [37mPOST[39m [37m/wd/hub/session/ad1f2721-a12c-4205-8a37-942b7d43a184/timeouts[39m
[35m[HTTP][39m [90m{"implicit":50}[39m
[35m[HTTP][39m [37m<-- POST /wd/hub/session/ad1f2721-a12c-4205-8a37-942b7d43a184/timeouts [39m[32m200[39m [90m2 ms - 14[39m
[35m[HTTP][39m [90m[39m
[35m[HTTP][39m [37m-->[39m [37mGET[39m [37m/wd/hub/session/ad1f2721-a12c-4205-8a37-942b7d43a184/window/rect[39m
[35m[HTTP][39m [90m{}[39m
[35m[HTTP][39m [37m<-- GET /wd/hub/session/ad1f2721-a12c-4205-8a37-942b7d43a184/window/rect [39m[32m200[39m [90m44 ms - 50[39m
[35m[HTTP][39m [90m[39m
[35m[HTTP][39m [37m-->[39m [37mPOST[39m [37m/wd/hub/session/ad1f2721-a12c-4205-8a37-942b7d43a184/elements[39m
[35m[HTTP][39m [90m{"using":"-android uiautomator","value":"new UiSelector().className(\"android.widget.EditText\").text(\"Email\")"}[39m
[35m[HTTP][39m [37m<-- POST /wd/hub/session/ad1f2721-a12c-4205-8a37-942b7d43a184/elements [39m[32m200[39m [90m401 ms - 139[39m
[35m[HTTP][39m [90m[39m
[35m[HTTP][39m [37m-->[39m [37mGET[39m [37m/wd/hub/session/ad1f2721-a12c-4205-8a37-942b7d43a184/element/1825e42f-2898-4037-8a52-0f9aef806f8d/location[39m
[35m[HTTP][39m [90m{}[39m
[35m[W3C (ad1f2721)][39m Driver proxy active, passing request on via HTTP proxy
[35m[WD Proxy][39m Replacing sessionId 57be8255-285a-4dab-bbc9-2f9c1b3f1138 with ad1f2721-a12c-4205-8a37-942b7d43a184
[35m[HTTP][39m [37m<-- GET /wd/hub/session/ad1f2721-a12c-4205-8a37-942b7d43a184/element/1825e42f-2898-4037-8a52-0f9aef806f8d/location [39m[32m200[39m [90m30 ms - 90[39m
[35m[HTTP][39m [90m[39m
[35m[HTTP][39m [37m-->[39m [37mPOST[39m [37m/wd/hub/session/ad1f2721-a12c-4205-8a37-942b7d43a184/timeouts[39m
[35m[HTTP][39m [90m{"implicit":30000}[39m
[35m[HTTP][39m [37m<-- POST /wd/hub/session/ad1f2721-a12c-4205-8a37-942b7d43a184/timeouts [39m[32m200[39m [90m2 ms - 14[39m
[35m[HTTP][39m [90m[39m
[35m[HTTP][39m [37m-->[39m [37mPOST[39m [37m/wd/hub/session/ad1f2721-a12c-4205-8a37-942b7d43a184/element/1825e42f-2898-4037-8a52-0f9aef806f8d/clear[39m
[35m[HTTP][39m [90m{"id":"1825e42f-2898-4037-8a52-0f9aef806f8d"}[39m
[35m[HTTP][39m [37m<-- POST /wd/hub/session/ad1f2721-a12c-4205-8a37-942b7d43a184/element/1825e42f-2898-4037-8a52-0f9aef806f8d/clear [39m[32m200[39m [90m34 ms - 27[39m
[35m[HTTP][39m [90m[39m
[35m[HTTP][39m [37m-->[39m [37mPOST[39m [37m/wd/hub/session/ad1f2721-a12c-4205-8a37-942b7d43a184/element/1825e42f-2898-4037-8a52-0f9aef806f8d/value[39m
[35m[HTTP][39m [90m{"id":"1825e42f-2898-4037-8a52-0f9aef806f8d","text":"hkgyufi@hjdfj.com","value":["h","k","g","y","u","f","i","@","h","j","d","f","j",".","c","o","m"]}[39m
[35m[HTTP][39m [37m<-- POST /wd/hub/session/ad1f2721-a12c-4205-8a37-942b7d43a184/element/1825e42f-2898-4037-8a52-0f9aef806f8d/value [39m[32m200[39m [90m1065 ms - 12[39m
[35m[HTTP][39m [90m[39m
[35m[HTTP][39m [37m-->[39m [37mPOST[39m [37m/wd/hub/session/ad1f2721-a12c-4205-8a37-942b7d43a184/timeouts[39m
[35m[HTTP][39m [90m{"implicit":50}[39m
[35m[HTTP][39m [37m<-- POST /wd/hub/session/ad1f2721-a12c-4205-8a37-942b7d43a184/timeouts [39m[32m200[39m [90m4 ms - 14[39m
[35m[HTTP][39m [90m[39m
[35m[HTTP][39m [37m-->[39m [37mGET[39m [37m/wd/hub/session/ad1f2721-a12c-4205-8a37-942b7d43a184/window/rect[39m
[35m[HTTP][39m [90m{}[39m
[35m[HTTP][39m [37m<-- GET /wd/hub/session/ad1f2721-a12c-4205-8a37-942b7d43a184/window/rect [39m[32m200[39m [90m32 ms - 50[39m
[35m[HTTP][39m [90m[39m
[35m[HTTP][39m [37m-->[39m [37mPOST[39m [37m/wd/hub/session/ad1f2721-a12c-4205-8a37-942b7d43a184/elements[39m
[35m[HTTP][39m [90m{"using":"-android uiautomator","value":"new UiSelector().className(\"android.widget.EditText\").text(\"Mobile Number\")"}[39m
[35m[HTTP][39m [37m<-- POST /wd/hub/session/ad1f2721-a12c-4205-8a37-942b7d43a184/elements [39m[32m200[39m [90m434 ms - 139[39m
[35m[HTTP][39m [90m[39m
[35m[HTTP][39m [37m-->[39m [37mGET[39m [37m/wd/hub/session/ad1f2721-a12c-4205-8a37-942b7d43a184/element/34efb05b-447d-4c15-bc43-009ef6a44d13/location[39m
[35m[HTTP][39m [90m{}[39m
[35m[W3C (ad1f2721)][39m Driver proxy active, passing request on via HTTP proxy
[35m[WD Proxy][39m Replacing sessionId 57be8255-285a-4dab-bbc9-2f9c1b3f1138 with ad1f2721-a12c-4205-8a37-942b7d43a184
[35m[HTTP][39m [37m<-- GET /wd/hub/session/ad1f2721-a12c-4205-8a37-942b7d43a184/element/34efb05b-447d-4c15-bc43-009ef6a44d13/location [39m[32m200[39m [90m28 ms - 90[39m
[35m[HTTP][39m [90m[39m
[35m[HTTP][39m [37m-->[39m [37mPOST[39m [37m/wd/hub/session/ad1f2721-a12c-4205-8a37-942b7d43a184/timeouts[39m
[35m[HTTP][39m [90m{"implicit":30000}[39m
[35m[HTTP][39m [37m<-- POST /wd/hub/session/ad1f2721-a12c-4205-8a37-942b7d43a184/timeouts [39m[32m200[39m [90m3 ms - 14[39m
[35m[HTTP][39m [90m[39m
[35m[HTTP][39m [37m-->[39m [37mPOST[39m [37m/wd/hub/session/ad1f2721-a12c-4205-8a37-942b7d43a184/element/34efb05b-447d-4c15-bc43-009ef6a44d13/clear[39m
[35m[HTTP][39m [90m{"id":"34efb05b-447d-4c15-bc43-009ef6a44d13"}[39m
[35m[HTTP][39m [37m<-- POST /wd/hub/session/ad1f2721-a12c-4205-8a37-942b7d43a184/element/34efb05b-447d-4c15-bc43-009ef6a44d13/clear [39m[32m200[39m [90m47 ms - 27[39m
[35m[HTTP][39m [90m[39m
[35m[HTTP][39m [37m-->[39m [37mPOST[39m [37m/wd/hub/session/ad1f2721-a12c-4205-8a37-942b7d43a184/element/34efb05b-447d-4c15-bc43-009ef6a44d13/value[39m
[35m[HTTP][39m [90m{"id":"34efb05b-447d-4c15-bc43-009ef6a44d13","text":"9812981298","value":["9","8","1","2","9","8","1","2","9","8"]}[39m
[35m[HTTP][39m [37m<-- POST /wd/hub/session/ad1f2721-a12c-4205-8a37-942b7d43a184/element/34efb05b-447d-4c15-bc43-009ef6a44d13/value [39m[32m200[39m [90m1044 ms - 12[39m
[35m[HTTP][39m [90m[39m
[35m[HTTP][39m [37m-->[39m [37mPOST[39m [37m/wd/hub/session/ad1f2721-a12c-4205-8a37-942b7d43a184/timeouts[39m
[35m[HTTP][39m [90m{"implicit":50}[39m
[35m[HTTP][39m [37m<-- POST /wd/hub/session/ad1f2721-a12c-4205-8a37-942b7d43a184/timeouts [39m[32m200[39m [90m2 ms - 14[39m
[35m[HTTP][39m [90m[39m
[35m[HTTP][39m [37m-->[39m [37mGET[39m [37m/wd/hub/session/ad1f2721-a12c-4205-8a37-942b7d43a184/window/rect[39m
[35m[HTTP][39m [90m{}[39m
[35m[HTTP][39m [37m<-- GET /wd/hub/session/ad1f2721-a12c-4205-8a37-942b7d43a184/window/rect [39m[32m200[39m [90m42 ms - 50[39m
[35m[HTTP][39m [90m[39m
[35m[HTTP][39m [37m-->[39m [37mPOST[39m [37m/wd/hub/session/ad1f2721-a12c-4205-8a37-942b7d43a184/elements[39m
[35m[HTTP][39m [90m{"using":"-android uiautomator","value":"new UiSelector().className(\"android.widget.EditText\").text(\"Password\")"}[39m
[35m[HTTP][39m [37m<-- POST /wd/hub/session/ad1f2721-a12c-4205-8a37-942b7d43a184/elements [39m[32m200[39m [90m435 ms - 139[39m
[35m[HTTP][39m [90m[39m
[35m[HTTP][39m [37m-->[39m [37mGET[39m [37m/wd/hub/session/ad1f2721-a12c-4205-8a37-942b7d43a184/element/be9aadf6-6824-4270-a97d-c2f9b0b93650/location[39m
[35m[HTTP][39m [90m{}[39m
[35m[W3C (ad1f2721)][39m Driver proxy active, passing request on via HTTP proxy
[35m[WD Proxy][39m Replacing sessionId 57be8255-285a-4dab-bbc9-2f9c1b3f1138 with ad1f2721-a12c-4205-8a37-942b7d43a184
[35m[HTTP][39m [37m<-- GET /wd/hub/session/ad1f2721-a12c-4205-8a37-942b7d43a184/element/be9aadf6-6824-4270-a97d-c2f9b0b93650/location [39m[32m200[39m [90m37 ms - 90[39m
[35m[HTTP][39m [90m[39m
[35m[HTTP][39m [37m-->[39m [37mPOST[39m [37m/wd/hub/session/ad1f2721-a12c-4205-8a37-942b7d43a184/timeouts[39m
[35m[HTTP][39m [90m{"implicit":30000}[39m
[35m[HTTP][39m [37m<-- POST /wd/hub/session/ad1f2721-a12c-4205-8a37-942b7d43a184/timeouts [39m[32m200[39m [90m2 ms - 14[39m
[35m[HTTP][39m [90m[39m
[35m[HTTP][39m [37m-->[39m [37mPOST[39m [37m/wd/hub/session/ad1f2721-a12c-4205-8a37-942b7d43a184/element/be9aadf6-6824-4270-a97d-c2f9b0b93650/clear[39m
[35m[HTTP][39m [90m{"id":"be9aadf6-6824-4270-a97d-c2f9b0b93650"}[39m
[35m[HTTP][39m [37m<-- POST /wd/hub/session/ad1f2721-a12c-4205-8a37-942b7d43a184/element/be9aadf6-6824-4270-a97d-c2f9b0b93650/clear [39m[32m200[39m [90m34 ms - 27[39m
[35m[HTTP][39m [90m[39m
[35m[HTTP][39m [37m-->[39m [37mPOST[39m [37m/wd/hub/session/ad1f2721-a12c-4205-8a37-942b7d43a184/element/be9aadf6-6824-4270-a97d-c2f9b0b93650/value[39m
[35m[HTTP][39m [90m{"id":"be9aadf6-6824-4270-a97d-c2f9b0b93650","text":"123456","value":["1","2","3","4","5","6"]}[39m
[35m[HTTP][39m [37m<-- POST /wd/hub/session/ad1f2721-a12c-4205-8a37-942b7d43a184/element/be9aadf6-6824-4270-a97d-c2f9b0b93650/value [39m[32m200[39m [90m1047 ms - 12[39m
[35m[HTTP][39m [90m[39m
[35m[HTTP][39m [37m-->[39m [37mPOST[39m [37m/wd/hub/session/ad1f2721-a12c-4205-8a37-942b7d43a184/timeouts[39m
[35m[HTTP][39m [90m{"implicit":50}[39m
[35m[HTTP][39m [37m<-- POST /wd/hub/session/ad1f2721-a12c-4205-8a37-942b7d43a184/timeouts [39m[32m200[39m [90m6 ms - 14[39m
[35m[HTTP][39m [90m[39m
[35m[HTTP][39m [37m-->[39m [37mGET[39m [37m/wd/hub/session/ad1f2721-a12c-4205-8a37-942b7d43a184/window/rect[39m
[35m[HTTP][39m [90m{}[39m
[35m[HTTP][39m [37m<-- GET /wd/hub/session/ad1f2721-a12c-4205-8a37-942b7d43a184/window/rect [39m[32m200[39m [90m48 ms - 50[39m
[35m[HTTP][39m [90m[39m
[35m[HTTP][39m [37m-->[39m [37mPOST[39m [37m/wd/hub/session/ad1f2721-a12c-4205-8a37-942b7d43a184/elements[39m
[35m[HTTP][39m [90m{"using":"-android uiautomator","value":"new UiSelector().className(\"android.widget.EditText\").text(\"Confirm password\")"}[39m
[35m[HTTP][39m [37m<-- POST /wd/hub/session/ad1f2721-a12c-4205-8a37-942b7d43a184/elements [39m[32m200[39m [90m408 ms - 139[39m
[35m[HTTP][39m [90m[39m
[35m[HTTP][39m [37m-->[39m [37mGET[39m [37m/wd/hub/session/ad1f2721-a12c-4205-8a37-942b7d43a184/element/102b38f6-f8d0-41a2-9c35-f34429ef4782/location[39m
[35m[HTTP][39m [90m{}[39m
[35m[W3C (ad1f2721)][39m Driver proxy active, passing request on via HTTP proxy
[35m[WD Proxy][39m Replacing sessionId 57be8255-285a-4dab-bbc9-2f9c1b3f1138 with ad1f2721-a12c-4205-8a37-942b7d43a184
[35m[HTTP][39m [37m<-- GET /wd/hub/session/ad1f2721-a12c-4205-8a37-942b7d43a184/element/102b38f6-f8d0-41a2-9c35-f34429ef4782/location [39m[32m200[39m [90m30 ms - 90[39m
[35m[HTTP][39m [90m[39m
[35m[HTTP][39m [37m-->[39m [37mPOST[39m [37m/wd/hub/session/ad1f2721-a12c-4205-8a37-942b7d43a184/timeouts[39m
[35m[HTTP][39m [90m{"implicit":30000}[39m
[35m[HTTP][39m [37m<-- POST /wd/hub/session/ad1f2721-a12c-4205-8a37-942b7d43a184/timeouts [39m[32m200[39m [90m2 ms - 14[39m
[35m[HTTP][39m [90m[39m
[35m[HTTP][39m [37m-->[39m [37mPOST[39m [37m/wd/hub/session/ad1f2721-a12c-4205-8a37-942b7d43a184/element/102b38f6-f8d0-41a2-9c35-f34429ef4782/clear[39m
[35m[HTTP][39m [90m{"id":"102b38f6-f8d0-41a2-9c35-f34429ef4782"}[39m
[35m[HTTP][39m [37m<-- POST /wd/hub/session/ad1f2721-a12c-4205-8a37-942b7d43a184/element/102b38f6-f8d0-41a2-9c35-f34429ef4782/clear [39m[32m200[39m [90m33 ms - 27[39m
[35m[HTTP][39m [90m[39m
[35m[HTTP][39m [37m-->[39m [37mPOST[39m [37m/wd/hub/session/ad1f2721-a12c-4205-8a37-942b7d43a184/element/102b38f6-f8d0-41a2-9c35-f34429ef4782/value[39m
[35m[HTTP][39m [90m{"id":"102b38f6-f8d0-41a2-9c35-f34429ef4782","text":"123456","value":["1","2","3","4","5","6"]}[39m
[35m[HTTP][39m [37m<-- POST /wd/hub/session/ad1f2721-a12c-4205-8a37-942b7d43a184/element/102b38f6-f8d0-41a2-9c35-f34429ef4782/value [39m[32m200[39m [90m1038 ms - 12[39m
[35m[HTTP][39m [90m[39m
[35m[HTTP][39m [37m-->[39m [37mPOST[39m [37m/wd/hub/session/ad1f2721-a12c-4205-8a37-942b7d43a184/timeouts[39m
[35m[HTTP][39m [90m{"implicit":50}[39m
[35m[HTTP][39m [37m<-- POST /wd/hub/session/ad1f2721-a12c-4205-8a37-942b7d43a184/timeouts [39m[32m200[39m [90m3 ms - 14[39m
[35m[HTTP][39m [90m[39m
[35m[HTTP][39m [37m-->[39m [37mGET[39m [37m/wd/hub/session/ad1f2721-a12c-4205-8a37-942b7d43a184/window/rect[39m
[35m[HTTP][39m [90m{}[39m
[35m[HTTP][39m [37m<-- GET /wd/hub/session/ad1f2721-a12c-4205-8a37-942b7d43a184/window/rect [39m[32m200[39m [90m34 ms - 50[39m
[35m[HTTP][39m [90m[39m
[35m[HTTP][39m [37m-->[39m [37mPOST[39m [37m/wd/hub/session/ad1f2721-a12c-4205-8a37-942b7d43a184/elements[39m
[35m[HTTP][39m [90m{"using":"-android uiautomator","value":"new UiSelector().className(\"android.widget.TextView\").text(\"Register\")"}[39m
[35m[HTTP][39m [37m<-- POST /wd/hub/session/ad1f2721-a12c-4205-8a37-942b7d43a184/elements [39m[32m200[39m [90m455 ms - 267[39m
[35m[HTTP][39m [90m[39m
[35m[HTTP][39m [37m-->[39m [37mGET[39m [37m/wd/hub/session/ad1f2721-a12c-4205-8a37-942b7d43a184/element/1d78fb2e-97c8-4fe5-a929-36ffdd5f67ef/location[39m
[35m[HTTP][39m [90m{}[39m
[35m[W3C (ad1f2721)][39m Driver proxy active, passing request on via HTTP proxy
[35m[WD Proxy][39m Replacing sessionId 57be8255-285a-4dab-bbc9-2f9c1b3f1138 with ad1f2721-a12c-4205-8a37-942b7d43a184
[35m[HTTP][39m [37m<-- GET /wd/hub/session/ad1f2721-a12c-4205-8a37-942b7d43a184/element/1d78fb2e-97c8-4fe5-a929-36ffdd5f67ef/location [39m[32m200[39m [90m30 ms - 89[39m
[35m[HTTP][39m [90m[39m
[35m[HTTP][39m [37m-->[39m [37mPOST[39m [37m/wd/hub/session/ad1f2721-a12c-4205-8a37-942b7d43a184/timeouts[39m
[35m[HTTP][39m [90m{"implicit":30000}[39m
[35m[HTTP][39m [37m<-- POST /wd/hub/session/ad1f2721-a12c-4205-8a37-942b7d43a184/timeouts [39m[32m200[39m [90m2 ms - 14[39m
[35m[HTTP][39m [90m[39m
[35m[HTTP][39m [37m-->[39m [37mPOST[39m [37m/wd/hub/session/ad1f2721-a12c-4205-8a37-942b7d43a184/touch/perform[39m
[35m[HTTP][39m [90m{"actions":[{"action":"tap","options":{"x":1,"y":1,"element":"1d78fb2e-97c8-4fe5-a929-36ffdd5f67ef"}},{"action":"release","options":{}}]}[39m
[35m[UiAutomator2][39m calling get location: 1d78fb2e-97c8-4fe5-a929-36ffdd5f67ef
[35m[HTTP][39m [37m<-- POST /wd/hub/session/ad1f2721-a12c-4205-8a37-942b7d43a184/touch/perform [39m[32m200[39m [90m3167 ms - 14[39m
[35m[HTTP][39m [90m[39m
[35m[HTTP][39m [37m-->[39m [37mDELETE[39m [37m/wd/hub/session/ad1f2721-a12c-4205-8a37-942b7d43a184[39m
[35m[HTTP][39m [90m{}[39m
[35m[Appium][39m Removing session ad1f2721-a12c-4205-8a37-942b7d43a184 from our master session list
[35m[ADB][39m io.nativebase.market.geekyants.taxiappdriver was successfully uninstalled
[35m[UiAutomator2][39m Restoring hidden api policy to the device default configuration
[35m[HTTP][39m [37m<-- DELETE /wd/hub/session/ad1f2721-a12c-4205-8a37-942b7d43a184 [39m[32m200[39m [90m2055 ms - 14[39m
[35m[HTTP][39m [90m[39m
