[35m[Appium][39m Welcome to Appium v1.14.0
[35m[Appium][39m Non-default server args:
[35m[Appium][39m   port: 51774
[35m[Appium][39m   loglevel: info
[35m[Appium][39m   chromeDriverPort: 51780
[35m[Appium][39m   tmpDir: /var/folders/38/x4crs4qx0hn0r3_szny2t9sw0000gn/T//Katalon/Appium/Temp1565721153328
[35m[Appium][39m Appium REST http interface listener started on 0.0.0.0:51774
[35m[HTTP][39m [37m-->[39m [37mGET[39m [37m/wd/hub/status[39m
[35m[HTTP][39m [90m{}[39m
[35m[HTTP][39m [37m<-- GET /wd/hub/status [39m[32m200[39m [90m8 ms - 68[39m
[35m[HTTP][39m [90m[39m
[35m[HTTP][39m [37m-->[39m [37mPOST[39m [37m/wd/hub/session[39m
[35m[HTTP][39m [90m{"desiredCapabilities":{"app":"/Users/sumittulsyan/Downloads/app-release.apk","noReset":false,"deviceName":"emulator-5554 (Android SDK built for x86 - Android 7.0)","fullReset":true,"platform":"ANDROID","newCommandTimeout":1800,"platformVersion":"7.0","automationName":"uiautomator2","autoGrantPermissions":true,"platformName":"Android","udid":"emulator-5554","systemPort":51773},"capabilities":{"firstMatch":[{"appium:app":"/Users/sumittulsyan/Downloads/app-release.apk","appium:autoGrantPermissions":true,"appium:automationName":"uiautomator2","appium:deviceName":"emulator-5554 (Android SDK built for x86 - Android 7.0)","appium:fullReset":true,"appium:newCommandTimeout":1800,"appium:noReset":false,"platform":"ANDROID","platformName":"android","appium:platformVersion":"7.0","appium:systemPort":51773,"appium:udid":"emulator-5554"}]}}[39m
[35m[BaseDriver][39m The capabilities ["platform"] are not standard capabilities and should have an extension prefix
[35m[Appium][39m Appium v1.14.0 creating new AndroidUiautomator2Driver (v1.33.1) session
[35m[Appium][39m Capabilities:
[35m[Appium][39m   platform: ANDROID
[35m[Appium][39m   platformName: android
[35m[Appium][39m   app: /Users/sumittulsyan/Downloads/app-release.apk
[35m[Appium][39m   autoGrantPermissions: true
[35m[Appium][39m   automationName: uiautomator2
[35m[Appium][39m   deviceName: emulator-5554 (Android SDK built for x86 - Android 7.0)
[35m[Appium][39m   fullReset: true
[35m[Appium][39m   newCommandTimeout: 1800
[35m[Appium][39m   noReset: false
[35m[Appium][39m   platformVersion: 7.0
[35m[Appium][39m   systemPort: 51773
[35m[Appium][39m   udid: emulator-5554
[35m[BaseDriver][39m The following capabilities were provided, but are not recognized by Appium:
[35m[BaseDriver][39m   platform
[35m[BaseDriver][39m Session created with session id: 099c713e-9c84-48fe-9272-8b2ad5b336d6
[35m[BaseDriver][39m Using local app '/Users/sumittulsyan/Downloads/app-release.apk'
[35m[ADB][39m Found 1 'build-tools' folders under '/Users/sumittulsyan/.katalon/tools/android_sdk' (newest first):
[35m[ADB][39m     /Users/sumittulsyan/.katalon/tools/android_sdk/build-tools/29.0.1
[35m[ADB][39m Using 'adb' from '/Users/sumittulsyan/.katalon/tools/android_sdk/platform-tools/adb'
[35m[AndroidDriver][39m Retrieving device list
[35m[AndroidDriver][39m Using device: emulator-5554
[35m[ADB][39m Using 'adb' from '/Users/sumittulsyan/.katalon/tools/android_sdk/platform-tools/adb'
[35m[ADB][39m Using 'apkanalyzer' from '/Users/sumittulsyan/.katalon/tools/android_sdk/tools/bin/apkanalyzer'
[35m[ADB][39m Package name: 'io.nativebase.market.geekyants.taxiappdriver'
[35m[ADB][39m Main activity name: 'io.nativebase.market.geekyants.taxiappdriver.MainActivity'
[35m[ADB][39m Using 'aapt' from '/Users/sumittulsyan/.katalon/tools/android_sdk/build-tools/29.0.1/aapt'
[35m[ADB][39m Using 'apksigner' from '/Users/sumittulsyan/.katalon/tools/android_sdk/build-tools/29.0.1/apksigner'
[35m[UiAutomator2][39m Server packages are not going to be (re)installed
[35m[ADB][39m io.nativebase.market.geekyants.taxiappdriver was successfully uninstalled
[35m[ADB][39m The application at '/Users/sumittulsyan/Downloads/app-release.apk' is already cached to '/data/local/tmp/appium_cache/0a4c298d81fa9fed8129162356ad8641ab361e22.apk'
[35m[ADB][39m The installation of 'app-release.apk' took 10.682s
[35m[UiAutomator2][39m Starting UIAutomator2 server 3.7.0
[35m[UiAutomator2][39m Using UIAutomator2 server from '/Users/sumittulsyan/Downloads/appium-mobile-test/node_modules/appium-uiautomator2-server/apks/appium-uiautomator2-server-v3.7.0.apk' and test from '/Users/sumittulsyan/Downloads/appium-mobile-test/node_modules/appium-uiautomator2-server/apks/appium-uiautomator2-server-debug-androidTest.apk'
[35m[UiAutomator2][39m Waiting up to 30000ms for UiAutomator2 to be online...
[35m[WD Proxy][39m Got an unexpected response: {"code":"ECONNRESET"}
[35m[AndroidDriver][39m Screen already unlocked, doing nothing
[35m[UiAutomator2][39m UiAutomator2 did not start the activity we were waiting for, 'io.nativebase.market.geekyants.taxiappdriver/io.nativebase.market.geekyants.taxiappdriver.MainActivity'. Starting it ourselves
[35m[Appium][39m New AndroidUiautomator2Driver session created successfully, session 099c713e-9c84-48fe-9272-8b2ad5b336d6 added to master session list
[35m[HTTP][39m [37m<-- POST /wd/hub/session [39m[32m200[39m [90m23172 ms - 1272[39m
[35m[HTTP][39m [90m[39m
[35m[HTTP][39m [37m-->[39m [37mGET[39m [37m/wd/hub/session/099c713e-9c84-48fe-9272-8b2ad5b336d6[39m
[35m[HTTP][39m [90m{}[39m
[35m[HTTP][39m [37m<-- GET /wd/hub/session/099c713e-9c84-48fe-9272-8b2ad5b336d6 [39m[32m200[39m [90m73 ms - 1204[39m
[35m[HTTP][39m [90m[39m
[35m[HTTP][39m [37m-->[39m [37mGET[39m [37m/wd/hub/session/099c713e-9c84-48fe-9272-8b2ad5b336d6[39m
[35m[HTTP][39m [90m{}[39m
[35m[HTTP][39m [37m<-- GET /wd/hub/session/099c713e-9c84-48fe-9272-8b2ad5b336d6 [39m[32m200[39m [90m14 ms - 1204[39m
[35m[HTTP][39m [90m[39m
[35m[HTTP][39m [37m-->[39m [37mGET[39m [37m/wd/hub/status[39m
[35m[HTTP][39m [90m{}[39m
[35m[HTTP][39m [37m<-- GET /wd/hub/status [39m[32m200[39m [90m1 ms - 68[39m
[35m[HTTP][39m [90m[39m
[35m[HTTP][39m [37m-->[39m [37mPOST[39m [37m/wd/hub/session/099c713e-9c84-48fe-9272-8b2ad5b336d6/timeouts[39m
[35m[HTTP][39m [90m{"implicit":30000}[39m
[35m[HTTP][39m [37m<-- POST /wd/hub/session/099c713e-9c84-48fe-9272-8b2ad5b336d6/timeouts [39m[32m200[39m [90m4 ms - 14[39m
[35m[HTTP][39m [90m[39m
[35m[HTTP][39m [37m-->[39m [37mPOST[39m [37m/wd/hub/session/099c713e-9c84-48fe-9272-8b2ad5b336d6/timeouts[39m
[35m[HTTP][39m [90m{"implicit":50}[39m
[35m[HTTP][39m [37m<-- POST /wd/hub/session/099c713e-9c84-48fe-9272-8b2ad5b336d6/timeouts [39m[32m200[39m [90m3 ms - 14[39m
[35m[HTTP][39m [90m[39m
[35m[HTTP][39m [37m-->[39m [37mGET[39m [37m/wd/hub/session/099c713e-9c84-48fe-9272-8b2ad5b336d6/window/rect[39m
[35m[HTTP][39m [90m{}[39m
[35m[HTTP][39m [37m<-- GET /wd/hub/session/099c713e-9c84-48fe-9272-8b2ad5b336d6/window/rect [39m[32m200[39m [90m22 ms - 50[39m
[35m[HTTP][39m [90m[39m
[35m[HTTP][39m [37m-->[39m [37mPOST[39m [37m/wd/hub/session/099c713e-9c84-48fe-9272-8b2ad5b336d6/elements[39m
[35m[HTTP][39m [90m{"using":"-android uiautomator","value":"new UiSelector().className(\"android.widget.TextView\").text(\"Register\")"}[39m
[35m[HTTP][39m [37m<-- POST /wd/hub/session/099c713e-9c84-48fe-9272-8b2ad5b336d6/elements [39m[32m200[39m [90m55 ms - 12[39m
[35m[HTTP][39m [90m[39m
[35m[HTTP][39m [37m-->[39m [37mPOST[39m [37m/wd/hub/session/099c713e-9c84-48fe-9272-8b2ad5b336d6/elements[39m
[35m[HTTP][39m [90m{"using":"-android uiautomator","value":"new UiSelector().className(\"android.widget.TextView\").text(\"Register\")"}[39m
[35m[HTTP][39m [37m<-- POST /wd/hub/session/099c713e-9c84-48fe-9272-8b2ad5b336d6/elements [39m[32m200[39m [90m579 ms - 12[39m
[35m[HTTP][39m [90m[39m
[35m[HTTP][39m [37m-->[39m [37mPOST[39m [37m/wd/hub/session/099c713e-9c84-48fe-9272-8b2ad5b336d6/elements[39m
[35m[HTTP][39m [90m{"using":"-android uiautomator","value":"new UiSelector().className(\"android.widget.TextView\").text(\"Register\")"}[39m
[35m[HTTP][39m [37m<-- POST /wd/hub/session/099c713e-9c84-48fe-9272-8b2ad5b336d6/elements [39m[32m200[39m [90m1757 ms - 139[39m
[35m[HTTP][39m [90m[39m
[35m[HTTP][39m [37m-->[39m [37mGET[39m [37m/wd/hub/session/099c713e-9c84-48fe-9272-8b2ad5b336d6/element/52c39de2-8163-4daa-8eeb-023cfee239a4/location[39m
[35m[HTTP][39m [90m{}[39m
[35m[W3C (099c713e)][39m Driver proxy active, passing request on via HTTP proxy
[35m[WD Proxy][39m Replacing sessionId d1feeb77-fbed-4d61-a7d8-f12883879498 with 099c713e-9c84-48fe-9272-8b2ad5b336d6
[35m[HTTP][39m [37m<-- GET /wd/hub/session/099c713e-9c84-48fe-9272-8b2ad5b336d6/element/52c39de2-8163-4daa-8eeb-023cfee239a4/location [39m[32m200[39m [90m22 ms - 90[39m
[35m[HTTP][39m [90m[39m
[35m[HTTP][39m [37m-->[39m [37mPOST[39m [37m/wd/hub/session/099c713e-9c84-48fe-9272-8b2ad5b336d6/timeouts[39m
[35m[HTTP][39m [90m{"implicit":30000}[39m
[35m[HTTP][39m [37m<-- POST /wd/hub/session/099c713e-9c84-48fe-9272-8b2ad5b336d6/timeouts [39m[32m200[39m [90m2 ms - 14[39m
[35m[HTTP][39m [90m[39m
[35m[HTTP][39m [37m-->[39m [37mPOST[39m [37m/wd/hub/session/099c713e-9c84-48fe-9272-8b2ad5b336d6/touch/perform[39m
[35m[HTTP][39m [90m{"actions":[{"action":"tap","options":{"x":1,"y":1,"element":"52c39de2-8163-4daa-8eeb-023cfee239a4"}},{"action":"release","options":{}}]}[39m
[35m[UiAutomator2][39m calling get location: 52c39de2-8163-4daa-8eeb-023cfee239a4
[35m[HTTP][39m [37m<-- POST /wd/hub/session/099c713e-9c84-48fe-9272-8b2ad5b336d6/touch/perform [39m[32m200[39m [90m1246 ms - 14[39m
[35m[HTTP][39m [90m[39m
[35m[HTTP][39m [37m-->[39m [37mPOST[39m [37m/wd/hub/session/099c713e-9c84-48fe-9272-8b2ad5b336d6/timeouts[39m
[35m[HTTP][39m [90m{"implicit":50}[39m
[35m[HTTP][39m [37m<-- POST /wd/hub/session/099c713e-9c84-48fe-9272-8b2ad5b336d6/timeouts [39m[32m200[39m [90m2 ms - 14[39m
[35m[HTTP][39m [90m[39m
[35m[HTTP][39m [37m-->[39m [37mGET[39m [37m/wd/hub/session/099c713e-9c84-48fe-9272-8b2ad5b336d6/window/rect[39m
[35m[HTTP][39m [90m{}[39m
[35m[HTTP][39m [37m<-- GET /wd/hub/session/099c713e-9c84-48fe-9272-8b2ad5b336d6/window/rect [39m[32m200[39m [90m11 ms - 50[39m
[35m[HTTP][39m [90m[39m
[35m[HTTP][39m [37m-->[39m [37mPOST[39m [37m/wd/hub/session/099c713e-9c84-48fe-9272-8b2ad5b336d6/elements[39m
[35m[HTTP][39m [90m{"using":"-android uiautomator","value":"new UiSelector().className(\"android.widget.EditText\").text(\"First Name\")"}[39m
[35m[HTTP][39m [37m<-- POST /wd/hub/session/099c713e-9c84-48fe-9272-8b2ad5b336d6/elements [39m[32m200[39m [90m43 ms - 139[39m
[35m[HTTP][39m [90m[39m
[35m[HTTP][39m [37m-->[39m [37mGET[39m [37m/wd/hub/session/099c713e-9c84-48fe-9272-8b2ad5b336d6/element/16b12d2e-bfba-4464-95bf-6fecbb1a8638/location[39m
[35m[HTTP][39m [90m{}[39m
[35m[W3C (099c713e)][39m Driver proxy active, passing request on via HTTP proxy
[35m[WD Proxy][39m Replacing sessionId d1feeb77-fbed-4d61-a7d8-f12883879498 with 099c713e-9c84-48fe-9272-8b2ad5b336d6
[35m[HTTP][39m [37m<-- GET /wd/hub/session/099c713e-9c84-48fe-9272-8b2ad5b336d6/element/16b12d2e-bfba-4464-95bf-6fecbb1a8638/location [39m[32m200[39m [90m24 ms - 88[39m
[35m[HTTP][39m [90m[39m
[35m[HTTP][39m [37m-->[39m [37mPOST[39m [37m/wd/hub/session/099c713e-9c84-48fe-9272-8b2ad5b336d6/timeouts[39m
[35m[HTTP][39m [90m{"implicit":30000}[39m
[35m[HTTP][39m [37m<-- POST /wd/hub/session/099c713e-9c84-48fe-9272-8b2ad5b336d6/timeouts [39m[32m200[39m [90m2 ms - 14[39m
[35m[HTTP][39m [90m[39m
[35m[HTTP][39m [37m-->[39m [37mPOST[39m [37m/wd/hub/session/099c713e-9c84-48fe-9272-8b2ad5b336d6/element/16b12d2e-bfba-4464-95bf-6fecbb1a8638/clear[39m
[35m[HTTP][39m [90m{"id":"16b12d2e-bfba-4464-95bf-6fecbb1a8638"}[39m
[35m[HTTP][39m [37m<-- POST /wd/hub/session/099c713e-9c84-48fe-9272-8b2ad5b336d6/element/16b12d2e-bfba-4464-95bf-6fecbb1a8638/clear [39m[32m200[39m [90m33 ms - 27[39m
[35m[HTTP][39m [90m[39m
[35m[HTTP][39m [37m-->[39m [37mPOST[39m [37m/wd/hub/session/099c713e-9c84-48fe-9272-8b2ad5b336d6/element/16b12d2e-bfba-4464-95bf-6fecbb1a8638/value[39m
[35m[HTTP][39m [90m{"id":"16b12d2e-bfba-4464-95bf-6fecbb1a8638","text":"fdgs","value":["f","d","g","s"]}[39m
[35m[HTTP][39m [37m<-- POST /wd/hub/session/099c713e-9c84-48fe-9272-8b2ad5b336d6/element/16b12d2e-bfba-4464-95bf-6fecbb1a8638/value [39m[32m200[39m [90m1055 ms - 12[39m
[35m[HTTP][39m [90m[39m
[35m[HTTP][39m [37m-->[39m [37mPOST[39m [37m/wd/hub/session/099c713e-9c84-48fe-9272-8b2ad5b336d6/timeouts[39m
[35m[HTTP][39m [90m{"implicit":50}[39m
[35m[HTTP][39m [37m<-- POST /wd/hub/session/099c713e-9c84-48fe-9272-8b2ad5b336d6/timeouts [39m[32m200[39m [90m2 ms - 14[39m
[35m[HTTP][39m [90m[39m
[35m[HTTP][39m [37m-->[39m [37mGET[39m [37m/wd/hub/session/099c713e-9c84-48fe-9272-8b2ad5b336d6/window/rect[39m
[35m[HTTP][39m [90m{}[39m
[35m[HTTP][39m [37m<-- GET /wd/hub/session/099c713e-9c84-48fe-9272-8b2ad5b336d6/window/rect [39m[32m200[39m [90m53 ms - 50[39m
[35m[HTTP][39m [90m[39m
[35m[HTTP][39m [37m-->[39m [37mPOST[39m [37m/wd/hub/session/099c713e-9c84-48fe-9272-8b2ad5b336d6/elements[39m
[35m[HTTP][39m [90m{"using":"-android uiautomator","value":"new UiSelector().className(\"android.widget.EditText\").text(\"Last Name\")"}[39m
[35m[HTTP][39m [37m<-- POST /wd/hub/session/099c713e-9c84-48fe-9272-8b2ad5b336d6/elements [39m[32m200[39m [90m309 ms - 139[39m
[35m[HTTP][39m [90m[39m
[35m[HTTP][39m [37m-->[39m [37mGET[39m [37m/wd/hub/session/099c713e-9c84-48fe-9272-8b2ad5b336d6/element/34069a52-232d-4988-b49f-feb2c11984cd/location[39m
[35m[HTTP][39m [90m{}[39m
[35m[W3C (099c713e)][39m Driver proxy active, passing request on via HTTP proxy
[35m[WD Proxy][39m Replacing sessionId d1feeb77-fbed-4d61-a7d8-f12883879498 with 099c713e-9c84-48fe-9272-8b2ad5b336d6
[35m[HTTP][39m [37m<-- GET /wd/hub/session/099c713e-9c84-48fe-9272-8b2ad5b336d6/element/34069a52-232d-4988-b49f-feb2c11984cd/location [39m[32m200[39m [90m22 ms - 89[39m
[35m[HTTP][39m [90m[39m
[35m[HTTP][39m [37m-->[39m [37mPOST[39m [37m/wd/hub/session/099c713e-9c84-48fe-9272-8b2ad5b336d6/timeouts[39m
[35m[HTTP][39m [90m{"implicit":30000}[39m
[35m[HTTP][39m [37m<-- POST /wd/hub/session/099c713e-9c84-48fe-9272-8b2ad5b336d6/timeouts [39m[32m200[39m [90m2 ms - 14[39m
[35m[HTTP][39m [90m[39m
[35m[HTTP][39m [37m-->[39m [37mPOST[39m [37m/wd/hub/session/099c713e-9c84-48fe-9272-8b2ad5b336d6/element/34069a52-232d-4988-b49f-feb2c11984cd/clear[39m
[35m[HTTP][39m [90m{"id":"34069a52-232d-4988-b49f-feb2c11984cd"}[39m
[35m[HTTP][39m [37m<-- POST /wd/hub/session/099c713e-9c84-48fe-9272-8b2ad5b336d6/element/34069a52-232d-4988-b49f-feb2c11984cd/clear [39m[32m200[39m [90m31 ms - 27[39m
[35m[HTTP][39m [90m[39m
[35m[HTTP][39m [37m-->[39m [37mPOST[39m [37m/wd/hub/session/099c713e-9c84-48fe-9272-8b2ad5b336d6/element/34069a52-232d-4988-b49f-feb2c11984cd/value[39m
[35m[HTTP][39m [90m{"id":"34069a52-232d-4988-b49f-feb2c11984cd","text":"setdrfgjhk","value":["s","e","t","d","r","f","g","j","h","k"]}[39m
[35m[HTTP][39m [37m<-- POST /wd/hub/session/099c713e-9c84-48fe-9272-8b2ad5b336d6/element/34069a52-232d-4988-b49f-feb2c11984cd/value [39m[32m200[39m [90m1042 ms - 12[39m
[35m[HTTP][39m [90m[39m
[35m[HTTP][39m [37m-->[39m [37mPOST[39m [37m/wd/hub/session/099c713e-9c84-48fe-9272-8b2ad5b336d6/timeouts[39m
[35m[HTTP][39m [90m{"implicit":50}[39m
[35m[HTTP][39m [37m<-- POST /wd/hub/session/099c713e-9c84-48fe-9272-8b2ad5b336d6/timeouts [39m[32m200[39m [90m4 ms - 14[39m
[35m[HTTP][39m [90m[39m
[35m[HTTP][39m [37m-->[39m [37mGET[39m [37m/wd/hub/session/099c713e-9c84-48fe-9272-8b2ad5b336d6/window/rect[39m
[35m[HTTP][39m [90m{}[39m
[35m[HTTP][39m [37m<-- GET /wd/hub/session/099c713e-9c84-48fe-9272-8b2ad5b336d6/window/rect [39m[32m200[39m [90m21 ms - 50[39m
[35m[HTTP][39m [90m[39m
[35m[HTTP][39m [37m-->[39m [37mPOST[39m [37m/wd/hub/session/099c713e-9c84-48fe-9272-8b2ad5b336d6/elements[39m
[35m[HTTP][39m [90m{"using":"-android uiautomator","value":"new UiSelector().className(\"android.widget.EditText\").text(\"Email\")"}[39m
[35m[HTTP][39m [37m<-- POST /wd/hub/session/099c713e-9c84-48fe-9272-8b2ad5b336d6/elements [39m[32m200[39m [90m364 ms - 139[39m
[35m[HTTP][39m [90m[39m
[35m[HTTP][39m [37m-->[39m [37mGET[39m [37m/wd/hub/session/099c713e-9c84-48fe-9272-8b2ad5b336d6/element/0c7df581-f6c9-4d45-9657-ea076818356b/location[39m
[35m[HTTP][39m [90m{}[39m
[35m[W3C (099c713e)][39m Driver proxy active, passing request on via HTTP proxy
[35m[WD Proxy][39m Replacing sessionId d1feeb77-fbed-4d61-a7d8-f12883879498 with 099c713e-9c84-48fe-9272-8b2ad5b336d6
[35m[HTTP][39m [37m<-- GET /wd/hub/session/099c713e-9c84-48fe-9272-8b2ad5b336d6/element/0c7df581-f6c9-4d45-9657-ea076818356b/location [39m[32m200[39m [90m22 ms - 88[39m
[35m[HTTP][39m [90m[39m
[35m[HTTP][39m [37m-->[39m [37mPOST[39m [37m/wd/hub/session/099c713e-9c84-48fe-9272-8b2ad5b336d6/timeouts[39m
[35m[HTTP][39m [90m{"implicit":30000}[39m
[35m[HTTP][39m [37m<-- POST /wd/hub/session/099c713e-9c84-48fe-9272-8b2ad5b336d6/timeouts [39m[32m200[39m [90m4 ms - 14[39m
[35m[HTTP][39m [90m[39m
[35m[HTTP][39m [37m-->[39m [37mPOST[39m [37m/wd/hub/session/099c713e-9c84-48fe-9272-8b2ad5b336d6/element/0c7df581-f6c9-4d45-9657-ea076818356b/clear[39m
[35m[HTTP][39m [90m{"id":"0c7df581-f6c9-4d45-9657-ea076818356b"}[39m
[35m[HTTP][39m [37m<-- POST /wd/hub/session/099c713e-9c84-48fe-9272-8b2ad5b336d6/element/0c7df581-f6c9-4d45-9657-ea076818356b/clear [39m[32m200[39m [90m26 ms - 27[39m
[35m[HTTP][39m [90m[39m
[35m[HTTP][39m [37m-->[39m [37mPOST[39m [37m/wd/hub/session/099c713e-9c84-48fe-9272-8b2ad5b336d6/element/0c7df581-f6c9-4d45-9657-ea076818356b/value[39m
[35m[HTTP][39m [90m{"id":"0c7df581-f6c9-4d45-9657-ea076818356b","text":"hkgyufi@hjdfj.com","value":["h","k","g","y","u","f","i","@","h","j","d","f","j",".","c","o","m"]}[39m
[35m[HTTP][39m [37m<-- POST /wd/hub/session/099c713e-9c84-48fe-9272-8b2ad5b336d6/element/0c7df581-f6c9-4d45-9657-ea076818356b/value [39m[32m200[39m [90m1028 ms - 12[39m
[35m[HTTP][39m [90m[39m
[35m[HTTP][39m [37m-->[39m [37mPOST[39m [37m/wd/hub/session/099c713e-9c84-48fe-9272-8b2ad5b336d6/timeouts[39m
[35m[HTTP][39m [90m{"implicit":50}[39m
[35m[HTTP][39m [37m<-- POST /wd/hub/session/099c713e-9c84-48fe-9272-8b2ad5b336d6/timeouts [39m[32m200[39m [90m2 ms - 14[39m
[35m[HTTP][39m [90m[39m
[35m[HTTP][39m [37m-->[39m [37mGET[39m [37m/wd/hub/session/099c713e-9c84-48fe-9272-8b2ad5b336d6/window/rect[39m
[35m[HTTP][39m [90m{}[39m
[35m[HTTP][39m [37m<-- GET /wd/hub/session/099c713e-9c84-48fe-9272-8b2ad5b336d6/window/rect [39m[32m200[39m [90m27 ms - 50[39m
[35m[HTTP][39m [90m[39m
[35m[HTTP][39m [37m-->[39m [37mPOST[39m [37m/wd/hub/session/099c713e-9c84-48fe-9272-8b2ad5b336d6/elements[39m
[35m[HTTP][39m [90m{"using":"-android uiautomator","value":"new UiSelector().className(\"android.widget.EditText\").text(\"Mobile Number\")"}[39m
[35m[HTTP][39m [37m<-- POST /wd/hub/session/099c713e-9c84-48fe-9272-8b2ad5b336d6/elements [39m[32m200[39m [90m450 ms - 139[39m
[35m[HTTP][39m [90m[39m
[35m[HTTP][39m [37m-->[39m [37mGET[39m [37m/wd/hub/session/099c713e-9c84-48fe-9272-8b2ad5b336d6/element/bd4e5fe6-6f21-454f-af99-44e8d1d7310d/location[39m
[35m[HTTP][39m [90m{}[39m
[35m[W3C (099c713e)][39m Driver proxy active, passing request on via HTTP proxy
[35m[WD Proxy][39m Replacing sessionId d1feeb77-fbed-4d61-a7d8-f12883879498 with 099c713e-9c84-48fe-9272-8b2ad5b336d6
[35m[HTTP][39m [37m<-- GET /wd/hub/session/099c713e-9c84-48fe-9272-8b2ad5b336d6/element/bd4e5fe6-6f21-454f-af99-44e8d1d7310d/location [39m[32m200[39m [90m29 ms - 90[39m
[35m[HTTP][39m [90m[39m
[35m[HTTP][39m [37m-->[39m [37mPOST[39m [37m/wd/hub/session/099c713e-9c84-48fe-9272-8b2ad5b336d6/timeouts[39m
[35m[HTTP][39m [90m{"implicit":30000}[39m
[35m[HTTP][39m [37m<-- POST /wd/hub/session/099c713e-9c84-48fe-9272-8b2ad5b336d6/timeouts [39m[32m200[39m [90m2 ms - 14[39m
[35m[HTTP][39m [90m[39m
[35m[HTTP][39m [37m-->[39m [37mPOST[39m [37m/wd/hub/session/099c713e-9c84-48fe-9272-8b2ad5b336d6/element/bd4e5fe6-6f21-454f-af99-44e8d1d7310d/clear[39m
[35m[HTTP][39m [90m{"id":"bd4e5fe6-6f21-454f-af99-44e8d1d7310d"}[39m
[35m[HTTP][39m [37m<-- POST /wd/hub/session/099c713e-9c84-48fe-9272-8b2ad5b336d6/element/bd4e5fe6-6f21-454f-af99-44e8d1d7310d/clear [39m[32m200[39m [90m35 ms - 27[39m
[35m[HTTP][39m [90m[39m
[35m[HTTP][39m [37m-->[39m [37mPOST[39m [37m/wd/hub/session/099c713e-9c84-48fe-9272-8b2ad5b336d6/element/bd4e5fe6-6f21-454f-af99-44e8d1d7310d/value[39m
[35m[HTTP][39m [90m{"id":"bd4e5fe6-6f21-454f-af99-44e8d1d7310d","text":"9812981298","value":["9","8","1","2","9","8","1","2","9","8"]}[39m
[35m[HTTP][39m [37m<-- POST /wd/hub/session/099c713e-9c84-48fe-9272-8b2ad5b336d6/element/bd4e5fe6-6f21-454f-af99-44e8d1d7310d/value [39m[32m200[39m [90m1086 ms - 12[39m
[35m[HTTP][39m [90m[39m
[35m[HTTP][39m [37m-->[39m [37mPOST[39m [37m/wd/hub/session/099c713e-9c84-48fe-9272-8b2ad5b336d6/timeouts[39m
[35m[HTTP][39m [90m{"implicit":50}[39m
[35m[HTTP][39m [37m<-- POST /wd/hub/session/099c713e-9c84-48fe-9272-8b2ad5b336d6/timeouts [39m[32m200[39m [90m2 ms - 14[39m
[35m[HTTP][39m [90m[39m
[35m[HTTP][39m [37m-->[39m [37mGET[39m [37m/wd/hub/session/099c713e-9c84-48fe-9272-8b2ad5b336d6/window/rect[39m
[35m[HTTP][39m [90m{}[39m
[35m[HTTP][39m [37m<-- GET /wd/hub/session/099c713e-9c84-48fe-9272-8b2ad5b336d6/window/rect [39m[32m200[39m [90m17 ms - 50[39m
[35m[HTTP][39m [90m[39m
[35m[HTTP][39m [37m-->[39m [37mPOST[39m [37m/wd/hub/session/099c713e-9c84-48fe-9272-8b2ad5b336d6/elements[39m
[35m[HTTP][39m [90m{"using":"-android uiautomator","value":"new UiSelector().className(\"android.widget.EditText\").text(\"Password\")"}[39m
[35m[HTTP][39m [37m<-- POST /wd/hub/session/099c713e-9c84-48fe-9272-8b2ad5b336d6/elements [39m[32m200[39m [90m481 ms - 139[39m
[35m[HTTP][39m [90m[39m
[35m[HTTP][39m [37m-->[39m [37mGET[39m [37m/wd/hub/session/099c713e-9c84-48fe-9272-8b2ad5b336d6/element/819b9125-0467-45a1-b155-08c4de1419ce/location[39m
[35m[HTTP][39m [90m{}[39m
[35m[W3C (099c713e)][39m Driver proxy active, passing request on via HTTP proxy
[35m[WD Proxy][39m Replacing sessionId d1feeb77-fbed-4d61-a7d8-f12883879498 with 099c713e-9c84-48fe-9272-8b2ad5b336d6
[35m[HTTP][39m [37m<-- GET /wd/hub/session/099c713e-9c84-48fe-9272-8b2ad5b336d6/element/819b9125-0467-45a1-b155-08c4de1419ce/location [39m[32m200[39m [90m43 ms - 89[39m
[35m[HTTP][39m [90m[39m
[35m[HTTP][39m [37m-->[39m [37mPOST[39m [37m/wd/hub/session/099c713e-9c84-48fe-9272-8b2ad5b336d6/timeouts[39m
[35m[HTTP][39m [90m{"implicit":30000}[39m
[35m[HTTP][39m [37m<-- POST /wd/hub/session/099c713e-9c84-48fe-9272-8b2ad5b336d6/timeouts [39m[32m200[39m [90m3 ms - 14[39m
[35m[HTTP][39m [90m[39m
[35m[HTTP][39m [37m-->[39m [37mPOST[39m [37m/wd/hub/session/099c713e-9c84-48fe-9272-8b2ad5b336d6/element/819b9125-0467-45a1-b155-08c4de1419ce/clear[39m
[35m[HTTP][39m [90m{"id":"819b9125-0467-45a1-b155-08c4de1419ce"}[39m
[35m[HTTP][39m [37m<-- POST /wd/hub/session/099c713e-9c84-48fe-9272-8b2ad5b336d6/element/819b9125-0467-45a1-b155-08c4de1419ce/clear [39m[32m200[39m [90m54 ms - 27[39m
[35m[HTTP][39m [90m[39m
[35m[HTTP][39m [37m-->[39m [37mPOST[39m [37m/wd/hub/session/099c713e-9c84-48fe-9272-8b2ad5b336d6/element/819b9125-0467-45a1-b155-08c4de1419ce/value[39m
[35m[HTTP][39m [90m{"id":"819b9125-0467-45a1-b155-08c4de1419ce","text":"123456","value":["1","2","3","4","5","6"]}[39m
[35m[HTTP][39m [37m<-- POST /wd/hub/session/099c713e-9c84-48fe-9272-8b2ad5b336d6/element/819b9125-0467-45a1-b155-08c4de1419ce/value [39m[32m200[39m [90m1080 ms - 12[39m
[35m[HTTP][39m [90m[39m
[35m[HTTP][39m [37m-->[39m [37mPOST[39m [37m/wd/hub/session/099c713e-9c84-48fe-9272-8b2ad5b336d6/timeouts[39m
[35m[HTTP][39m [90m{"implicit":50}[39m
[35m[HTTP][39m [37m<-- POST /wd/hub/session/099c713e-9c84-48fe-9272-8b2ad5b336d6/timeouts [39m[32m200[39m [90m2 ms - 14[39m
[35m[HTTP][39m [90m[39m
[35m[HTTP][39m [37m-->[39m [37mGET[39m [37m/wd/hub/session/099c713e-9c84-48fe-9272-8b2ad5b336d6/window/rect[39m
[35m[HTTP][39m [90m{}[39m
[35m[HTTP][39m [37m<-- GET /wd/hub/session/099c713e-9c84-48fe-9272-8b2ad5b336d6/window/rect [39m[32m200[39m [90m17 ms - 50[39m
[35m[HTTP][39m [90m[39m
[35m[HTTP][39m [37m-->[39m [37mPOST[39m [37m/wd/hub/session/099c713e-9c84-48fe-9272-8b2ad5b336d6/elements[39m
[35m[HTTP][39m [90m{"using":"-android uiautomator","value":"new UiSelector().className(\"android.widget.EditText\").text(\"Confirm password\")"}[39m
[35m[HTTP][39m [37m<-- POST /wd/hub/session/099c713e-9c84-48fe-9272-8b2ad5b336d6/elements [39m[32m200[39m [90m479 ms - 139[39m
[35m[HTTP][39m [90m[39m
[35m[HTTP][39m [37m-->[39m [37mGET[39m [37m/wd/hub/session/099c713e-9c84-48fe-9272-8b2ad5b336d6/element/20cd8e1e-d4e6-4afd-80cf-4175925829ef/location[39m
[35m[HTTP][39m [90m{}[39m
[35m[W3C (099c713e)][39m Driver proxy active, passing request on via HTTP proxy
[35m[WD Proxy][39m Replacing sessionId d1feeb77-fbed-4d61-a7d8-f12883879498 with 099c713e-9c84-48fe-9272-8b2ad5b336d6
[35m[HTTP][39m [37m<-- GET /wd/hub/session/099c713e-9c84-48fe-9272-8b2ad5b336d6/element/20cd8e1e-d4e6-4afd-80cf-4175925829ef/location [39m[32m200[39m [90m39 ms - 89[39m
[35m[HTTP][39m [90m[39m
[35m[HTTP][39m [37m-->[39m [37mPOST[39m [37m/wd/hub/session/099c713e-9c84-48fe-9272-8b2ad5b336d6/timeouts[39m
[35m[HTTP][39m [90m{"implicit":30000}[39m
[35m[HTTP][39m [37m<-- POST /wd/hub/session/099c713e-9c84-48fe-9272-8b2ad5b336d6/timeouts [39m[32m200[39m [90m5 ms - 14[39m
[35m[HTTP][39m [90m[39m
[35m[HTTP][39m [37m-->[39m [37mPOST[39m [37m/wd/hub/session/099c713e-9c84-48fe-9272-8b2ad5b336d6/element/20cd8e1e-d4e6-4afd-80cf-4175925829ef/clear[39m
[35m[HTTP][39m [90m{"id":"20cd8e1e-d4e6-4afd-80cf-4175925829ef"}[39m
[35m[HTTP][39m [37m<-- POST /wd/hub/session/099c713e-9c84-48fe-9272-8b2ad5b336d6/element/20cd8e1e-d4e6-4afd-80cf-4175925829ef/clear [39m[32m200[39m [90m39 ms - 27[39m
[35m[HTTP][39m [90m[39m
[35m[HTTP][39m [37m-->[39m [37mPOST[39m [37m/wd/hub/session/099c713e-9c84-48fe-9272-8b2ad5b336d6/element/20cd8e1e-d4e6-4afd-80cf-4175925829ef/value[39m
[35m[HTTP][39m [90m{"id":"20cd8e1e-d4e6-4afd-80cf-4175925829ef","text":"123456","value":["1","2","3","4","5","6"]}[39m
[35m[HTTP][39m [37m<-- POST /wd/hub/session/099c713e-9c84-48fe-9272-8b2ad5b336d6/element/20cd8e1e-d4e6-4afd-80cf-4175925829ef/value [39m[32m200[39m [90m1093 ms - 12[39m
[35m[HTTP][39m [90m[39m
[35m[HTTP][39m [37m-->[39m [37mPOST[39m [37m/wd/hub/session/099c713e-9c84-48fe-9272-8b2ad5b336d6/timeouts[39m
[35m[HTTP][39m [90m{"implicit":50}[39m
[35m[HTTP][39m [37m<-- POST /wd/hub/session/099c713e-9c84-48fe-9272-8b2ad5b336d6/timeouts [39m[32m200[39m [90m2 ms - 14[39m
[35m[HTTP][39m [90m[39m
[35m[HTTP][39m [37m-->[39m [37mGET[39m [37m/wd/hub/session/099c713e-9c84-48fe-9272-8b2ad5b336d6/window/rect[39m
[35m[HTTP][39m [90m{}[39m
[35m[HTTP][39m [37m<-- GET /wd/hub/session/099c713e-9c84-48fe-9272-8b2ad5b336d6/window/rect [39m[32m200[39m [90m25 ms - 50[39m
[35m[HTTP][39m [90m[39m
[35m[HTTP][39m [37m-->[39m [37mPOST[39m [37m/wd/hub/session/099c713e-9c84-48fe-9272-8b2ad5b336d6/elements[39m
[35m[HTTP][39m [90m{"using":"xpath","value":"//hierarchy/android.widget.FrameLayout[1]/android.widget.LinearLayout[1]/android.widget.FrameLayout[1]/android.widget.LinearLayout[1]/android.widget.FrameLayout[1]/android.widget.FrameLayout[1]/android.view.ViewGroup[1]/android.view.ViewGroup[1]/android.view.ViewGroup[1]/android.view.ViewGroup[1]/android.support.v4.widget.DrawerLayout[1]/android.view.ViewGroup[1]/android.view.ViewGroup[1]/android.view.ViewGroup[1]/android.view.ViewGroup[1]/android.view.ViewGroup[1]/android.view.ViewGroup[1]/android.widget.ScrollView[1]/android.view.ViewGroup[1]/android.view.ViewGroup[11]/android.widget.TextView[1]"}[39m
[35m[HTTP][39m [37m<-- POST /wd/hub/session/099c713e-9c84-48fe-9272-8b2ad5b336d6/elements [39m[32m200[39m [90m573 ms - 139[39m
[35m[HTTP][39m [90m[39m
[35m[HTTP][39m [37m-->[39m [37mGET[39m [37m/wd/hub/session/099c713e-9c84-48fe-9272-8b2ad5b336d6/element/8b328df5-c153-497c-89dc-6ae710f8c8a1/location[39m
[35m[HTTP][39m [90m{}[39m
[35m[W3C (099c713e)][39m Driver proxy active, passing request on via HTTP proxy
[35m[WD Proxy][39m Replacing sessionId d1feeb77-fbed-4d61-a7d8-f12883879498 with 099c713e-9c84-48fe-9272-8b2ad5b336d6
[35m[HTTP][39m [37m<-- GET /wd/hub/session/099c713e-9c84-48fe-9272-8b2ad5b336d6/element/8b328df5-c153-497c-89dc-6ae710f8c8a1/location [39m[32m200[39m [90m23 ms - 90[39m
[35m[HTTP][39m [90m[39m
[35m[HTTP][39m [37m-->[39m [37mPOST[39m [37m/wd/hub/session/099c713e-9c84-48fe-9272-8b2ad5b336d6/timeouts[39m
[35m[HTTP][39m [90m{"implicit":30000}[39m
[35m[HTTP][39m [37m<-- POST /wd/hub/session/099c713e-9c84-48fe-9272-8b2ad5b336d6/timeouts [39m[32m200[39m [90m2 ms - 14[39m
[35m[HTTP][39m [90m[39m
[35m[HTTP][39m [37m-->[39m [37mPOST[39m [37m/wd/hub/session/099c713e-9c84-48fe-9272-8b2ad5b336d6/touch/perform[39m
[35m[HTTP][39m [90m{"actions":[{"action":"tap","options":{"x":1,"y":1,"element":"8b328df5-c153-497c-89dc-6ae710f8c8a1"}},{"action":"release","options":{}}]}[39m
[35m[UiAutomator2][39m calling get location: 8b328df5-c153-497c-89dc-6ae710f8c8a1
[35m[HTTP][39m [37m<-- POST /wd/hub/session/099c713e-9c84-48fe-9272-8b2ad5b336d6/touch/perform [39m[32m200[39m [90m36 ms - 14[39m
[35m[HTTP][39m [90m[39m
[35m[HTTP][39m [37m-->[39m [37mPOST[39m [37m/wd/hub/session/099c713e-9c84-48fe-9272-8b2ad5b336d6/timeouts[39m
[35m[HTTP][39m [90m{"implicit":50}[39m
[35m[HTTP][39m [37m<-- POST /wd/hub/session/099c713e-9c84-48fe-9272-8b2ad5b336d6/timeouts [39m[32m200[39m [90m2 ms - 14[39m
[35m[HTTP][39m [90m[39m
[35m[HTTP][39m [37m-->[39m [37mGET[39m [37m/wd/hub/session/099c713e-9c84-48fe-9272-8b2ad5b336d6/window/rect[39m
[35m[HTTP][39m [90m{}[39m
[35m[HTTP][39m [37m<-- GET /wd/hub/session/099c713e-9c84-48fe-9272-8b2ad5b336d6/window/rect [39m[32m200[39m [90m19 ms - 50[39m
[35m[HTTP][39m [90m[39m
[35m[HTTP][39m [37m-->[39m [37mPOST[39m [37m/wd/hub/session/099c713e-9c84-48fe-9272-8b2ad5b336d6/elements[39m
[35m[HTTP][39m [90m{"using":"-android uiautomator","value":"new UiSelector().className(\"android.widget.TextView\").text(\"Drivers License-Front\")"}[39m
[35m[HTTP][39m [37m<-- POST /wd/hub/session/099c713e-9c84-48fe-9272-8b2ad5b336d6/elements [39m[32m200[39m [90m56 ms - 12[39m
[35m[HTTP][39m [90m[39m
[35m[HTTP][39m [37m-->[39m [37mPOST[39m [37m/wd/hub/session/099c713e-9c84-48fe-9272-8b2ad5b336d6/elements[39m
[35m[HTTP][39m [90m{"using":"-android uiautomator","value":"new UiSelector().className(\"android.widget.TextView\").text(\"Drivers License-Front\")"}[39m
[35m[HTTP][39m [37m<-- POST /wd/hub/session/099c713e-9c84-48fe-9272-8b2ad5b336d6/elements [39m[32m200[39m [90m1188 ms - 12[39m
[35m[HTTP][39m [90m[39m
[35m[HTTP][39m [37m-->[39m [37mPOST[39m [37m/wd/hub/session/099c713e-9c84-48fe-9272-8b2ad5b336d6/elements[39m
[35m[HTTP][39m [90m{"using":"-android uiautomator","value":"new UiSelector().className(\"android.widget.TextView\").text(\"Drivers License-Front\")"}[39m
[35m[HTTP][39m [37m<-- POST /wd/hub/session/099c713e-9c84-48fe-9272-8b2ad5b336d6/elements [39m[32m200[39m [90m70 ms - 12[39m
[35m[HTTP][39m [90m[39m
[35m[HTTP][39m [37m-->[39m [37mPOST[39m [37m/wd/hub/session/099c713e-9c84-48fe-9272-8b2ad5b336d6/elements[39m
[35m[HTTP][39m [90m{"using":"-android uiautomator","value":"new UiSelector().className(\"android.widget.TextView\").text(\"Drivers License-Front\")"}[39m
[35m[HTTP][39m [37m<-- POST /wd/hub/session/099c713e-9c84-48fe-9272-8b2ad5b336d6/elements [39m[32m200[39m [90m599 ms - 12[39m
[35m[HTTP][39m [90m[39m
[35m[HTTP][39m [37m-->[39m [37mPOST[39m [37m/wd/hub/session/099c713e-9c84-48fe-9272-8b2ad5b336d6/elements[39m
[35m[HTTP][39m [90m{"using":"-android uiautomator","value":"new UiSelector().className(\"android.widget.TextView\").text(\"Drivers License-Front\")"}[39m
[35m[HTTP][39m [37m<-- POST /wd/hub/session/099c713e-9c84-48fe-9272-8b2ad5b336d6/elements [39m[32m200[39m [90m123 ms - 12[39m
[35m[HTTP][39m [90m[39m
[35m[HTTP][39m [37m-->[39m [37mPOST[39m [37m/wd/hub/session/099c713e-9c84-48fe-9272-8b2ad5b336d6/elements[39m
[35m[HTTP][39m [90m{"using":"-android uiautomator","value":"new UiSelector().className(\"android.widget.TextView\").text(\"Drivers License-Front\")"}[39m
[35m[HTTP][39m [37m<-- POST /wd/hub/session/099c713e-9c84-48fe-9272-8b2ad5b336d6/elements [39m[32m200[39m [90m623 ms - 12[39m
[35m[HTTP][39m [90m[39m
[35m[HTTP][39m [37m-->[39m [37mPOST[39m [37m/wd/hub/session/099c713e-9c84-48fe-9272-8b2ad5b336d6/elements[39m
[35m[HTTP][39m [90m{"using":"-android uiautomator","value":"new UiSelector().className(\"android.widget.TextView\").text(\"Drivers License-Front\")"}[39m
[35m[HTTP][39m [37m<-- POST /wd/hub/session/099c713e-9c84-48fe-9272-8b2ad5b336d6/elements [39m[32m200[39m [90m565 ms - 12[39m
[35m[HTTP][39m [90m[39m
[35m[HTTP][39m [37m-->[39m [37mPOST[39m [37m/wd/hub/session/099c713e-9c84-48fe-9272-8b2ad5b336d6/elements[39m
[35m[HTTP][39m [90m{"using":"-android uiautomator","value":"new UiSelector().className(\"android.widget.TextView\").text(\"Drivers License-Front\")"}[39m
[35m[HTTP][39m [37m<-- POST /wd/hub/session/099c713e-9c84-48fe-9272-8b2ad5b336d6/elements [39m[32m200[39m [90m573 ms - 12[39m
[35m[HTTP][39m [90m[39m
[35m[HTTP][39m [37m-->[39m [37mPOST[39m [37m/wd/hub/session/099c713e-9c84-48fe-9272-8b2ad5b336d6/elements[39m
[35m[HTTP][39m [90m{"using":"-android uiautomator","value":"new UiSelector().className(\"android.widget.TextView\").text(\"Drivers License-Front\")"}[39m
[35m[HTTP][39m [37m<-- POST /wd/hub/session/099c713e-9c84-48fe-9272-8b2ad5b336d6/elements [39m[32m200[39m [90m563 ms - 12[39m
[35m[HTTP][39m [90m[39m
[35m[HTTP][39m [37m-->[39m [37mPOST[39m [37m/wd/hub/session/099c713e-9c84-48fe-9272-8b2ad5b336d6/elements[39m
[35m[HTTP][39m [90m{"using":"-android uiautomator","value":"new UiSelector().className(\"android.widget.TextView\").text(\"Drivers License-Front\")"}[39m
[35m[HTTP][39m [37m<-- POST /wd/hub/session/099c713e-9c84-48fe-9272-8b2ad5b336d6/elements [39m[32m200[39m [90m561 ms - 12[39m
[35m[HTTP][39m [90m[39m
[35m[HTTP][39m [37m-->[39m [37mPOST[39m [37m/wd/hub/session/099c713e-9c84-48fe-9272-8b2ad5b336d6/elements[39m
[35m[HTTP][39m [90m{"using":"-android uiautomator","value":"new UiSelector().className(\"android.widget.TextView\").text(\"Drivers License-Front\")"}[39m
[35m[HTTP][39m [37m<-- POST /wd/hub/session/099c713e-9c84-48fe-9272-8b2ad5b336d6/elements [39m[32m200[39m [90m614 ms - 12[39m
[35m[HTTP][39m [90m[39m
[35m[HTTP][39m [37m-->[39m [37mPOST[39m [37m/wd/hub/session/099c713e-9c84-48fe-9272-8b2ad5b336d6/elements[39m
[35m[HTTP][39m [90m{"using":"-android uiautomator","value":"new UiSelector().className(\"android.widget.TextView\").text(\"Drivers License-Front\")"}[39m
[35m[HTTP][39m [37m<-- POST /wd/hub/session/099c713e-9c84-48fe-9272-8b2ad5b336d6/elements [39m[32m200[39m [90m59 ms - 12[39m
[35m[HTTP][39m [90m[39m
[35m[HTTP][39m [37m-->[39m [37mPOST[39m [37m/wd/hub/session/099c713e-9c84-48fe-9272-8b2ad5b336d6/elements[39m
[35m[HTTP][39m [90m{"using":"-android uiautomator","value":"new UiSelector().className(\"android.widget.TextView\").text(\"Drivers License-Front\")"}[39m
[35m[HTTP][39m [37m<-- POST /wd/hub/session/099c713e-9c84-48fe-9272-8b2ad5b336d6/elements [39m[32m200[39m [90m62 ms - 12[39m
[35m[HTTP][39m [90m[39m
[35m[HTTP][39m [37m-->[39m [37mPOST[39m [37m/wd/hub/session/099c713e-9c84-48fe-9272-8b2ad5b336d6/elements[39m
[35m[HTTP][39m [90m{"using":"-android uiautomator","value":"new UiSelector().className(\"android.widget.TextView\").text(\"Drivers License-Front\")"}[39m
[35m[HTTP][39m [37m<-- POST /wd/hub/session/099c713e-9c84-48fe-9272-8b2ad5b336d6/elements [39m[32m200[39m [90m62 ms - 12[39m
[35m[HTTP][39m [90m[39m
[35m[HTTP][39m [37m-->[39m [37mPOST[39m [37m/wd/hub/session/099c713e-9c84-48fe-9272-8b2ad5b336d6/elements[39m
[35m[HTTP][39m [90m{"using":"-android uiautomator","value":"new UiSelector().className(\"android.widget.TextView\").text(\"Drivers License-Front\")"}[39m
[35m[HTTP][39m [37m<-- POST /wd/hub/session/099c713e-9c84-48fe-9272-8b2ad5b336d6/elements [39m[32m200[39m [90m56 ms - 12[39m
[35m[HTTP][39m [90m[39m
[35m[HTTP][39m [37m-->[39m [37mPOST[39m [37m/wd/hub/session/099c713e-9c84-48fe-9272-8b2ad5b336d6/elements[39m
[35m[HTTP][39m [90m{"using":"-android uiautomator","value":"new UiSelector().className(\"android.widget.TextView\").text(\"Drivers License-Front\")"}[39m
[35m[HTTP][39m [37m<-- POST /wd/hub/session/099c713e-9c84-48fe-9272-8b2ad5b336d6/elements [39m[32m200[39m [90m53 ms - 12[39m
[35m[HTTP][39m [90m[39m
[35m[HTTP][39m [37m-->[39m [37mPOST[39m [37m/wd/hub/session/099c713e-9c84-48fe-9272-8b2ad5b336d6/elements[39m
[35m[HTTP][39m [90m{"using":"-android uiautomator","value":"new UiSelector().className(\"android.widget.TextView\").text(\"Drivers License-Front\")"}[39m
[35m[HTTP][39m [37m<-- POST /wd/hub/session/099c713e-9c84-48fe-9272-8b2ad5b336d6/elements [39m[32m200[39m [90m592 ms - 12[39m
[35m[HTTP][39m [90m[39m
[35m[HTTP][39m [37m-->[39m [37mPOST[39m [37m/wd/hub/session/099c713e-9c84-48fe-9272-8b2ad5b336d6/elements[39m
[35m[HTTP][39m [90m{"using":"-android uiautomator","value":"new UiSelector().className(\"android.widget.TextView\").text(\"Drivers License-Front\")"}[39m
[35m[HTTP][39m [37m<-- POST /wd/hub/session/099c713e-9c84-48fe-9272-8b2ad5b336d6/elements [39m[32m200[39m [90m584 ms - 12[39m
[35m[HTTP][39m [90m[39m
[35m[HTTP][39m [37m-->[39m [37mPOST[39m [37m/wd/hub/session/099c713e-9c84-48fe-9272-8b2ad5b336d6/elements[39m
[35m[HTTP][39m [90m{"using":"-android uiautomator","value":"new UiSelector().className(\"android.widget.TextView\").text(\"Drivers License-Front\")"}[39m
[35m[HTTP][39m [37m<-- POST /wd/hub/session/099c713e-9c84-48fe-9272-8b2ad5b336d6/elements [39m[32m200[39m [90m629 ms - 12[39m
[35m[HTTP][39m [90m[39m
[35m[HTTP][39m [37m-->[39m [37mPOST[39m [37m/wd/hub/session/099c713e-9c84-48fe-9272-8b2ad5b336d6/elements[39m
[35m[HTTP][39m [90m{"using":"-android uiautomator","value":"new UiSelector().className(\"android.widget.TextView\").text(\"Drivers License-Front\")"}[39m
[35m[HTTP][39m [37m<-- POST /wd/hub/session/099c713e-9c84-48fe-9272-8b2ad5b336d6/elements [39m[32m200[39m [90m99 ms - 12[39m
[35m[HTTP][39m [90m[39m
[35m[HTTP][39m [37m-->[39m [37mPOST[39m [37m/wd/hub/session/099c713e-9c84-48fe-9272-8b2ad5b336d6/elements[39m
[35m[HTTP][39m [90m{"using":"-android uiautomator","value":"new UiSelector().className(\"android.widget.TextView\").text(\"Drivers License-Front\")"}[39m
[35m[HTTP][39m [37m<-- POST /wd/hub/session/099c713e-9c84-48fe-9272-8b2ad5b336d6/elements [39m[32m200[39m [90m84 ms - 12[39m
[35m[HTTP][39m [90m[39m
[35m[HTTP][39m [37m-->[39m [37mPOST[39m [37m/wd/hub/session/099c713e-9c84-48fe-9272-8b2ad5b336d6/elements[39m
[35m[HTTP][39m [90m{"using":"-android uiautomator","value":"new UiSelector().className(\"android.widget.TextView\").text(\"Drivers License-Front\")"}[39m
[35m[HTTP][39m [37m<-- POST /wd/hub/session/099c713e-9c84-48fe-9272-8b2ad5b336d6/elements [39m[32m200[39m [90m104 ms - 12[39m
[35m[HTTP][39m [90m[39m
[35m[HTTP][39m [37m-->[39m [37mPOST[39m [37m/wd/hub/session/099c713e-9c84-48fe-9272-8b2ad5b336d6/elements[39m
[35m[HTTP][39m [90m{"using":"-android uiautomator","value":"new UiSelector().className(\"android.widget.TextView\").text(\"Drivers License-Front\")"}[39m
[35m[HTTP][39m [37m<-- POST /wd/hub/session/099c713e-9c84-48fe-9272-8b2ad5b336d6/elements [39m[32m200[39m [90m70 ms - 12[39m
[35m[HTTP][39m [90m[39m
[35m[HTTP][39m [37m-->[39m [37mPOST[39m [37m/wd/hub/session/099c713e-9c84-48fe-9272-8b2ad5b336d6/elements[39m
[35m[HTTP][39m [90m{"using":"-android uiautomator","value":"new UiSelector().className(\"android.widget.TextView\").text(\"Drivers License-Front\")"}[39m
[35m[HTTP][39m [37m<-- POST /wd/hub/session/099c713e-9c84-48fe-9272-8b2ad5b336d6/elements [39m[32m200[39m [90m81 ms - 12[39m
[35m[HTTP][39m [90m[39m
[35m[HTTP][39m [37m-->[39m [37mPOST[39m [37m/wd/hub/session/099c713e-9c84-48fe-9272-8b2ad5b336d6/elements[39m
[35m[HTTP][39m [90m{"using":"-android uiautomator","value":"new UiSelector().className(\"android.widget.TextView\").text(\"Drivers License-Front\")"}[39m
[35m[HTTP][39m [37m<-- POST /wd/hub/session/099c713e-9c84-48fe-9272-8b2ad5b336d6/elements [39m[32m200[39m [90m74 ms - 12[39m
[35m[HTTP][39m [90m[39m
[35m[HTTP][39m [37m-->[39m [37mPOST[39m [37m/wd/hub/session/099c713e-9c84-48fe-9272-8b2ad5b336d6/elements[39m
[35m[HTTP][39m [90m{"using":"-android uiautomator","value":"new UiSelector().className(\"android.widget.TextView\").text(\"Drivers License-Front\")"}[39m
[35m[HTTP][39m [37m<-- POST /wd/hub/session/099c713e-9c84-48fe-9272-8b2ad5b336d6/elements [39m[32m200[39m [90m90 ms - 12[39m
[35m[HTTP][39m [90m[39m
[35m[HTTP][39m [37m-->[39m [37mPOST[39m [37m/wd/hub/session/099c713e-9c84-48fe-9272-8b2ad5b336d6/elements[39m
[35m[HTTP][39m [90m{"using":"-android uiautomator","value":"new UiSelector().className(\"android.widget.TextView\").text(\"Drivers License-Front\")"}[39m
[35m[HTTP][39m [37m<-- POST /wd/hub/session/099c713e-9c84-48fe-9272-8b2ad5b336d6/elements [39m[32m200[39m [90m100 ms - 12[39m
[35m[HTTP][39m [90m[39m
[35m[HTTP][39m [37m-->[39m [37mPOST[39m [37m/wd/hub/session/099c713e-9c84-48fe-9272-8b2ad5b336d6/elements[39m
[35m[HTTP][39m [90m{"using":"-android uiautomator","value":"new UiSelector().className(\"android.widget.TextView\").text(\"Drivers License-Front\")"}[39m
[35m[HTTP][39m [37m<-- POST /wd/hub/session/099c713e-9c84-48fe-9272-8b2ad5b336d6/elements [39m[32m200[39m [90m61 ms - 12[39m
[35m[HTTP][39m [90m[39m
[35m[HTTP][39m [37m-->[39m [37mPOST[39m [37m/wd/hub/session/099c713e-9c84-48fe-9272-8b2ad5b336d6/elements[39m
[35m[HTTP][39m [90m{"using":"-android uiautomator","value":"new UiSelector().className(\"android.widget.TextView\").text(\"Drivers License-Front\")"}[39m
[35m[HTTP][39m [37m<-- POST /wd/hub/session/099c713e-9c84-48fe-9272-8b2ad5b336d6/elements [39m[32m200[39m [90m60 ms - 12[39m
[35m[HTTP][39m [90m[39m
[35m[HTTP][39m [37m-->[39m [37mPOST[39m [37m/wd/hub/session/099c713e-9c84-48fe-9272-8b2ad5b336d6/elements[39m
[35m[HTTP][39m [90m{"using":"-android uiautomator","value":"new UiSelector().className(\"android.widget.TextView\").text(\"Drivers License-Front\")"}[39m
[35m[HTTP][39m [37m<-- POST /wd/hub/session/099c713e-9c84-48fe-9272-8b2ad5b336d6/elements [39m[32m200[39m [90m81 ms - 12[39m
[35m[HTTP][39m [90m[39m
[35m[HTTP][39m [37m-->[39m [37mPOST[39m [37m/wd/hub/session/099c713e-9c84-48fe-9272-8b2ad5b336d6/elements[39m
[35m[HTTP][39m [90m{"using":"-android uiautomator","value":"new UiSelector().className(\"android.widget.TextView\").text(\"Drivers License-Front\")"}[39m
[35m[HTTP][39m [37m<-- POST /wd/hub/session/099c713e-9c84-48fe-9272-8b2ad5b336d6/elements [39m[32m200[39m [90m75 ms - 12[39m
[35m[HTTP][39m [90m[39m
[35m[HTTP][39m [37m-->[39m [37mPOST[39m [37m/wd/hub/session/099c713e-9c84-48fe-9272-8b2ad5b336d6/elements[39m
[35m[HTTP][39m [90m{"using":"-android uiautomator","value":"new UiSelector().className(\"android.widget.TextView\").text(\"Drivers License-Front\")"}[39m
[35m[HTTP][39m [37m<-- POST /wd/hub/session/099c713e-9c84-48fe-9272-8b2ad5b336d6/elements [39m[32m200[39m [90m60 ms - 12[39m
[35m[HTTP][39m [90m[39m
[35m[HTTP][39m [37m-->[39m [37mPOST[39m [37m/wd/hub/session/099c713e-9c84-48fe-9272-8b2ad5b336d6/elements[39m
[35m[HTTP][39m [90m{"using":"-android uiautomator","value":"new UiSelector().className(\"android.widget.TextView\").text(\"Drivers License-Front\")"}[39m
[35m[HTTP][39m [37m<-- POST /wd/hub/session/099c713e-9c84-48fe-9272-8b2ad5b336d6/elements [39m[32m200[39m [90m67 ms - 12[39m
[35m[HTTP][39m [90m[39m
[35m[HTTP][39m [37m-->[39m [37mPOST[39m [37m/wd/hub/session/099c713e-9c84-48fe-9272-8b2ad5b336d6/elements[39m
[35m[HTTP][39m [90m{"using":"-android uiautomator","value":"new UiSelector().className(\"android.widget.TextView\").text(\"Drivers License-Front\")"}[39m
[35m[HTTP][39m [37m<-- POST /wd/hub/session/099c713e-9c84-48fe-9272-8b2ad5b336d6/elements [39m[32m200[39m [90m74 ms - 12[39m
[35m[HTTP][39m [90m[39m
[35m[HTTP][39m [37m-->[39m [37mPOST[39m [37m/wd/hub/session/099c713e-9c84-48fe-9272-8b2ad5b336d6/elements[39m
[35m[HTTP][39m [90m{"using":"-android uiautomator","value":"new UiSelector().className(\"android.widget.TextView\").text(\"Drivers License-Front\")"}[39m
[35m[HTTP][39m [37m<-- POST /wd/hub/session/099c713e-9c84-48fe-9272-8b2ad5b336d6/elements [39m[32m200[39m [90m59 ms - 12[39m
[35m[HTTP][39m [90m[39m
[35m[HTTP][39m [37m-->[39m [37mPOST[39m [37m/wd/hub/session/099c713e-9c84-48fe-9272-8b2ad5b336d6/elements[39m
[35m[HTTP][39m [90m{"using":"-android uiautomator","value":"new UiSelector().className(\"android.widget.TextView\").text(\"Drivers License-Front\")"}[39m
[35m[HTTP][39m [37m<-- POST /wd/hub/session/099c713e-9c84-48fe-9272-8b2ad5b336d6/elements [39m[32m200[39m [90m55 ms - 12[39m
[35m[HTTP][39m [90m[39m
[35m[HTTP][39m [37m-->[39m [37mPOST[39m [37m/wd/hub/session/099c713e-9c84-48fe-9272-8b2ad5b336d6/elements[39m
[35m[HTTP][39m [90m{"using":"-android uiautomator","value":"new UiSelector().className(\"android.widget.TextView\").text(\"Drivers License-Front\")"}[39m
[35m[HTTP][39m [37m<-- POST /wd/hub/session/099c713e-9c84-48fe-9272-8b2ad5b336d6/elements [39m[32m200[39m [90m62 ms - 12[39m
[35m[HTTP][39m [90m[39m
[35m[HTTP][39m [37m-->[39m [37mPOST[39m [37m/wd/hub/session/099c713e-9c84-48fe-9272-8b2ad5b336d6/elements[39m
[35m[HTTP][39m [90m{"using":"-android uiautomator","value":"new UiSelector().className(\"android.widget.TextView\").text(\"Drivers License-Front\")"}[39m
[35m[HTTP][39m [37m<-- POST /wd/hub/session/099c713e-9c84-48fe-9272-8b2ad5b336d6/elements [39m[32m200[39m [90m577 ms - 12[39m
[35m[HTTP][39m [90m[39m
[35m[HTTP][39m [37m-->[39m [37mPOST[39m [37m/wd/hub/session/099c713e-9c84-48fe-9272-8b2ad5b336d6/elements[39m
[35m[HTTP][39m [90m{"using":"-android uiautomator","value":"new UiSelector().className(\"android.widget.TextView\").text(\"Drivers License-Front\")"}[39m
[35m[HTTP][39m [37m<-- POST /wd/hub/session/099c713e-9c84-48fe-9272-8b2ad5b336d6/elements [39m[32m200[39m [90m665 ms - 12[39m
[35m[HTTP][39m [90m[39m
[35m[HTTP][39m [37m-->[39m [37mPOST[39m [37m/wd/hub/session/099c713e-9c84-48fe-9272-8b2ad5b336d6/elements[39m
[35m[HTTP][39m [90m{"using":"-android uiautomator","value":"new UiSelector().className(\"android.widget.TextView\").text(\"Drivers License-Front\")"}[39m
[35m[HTTP][39m [37m<-- POST /wd/hub/session/099c713e-9c84-48fe-9272-8b2ad5b336d6/elements [39m[32m200[39m [90m74 ms - 12[39m
[35m[HTTP][39m [90m[39m
[35m[HTTP][39m [37m-->[39m [37mPOST[39m [37m/wd/hub/session/099c713e-9c84-48fe-9272-8b2ad5b336d6/elements[39m
[35m[HTTP][39m [90m{"using":"-android uiautomator","value":"new UiSelector().className(\"android.widget.TextView\").text(\"Drivers License-Front\")"}[39m
[35m[HTTP][39m [37m<-- POST /wd/hub/session/099c713e-9c84-48fe-9272-8b2ad5b336d6/elements [39m[32m200[39m [90m594 ms - 12[39m
[35m[HTTP][39m [90m[39m
[35m[HTTP][39m [37m-->[39m [37mPOST[39m [37m/wd/hub/session/099c713e-9c84-48fe-9272-8b2ad5b336d6/elements[39m
[35m[HTTP][39m [90m{"using":"-android uiautomator","value":"new UiSelector().className(\"android.widget.TextView\").text(\"Drivers License-Front\")"}[39m
[35m[HTTP][39m [37m<-- POST /wd/hub/session/099c713e-9c84-48fe-9272-8b2ad5b336d6/elements [39m[32m200[39m [90m579 ms - 12[39m
[35m[HTTP][39m [90m[39m
[35m[HTTP][39m [37m-->[39m [37mPOST[39m [37m/wd/hub/session/099c713e-9c84-48fe-9272-8b2ad5b336d6/elements[39m
[35m[HTTP][39m [90m{"using":"-android uiautomator","value":"new UiSelector().className(\"android.widget.TextView\").text(\"Drivers License-Front\")"}[39m
[35m[HTTP][39m [37m<-- POST /wd/hub/session/099c713e-9c84-48fe-9272-8b2ad5b336d6/elements [39m[32m-[39m [90m- ms - -[39m
[35m[HTTP][39m [90m[39m
