[35m[Appium][39m Welcome to Appium v1.14.0
[35m[Appium][39m Non-default server args:
[35m[Appium][39m   port: 58159
[35m[Appium][39m   loglevel: info
[35m[Appium][39m   chromeDriverPort: 58165
[35m[Appium][39m   tmpDir: /var/folders/38/x4crs4qx0hn0r3_szny2t9sw0000gn/T//Katalon/Appium/Temp1566211819161
[35m[Appium][39m Appium REST http interface listener started on 0.0.0.0:58159
[35m[HTTP][39m [37m-->[39m [37mGET[39m [37m/wd/hub/status[39m
[35m[HTTP][39m [90m{}[39m
[35m[HTTP][39m [37m<-- GET /wd/hub/status [39m[32m200[39m [90m6 ms - 68[39m
[35m[HTTP][39m [90m[39m
[35m[HTTP][39m [37m-->[39m [37mPOST[39m [37m/wd/hub/session[39m
[35m[HTTP][39m [90m{"desiredCapabilities":{"app":"/Users/sumittulsyan/Downloads/app-release.apk","noReset":false,"deviceName":"emulator-5554 (Android SDK built for x86 - Android 9)","fullReset":true,"platform":"ANDROID","newCommandTimeout":1800,"platformVersion":"9","automationName":"uiautomator2","autoGrantPermissions":true,"platformName":"Android","udid":"emulator-5554","systemPort":58158},"capabilities":{"firstMatch":[{"appium:app":"/Users/sumittulsyan/Downloads/app-release.apk","appium:autoGrantPermissions":true,"appium:automationName":"uiautomator2","appium:deviceName":"emulator-5554 (Android SDK built for x86 - Android 9)","appium:fullReset":true,"appium:newCommandTimeout":1800,"appium:noReset":false,"platform":"ANDROID","platformName":"android","appium:platformVersion":"9","appium:systemPort":58158,"appium:udid":"emulator-5554"}]}}[39m
[35m[BaseDriver][39m The capabilities ["platform"] are not standard capabilities and should have an extension prefix
[35m[Appium][39m Appium v1.14.0 creating new AndroidUiautomator2Driver (v1.33.1) session
[35m[Appium][39m Capabilities:
[35m[Appium][39m   platform: ANDROID
[35m[Appium][39m   platformName: android
[35m[Appium][39m   app: /Users/sumittulsyan/Downloads/app-release.apk
[35m[Appium][39m   autoGrantPermissions: true
[35m[Appium][39m   automationName: uiautomator2
[35m[Appium][39m   deviceName: emulator-5554 (Android SDK built for x86 - Android 9)
[35m[Appium][39m   fullReset: true
[35m[Appium][39m   newCommandTimeout: 1800
[35m[Appium][39m   noReset: false
[35m[Appium][39m   platformVersion: 9
[35m[Appium][39m   systemPort: 58158
[35m[Appium][39m   udid: emulator-5554
[35m[BaseDriver][39m The following capabilities were provided, but are not recognized by Appium:
[35m[BaseDriver][39m   platform
[35m[BaseDriver][39m Session created with session id: 4b3f6885-47b2-4955-b772-dbae6e79007b
[35m[BaseDriver][39m Using local app '/Users/sumittulsyan/Downloads/app-release.apk'
[35m[ADB][39m Found 1 'build-tools' folders under '/Users/sumittulsyan/.katalon/tools/android_sdk' (newest first):
[35m[ADB][39m     /Users/sumittulsyan/.katalon/tools/android_sdk/build-tools/29.0.1
[35m[ADB][39m Using 'adb' from '/Users/sumittulsyan/.katalon/tools/android_sdk/platform-tools/adb'
[35m[AndroidDriver][39m Retrieving device list
[35m[AndroidDriver][39m Using device: emulator-5554
[35m[ADB][39m Using 'adb' from '/Users/sumittulsyan/.katalon/tools/android_sdk/platform-tools/adb'
[35m[UiAutomator2][39m Relaxing hidden api policy
[35m[ADB][39m Using 'apkanalyzer' from '/Users/sumittulsyan/.katalon/tools/android_sdk/tools/bin/apkanalyzer'
[35m[ADB][39m Package name: 'io.nativebase.market.geekyants.taxiappdriver'
[35m[ADB][39m Main activity name: 'io.nativebase.market.geekyants.taxiappdriver.MainActivity'
[35m[ADB][39m Using 'aapt' from '/Users/sumittulsyan/.katalon/tools/android_sdk/build-tools/29.0.1/aapt'
[35m[ADB][39m Using 'apksigner' from '/Users/sumittulsyan/.katalon/tools/android_sdk/build-tools/29.0.1/apksigner'
[35m[UiAutomator2][39m Server packages are not going to be (re)installed
[35m[ADB][39m io.nativebase.market.geekyants.taxiappdriver was not uninstalled, because it was not present on the device
[35m[ADB][39m The application at '/Users/sumittulsyan/Downloads/app-release.apk' is already cached to '/data/local/tmp/appium_cache/0a4c298d81fa9fed8129162356ad8641ab361e22.apk'
[35m[ADB][39m The installation of 'app-release.apk' took 6.316s
[35m[UiAutomator2][39m Starting UIAutomator2 server 3.7.0
[35m[UiAutomator2][39m Using UIAutomator2 server from '/Users/sumittulsyan/Downloads/appium-mobile-test/node_modules/appium-uiautomator2-server/apks/appium-uiautomator2-server-v3.7.0.apk' and test from '/Users/sumittulsyan/Downloads/appium-mobile-test/node_modules/appium-uiautomator2-server/apks/appium-uiautomator2-server-debug-androidTest.apk'
[35m[UiAutomator2][39m Waiting up to 30000ms for UiAutomator2 to be online...
[35m[WD Proxy][39m Got an unexpected response: {"code":"ECONNRESET"}
[35m[WD Proxy][39m Got an unexpected response: {"code":"ECONNRESET"}
[35m[AndroidDriver][39m Screen already unlocked, doing nothing
[35m[UiAutomator2][39m UiAutomator2 did not start the activity we were waiting for, 'io.nativebase.market.geekyants.taxiappdriver/io.nativebase.market.geekyants.taxiappdriver.MainActivity'. Starting it ourselves
[35m[Appium][39m New AndroidUiautomator2Driver session created successfully, session 4b3f6885-47b2-4955-b772-dbae6e79007b added to master session list
[35m[HTTP][39m [37m<-- POST /wd/hub/session [39m[32m200[39m [90m16864 ms - 1264[39m
[35m[HTTP][39m [90m[39m
[35m[HTTP][39m [37m-->[39m [37mGET[39m [37m/wd/hub/session/4b3f6885-47b2-4955-b772-dbae6e79007b[39m
[35m[HTTP][39m [90m{}[39m
[35m[HTTP][39m [37m<-- GET /wd/hub/session/4b3f6885-47b2-4955-b772-dbae6e79007b [39m[32m200[39m [90m55 ms - 1196[39m
[35m[HTTP][39m [90m[39m
[35m[HTTP][39m [37m-->[39m [37mGET[39m [37m/wd/hub/session/4b3f6885-47b2-4955-b772-dbae6e79007b[39m
[35m[HTTP][39m [90m{}[39m
[35m[HTTP][39m [37m<-- GET /wd/hub/session/4b3f6885-47b2-4955-b772-dbae6e79007b [39m[32m200[39m [90m21 ms - 1196[39m
[35m[HTTP][39m [90m[39m
[35m[HTTP][39m [37m-->[39m [37mGET[39m [37m/wd/hub/status[39m
[35m[HTTP][39m [90m{}[39m
[35m[HTTP][39m [37m<-- GET /wd/hub/status [39m[32m200[39m [90m2 ms - 68[39m
[35m[HTTP][39m [90m[39m
[35m[HTTP][39m [37m-->[39m [37mPOST[39m [37m/wd/hub/session/4b3f6885-47b2-4955-b772-dbae6e79007b/timeouts[39m
[35m[HTTP][39m [90m{"implicit":30000}[39m
[35m[HTTP][39m [37m<-- POST /wd/hub/session/4b3f6885-47b2-4955-b772-dbae6e79007b/timeouts [39m[32m200[39m [90m4 ms - 14[39m
[35m[HTTP][39m [90m[39m
[35m[HTTP][39m [37m-->[39m [37mPOST[39m [37m/wd/hub/session/4b3f6885-47b2-4955-b772-dbae6e79007b/timeouts[39m
[35m[HTTP][39m [90m{"implicit":50}[39m
[35m[HTTP][39m [37m<-- POST /wd/hub/session/4b3f6885-47b2-4955-b772-dbae6e79007b/timeouts [39m[32m200[39m [90m2 ms - 14[39m
[35m[HTTP][39m [90m[39m
[35m[HTTP][39m [37m-->[39m [37mGET[39m [37m/wd/hub/session/4b3f6885-47b2-4955-b772-dbae6e79007b/window/rect[39m
[35m[HTTP][39m [90m{}[39m
[35m[HTTP][39m [37m<-- GET /wd/hub/session/4b3f6885-47b2-4955-b772-dbae6e79007b/window/rect [39m[32m200[39m [90m33 ms - 50[39m
[35m[HTTP][39m [90m[39m
[35m[HTTP][39m [37m-->[39m [37mPOST[39m [37m/wd/hub/session/4b3f6885-47b2-4955-b772-dbae6e79007b/elements[39m
[35m[HTTP][39m [90m{"using":"-android uiautomator","value":"new UiSelector().className(\"android.widget.TextView\").text(\"Sign In\")"}[39m
[35m[HTTP][39m [37m<-- POST /wd/hub/session/4b3f6885-47b2-4955-b772-dbae6e79007b/elements [39m[32m200[39m [90m91 ms - 12[39m
[35m[HTTP][39m [90m[39m
[35m[HTTP][39m [37m-->[39m [37mPOST[39m [37m/wd/hub/session/4b3f6885-47b2-4955-b772-dbae6e79007b/elements[39m
[35m[HTTP][39m [90m{"using":"-android uiautomator","value":"new UiSelector().className(\"android.widget.TextView\").text(\"Sign In\")"}[39m
[35m[HTTP][39m [37m<-- POST /wd/hub/session/4b3f6885-47b2-4955-b772-dbae6e79007b/elements [39m[32m200[39m [90m97 ms - 12[39m
[35m[HTTP][39m [90m[39m
[35m[HTTP][39m [37m-->[39m [37mPOST[39m [37m/wd/hub/session/4b3f6885-47b2-4955-b772-dbae6e79007b/elements[39m
[35m[HTTP][39m [90m{"using":"-android uiautomator","value":"new UiSelector().className(\"android.widget.TextView\").text(\"Sign In\")"}[39m
[35m[HTTP][39m [37m<-- POST /wd/hub/session/4b3f6885-47b2-4955-b772-dbae6e79007b/elements [39m[32m200[39m [90m132 ms - 12[39m
[35m[HTTP][39m [90m[39m
[35m[HTTP][39m [37m-->[39m [37mPOST[39m [37m/wd/hub/session/4b3f6885-47b2-4955-b772-dbae6e79007b/elements[39m
[35m[HTTP][39m [90m{"using":"-android uiautomator","value":"new UiSelector().className(\"android.widget.TextView\").text(\"Sign In\")"}[39m
[35m[HTTP][39m [37m<-- POST /wd/hub/session/4b3f6885-47b2-4955-b772-dbae6e79007b/elements [39m[32m200[39m [90m52 ms - 12[39m
[35m[HTTP][39m [90m[39m
[35m[HTTP][39m [37m-->[39m [37mPOST[39m [37m/wd/hub/session/4b3f6885-47b2-4955-b772-dbae6e79007b/elements[39m
[35m[HTTP][39m [90m{"using":"-android uiautomator","value":"new UiSelector().className(\"android.widget.TextView\").text(\"Sign In\")"}[39m
[35m[HTTP][39m [37m<-- POST /wd/hub/session/4b3f6885-47b2-4955-b772-dbae6e79007b/elements [39m[32m200[39m [90m114 ms - 12[39m
[35m[HTTP][39m [90m[39m
[35m[HTTP][39m [37m-->[39m [37mPOST[39m [37m/wd/hub/session/4b3f6885-47b2-4955-b772-dbae6e79007b/elements[39m
[35m[HTTP][39m [90m{"using":"-android uiautomator","value":"new UiSelector().className(\"android.widget.TextView\").text(\"Sign In\")"}[39m
[35m[HTTP][39m [37m<-- POST /wd/hub/session/4b3f6885-47b2-4955-b772-dbae6e79007b/elements [39m[32m200[39m [90m134 ms - 12[39m
[35m[HTTP][39m [90m[39m
[35m[HTTP][39m [37m-->[39m [37mPOST[39m [37m/wd/hub/session/4b3f6885-47b2-4955-b772-dbae6e79007b/elements[39m
[35m[HTTP][39m [90m{"using":"-android uiautomator","value":"new UiSelector().className(\"android.widget.TextView\").text(\"Sign In\")"}[39m
[35m[HTTP][39m [37m<-- POST /wd/hub/session/4b3f6885-47b2-4955-b772-dbae6e79007b/elements [39m[32m200[39m [90m599 ms - 12[39m
[35m[HTTP][39m [90m[39m
[35m[HTTP][39m [37m-->[39m [37mPOST[39m [37m/wd/hub/session/4b3f6885-47b2-4955-b772-dbae6e79007b/elements[39m
[35m[HTTP][39m [90m{"using":"-android uiautomator","value":"new UiSelector().className(\"android.widget.TextView\").text(\"Sign In\")"}[39m
[35m[HTTP][39m [37m<-- POST /wd/hub/session/4b3f6885-47b2-4955-b772-dbae6e79007b/elements [39m[32m200[39m [90m1776 ms - 139[39m
[35m[HTTP][39m [90m[39m
[35m[HTTP][39m [37m-->[39m [37mGET[39m [37m/wd/hub/session/4b3f6885-47b2-4955-b772-dbae6e79007b/element/494cf20e-6aa8-448a-bb47-a074dac13118/location[39m
[35m[HTTP][39m [90m{}[39m
[35m[W3C (4b3f6885)][39m Driver proxy active, passing request on via HTTP proxy
[35m[WD Proxy][39m Replacing sessionId 079f1e34-2c3e-433b-bd22-a91c2c565282 with 4b3f6885-47b2-4955-b772-dbae6e79007b
[35m[HTTP][39m [37m<-- GET /wd/hub/session/4b3f6885-47b2-4955-b772-dbae6e79007b/element/494cf20e-6aa8-448a-bb47-a074dac13118/location [39m[32m200[39m [90m33 ms - 90[39m
[35m[HTTP][39m [90m[39m
[35m[HTTP][39m [37m-->[39m [37mPOST[39m [37m/wd/hub/session/4b3f6885-47b2-4955-b772-dbae6e79007b/timeouts[39m
[35m[HTTP][39m [90m{"implicit":30000}[39m
[35m[HTTP][39m [37m<-- POST /wd/hub/session/4b3f6885-47b2-4955-b772-dbae6e79007b/timeouts [39m[32m200[39m [90m2 ms - 14[39m
[35m[HTTP][39m [90m[39m
[35m[HTTP][39m [37m-->[39m [37mPOST[39m [37m/wd/hub/session/4b3f6885-47b2-4955-b772-dbae6e79007b/touch/perform[39m
[35m[HTTP][39m [90m{"actions":[{"action":"tap","options":{"x":1,"y":1,"element":"494cf20e-6aa8-448a-bb47-a074dac13118"}},{"action":"release","options":{}}]}[39m
[35m[UiAutomator2][39m calling get location: 494cf20e-6aa8-448a-bb47-a074dac13118
[35m[HTTP][39m [37m<-- POST /wd/hub/session/4b3f6885-47b2-4955-b772-dbae6e79007b/touch/perform [39m[32m200[39m [90m1026 ms - 14[39m
[35m[HTTP][39m [90m[39m
[35m[HTTP][39m [37m-->[39m [37mPOST[39m [37m/wd/hub/session/4b3f6885-47b2-4955-b772-dbae6e79007b/timeouts[39m
[35m[HTTP][39m [90m{"implicit":50}[39m
[35m[HTTP][39m [37m<-- POST /wd/hub/session/4b3f6885-47b2-4955-b772-dbae6e79007b/timeouts [39m[32m200[39m [90m2 ms - 14[39m
[35m[HTTP][39m [90m[39m
[35m[HTTP][39m [37m-->[39m [37mGET[39m [37m/wd/hub/session/4b3f6885-47b2-4955-b772-dbae6e79007b/window/rect[39m
[35m[HTTP][39m [90m{}[39m
[35m[HTTP][39m [37m<-- GET /wd/hub/session/4b3f6885-47b2-4955-b772-dbae6e79007b/window/rect [39m[32m200[39m [90m20 ms - 50[39m
[35m[HTTP][39m [90m[39m
[35m[HTTP][39m [37m-->[39m [37mPOST[39m [37m/wd/hub/session/4b3f6885-47b2-4955-b772-dbae6e79007b/elements[39m
[35m[HTTP][39m [90m{"using":"-android uiautomator","value":"new UiSelector().className(\"android.widget.EditText\").text(\"Email\")"}[39m
[35m[HTTP][39m [37m<-- POST /wd/hub/session/4b3f6885-47b2-4955-b772-dbae6e79007b/elements [39m[32m200[39m [90m65 ms - 139[39m
[35m[HTTP][39m [90m[39m
[35m[HTTP][39m [37m-->[39m [37mGET[39m [37m/wd/hub/session/4b3f6885-47b2-4955-b772-dbae6e79007b/element/8a7b735a-13b6-4f6c-a4fc-955727aefc46/location[39m
[35m[HTTP][39m [90m{}[39m
[35m[W3C (4b3f6885)][39m Driver proxy active, passing request on via HTTP proxy
[35m[WD Proxy][39m Replacing sessionId 079f1e34-2c3e-433b-bd22-a91c2c565282 with 4b3f6885-47b2-4955-b772-dbae6e79007b
[35m[HTTP][39m [37m<-- GET /wd/hub/session/4b3f6885-47b2-4955-b772-dbae6e79007b/element/8a7b735a-13b6-4f6c-a4fc-955727aefc46/location [39m[32m200[39m [90m42 ms - 90[39m
[35m[HTTP][39m [90m[39m
[35m[HTTP][39m [37m-->[39m [37mPOST[39m [37m/wd/hub/session/4b3f6885-47b2-4955-b772-dbae6e79007b/timeouts[39m
[35m[HTTP][39m [90m{"implicit":30000}[39m
[35m[HTTP][39m [37m<-- POST /wd/hub/session/4b3f6885-47b2-4955-b772-dbae6e79007b/timeouts [39m[32m200[39m [90m2 ms - 14[39m
[35m[HTTP][39m [90m[39m
[35m[HTTP][39m [37m-->[39m [37mPOST[39m [37m/wd/hub/session/4b3f6885-47b2-4955-b772-dbae6e79007b/element/8a7b735a-13b6-4f6c-a4fc-955727aefc46/clear[39m
[35m[HTTP][39m [90m{"id":"8a7b735a-13b6-4f6c-a4fc-955727aefc46"}[39m
[35m[HTTP][39m [37m<-- POST /wd/hub/session/4b3f6885-47b2-4955-b772-dbae6e79007b/element/8a7b735a-13b6-4f6c-a4fc-955727aefc46/clear [39m[32m200[39m [90m43 ms - 27[39m
[35m[HTTP][39m [90m[39m
[35m[HTTP][39m [37m-->[39m [37mPOST[39m [37m/wd/hub/session/4b3f6885-47b2-4955-b772-dbae6e79007b/element/8a7b735a-13b6-4f6c-a4fc-955727aefc46/value[39m
[35m[HTTP][39m [90m{"id":"8a7b735a-13b6-4f6c-a4fc-955727aefc46","text":"taxidriver1@gmail.com","value":["t","a","x","i","d","r","i","v","e","r","1","@","g","m","a","i","l",".","c","o","m"]}[39m
[35m[HTTP][39m [37m<-- POST /wd/hub/session/4b3f6885-47b2-4955-b772-dbae6e79007b/element/8a7b735a-13b6-4f6c-a4fc-955727aefc46/value [39m[32m200[39m [90m1058 ms - 12[39m
[35m[HTTP][39m [90m[39m
[35m[HTTP][39m [37m-->[39m [37mPOST[39m [37m/wd/hub/session/4b3f6885-47b2-4955-b772-dbae6e79007b/timeouts[39m
[35m[HTTP][39m [90m{"implicit":50}[39m
[35m[HTTP][39m [37m<-- POST /wd/hub/session/4b3f6885-47b2-4955-b772-dbae6e79007b/timeouts [39m[32m200[39m [90m2 ms - 14[39m
[35m[HTTP][39m [90m[39m
[35m[HTTP][39m [37m-->[39m [37mGET[39m [37m/wd/hub/session/4b3f6885-47b2-4955-b772-dbae6e79007b/window/rect[39m
[35m[HTTP][39m [90m{}[39m
[35m[HTTP][39m [37m<-- GET /wd/hub/session/4b3f6885-47b2-4955-b772-dbae6e79007b/window/rect [39m[32m200[39m [90m28 ms - 50[39m
[35m[HTTP][39m [90m[39m
[35m[HTTP][39m [37m-->[39m [37mPOST[39m [37m/wd/hub/session/4b3f6885-47b2-4955-b772-dbae6e79007b/elements[39m
[35m[HTTP][39m [90m{"using":"-android uiautomator","value":"new UiSelector().className(\"android.widget.EditText\").text(\"Password\")"}[39m
[35m[HTTP][39m [37m<-- POST /wd/hub/session/4b3f6885-47b2-4955-b772-dbae6e79007b/elements [39m[32m200[39m [90m432 ms - 139[39m
[35m[HTTP][39m [90m[39m
[35m[HTTP][39m [37m-->[39m [37mGET[39m [37m/wd/hub/session/4b3f6885-47b2-4955-b772-dbae6e79007b/element/f7e2f494-a92a-4293-99ac-f002f3dcb3a9/location[39m
[35m[HTTP][39m [90m{}[39m
[35m[W3C (4b3f6885)][39m Driver proxy active, passing request on via HTTP proxy
[35m[WD Proxy][39m Replacing sessionId 079f1e34-2c3e-433b-bd22-a91c2c565282 with 4b3f6885-47b2-4955-b772-dbae6e79007b
[35m[HTTP][39m [37m<-- GET /wd/hub/session/4b3f6885-47b2-4955-b772-dbae6e79007b/element/f7e2f494-a92a-4293-99ac-f002f3dcb3a9/location [39m[32m200[39m [90m84 ms - 90[39m
[35m[HTTP][39m [90m[39m
[35m[HTTP][39m [37m-->[39m [37mPOST[39m [37m/wd/hub/session/4b3f6885-47b2-4955-b772-dbae6e79007b/timeouts[39m
[35m[HTTP][39m [90m{"implicit":30000}[39m
[35m[HTTP][39m [37m<-- POST /wd/hub/session/4b3f6885-47b2-4955-b772-dbae6e79007b/timeouts [39m[32m200[39m [90m1 ms - 14[39m
[35m[HTTP][39m [90m[39m
[35m[HTTP][39m [37m-->[39m [37mPOST[39m [37m/wd/hub/session/4b3f6885-47b2-4955-b772-dbae6e79007b/element/f7e2f494-a92a-4293-99ac-f002f3dcb3a9/clear[39m
[35m[HTTP][39m [90m{"id":"f7e2f494-a92a-4293-99ac-f002f3dcb3a9"}[39m
[35m[HTTP][39m [37m<-- POST /wd/hub/session/4b3f6885-47b2-4955-b772-dbae6e79007b/element/f7e2f494-a92a-4293-99ac-f002f3dcb3a9/clear [39m[32m200[39m [90m30 ms - 27[39m
[35m[HTTP][39m [90m[39m
[35m[HTTP][39m [37m-->[39m [37mPOST[39m [37m/wd/hub/session/4b3f6885-47b2-4955-b772-dbae6e79007b/element/f7e2f494-a92a-4293-99ac-f002f3dcb3a9/value[39m
[35m[HTTP][39m [90m{"id":"f7e2f494-a92a-4293-99ac-f002f3dcb3a9","text":"123456","value":["1","2","3","4","5","6"]}[39m
[35m[HTTP][39m [37m<-- POST /wd/hub/session/4b3f6885-47b2-4955-b772-dbae6e79007b/element/f7e2f494-a92a-4293-99ac-f002f3dcb3a9/value [39m[32m200[39m [90m1170 ms - 12[39m
[35m[HTTP][39m [90m[39m
[35m[HTTP][39m [37m-->[39m [37mPOST[39m [37m/wd/hub/session/4b3f6885-47b2-4955-b772-dbae6e79007b/timeouts[39m
[35m[HTTP][39m [90m{"implicit":50}[39m
[35m[HTTP][39m [37m<-- POST /wd/hub/session/4b3f6885-47b2-4955-b772-dbae6e79007b/timeouts [39m[32m200[39m [90m10 ms - 14[39m
[35m[HTTP][39m [90m[39m
[35m[HTTP][39m [37m-->[39m [37mGET[39m [37m/wd/hub/session/4b3f6885-47b2-4955-b772-dbae6e79007b/window/rect[39m
[35m[HTTP][39m [90m{}[39m
[35m[HTTP][39m [37m<-- GET /wd/hub/session/4b3f6885-47b2-4955-b772-dbae6e79007b/window/rect [39m[32m200[39m [90m48 ms - 50[39m
[35m[HTTP][39m [90m[39m
[35m[HTTP][39m [37m-->[39m [37mPOST[39m [37m/wd/hub/session/4b3f6885-47b2-4955-b772-dbae6e79007b/elements[39m
[35m[HTTP][39m [90m{"using":"xpath","value":"//hierarchy/android.widget.FrameLayout[1]/android.widget.LinearLayout[1]/android.widget.FrameLayout[1]/android.widget.LinearLayout[1]/android.widget.FrameLayout[1]/android.widget.FrameLayout[1]/android.view.ViewGroup[1]/android.view.ViewGroup[1]/android.view.ViewGroup[1]/android.view.ViewGroup[1]/android.support.v4.widget.DrawerLayout[1]/android.view.ViewGroup[1]/android.view.ViewGroup[1]/android.view.ViewGroup[1]/android.view.ViewGroup[1]/android.view.ViewGroup[1]/android.view.ViewGroup[1]/android.widget.ScrollView[1]/android.view.ViewGroup[1]/android.view.ViewGroup[7]/android.widget.TextView[1]"}[39m
[35m[HTTP][39m [37m<-- POST /wd/hub/session/4b3f6885-47b2-4955-b772-dbae6e79007b/elements [39m[32m200[39m [90m1170 ms - 139[39m
[35m[HTTP][39m [90m[39m
[35m[HTTP][39m [37m-->[39m [37mGET[39m [37m/wd/hub/session/4b3f6885-47b2-4955-b772-dbae6e79007b/element/06a7b7a3-3455-4ad5-9167-28798e7d246f/location[39m
[35m[HTTP][39m [90m{}[39m
[35m[W3C (4b3f6885)][39m Driver proxy active, passing request on via HTTP proxy
[35m[WD Proxy][39m Replacing sessionId 079f1e34-2c3e-433b-bd22-a91c2c565282 with 4b3f6885-47b2-4955-b772-dbae6e79007b
[35m[HTTP][39m [37m<-- GET /wd/hub/session/4b3f6885-47b2-4955-b772-dbae6e79007b/element/06a7b7a3-3455-4ad5-9167-28798e7d246f/location [39m[32m200[39m [90m41 ms - 90[39m
[35m[HTTP][39m [90m[39m
[35m[HTTP][39m [37m-->[39m [37mPOST[39m [37m/wd/hub/session/4b3f6885-47b2-4955-b772-dbae6e79007b/timeouts[39m
[35m[HTTP][39m [90m{"implicit":30000}[39m
[35m[HTTP][39m [37m<-- POST /wd/hub/session/4b3f6885-47b2-4955-b772-dbae6e79007b/timeouts [39m[32m200[39m [90m2 ms - 14[39m
[35m[HTTP][39m [90m[39m
[35m[HTTP][39m [37m-->[39m [37mPOST[39m [37m/wd/hub/session/4b3f6885-47b2-4955-b772-dbae6e79007b/touch/perform[39m
[35m[HTTP][39m [90m{"actions":[{"action":"tap","options":{"x":1,"y":1,"element":"06a7b7a3-3455-4ad5-9167-28798e7d246f"}},{"action":"release","options":{}}]}[39m
[35m[UiAutomator2][39m calling get location: 06a7b7a3-3455-4ad5-9167-28798e7d246f
[35m[HTTP][39m [37m<-- POST /wd/hub/session/4b3f6885-47b2-4955-b772-dbae6e79007b/touch/perform [39m[32m200[39m [90m46 ms - 14[39m
[35m[HTTP][39m [90m[39m
[35m[HTTP][39m [37m-->[39m [37mPOST[39m [37m/wd/hub/session/4b3f6885-47b2-4955-b772-dbae6e79007b/timeouts[39m
[35m[HTTP][39m [90m{"implicit":50}[39m
[35m[HTTP][39m [37m<-- POST /wd/hub/session/4b3f6885-47b2-4955-b772-dbae6e79007b/timeouts [39m[32m200[39m [90m2 ms - 14[39m
[35m[HTTP][39m [90m[39m
[35m[HTTP][39m [37m-->[39m [37mGET[39m [37m/wd/hub/session/4b3f6885-47b2-4955-b772-dbae6e79007b/window/rect[39m
[35m[HTTP][39m [90m{}[39m
[35m[HTTP][39m [37m<-- GET /wd/hub/session/4b3f6885-47b2-4955-b772-dbae6e79007b/window/rect [39m[32m200[39m [90m20 ms - 50[39m
[35m[HTTP][39m [90m[39m
[35m[HTTP][39m [37m-->[39m [37mPOST[39m [37m/wd/hub/session/4b3f6885-47b2-4955-b772-dbae6e79007b/elements[39m
[35m[HTTP][39m [90m{"using":"-android uiautomator","value":"new UiSelector().className(\"android.widget.TextView\").text(\"\")"}[39m
[35m[HTTP][39m [37m<-- POST /wd/hub/session/4b3f6885-47b2-4955-b772-dbae6e79007b/elements [39m[32m200[39m [90m789 ms - 12[39m
[35m[HTTP][39m [90m[39m
[35m[HTTP][39m [37m-->[39m [37mPOST[39m [37m/wd/hub/session/4b3f6885-47b2-4955-b772-dbae6e79007b/elements[39m
[35m[HTTP][39m [90m{"using":"-android uiautomator","value":"new UiSelector().className(\"android.widget.TextView\").text(\"\")"}[39m
[35m[HTTP][39m [37m<-- POST /wd/hub/session/4b3f6885-47b2-4955-b772-dbae6e79007b/elements [39m[32m200[39m [90m101 ms - 12[39m
[35m[HTTP][39m [90m[39m
[35m[HTTP][39m [37m-->[39m [37mPOST[39m [37m/wd/hub/session/4b3f6885-47b2-4955-b772-dbae6e79007b/elements[39m
[35m[HTTP][39m [90m{"using":"-android uiautomator","value":"new UiSelector().className(\"android.widget.TextView\").text(\"\")"}[39m
[35m[HTTP][39m [37m<-- POST /wd/hub/session/4b3f6885-47b2-4955-b772-dbae6e79007b/elements [39m[32m200[39m [90m81 ms - 12[39m
[35m[HTTP][39m [90m[39m
[35m[HTTP][39m [37m-->[39m [37mPOST[39m [37m/wd/hub/session/4b3f6885-47b2-4955-b772-dbae6e79007b/elements[39m
[35m[HTTP][39m [90m{"using":"-android uiautomator","value":"new UiSelector().className(\"android.widget.TextView\").text(\"\")"}[39m
[35m[HTTP][39m [37m<-- POST /wd/hub/session/4b3f6885-47b2-4955-b772-dbae6e79007b/elements [39m[32m200[39m [90m89 ms - 12[39m
[35m[HTTP][39m [90m[39m
[35m[HTTP][39m [37m-->[39m [37mPOST[39m [37m/wd/hub/session/4b3f6885-47b2-4955-b772-dbae6e79007b/elements[39m
[35m[HTTP][39m [90m{"using":"-android uiautomator","value":"new UiSelector().className(\"android.widget.TextView\").text(\"\")"}[39m
[35m[HTTP][39m [37m<-- POST /wd/hub/session/4b3f6885-47b2-4955-b772-dbae6e79007b/elements [39m[32m200[39m [90m70 ms - 12[39m
[35m[HTTP][39m [90m[39m
[35m[HTTP][39m [37m-->[39m [37mPOST[39m [37m/wd/hub/session/4b3f6885-47b2-4955-b772-dbae6e79007b/elements[39m
[35m[HTTP][39m [90m{"using":"-android uiautomator","value":"new UiSelector().className(\"android.widget.TextView\").text(\"\")"}[39m
[35m[HTTP][39m [37m<-- POST /wd/hub/session/4b3f6885-47b2-4955-b772-dbae6e79007b/elements [39m[32m200[39m [90m63 ms - 12[39m
[35m[HTTP][39m [90m[39m
[35m[HTTP][39m [37m-->[39m [37mPOST[39m [37m/wd/hub/session/4b3f6885-47b2-4955-b772-dbae6e79007b/elements[39m
[35m[HTTP][39m [90m{"using":"-android uiautomator","value":"new UiSelector().className(\"android.widget.TextView\").text(\"\")"}[39m
[35m[HTTP][39m [37m<-- POST /wd/hub/session/4b3f6885-47b2-4955-b772-dbae6e79007b/elements [39m[32m200[39m [90m105 ms - 12[39m
[35m[HTTP][39m [90m[39m
[35m[HTTP][39m [37m-->[39m [37mPOST[39m [37m/wd/hub/session/4b3f6885-47b2-4955-b772-dbae6e79007b/elements[39m
[35m[HTTP][39m [90m{"using":"-android uiautomator","value":"new UiSelector().className(\"android.widget.TextView\").text(\"\")"}[39m
[35m[HTTP][39m [37m<-- POST /wd/hub/session/4b3f6885-47b2-4955-b772-dbae6e79007b/elements [39m[32m200[39m [90m103 ms - 12[39m
[35m[HTTP][39m [90m[39m
[35m[HTTP][39m [37m-->[39m [37mPOST[39m [37m/wd/hub/session/4b3f6885-47b2-4955-b772-dbae6e79007b/elements[39m
[35m[HTTP][39m [90m{"using":"-android uiautomator","value":"new UiSelector().className(\"android.widget.TextView\").text(\"\")"}[39m
[35m[HTTP][39m [37m<-- POST /wd/hub/session/4b3f6885-47b2-4955-b772-dbae6e79007b/elements [39m[32m200[39m [90m98 ms - 12[39m
[35m[HTTP][39m [90m[39m
[35m[HTTP][39m [37m-->[39m [37mPOST[39m [37m/wd/hub/session/4b3f6885-47b2-4955-b772-dbae6e79007b/elements[39m
[35m[HTTP][39m [90m{"using":"-android uiautomator","value":"new UiSelector().className(\"android.widget.TextView\").text(\"\")"}[39m
[35m[HTTP][39m [37m<-- POST /wd/hub/session/4b3f6885-47b2-4955-b772-dbae6e79007b/elements [39m[32m200[39m [90m115 ms - 12[39m
[35m[HTTP][39m [90m[39m
[35m[HTTP][39m [37m-->[39m [37mPOST[39m [37m/wd/hub/session/4b3f6885-47b2-4955-b772-dbae6e79007b/elements[39m
[35m[HTTP][39m [90m{"using":"-android uiautomator","value":"new UiSelector().className(\"android.widget.TextView\").text(\"\")"}[39m
[35m[HTTP][39m [37m<-- POST /wd/hub/session/4b3f6885-47b2-4955-b772-dbae6e79007b/elements [39m[32m200[39m [90m138 ms - 12[39m
[35m[HTTP][39m [90m[39m
[35m[HTTP][39m [37m-->[39m [37mPOST[39m [37m/wd/hub/session/4b3f6885-47b2-4955-b772-dbae6e79007b/elements[39m
[35m[HTTP][39m [90m{"using":"-android uiautomator","value":"new UiSelector().className(\"android.widget.TextView\").text(\"\")"}[39m
[35m[HTTP][39m [37m<-- POST /wd/hub/session/4b3f6885-47b2-4955-b772-dbae6e79007b/elements [39m[32m200[39m [90m110 ms - 12[39m
[35m[HTTP][39m [90m[39m
[35m[HTTP][39m [37m-->[39m [37mPOST[39m [37m/wd/hub/session/4b3f6885-47b2-4955-b772-dbae6e79007b/elements[39m
[35m[HTTP][39m [90m{"using":"-android uiautomator","value":"new UiSelector().className(\"android.widget.TextView\").text(\"\")"}[39m
[35m[HTTP][39m [37m<-- POST /wd/hub/session/4b3f6885-47b2-4955-b772-dbae6e79007b/elements [39m[32m200[39m [90m116 ms - 12[39m
[35m[HTTP][39m [90m[39m
[35m[HTTP][39m [37m-->[39m [37mPOST[39m [37m/wd/hub/session/4b3f6885-47b2-4955-b772-dbae6e79007b/elements[39m
[35m[HTTP][39m [90m{"using":"-android uiautomator","value":"new UiSelector().className(\"android.widget.TextView\").text(\"\")"}[39m
[35m[HTTP][39m [37m<-- POST /wd/hub/session/4b3f6885-47b2-4955-b772-dbae6e79007b/elements [39m[32m200[39m [90m127 ms - 12[39m
[35m[HTTP][39m [90m[39m
[35m[HTTP][39m [37m-->[39m [37mPOST[39m [37m/wd/hub/session/4b3f6885-47b2-4955-b772-dbae6e79007b/elements[39m
[35m[HTTP][39m [90m{"using":"-android uiautomator","value":"new UiSelector().className(\"android.widget.TextView\").text(\"\")"}[39m
[35m[HTTP][39m [37m<-- POST /wd/hub/session/4b3f6885-47b2-4955-b772-dbae6e79007b/elements [39m[32m200[39m [90m159 ms - 12[39m
[35m[HTTP][39m [90m[39m
[35m[HTTP][39m [37m-->[39m [37mPOST[39m [37m/wd/hub/session/4b3f6885-47b2-4955-b772-dbae6e79007b/elements[39m
[35m[HTTP][39m [90m{"using":"-android uiautomator","value":"new UiSelector().className(\"android.widget.TextView\").text(\"\")"}[39m
[35m[HTTP][39m [37m<-- POST /wd/hub/session/4b3f6885-47b2-4955-b772-dbae6e79007b/elements [39m[32m200[39m [90m195 ms - 12[39m
[35m[HTTP][39m [90m[39m
[35m[HTTP][39m [37m-->[39m [37mPOST[39m [37m/wd/hub/session/4b3f6885-47b2-4955-b772-dbae6e79007b/elements[39m
[35m[HTTP][39m [90m{"using":"-android uiautomator","value":"new UiSelector().className(\"android.widget.TextView\").text(\"\")"}[39m
[35m[HTTP][39m [37m<-- POST /wd/hub/session/4b3f6885-47b2-4955-b772-dbae6e79007b/elements [39m[32m200[39m [90m163 ms - 12[39m
[35m[HTTP][39m [90m[39m
[35m[HTTP][39m [37m-->[39m [37mPOST[39m [37m/wd/hub/session/4b3f6885-47b2-4955-b772-dbae6e79007b/elements[39m
[35m[HTTP][39m [90m{"using":"-android uiautomator","value":"new UiSelector().className(\"android.widget.TextView\").text(\"\")"}[39m
[35m[HTTP][39m [37m<-- POST /wd/hub/session/4b3f6885-47b2-4955-b772-dbae6e79007b/elements [39m[32m200[39m [90m126 ms - 12[39m
[35m[HTTP][39m [90m[39m
[35m[HTTP][39m [37m-->[39m [37mPOST[39m [37m/wd/hub/session/4b3f6885-47b2-4955-b772-dbae6e79007b/elements[39m
[35m[HTTP][39m [90m{"using":"-android uiautomator","value":"new UiSelector().className(\"android.widget.TextView\").text(\"\")"}[39m
[35m[HTTP][39m [37m<-- POST /wd/hub/session/4b3f6885-47b2-4955-b772-dbae6e79007b/elements [39m[32m200[39m [90m221 ms - 12[39m
[35m[HTTP][39m [90m[39m
[35m[HTTP][39m [37m-->[39m [37mPOST[39m [37m/wd/hub/session/4b3f6885-47b2-4955-b772-dbae6e79007b/elements[39m
[35m[HTTP][39m [90m{"using":"-android uiautomator","value":"new UiSelector().className(\"android.widget.TextView\").text(\"\")"}[39m
[35m[HTTP][39m [37m<-- POST /wd/hub/session/4b3f6885-47b2-4955-b772-dbae6e79007b/elements [39m[32m200[39m [90m98 ms - 12[39m
[35m[HTTP][39m [90m[39m
[35m[HTTP][39m [37m-->[39m [37mPOST[39m [37m/wd/hub/session/4b3f6885-47b2-4955-b772-dbae6e79007b/elements[39m
[35m[HTTP][39m [90m{"using":"-android uiautomator","value":"new UiSelector().className(\"android.widget.TextView\").text(\"\")"}[39m
[35m[HTTP][39m [37m<-- POST /wd/hub/session/4b3f6885-47b2-4955-b772-dbae6e79007b/elements [39m[32m200[39m [90m136 ms - 12[39m
[35m[HTTP][39m [90m[39m
[35m[HTTP][39m [37m-->[39m [37mPOST[39m [37m/wd/hub/session/4b3f6885-47b2-4955-b772-dbae6e79007b/elements[39m
[35m[HTTP][39m [90m{"using":"-android uiautomator","value":"new UiSelector().className(\"android.widget.TextView\").text(\"\")"}[39m
[35m[HTTP][39m [37m<-- POST /wd/hub/session/4b3f6885-47b2-4955-b772-dbae6e79007b/elements [39m[32m200[39m [90m78 ms - 12[39m
[35m[HTTP][39m [90m[39m
[35m[HTTP][39m [37m-->[39m [37mPOST[39m [37m/wd/hub/session/4b3f6885-47b2-4955-b772-dbae6e79007b/elements[39m
[35m[HTTP][39m [90m{"using":"-android uiautomator","value":"new UiSelector().className(\"android.widget.TextView\").text(\"\")"}[39m
[35m[HTTP][39m [37m<-- POST /wd/hub/session/4b3f6885-47b2-4955-b772-dbae6e79007b/elements [39m[32m200[39m [90m93 ms - 12[39m
[35m[HTTP][39m [90m[39m
[35m[HTTP][39m [37m-->[39m [37mPOST[39m [37m/wd/hub/session/4b3f6885-47b2-4955-b772-dbae6e79007b/elements[39m
[35m[HTTP][39m [90m{"using":"-android uiautomator","value":"new UiSelector().className(\"android.widget.TextView\").text(\"\")"}[39m
[35m[HTTP][39m [37m<-- POST /wd/hub/session/4b3f6885-47b2-4955-b772-dbae6e79007b/elements [39m[32m200[39m [90m100 ms - 12[39m
[35m[HTTP][39m [90m[39m
[35m[HTTP][39m [37m-->[39m [37mPOST[39m [37m/wd/hub/session/4b3f6885-47b2-4955-b772-dbae6e79007b/elements[39m
[35m[HTTP][39m [90m{"using":"-android uiautomator","value":"new UiSelector().className(\"android.widget.TextView\").text(\"\")"}[39m
[35m[HTTP][39m [37m<-- POST /wd/hub/session/4b3f6885-47b2-4955-b772-dbae6e79007b/elements [39m[32m200[39m [90m145 ms - 12[39m
[35m[HTTP][39m [90m[39m
[35m[HTTP][39m [37m-->[39m [37mPOST[39m [37m/wd/hub/session/4b3f6885-47b2-4955-b772-dbae6e79007b/elements[39m
[35m[HTTP][39m [90m{"using":"-android uiautomator","value":"new UiSelector().className(\"android.widget.TextView\").text(\"\")"}[39m
[35m[HTTP][39m [37m<-- POST /wd/hub/session/4b3f6885-47b2-4955-b772-dbae6e79007b/elements [39m[32m200[39m [90m122 ms - 12[39m
[35m[HTTP][39m [90m[39m
[35m[HTTP][39m [37m-->[39m [37mPOST[39m [37m/wd/hub/session/4b3f6885-47b2-4955-b772-dbae6e79007b/elements[39m
[35m[HTTP][39m [90m{"using":"-android uiautomator","value":"new UiSelector().className(\"android.widget.TextView\").text(\"\")"}[39m
[35m[HTTP][39m [37m<-- POST /wd/hub/session/4b3f6885-47b2-4955-b772-dbae6e79007b/elements [39m[32m200[39m [90m2425 ms - 139[39m
[35m[HTTP][39m [90m[39m
[35m[HTTP][39m [37m-->[39m [37mGET[39m [37m/wd/hub/session/4b3f6885-47b2-4955-b772-dbae6e79007b/element/08a3c6b2-6058-4193-93ea-c097c4dd1eec/location[39m
[35m[HTTP][39m [90m{}[39m
[35m[W3C (4b3f6885)][39m Driver proxy active, passing request on via HTTP proxy
[35m[WD Proxy][39m Replacing sessionId 079f1e34-2c3e-433b-bd22-a91c2c565282 with 4b3f6885-47b2-4955-b772-dbae6e79007b
[35m[HTTP][39m [37m<-- GET /wd/hub/session/4b3f6885-47b2-4955-b772-dbae6e79007b/element/08a3c6b2-6058-4193-93ea-c097c4dd1eec/location [39m[32m200[39m [90m33 ms - 91[39m
[35m[HTTP][39m [90m[39m
[35m[HTTP][39m [37m-->[39m [37mPOST[39m [37m/wd/hub/session/4b3f6885-47b2-4955-b772-dbae6e79007b/timeouts[39m
[35m[HTTP][39m [90m{"implicit":30000}[39m
[35m[HTTP][39m [37m<-- POST /wd/hub/session/4b3f6885-47b2-4955-b772-dbae6e79007b/timeouts [39m[32m200[39m [90m2 ms - 14[39m
[35m[HTTP][39m [90m[39m
[35m[HTTP][39m [37m-->[39m [37mPOST[39m [37m/wd/hub/session/4b3f6885-47b2-4955-b772-dbae6e79007b/touch/perform[39m
[35m[HTTP][39m [90m{"actions":[{"action":"tap","options":{"x":1,"y":1,"element":"08a3c6b2-6058-4193-93ea-c097c4dd1eec"}},{"action":"release","options":{}}]}[39m
[35m[UiAutomator2][39m calling get location: 08a3c6b2-6058-4193-93ea-c097c4dd1eec
[35m[HTTP][39m [37m<-- POST /wd/hub/session/4b3f6885-47b2-4955-b772-dbae6e79007b/touch/perform [39m[32m200[39m [90m3214 ms - 14[39m
[35m[HTTP][39m [90m[39m
[35m[HTTP][39m [37m-->[39m [37mPOST[39m [37m/wd/hub/session/4b3f6885-47b2-4955-b772-dbae6e79007b/timeouts[39m
[35m[HTTP][39m [90m{"implicit":50}[39m
[35m[HTTP][39m [37m<-- POST /wd/hub/session/4b3f6885-47b2-4955-b772-dbae6e79007b/timeouts [39m[32m200[39m [90m2 ms - 14[39m
[35m[HTTP][39m [90m[39m
[35m[HTTP][39m [37m-->[39m [37mGET[39m [37m/wd/hub/session/4b3f6885-47b2-4955-b772-dbae6e79007b/window/rect[39m
[35m[HTTP][39m [90m{}[39m
[35m[HTTP][39m [37m<-- GET /wd/hub/session/4b3f6885-47b2-4955-b772-dbae6e79007b/window/rect [39m[32m200[39m [90m19 ms - 50[39m
[35m[HTTP][39m [90m[39m
[35m[HTTP][39m [37m-->[39m [37mPOST[39m [37m/wd/hub/session/4b3f6885-47b2-4955-b772-dbae6e79007b/elements[39m
[35m[HTTP][39m [90m{"using":"-android uiautomator","value":"new UiSelector().className(\"android.widget.TextView\").text(\"Accept\")"}[39m
[35m[HTTP][39m [37m<-- POST /wd/hub/session/4b3f6885-47b2-4955-b772-dbae6e79007b/elements [39m[32m200[39m [90m575 ms - 12[39m
[35m[HTTP][39m [90m[39m
[35m[HTTP][39m [37m-->[39m [37mPOST[39m [37m/wd/hub/session/4b3f6885-47b2-4955-b772-dbae6e79007b/elements[39m
[35m[HTTP][39m [90m{"using":"-android uiautomator","value":"new UiSelector().className(\"android.widget.TextView\").text(\"Accept\")"}[39m
[35m[HTTP][39m [37m<-- POST /wd/hub/session/4b3f6885-47b2-4955-b772-dbae6e79007b/elements [39m[32m200[39m [90m606 ms - 12[39m
[35m[HTTP][39m [90m[39m
[35m[HTTP][39m [37m-->[39m [37mPOST[39m [37m/wd/hub/session/4b3f6885-47b2-4955-b772-dbae6e79007b/elements[39m
[35m[HTTP][39m [90m{"using":"-android uiautomator","value":"new UiSelector().className(\"android.widget.TextView\").text(\"Accept\")"}[39m
[35m[HTTP][39m [37m<-- POST /wd/hub/session/4b3f6885-47b2-4955-b772-dbae6e79007b/elements [39m[32m200[39m [90m1125 ms - 12[39m
[35m[HTTP][39m [90m[39m
[35m[HTTP][39m [37m-->[39m [37mPOST[39m [37m/wd/hub/session/4b3f6885-47b2-4955-b772-dbae6e79007b/elements[39m
[35m[HTTP][39m [90m{"using":"-android uiautomator","value":"new UiSelector().className(\"android.widget.TextView\").text(\"Accept\")"}[39m
[35m[HTTP][39m [37m<-- POST /wd/hub/session/4b3f6885-47b2-4955-b772-dbae6e79007b/elements [39m[32m200[39m [90m572 ms - 12[39m
[35m[HTTP][39m [90m[39m
[35m[HTTP][39m [37m-->[39m [37mPOST[39m [37m/wd/hub/session/4b3f6885-47b2-4955-b772-dbae6e79007b/elements[39m
[35m[HTTP][39m [90m{"using":"-android uiautomator","value":"new UiSelector().className(\"android.widget.TextView\").text(\"Accept\")"}[39m
[35m[HTTP][39m [37m<-- POST /wd/hub/session/4b3f6885-47b2-4955-b772-dbae6e79007b/elements [39m[32m200[39m [90m571 ms - 12[39m
[35m[HTTP][39m [90m[39m
[35m[HTTP][39m [37m-->[39m [37mPOST[39m [37m/wd/hub/session/4b3f6885-47b2-4955-b772-dbae6e79007b/elements[39m
[35m[HTTP][39m [90m{"using":"-android uiautomator","value":"new UiSelector().className(\"android.widget.TextView\").text(\"Accept\")"}[39m
[35m[HTTP][39m [37m<-- POST /wd/hub/session/4b3f6885-47b2-4955-b772-dbae6e79007b/elements [39m[32m200[39m [90m577 ms - 12[39m
[35m[HTTP][39m [90m[39m
[35m[HTTP][39m [37m-->[39m [37mPOST[39m [37m/wd/hub/session/4b3f6885-47b2-4955-b772-dbae6e79007b/elements[39m
[35m[HTTP][39m [90m{"using":"-android uiautomator","value":"new UiSelector().className(\"android.widget.TextView\").text(\"Accept\")"}[39m
[35m[HTTP][39m [37m<-- POST /wd/hub/session/4b3f6885-47b2-4955-b772-dbae6e79007b/elements [39m[32m200[39m [90m79 ms - 12[39m
[35m[HTTP][39m [90m[39m
[35m[HTTP][39m [37m-->[39m [37mPOST[39m [37m/wd/hub/session/4b3f6885-47b2-4955-b772-dbae6e79007b/elements[39m
[35m[HTTP][39m [90m{"using":"-android uiautomator","value":"new UiSelector().className(\"android.widget.TextView\").text(\"Accept\")"}[39m
[35m[HTTP][39m [37m<-- POST /wd/hub/session/4b3f6885-47b2-4955-b772-dbae6e79007b/elements [39m[32m200[39m [90m583 ms - 12[39m
[35m[HTTP][39m [90m[39m
[35m[HTTP][39m [37m-->[39m [37mPOST[39m [37m/wd/hub/session/4b3f6885-47b2-4955-b772-dbae6e79007b/elements[39m
[35m[HTTP][39m [90m{"using":"-android uiautomator","value":"new UiSelector().className(\"android.widget.TextView\").text(\"Accept\")"}[39m
[35m[HTTP][39m [37m<-- POST /wd/hub/session/4b3f6885-47b2-4955-b772-dbae6e79007b/elements [39m[32m200[39m [90m585 ms - 12[39m
[35m[HTTP][39m [90m[39m
[35m[HTTP][39m [37m-->[39m [37mPOST[39m [37m/wd/hub/session/4b3f6885-47b2-4955-b772-dbae6e79007b/elements[39m
[35m[HTTP][39m [90m{"using":"-android uiautomator","value":"new UiSelector().className(\"android.widget.TextView\").text(\"Accept\")"}[39m
[35m[HTTP][39m [37m<-- POST /wd/hub/session/4b3f6885-47b2-4955-b772-dbae6e79007b/elements [39m[32m200[39m [90m818 ms - 139[39m
[35m[HTTP][39m [90m[39m
[35m[HTTP][39m [37m-->[39m [37mGET[39m [37m/wd/hub/session/4b3f6885-47b2-4955-b772-dbae6e79007b/element/a03e137e-b7e6-4d70-b268-667aee117eb8/location[39m
[35m[HTTP][39m [90m{}[39m
[35m[W3C (4b3f6885)][39m Driver proxy active, passing request on via HTTP proxy
[35m[WD Proxy][39m Replacing sessionId 079f1e34-2c3e-433b-bd22-a91c2c565282 with 4b3f6885-47b2-4955-b772-dbae6e79007b
[35m[HTTP][39m [37m<-- GET /wd/hub/session/4b3f6885-47b2-4955-b772-dbae6e79007b/element/a03e137e-b7e6-4d70-b268-667aee117eb8/location [39m[32m200[39m [90m57 ms - 90[39m
[35m[HTTP][39m [90m[39m
[35m[HTTP][39m [37m-->[39m [37mPOST[39m [37m/wd/hub/session/4b3f6885-47b2-4955-b772-dbae6e79007b/timeouts[39m
[35m[HTTP][39m [90m{"implicit":30000}[39m
[35m[HTTP][39m [37m<-- POST /wd/hub/session/4b3f6885-47b2-4955-b772-dbae6e79007b/timeouts [39m[32m200[39m [90m3 ms - 14[39m
[35m[HTTP][39m [90m[39m
[35m[HTTP][39m [37m-->[39m [37mPOST[39m [37m/wd/hub/session/4b3f6885-47b2-4955-b772-dbae6e79007b/touch/perform[39m
[35m[HTTP][39m [90m{"actions":[{"action":"tap","options":{"x":1,"y":1,"element":"a03e137e-b7e6-4d70-b268-667aee117eb8"}},{"action":"release","options":{}}]}[39m
[35m[UiAutomator2][39m calling get location: a03e137e-b7e6-4d70-b268-667aee117eb8
[35m[HTTP][39m [37m<-- POST /wd/hub/session/4b3f6885-47b2-4955-b772-dbae6e79007b/touch/perform [39m[32m200[39m [90m1032 ms - 14[39m
[35m[HTTP][39m [90m[39m
[35m[HTTP][39m [37m-->[39m [37mDELETE[39m [37m/wd/hub/session/4b3f6885-47b2-4955-b772-dbae6e79007b[39m
[35m[HTTP][39m [90m{}[39m
[35m[Appium][39m Removing session 4b3f6885-47b2-4955-b772-dbae6e79007b from our master session list
[35m[ADB][39m io.nativebase.market.geekyants.taxiappdriver was successfully uninstalled
[35m[UiAutomator2][39m Restoring hidden api policy to the device default configuration
[35m[HTTP][39m [37m<-- DELETE /wd/hub/session/4b3f6885-47b2-4955-b772-dbae6e79007b [39m[32m200[39m [90m2216 ms - 14[39m
[35m[HTTP][39m [90m[39m
