[35m[Appium][39m Welcome to Appium v1.14.0
[35m[Appium][39m Non-default server args:
[35m[Appium][39m   port: 54826
[35m[Appium][39m   loglevel: info
[35m[Appium][39m   chromeDriverPort: 54828
[35m[Appium][39m   tmpDir: /var/folders/38/x4crs4qx0hn0r3_szny2t9sw0000gn/T//Katalon/Appium/Temp1565940125844
[35m[Appium][39m Appium REST http interface listener started on 0.0.0.0:54826
[35m[HTTP][39m [37m-->[39m [37mGET[39m [37m/wd/hub/status[39m
[35m[HTTP][39m [90m{}[39m
[35m[HTTP][39m [37m<-- GET /wd/hub/status [39m[32m200[39m [90m7 ms - 68[39m
[35m[HTTP][39m [90m[39m
[35m[HTTP][39m [37m-->[39m [37mPOST[39m [37m/wd/hub/session[39m
[35m[HTTP][39m [90m{"desiredCapabilities":{"app":"/Users/sumittulsyan/Downloads/app-release (1).apk","noReset":false,"deviceName":"emulator-5554 (Android SDK built for x86 - Android 7.0)","fullReset":true,"platform":"ANDROID","newCommandTimeout":1800,"platformVersion":"7.0","automationName":"uiautomator2","autoGrantPermissions":true,"platformName":"Android","udid":"emulator-5554","systemPort":54825},"capabilities":{"firstMatch":[{"appium:app":"/Users/sumittulsyan/Downloads/app-release (1).apk","appium:autoGrantPermissions":true,"appium:automationName":"uiautomator2","appium:deviceName":"emulator-5554 (Android SDK built for x86 - Android 7.0)","appium:fullReset":true,"appium:newCommandTimeout":1800,"appium:noReset":false,"platform":"ANDROID","platformName":"android","appium:platformVersion":"7.0","appium:systemPort":54825,"appium:udid":"emulator-5554"}]}}[39m
[35m[BaseDriver][39m The capabilities ["platform"] are not standard capabilities and should have an extension prefix
[35m[Appium][39m Appium v1.14.0 creating new AndroidUiautomator2Driver (v1.33.1) session
[35m[Appium][39m Capabilities:
[35m[Appium][39m   platform: ANDROID
[35m[Appium][39m   platformName: android
[35m[Appium][39m   app: /Users/sumittulsyan/Downloads/app-release (1).apk
[35m[Appium][39m   autoGrantPermissions: true
[35m[Appium][39m   automationName: uiautomator2
[35m[Appium][39m   deviceName: emulator-5554 (Android SDK built for x86 - Android 7.0)
[35m[Appium][39m   fullReset: true
[35m[Appium][39m   newCommandTimeout: 1800
[35m[Appium][39m   noReset: false
[35m[Appium][39m   platformVersion: 7.0
[35m[Appium][39m   systemPort: 54825
[35m[Appium][39m   udid: emulator-5554
[35m[BaseDriver][39m The following capabilities were provided, but are not recognized by Appium:
[35m[BaseDriver][39m   platform
[35m[BaseDriver][39m Session created with session id: 28970245-d90a-4632-8972-a6bcbf771bb7
[35m[BaseDriver][39m Using local app '/Users/sumittulsyan/Downloads/app-release (1).apk'
[35m[ADB][39m Found 1 'build-tools' folders under '/Users/sumittulsyan/.katalon/tools/android_sdk' (newest first):
[35m[ADB][39m     /Users/sumittulsyan/.katalon/tools/android_sdk/build-tools/29.0.1
[35m[ADB][39m Using 'adb' from '/Users/sumittulsyan/.katalon/tools/android_sdk/platform-tools/adb'
[35m[AndroidDriver][39m Retrieving device list
[35m[AndroidDriver][39m Using device: emulator-5554
[35m[ADB][39m Using 'adb' from '/Users/sumittulsyan/.katalon/tools/android_sdk/platform-tools/adb'
[35m[ADB][39m Using 'apkanalyzer' from '/Users/sumittulsyan/.katalon/tools/android_sdk/tools/bin/apkanalyzer'
[35m[ADB][39m Using the alternative activity name detection method because of: Command '/Users/sumittulsyan/.katalon/tools/android_sdk/tools/bin/apkanalyzer -h manifest print '/Users/sumittulsyan/Downloads/app-release (1).apk'' exited with code 2
[35m[ADB][39m Using 'aapt' from '/Users/sumittulsyan/.katalon/tools/android_sdk/build-tools/29.0.1/aapt'
[35m[ADB][39m Extracting package and launch activity from manifest
[35m[ADB][39m Package name: 'io.nativebase.market.geekyants.taxiapprider'
[35m[ADB][39m Main activity name: 'io.nativebase.market.geekyants.taxiapprider.MainActivity'
[35m[ADB][39m Using 'apksigner' from '/Users/sumittulsyan/.katalon/tools/android_sdk/build-tools/29.0.1/apksigner'
[35m[UiAutomator2][39m Server packages are not going to be (re)installed
[35m[ADB][39m io.nativebase.market.geekyants.taxiapprider was not uninstalled, because it was not present on the device
[35m[ADB][39m The application at '/Users/sumittulsyan/Downloads/app-release (1).apk' is already cached to '/data/local/tmp/appium_cache/319121ffd2a4e89e1742e996fe8df850b3a56b9f.apk'
[35m[ADB][39m The installation of 'app-release (1).apk' took 9.512s
[35m[UiAutomator2][39m Starting UIAutomator2 server 3.7.0
[35m[UiAutomator2][39m Using UIAutomator2 server from '/Users/sumittulsyan/Downloads/appium-mobile-test/node_modules/appium-uiautomator2-server/apks/appium-uiautomator2-server-v3.7.0.apk' and test from '/Users/sumittulsyan/Downloads/appium-mobile-test/node_modules/appium-uiautomator2-server/apks/appium-uiautomator2-server-debug-androidTest.apk'
[35m[UiAutomator2][39m Waiting up to 30000ms for UiAutomator2 to be online...
[35m[WD Proxy][39m Got an unexpected response: {"code":"ECONNRESET"}
[35m[AndroidDriver][39m Screen already unlocked, doing nothing
[35m[UiAutomator2][39m UiAutomator2 did not start the activity we were waiting for, 'io.nativebase.market.geekyants.taxiapprider/io.nativebase.market.geekyants.taxiapprider.MainActivity'. Starting it ourselves
[35m[Appium][39m New AndroidUiautomator2Driver session created successfully, session 28970245-d90a-4632-8972-a6bcbf771bb7 added to master session list
[35m[HTTP][39m [37m<-- POST /wd/hub/session [39m[32m200[39m [90m21088 ms - 1279[39m
[35m[HTTP][39m [90m[39m
[35m[HTTP][39m [37m-->[39m [37mGET[39m [37m/wd/hub/session/28970245-d90a-4632-8972-a6bcbf771bb7[39m
[35m[HTTP][39m [90m{}[39m
[35m[HTTP][39m [37m<-- GET /wd/hub/session/28970245-d90a-4632-8972-a6bcbf771bb7 [39m[32m200[39m [90m90 ms - 1211[39m
[35m[HTTP][39m [90m[39m
[35m[HTTP][39m [37m-->[39m [37mGET[39m [37m/wd/hub/session/28970245-d90a-4632-8972-a6bcbf771bb7[39m
[35m[HTTP][39m [90m{}[39m
[35m[HTTP][39m [37m<-- GET /wd/hub/session/28970245-d90a-4632-8972-a6bcbf771bb7 [39m[32m200[39m [90m17 ms - 1211[39m
[35m[HTTP][39m [90m[39m
[35m[HTTP][39m [37m-->[39m [37mGET[39m [37m/wd/hub/status[39m
[35m[HTTP][39m [90m{}[39m
[35m[HTTP][39m [37m<-- GET /wd/hub/status [39m[32m200[39m [90m1 ms - 68[39m
[35m[HTTP][39m [90m[39m
[35m[HTTP][39m [37m-->[39m [37mPOST[39m [37m/wd/hub/session/28970245-d90a-4632-8972-a6bcbf771bb7/timeouts[39m
[35m[HTTP][39m [90m{"implicit":30000}[39m
[35m[HTTP][39m [37m<-- POST /wd/hub/session/28970245-d90a-4632-8972-a6bcbf771bb7/timeouts [39m[32m200[39m [90m4 ms - 14[39m
[35m[HTTP][39m [90m[39m
[35m[HTTP][39m [37m-->[39m [37mPOST[39m [37m/wd/hub/session/28970245-d90a-4632-8972-a6bcbf771bb7/timeouts[39m
[35m[HTTP][39m [90m{"implicit":50}[39m
[35m[HTTP][39m [37m<-- POST /wd/hub/session/28970245-d90a-4632-8972-a6bcbf771bb7/timeouts [39m[32m200[39m [90m2 ms - 14[39m
[35m[HTTP][39m [90m[39m
[35m[HTTP][39m [37m-->[39m [37mGET[39m [37m/wd/hub/session/28970245-d90a-4632-8972-a6bcbf771bb7/window/rect[39m
[35m[HTTP][39m [90m{}[39m
[35m[HTTP][39m [37m<-- GET /wd/hub/session/28970245-d90a-4632-8972-a6bcbf771bb7/window/rect [39m[32m200[39m [90m24 ms - 50[39m
[35m[HTTP][39m [90m[39m
[35m[HTTP][39m [37m-->[39m [37mPOST[39m [37m/wd/hub/session/28970245-d90a-4632-8972-a6bcbf771bb7/elements[39m
[35m[HTTP][39m [90m{"using":"-android uiautomator","value":"new UiSelector().className(\"android.widget.TextView\").text(\"Sign In\")"}[39m
[35m[HTTP][39m [37m<-- POST /wd/hub/session/28970245-d90a-4632-8972-a6bcbf771bb7/elements [39m[32m200[39m [90m77 ms - 12[39m
[35m[HTTP][39m [90m[39m
[35m[HTTP][39m [37m-->[39m [37mPOST[39m [37m/wd/hub/session/28970245-d90a-4632-8972-a6bcbf771bb7/elements[39m
[35m[HTTP][39m [90m{"using":"-android uiautomator","value":"new UiSelector().className(\"android.widget.TextView\").text(\"Sign In\")"}[39m
[35m[HTTP][39m [37m<-- POST /wd/hub/session/28970245-d90a-4632-8972-a6bcbf771bb7/elements [39m[32m200[39m [90m650 ms - 12[39m
[35m[HTTP][39m [90m[39m
[35m[HTTP][39m [37m-->[39m [37mPOST[39m [37m/wd/hub/session/28970245-d90a-4632-8972-a6bcbf771bb7/elements[39m
[35m[HTTP][39m [90m{"using":"-android uiautomator","value":"new UiSelector().className(\"android.widget.TextView\").text(\"Sign In\")"}[39m
[35m[HTTP][39m [37m<-- POST /wd/hub/session/28970245-d90a-4632-8972-a6bcbf771bb7/elements [39m[32m200[39m [90m147 ms - 12[39m
[35m[HTTP][39m [90m[39m
[35m[HTTP][39m [37m-->[39m [37mPOST[39m [37m/wd/hub/session/28970245-d90a-4632-8972-a6bcbf771bb7/elements[39m
[35m[HTTP][39m [90m{"using":"-android uiautomator","value":"new UiSelector().className(\"android.widget.TextView\").text(\"Sign In\")"}[39m
[35m[HTTP][39m [37m<-- POST /wd/hub/session/28970245-d90a-4632-8972-a6bcbf771bb7/elements [39m[32m200[39m [90m600 ms - 12[39m
[35m[HTTP][39m [90m[39m
[35m[HTTP][39m [37m-->[39m [37mPOST[39m [37m/wd/hub/session/28970245-d90a-4632-8972-a6bcbf771bb7/elements[39m
[35m[HTTP][39m [90m{"using":"-android uiautomator","value":"new UiSelector().className(\"android.widget.TextView\").text(\"Sign In\")"}[39m
[35m[HTTP][39m [37m<-- POST /wd/hub/session/28970245-d90a-4632-8972-a6bcbf771bb7/elements [39m[32m200[39m [90m578 ms - 12[39m
[35m[HTTP][39m [90m[39m
[35m[HTTP][39m [37m-->[39m [37mPOST[39m [37m/wd/hub/session/28970245-d90a-4632-8972-a6bcbf771bb7/elements[39m
[35m[HTTP][39m [90m{"using":"-android uiautomator","value":"new UiSelector().className(\"android.widget.TextView\").text(\"Sign In\")"}[39m
[35m[HTTP][39m [37m<-- POST /wd/hub/session/28970245-d90a-4632-8972-a6bcbf771bb7/elements [39m[32m200[39m [90m1684 ms - 139[39m
[35m[HTTP][39m [90m[39m
[35m[HTTP][39m [37m-->[39m [37mGET[39m [37m/wd/hub/session/28970245-d90a-4632-8972-a6bcbf771bb7/element/5f9b16ba-044f-4861-bdbc-78a6a798c7e4/location[39m
[35m[HTTP][39m [90m{}[39m
[35m[W3C (28970245)][39m Driver proxy active, passing request on via HTTP proxy
[35m[WD Proxy][39m Replacing sessionId 2417c581-cab2-4fc7-90f8-4df37d41ae73 with 28970245-d90a-4632-8972-a6bcbf771bb7
[35m[HTTP][39m [37m<-- GET /wd/hub/session/28970245-d90a-4632-8972-a6bcbf771bb7/element/5f9b16ba-044f-4861-bdbc-78a6a798c7e4/location [39m[32m200[39m [90m36 ms - 90[39m
[35m[HTTP][39m [90m[39m
[35m[HTTP][39m [37m-->[39m [37mPOST[39m [37m/wd/hub/session/28970245-d90a-4632-8972-a6bcbf771bb7/timeouts[39m
[35m[HTTP][39m [90m{"implicit":30000}[39m
[35m[HTTP][39m [37m<-- POST /wd/hub/session/28970245-d90a-4632-8972-a6bcbf771bb7/timeouts [39m[32m200[39m [90m4 ms - 14[39m
[35m[HTTP][39m [90m[39m
[35m[HTTP][39m [37m-->[39m [37mPOST[39m [37m/wd/hub/session/28970245-d90a-4632-8972-a6bcbf771bb7/touch/perform[39m
[35m[HTTP][39m [90m{"actions":[{"action":"tap","options":{"x":1,"y":1,"element":"5f9b16ba-044f-4861-bdbc-78a6a798c7e4"}},{"action":"release","options":{}}]}[39m
[35m[UiAutomator2][39m calling get location: 5f9b16ba-044f-4861-bdbc-78a6a798c7e4
[35m[HTTP][39m [37m<-- POST /wd/hub/session/28970245-d90a-4632-8972-a6bcbf771bb7/touch/perform [39m[32m200[39m [90m1302 ms - 14[39m
[35m[HTTP][39m [90m[39m
[35m[HTTP][39m [37m-->[39m [37mPOST[39m [37m/wd/hub/session/28970245-d90a-4632-8972-a6bcbf771bb7/timeouts[39m
[35m[HTTP][39m [90m{"implicit":50}[39m
[35m[HTTP][39m [37m<-- POST /wd/hub/session/28970245-d90a-4632-8972-a6bcbf771bb7/timeouts [39m[32m200[39m [90m3 ms - 14[39m
[35m[HTTP][39m [90m[39m
[35m[HTTP][39m [37m-->[39m [37mGET[39m [37m/wd/hub/session/28970245-d90a-4632-8972-a6bcbf771bb7/window/rect[39m
[35m[HTTP][39m [90m{}[39m
[35m[HTTP][39m [37m<-- GET /wd/hub/session/28970245-d90a-4632-8972-a6bcbf771bb7/window/rect [39m[32m200[39m [90m14 ms - 50[39m
[35m[HTTP][39m [90m[39m
[35m[HTTP][39m [37m-->[39m [37mPOST[39m [37m/wd/hub/session/28970245-d90a-4632-8972-a6bcbf771bb7/elements[39m
[35m[HTTP][39m [90m{"using":"-android uiautomator","value":"new UiSelector().className(\"android.widget.EditText\").text(\"Email\")"}[39m
[35m[HTTP][39m [37m<-- POST /wd/hub/session/28970245-d90a-4632-8972-a6bcbf771bb7/elements [39m[32m200[39m [90m57 ms - 139[39m
[35m[HTTP][39m [90m[39m
[35m[HTTP][39m [37m-->[39m [37mGET[39m [37m/wd/hub/session/28970245-d90a-4632-8972-a6bcbf771bb7/element/da3bb426-ef3f-41cc-a1bb-40aaab0e0783/location[39m
[35m[HTTP][39m [90m{}[39m
[35m[W3C (28970245)][39m Driver proxy active, passing request on via HTTP proxy
[35m[WD Proxy][39m Replacing sessionId 2417c581-cab2-4fc7-90f8-4df37d41ae73 with 28970245-d90a-4632-8972-a6bcbf771bb7
[35m[HTTP][39m [37m<-- GET /wd/hub/session/28970245-d90a-4632-8972-a6bcbf771bb7/element/da3bb426-ef3f-41cc-a1bb-40aaab0e0783/location [39m[32m200[39m [90m31 ms - 89[39m
[35m[HTTP][39m [90m[39m
[35m[HTTP][39m [37m-->[39m [37mPOST[39m [37m/wd/hub/session/28970245-d90a-4632-8972-a6bcbf771bb7/timeouts[39m
[35m[HTTP][39m [90m{"implicit":30000}[39m
[35m[HTTP][39m [37m<-- POST /wd/hub/session/28970245-d90a-4632-8972-a6bcbf771bb7/timeouts [39m[32m200[39m [90m3 ms - 14[39m
[35m[HTTP][39m [90m[39m
[35m[HTTP][39m [37m-->[39m [37mPOST[39m [37m/wd/hub/session/28970245-d90a-4632-8972-a6bcbf771bb7/element/da3bb426-ef3f-41cc-a1bb-40aaab0e0783/clear[39m
[35m[HTTP][39m [90m{"id":"da3bb426-ef3f-41cc-a1bb-40aaab0e0783"}[39m
[35m[HTTP][39m [37m<-- POST /wd/hub/session/28970245-d90a-4632-8972-a6bcbf771bb7/element/da3bb426-ef3f-41cc-a1bb-40aaab0e0783/clear [39m[32m200[39m [90m34 ms - 27[39m
[35m[HTTP][39m [90m[39m
[35m[HTTP][39m [37m-->[39m [37mPOST[39m [37m/wd/hub/session/28970245-d90a-4632-8972-a6bcbf771bb7/element/da3bb426-ef3f-41cc-a1bb-40aaab0e0783/value[39m
[35m[HTTP][39m [90m{"id":"da3bb426-ef3f-41cc-a1bb-40aaab0e0783","text":"taxirider@gmail.com","value":["t","a","x","i","r","i","d","e","r","@","g","m","a","i","l",".","c","o","m"]}[39m
[35m[HTTP][39m [37m<-- POST /wd/hub/session/28970245-d90a-4632-8972-a6bcbf771bb7/element/da3bb426-ef3f-41cc-a1bb-40aaab0e0783/value [39m[32m200[39m [90m1068 ms - 12[39m
[35m[HTTP][39m [90m[39m
[35m[HTTP][39m [37m-->[39m [37mPOST[39m [37m/wd/hub/session/28970245-d90a-4632-8972-a6bcbf771bb7/timeouts[39m
[35m[HTTP][39m [90m{"implicit":50}[39m
[35m[HTTP][39m [37m<-- POST /wd/hub/session/28970245-d90a-4632-8972-a6bcbf771bb7/timeouts [39m[32m200[39m [90m2 ms - 14[39m
[35m[HTTP][39m [90m[39m
[35m[HTTP][39m [37m-->[39m [37mGET[39m [37m/wd/hub/session/28970245-d90a-4632-8972-a6bcbf771bb7/window/rect[39m
[35m[HTTP][39m [90m{}[39m
[35m[HTTP][39m [37m<-- GET /wd/hub/session/28970245-d90a-4632-8972-a6bcbf771bb7/window/rect [39m[32m200[39m [90m21 ms - 50[39m
[35m[HTTP][39m [90m[39m
[35m[HTTP][39m [37m-->[39m [37mPOST[39m [37m/wd/hub/session/28970245-d90a-4632-8972-a6bcbf771bb7/elements[39m
[35m[HTTP][39m [90m{"using":"-android uiautomator","value":"new UiSelector().className(\"android.widget.EditText\").text(\"Password\")"}[39m
[35m[HTTP][39m [37m<-- POST /wd/hub/session/28970245-d90a-4632-8972-a6bcbf771bb7/elements [39m[32m200[39m [90m424 ms - 139[39m
[35m[HTTP][39m [90m[39m
[35m[HTTP][39m [37m-->[39m [37mGET[39m [37m/wd/hub/session/28970245-d90a-4632-8972-a6bcbf771bb7/element/c83e4cd7-3309-44a3-a08c-ebc8db145dfd/location[39m
[35m[HTTP][39m [90m{}[39m
[35m[W3C (28970245)][39m Driver proxy active, passing request on via HTTP proxy
[35m[WD Proxy][39m Replacing sessionId 2417c581-cab2-4fc7-90f8-4df37d41ae73 with 28970245-d90a-4632-8972-a6bcbf771bb7
[35m[HTTP][39m [37m<-- GET /wd/hub/session/28970245-d90a-4632-8972-a6bcbf771bb7/element/c83e4cd7-3309-44a3-a08c-ebc8db145dfd/location [39m[32m200[39m [90m39 ms - 90[39m
[35m[HTTP][39m [90m[39m
[35m[HTTP][39m [37m-->[39m [37mPOST[39m [37m/wd/hub/session/28970245-d90a-4632-8972-a6bcbf771bb7/timeouts[39m
[35m[HTTP][39m [90m{"implicit":30000}[39m
[35m[HTTP][39m [37m<-- POST /wd/hub/session/28970245-d90a-4632-8972-a6bcbf771bb7/timeouts [39m[32m200[39m [90m3 ms - 14[39m
[35m[HTTP][39m [90m[39m
[35m[HTTP][39m [37m-->[39m [37mPOST[39m [37m/wd/hub/session/28970245-d90a-4632-8972-a6bcbf771bb7/element/c83e4cd7-3309-44a3-a08c-ebc8db145dfd/clear[39m
[35m[HTTP][39m [90m{"id":"c83e4cd7-3309-44a3-a08c-ebc8db145dfd"}[39m
[35m[HTTP][39m [37m<-- POST /wd/hub/session/28970245-d90a-4632-8972-a6bcbf771bb7/element/c83e4cd7-3309-44a3-a08c-ebc8db145dfd/clear [39m[32m200[39m [90m45 ms - 27[39m
[35m[HTTP][39m [90m[39m
[35m[HTTP][39m [37m-->[39m [37mPOST[39m [37m/wd/hub/session/28970245-d90a-4632-8972-a6bcbf771bb7/element/c83e4cd7-3309-44a3-a08c-ebc8db145dfd/value[39m
[35m[HTTP][39m [90m{"id":"c83e4cd7-3309-44a3-a08c-ebc8db145dfd","text":"123456","value":["1","2","3","4","5","6"]}[39m
[35m[HTTP][39m [37m<-- POST /wd/hub/session/28970245-d90a-4632-8972-a6bcbf771bb7/element/c83e4cd7-3309-44a3-a08c-ebc8db145dfd/value [39m[32m200[39m [90m1061 ms - 12[39m
[35m[HTTP][39m [90m[39m
[35m[HTTP][39m [37m-->[39m [37mPOST[39m [37m/wd/hub/session/28970245-d90a-4632-8972-a6bcbf771bb7/timeouts[39m
[35m[HTTP][39m [90m{"implicit":50}[39m
[35m[HTTP][39m [37m<-- POST /wd/hub/session/28970245-d90a-4632-8972-a6bcbf771bb7/timeouts [39m[32m200[39m [90m6 ms - 14[39m
[35m[HTTP][39m [90m[39m
[35m[HTTP][39m [37m-->[39m [37mGET[39m [37m/wd/hub/session/28970245-d90a-4632-8972-a6bcbf771bb7/window/rect[39m
[35m[HTTP][39m [90m{}[39m
[35m[HTTP][39m [37m<-- GET /wd/hub/session/28970245-d90a-4632-8972-a6bcbf771bb7/window/rect [39m[32m200[39m [90m22 ms - 50[39m
[35m[HTTP][39m [90m[39m
[35m[HTTP][39m [37m-->[39m [37mPOST[39m [37m/wd/hub/session/28970245-d90a-4632-8972-a6bcbf771bb7/elements[39m
[35m[HTTP][39m [90m{"using":"xpath","value":"//hierarchy/android.widget.FrameLayout[1]/android.widget.LinearLayout[1]/android.widget.FrameLayout[1]/android.widget.LinearLayout[1]/android.widget.FrameLayout[1]/android.widget.FrameLayout[1]/android.view.ViewGroup[1]/android.view.ViewGroup[1]/android.view.ViewGroup[1]/android.view.ViewGroup[1]/android.support.v4.widget.DrawerLayout[1]/android.view.ViewGroup[1]/android.view.ViewGroup[1]/android.view.ViewGroup[1]/android.view.ViewGroup[1]/android.view.ViewGroup[1]/android.view.ViewGroup[1]/android.widget.ScrollView[1]/android.view.ViewGroup[1]/android.view.ViewGroup[7]/android.widget.TextView[1]"}[39m
[35m[HTTP][39m [37m<-- POST /wd/hub/session/28970245-d90a-4632-8972-a6bcbf771bb7/elements [39m[32m200[39m [90m478 ms - 139[39m
[35m[HTTP][39m [90m[39m
[35m[HTTP][39m [37m-->[39m [37mGET[39m [37m/wd/hub/session/28970245-d90a-4632-8972-a6bcbf771bb7/element/54fa4cad-a6b5-48f3-991e-4e110d985e23/location[39m
[35m[HTTP][39m [90m{}[39m
[35m[W3C (28970245)][39m Driver proxy active, passing request on via HTTP proxy
[35m[WD Proxy][39m Replacing sessionId 2417c581-cab2-4fc7-90f8-4df37d41ae73 with 28970245-d90a-4632-8972-a6bcbf771bb7
[35m[HTTP][39m [37m<-- GET /wd/hub/session/28970245-d90a-4632-8972-a6bcbf771bb7/element/54fa4cad-a6b5-48f3-991e-4e110d985e23/location [39m[32m200[39m [90m25 ms - 90[39m
[35m[HTTP][39m [90m[39m
[35m[HTTP][39m [37m-->[39m [37mPOST[39m [37m/wd/hub/session/28970245-d90a-4632-8972-a6bcbf771bb7/timeouts[39m
[35m[HTTP][39m [90m{"implicit":30000}[39m
[35m[HTTP][39m [37m<-- POST /wd/hub/session/28970245-d90a-4632-8972-a6bcbf771bb7/timeouts [39m[32m200[39m [90m2 ms - 14[39m
[35m[HTTP][39m [90m[39m
[35m[HTTP][39m [37m-->[39m [37mPOST[39m [37m/wd/hub/session/28970245-d90a-4632-8972-a6bcbf771bb7/touch/perform[39m
[35m[HTTP][39m [90m{"actions":[{"action":"tap","options":{"x":1,"y":1,"element":"54fa4cad-a6b5-48f3-991e-4e110d985e23"}},{"action":"release","options":{}}]}[39m
[35m[UiAutomator2][39m calling get location: 54fa4cad-a6b5-48f3-991e-4e110d985e23
[35m[HTTP][39m [37m<-- POST /wd/hub/session/28970245-d90a-4632-8972-a6bcbf771bb7/touch/perform [39m[32m200[39m [90m41 ms - 14[39m
[35m[HTTP][39m [90m[39m
[35m[HTTP][39m [37m-->[39m [37mPOST[39m [37m/wd/hub/session/28970245-d90a-4632-8972-a6bcbf771bb7/timeouts[39m
[35m[HTTP][39m [90m{"implicit":50}[39m
[35m[HTTP][39m [37m<-- POST /wd/hub/session/28970245-d90a-4632-8972-a6bcbf771bb7/timeouts [39m[32m200[39m [90m2 ms - 14[39m
[35m[HTTP][39m [90m[39m
[35m[HTTP][39m [37m-->[39m [37mGET[39m [37m/wd/hub/session/28970245-d90a-4632-8972-a6bcbf771bb7/window/rect[39m
[35m[HTTP][39m [90m{}[39m
[35m[HTTP][39m [37m<-- GET /wd/hub/session/28970245-d90a-4632-8972-a6bcbf771bb7/window/rect [39m[32m200[39m [90m13 ms - 50[39m
[35m[HTTP][39m [90m[39m
[35m[HTTP][39m [37m-->[39m [37mPOST[39m [37m/wd/hub/session/28970245-d90a-4632-8972-a6bcbf771bb7/elements[39m
[35m[HTTP][39m [90m{"using":"-android uiautomator","value":"new UiSelector().className(\"android.widget.TextView\").text(\"Bannerghatta Main Road, BTM Layout, 2nd Stage, 2nd Main Road, No 18, First Floor, Bengaluru, Karnataka 560076, India\")"}[39m
[35m[HTTP][39m [37m<-- POST /wd/hub/session/28970245-d90a-4632-8972-a6bcbf771bb7/elements [39m[32m200[39m [90m895 ms - 12[39m
[35m[HTTP][39m [90m[39m
[35m[HTTP][39m [37m-->[39m [37mPOST[39m [37m/wd/hub/session/28970245-d90a-4632-8972-a6bcbf771bb7/elements[39m
[35m[HTTP][39m [90m{"using":"-android uiautomator","value":"new UiSelector().className(\"android.widget.TextView\").text(\"Bannerghatta Main Road, BTM Layout, 2nd Stage, 2nd Main Road, No 18, First Floor, Bengaluru, Karnataka 560076, India\")"}[39m
[35m[HTTP][39m [37m<-- POST /wd/hub/session/28970245-d90a-4632-8972-a6bcbf771bb7/elements [39m[32m200[39m [90m339 ms - 12[39m
[35m[HTTP][39m [90m[39m
[35m[HTTP][39m [37m-->[39m [37mPOST[39m [37m/wd/hub/session/28970245-d90a-4632-8972-a6bcbf771bb7/elements[39m
[35m[HTTP][39m [90m{"using":"-android uiautomator","value":"new UiSelector().className(\"android.widget.TextView\").text(\"Bannerghatta Main Road, BTM Layout, 2nd Stage, 2nd Main Road, No 18, First Floor, Bengaluru, Karnataka 560076, India\")"}[39m
[35m[HTTP][39m [37m<-- POST /wd/hub/session/28970245-d90a-4632-8972-a6bcbf771bb7/elements [39m[32m200[39m [90m162 ms - 12[39m
[35m[HTTP][39m [90m[39m
[35m[HTTP][39m [37m-->[39m [37mPOST[39m [37m/wd/hub/session/28970245-d90a-4632-8972-a6bcbf771bb7/elements[39m
[35m[HTTP][39m [90m{"using":"-android uiautomator","value":"new UiSelector().className(\"android.widget.TextView\").text(\"Bannerghatta Main Road, BTM Layout, 2nd Stage, 2nd Main Road, No 18, First Floor, Bengaluru, Karnataka 560076, India\")"}[39m
[35m[HTTP][39m [37m<-- POST /wd/hub/session/28970245-d90a-4632-8972-a6bcbf771bb7/elements [39m[32m200[39m [90m284 ms - 12[39m
[35m[HTTP][39m [90m[39m
[35m[HTTP][39m [37m-->[39m [37mPOST[39m [37m/wd/hub/session/28970245-d90a-4632-8972-a6bcbf771bb7/elements[39m
[35m[HTTP][39m [90m{"using":"-android uiautomator","value":"new UiSelector().className(\"android.widget.TextView\").text(\"Bannerghatta Main Road, BTM Layout, 2nd Stage, 2nd Main Road, No 18, First Floor, Bengaluru, Karnataka 560076, India\")"}[39m
[35m[HTTP][39m [37m<-- POST /wd/hub/session/28970245-d90a-4632-8972-a6bcbf771bb7/elements [39m[32m200[39m [90m228 ms - 12[39m
[35m[HTTP][39m [90m[39m
[35m[HTTP][39m [37m-->[39m [37mPOST[39m [37m/wd/hub/session/28970245-d90a-4632-8972-a6bcbf771bb7/elements[39m
[35m[HTTP][39m [90m{"using":"-android uiautomator","value":"new UiSelector().className(\"android.widget.TextView\").text(\"Bannerghatta Main Road, BTM Layout, 2nd Stage, 2nd Main Road, No 18, First Floor, Bengaluru, Karnataka 560076, India\")"}[39m
[35m[HTTP][39m [37m<-- POST /wd/hub/session/28970245-d90a-4632-8972-a6bcbf771bb7/elements [39m[32m200[39m [90m106 ms - 12[39m
[35m[HTTP][39m [90m[39m
[35m[HTTP][39m [37m-->[39m [37mPOST[39m [37m/wd/hub/session/28970245-d90a-4632-8972-a6bcbf771bb7/elements[39m
[35m[HTTP][39m [90m{"using":"-android uiautomator","value":"new UiSelector().className(\"android.widget.TextView\").text(\"Bannerghatta Main Road, BTM Layout, 2nd Stage, 2nd Main Road, No 18, First Floor, Bengaluru, Karnataka 560076, India\")"}[39m
[35m[HTTP][39m [37m<-- POST /wd/hub/session/28970245-d90a-4632-8972-a6bcbf771bb7/elements [39m[32m200[39m [90m247 ms - 12[39m
[35m[HTTP][39m [90m[39m
[35m[HTTP][39m [37m-->[39m [37mPOST[39m [37m/wd/hub/session/28970245-d90a-4632-8972-a6bcbf771bb7/elements[39m
[35m[HTTP][39m [90m{"using":"-android uiautomator","value":"new UiSelector().className(\"android.widget.TextView\").text(\"Bannerghatta Main Road, BTM Layout, 2nd Stage, 2nd Main Road, No 18, First Floor, Bengaluru, Karnataka 560076, India\")"}[39m
[35m[HTTP][39m [37m<-- POST /wd/hub/session/28970245-d90a-4632-8972-a6bcbf771bb7/elements [39m[32m200[39m [90m212 ms - 12[39m
[35m[HTTP][39m [90m[39m
[35m[HTTP][39m [37m-->[39m [37mPOST[39m [37m/wd/hub/session/28970245-d90a-4632-8972-a6bcbf771bb7/elements[39m
[35m[HTTP][39m [90m{"using":"-android uiautomator","value":"new UiSelector().className(\"android.widget.TextView\").text(\"Bannerghatta Main Road, BTM Layout, 2nd Stage, 2nd Main Road, No 18, First Floor, Bengaluru, Karnataka 560076, India\")"}[39m
[35m[HTTP][39m [37m<-- POST /wd/hub/session/28970245-d90a-4632-8972-a6bcbf771bb7/elements [39m[32m200[39m [90m106 ms - 12[39m
[35m[HTTP][39m [90m[39m
[35m[HTTP][39m [37m-->[39m [37mPOST[39m [37m/wd/hub/session/28970245-d90a-4632-8972-a6bcbf771bb7/elements[39m
[35m[HTTP][39m [90m{"using":"-android uiautomator","value":"new UiSelector().className(\"android.widget.TextView\").text(\"Bannerghatta Main Road, BTM Layout, 2nd Stage, 2nd Main Road, No 18, First Floor, Bengaluru, Karnataka 560076, India\")"}[39m
[35m[HTTP][39m [37m<-- POST /wd/hub/session/28970245-d90a-4632-8972-a6bcbf771bb7/elements [39m[32m200[39m [90m69 ms - 12[39m
[35m[HTTP][39m [90m[39m
[35m[HTTP][39m [37m-->[39m [37mPOST[39m [37m/wd/hub/session/28970245-d90a-4632-8972-a6bcbf771bb7/elements[39m
[35m[HTTP][39m [90m{"using":"-android uiautomator","value":"new UiSelector().className(\"android.widget.TextView\").text(\"Bannerghatta Main Road, BTM Layout, 2nd Stage, 2nd Main Road, No 18, First Floor, Bengaluru, Karnataka 560076, India\")"}[39m
[35m[HTTP][39m [37m<-- POST /wd/hub/session/28970245-d90a-4632-8972-a6bcbf771bb7/elements [39m[32m200[39m [90m53 ms - 12[39m
[35m[HTTP][39m [90m[39m
[35m[HTTP][39m [37m-->[39m [37mPOST[39m [37m/wd/hub/session/28970245-d90a-4632-8972-a6bcbf771bb7/elements[39m
[35m[HTTP][39m [90m{"using":"-android uiautomator","value":"new UiSelector().className(\"android.widget.TextView\").text(\"Bannerghatta Main Road, BTM Layout, 2nd Stage, 2nd Main Road, No 18, First Floor, Bengaluru, Karnataka 560076, India\")"}[39m
[35m[HTTP][39m [37m<-- POST /wd/hub/session/28970245-d90a-4632-8972-a6bcbf771bb7/elements [39m[32m200[39m [90m91 ms - 12[39m
[35m[HTTP][39m [90m[39m
[35m[HTTP][39m [37m-->[39m [37mPOST[39m [37m/wd/hub/session/28970245-d90a-4632-8972-a6bcbf771bb7/elements[39m
[35m[HTTP][39m [90m{"using":"-android uiautomator","value":"new UiSelector().className(\"android.widget.TextView\").text(\"Bannerghatta Main Road, BTM Layout, 2nd Stage, 2nd Main Road, No 18, First Floor, Bengaluru, Karnataka 560076, India\")"}[39m
[35m[HTTP][39m [37m<-- POST /wd/hub/session/28970245-d90a-4632-8972-a6bcbf771bb7/elements [39m[32m200[39m [90m116 ms - 12[39m
[35m[HTTP][39m [90m[39m
[35m[HTTP][39m [37m-->[39m [37mPOST[39m [37m/wd/hub/session/28970245-d90a-4632-8972-a6bcbf771bb7/elements[39m
[35m[HTTP][39m [90m{"using":"-android uiautomator","value":"new UiSelector().className(\"android.widget.TextView\").text(\"Bannerghatta Main Road, BTM Layout, 2nd Stage, 2nd Main Road, No 18, First Floor, Bengaluru, Karnataka 560076, India\")"}[39m
[35m[HTTP][39m [37m<-- POST /wd/hub/session/28970245-d90a-4632-8972-a6bcbf771bb7/elements [39m[32m200[39m [90m1261 ms - 139[39m
[35m[HTTP][39m [90m[39m
[35m[HTTP][39m [37m-->[39m [37mGET[39m [37m/wd/hub/session/28970245-d90a-4632-8972-a6bcbf771bb7/element/319b14f5-62cc-407d-a0e6-ec55257d3ba5/location[39m
[35m[HTTP][39m [90m{}[39m
[35m[W3C (28970245)][39m Driver proxy active, passing request on via HTTP proxy
[35m[WD Proxy][39m Replacing sessionId 2417c581-cab2-4fc7-90f8-4df37d41ae73 with 28970245-d90a-4632-8972-a6bcbf771bb7
[35m[HTTP][39m [37m<-- GET /wd/hub/session/28970245-d90a-4632-8972-a6bcbf771bb7/element/319b14f5-62cc-407d-a0e6-ec55257d3ba5/location [39m[32m200[39m [90m46 ms - 89[39m
[35m[HTTP][39m [90m[39m
[35m[HTTP][39m [37m-->[39m [37mPOST[39m [37m/wd/hub/session/28970245-d90a-4632-8972-a6bcbf771bb7/timeouts[39m
[35m[HTTP][39m [90m{"implicit":30000}[39m
[35m[HTTP][39m [37m<-- POST /wd/hub/session/28970245-d90a-4632-8972-a6bcbf771bb7/timeouts [39m[32m200[39m [90m2 ms - 14[39m
[35m[HTTP][39m [90m[39m
[35m[HTTP][39m [37m-->[39m [37mPOST[39m [37m/wd/hub/session/28970245-d90a-4632-8972-a6bcbf771bb7/touch/perform[39m
[35m[HTTP][39m [90m{"actions":[{"action":"tap","options":{"x":1,"y":1,"element":"319b14f5-62cc-407d-a0e6-ec55257d3ba5"}},{"action":"release","options":{}}]}[39m
[35m[UiAutomator2][39m calling get location: 319b14f5-62cc-407d-a0e6-ec55257d3ba5
[35m[HTTP][39m [37m<-- POST /wd/hub/session/28970245-d90a-4632-8972-a6bcbf771bb7/touch/perform [39m[32m200[39m [90m1507 ms - 14[39m
[35m[HTTP][39m [90m[39m
[35m[HTTP][39m [37m-->[39m [37mPOST[39m [37m/wd/hub/session/28970245-d90a-4632-8972-a6bcbf771bb7/timeouts[39m
[35m[HTTP][39m [90m{"implicit":50}[39m
[35m[HTTP][39m [37m<-- POST /wd/hub/session/28970245-d90a-4632-8972-a6bcbf771bb7/timeouts [39m[32m200[39m [90m2 ms - 14[39m
[35m[HTTP][39m [90m[39m
[35m[HTTP][39m [37m-->[39m [37mGET[39m [37m/wd/hub/session/28970245-d90a-4632-8972-a6bcbf771bb7/window/rect[39m
[35m[HTTP][39m [90m{}[39m
[35m[HTTP][39m [37m<-- GET /wd/hub/session/28970245-d90a-4632-8972-a6bcbf771bb7/window/rect [39m[32m200[39m [90m24 ms - 50[39m
[35m[HTTP][39m [90m[39m
[35m[HTTP][39m [37m-->[39m [37mPOST[39m [37m/wd/hub/session/28970245-d90a-4632-8972-a6bcbf771bb7/elements[39m
[35m[HTTP][39m [90m{"using":"-android uiautomator","value":"new UiSelector().className(\"android.widget.EditText\").text(\"Search for locality or place\")"}[39m
[35m[HTTP][39m [37m<-- POST /wd/hub/session/28970245-d90a-4632-8972-a6bcbf771bb7/elements [39m[32m200[39m [90m109 ms - 139[39m
[35m[HTTP][39m [90m[39m
[35m[HTTP][39m [37m-->[39m [37mGET[39m [37m/wd/hub/session/28970245-d90a-4632-8972-a6bcbf771bb7/element/67b0bca9-051c-4b34-9dc5-930354b61048/location[39m
[35m[HTTP][39m [90m{}[39m
[35m[W3C (28970245)][39m Driver proxy active, passing request on via HTTP proxy
[35m[WD Proxy][39m Replacing sessionId 2417c581-cab2-4fc7-90f8-4df37d41ae73 with 28970245-d90a-4632-8972-a6bcbf771bb7
[35m[HTTP][39m [37m<-- GET /wd/hub/session/28970245-d90a-4632-8972-a6bcbf771bb7/element/67b0bca9-051c-4b34-9dc5-930354b61048/location [39m[32m200[39m [90m55 ms - 88[39m
[35m[HTTP][39m [90m[39m
[35m[HTTP][39m [37m-->[39m [37mPOST[39m [37m/wd/hub/session/28970245-d90a-4632-8972-a6bcbf771bb7/timeouts[39m
[35m[HTTP][39m [90m{"implicit":30000}[39m
[35m[HTTP][39m [37m<-- POST /wd/hub/session/28970245-d90a-4632-8972-a6bcbf771bb7/timeouts [39m[32m200[39m [90m2 ms - 14[39m
[35m[HTTP][39m [90m[39m
[35m[HTTP][39m [37m-->[39m [37mPOST[39m [37m/wd/hub/session/28970245-d90a-4632-8972-a6bcbf771bb7/element/67b0bca9-051c-4b34-9dc5-930354b61048/clear[39m
[35m[HTTP][39m [90m{"id":"67b0bca9-051c-4b34-9dc5-930354b61048"}[39m
[35m[HTTP][39m [37m<-- POST /wd/hub/session/28970245-d90a-4632-8972-a6bcbf771bb7/element/67b0bca9-051c-4b34-9dc5-930354b61048/clear [39m[32m200[39m [90m102 ms - 27[39m
[35m[HTTP][39m [90m[39m
[35m[HTTP][39m [37m-->[39m [37mPOST[39m [37m/wd/hub/session/28970245-d90a-4632-8972-a6bcbf771bb7/element/67b0bca9-051c-4b34-9dc5-930354b61048/value[39m
[35m[HTTP][39m [90m{"id":"67b0bca9-051c-4b34-9dc5-930354b61048","text":"geekyants","value":["g","e","e","k","y","a","n","t","s"]}[39m
[35m[HTTP][39m [37m<-- POST /wd/hub/session/28970245-d90a-4632-8972-a6bcbf771bb7/element/67b0bca9-051c-4b34-9dc5-930354b61048/value [39m[32m200[39m [90m1738 ms - 12[39m
[35m[HTTP][39m [90m[39m
[35m[HTTP][39m [37m-->[39m [37mPOST[39m [37m/wd/hub/session/28970245-d90a-4632-8972-a6bcbf771bb7/timeouts[39m
[35m[HTTP][39m [90m{"implicit":50}[39m
[35m[HTTP][39m [37m<-- POST /wd/hub/session/28970245-d90a-4632-8972-a6bcbf771bb7/timeouts [39m[32m200[39m [90m2 ms - 14[39m
[35m[HTTP][39m [90m[39m
[35m[HTTP][39m [37m-->[39m [37mGET[39m [37m/wd/hub/session/28970245-d90a-4632-8972-a6bcbf771bb7/window/rect[39m
[35m[HTTP][39m [90m{}[39m
[35m[HTTP][39m [37m<-- GET /wd/hub/session/28970245-d90a-4632-8972-a6bcbf771bb7/window/rect [39m[32m200[39m [90m15 ms - 50[39m
[35m[HTTP][39m [90m[39m
[35m[HTTP][39m [37m-->[39m [37mPOST[39m [37m/wd/hub/session/28970245-d90a-4632-8972-a6bcbf771bb7/elements[39m
[35m[HTTP][39m [90m{"using":"-android uiautomator","value":"new UiSelector().className(\"android.widget.TextView\").text(\"GeekyAnts Software Pvt Ltd, Industrial Area, Stage 2, BTM 2nd Stage, Bengaluru, Karnataka, India\")"}[39m
[35m[HTTP][39m [37m<-- POST /wd/hub/session/28970245-d90a-4632-8972-a6bcbf771bb7/elements [39m[32m200[39m [90m843 ms - 139[39m
[35m[HTTP][39m [90m[39m
[35m[HTTP][39m [37m-->[39m [37mGET[39m [37m/wd/hub/session/28970245-d90a-4632-8972-a6bcbf771bb7/element/dd923e58-ff9f-45b2-b6f0-895c42cc039d/location[39m
[35m[HTTP][39m [90m{}[39m
[35m[W3C (28970245)][39m Driver proxy active, passing request on via HTTP proxy
[35m[WD Proxy][39m Replacing sessionId 2417c581-cab2-4fc7-90f8-4df37d41ae73 with 28970245-d90a-4632-8972-a6bcbf771bb7
[35m[HTTP][39m [37m<-- GET /wd/hub/session/28970245-d90a-4632-8972-a6bcbf771bb7/element/dd923e58-ff9f-45b2-b6f0-895c42cc039d/location [39m[32m200[39m [90m44 ms - 88[39m
[35m[HTTP][39m [90m[39m
[35m[HTTP][39m [37m-->[39m [37mPOST[39m [37m/wd/hub/session/28970245-d90a-4632-8972-a6bcbf771bb7/timeouts[39m
[35m[HTTP][39m [90m{"implicit":30000}[39m
[35m[HTTP][39m [37m<-- POST /wd/hub/session/28970245-d90a-4632-8972-a6bcbf771bb7/timeouts [39m[32m200[39m [90m2 ms - 14[39m
[35m[HTTP][39m [90m[39m
[35m[HTTP][39m [37m-->[39m [37mPOST[39m [37m/wd/hub/session/28970245-d90a-4632-8972-a6bcbf771bb7/touch/perform[39m
[35m[HTTP][39m [90m{"actions":[{"action":"tap","options":{"x":1,"y":1,"element":"dd923e58-ff9f-45b2-b6f0-895c42cc039d"}},{"action":"release","options":{}}]}[39m
[35m[UiAutomator2][39m calling get location: dd923e58-ff9f-45b2-b6f0-895c42cc039d
[35m[HTTP][39m [37m<-- POST /wd/hub/session/28970245-d90a-4632-8972-a6bcbf771bb7/touch/perform [39m[32m200[39m [90m1247 ms - 14[39m
[35m[HTTP][39m [90m[39m
[35m[HTTP][39m [37m-->[39m [37mPOST[39m [37m/wd/hub/session/28970245-d90a-4632-8972-a6bcbf771bb7/timeouts[39m
[35m[HTTP][39m [90m{"implicit":50}[39m
[35m[HTTP][39m [37m<-- POST /wd/hub/session/28970245-d90a-4632-8972-a6bcbf771bb7/timeouts [39m[32m200[39m [90m2 ms - 14[39m
[35m[HTTP][39m [90m[39m
[35m[HTTP][39m [37m-->[39m [37mGET[39m [37m/wd/hub/session/28970245-d90a-4632-8972-a6bcbf771bb7/window/rect[39m
[35m[HTTP][39m [90m{}[39m
[35m[HTTP][39m [37m<-- GET /wd/hub/session/28970245-d90a-4632-8972-a6bcbf771bb7/window/rect [39m[32m200[39m [90m13 ms - 50[39m
[35m[HTTP][39m [90m[39m
[35m[HTTP][39m [37m-->[39m [37mPOST[39m [37m/wd/hub/session/28970245-d90a-4632-8972-a6bcbf771bb7/elements[39m
[35m[HTTP][39m [90m{"using":"-android uiautomator","value":"new UiSelector().className(\"android.widget.TextView\").text(\"Enter Drop Location\")"}[39m
[35m[HTTP][39m [37m<-- POST /wd/hub/session/28970245-d90a-4632-8972-a6bcbf771bb7/elements [39m[32m200[39m [90m61 ms - 139[39m
[35m[HTTP][39m [90m[39m
[35m[HTTP][39m [37m-->[39m [37mGET[39m [37m/wd/hub/session/28970245-d90a-4632-8972-a6bcbf771bb7/element/1f9d6dab-9ff2-4867-a3ca-f99dcd11c720/location[39m
[35m[HTTP][39m [90m{}[39m
[35m[W3C (28970245)][39m Driver proxy active, passing request on via HTTP proxy
[35m[WD Proxy][39m Replacing sessionId 2417c581-cab2-4fc7-90f8-4df37d41ae73 with 28970245-d90a-4632-8972-a6bcbf771bb7
[35m[HTTP][39m [37m<-- GET /wd/hub/session/28970245-d90a-4632-8972-a6bcbf771bb7/element/1f9d6dab-9ff2-4867-a3ca-f99dcd11c720/location [39m[32m200[39m [90m44 ms - 89[39m
[35m[HTTP][39m [90m[39m
[35m[HTTP][39m [37m-->[39m [37mPOST[39m [37m/wd/hub/session/28970245-d90a-4632-8972-a6bcbf771bb7/timeouts[39m
[35m[HTTP][39m [90m{"implicit":30000}[39m
[35m[HTTP][39m [37m<-- POST /wd/hub/session/28970245-d90a-4632-8972-a6bcbf771bb7/timeouts [39m[32m200[39m [90m34 ms - 14[39m
[35m[HTTP][39m [90m[39m
[35m[HTTP][39m [37m-->[39m [37mPOST[39m [37m/wd/hub/session/28970245-d90a-4632-8972-a6bcbf771bb7/touch/perform[39m
[35m[HTTP][39m [90m{"actions":[{"action":"tap","options":{"x":1,"y":1,"element":"1f9d6dab-9ff2-4867-a3ca-f99dcd11c720"}},{"action":"release","options":{}}]}[39m
[35m[UiAutomator2][39m calling get location: 1f9d6dab-9ff2-4867-a3ca-f99dcd11c720
[35m[HTTP][39m [37m<-- POST /wd/hub/session/28970245-d90a-4632-8972-a6bcbf771bb7/touch/perform [39m[32m200[39m [90m3605 ms - 14[39m
[35m[HTTP][39m [90m[39m
[35m[HTTP][39m [37m-->[39m [37mPOST[39m [37m/wd/hub/session/28970245-d90a-4632-8972-a6bcbf771bb7/timeouts[39m
[35m[HTTP][39m [90m{"implicit":50}[39m
[35m[HTTP][39m [37m<-- POST /wd/hub/session/28970245-d90a-4632-8972-a6bcbf771bb7/timeouts [39m[32m200[39m [90m5 ms - 14[39m
[35m[HTTP][39m [90m[39m
[35m[HTTP][39m [37m-->[39m [37mGET[39m [37m/wd/hub/session/28970245-d90a-4632-8972-a6bcbf771bb7/window/rect[39m
[35m[HTTP][39m [90m{}[39m
[35m[HTTP][39m [37m<-- GET /wd/hub/session/28970245-d90a-4632-8972-a6bcbf771bb7/window/rect [39m[32m200[39m [90m115 ms - 50[39m
[35m[HTTP][39m [90m[39m
[35m[HTTP][39m [37m-->[39m [37mPOST[39m [37m/wd/hub/session/28970245-d90a-4632-8972-a6bcbf771bb7/elements[39m
[35m[HTTP][39m [90m{"using":"-android uiautomator","value":"new UiSelector().className(\"android.widget.EditText\").text(\"Search for locality or place\")"}[39m
[35m[HTTP][39m [37m<-- POST /wd/hub/session/28970245-d90a-4632-8972-a6bcbf771bb7/elements [39m[32m200[39m [90m133 ms - 139[39m
[35m[HTTP][39m [90m[39m
[35m[HTTP][39m [37m-->[39m [37mGET[39m [37m/wd/hub/session/28970245-d90a-4632-8972-a6bcbf771bb7/element/8d328cd3-8398-407c-b541-d199dbf9ab9c/location[39m
[35m[HTTP][39m [90m{}[39m
[35m[W3C (28970245)][39m Driver proxy active, passing request on via HTTP proxy
[35m[WD Proxy][39m Replacing sessionId 2417c581-cab2-4fc7-90f8-4df37d41ae73 with 28970245-d90a-4632-8972-a6bcbf771bb7
[35m[HTTP][39m [37m<-- GET /wd/hub/session/28970245-d90a-4632-8972-a6bcbf771bb7/element/8d328cd3-8398-407c-b541-d199dbf9ab9c/location [39m[32m200[39m [90m53 ms - 88[39m
[35m[HTTP][39m [90m[39m
[35m[HTTP][39m [37m-->[39m [37mPOST[39m [37m/wd/hub/session/28970245-d90a-4632-8972-a6bcbf771bb7/timeouts[39m
[35m[HTTP][39m [90m{"implicit":30000}[39m
[35m[HTTP][39m [37m<-- POST /wd/hub/session/28970245-d90a-4632-8972-a6bcbf771bb7/timeouts [39m[32m200[39m [90m2 ms - 14[39m
[35m[HTTP][39m [90m[39m
[35m[HTTP][39m [37m-->[39m [37mPOST[39m [37m/wd/hub/session/28970245-d90a-4632-8972-a6bcbf771bb7/element/8d328cd3-8398-407c-b541-d199dbf9ab9c/clear[39m
[35m[HTTP][39m [90m{"id":"8d328cd3-8398-407c-b541-d199dbf9ab9c"}[39m
[35m[HTTP][39m [37m<-- POST /wd/hub/session/28970245-d90a-4632-8972-a6bcbf771bb7/element/8d328cd3-8398-407c-b541-d199dbf9ab9c/clear [39m[32m200[39m [90m66 ms - 27[39m
[35m[HTTP][39m [90m[39m
[35m[HTTP][39m [37m-->[39m [37mPOST[39m [37m/wd/hub/session/28970245-d90a-4632-8972-a6bcbf771bb7/element/8d328cd3-8398-407c-b541-d199dbf9ab9c/value[39m
[35m[HTTP][39m [90m{"id":"8d328cd3-8398-407c-b541-d199dbf9ab9c","text":"silk board","value":["s","i","l","k"," ","b","o","a","r","d"]}[39m
[35m[HTTP][39m [37m<-- POST /wd/hub/session/28970245-d90a-4632-8972-a6bcbf771bb7/element/8d328cd3-8398-407c-b541-d199dbf9ab9c/value [39m[32m200[39m [90m1764 ms - 12[39m
[35m[HTTP][39m [90m[39m
[35m[HTTP][39m [37m-->[39m [37mPOST[39m [37m/wd/hub/session/28970245-d90a-4632-8972-a6bcbf771bb7/timeouts[39m
[35m[HTTP][39m [90m{"implicit":50}[39m
[35m[HTTP][39m [37m<-- POST /wd/hub/session/28970245-d90a-4632-8972-a6bcbf771bb7/timeouts [39m[32m200[39m [90m3 ms - 14[39m
[35m[HTTP][39m [90m[39m
[35m[HTTP][39m [37m-->[39m [37mGET[39m [37m/wd/hub/session/28970245-d90a-4632-8972-a6bcbf771bb7/window/rect[39m
[35m[HTTP][39m [90m{}[39m
[35m[HTTP][39m [37m<-- GET /wd/hub/session/28970245-d90a-4632-8972-a6bcbf771bb7/window/rect [39m[32m200[39m [90m28 ms - 50[39m
[35m[HTTP][39m [90m[39m
[35m[HTTP][39m [37m-->[39m [37mPOST[39m [37m/wd/hub/session/28970245-d90a-4632-8972-a6bcbf771bb7/elements[39m
[35m[HTTP][39m [90m{"using":"-android uiautomator","value":"new UiSelector().className(\"android.widget.TextView\").text(\"Silk board bus stand, Central Silk Board Colony, Stage 2, BTM Layout, Bengaluru, Karnataka, India\")"}[39m
[35m[HTTP][39m [37m<-- POST /wd/hub/session/28970245-d90a-4632-8972-a6bcbf771bb7/elements [39m[32m200[39m [90m857 ms - 139[39m
[35m[HTTP][39m [90m[39m
[35m[HTTP][39m [37m-->[39m [37mGET[39m [37m/wd/hub/session/28970245-d90a-4632-8972-a6bcbf771bb7/element/da124ed5-375b-4349-8bdc-d87f92ef9ea3/location[39m
[35m[HTTP][39m [90m{}[39m
[35m[W3C (28970245)][39m Driver proxy active, passing request on via HTTP proxy
[35m[WD Proxy][39m Replacing sessionId 2417c581-cab2-4fc7-90f8-4df37d41ae73 with 28970245-d90a-4632-8972-a6bcbf771bb7
[35m[HTTP][39m [37m<-- GET /wd/hub/session/28970245-d90a-4632-8972-a6bcbf771bb7/element/da124ed5-375b-4349-8bdc-d87f92ef9ea3/location [39m[32m200[39m [90m37 ms - 88[39m
[35m[HTTP][39m [90m[39m
[35m[HTTP][39m [37m-->[39m [37mPOST[39m [37m/wd/hub/session/28970245-d90a-4632-8972-a6bcbf771bb7/timeouts[39m
[35m[HTTP][39m [90m{"implicit":30000}[39m
[35m[HTTP][39m [37m<-- POST /wd/hub/session/28970245-d90a-4632-8972-a6bcbf771bb7/timeouts [39m[32m200[39m [90m2 ms - 14[39m
[35m[HTTP][39m [90m[39m
[35m[HTTP][39m [37m-->[39m [37mPOST[39m [37m/wd/hub/session/28970245-d90a-4632-8972-a6bcbf771bb7/touch/perform[39m
[35m[HTTP][39m [90m{"actions":[{"action":"tap","options":{"x":1,"y":1,"element":"da124ed5-375b-4349-8bdc-d87f92ef9ea3"}},{"action":"release","options":{}}]}[39m
[35m[UiAutomator2][39m calling get location: da124ed5-375b-4349-8bdc-d87f92ef9ea3
[35m[HTTP][39m [37m<-- POST /wd/hub/session/28970245-d90a-4632-8972-a6bcbf771bb7/touch/perform [39m[32m200[39m [90m1136 ms - 14[39m
[35m[HTTP][39m [90m[39m
[35m[HTTP][39m [37m-->[39m [37mPOST[39m [37m/wd/hub/session/28970245-d90a-4632-8972-a6bcbf771bb7/timeouts[39m
[35m[HTTP][39m [90m{"implicit":50}[39m
[35m[HTTP][39m [37m<-- POST /wd/hub/session/28970245-d90a-4632-8972-a6bcbf771bb7/timeouts [39m[32m200[39m [90m3 ms - 14[39m
[35m[HTTP][39m [90m[39m
[35m[HTTP][39m [37m-->[39m [37mGET[39m [37m/wd/hub/session/28970245-d90a-4632-8972-a6bcbf771bb7/window/rect[39m
[35m[HTTP][39m [90m{}[39m
[35m[HTTP][39m [37m<-- GET /wd/hub/session/28970245-d90a-4632-8972-a6bcbf771bb7/window/rect [39m[32m200[39m [90m16 ms - 50[39m
[35m[HTTP][39m [90m[39m
[35m[HTTP][39m [37m-->[39m [37mPOST[39m [37m/wd/hub/session/28970245-d90a-4632-8972-a6bcbf771bb7/elements[39m
[35m[HTTP][39m [90m{"using":"-android uiautomator","value":"new UiSelector().className(\"android.widget.TextView\").text(\"Book Ride\")"}[39m
[35m[HTTP][39m [37m<-- POST /wd/hub/session/28970245-d90a-4632-8972-a6bcbf771bb7/elements [39m[32m200[39m [90m58 ms - 139[39m
[35m[HTTP][39m [90m[39m
[35m[HTTP][39m [37m-->[39m [37mGET[39m [37m/wd/hub/session/28970245-d90a-4632-8972-a6bcbf771bb7/element/15ea9087-f076-430a-b292-8cd91dbc55c8/location[39m
[35m[HTTP][39m [90m{}[39m
[35m[W3C (28970245)][39m Driver proxy active, passing request on via HTTP proxy
[35m[WD Proxy][39m Replacing sessionId 2417c581-cab2-4fc7-90f8-4df37d41ae73 with 28970245-d90a-4632-8972-a6bcbf771bb7
[35m[HTTP][39m [37m<-- GET /wd/hub/session/28970245-d90a-4632-8972-a6bcbf771bb7/element/15ea9087-f076-430a-b292-8cd91dbc55c8/location [39m[32m200[39m [90m31 ms - 90[39m
[35m[HTTP][39m [90m[39m
[35m[HTTP][39m [37m-->[39m [37mPOST[39m [37m/wd/hub/session/28970245-d90a-4632-8972-a6bcbf771bb7/timeouts[39m
[35m[HTTP][39m [90m{"implicit":30000}[39m
[35m[HTTP][39m [37m<-- POST /wd/hub/session/28970245-d90a-4632-8972-a6bcbf771bb7/timeouts [39m[32m200[39m [90m2 ms - 14[39m
[35m[HTTP][39m [90m[39m
[35m[HTTP][39m [37m-->[39m [37mPOST[39m [37m/wd/hub/session/28970245-d90a-4632-8972-a6bcbf771bb7/touch/perform[39m
[35m[HTTP][39m [90m{"actions":[{"action":"tap","options":{"x":1,"y":1,"element":"15ea9087-f076-430a-b292-8cd91dbc55c8"}},{"action":"release","options":{}}]}[39m
[35m[UiAutomator2][39m calling get location: 15ea9087-f076-430a-b292-8cd91dbc55c8
[35m[HTTP][39m [37m<-- POST /wd/hub/session/28970245-d90a-4632-8972-a6bcbf771bb7/touch/perform [39m[32m200[39m [90m912 ms - 14[39m
[35m[HTTP][39m [90m[39m
[35m[HTTP][39m [37m-->[39m [37mPOST[39m [37m/wd/hub/session/28970245-d90a-4632-8972-a6bcbf771bb7/timeouts[39m
[35m[HTTP][39m [90m{"implicit":50}[39m
[35m[HTTP][39m [37m<-- POST /wd/hub/session/28970245-d90a-4632-8972-a6bcbf771bb7/timeouts [39m[32m200[39m [90m3 ms - 14[39m
[35m[HTTP][39m [90m[39m
[35m[HTTP][39m [37m-->[39m [37mGET[39m [37m/wd/hub/session/28970245-d90a-4632-8972-a6bcbf771bb7/window/rect[39m
[35m[HTTP][39m [90m{}[39m
[35m[HTTP][39m [37m<-- GET /wd/hub/session/28970245-d90a-4632-8972-a6bcbf771bb7/window/rect [39m[32m200[39m [90m13 ms - 50[39m
[35m[HTTP][39m [90m[39m
[35m[HTTP][39m [37m-->[39m [37mPOST[39m [37m/wd/hub/session/28970245-d90a-4632-8972-a6bcbf771bb7/elements[39m
[35m[HTTP][39m [90m{"using":"-android uiautomator","value":"new UiSelector().className(\"android.widget.TextView\").text(\"Request Taxi\")"}[39m
[35m[HTTP][39m [37m<-- POST /wd/hub/session/28970245-d90a-4632-8972-a6bcbf771bb7/elements [39m[32m200[39m [90m62 ms - 139[39m
[35m[HTTP][39m [90m[39m
[35m[HTTP][39m [37m-->[39m [37mGET[39m [37m/wd/hub/session/28970245-d90a-4632-8972-a6bcbf771bb7/element/9fbdebaf-7a3b-4483-b46d-1299a2b99922/location[39m
[35m[HTTP][39m [90m{}[39m
[35m[W3C (28970245)][39m Driver proxy active, passing request on via HTTP proxy
[35m[WD Proxy][39m Replacing sessionId 2417c581-cab2-4fc7-90f8-4df37d41ae73 with 28970245-d90a-4632-8972-a6bcbf771bb7
[35m[HTTP][39m [37m<-- GET /wd/hub/session/28970245-d90a-4632-8972-a6bcbf771bb7/element/9fbdebaf-7a3b-4483-b46d-1299a2b99922/location [39m[32m200[39m [90m51 ms - 90[39m
[35m[HTTP][39m [90m[39m
[35m[HTTP][39m [37m-->[39m [37mPOST[39m [37m/wd/hub/session/28970245-d90a-4632-8972-a6bcbf771bb7/timeouts[39m
[35m[HTTP][39m [90m{"implicit":30000}[39m
[35m[HTTP][39m [37m<-- POST /wd/hub/session/28970245-d90a-4632-8972-a6bcbf771bb7/timeouts [39m[32m200[39m [90m2 ms - 14[39m
[35m[HTTP][39m [90m[39m
[35m[HTTP][39m [37m-->[39m [37mPOST[39m [37m/wd/hub/session/28970245-d90a-4632-8972-a6bcbf771bb7/touch/perform[39m
[35m[HTTP][39m [90m{"actions":[{"action":"tap","options":{"x":1,"y":1,"element":"9fbdebaf-7a3b-4483-b46d-1299a2b99922"}},{"action":"release","options":{}}]}[39m
[35m[UiAutomator2][39m calling get location: 9fbdebaf-7a3b-4483-b46d-1299a2b99922
[35m[HTTP][39m [37m<-- POST /wd/hub/session/28970245-d90a-4632-8972-a6bcbf771bb7/touch/perform [39m[32m200[39m [90m1031 ms - 14[39m
[35m[HTTP][39m [90m[39m
[35m[BaseDriver][39m Shutting down because we waited 1800 seconds for a command
[35m[Appium][39m Closing session, cause was 'New Command Timeout of 1800 seconds expired. Try customizing the timeout using the 'newCommandTimeout' desired capability'
[35m[Appium][39m Removing session 28970245-d90a-4632-8972-a6bcbf771bb7 from our master session list
[35m[WD Proxy][39m Got an unexpected response: {"code":"ECONNRESET"}
[35m[UiAutomator2][39m Did not get confirmation UiAutomator2 deleteSession worked; Error was: UnknownError: An unknown server-side error occurred while processing the command. Original error: Could not proxy command to remote server. Original error: Error: socket hang up
[35m[ADB][39m io.nativebase.market.geekyants.taxiapprider was not uninstalled, because it was not present on the device
[35m[Appium][39m Received SIGTERM - shutting down
