[35m[Appium][39m Welcome to Appium v1.14.0
[35m[Appium][39m Non-default server args:
[35m[Appium][39m   port: 63333
[35m[Appium][39m   loglevel: info
[35m[Appium][39m   chromeDriverPort: 63334
[35m[Appium][39m   tmpDir: /var/folders/38/x4crs4qx0hn0r3_szny2t9sw0000gn/T//Katalon/Appium/Temp1565719562153
[35m[Appium][39m Appium REST http interface listener started on 0.0.0.0:63333
[35m[HTTP][39m [37m-->[39m [37mGET[39m [37m/wd/hub/status[39m
[35m[HTTP][39m [90m{}[39m
[35m[HTTP][39m [37m<-- GET /wd/hub/status [39m[32m200[39m [90m36 ms - 68[39m
[35m[HTTP][39m [90m[39m
[35m[HTTP][39m [37m-->[39m [37mPOST[39m [37m/wd/hub/session[39m
[35m[HTTP][39m [90m{"desiredCapabilities":{"app":"/Users/sumittulsyan/Downloads/app-release.apk","noReset":false,"deviceName":"emulator-5554 (Android SDK built for x86 - Android 7.0)","fullReset":true,"platform":"ANDROID","newCommandTimeout":1800,"platformVersion":"7.0","automationName":"uiautomator2","autoGrantPermissions":true,"platformName":"Android","udid":"emulator-5554","systemPort":63332},"capabilities":{"firstMatch":[{"appium:app":"/Users/sumittulsyan/Downloads/app-release.apk","appium:autoGrantPermissions":true,"appium:automationName":"uiautomator2","appium:deviceName":"emulator-5554 (Android SDK built for x86 - Android 7.0)","appium:fullReset":true,"appium:newCommandTimeout":1800,"appium:noReset":false,"platform":"ANDROID","platformName":"android","appium:platformVersion":"7.0","appium:systemPort":63332,"appium:udid":"emulator-5554"}]}}[39m
[35m[BaseDriver][39m The capabilities ["platform"] are not standard capabilities and should have an extension prefix
[35m[Appium][39m Appium v1.14.0 creating new AndroidUiautomator2Driver (v1.33.1) session
[35m[Appium][39m Capabilities:
[35m[Appium][39m   platform: ANDROID
[35m[Appium][39m   platformName: android
[35m[Appium][39m   app: /Users/sumittulsyan/Downloads/app-release.apk
[35m[Appium][39m   autoGrantPermissions: true
[35m[Appium][39m   automationName: uiautomator2
[35m[Appium][39m   deviceName: emulator-5554 (Android SDK built for x86 - Android 7.0)
[35m[Appium][39m   fullReset: true
[35m[Appium][39m   newCommandTimeout: 1800
[35m[Appium][39m   noReset: false
[35m[Appium][39m   platformVersion: 7.0
[35m[Appium][39m   systemPort: 63332
[35m[Appium][39m   udid: emulator-5554
[35m[BaseDriver][39m The following capabilities were provided, but are not recognized by Appium:
[35m[BaseDriver][39m   platform
[35m[BaseDriver][39m Session created with session id: aae35634-49ad-405a-bcaa-42cf622ad0f5
[35m[BaseDriver][39m Using local app '/Users/sumittulsyan/Downloads/app-release.apk'
[35m[ADB][39m Found 1 'build-tools' folders under '/Users/sumittulsyan/.katalon/tools/android_sdk' (newest first):
[35m[ADB][39m     /Users/sumittulsyan/.katalon/tools/android_sdk/build-tools/29.0.1
[35m[ADB][39m Using 'adb' from '/Users/sumittulsyan/.katalon/tools/android_sdk/platform-tools/adb'
[35m[AndroidDriver][39m Retrieving device list
[35m[AndroidDriver][39m Using device: emulator-5554
[35m[ADB][39m Using 'adb' from '/Users/sumittulsyan/.katalon/tools/android_sdk/platform-tools/adb'
[35m[ADB][39m Using 'apkanalyzer' from '/Users/sumittulsyan/.katalon/tools/android_sdk/tools/bin/apkanalyzer'
[35m[ADB][39m Package name: 'io.nativebase.market.geekyants.taxiappdriver'
[35m[ADB][39m Main activity name: 'io.nativebase.market.geekyants.taxiappdriver.MainActivity'
[35m[ADB][39m Using 'aapt' from '/Users/sumittulsyan/.katalon/tools/android_sdk/build-tools/29.0.1/aapt'
[35m[ADB][39m Using 'apksigner' from '/Users/sumittulsyan/.katalon/tools/android_sdk/build-tools/29.0.1/apksigner'
[35m[UiAutomator2][39m Server packages are not going to be (re)installed
[35m[ADB][39m io.nativebase.market.geekyants.taxiappdriver was not uninstalled, because it was not present on the device
[35m[ADB][39m The application at '/Users/sumittulsyan/Downloads/app-release.apk' is already cached to '/data/local/tmp/appium_cache/0a4c298d81fa9fed8129162356ad8641ab361e22.apk'
[35m[ADB][39m The installation of 'app-release.apk' took 11.237s
[35m[UiAutomator2][39m Starting UIAutomator2 server 3.7.0
[35m[UiAutomator2][39m Using UIAutomator2 server from '/Users/sumittulsyan/Downloads/appium-mobile-test/node_modules/appium-uiautomator2-server/apks/appium-uiautomator2-server-v3.7.0.apk' and test from '/Users/sumittulsyan/Downloads/appium-mobile-test/node_modules/appium-uiautomator2-server/apks/appium-uiautomator2-server-debug-androidTest.apk'
[35m[UiAutomator2][39m Waiting up to 30000ms for UiAutomator2 to be online...
[35m[WD Proxy][39m Got an unexpected response: {"code":"ECONNRESET"}
[35m[AndroidDriver][39m Screen already unlocked, doing nothing
[35m[UiAutomator2][39m UiAutomator2 did not start the activity we were waiting for, 'io.nativebase.market.geekyants.taxiappdriver/io.nativebase.market.geekyants.taxiappdriver.MainActivity'. Starting it ourselves
[35m[Appium][39m New AndroidUiautomator2Driver session created successfully, session aae35634-49ad-405a-bcaa-42cf622ad0f5 added to master session list
[35m[HTTP][39m [37m<-- POST /wd/hub/session [39m[32m200[39m [90m26347 ms - 1272[39m
[35m[HTTP][39m [90m[39m
[35m[HTTP][39m [37m-->[39m [37mGET[39m [37m/wd/hub/session/aae35634-49ad-405a-bcaa-42cf622ad0f5[39m
[35m[HTTP][39m [90m{}[39m
[35m[HTTP][39m [37m<-- GET /wd/hub/session/aae35634-49ad-405a-bcaa-42cf622ad0f5 [39m[32m200[39m [90m90 ms - 1204[39m
[35m[HTTP][39m [90m[39m
[35m[HTTP][39m [37m-->[39m [37mGET[39m [37m/wd/hub/session/aae35634-49ad-405a-bcaa-42cf622ad0f5[39m
[35m[HTTP][39m [90m{}[39m
[35m[HTTP][39m [37m<-- GET /wd/hub/session/aae35634-49ad-405a-bcaa-42cf622ad0f5 [39m[32m200[39m [90m25 ms - 1204[39m
[35m[HTTP][39m [90m[39m
[35m[HTTP][39m [37m-->[39m [37mGET[39m [37m/wd/hub/status[39m
[35m[HTTP][39m [90m{}[39m
[35m[HTTP][39m [37m<-- GET /wd/hub/status [39m[32m200[39m [90m4 ms - 68[39m
[35m[HTTP][39m [90m[39m
[35m[HTTP][39m [37m-->[39m [37mPOST[39m [37m/wd/hub/session/aae35634-49ad-405a-bcaa-42cf622ad0f5/timeouts[39m
[35m[HTTP][39m [90m{"implicit":30000}[39m
[35m[HTTP][39m [37m<-- POST /wd/hub/session/aae35634-49ad-405a-bcaa-42cf622ad0f5/timeouts [39m[32m200[39m [90m6 ms - 14[39m
[35m[HTTP][39m [90m[39m
[35m[HTTP][39m [37m-->[39m [37mPOST[39m [37m/wd/hub/session/aae35634-49ad-405a-bcaa-42cf622ad0f5/timeouts[39m
[35m[HTTP][39m [90m{"implicit":50}[39m
[35m[HTTP][39m [37m<-- POST /wd/hub/session/aae35634-49ad-405a-bcaa-42cf622ad0f5/timeouts [39m[32m200[39m [90m6 ms - 14[39m
[35m[HTTP][39m [90m[39m
[35m[HTTP][39m [37m-->[39m [37mGET[39m [37m/wd/hub/session/aae35634-49ad-405a-bcaa-42cf622ad0f5/window/rect[39m
[35m[HTTP][39m [90m{}[39m
[35m[HTTP][39m [37m<-- GET /wd/hub/session/aae35634-49ad-405a-bcaa-42cf622ad0f5/window/rect [39m[32m200[39m [90m23 ms - 50[39m
[35m[HTTP][39m [90m[39m
[35m[HTTP][39m [37m-->[39m [37mPOST[39m [37m/wd/hub/session/aae35634-49ad-405a-bcaa-42cf622ad0f5/elements[39m
[35m[HTTP][39m [90m{"using":"-android uiautomator","value":"new UiSelector().className(\"android.widget.TextView\").text(\"Register\")"}[39m
[35m[HTTP][39m [37m<-- POST /wd/hub/session/aae35634-49ad-405a-bcaa-42cf622ad0f5/elements [39m[32m200[39m [90m56 ms - 12[39m
[35m[HTTP][39m [90m[39m
[35m[HTTP][39m [37m-->[39m [37mPOST[39m [37m/wd/hub/session/aae35634-49ad-405a-bcaa-42cf622ad0f5/elements[39m
[35m[HTTP][39m [90m{"using":"-android uiautomator","value":"new UiSelector().className(\"android.widget.TextView\").text(\"Register\")"}[39m
[35m[HTTP][39m [37m<-- POST /wd/hub/session/aae35634-49ad-405a-bcaa-42cf622ad0f5/elements [39m[32m200[39m [90m545 ms - 12[39m
[35m[HTTP][39m [90m[39m
[35m[HTTP][39m [37m-->[39m [37mPOST[39m [37m/wd/hub/session/aae35634-49ad-405a-bcaa-42cf622ad0f5/elements[39m
[35m[HTTP][39m [90m{"using":"-android uiautomator","value":"new UiSelector().className(\"android.widget.TextView\").text(\"Register\")"}[39m
[35m[HTTP][39m [37m<-- POST /wd/hub/session/aae35634-49ad-405a-bcaa-42cf622ad0f5/elements [39m[32m200[39m [90m1727 ms - 139[39m
[35m[HTTP][39m [90m[39m
[35m[HTTP][39m [37m-->[39m [37mGET[39m [37m/wd/hub/session/aae35634-49ad-405a-bcaa-42cf622ad0f5/element/3ea954f4-0c05-41e1-bfa3-50a55c32eb89/location[39m
[35m[HTTP][39m [90m{}[39m
[35m[W3C (aae35634)][39m Driver proxy active, passing request on via HTTP proxy
[35m[WD Proxy][39m Replacing sessionId cd7c1caf-56f7-4f3a-b291-4c1de68fada8 with aae35634-49ad-405a-bcaa-42cf622ad0f5
[35m[HTTP][39m [37m<-- GET /wd/hub/session/aae35634-49ad-405a-bcaa-42cf622ad0f5/element/3ea954f4-0c05-41e1-bfa3-50a55c32eb89/location [39m[32m200[39m [90m31 ms - 90[39m
[35m[HTTP][39m [90m[39m
[35m[HTTP][39m [37m-->[39m [37mPOST[39m [37m/wd/hub/session/aae35634-49ad-405a-bcaa-42cf622ad0f5/timeouts[39m
[35m[HTTP][39m [90m{"implicit":30000}[39m
[35m[HTTP][39m [37m<-- POST /wd/hub/session/aae35634-49ad-405a-bcaa-42cf622ad0f5/timeouts [39m[32m200[39m [90m2 ms - 14[39m
[35m[HTTP][39m [90m[39m
[35m[HTTP][39m [37m-->[39m [37mPOST[39m [37m/wd/hub/session/aae35634-49ad-405a-bcaa-42cf622ad0f5/touch/perform[39m
[35m[HTTP][39m [90m{"actions":[{"action":"tap","options":{"x":1,"y":1,"element":"3ea954f4-0c05-41e1-bfa3-50a55c32eb89"}},{"action":"release","options":{}}]}[39m
[35m[UiAutomator2][39m calling get location: 3ea954f4-0c05-41e1-bfa3-50a55c32eb89
[35m[HTTP][39m [37m<-- POST /wd/hub/session/aae35634-49ad-405a-bcaa-42cf622ad0f5/touch/perform [39m[32m200[39m [90m1410 ms - 14[39m
[35m[HTTP][39m [90m[39m
[35m[HTTP][39m [37m-->[39m [37mPOST[39m [37m/wd/hub/session/aae35634-49ad-405a-bcaa-42cf622ad0f5/timeouts[39m
[35m[HTTP][39m [90m{"implicit":50}[39m
[35m[HTTP][39m [37m<-- POST /wd/hub/session/aae35634-49ad-405a-bcaa-42cf622ad0f5/timeouts [39m[32m200[39m [90m7 ms - 14[39m
[35m[HTTP][39m [90m[39m
[35m[HTTP][39m [37m-->[39m [37mGET[39m [37m/wd/hub/session/aae35634-49ad-405a-bcaa-42cf622ad0f5/window/rect[39m
[35m[HTTP][39m [90m{}[39m
[35m[HTTP][39m [37m<-- GET /wd/hub/session/aae35634-49ad-405a-bcaa-42cf622ad0f5/window/rect [39m[32m200[39m [90m25 ms - 50[39m
[35m[HTTP][39m [90m[39m
[35m[HTTP][39m [37m-->[39m [37mPOST[39m [37m/wd/hub/session/aae35634-49ad-405a-bcaa-42cf622ad0f5/elements[39m
[35m[HTTP][39m [90m{"using":"-android uiautomator","value":"new UiSelector().className(\"android.widget.EditText\").text(\"First Name\")"}[39m
[35m[HTTP][39m [37m<-- POST /wd/hub/session/aae35634-49ad-405a-bcaa-42cf622ad0f5/elements [39m[32m200[39m [90m145 ms - 139[39m
[35m[HTTP][39m [90m[39m
[35m[HTTP][39m [37m-->[39m [37mGET[39m [37m/wd/hub/session/aae35634-49ad-405a-bcaa-42cf622ad0f5/element/da2c7387-b6db-4737-a95a-0bbdf3290731/location[39m
[35m[HTTP][39m [90m{}[39m
[35m[W3C (aae35634)][39m Driver proxy active, passing request on via HTTP proxy
[35m[WD Proxy][39m Replacing sessionId cd7c1caf-56f7-4f3a-b291-4c1de68fada8 with aae35634-49ad-405a-bcaa-42cf622ad0f5
[35m[HTTP][39m [37m<-- GET /wd/hub/session/aae35634-49ad-405a-bcaa-42cf622ad0f5/element/da2c7387-b6db-4737-a95a-0bbdf3290731/location [39m[32m200[39m [90m64 ms - 88[39m
[35m[HTTP][39m [90m[39m
[35m[HTTP][39m [37m-->[39m [37mPOST[39m [37m/wd/hub/session/aae35634-49ad-405a-bcaa-42cf622ad0f5/timeouts[39m
[35m[HTTP][39m [90m{"implicit":30000}[39m
[35m[HTTP][39m [37m<-- POST /wd/hub/session/aae35634-49ad-405a-bcaa-42cf622ad0f5/timeouts [39m[32m200[39m [90m7 ms - 14[39m
[35m[HTTP][39m [90m[39m
[35m[HTTP][39m [37m-->[39m [37mPOST[39m [37m/wd/hub/session/aae35634-49ad-405a-bcaa-42cf622ad0f5/element/da2c7387-b6db-4737-a95a-0bbdf3290731/clear[39m
[35m[HTTP][39m [90m{"id":"da2c7387-b6db-4737-a95a-0bbdf3290731"}[39m
[35m[HTTP][39m [37m<-- POST /wd/hub/session/aae35634-49ad-405a-bcaa-42cf622ad0f5/element/da2c7387-b6db-4737-a95a-0bbdf3290731/clear [39m[32m200[39m [90m66 ms - 27[39m
[35m[HTTP][39m [90m[39m
[35m[HTTP][39m [37m-->[39m [37mPOST[39m [37m/wd/hub/session/aae35634-49ad-405a-bcaa-42cf622ad0f5/element/da2c7387-b6db-4737-a95a-0bbdf3290731/value[39m
[35m[HTTP][39m [90m{"id":"da2c7387-b6db-4737-a95a-0bbdf3290731","text":"fdgs","value":["f","d","g","s"]}[39m
[35m[HTTP][39m [37m<-- POST /wd/hub/session/aae35634-49ad-405a-bcaa-42cf622ad0f5/element/da2c7387-b6db-4737-a95a-0bbdf3290731/value [39m[32m200[39m [90m1133 ms - 12[39m
[35m[HTTP][39m [90m[39m
[35m[HTTP][39m [37m-->[39m [37mPOST[39m [37m/wd/hub/session/aae35634-49ad-405a-bcaa-42cf622ad0f5/timeouts[39m
[35m[HTTP][39m [90m{"implicit":50}[39m
[35m[HTTP][39m [37m<-- POST /wd/hub/session/aae35634-49ad-405a-bcaa-42cf622ad0f5/timeouts [39m[32m200[39m [90m3 ms - 14[39m
[35m[HTTP][39m [90m[39m
[35m[HTTP][39m [37m-->[39m [37mGET[39m [37m/wd/hub/session/aae35634-49ad-405a-bcaa-42cf622ad0f5/window/rect[39m
[35m[HTTP][39m [90m{}[39m
[35m[HTTP][39m [37m<-- GET /wd/hub/session/aae35634-49ad-405a-bcaa-42cf622ad0f5/window/rect [39m[32m200[39m [90m42 ms - 50[39m
[35m[HTTP][39m [90m[39m
[35m[HTTP][39m [37m-->[39m [37mPOST[39m [37m/wd/hub/session/aae35634-49ad-405a-bcaa-42cf622ad0f5/elements[39m
[35m[HTTP][39m [90m{"using":"-android uiautomator","value":"new UiSelector().className(\"android.widget.EditText\").text(\"Last Name\")"}[39m
[35m[HTTP][39m [37m<-- POST /wd/hub/session/aae35634-49ad-405a-bcaa-42cf622ad0f5/elements [39m[32m200[39m [90m319 ms - 139[39m
[35m[HTTP][39m [90m[39m
[35m[HTTP][39m [37m-->[39m [37mGET[39m [37m/wd/hub/session/aae35634-49ad-405a-bcaa-42cf622ad0f5/element/0e4d2b9a-bd7c-4dba-87e1-a6bd3ba44165/location[39m
[35m[HTTP][39m [90m{}[39m
[35m[W3C (aae35634)][39m Driver proxy active, passing request on via HTTP proxy
[35m[WD Proxy][39m Replacing sessionId cd7c1caf-56f7-4f3a-b291-4c1de68fada8 with aae35634-49ad-405a-bcaa-42cf622ad0f5
[35m[HTTP][39m [37m<-- GET /wd/hub/session/aae35634-49ad-405a-bcaa-42cf622ad0f5/element/0e4d2b9a-bd7c-4dba-87e1-a6bd3ba44165/location [39m[32m200[39m [90m32 ms - 89[39m
[35m[HTTP][39m [90m[39m
[35m[HTTP][39m [37m-->[39m [37mPOST[39m [37m/wd/hub/session/aae35634-49ad-405a-bcaa-42cf622ad0f5/timeouts[39m
[35m[HTTP][39m [90m{"implicit":30000}[39m
[35m[HTTP][39m [37m<-- POST /wd/hub/session/aae35634-49ad-405a-bcaa-42cf622ad0f5/timeouts [39m[32m200[39m [90m3 ms - 14[39m
[35m[HTTP][39m [90m[39m
[35m[HTTP][39m [37m-->[39m [37mPOST[39m [37m/wd/hub/session/aae35634-49ad-405a-bcaa-42cf622ad0f5/element/0e4d2b9a-bd7c-4dba-87e1-a6bd3ba44165/clear[39m
[35m[HTTP][39m [90m{"id":"0e4d2b9a-bd7c-4dba-87e1-a6bd3ba44165"}[39m
[35m[HTTP][39m [37m<-- POST /wd/hub/session/aae35634-49ad-405a-bcaa-42cf622ad0f5/element/0e4d2b9a-bd7c-4dba-87e1-a6bd3ba44165/clear [39m[32m200[39m [90m39 ms - 27[39m
[35m[HTTP][39m [90m[39m
[35m[HTTP][39m [37m-->[39m [37mPOST[39m [37m/wd/hub/session/aae35634-49ad-405a-bcaa-42cf622ad0f5/element/0e4d2b9a-bd7c-4dba-87e1-a6bd3ba44165/value[39m
[35m[HTTP][39m [90m{"id":"0e4d2b9a-bd7c-4dba-87e1-a6bd3ba44165","text":"setdrfgjhk","value":["s","e","t","d","r","f","g","j","h","k"]}[39m
[35m[HTTP][39m [37m<-- POST /wd/hub/session/aae35634-49ad-405a-bcaa-42cf622ad0f5/element/0e4d2b9a-bd7c-4dba-87e1-a6bd3ba44165/value [39m[32m200[39m [90m1046 ms - 12[39m
[35m[HTTP][39m [90m[39m
[35m[HTTP][39m [37m-->[39m [37mPOST[39m [37m/wd/hub/session/aae35634-49ad-405a-bcaa-42cf622ad0f5/timeouts[39m
[35m[HTTP][39m [90m{"implicit":50}[39m
[35m[HTTP][39m [37m<-- POST /wd/hub/session/aae35634-49ad-405a-bcaa-42cf622ad0f5/timeouts [39m[32m200[39m [90m2 ms - 14[39m
[35m[HTTP][39m [90m[39m
[35m[HTTP][39m [37m-->[39m [37mGET[39m [37m/wd/hub/session/aae35634-49ad-405a-bcaa-42cf622ad0f5/window/rect[39m
[35m[HTTP][39m [90m{}[39m
[35m[HTTP][39m [37m<-- GET /wd/hub/session/aae35634-49ad-405a-bcaa-42cf622ad0f5/window/rect [39m[32m200[39m [90m13 ms - 50[39m
[35m[HTTP][39m [90m[39m
[35m[HTTP][39m [37m-->[39m [37mPOST[39m [37m/wd/hub/session/aae35634-49ad-405a-bcaa-42cf622ad0f5/elements[39m
[35m[HTTP][39m [90m{"using":"-android uiautomator","value":"new UiSelector().className(\"android.widget.EditText\").text(\"Email\")"}[39m
[35m[HTTP][39m [37m<-- POST /wd/hub/session/aae35634-49ad-405a-bcaa-42cf622ad0f5/elements [39m[32m200[39m [90m450 ms - 139[39m
[35m[HTTP][39m [90m[39m
[35m[HTTP][39m [37m-->[39m [37mGET[39m [37m/wd/hub/session/aae35634-49ad-405a-bcaa-42cf622ad0f5/element/b4beeec2-9f3b-4f1c-9d6e-8f3bb9a153bc/location[39m
[35m[HTTP][39m [90m{}[39m
[35m[W3C (aae35634)][39m Driver proxy active, passing request on via HTTP proxy
[35m[WD Proxy][39m Replacing sessionId cd7c1caf-56f7-4f3a-b291-4c1de68fada8 with aae35634-49ad-405a-bcaa-42cf622ad0f5
[35m[HTTP][39m [37m<-- GET /wd/hub/session/aae35634-49ad-405a-bcaa-42cf622ad0f5/element/b4beeec2-9f3b-4f1c-9d6e-8f3bb9a153bc/location [39m[32m200[39m [90m31 ms - 88[39m
[35m[HTTP][39m [90m[39m
[35m[HTTP][39m [37m-->[39m [37mPOST[39m [37m/wd/hub/session/aae35634-49ad-405a-bcaa-42cf622ad0f5/timeouts[39m
[35m[HTTP][39m [90m{"implicit":30000}[39m
[35m[HTTP][39m [37m<-- POST /wd/hub/session/aae35634-49ad-405a-bcaa-42cf622ad0f5/timeouts [39m[32m200[39m [90m6 ms - 14[39m
[35m[HTTP][39m [90m[39m
[35m[HTTP][39m [37m-->[39m [37mPOST[39m [37m/wd/hub/session/aae35634-49ad-405a-bcaa-42cf622ad0f5/element/b4beeec2-9f3b-4f1c-9d6e-8f3bb9a153bc/clear[39m
[35m[HTTP][39m [90m{"id":"b4beeec2-9f3b-4f1c-9d6e-8f3bb9a153bc"}[39m
[35m[HTTP][39m [37m<-- POST /wd/hub/session/aae35634-49ad-405a-bcaa-42cf622ad0f5/element/b4beeec2-9f3b-4f1c-9d6e-8f3bb9a153bc/clear [39m[32m200[39m [90m32 ms - 27[39m
[35m[HTTP][39m [90m[39m
[35m[HTTP][39m [37m-->[39m [37mPOST[39m [37m/wd/hub/session/aae35634-49ad-405a-bcaa-42cf622ad0f5/element/b4beeec2-9f3b-4f1c-9d6e-8f3bb9a153bc/value[39m
[35m[HTTP][39m [90m{"id":"b4beeec2-9f3b-4f1c-9d6e-8f3bb9a153bc","text":"hkgyufi@hjdfj.com","value":["h","k","g","y","u","f","i","@","h","j","d","f","j",".","c","o","m"]}[39m
[35m[HTTP][39m [37m<-- POST /wd/hub/session/aae35634-49ad-405a-bcaa-42cf622ad0f5/element/b4beeec2-9f3b-4f1c-9d6e-8f3bb9a153bc/value [39m[32m200[39m [90m1068 ms - 12[39m
[35m[HTTP][39m [90m[39m
[35m[HTTP][39m [37m-->[39m [37mPOST[39m [37m/wd/hub/session/aae35634-49ad-405a-bcaa-42cf622ad0f5/timeouts[39m
[35m[HTTP][39m [90m{"implicit":50}[39m
[35m[HTTP][39m [37m<-- POST /wd/hub/session/aae35634-49ad-405a-bcaa-42cf622ad0f5/timeouts [39m[32m200[39m [90m2 ms - 14[39m
[35m[HTTP][39m [90m[39m
[35m[HTTP][39m [37m-->[39m [37mGET[39m [37m/wd/hub/session/aae35634-49ad-405a-bcaa-42cf622ad0f5/window/rect[39m
[35m[HTTP][39m [90m{}[39m
[35m[HTTP][39m [37m<-- GET /wd/hub/session/aae35634-49ad-405a-bcaa-42cf622ad0f5/window/rect [39m[32m200[39m [90m13 ms - 50[39m
[35m[HTTP][39m [90m[39m
[35m[HTTP][39m [37m-->[39m [37mPOST[39m [37m/wd/hub/session/aae35634-49ad-405a-bcaa-42cf622ad0f5/elements[39m
[35m[HTTP][39m [90m{"using":"-android uiautomator","value":"new UiSelector().className(\"android.widget.EditText\").text(\"Mobile Number\")"}[39m
[35m[HTTP][39m [37m<-- POST /wd/hub/session/aae35634-49ad-405a-bcaa-42cf622ad0f5/elements [39m[32m200[39m [90m420 ms - 139[39m
[35m[HTTP][39m [90m[39m
[35m[HTTP][39m [37m-->[39m [37mGET[39m [37m/wd/hub/session/aae35634-49ad-405a-bcaa-42cf622ad0f5/element/87820ff0-ded2-43f7-ad8e-160e75c82414/location[39m
[35m[HTTP][39m [90m{}[39m
[35m[W3C (aae35634)][39m Driver proxy active, passing request on via HTTP proxy
[35m[WD Proxy][39m Replacing sessionId cd7c1caf-56f7-4f3a-b291-4c1de68fada8 with aae35634-49ad-405a-bcaa-42cf622ad0f5
[35m[HTTP][39m [37m<-- GET /wd/hub/session/aae35634-49ad-405a-bcaa-42cf622ad0f5/element/87820ff0-ded2-43f7-ad8e-160e75c82414/location [39m[32m200[39m [90m21 ms - 90[39m
[35m[HTTP][39m [90m[39m
[35m[HTTP][39m [37m-->[39m [37mPOST[39m [37m/wd/hub/session/aae35634-49ad-405a-bcaa-42cf622ad0f5/timeouts[39m
[35m[HTTP][39m [90m{"implicit":30000}[39m
[35m[HTTP][39m [37m<-- POST /wd/hub/session/aae35634-49ad-405a-bcaa-42cf622ad0f5/timeouts [39m[32m200[39m [90m2 ms - 14[39m
[35m[HTTP][39m [90m[39m
[35m[HTTP][39m [37m-->[39m [37mPOST[39m [37m/wd/hub/session/aae35634-49ad-405a-bcaa-42cf622ad0f5/element/87820ff0-ded2-43f7-ad8e-160e75c82414/clear[39m
[35m[HTTP][39m [90m{"id":"87820ff0-ded2-43f7-ad8e-160e75c82414"}[39m
[35m[HTTP][39m [37m<-- POST /wd/hub/session/aae35634-49ad-405a-bcaa-42cf622ad0f5/element/87820ff0-ded2-43f7-ad8e-160e75c82414/clear [39m[32m200[39m [90m26 ms - 27[39m
[35m[HTTP][39m [90m[39m
[35m[HTTP][39m [37m-->[39m [37mPOST[39m [37m/wd/hub/session/aae35634-49ad-405a-bcaa-42cf622ad0f5/element/87820ff0-ded2-43f7-ad8e-160e75c82414/value[39m
[35m[HTTP][39m [90m{"id":"87820ff0-ded2-43f7-ad8e-160e75c82414","text":"9812981298","value":["9","8","1","2","9","8","1","2","9","8"]}[39m
[35m[HTTP][39m [37m<-- POST /wd/hub/session/aae35634-49ad-405a-bcaa-42cf622ad0f5/element/87820ff0-ded2-43f7-ad8e-160e75c82414/value [39m[32m200[39m [90m1075 ms - 12[39m
[35m[HTTP][39m [90m[39m
[35m[HTTP][39m [37m-->[39m [37mPOST[39m [37m/wd/hub/session/aae35634-49ad-405a-bcaa-42cf622ad0f5/timeouts[39m
[35m[HTTP][39m [90m{"implicit":50}[39m
[35m[HTTP][39m [37m<-- POST /wd/hub/session/aae35634-49ad-405a-bcaa-42cf622ad0f5/timeouts [39m[32m200[39m [90m2 ms - 14[39m
[35m[HTTP][39m [90m[39m
[35m[HTTP][39m [37m-->[39m [37mGET[39m [37m/wd/hub/session/aae35634-49ad-405a-bcaa-42cf622ad0f5/window/rect[39m
[35m[HTTP][39m [90m{}[39m
[35m[HTTP][39m [37m<-- GET /wd/hub/session/aae35634-49ad-405a-bcaa-42cf622ad0f5/window/rect [39m[32m200[39m [90m10 ms - 50[39m
[35m[HTTP][39m [90m[39m
[35m[HTTP][39m [37m-->[39m [37mPOST[39m [37m/wd/hub/session/aae35634-49ad-405a-bcaa-42cf622ad0f5/elements[39m
[35m[HTTP][39m [90m{"using":"-android uiautomator","value":"new UiSelector().className(\"android.widget.EditText\").text(\"Password\")"}[39m
[35m[HTTP][39m [37m<-- POST /wd/hub/session/aae35634-49ad-405a-bcaa-42cf622ad0f5/elements [39m[32m200[39m [90m377 ms - 139[39m
[35m[HTTP][39m [90m[39m
[35m[HTTP][39m [37m-->[39m [37mGET[39m [37m/wd/hub/session/aae35634-49ad-405a-bcaa-42cf622ad0f5/element/33131345-f374-4db7-9e96-a2552801b309/location[39m
[35m[HTTP][39m [90m{}[39m
[35m[W3C (aae35634)][39m Driver proxy active, passing request on via HTTP proxy
[35m[WD Proxy][39m Replacing sessionId cd7c1caf-56f7-4f3a-b291-4c1de68fada8 with aae35634-49ad-405a-bcaa-42cf622ad0f5
[35m[HTTP][39m [37m<-- GET /wd/hub/session/aae35634-49ad-405a-bcaa-42cf622ad0f5/element/33131345-f374-4db7-9e96-a2552801b309/location [39m[32m200[39m [90m27 ms - 89[39m
[35m[HTTP][39m [90m[39m
[35m[HTTP][39m [37m-->[39m [37mPOST[39m [37m/wd/hub/session/aae35634-49ad-405a-bcaa-42cf622ad0f5/timeouts[39m
[35m[HTTP][39m [90m{"implicit":30000}[39m
[35m[HTTP][39m [37m<-- POST /wd/hub/session/aae35634-49ad-405a-bcaa-42cf622ad0f5/timeouts [39m[32m200[39m [90m2 ms - 14[39m
[35m[HTTP][39m [90m[39m
[35m[HTTP][39m [37m-->[39m [37mPOST[39m [37m/wd/hub/session/aae35634-49ad-405a-bcaa-42cf622ad0f5/element/33131345-f374-4db7-9e96-a2552801b309/clear[39m
[35m[HTTP][39m [90m{"id":"33131345-f374-4db7-9e96-a2552801b309"}[39m
[35m[HTTP][39m [37m<-- POST /wd/hub/session/aae35634-49ad-405a-bcaa-42cf622ad0f5/element/33131345-f374-4db7-9e96-a2552801b309/clear [39m[32m200[39m [90m25 ms - 27[39m
[35m[HTTP][39m [90m[39m
[35m[HTTP][39m [37m-->[39m [37mPOST[39m [37m/wd/hub/session/aae35634-49ad-405a-bcaa-42cf622ad0f5/element/33131345-f374-4db7-9e96-a2552801b309/value[39m
[35m[HTTP][39m [90m{"id":"33131345-f374-4db7-9e96-a2552801b309","text":"123456","value":["1","2","3","4","5","6"]}[39m
[35m[HTTP][39m [37m<-- POST /wd/hub/session/aae35634-49ad-405a-bcaa-42cf622ad0f5/element/33131345-f374-4db7-9e96-a2552801b309/value [39m[32m200[39m [90m1056 ms - 12[39m
[35m[HTTP][39m [90m[39m
[35m[HTTP][39m [37m-->[39m [37mPOST[39m [37m/wd/hub/session/aae35634-49ad-405a-bcaa-42cf622ad0f5/timeouts[39m
[35m[HTTP][39m [90m{"implicit":50}[39m
[35m[HTTP][39m [37m<-- POST /wd/hub/session/aae35634-49ad-405a-bcaa-42cf622ad0f5/timeouts [39m[32m200[39m [90m3 ms - 14[39m
[35m[HTTP][39m [90m[39m
[35m[HTTP][39m [37m-->[39m [37mGET[39m [37m/wd/hub/session/aae35634-49ad-405a-bcaa-42cf622ad0f5/window/rect[39m
[35m[HTTP][39m [90m{}[39m
[35m[HTTP][39m [37m<-- GET /wd/hub/session/aae35634-49ad-405a-bcaa-42cf622ad0f5/window/rect [39m[32m200[39m [90m26 ms - 50[39m
[35m[HTTP][39m [90m[39m
[35m[HTTP][39m [37m-->[39m [37mPOST[39m [37m/wd/hub/session/aae35634-49ad-405a-bcaa-42cf622ad0f5/elements[39m
[35m[HTTP][39m [90m{"using":"-android uiautomator","value":"new UiSelector().className(\"android.widget.EditText\").text(\"Confirm password\")"}[39m
[35m[HTTP][39m [37m<-- POST /wd/hub/session/aae35634-49ad-405a-bcaa-42cf622ad0f5/elements [39m[32m200[39m [90m416 ms - 139[39m
[35m[HTTP][39m [90m[39m
[35m[HTTP][39m [37m-->[39m [37mGET[39m [37m/wd/hub/session/aae35634-49ad-405a-bcaa-42cf622ad0f5/element/81d6e7e2-62c7-48bc-a07d-86bf474a8019/location[39m
[35m[HTTP][39m [90m{}[39m
[35m[W3C (aae35634)][39m Driver proxy active, passing request on via HTTP proxy
[35m[WD Proxy][39m Replacing sessionId cd7c1caf-56f7-4f3a-b291-4c1de68fada8 with aae35634-49ad-405a-bcaa-42cf622ad0f5
[35m[HTTP][39m [37m<-- GET /wd/hub/session/aae35634-49ad-405a-bcaa-42cf622ad0f5/element/81d6e7e2-62c7-48bc-a07d-86bf474a8019/location [39m[32m200[39m [90m33 ms - 89[39m
[35m[HTTP][39m [90m[39m
[35m[HTTP][39m [37m-->[39m [37mPOST[39m [37m/wd/hub/session/aae35634-49ad-405a-bcaa-42cf622ad0f5/timeouts[39m
[35m[HTTP][39m [90m{"implicit":30000}[39m
[35m[HTTP][39m [37m<-- POST /wd/hub/session/aae35634-49ad-405a-bcaa-42cf622ad0f5/timeouts [39m[32m200[39m [90m2 ms - 14[39m
[35m[HTTP][39m [90m[39m
[35m[HTTP][39m [37m-->[39m [37mPOST[39m [37m/wd/hub/session/aae35634-49ad-405a-bcaa-42cf622ad0f5/element/81d6e7e2-62c7-48bc-a07d-86bf474a8019/clear[39m
[35m[HTTP][39m [90m{"id":"81d6e7e2-62c7-48bc-a07d-86bf474a8019"}[39m
[35m[HTTP][39m [37m<-- POST /wd/hub/session/aae35634-49ad-405a-bcaa-42cf622ad0f5/element/81d6e7e2-62c7-48bc-a07d-86bf474a8019/clear [39m[32m200[39m [90m26 ms - 27[39m
[35m[HTTP][39m [90m[39m
[35m[HTTP][39m [37m-->[39m [37mPOST[39m [37m/wd/hub/session/aae35634-49ad-405a-bcaa-42cf622ad0f5/element/81d6e7e2-62c7-48bc-a07d-86bf474a8019/value[39m
[35m[HTTP][39m [90m{"id":"81d6e7e2-62c7-48bc-a07d-86bf474a8019","text":"123456","value":["1","2","3","4","5","6"]}[39m
[35m[HTTP][39m [37m<-- POST /wd/hub/session/aae35634-49ad-405a-bcaa-42cf622ad0f5/element/81d6e7e2-62c7-48bc-a07d-86bf474a8019/value [39m[32m200[39m [90m1036 ms - 12[39m
[35m[HTTP][39m [90m[39m
[35m[HTTP][39m [37m-->[39m [37mPOST[39m [37m/wd/hub/session/aae35634-49ad-405a-bcaa-42cf622ad0f5/timeouts[39m
[35m[HTTP][39m [90m{"implicit":50}[39m
[35m[HTTP][39m [37m<-- POST /wd/hub/session/aae35634-49ad-405a-bcaa-42cf622ad0f5/timeouts [39m[32m200[39m [90m1 ms - 14[39m
[35m[HTTP][39m [90m[39m
[35m[HTTP][39m [37m-->[39m [37mGET[39m [37m/wd/hub/session/aae35634-49ad-405a-bcaa-42cf622ad0f5/window/rect[39m
[35m[HTTP][39m [90m{}[39m
[35m[HTTP][39m [37m<-- GET /wd/hub/session/aae35634-49ad-405a-bcaa-42cf622ad0f5/window/rect [39m[32m200[39m [90m7 ms - 50[39m
[35m[HTTP][39m [90m[39m
[35m[HTTP][39m [37m-->[39m [37mPOST[39m [37m/wd/hub/session/aae35634-49ad-405a-bcaa-42cf622ad0f5/elements[39m
[35m[HTTP][39m [90m{"using":"xpath","value":"//hierarchy/android.widget.FrameLayout[1]/android.widget.LinearLayout[1]/android.widget.FrameLayout[1]/android.widget.LinearLayout[1]/android.widget.FrameLayout[1]/android.widget.FrameLayout[1]/android.view.ViewGroup[1]/android.view.ViewGroup[1]/android.view.ViewGroup[1]/android.view.ViewGroup[1]/android.support.v4.widget.DrawerLayout[1]/android.view.ViewGroup[1]/android.view.ViewGroup[1]/android.view.ViewGroup[1]/android.view.ViewGroup[1]/android.view.ViewGroup[1]/android.view.ViewGroup[1]/android.widget.ScrollView[1]/android.view.ViewGroup[1]/android.view.ViewGroup[11]/android.widget.TextView[1]"}[39m
[35m[HTTP][39m [37m<-- POST /wd/hub/session/aae35634-49ad-405a-bcaa-42cf622ad0f5/elements [39m[32m200[39m [90m784 ms - 139[39m
[35m[HTTP][39m [90m[39m
[35m[HTTP][39m [37m-->[39m [37mGET[39m [37m/wd/hub/session/aae35634-49ad-405a-bcaa-42cf622ad0f5/element/a0f42098-ffc0-46f4-b662-d4c5ea0be548/location[39m
[35m[HTTP][39m [90m{}[39m
[35m[W3C (aae35634)][39m Driver proxy active, passing request on via HTTP proxy
[35m[WD Proxy][39m Replacing sessionId cd7c1caf-56f7-4f3a-b291-4c1de68fada8 with aae35634-49ad-405a-bcaa-42cf622ad0f5
[35m[HTTP][39m [37m<-- GET /wd/hub/session/aae35634-49ad-405a-bcaa-42cf622ad0f5/element/a0f42098-ffc0-46f4-b662-d4c5ea0be548/location [39m[32m200[39m [90m24 ms - 90[39m
[35m[HTTP][39m [90m[39m
[35m[HTTP][39m [37m-->[39m [37mPOST[39m [37m/wd/hub/session/aae35634-49ad-405a-bcaa-42cf622ad0f5/timeouts[39m
[35m[HTTP][39m [90m{"implicit":30000}[39m
[35m[HTTP][39m [37m<-- POST /wd/hub/session/aae35634-49ad-405a-bcaa-42cf622ad0f5/timeouts [39m[32m200[39m [90m2 ms - 14[39m
[35m[HTTP][39m [90m[39m
[35m[HTTP][39m [37m-->[39m [37mPOST[39m [37m/wd/hub/session/aae35634-49ad-405a-bcaa-42cf622ad0f5/touch/perform[39m
[35m[HTTP][39m [90m{"actions":[{"action":"tap","options":{"x":1,"y":1,"element":"a0f42098-ffc0-46f4-b662-d4c5ea0be548"}},{"action":"release","options":{}}]}[39m
[35m[UiAutomator2][39m calling get location: a0f42098-ffc0-46f4-b662-d4c5ea0be548
[35m[HTTP][39m [37m<-- POST /wd/hub/session/aae35634-49ad-405a-bcaa-42cf622ad0f5/touch/perform [39m[32m200[39m [90m78 ms - 14[39m
[35m[HTTP][39m [90m[39m
[35m[HTTP][39m [37m-->[39m [37mDELETE[39m [37m/wd/hub/session/aae35634-49ad-405a-bcaa-42cf622ad0f5[39m
[35m[HTTP][39m [90m{}[39m
[35m[Appium][39m Removing session aae35634-49ad-405a-bcaa-42cf622ad0f5 from our master session list
[35m[ADB][39m io.nativebase.market.geekyants.taxiappdriver was successfully uninstalled
[35m[HTTP][39m [37m<-- DELETE /wd/hub/session/aae35634-49ad-405a-bcaa-42cf622ad0f5 [39m[32m200[39m [90m4275 ms - 14[39m
[35m[HTTP][39m [90m[39m
