<?xml version="1.0" encoding="UTF-8" standalone="no"?>
<!DOCTYPE log SYSTEM "logger.dtd">
<log>
<record>
  <date>2019-08-19T17:12:38</date>
  <millis>1566214958048</millis>
  <sequence>0</sequence>
  <level>START</level>
  <class>com.kms.katalon.core.logging.XmlKeywordLogger</class>
  <method>startSuite</method>
  <thread>1</thread>
  <message>Start Test Suite : Test Suites/RiderLoginSuite</message>
  <nestedLevel>0</nestedLevel>
  <property name="name">RiderLoginSuite</property>
  <property name="description"></property>
  <property name="id">Test Suites/RiderLoginSuite</property>
</record>
<record>
  <date>2019-08-19T17:12:38</date>
  <millis>1566214958120</millis>
  <sequence>1</sequence>
  <level>RUN_DATA</level>
  <class>com.kms.katalon.core.logging.XmlKeywordLogger</class>
  <method>logMessage</method>
  <thread>1</thread>
  <message>hostName = sumittulsyan - 10.1.14.130</message>
  <nestedLevel>0</nestedLevel>
  <property name="hostName">sumittulsyan - 10.1.14.130</property>
</record>
<record>
  <date>2019-08-19T17:12:38</date>
  <millis>1566214958141</millis>
  <sequence>2</sequence>
  <level>RUN_DATA</level>
  <class>com.kms.katalon.core.logging.XmlKeywordLogger</class>
  <method>logMessage</method>
  <thread>1</thread>
  <message>os = Mac OS X 64bit</message>
  <nestedLevel>0</nestedLevel>
  <property name="os">Mac OS X 64bit</property>
</record>
<record>
  <date>2019-08-19T17:12:38</date>
  <millis>1566214958160</millis>
  <sequence>3</sequence>
  <level>RUN_DATA</level>
  <class>com.kms.katalon.core.logging.XmlKeywordLogger</class>
  <method>logMessage</method>
  <thread>1</thread>
  <message>hostAddress = 10.1.14.130</message>
  <nestedLevel>0</nestedLevel>
  <property name="hostAddress">10.1.14.130</property>
</record>
<record>
  <date>2019-08-19T17:12:38</date>
  <millis>1566214958178</millis>
  <sequence>4</sequence>
  <level>RUN_DATA</level>
  <class>com.kms.katalon.core.logging.XmlKeywordLogger</class>
  <method>logMessage</method>
  <thread>1</thread>
  <message>katalonVersion = 6.3.0.1</message>
  <nestedLevel>0</nestedLevel>
  <property name="katalonVersion">6.3.0.1</property>
</record>
<record>
  <date>2019-08-19T17:12:38</date>
  <millis>1566214958907</millis>
  <sequence>5</sequence>
  <level>START</level>
  <class>com.kms.katalon.core.logging.XmlKeywordLogger</class>
  <method>startTest</method>
  <thread>1</thread>
  <message>Start Test Case : Test Cases/RiderLogin</message>
  <nestedLevel>1</nestedLevel>
  <property name="name">Test Cases/RiderLogin</property>
  <property name="description"></property>
  <property name="id">Test Cases/RiderLogin</property>
  <property name="source">\\Users\\sumittulsyan\\Katalon Studio\\taxi\\Test Cases\\RiderLogin.tc</property>
  <property name="tag"></property>
  <property name="isOptional">false</property>
</record>
<record>
  <date>2019-08-19T17:12:40</date>
  <millis>1566214960231</millis>
  <sequence>7</sequence>
  <level>START</level>
  <class>com.kms.katalon.core.logging.XmlKeywordLogger</class>
  <method>startKeyword</method>
  <thread>1</thread>
  <message>Start action : startApplication(\&amp;quot;/Users/sumittulsyan/Downloads/app-release (1).apk\&amp;quot;, true)</message>
  <nestedLevel>1</nestedLevel>
  <property name="startLine">16</property>
  <property name="stepIndex">1</property>
</record>
<record>
  <date>2019-08-19T17:12:43</date>
  <millis>1566214963912</millis>
  <sequence>9</sequence>
  <level>INFO</level>
  <class>com.kms.katalon.core.logging.XmlKeywordLogger</class>
  <method>logMessage</method>
  <thread>1</thread>
  <message>Appium server started on port 61,546</message>
  <nestedLevel>1</nestedLevel>
</record>
<record>
  <date>2019-08-19T17:13:06</date>
  <millis>1566214986406</millis>
  <sequence>11</sequence>
  <level>RUN_DATA</level>
  <class>com.kms.katalon.core.logging.XmlKeywordLogger</class>
  <method>logMessage</method>
  <thread>1</thread>
  <message>appiumVersion = 1.14.0</message>
  <nestedLevel>1</nestedLevel>
  <property name="appiumVersion">1.14.0</property>
</record>
<record>
  <date>2019-08-19T17:13:06</date>
  <millis>1566214986407</millis>
  <sequence>12</sequence>
  <level>RUN_DATA</level>
  <class>com.kms.katalon.core.logging.XmlKeywordLogger</class>
  <method>logMessage</method>
  <thread>1</thread>
  <message>appiumServerStatus = {\&amp;quot;status\&amp;quot;:0,\&amp;quot;value\&amp;quot;:{\&amp;quot;build\&amp;quot;:{\&amp;quot;version\&amp;quot;:\&amp;quot;1.14.0\&amp;quot;}},\&amp;quot;sessionId\&amp;quot;:null}</message>
  <nestedLevel>1</nestedLevel>
  <property name="appiumServerStatus">{\&quot;status\&quot;:0,\&quot;value\&quot;:{\&quot;build\&quot;:{\&quot;version\&quot;:\&quot;1.14.0\&quot;}},\&quot;sessionId\&quot;:null}</property>
</record>
<record>
  <date>2019-08-19T17:13:06</date>
  <millis>1566214986421</millis>
  <sequence>13</sequence>
  <level>RUN_DATA</level>
  <class>com.kms.katalon.core.logging.XmlKeywordLogger</class>
  <method>logMessage</method>
  <thread>1</thread>
  <message>deviceId = FA6AW0302799</message>
  <nestedLevel>1</nestedLevel>
  <property name="deviceId">FA6AW0302799</property>
</record>
<record>
  <date>2019-08-19T17:13:06</date>
  <millis>1566214986421</millis>
  <sequence>14</sequence>
  <level>RUN_DATA</level>
  <class>com.kms.katalon.core.logging.XmlKeywordLogger</class>
  <method>logMessage</method>
  <thread>1</thread>
  <message>deviceName = Google Pixel (Android 9)</message>
  <nestedLevel>1</nestedLevel>
  <property name="deviceName">Google Pixel (Android 9)</property>
</record>
<record>
  <date>2019-08-19T17:13:06</date>
  <millis>1566214986422</millis>
  <sequence>15</sequence>
  <level>RUN_DATA</level>
  <class>com.kms.katalon.core.logging.XmlKeywordLogger</class>
  <method>logMessage</method>
  <thread>1</thread>
  <message>deviceModel = Pixel</message>
  <nestedLevel>1</nestedLevel>
  <property name="deviceModel">Pixel</property>
</record>
<record>
  <date>2019-08-19T17:13:06</date>
  <millis>1566214986422</millis>
  <sequence>16</sequence>
  <level>RUN_DATA</level>
  <class>com.kms.katalon.core.logging.XmlKeywordLogger</class>
  <method>logMessage</method>
  <thread>1</thread>
  <message>deviceManufacturer = Google</message>
  <nestedLevel>1</nestedLevel>
  <property name="deviceManufacturer">Google</property>
</record>
<record>
  <date>2019-08-19T17:13:06</date>
  <millis>1566214986423</millis>
  <sequence>17</sequence>
  <level>RUN_DATA</level>
  <class>com.kms.katalon.core.logging.XmlKeywordLogger</class>
  <method>logMessage</method>
  <thread>1</thread>
  <message>deviceOS = Android</message>
  <nestedLevel>1</nestedLevel>
  <property name="deviceOS">Android</property>
</record>
<record>
  <date>2019-08-19T17:13:06</date>
  <millis>1566214986423</millis>
  <sequence>18</sequence>
  <level>RUN_DATA</level>
  <class>com.kms.katalon.core.logging.XmlKeywordLogger</class>
  <method>logMessage</method>
  <thread>1</thread>
  <message>deviceOSVersion = 9</message>
  <nestedLevel>1</nestedLevel>
  <property name="deviceOSVersion">9</property>
</record>
<record>
  <date>2019-08-19T17:13:06</date>
  <millis>1566214986427</millis>
  <sequence>19</sequence>
  <level>PASSED</level>
  <class>com.kms.katalon.core.logging.XmlKeywordLogger</class>
  <method>logMessage</method>
  <thread>1</thread>
  <message>Started app at: &amp;apos;/Users/sumittulsyan/Downloads/app-release (1).apk&amp;apos;</message>
  <nestedLevel>1</nestedLevel>
</record>
<record>
  <date>2019-08-19T17:13:06</date>
  <millis>1566214986428</millis>
  <sequence>20</sequence>
  <level>END</level>
  <class>com.kms.katalon.core.logging.XmlKeywordLogger</class>
  <method>endKeyword</method>
  <thread>1</thread>
  <message>End action : startApplication(\&amp;quot;/Users/sumittulsyan/Downloads/app-release (1).apk\&amp;quot;, true)</message>
  <nestedLevel>1</nestedLevel>
</record>
<record>
  <date>2019-08-19T17:13:06</date>
  <millis>1566214986429</millis>
  <sequence>21</sequence>
  <level>START</level>
  <class>com.kms.katalon.core.logging.XmlKeywordLogger</class>
  <method>startKeyword</method>
  <thread>1</thread>
  <message>Start action : tap(findTestObject(\&amp;quot;riderSignIn/android.widget.TextView0 - Sign In\&amp;quot;), 0)</message>
  <nestedLevel>1</nestedLevel>
  <property name="startLine">18</property>
  <property name="stepIndex">2</property>
</record>
<record>
  <date>2019-08-19T17:13:06</date>
  <millis>1566214986544</millis>
  <sequence>25</sequence>
  <level>WARNING</level>
  <class>com.kms.katalon.core.logging.XmlKeywordLogger</class>
  <method>logMessage</method>
  <thread>1</thread>
  <message>Timeout &amp;apos;0&amp;apos; is invalid. Using default page load timeout: &amp;apos;30&amp;apos;</message>
  <nestedLevel>1</nestedLevel>
</record>
<record>
  <date>2019-08-19T17:13:10</date>
  <millis>1566214990621</millis>
  <sequence>26</sequence>
  <level>PASSED</level>
  <class>com.kms.katalon.core.logging.XmlKeywordLogger</class>
  <method>logMessage</method>
  <thread>1</thread>
  <message>Tapped on element &amp;apos;Object Repository/riderSignIn/android.widget.TextView0 - Sign In&amp;apos;</message>
  <nestedLevel>1</nestedLevel>
</record>
<record>
  <date>2019-08-19T17:13:10</date>
  <millis>1566214990622</millis>
  <sequence>27</sequence>
  <level>END</level>
  <class>com.kms.katalon.core.logging.XmlKeywordLogger</class>
  <method>endKeyword</method>
  <thread>1</thread>
  <message>End action : tap(findTestObject(\&amp;quot;riderSignIn/android.widget.TextView0 - Sign In\&amp;quot;), 0)</message>
  <nestedLevel>1</nestedLevel>
</record>
<record>
  <date>2019-08-19T17:13:10</date>
  <millis>1566214990622</millis>
  <sequence>28</sequence>
  <level>START</level>
  <class>com.kms.katalon.core.logging.XmlKeywordLogger</class>
  <method>startKeyword</method>
  <thread>1</thread>
  <message>Start action : setText(findTestObject(\&amp;quot;riderSignIn/android.widget.EditText0 - Email\&amp;quot;), \&amp;quot;taxirider@gmail.com\&amp;quot;, 0)</message>
  <nestedLevel>1</nestedLevel>
  <property name="startLine">20</property>
  <property name="stepIndex">3</property>
</record>
<record>
  <date>2019-08-19T17:13:10</date>
  <millis>1566214990710</millis>
  <sequence>32</sequence>
  <level>WARNING</level>
  <class>com.kms.katalon.core.logging.XmlKeywordLogger</class>
  <method>logMessage</method>
  <thread>1</thread>
  <message>Timeout &amp;apos;0&amp;apos; is invalid. Using default page load timeout: &amp;apos;30&amp;apos;</message>
  <nestedLevel>1</nestedLevel>
</record>
<record>
  <date>2019-08-19T17:13:12</date>
  <millis>1566214992097</millis>
  <sequence>33</sequence>
  <level>PASSED</level>
  <class>com.kms.katalon.core.logging.XmlKeywordLogger</class>
  <method>logMessage</method>
  <thread>1</thread>
  <message>Text &amp;apos;taxirider@gmail.com&amp;apos; has been set to element &amp;apos;Object Repository/riderSignIn/android.widget.EditText0 - Email&amp;apos;</message>
  <nestedLevel>1</nestedLevel>
</record>
<record>
  <date>2019-08-19T17:13:12</date>
  <millis>1566214992098</millis>
  <sequence>34</sequence>
  <level>END</level>
  <class>com.kms.katalon.core.logging.XmlKeywordLogger</class>
  <method>endKeyword</method>
  <thread>1</thread>
  <message>End action : setText(findTestObject(\&amp;quot;riderSignIn/android.widget.EditText0 - Email\&amp;quot;), \&amp;quot;taxirider@gmail.com\&amp;quot;, 0)</message>
  <nestedLevel>1</nestedLevel>
</record>
<record>
  <date>2019-08-19T17:13:12</date>
  <millis>1566214992099</millis>
  <sequence>35</sequence>
  <level>START</level>
  <class>com.kms.katalon.core.logging.XmlKeywordLogger</class>
  <method>startKeyword</method>
  <thread>1</thread>
  <message>Start action : setText(findTestObject(\&amp;quot;riderSignIn/android.widget.EditText0 - Password\&amp;quot;), \&amp;quot;123456\&amp;quot;, 0)</message>
  <nestedLevel>1</nestedLevel>
  <property name="startLine">22</property>
  <property name="stepIndex">4</property>
</record>
<record>
  <date>2019-08-19T17:13:12</date>
  <millis>1566214992154</millis>
  <sequence>39</sequence>
  <level>WARNING</level>
  <class>com.kms.katalon.core.logging.XmlKeywordLogger</class>
  <method>logMessage</method>
  <thread>1</thread>
  <message>Timeout &amp;apos;0&amp;apos; is invalid. Using default page load timeout: &amp;apos;30&amp;apos;</message>
  <nestedLevel>1</nestedLevel>
</record>
<record>
  <date>2019-08-19T17:13:13</date>
  <millis>1566214993923</millis>
  <sequence>40</sequence>
  <level>PASSED</level>
  <class>com.kms.katalon.core.logging.XmlKeywordLogger</class>
  <method>logMessage</method>
  <thread>1</thread>
  <message>Text &amp;apos;123456&amp;apos; has been set to element &amp;apos;Object Repository/riderSignIn/android.widget.EditText0 - Password&amp;apos;</message>
  <nestedLevel>1</nestedLevel>
</record>
<record>
  <date>2019-08-19T17:13:13</date>
  <millis>1566214993924</millis>
  <sequence>41</sequence>
  <level>END</level>
  <class>com.kms.katalon.core.logging.XmlKeywordLogger</class>
  <method>endKeyword</method>
  <thread>1</thread>
  <message>End action : setText(findTestObject(\&amp;quot;riderSignIn/android.widget.EditText0 - Password\&amp;quot;), \&amp;quot;123456\&amp;quot;, 0)</message>
  <nestedLevel>1</nestedLevel>
</record>
<record>
  <date>2019-08-19T17:13:13</date>
  <millis>1566214993925</millis>
  <sequence>42</sequence>
  <level>START</level>
  <class>com.kms.katalon.core.logging.XmlKeywordLogger</class>
  <method>startKeyword</method>
  <thread>1</thread>
  <message>Start action : tap(findTestObject(\&amp;quot;riderSignIn/android.widget.TextView0 - Sign In (1)\&amp;quot;), 0)</message>
  <nestedLevel>1</nestedLevel>
  <property name="startLine">24</property>
  <property name="stepIndex">5</property>
</record>
<record>
  <date>2019-08-19T17:13:14</date>
  <millis>1566214994040</millis>
  <sequence>46</sequence>
  <level>WARNING</level>
  <class>com.kms.katalon.core.logging.XmlKeywordLogger</class>
  <method>logMessage</method>
  <thread>1</thread>
  <message>Timeout &amp;apos;0&amp;apos; is invalid. Using default page load timeout: &amp;apos;30&amp;apos;</message>
  <nestedLevel>1</nestedLevel>
</record>
<record>
  <date>2019-08-19T17:13:14</date>
  <millis>1566214994975</millis>
  <sequence>47</sequence>
  <level>PASSED</level>
  <class>com.kms.katalon.core.logging.XmlKeywordLogger</class>
  <method>logMessage</method>
  <thread>1</thread>
  <message>Tapped on element &amp;apos;Object Repository/riderSignIn/android.widget.TextView0 - Sign In (1)&amp;apos;</message>
  <nestedLevel>1</nestedLevel>
</record>
<record>
  <date>2019-08-19T17:13:14</date>
  <millis>1566214994975</millis>
  <sequence>48</sequence>
  <level>END</level>
  <class>com.kms.katalon.core.logging.XmlKeywordLogger</class>
  <method>endKeyword</method>
  <thread>1</thread>
  <message>End action : tap(findTestObject(\&amp;quot;riderSignIn/android.widget.TextView0 - Sign In (1)\&amp;quot;), 0)</message>
  <nestedLevel>1</nestedLevel>
</record>
<record>
  <date>2019-08-19T17:13:14</date>
  <millis>1566214994976</millis>
  <sequence>49</sequence>
  <level>START</level>
  <class>com.kms.katalon.core.logging.XmlKeywordLogger</class>
  <method>startKeyword</method>
  <thread>1</thread>
  <message>Start action : tap(findTestObject(\&amp;quot;riderSignIn/android.widget.TextView0 - Bannerghatta Main Road BTM Layout 2nd Stage 2nd Main Road No 18 First Floor Bengaluru Karnataka 560076 India\&amp;quot;), 0)</message>
  <nestedLevel>1</nestedLevel>
  <property name="startLine">26</property>
  <property name="stepIndex">6</property>
</record>
<record>
  <date>2019-08-19T17:13:14</date>
  <millis>1566214994977</millis>
  <sequence>50</sequence>
  <level>NOT_RUN</level>
  <class>com.kms.katalon.core.logging.XmlKeywordLogger</class>
  <method>logMessage</method>
  <thread>1</thread>
  <message>NOT_RUN: tap(findTestObject(\&amp;quot;riderSignIn/android.widget.TextView0 - Bannerghatta Main Road BTM Layout 2nd Stage 2nd Main Road No 18 First Floor Bengaluru Karnataka 560076 India\&amp;quot;), 0)</message>
  <nestedLevel>1</nestedLevel>
</record>
<record>
  <date>2019-08-19T17:13:14</date>
  <millis>1566214994978</millis>
  <sequence>51</sequence>
  <level>END</level>
  <class>com.kms.katalon.core.logging.XmlKeywordLogger</class>
  <method>endKeyword</method>
  <thread>1</thread>
  <message>End action : tap(findTestObject(\&amp;quot;riderSignIn/android.widget.TextView0 - Bannerghatta Main Road BTM Layout 2nd Stage 2nd Main Road No 18 First Floor Bengaluru Karnataka 560076 India\&amp;quot;), 0)</message>
  <nestedLevel>1</nestedLevel>
</record>
<record>
  <date>2019-08-19T17:13:14</date>
  <millis>1566214994978</millis>
  <sequence>52</sequence>
  <level>START</level>
  <class>com.kms.katalon.core.logging.XmlKeywordLogger</class>
  <method>startKeyword</method>
  <thread>1</thread>
  <message>Start action : tap(findTestObject(\&amp;quot;riderSignIn/android.widget.TextView0 - 4 Ranka Colony Rd Munivenkatppa Layout Bilekahalli Bengaluru Karnataka 560076 India\&amp;quot;), 0)</message>
  <nestedLevel>1</nestedLevel>
  <property name="startLine">29</property>
  <property name="stepIndex">7</property>
</record>
<record>
  <date>2019-08-19T17:13:15</date>
  <millis>1566214995039</millis>
  <sequence>56</sequence>
  <level>WARNING</level>
  <class>com.kms.katalon.core.logging.XmlKeywordLogger</class>
  <method>logMessage</method>
  <thread>1</thread>
  <message>Timeout &amp;apos;0&amp;apos; is invalid. Using default page load timeout: &amp;apos;30&amp;apos;</message>
  <nestedLevel>1</nestedLevel>
</record>
<record>
  <date>2019-08-19T17:13:30</date>
  <millis>1566215010116</millis>
  <sequence>57</sequence>
  <level>PASSED</level>
  <class>com.kms.katalon.core.logging.XmlKeywordLogger</class>
  <method>logMessage</method>
  <thread>1</thread>
  <message>Tapped on element &amp;apos;Object Repository/riderSignIn/android.widget.TextView0 - 4 Ranka Colony Rd Munivenkatppa Layout Bilekahalli Bengaluru Karnataka 560076 India&amp;apos;</message>
  <nestedLevel>1</nestedLevel>
</record>
<record>
  <date>2019-08-19T17:13:30</date>
  <millis>1566215010122</millis>
  <sequence>58</sequence>
  <level>END</level>
  <class>com.kms.katalon.core.logging.XmlKeywordLogger</class>
  <method>endKeyword</method>
  <thread>1</thread>
  <message>End action : tap(findTestObject(\&amp;quot;riderSignIn/android.widget.TextView0 - 4 Ranka Colony Rd Munivenkatppa Layout Bilekahalli Bengaluru Karnataka 560076 India\&amp;quot;), 0)</message>
  <nestedLevel>1</nestedLevel>
</record>
<record>
  <date>2019-08-19T17:13:30</date>
  <millis>1566215010122</millis>
  <sequence>59</sequence>
  <level>START</level>
  <class>com.kms.katalon.core.logging.XmlKeywordLogger</class>
  <method>startKeyword</method>
  <thread>1</thread>
  <message>Start action : tap(findTestObject(\&amp;quot;riderSignIn/android.widget.TextView0 - GeekyAnts Software Pvt Ltd Industrial Area Stage 2 BTM 2nd Stage Bengaluru Karnataka India (1)\&amp;quot;), 0)</message>
  <nestedLevel>1</nestedLevel>
  <property name="startLine">32</property>
  <property name="stepIndex">8</property>
</record>
<record>
  <date>2019-08-19T17:13:30</date>
  <millis>1566215010123</millis>
  <sequence>60</sequence>
  <level>NOT_RUN</level>
  <class>com.kms.katalon.core.logging.XmlKeywordLogger</class>
  <method>logMessage</method>
  <thread>1</thread>
  <message>NOT_RUN: tap(findTestObject(\&amp;quot;riderSignIn/android.widget.TextView0 - GeekyAnts Software Pvt Ltd Industrial Area Stage 2 BTM 2nd Stage Bengaluru Karnataka India (1)\&amp;quot;), 0)</message>
  <nestedLevel>1</nestedLevel>
</record>
<record>
  <date>2019-08-19T17:13:30</date>
  <millis>1566215010124</millis>
  <sequence>61</sequence>
  <level>END</level>
  <class>com.kms.katalon.core.logging.XmlKeywordLogger</class>
  <method>endKeyword</method>
  <thread>1</thread>
  <message>End action : tap(findTestObject(\&amp;quot;riderSignIn/android.widget.TextView0 - GeekyAnts Software Pvt Ltd Industrial Area Stage 2 BTM 2nd Stage Bengaluru Karnataka India (1)\&amp;quot;), 0)</message>
  <nestedLevel>1</nestedLevel>
</record>
<record>
  <date>2019-08-19T17:13:30</date>
  <millis>1566215010124</millis>
  <sequence>62</sequence>
  <level>START</level>
  <class>com.kms.katalon.core.logging.XmlKeywordLogger</class>
  <method>startKeyword</method>
  <thread>1</thread>
  <message>Start action : tap(findTestObject(\&amp;quot;riderSignIn/android.widget.TextView0 - 10 10th Cross Rd Mahadeshwara Nagar Stage 2 BTM Layout Bengaluru Karnataka 560076 India\&amp;quot;), 0)</message>
  <nestedLevel>1</nestedLevel>
  <property name="startLine">35</property>
  <property name="stepIndex">9</property>
</record>
<record>
  <date>2019-08-19T17:13:30</date>
  <millis>1566215010125</millis>
  <sequence>63</sequence>
  <level>NOT_RUN</level>
  <class>com.kms.katalon.core.logging.XmlKeywordLogger</class>
  <method>logMessage</method>
  <thread>1</thread>
  <message>NOT_RUN: tap(findTestObject(\&amp;quot;riderSignIn/android.widget.TextView0 - 10 10th Cross Rd Mahadeshwara Nagar Stage 2 BTM Layout Bengaluru Karnataka 560076 India\&amp;quot;), 0)</message>
  <nestedLevel>1</nestedLevel>
</record>
<record>
  <date>2019-08-19T17:13:30</date>
  <millis>1566215010126</millis>
  <sequence>64</sequence>
  <level>END</level>
  <class>com.kms.katalon.core.logging.XmlKeywordLogger</class>
  <method>endKeyword</method>
  <thread>1</thread>
  <message>End action : tap(findTestObject(\&amp;quot;riderSignIn/android.widget.TextView0 - 10 10th Cross Rd Mahadeshwara Nagar Stage 2 BTM Layout Bengaluru Karnataka 560076 India\&amp;quot;), 0)</message>
  <nestedLevel>1</nestedLevel>
</record>
<record>
  <date>2019-08-19T17:13:30</date>
  <millis>1566215010126</millis>
  <sequence>65</sequence>
  <level>START</level>
  <class>com.kms.katalon.core.logging.XmlKeywordLogger</class>
  <method>startKeyword</method>
  <thread>1</thread>
  <message>Start action : tap(findTestObject(\&amp;quot;rider/android.widget.TextView0 - Bannerghatta Main Road BTM Layout 2nd Stage 2nd Main Road No 18 First Floor Bengaluru Karnataka 560076 India\&amp;quot;), 0)</message>
  <nestedLevel>1</nestedLevel>
  <property name="startLine">38</property>
  <property name="stepIndex">10</property>
</record>
<record>
  <date>2019-08-19T17:13:30</date>
  <millis>1566215010127</millis>
  <sequence>66</sequence>
  <level>NOT_RUN</level>
  <class>com.kms.katalon.core.logging.XmlKeywordLogger</class>
  <method>logMessage</method>
  <thread>1</thread>
  <message>NOT_RUN: tap(findTestObject(\&amp;quot;rider/android.widget.TextView0 - Bannerghatta Main Road BTM Layout 2nd Stage 2nd Main Road No 18 First Floor Bengaluru Karnataka 560076 India\&amp;quot;), 0)</message>
  <nestedLevel>1</nestedLevel>
</record>
<record>
  <date>2019-08-19T17:13:30</date>
  <millis>1566215010128</millis>
  <sequence>67</sequence>
  <level>END</level>
  <class>com.kms.katalon.core.logging.XmlKeywordLogger</class>
  <method>endKeyword</method>
  <thread>1</thread>
  <message>End action : tap(findTestObject(\&amp;quot;rider/android.widget.TextView0 - Bannerghatta Main Road BTM Layout 2nd Stage 2nd Main Road No 18 First Floor Bengaluru Karnataka 560076 India\&amp;quot;), 0)</message>
  <nestedLevel>1</nestedLevel>
</record>
<record>
  <date>2019-08-19T17:13:30</date>
  <millis>1566215010128</millis>
  <sequence>68</sequence>
  <level>START</level>
  <class>com.kms.katalon.core.logging.XmlKeywordLogger</class>
  <method>startKeyword</method>
  <thread>1</thread>
  <message>Start action : tap(findTestObject(\&amp;quot;riderSignIn/android.widget.TextView0 - 346next to gopalan mall 3rd Phase J. P. Nagar Bengaluru Karnataka 560078 India\&amp;quot;), 0)</message>
  <nestedLevel>1</nestedLevel>
  <property name="startLine">41</property>
  <property name="stepIndex">11</property>
</record>
<record>
  <date>2019-08-19T17:13:30</date>
  <millis>1566215010129</millis>
  <sequence>69</sequence>
  <level>NOT_RUN</level>
  <class>com.kms.katalon.core.logging.XmlKeywordLogger</class>
  <method>logMessage</method>
  <thread>1</thread>
  <message>NOT_RUN: tap(findTestObject(\&amp;quot;riderSignIn/android.widget.TextView0 - 346next to gopalan mall 3rd Phase J. P. Nagar Bengaluru Karnataka 560078 India\&amp;quot;), 0)</message>
  <nestedLevel>1</nestedLevel>
</record>
<record>
  <date>2019-08-19T17:13:30</date>
  <millis>1566215010129</millis>
  <sequence>70</sequence>
  <level>END</level>
  <class>com.kms.katalon.core.logging.XmlKeywordLogger</class>
  <method>endKeyword</method>
  <thread>1</thread>
  <message>End action : tap(findTestObject(\&amp;quot;riderSignIn/android.widget.TextView0 - 346next to gopalan mall 3rd Phase J. P. Nagar Bengaluru Karnataka 560078 India\&amp;quot;), 0)</message>
  <nestedLevel>1</nestedLevel>
</record>
<record>
  <date>2019-08-19T17:13:30</date>
  <millis>1566215010129</millis>
  <sequence>71</sequence>
  <level>START</level>
  <class>com.kms.katalon.core.logging.XmlKeywordLogger</class>
  <method>startKeyword</method>
  <thread>1</thread>
  <message>Start action : setText(findTestObject(\&amp;quot;riderSignIn/android.widget.EditText0 - Search for locality or place\&amp;quot;), \&amp;quot;geekyants\&amp;quot;, 0)</message>
  <nestedLevel>1</nestedLevel>
  <property name="startLine">44</property>
  <property name="stepIndex">12</property>
</record>
<record>
  <date>2019-08-19T17:13:30</date>
  <millis>1566215010130</millis>
  <sequence>72</sequence>
  <level>NOT_RUN</level>
  <class>com.kms.katalon.core.logging.XmlKeywordLogger</class>
  <method>logMessage</method>
  <thread>1</thread>
  <message>NOT_RUN: setText(findTestObject(\&amp;quot;riderSignIn/android.widget.EditText0 - Search for locality or place\&amp;quot;), \&amp;quot;geekyants\&amp;quot;, 0)</message>
  <nestedLevel>1</nestedLevel>
</record>
<record>
  <date>2019-08-19T17:13:30</date>
  <millis>1566215010131</millis>
  <sequence>73</sequence>
  <level>END</level>
  <class>com.kms.katalon.core.logging.XmlKeywordLogger</class>
  <method>endKeyword</method>
  <thread>1</thread>
  <message>End action : setText(findTestObject(\&amp;quot;riderSignIn/android.widget.EditText0 - Search for locality or place\&amp;quot;), \&amp;quot;geekyants\&amp;quot;, 0)</message>
  <nestedLevel>1</nestedLevel>
</record>
<record>
  <date>2019-08-19T17:13:30</date>
  <millis>1566215010132</millis>
  <sequence>74</sequence>
  <level>START</level>
  <class>com.kms.katalon.core.logging.XmlKeywordLogger</class>
  <method>startKeyword</method>
  <thread>1</thread>
  <message>Start action : tap(findTestObject(\&amp;quot;riderSignIn/android.widget.TextView0 - GeekyAnts Software Pvt Ltd Industrial Area Stage 2 BTM 2nd Stage Bengaluru Karnataka India\&amp;quot;), 0)</message>
  <nestedLevel>1</nestedLevel>
  <property name="startLine">47</property>
  <property name="stepIndex">13</property>
</record>
<record>
  <date>2019-08-19T17:13:30</date>
  <millis>1566215010132</millis>
  <sequence>75</sequence>
  <level>NOT_RUN</level>
  <class>com.kms.katalon.core.logging.XmlKeywordLogger</class>
  <method>logMessage</method>
  <thread>1</thread>
  <message>NOT_RUN: tap(findTestObject(\&amp;quot;riderSignIn/android.widget.TextView0 - GeekyAnts Software Pvt Ltd Industrial Area Stage 2 BTM 2nd Stage Bengaluru Karnataka India\&amp;quot;), 0)</message>
  <nestedLevel>1</nestedLevel>
</record>
<record>
  <date>2019-08-19T17:13:30</date>
  <millis>1566215010133</millis>
  <sequence>76</sequence>
  <level>END</level>
  <class>com.kms.katalon.core.logging.XmlKeywordLogger</class>
  <method>endKeyword</method>
  <thread>1</thread>
  <message>End action : tap(findTestObject(\&amp;quot;riderSignIn/android.widget.TextView0 - GeekyAnts Software Pvt Ltd Industrial Area Stage 2 BTM 2nd Stage Bengaluru Karnataka India\&amp;quot;), 0)</message>
  <nestedLevel>1</nestedLevel>
</record>
<record>
  <date>2019-08-19T17:13:30</date>
  <millis>1566215010133</millis>
  <sequence>77</sequence>
  <level>START</level>
  <class>com.kms.katalon.core.logging.XmlKeywordLogger</class>
  <method>startKeyword</method>
  <thread>1</thread>
  <message>Start action : setText(findTestObject(\&amp;quot;riderSignIn/android.widget.EditText0 - Search for locality or place (1)\&amp;quot;), \&amp;quot;Ranka colony\&amp;quot;, 0)</message>
  <nestedLevel>1</nestedLevel>
  <property name="startLine">50</property>
  <property name="stepIndex">14</property>
</record>
<record>
  <date>2019-08-19T17:13:30</date>
  <millis>1566215010206</millis>
  <sequence>81</sequence>
  <level>WARNING</level>
  <class>com.kms.katalon.core.logging.XmlKeywordLogger</class>
  <method>logMessage</method>
  <thread>1</thread>
  <message>Timeout &amp;apos;0&amp;apos; is invalid. Using default page load timeout: &amp;apos;30&amp;apos;</message>
  <nestedLevel>1</nestedLevel>
</record>
<record>
  <date>2019-08-19T17:13:31</date>
  <millis>1566215011765</millis>
  <sequence>82</sequence>
  <level>PASSED</level>
  <class>com.kms.katalon.core.logging.XmlKeywordLogger</class>
  <method>logMessage</method>
  <thread>1</thread>
  <message>Text &amp;apos;Ranka colony&amp;apos; has been set to element &amp;apos;Object Repository/riderSignIn/android.widget.EditText0 - Search for locality or place (1)&amp;apos;</message>
  <nestedLevel>1</nestedLevel>
</record>
<record>
  <date>2019-08-19T17:13:31</date>
  <millis>1566215011766</millis>
  <sequence>83</sequence>
  <level>END</level>
  <class>com.kms.katalon.core.logging.XmlKeywordLogger</class>
  <method>endKeyword</method>
  <thread>1</thread>
  <message>End action : setText(findTestObject(\&amp;quot;riderSignIn/android.widget.EditText0 - Search for locality or place (1)\&amp;quot;), \&amp;quot;Ranka colony\&amp;quot;, 0)</message>
  <nestedLevel>1</nestedLevel>
</record>
<record>
  <date>2019-08-19T17:13:31</date>
  <millis>1566215011766</millis>
  <sequence>84</sequence>
  <level>START</level>
  <class>com.kms.katalon.core.logging.XmlKeywordLogger</class>
  <method>startKeyword</method>
  <thread>1</thread>
  <message>Start action : tap(findTestObject(\&amp;quot;riderSignIn/android.widget.TextView0 - Ranka Colony Bilekahalli Bengaluru Karnataka India\&amp;quot;), 0)</message>
  <nestedLevel>1</nestedLevel>
  <property name="startLine">53</property>
  <property name="stepIndex">15</property>
</record>
<record>
  <date>2019-08-19T17:13:31</date>
  <millis>1566215011837</millis>
  <sequence>88</sequence>
  <level>WARNING</level>
  <class>com.kms.katalon.core.logging.XmlKeywordLogger</class>
  <method>logMessage</method>
  <thread>1</thread>
  <message>Timeout &amp;apos;0&amp;apos; is invalid. Using default page load timeout: &amp;apos;30&amp;apos;</message>
  <nestedLevel>1</nestedLevel>
</record>
<record>
  <date>2019-08-19T17:13:33</date>
  <millis>1566215013908</millis>
  <sequence>89</sequence>
  <level>PASSED</level>
  <class>com.kms.katalon.core.logging.XmlKeywordLogger</class>
  <method>logMessage</method>
  <thread>1</thread>
  <message>Tapped on element &amp;apos;Object Repository/riderSignIn/android.widget.TextView0 - Ranka Colony Bilekahalli Bengaluru Karnataka India&amp;apos;</message>
  <nestedLevel>1</nestedLevel>
</record>
<record>
  <date>2019-08-19T17:13:33</date>
  <millis>1566215013909</millis>
  <sequence>90</sequence>
  <level>END</level>
  <class>com.kms.katalon.core.logging.XmlKeywordLogger</class>
  <method>endKeyword</method>
  <thread>1</thread>
  <message>End action : tap(findTestObject(\&amp;quot;riderSignIn/android.widget.TextView0 - Ranka Colony Bilekahalli Bengaluru Karnataka India\&amp;quot;), 0)</message>
  <nestedLevel>1</nestedLevel>
</record>
<record>
  <date>2019-08-19T17:13:33</date>
  <millis>1566215013910</millis>
  <sequence>91</sequence>
  <level>START</level>
  <class>com.kms.katalon.core.logging.XmlKeywordLogger</class>
  <method>startKeyword</method>
  <thread>1</thread>
  <message>Start action : tap(findTestObject(\&amp;quot;riderSignIn/android.widget.TextView0 - Enter Drop Location\&amp;quot;), 0)</message>
  <nestedLevel>1</nestedLevel>
  <property name="startLine">56</property>
  <property name="stepIndex">16</property>
</record>
<record>
  <date>2019-08-19T17:13:33</date>
  <millis>1566215013977</millis>
  <sequence>95</sequence>
  <level>WARNING</level>
  <class>com.kms.katalon.core.logging.XmlKeywordLogger</class>
  <method>logMessage</method>
  <thread>1</thread>
  <message>Timeout &amp;apos;0&amp;apos; is invalid. Using default page load timeout: &amp;apos;30&amp;apos;</message>
  <nestedLevel>1</nestedLevel>
</record>
<record>
  <date>2019-08-19T17:13:35</date>
  <millis>1566215015433</millis>
  <sequence>96</sequence>
  <level>PASSED</level>
  <class>com.kms.katalon.core.logging.XmlKeywordLogger</class>
  <method>logMessage</method>
  <thread>1</thread>
  <message>Tapped on element &amp;apos;Object Repository/riderSignIn/android.widget.TextView0 - Enter Drop Location&amp;apos;</message>
  <nestedLevel>1</nestedLevel>
</record>
<record>
  <date>2019-08-19T17:13:35</date>
  <millis>1566215015434</millis>
  <sequence>97</sequence>
  <level>END</level>
  <class>com.kms.katalon.core.logging.XmlKeywordLogger</class>
  <method>endKeyword</method>
  <thread>1</thread>
  <message>End action : tap(findTestObject(\&amp;quot;riderSignIn/android.widget.TextView0 - Enter Drop Location\&amp;quot;), 0)</message>
  <nestedLevel>1</nestedLevel>
</record>
<record>
  <date>2019-08-19T17:13:35</date>
  <millis>1566215015434</millis>
  <sequence>98</sequence>
  <level>START</level>
  <class>com.kms.katalon.core.logging.XmlKeywordLogger</class>
  <method>startKeyword</method>
  <thread>1</thread>
  <message>Start action : setText(findTestObject(\&amp;quot;riderSignIn/android.widget.EditText0 - Search for locality or place\&amp;quot;), \&amp;quot;silk board\&amp;quot;, 0)</message>
  <nestedLevel>1</nestedLevel>
  <property name="startLine">58</property>
  <property name="stepIndex">17</property>
</record>
<record>
  <date>2019-08-19T17:13:35</date>
  <millis>1566215015518</millis>
  <sequence>102</sequence>
  <level>WARNING</level>
  <class>com.kms.katalon.core.logging.XmlKeywordLogger</class>
  <method>logMessage</method>
  <thread>1</thread>
  <message>Timeout &amp;apos;0&amp;apos; is invalid. Using default page load timeout: &amp;apos;30&amp;apos;</message>
  <nestedLevel>1</nestedLevel>
</record>
<record>
  <date>2019-08-19T17:13:37</date>
  <millis>1566215017000</millis>
  <sequence>103</sequence>
  <level>PASSED</level>
  <class>com.kms.katalon.core.logging.XmlKeywordLogger</class>
  <method>logMessage</method>
  <thread>1</thread>
  <message>Text &amp;apos;silk board&amp;apos; has been set to element &amp;apos;Object Repository/riderSignIn/android.widget.EditText0 - Search for locality or place&amp;apos;</message>
  <nestedLevel>1</nestedLevel>
</record>
<record>
  <date>2019-08-19T17:13:37</date>
  <millis>1566215017003</millis>
  <sequence>104</sequence>
  <level>END</level>
  <class>com.kms.katalon.core.logging.XmlKeywordLogger</class>
  <method>endKeyword</method>
  <thread>1</thread>
  <message>End action : setText(findTestObject(\&amp;quot;riderSignIn/android.widget.EditText0 - Search for locality or place\&amp;quot;), \&amp;quot;silk board\&amp;quot;, 0)</message>
  <nestedLevel>1</nestedLevel>
</record>
<record>
  <date>2019-08-19T17:13:37</date>
  <millis>1566215017003</millis>
  <sequence>105</sequence>
  <level>START</level>
  <class>com.kms.katalon.core.logging.XmlKeywordLogger</class>
  <method>startKeyword</method>
  <thread>1</thread>
  <message>Start action : tap(findTestObject(\&amp;quot;riderSignIn/android.widget.TextView0 - Silk board bus stand Central Silk Board Colony Stage 2 BTM Layout Bengaluru Karnataka India\&amp;quot;), 0)</message>
  <nestedLevel>1</nestedLevel>
  <property name="startLine">60</property>
  <property name="stepIndex">18</property>
</record>
<record>
  <date>2019-08-19T17:13:37</date>
  <millis>1566215017055</millis>
  <sequence>109</sequence>
  <level>WARNING</level>
  <class>com.kms.katalon.core.logging.XmlKeywordLogger</class>
  <method>logMessage</method>
  <thread>1</thread>
  <message>Timeout &amp;apos;0&amp;apos; is invalid. Using default page load timeout: &amp;apos;30&amp;apos;</message>
  <nestedLevel>1</nestedLevel>
</record>
<record>
  <date>2019-08-19T17:13:39</date>
  <millis>1566215019372</millis>
  <sequence>110</sequence>
  <level>PASSED</level>
  <class>com.kms.katalon.core.logging.XmlKeywordLogger</class>
  <method>logMessage</method>
  <thread>1</thread>
  <message>Tapped on element &amp;apos;Object Repository/riderSignIn/android.widget.TextView0 - Silk board bus stand Central Silk Board Colony Stage 2 BTM Layout Bengaluru Karnataka India&amp;apos;</message>
  <nestedLevel>1</nestedLevel>
</record>
<record>
  <date>2019-08-19T17:13:39</date>
  <millis>1566215019372</millis>
  <sequence>111</sequence>
  <level>END</level>
  <class>com.kms.katalon.core.logging.XmlKeywordLogger</class>
  <method>endKeyword</method>
  <thread>1</thread>
  <message>End action : tap(findTestObject(\&amp;quot;riderSignIn/android.widget.TextView0 - Silk board bus stand Central Silk Board Colony Stage 2 BTM Layout Bengaluru Karnataka India\&amp;quot;), 0)</message>
  <nestedLevel>1</nestedLevel>
</record>
<record>
  <date>2019-08-19T17:13:39</date>
  <millis>1566215019373</millis>
  <sequence>112</sequence>
  <level>START</level>
  <class>com.kms.katalon.core.logging.XmlKeywordLogger</class>
  <method>startKeyword</method>
  <thread>1</thread>
  <message>Start action : tap(findTestObject(\&amp;quot;riderSignIn/android.widget.TextView0 - Book Ride\&amp;quot;), 0)</message>
  <nestedLevel>1</nestedLevel>
  <property name="startLine">63</property>
  <property name="stepIndex">19</property>
</record>
<record>
  <date>2019-08-19T17:13:39</date>
  <millis>1566215019455</millis>
  <sequence>116</sequence>
  <level>WARNING</level>
  <class>com.kms.katalon.core.logging.XmlKeywordLogger</class>
  <method>logMessage</method>
  <thread>1</thread>
  <message>Timeout &amp;apos;0&amp;apos; is invalid. Using default page load timeout: &amp;apos;30&amp;apos;</message>
  <nestedLevel>1</nestedLevel>
</record>
<record>
  <date>2019-08-19T17:13:40</date>
  <millis>1566215020741</millis>
  <sequence>117</sequence>
  <level>PASSED</level>
  <class>com.kms.katalon.core.logging.XmlKeywordLogger</class>
  <method>logMessage</method>
  <thread>1</thread>
  <message>Tapped on element &amp;apos;Object Repository/riderSignIn/android.widget.TextView0 - Book Ride&amp;apos;</message>
  <nestedLevel>1</nestedLevel>
</record>
<record>
  <date>2019-08-19T17:13:40</date>
  <millis>1566215020742</millis>
  <sequence>118</sequence>
  <level>END</level>
  <class>com.kms.katalon.core.logging.XmlKeywordLogger</class>
  <method>endKeyword</method>
  <thread>1</thread>
  <message>End action : tap(findTestObject(\&amp;quot;riderSignIn/android.widget.TextView0 - Book Ride\&amp;quot;), 0)</message>
  <nestedLevel>1</nestedLevel>
</record>
<record>
  <date>2019-08-19T17:13:40</date>
  <millis>1566215020742</millis>
  <sequence>119</sequence>
  <level>START</level>
  <class>com.kms.katalon.core.logging.XmlKeywordLogger</class>
  <method>startKeyword</method>
  <thread>1</thread>
  <message>Start action : tap(findTestObject(\&amp;quot;riderSignIn/android.widget.TextView0 - Request Taxi\&amp;quot;), 0)</message>
  <nestedLevel>1</nestedLevel>
  <property name="startLine">65</property>
  <property name="stepIndex">20</property>
</record>
<record>
  <date>2019-08-19T17:13:40</date>
  <millis>1566215020831</millis>
  <sequence>123</sequence>
  <level>WARNING</level>
  <class>com.kms.katalon.core.logging.XmlKeywordLogger</class>
  <method>logMessage</method>
  <thread>1</thread>
  <message>Timeout &amp;apos;0&amp;apos; is invalid. Using default page load timeout: &amp;apos;30&amp;apos;</message>
  <nestedLevel>1</nestedLevel>
</record>
<record>
  <date>2019-08-19T17:13:42</date>
  <millis>1566215022134</millis>
  <sequence>124</sequence>
  <level>PASSED</level>
  <class>com.kms.katalon.core.logging.XmlKeywordLogger</class>
  <method>logMessage</method>
  <thread>1</thread>
  <message>Tapped on element &amp;apos;Object Repository/riderSignIn/android.widget.TextView0 - Request Taxi&amp;apos;</message>
  <nestedLevel>1</nestedLevel>
</record>
<record>
  <date>2019-08-19T17:13:42</date>
  <millis>1566215022135</millis>
  <sequence>125</sequence>
  <level>END</level>
  <class>com.kms.katalon.core.logging.XmlKeywordLogger</class>
  <method>endKeyword</method>
  <thread>1</thread>
  <message>End action : tap(findTestObject(\&amp;quot;riderSignIn/android.widget.TextView0 - Request Taxi\&amp;quot;), 0)</message>
  <nestedLevel>1</nestedLevel>
</record>
<record>
  <date>2019-08-19T17:13:42</date>
  <millis>1566215022135</millis>
  <sequence>126</sequence>
  <level>START</level>
  <class>com.kms.katalon.core.logging.XmlKeywordLogger</class>
  <method>startKeyword</method>
  <thread>1</thread>
  <message>Start action : Thread.sleep(1000000)</message>
  <nestedLevel>1</nestedLevel>
  <property name="startLine">67</property>
  <property name="stepIndex">21</property>
</record>
<record>
  <date>2019-08-19T17:13:42</date>
  <millis>1566215022135</millis>
  <sequence>127</sequence>
  <level>NOT_RUN</level>
  <class>com.kms.katalon.core.logging.XmlKeywordLogger</class>
  <method>logMessage</method>
  <thread>1</thread>
  <message>NOT_RUN: Thread.sleep(1000000)</message>
  <nestedLevel>1</nestedLevel>
</record>
<record>
  <date>2019-08-19T17:13:42</date>
  <millis>1566215022136</millis>
  <sequence>128</sequence>
  <level>END</level>
  <class>com.kms.katalon.core.logging.XmlKeywordLogger</class>
  <method>endKeyword</method>
  <thread>1</thread>
  <message>End action : Thread.sleep(1000000)</message>
  <nestedLevel>1</nestedLevel>
</record>
<record>
  <date>2019-08-19T17:13:42</date>
  <millis>1566215022137</millis>
  <sequence>129</sequence>
  <level>START</level>
  <class>com.kms.katalon.core.logging.XmlKeywordLogger</class>
  <method>startKeyword</method>
  <thread>1</thread>
  <message>Start action : closeApplication()</message>
  <nestedLevel>1</nestedLevel>
  <property name="startLine">69</property>
  <property name="stepIndex">22</property>
</record>
<record>
  <date>2019-08-19T17:13:43</date>
  <millis>1566215023585</millis>
  <sequence>130</sequence>
  <level>PASSED</level>
  <class>com.kms.katalon.core.logging.XmlKeywordLogger</class>
  <method>logMessage</method>
  <thread>1</thread>
  <message>Close app successfully</message>
  <nestedLevel>1</nestedLevel>
</record>
<record>
  <date>2019-08-19T17:13:43</date>
  <millis>1566215023586</millis>
  <sequence>131</sequence>
  <level>END</level>
  <class>com.kms.katalon.core.logging.XmlKeywordLogger</class>
  <method>endKeyword</method>
  <thread>1</thread>
  <message>End action : closeApplication()</message>
  <nestedLevel>1</nestedLevel>
</record>
<record>
  <date>2019-08-19T17:13:43</date>
  <millis>1566215023586</millis>
  <sequence>132</sequence>
  <level>PASSED</level>
  <class>com.kms.katalon.core.logging.XmlKeywordLogger</class>
  <method>logMessage</method>
  <thread>1</thread>
  <message>Test Cases/RiderLogin</message>
  <nestedLevel>1</nestedLevel>
</record>
<record>
  <date>2019-08-19T17:13:43</date>
  <millis>1566215023587</millis>
  <sequence>133</sequence>
  <level>END</level>
  <class>com.kms.katalon.core.logging.XmlKeywordLogger</class>
  <method>endTest</method>
  <thread>1</thread>
  <message>End Test Case : Test Cases/RiderLogin</message>
  <nestedLevel>0</nestedLevel>
</record>
<record>
  <date>2019-08-19T17:13:43</date>
  <millis>1566215023618</millis>
  <sequence>134</sequence>
  <level>END</level>
  <class>com.kms.katalon.core.logging.XmlKeywordLogger</class>
  <method>endSuite</method>
  <thread>1</thread>
  <message>End Test Suite : Test Suites/RiderLoginSuite</message>
  <nestedLevel>0</nestedLevel>
</record>
</log>
