[35m[Appium][39m Welcome to Appium v1.14.0
[35m[Appium][39m Non-default server args:
[35m[Appium][39m   port: 50713
[35m[Appium][39m   loglevel: info
[35m[Appium][39m   chromeDriverPort: 50714
[35m[Appium][39m   tmpDir: /var/folders/38/x4crs4qx0hn0r3_szny2t9sw0000gn/T//Katalon/Appium/Temp1565898071832
[35m[Appium][39m Appium REST http interface listener started on 0.0.0.0:50713
[35m[HTTP][39m [37m-->[39m [37mGET[39m [37m/wd/hub/status[39m
[35m[HTTP][39m [90m{}[39m
[35m[HTTP][39m [37m<-- GET /wd/hub/status [39m[32m200[39m [90m8 ms - 68[39m
[35m[HTTP][39m [90m[39m
[35m[HTTP][39m [37m-->[39m [37mPOST[39m [37m/wd/hub/session[39m
[35m[HTTP][39m [90m{"desiredCapabilities":{"app":"/Users/sumittulsyan/Downloads/app-release.apk","noReset":false,"deviceName":"emulator-5556 (Android SDK built for x86 - Android 7.0)","fullReset":true,"platform":"ANDROID","newCommandTimeout":1800,"platformVersion":"7.0","automationName":"uiautomator2","autoGrantPermissions":true,"platformName":"Android","udid":"emulator-5556","systemPort":50712},"capabilities":{"firstMatch":[{"appium:app":"/Users/sumittulsyan/Downloads/app-release.apk","appium:autoGrantPermissions":true,"appium:automationName":"uiautomator2","appium:deviceName":"emulator-5556 (Android SDK built for x86 - Android 7.0)","appium:fullReset":true,"appium:newCommandTimeout":1800,"appium:noReset":false,"platform":"ANDROID","platformName":"android","appium:platformVersion":"7.0","appium:systemPort":50712,"appium:udid":"emulator-5556"}]}}[39m
[35m[BaseDriver][39m The capabilities ["platform"] are not standard capabilities and should have an extension prefix
[35m[Appium][39m Appium v1.14.0 creating new AndroidUiautomator2Driver (v1.33.1) session
[35m[Appium][39m Capabilities:
[35m[Appium][39m   platform: ANDROID
[35m[Appium][39m   platformName: android
[35m[Appium][39m   app: /Users/sumittulsyan/Downloads/app-release.apk
[35m[Appium][39m   autoGrantPermissions: true
[35m[Appium][39m   automationName: uiautomator2
[35m[Appium][39m   deviceName: emulator-5556 (Android SDK built for x86 - Android 7.0)
[35m[Appium][39m   fullReset: true
[35m[Appium][39m   newCommandTimeout: 1800
[35m[Appium][39m   noReset: false
[35m[Appium][39m   platformVersion: 7.0
[35m[Appium][39m   systemPort: 50712
[35m[Appium][39m   udid: emulator-5556
[35m[BaseDriver][39m The following capabilities were provided, but are not recognized by Appium:
[35m[BaseDriver][39m   platform
[35m[BaseDriver][39m Session created with session id: cc1a668b-3dab-4bb9-a268-9766a476b62e
[35m[BaseDriver][39m Using local app '/Users/sumittulsyan/Downloads/app-release.apk'
[35m[ADB][39m Found 1 'build-tools' folders under '/Users/sumittulsyan/.katalon/tools/android_sdk' (newest first):
[35m[ADB][39m     /Users/sumittulsyan/.katalon/tools/android_sdk/build-tools/29.0.1
[35m[ADB][39m Using 'adb' from '/Users/sumittulsyan/.katalon/tools/android_sdk/platform-tools/adb'
[35m[AndroidDriver][39m Retrieving device list
[35m[AndroidDriver][39m Using device: emulator-5556
[35m[ADB][39m Using 'adb' from '/Users/sumittulsyan/.katalon/tools/android_sdk/platform-tools/adb'
[35m[ADB][39m Using 'apkanalyzer' from '/Users/sumittulsyan/.katalon/tools/android_sdk/tools/bin/apkanalyzer'
[35m[ADB][39m Package name: 'io.nativebase.market.geekyants.taxiappdriver'
[35m[ADB][39m Main activity name: 'io.nativebase.market.geekyants.taxiappdriver.MainActivity'
[35m[ADB][39m Using 'aapt' from '/Users/sumittulsyan/.katalon/tools/android_sdk/build-tools/29.0.1/aapt'
[35m[ADB][39m Using 'apksigner' from '/Users/sumittulsyan/.katalon/tools/android_sdk/build-tools/29.0.1/apksigner'
[35m[UiAutomator2][39m Server packages are not going to be (re)installed
[35m[ADB][39m io.nativebase.market.geekyants.taxiappdriver was successfully uninstalled
[35m[ADB][39m The application at '/Users/sumittulsyan/Downloads/app-release.apk' is already cached to '/data/local/tmp/appium_cache/0a4c298d81fa9fed8129162356ad8641ab361e22.apk'
[35m[ADB][39m The installation of 'app-release.apk' took 7.477s
[35m[UiAutomator2][39m Starting UIAutomator2 server 3.7.0
[35m[UiAutomator2][39m Using UIAutomator2 server from '/Users/sumittulsyan/Downloads/appium-mobile-test/node_modules/appium-uiautomator2-server/apks/appium-uiautomator2-server-v3.7.0.apk' and test from '/Users/sumittulsyan/Downloads/appium-mobile-test/node_modules/appium-uiautomator2-server/apks/appium-uiautomator2-server-debug-androidTest.apk'
[35m[UiAutomator2][39m Waiting up to 30000ms for UiAutomator2 to be online...
[35m[WD Proxy][39m Got an unexpected response: {"code":"ECONNRESET"}
[35m[AndroidDriver][39m Screen already unlocked, doing nothing
[35m[UiAutomator2][39m UiAutomator2 did not start the activity we were waiting for, 'io.nativebase.market.geekyants.taxiappdriver/io.nativebase.market.geekyants.taxiappdriver.MainActivity'. Starting it ourselves
[35m[Appium][39m New AndroidUiautomator2Driver session created successfully, session cc1a668b-3dab-4bb9-a268-9766a476b62e added to master session list
[35m[HTTP][39m [37m<-- POST /wd/hub/session [39m[32m200[39m [90m22687 ms - 1272[39m
[35m[HTTP][39m [90m[39m
[35m[HTTP][39m [37m-->[39m [37mGET[39m [37m/wd/hub/session/cc1a668b-3dab-4bb9-a268-9766a476b62e[39m
[35m[HTTP][39m [90m{}[39m
[35m[HTTP][39m [37m<-- GET /wd/hub/session/cc1a668b-3dab-4bb9-a268-9766a476b62e [39m[32m200[39m [90m56 ms - 1204[39m
[35m[HTTP][39m [90m[39m
[35m[HTTP][39m [37m-->[39m [37mGET[39m [37m/wd/hub/session/cc1a668b-3dab-4bb9-a268-9766a476b62e[39m
[35m[HTTP][39m [90m{}[39m
[35m[HTTP][39m [37m<-- GET /wd/hub/session/cc1a668b-3dab-4bb9-a268-9766a476b62e [39m[32m200[39m [90m31 ms - 1204[39m
[35m[HTTP][39m [90m[39m
[35m[HTTP][39m [37m-->[39m [37mGET[39m [37m/wd/hub/status[39m
[35m[HTTP][39m [90m{}[39m
[35m[HTTP][39m [37m<-- GET /wd/hub/status [39m[32m200[39m [90m2 ms - 68[39m
[35m[HTTP][39m [90m[39m
[35m[HTTP][39m [37m-->[39m [37mPOST[39m [37m/wd/hub/session/cc1a668b-3dab-4bb9-a268-9766a476b62e/timeouts[39m
[35m[HTTP][39m [90m{"implicit":30000}[39m
[35m[HTTP][39m [37m<-- POST /wd/hub/session/cc1a668b-3dab-4bb9-a268-9766a476b62e/timeouts [39m[32m200[39m [90m6 ms - 14[39m
[35m[HTTP][39m [90m[39m
[35m[HTTP][39m [37m-->[39m [37mPOST[39m [37m/wd/hub/session/cc1a668b-3dab-4bb9-a268-9766a476b62e/timeouts[39m
[35m[HTTP][39m [90m{"implicit":50}[39m
[35m[HTTP][39m [37m<-- POST /wd/hub/session/cc1a668b-3dab-4bb9-a268-9766a476b62e/timeouts [39m[32m200[39m [90m6 ms - 14[39m
[35m[HTTP][39m [90m[39m
[35m[HTTP][39m [37m-->[39m [37mGET[39m [37m/wd/hub/session/cc1a668b-3dab-4bb9-a268-9766a476b62e/window/rect[39m
[35m[HTTP][39m [90m{}[39m
[35m[HTTP][39m [37m<-- GET /wd/hub/session/cc1a668b-3dab-4bb9-a268-9766a476b62e/window/rect [39m[32m200[39m [90m21 ms - 50[39m
[35m[HTTP][39m [90m[39m
[35m[HTTP][39m [37m-->[39m [37mPOST[39m [37m/wd/hub/session/cc1a668b-3dab-4bb9-a268-9766a476b62e/elements[39m
[35m[HTTP][39m [90m{"using":"-android uiautomator","value":"new UiSelector().className(\"android.widget.TextView\").text(\"Sign In\")"}[39m
[35m[HTTP][39m [37m<-- POST /wd/hub/session/cc1a668b-3dab-4bb9-a268-9766a476b62e/elements [39m[32m200[39m [90m568 ms - 12[39m
[35m[HTTP][39m [90m[39m
[35m[HTTP][39m [37m-->[39m [37mPOST[39m [37m/wd/hub/session/cc1a668b-3dab-4bb9-a268-9766a476b62e/elements[39m
[35m[HTTP][39m [90m{"using":"-android uiautomator","value":"new UiSelector().className(\"android.widget.TextView\").text(\"Sign In\")"}[39m
[35m[HTTP][39m [37m<-- POST /wd/hub/session/cc1a668b-3dab-4bb9-a268-9766a476b62e/elements [39m[32m200[39m [90m81 ms - 12[39m
[35m[HTTP][39m [90m[39m
[35m[HTTP][39m [37m-->[39m [37mPOST[39m [37m/wd/hub/session/cc1a668b-3dab-4bb9-a268-9766a476b62e/elements[39m
[35m[HTTP][39m [90m{"using":"-android uiautomator","value":"new UiSelector().className(\"android.widget.TextView\").text(\"Sign In\")"}[39m
[35m[HTTP][39m [37m<-- POST /wd/hub/session/cc1a668b-3dab-4bb9-a268-9766a476b62e/elements [39m[32m200[39m [90m64 ms - 12[39m
[35m[HTTP][39m [90m[39m
[35m[HTTP][39m [37m-->[39m [37mPOST[39m [37m/wd/hub/session/cc1a668b-3dab-4bb9-a268-9766a476b62e/elements[39m
[35m[HTTP][39m [90m{"using":"-android uiautomator","value":"new UiSelector().className(\"android.widget.TextView\").text(\"Sign In\")"}[39m
[35m[HTTP][39m [37m<-- POST /wd/hub/session/cc1a668b-3dab-4bb9-a268-9766a476b62e/elements [39m[32m200[39m [90m73 ms - 12[39m
[35m[HTTP][39m [90m[39m
[35m[HTTP][39m [37m-->[39m [37mPOST[39m [37m/wd/hub/session/cc1a668b-3dab-4bb9-a268-9766a476b62e/elements[39m
[35m[HTTP][39m [90m{"using":"-android uiautomator","value":"new UiSelector().className(\"android.widget.TextView\").text(\"Sign In\")"}[39m
[35m[HTTP][39m [37m<-- POST /wd/hub/session/cc1a668b-3dab-4bb9-a268-9766a476b62e/elements [39m[32m200[39m [90m569 ms - 12[39m
[35m[HTTP][39m [90m[39m
[35m[HTTP][39m [37m-->[39m [37mPOST[39m [37m/wd/hub/session/cc1a668b-3dab-4bb9-a268-9766a476b62e/elements[39m
[35m[HTTP][39m [90m{"using":"-android uiautomator","value":"new UiSelector().className(\"android.widget.TextView\").text(\"Sign In\")"}[39m
[35m[HTTP][39m [37m<-- POST /wd/hub/session/cc1a668b-3dab-4bb9-a268-9766a476b62e/elements [39m[32m200[39m [90m2237 ms - 139[39m
[35m[HTTP][39m [90m[39m
[35m[HTTP][39m [37m-->[39m [37mGET[39m [37m/wd/hub/session/cc1a668b-3dab-4bb9-a268-9766a476b62e/element/d8b1e512-6c61-4e94-a30e-2476a7ba01d6/location[39m
[35m[HTTP][39m [90m{}[39m
[35m[W3C (cc1a668b)][39m Driver proxy active, passing request on via HTTP proxy
[35m[WD Proxy][39m Replacing sessionId e856f553-ff53-4706-a05d-706c9cf57528 with cc1a668b-3dab-4bb9-a268-9766a476b62e
[35m[HTTP][39m [37m<-- GET /wd/hub/session/cc1a668b-3dab-4bb9-a268-9766a476b62e/element/d8b1e512-6c61-4e94-a30e-2476a7ba01d6/location [39m[32m200[39m [90m36 ms - 90[39m
[35m[HTTP][39m [90m[39m
[35m[HTTP][39m [37m-->[39m [37mPOST[39m [37m/wd/hub/session/cc1a668b-3dab-4bb9-a268-9766a476b62e/timeouts[39m
[35m[HTTP][39m [90m{"implicit":30000}[39m
[35m[HTTP][39m [37m<-- POST /wd/hub/session/cc1a668b-3dab-4bb9-a268-9766a476b62e/timeouts [39m[32m200[39m [90m3 ms - 14[39m
[35m[HTTP][39m [90m[39m
[35m[HTTP][39m [37m-->[39m [37mPOST[39m [37m/wd/hub/session/cc1a668b-3dab-4bb9-a268-9766a476b62e/touch/perform[39m
[35m[HTTP][39m [90m{"actions":[{"action":"tap","options":{"x":1,"y":1,"element":"d8b1e512-6c61-4e94-a30e-2476a7ba01d6"}},{"action":"release","options":{}}]}[39m
[35m[UiAutomator2][39m calling get location: d8b1e512-6c61-4e94-a30e-2476a7ba01d6
[35m[HTTP][39m [37m<-- POST /wd/hub/session/cc1a668b-3dab-4bb9-a268-9766a476b62e/touch/perform [39m[32m200[39m [90m1106 ms - 14[39m
[35m[HTTP][39m [90m[39m
[35m[HTTP][39m [37m-->[39m [37mPOST[39m [37m/wd/hub/session/cc1a668b-3dab-4bb9-a268-9766a476b62e/timeouts[39m
[35m[HTTP][39m [90m{"implicit":50}[39m
[35m[HTTP][39m [37m<-- POST /wd/hub/session/cc1a668b-3dab-4bb9-a268-9766a476b62e/timeouts [39m[32m200[39m [90m3 ms - 14[39m
[35m[HTTP][39m [90m[39m
[35m[HTTP][39m [37m-->[39m [37mGET[39m [37m/wd/hub/session/cc1a668b-3dab-4bb9-a268-9766a476b62e/window/rect[39m
[35m[HTTP][39m [90m{}[39m
[35m[HTTP][39m [37m<-- GET /wd/hub/session/cc1a668b-3dab-4bb9-a268-9766a476b62e/window/rect [39m[32m200[39m [90m19 ms - 50[39m
[35m[HTTP][39m [90m[39m
[35m[HTTP][39m [37m-->[39m [37mPOST[39m [37m/wd/hub/session/cc1a668b-3dab-4bb9-a268-9766a476b62e/elements[39m
[35m[HTTP][39m [90m{"using":"-android uiautomator","value":"new UiSelector().className(\"android.widget.EditText\").text(\"Email\")"}[39m
[35m[HTTP][39m [37m<-- POST /wd/hub/session/cc1a668b-3dab-4bb9-a268-9766a476b62e/elements [39m[32m200[39m [90m51 ms - 139[39m
[35m[HTTP][39m [90m[39m
[35m[HTTP][39m [37m-->[39m [37mGET[39m [37m/wd/hub/session/cc1a668b-3dab-4bb9-a268-9766a476b62e/element/d154f90d-58e7-444c-89ea-0856cd8f4c16/location[39m
[35m[HTTP][39m [90m{}[39m
[35m[W3C (cc1a668b)][39m Driver proxy active, passing request on via HTTP proxy
[35m[WD Proxy][39m Replacing sessionId e856f553-ff53-4706-a05d-706c9cf57528 with cc1a668b-3dab-4bb9-a268-9766a476b62e
[35m[HTTP][39m [37m<-- GET /wd/hub/session/cc1a668b-3dab-4bb9-a268-9766a476b62e/element/d154f90d-58e7-444c-89ea-0856cd8f4c16/location [39m[32m200[39m [90m38 ms - 89[39m
[35m[HTTP][39m [90m[39m
[35m[HTTP][39m [37m-->[39m [37mPOST[39m [37m/wd/hub/session/cc1a668b-3dab-4bb9-a268-9766a476b62e/timeouts[39m
[35m[HTTP][39m [90m{"implicit":30000}[39m
[35m[HTTP][39m [37m<-- POST /wd/hub/session/cc1a668b-3dab-4bb9-a268-9766a476b62e/timeouts [39m[32m200[39m [90m2 ms - 14[39m
[35m[HTTP][39m [90m[39m
[35m[HTTP][39m [37m-->[39m [37mPOST[39m [37m/wd/hub/session/cc1a668b-3dab-4bb9-a268-9766a476b62e/element/d154f90d-58e7-444c-89ea-0856cd8f4c16/clear[39m
[35m[HTTP][39m [90m{"id":"d154f90d-58e7-444c-89ea-0856cd8f4c16"}[39m
[35m[HTTP][39m [37m<-- POST /wd/hub/session/cc1a668b-3dab-4bb9-a268-9766a476b62e/element/d154f90d-58e7-444c-89ea-0856cd8f4c16/clear [39m[32m200[39m [90m55 ms - 27[39m
[35m[HTTP][39m [90m[39m
[35m[HTTP][39m [37m-->[39m [37mPOST[39m [37m/wd/hub/session/cc1a668b-3dab-4bb9-a268-9766a476b62e/element/d154f90d-58e7-444c-89ea-0856cd8f4c16/value[39m
[35m[HTTP][39m [90m{"id":"d154f90d-58e7-444c-89ea-0856cd8f4c16","text":"taxidriver@gmail.com","value":["t","a","x","i","d","r","i","v","e","r","@","g","m","a","i","l",".","c","o","m"]}[39m
[35m[HTTP][39m [37m<-- POST /wd/hub/session/cc1a668b-3dab-4bb9-a268-9766a476b62e/element/d154f90d-58e7-444c-89ea-0856cd8f4c16/value [39m[32m200[39m [90m1092 ms - 12[39m
[35m[HTTP][39m [90m[39m
[35m[HTTP][39m [37m-->[39m [37mPOST[39m [37m/wd/hub/session/cc1a668b-3dab-4bb9-a268-9766a476b62e/timeouts[39m
[35m[HTTP][39m [90m{"implicit":50}[39m
[35m[HTTP][39m [37m<-- POST /wd/hub/session/cc1a668b-3dab-4bb9-a268-9766a476b62e/timeouts [39m[32m200[39m [90m2 ms - 14[39m
[35m[HTTP][39m [90m[39m
[35m[HTTP][39m [37m-->[39m [37mGET[39m [37m/wd/hub/session/cc1a668b-3dab-4bb9-a268-9766a476b62e/window/rect[39m
[35m[HTTP][39m [90m{}[39m
[35m[HTTP][39m [37m<-- GET /wd/hub/session/cc1a668b-3dab-4bb9-a268-9766a476b62e/window/rect [39m[32m200[39m [90m13 ms - 50[39m
[35m[HTTP][39m [90m[39m
[35m[HTTP][39m [37m-->[39m [37mPOST[39m [37m/wd/hub/session/cc1a668b-3dab-4bb9-a268-9766a476b62e/elements[39m
[35m[HTTP][39m [90m{"using":"-android uiautomator","value":"new UiSelector().className(\"android.widget.EditText\").text(\"Password\")"}[39m
[35m[HTTP][39m [37m<-- POST /wd/hub/session/cc1a668b-3dab-4bb9-a268-9766a476b62e/elements [39m[32m200[39m [90m427 ms - 139[39m
[35m[HTTP][39m [90m[39m
[35m[HTTP][39m [37m-->[39m [37mGET[39m [37m/wd/hub/session/cc1a668b-3dab-4bb9-a268-9766a476b62e/element/d3a5b452-aeb8-4be2-9fd2-c6e7615966c1/location[39m
[35m[HTTP][39m [90m{}[39m
[35m[W3C (cc1a668b)][39m Driver proxy active, passing request on via HTTP proxy
[35m[WD Proxy][39m Replacing sessionId e856f553-ff53-4706-a05d-706c9cf57528 with cc1a668b-3dab-4bb9-a268-9766a476b62e
[35m[HTTP][39m [37m<-- GET /wd/hub/session/cc1a668b-3dab-4bb9-a268-9766a476b62e/element/d3a5b452-aeb8-4be2-9fd2-c6e7615966c1/location [39m[32m200[39m [90m27 ms - 90[39m
[35m[HTTP][39m [90m[39m
[35m[HTTP][39m [37m-->[39m [37mPOST[39m [37m/wd/hub/session/cc1a668b-3dab-4bb9-a268-9766a476b62e/timeouts[39m
[35m[HTTP][39m [90m{"implicit":30000}[39m
[35m[HTTP][39m [37m<-- POST /wd/hub/session/cc1a668b-3dab-4bb9-a268-9766a476b62e/timeouts [39m[32m200[39m [90m2 ms - 14[39m
[35m[HTTP][39m [90m[39m
[35m[HTTP][39m [37m-->[39m [37mPOST[39m [37m/wd/hub/session/cc1a668b-3dab-4bb9-a268-9766a476b62e/element/d3a5b452-aeb8-4be2-9fd2-c6e7615966c1/clear[39m
[35m[HTTP][39m [90m{"id":"d3a5b452-aeb8-4be2-9fd2-c6e7615966c1"}[39m
[35m[HTTP][39m [37m<-- POST /wd/hub/session/cc1a668b-3dab-4bb9-a268-9766a476b62e/element/d3a5b452-aeb8-4be2-9fd2-c6e7615966c1/clear [39m[32m200[39m [90m37 ms - 27[39m
[35m[HTTP][39m [90m[39m
[35m[HTTP][39m [37m-->[39m [37mPOST[39m [37m/wd/hub/session/cc1a668b-3dab-4bb9-a268-9766a476b62e/element/d3a5b452-aeb8-4be2-9fd2-c6e7615966c1/value[39m
[35m[HTTP][39m [90m{"id":"d3a5b452-aeb8-4be2-9fd2-c6e7615966c1","text":"123456","value":["1","2","3","4","5","6"]}[39m
[35m[HTTP][39m [37m<-- POST /wd/hub/session/cc1a668b-3dab-4bb9-a268-9766a476b62e/element/d3a5b452-aeb8-4be2-9fd2-c6e7615966c1/value [39m[32m200[39m [90m1068 ms - 12[39m
[35m[HTTP][39m [90m[39m
[35m[HTTP][39m [37m-->[39m [37mPOST[39m [37m/wd/hub/session/cc1a668b-3dab-4bb9-a268-9766a476b62e/timeouts[39m
[35m[HTTP][39m [90m{"implicit":50}[39m
[35m[HTTP][39m [37m<-- POST /wd/hub/session/cc1a668b-3dab-4bb9-a268-9766a476b62e/timeouts [39m[32m200[39m [90m3 ms - 14[39m
[35m[HTTP][39m [90m[39m
[35m[HTTP][39m [37m-->[39m [37mGET[39m [37m/wd/hub/session/cc1a668b-3dab-4bb9-a268-9766a476b62e/window/rect[39m
[35m[HTTP][39m [90m{}[39m
[35m[HTTP][39m [37m<-- GET /wd/hub/session/cc1a668b-3dab-4bb9-a268-9766a476b62e/window/rect [39m[32m200[39m [90m12 ms - 50[39m
[35m[HTTP][39m [90m[39m
[35m[HTTP][39m [37m-->[39m [37mPOST[39m [37m/wd/hub/session/cc1a668b-3dab-4bb9-a268-9766a476b62e/elements[39m
[35m[HTTP][39m [90m{"using":"xpath","value":"//hierarchy/android.widget.FrameLayout[1]/android.widget.LinearLayout[1]/android.widget.FrameLayout[1]/android.widget.LinearLayout[1]/android.widget.FrameLayout[1]/android.widget.FrameLayout[1]/android.view.ViewGroup[1]/android.view.ViewGroup[1]/android.view.ViewGroup[1]/android.view.ViewGroup[1]/android.support.v4.widget.DrawerLayout[1]/android.view.ViewGroup[1]/android.view.ViewGroup[1]/android.view.ViewGroup[1]/android.view.ViewGroup[1]/android.view.ViewGroup[1]/android.view.ViewGroup[1]/android.widget.ScrollView[1]/android.view.ViewGroup[1]/android.view.ViewGroup[7]/android.widget.TextView[1]"}[39m
[35m[HTTP][39m [37m<-- POST /wd/hub/session/cc1a668b-3dab-4bb9-a268-9766a476b62e/elements [39m[32m200[39m [90m526 ms - 139[39m
[35m[HTTP][39m [90m[39m
[35m[HTTP][39m [37m-->[39m [37mGET[39m [37m/wd/hub/session/cc1a668b-3dab-4bb9-a268-9766a476b62e/element/cb3a95b3-5d0d-4729-8095-4f452260adef/location[39m
[35m[HTTP][39m [90m{}[39m
[35m[W3C (cc1a668b)][39m Driver proxy active, passing request on via HTTP proxy
[35m[WD Proxy][39m Replacing sessionId e856f553-ff53-4706-a05d-706c9cf57528 with cc1a668b-3dab-4bb9-a268-9766a476b62e
[35m[HTTP][39m [37m<-- GET /wd/hub/session/cc1a668b-3dab-4bb9-a268-9766a476b62e/element/cb3a95b3-5d0d-4729-8095-4f452260adef/location [39m[32m200[39m [90m14 ms - 90[39m
[35m[HTTP][39m [90m[39m
[35m[HTTP][39m [37m-->[39m [37mPOST[39m [37m/wd/hub/session/cc1a668b-3dab-4bb9-a268-9766a476b62e/timeouts[39m
[35m[HTTP][39m [90m{"implicit":30000}[39m
[35m[HTTP][39m [37m<-- POST /wd/hub/session/cc1a668b-3dab-4bb9-a268-9766a476b62e/timeouts [39m[32m200[39m [90m2 ms - 14[39m
[35m[HTTP][39m [90m[39m
[35m[HTTP][39m [37m-->[39m [37mPOST[39m [37m/wd/hub/session/cc1a668b-3dab-4bb9-a268-9766a476b62e/touch/perform[39m
[35m[HTTP][39m [90m{"actions":[{"action":"tap","options":{"x":1,"y":1,"element":"cb3a95b3-5d0d-4729-8095-4f452260adef"}},{"action":"release","options":{}}]}[39m
[35m[UiAutomator2][39m calling get location: cb3a95b3-5d0d-4729-8095-4f452260adef
[35m[HTTP][39m [37m<-- POST /wd/hub/session/cc1a668b-3dab-4bb9-a268-9766a476b62e/touch/perform [39m[32m200[39m [90m44 ms - 14[39m
[35m[HTTP][39m [90m[39m
