[35m[Appium][39m Welcome to Appium v1.14.0
[35m[Appium][39m Non-default server args:
[35m[Appium][39m   port: 50134
[35m[Appium][39m   loglevel: info
[35m[Appium][39m   chromeDriverPort: 50137
[35m[Appium][39m   tmpDir: /var/folders/38/x4crs4qx0hn0r3_szny2t9sw0000gn/T//Katalon/Appium/Temp1566215791187
[35m[Appium][39m Appium REST http interface listener started on 0.0.0.0:50134
[35m[HTTP][39m [37m-->[39m [37mGET[39m [37m/wd/hub/status[39m
[35m[HTTP][39m [90m{}[39m
[35m[HTTP][39m [37m<-- GET /wd/hub/status [39m[32m200[39m [90m32 ms - 68[39m
[35m[HTTP][39m [90m[39m
[35m[HTTP][39m [37m-->[39m [37mPOST[39m [37m/wd/hub/session[39m
[35m[HTTP][39m [90m{"desiredCapabilities":{"app":"/Users/sumittulsyan/Downloads/app-release.apk","noReset":false,"deviceName":"emulator-5554 (Android SDK built for x86 - Android 9)","fullReset":true,"platform":"ANDROID","newCommandTimeout":1800,"platformVersion":"9","automationName":"uiautomator2","autoGrantPermissions":true,"platformName":"Android","udid":"emulator-5554","systemPort":50133},"capabilities":{"firstMatch":[{"appium:app":"/Users/sumittulsyan/Downloads/app-release.apk","appium:autoGrantPermissions":true,"appium:automationName":"uiautomator2","appium:deviceName":"emulator-5554 (Android SDK built for x86 - Android 9)","appium:fullReset":true,"appium:newCommandTimeout":1800,"appium:noReset":false,"platform":"ANDROID","platformName":"android","appium:platformVersion":"9","appium:systemPort":50133,"appium:udid":"emulator-5554"}]}}[39m
[35m[BaseDriver][39m The capabilities ["platform"] are not standard capabilities and should have an extension prefix
[35m[Appium][39m Appium v1.14.0 creating new AndroidUiautomator2Driver (v1.33.1) session
[35m[Appium][39m Capabilities:
[35m[Appium][39m   platform: ANDROID
[35m[Appium][39m   platformName: android
[35m[Appium][39m   app: /Users/sumittulsyan/Downloads/app-release.apk
[35m[Appium][39m   autoGrantPermissions: true
[35m[Appium][39m   automationName: uiautomator2
[35m[Appium][39m   deviceName: emulator-5554 (Android SDK built for x86 - Android 9)
[35m[Appium][39m   fullReset: true
[35m[Appium][39m   newCommandTimeout: 1800
[35m[Appium][39m   noReset: false
[35m[Appium][39m   platformVersion: 9
[35m[Appium][39m   systemPort: 50133
[35m[Appium][39m   udid: emulator-5554
[35m[BaseDriver][39m The following capabilities were provided, but are not recognized by Appium:
[35m[BaseDriver][39m   platform
[35m[BaseDriver][39m Session created with session id: 8140f55f-afdc-4721-8349-2ea7f709cf30
[35m[BaseDriver][39m Using local app '/Users/sumittulsyan/Downloads/app-release.apk'
[35m[ADB][39m Found 1 'build-tools' folders under '/Users/sumittulsyan/.katalon/tools/android_sdk' (newest first):
[35m[ADB][39m     /Users/sumittulsyan/.katalon/tools/android_sdk/build-tools/29.0.1
[35m[ADB][39m Using 'adb' from '/Users/sumittulsyan/.katalon/tools/android_sdk/platform-tools/adb'
[35m[AndroidDriver][39m Retrieving device list
[35m[AndroidDriver][39m Using device: emulator-5554
[35m[ADB][39m Using 'adb' from '/Users/sumittulsyan/.katalon/tools/android_sdk/platform-tools/adb'
[35m[UiAutomator2][39m Relaxing hidden api policy
[35m[ADB][39m Using 'apkanalyzer' from '/Users/sumittulsyan/.katalon/tools/android_sdk/tools/bin/apkanalyzer'
[35m[ADB][39m Package name: 'io.nativebase.market.geekyants.taxiappdriver'
[35m[ADB][39m Main activity name: 'io.nativebase.market.geekyants.taxiappdriver.MainActivity'
[35m[ADB][39m Using 'aapt' from '/Users/sumittulsyan/.katalon/tools/android_sdk/build-tools/29.0.1/aapt'
[35m[ADB][39m Using 'apksigner' from '/Users/sumittulsyan/.katalon/tools/android_sdk/build-tools/29.0.1/apksigner'
[35m[UiAutomator2][39m Server packages are not going to be (re)installed
[35m[ADB][39m io.nativebase.market.geekyants.taxiappdriver was successfully uninstalled
[35m[ADB][39m The application at '/Users/sumittulsyan/Downloads/app-release.apk' is already cached to '/data/local/tmp/appium_cache/0a4c298d81fa9fed8129162356ad8641ab361e22.apk'
[35m[ADB][39m The installation of 'app-release.apk' took 8.074s
[35m[UiAutomator2][39m Starting UIAutomator2 server 3.7.0
[35m[UiAutomator2][39m Using UIAutomator2 server from '/Users/sumittulsyan/Downloads/appium-mobile-test/node_modules/appium-uiautomator2-server/apks/appium-uiautomator2-server-v3.7.0.apk' and test from '/Users/sumittulsyan/Downloads/appium-mobile-test/node_modules/appium-uiautomator2-server/apks/appium-uiautomator2-server-debug-androidTest.apk'
[35m[UiAutomator2][39m Waiting up to 30000ms for UiAutomator2 to be online...
[35m[WD Proxy][39m Got an unexpected response: {"code":"ECONNRESET"}
[35m[WD Proxy][39m Got an unexpected response: {"code":"ECONNRESET"}
[35m[AndroidDriver][39m Screen already unlocked, doing nothing
[35m[UiAutomator2][39m UiAutomator2 did not start the activity we were waiting for, 'io.nativebase.market.geekyants.taxiappdriver/io.nativebase.market.geekyants.taxiappdriver.MainActivity'. Starting it ourselves
[35m[Appium][39m New AndroidUiautomator2Driver session created successfully, session 8140f55f-afdc-4721-8349-2ea7f709cf30 added to master session list
[35m[HTTP][39m [37m<-- POST /wd/hub/session [39m[32m200[39m [90m27431 ms - 1264[39m
[35m[HTTP][39m [90m[39m
[35m[HTTP][39m [37m-->[39m [37mGET[39m [37m/wd/hub/session/8140f55f-afdc-4721-8349-2ea7f709cf30[39m
[35m[HTTP][39m [90m{}[39m
[35m[HTTP][39m [37m<-- GET /wd/hub/session/8140f55f-afdc-4721-8349-2ea7f709cf30 [39m[32m200[39m [90m147 ms - 1196[39m
[35m[HTTP][39m [90m[39m
[35m[HTTP][39m [37m-->[39m [37mGET[39m [37m/wd/hub/session/8140f55f-afdc-4721-8349-2ea7f709cf30[39m
[35m[HTTP][39m [90m{}[39m
[35m[HTTP][39m [37m<-- GET /wd/hub/session/8140f55f-afdc-4721-8349-2ea7f709cf30 [39m[32m200[39m [90m24 ms - 1196[39m
[35m[HTTP][39m [90m[39m
[35m[HTTP][39m [37m-->[39m [37mGET[39m [37m/wd/hub/status[39m
[35m[HTTP][39m [90m{}[39m
[35m[HTTP][39m [37m<-- GET /wd/hub/status [39m[32m200[39m [90m1 ms - 68[39m
[35m[HTTP][39m [90m[39m
[35m[HTTP][39m [37m-->[39m [37mPOST[39m [37m/wd/hub/session/8140f55f-afdc-4721-8349-2ea7f709cf30/timeouts[39m
[35m[HTTP][39m [90m{"implicit":30000}[39m
[35m[HTTP][39m [37m<-- POST /wd/hub/session/8140f55f-afdc-4721-8349-2ea7f709cf30/timeouts [39m[32m200[39m [90m5 ms - 14[39m
[35m[HTTP][39m [90m[39m
[35m[HTTP][39m [37m-->[39m [37mPOST[39m [37m/wd/hub/session/8140f55f-afdc-4721-8349-2ea7f709cf30/timeouts[39m
[35m[HTTP][39m [90m{"implicit":50}[39m
[35m[HTTP][39m [37m<-- POST /wd/hub/session/8140f55f-afdc-4721-8349-2ea7f709cf30/timeouts [39m[32m200[39m [90m2 ms - 14[39m
[35m[HTTP][39m [90m[39m
[35m[HTTP][39m [37m-->[39m [37mGET[39m [37m/wd/hub/session/8140f55f-afdc-4721-8349-2ea7f709cf30/window/rect[39m
[35m[HTTP][39m [90m{}[39m
[35m[HTTP][39m [37m<-- GET /wd/hub/session/8140f55f-afdc-4721-8349-2ea7f709cf30/window/rect [39m[32m200[39m [90m56 ms - 50[39m
[35m[HTTP][39m [90m[39m
[35m[HTTP][39m [37m-->[39m [37mPOST[39m [37m/wd/hub/session/8140f55f-afdc-4721-8349-2ea7f709cf30/elements[39m
[35m[HTTP][39m [90m{"using":"-android uiautomator","value":"new UiSelector().className(\"android.widget.TextView\").text(\"Sign In\")"}[39m
[35m[HTTP][39m [37m<-- POST /wd/hub/session/8140f55f-afdc-4721-8349-2ea7f709cf30/elements [39m[32m200[39m [90m178 ms - 12[39m
[35m[HTTP][39m [90m[39m
[35m[HTTP][39m [37m-->[39m [37mPOST[39m [37m/wd/hub/session/8140f55f-afdc-4721-8349-2ea7f709cf30/elements[39m
[35m[HTTP][39m [90m{"using":"-android uiautomator","value":"new UiSelector().className(\"android.widget.TextView\").text(\"Sign In\")"}[39m
[35m[HTTP][39m [37m<-- POST /wd/hub/session/8140f55f-afdc-4721-8349-2ea7f709cf30/elements [39m[32m200[39m [90m583 ms - 12[39m
[35m[HTTP][39m [90m[39m
[35m[HTTP][39m [37m-->[39m [37mPOST[39m [37m/wd/hub/session/8140f55f-afdc-4721-8349-2ea7f709cf30/elements[39m
[35m[HTTP][39m [90m{"using":"-android uiautomator","value":"new UiSelector().className(\"android.widget.TextView\").text(\"Sign In\")"}[39m
[35m[HTTP][39m [37m<-- POST /wd/hub/session/8140f55f-afdc-4721-8349-2ea7f709cf30/elements [39m[32m200[39m [90m1648 ms - 139[39m
[35m[HTTP][39m [90m[39m
[35m[HTTP][39m [37m-->[39m [37mGET[39m [37m/wd/hub/session/8140f55f-afdc-4721-8349-2ea7f709cf30/element/f1894775-a5d3-4b8f-bf98-94fdd12b0a5a/location[39m
[35m[HTTP][39m [90m{}[39m
[35m[W3C (8140f55f)][39m Driver proxy active, passing request on via HTTP proxy
[35m[WD Proxy][39m Replacing sessionId 410c6e74-4027-4dc4-9692-8d3ed2639575 with 8140f55f-afdc-4721-8349-2ea7f709cf30
[35m[HTTP][39m [37m<-- GET /wd/hub/session/8140f55f-afdc-4721-8349-2ea7f709cf30/element/f1894775-a5d3-4b8f-bf98-94fdd12b0a5a/location [39m[32m200[39m [90m44 ms - 90[39m
[35m[HTTP][39m [90m[39m
[35m[HTTP][39m [37m-->[39m [37mPOST[39m [37m/wd/hub/session/8140f55f-afdc-4721-8349-2ea7f709cf30/timeouts[39m
[35m[HTTP][39m [90m{"implicit":30000}[39m
[35m[HTTP][39m [37m<-- POST /wd/hub/session/8140f55f-afdc-4721-8349-2ea7f709cf30/timeouts [39m[32m200[39m [90m2 ms - 14[39m
[35m[HTTP][39m [90m[39m
[35m[HTTP][39m [37m-->[39m [37mPOST[39m [37m/wd/hub/session/8140f55f-afdc-4721-8349-2ea7f709cf30/touch/perform[39m
[35m[HTTP][39m [90m{"actions":[{"action":"tap","options":{"x":1,"y":1,"element":"f1894775-a5d3-4b8f-bf98-94fdd12b0a5a"}},{"action":"release","options":{}}]}[39m
[35m[UiAutomator2][39m calling get location: f1894775-a5d3-4b8f-bf98-94fdd12b0a5a
[35m[HTTP][39m [37m<-- POST /wd/hub/session/8140f55f-afdc-4721-8349-2ea7f709cf30/touch/perform [39m[32m200[39m [90m1021 ms - 14[39m
[35m[HTTP][39m [90m[39m
[35m[HTTP][39m [37m-->[39m [37mPOST[39m [37m/wd/hub/session/8140f55f-afdc-4721-8349-2ea7f709cf30/timeouts[39m
[35m[HTTP][39m [90m{"implicit":50}[39m
[35m[HTTP][39m [37m<-- POST /wd/hub/session/8140f55f-afdc-4721-8349-2ea7f709cf30/timeouts [39m[32m200[39m [90m3 ms - 14[39m
[35m[HTTP][39m [90m[39m
[35m[HTTP][39m [37m-->[39m [37mGET[39m [37m/wd/hub/session/8140f55f-afdc-4721-8349-2ea7f709cf30/window/rect[39m
[35m[HTTP][39m [90m{}[39m
[35m[HTTP][39m [37m<-- GET /wd/hub/session/8140f55f-afdc-4721-8349-2ea7f709cf30/window/rect [39m[32m200[39m [90m24 ms - 50[39m
[35m[HTTP][39m [90m[39m
[35m[HTTP][39m [37m-->[39m [37mPOST[39m [37m/wd/hub/session/8140f55f-afdc-4721-8349-2ea7f709cf30/elements[39m
[35m[HTTP][39m [90m{"using":"-android uiautomator","value":"new UiSelector().className(\"android.widget.EditText\").text(\"Email\")"}[39m
[35m[HTTP][39m [37m<-- POST /wd/hub/session/8140f55f-afdc-4721-8349-2ea7f709cf30/elements [39m[32m200[39m [90m75 ms - 139[39m
[35m[HTTP][39m [90m[39m
[35m[HTTP][39m [37m-->[39m [37mGET[39m [37m/wd/hub/session/8140f55f-afdc-4721-8349-2ea7f709cf30/element/e1ce0e3a-9397-47c3-a28b-9d406cfece02/location[39m
[35m[HTTP][39m [90m{}[39m
[35m[W3C (8140f55f)][39m Driver proxy active, passing request on via HTTP proxy
[35m[WD Proxy][39m Replacing sessionId 410c6e74-4027-4dc4-9692-8d3ed2639575 with 8140f55f-afdc-4721-8349-2ea7f709cf30
[35m[HTTP][39m [37m<-- GET /wd/hub/session/8140f55f-afdc-4721-8349-2ea7f709cf30/element/e1ce0e3a-9397-47c3-a28b-9d406cfece02/location [39m[32m200[39m [90m39 ms - 90[39m
[35m[HTTP][39m [90m[39m
[35m[HTTP][39m [37m-->[39m [37mPOST[39m [37m/wd/hub/session/8140f55f-afdc-4721-8349-2ea7f709cf30/timeouts[39m
[35m[HTTP][39m [90m{"implicit":30000}[39m
[35m[HTTP][39m [37m<-- POST /wd/hub/session/8140f55f-afdc-4721-8349-2ea7f709cf30/timeouts [39m[32m200[39m [90m2 ms - 14[39m
[35m[HTTP][39m [90m[39m
[35m[HTTP][39m [37m-->[39m [37mPOST[39m [37m/wd/hub/session/8140f55f-afdc-4721-8349-2ea7f709cf30/element/e1ce0e3a-9397-47c3-a28b-9d406cfece02/clear[39m
[35m[HTTP][39m [90m{"id":"e1ce0e3a-9397-47c3-a28b-9d406cfece02"}[39m
[35m[HTTP][39m [37m<-- POST /wd/hub/session/8140f55f-afdc-4721-8349-2ea7f709cf30/element/e1ce0e3a-9397-47c3-a28b-9d406cfece02/clear [39m[32m200[39m [90m44 ms - 27[39m
[35m[HTTP][39m [90m[39m
[35m[HTTP][39m [37m-->[39m [37mPOST[39m [37m/wd/hub/session/8140f55f-afdc-4721-8349-2ea7f709cf30/element/e1ce0e3a-9397-47c3-a28b-9d406cfece02/value[39m
[35m[HTTP][39m [90m{"id":"e1ce0e3a-9397-47c3-a28b-9d406cfece02","text":"taxidriver1@gmail.com","value":["t","a","x","i","d","r","i","v","e","r","1","@","g","m","a","i","l",".","c","o","m"]}[39m
[35m[HTTP][39m [37m<-- POST /wd/hub/session/8140f55f-afdc-4721-8349-2ea7f709cf30/element/e1ce0e3a-9397-47c3-a28b-9d406cfece02/value [39m[32m200[39m [90m1072 ms - 12[39m
[35m[HTTP][39m [90m[39m
[35m[HTTP][39m [37m-->[39m [37mPOST[39m [37m/wd/hub/session/8140f55f-afdc-4721-8349-2ea7f709cf30/timeouts[39m
[35m[HTTP][39m [90m{"implicit":50}[39m
[35m[HTTP][39m [37m<-- POST /wd/hub/session/8140f55f-afdc-4721-8349-2ea7f709cf30/timeouts [39m[32m200[39m [90m3 ms - 14[39m
[35m[HTTP][39m [90m[39m
[35m[HTTP][39m [37m-->[39m [37mGET[39m [37m/wd/hub/session/8140f55f-afdc-4721-8349-2ea7f709cf30/window/rect[39m
[35m[HTTP][39m [90m{}[39m
[35m[HTTP][39m [37m<-- GET /wd/hub/session/8140f55f-afdc-4721-8349-2ea7f709cf30/window/rect [39m[32m200[39m [90m30 ms - 50[39m
[35m[HTTP][39m [90m[39m
[35m[HTTP][39m [37m-->[39m [37mPOST[39m [37m/wd/hub/session/8140f55f-afdc-4721-8349-2ea7f709cf30/elements[39m
[35m[HTTP][39m [90m{"using":"-android uiautomator","value":"new UiSelector().className(\"android.widget.EditText\").text(\"Password\")"}[39m
[35m[HTTP][39m [37m<-- POST /wd/hub/session/8140f55f-afdc-4721-8349-2ea7f709cf30/elements [39m[32m200[39m [90m352 ms - 139[39m
[35m[HTTP][39m [90m[39m
[35m[HTTP][39m [37m-->[39m [37mGET[39m [37m/wd/hub/session/8140f55f-afdc-4721-8349-2ea7f709cf30/element/0a6e0147-26e6-4500-8f73-d52b87d24858/location[39m
[35m[HTTP][39m [90m{}[39m
[35m[W3C (8140f55f)][39m Driver proxy active, passing request on via HTTP proxy
[35m[WD Proxy][39m Replacing sessionId 410c6e74-4027-4dc4-9692-8d3ed2639575 with 8140f55f-afdc-4721-8349-2ea7f709cf30
[35m[HTTP][39m [37m<-- GET /wd/hub/session/8140f55f-afdc-4721-8349-2ea7f709cf30/element/0a6e0147-26e6-4500-8f73-d52b87d24858/location [39m[32m200[39m [90m38 ms - 90[39m
[35m[HTTP][39m [90m[39m
[35m[HTTP][39m [37m-->[39m [37mPOST[39m [37m/wd/hub/session/8140f55f-afdc-4721-8349-2ea7f709cf30/timeouts[39m
[35m[HTTP][39m [90m{"implicit":30000}[39m
[35m[HTTP][39m [37m<-- POST /wd/hub/session/8140f55f-afdc-4721-8349-2ea7f709cf30/timeouts [39m[32m200[39m [90m2 ms - 14[39m
[35m[HTTP][39m [90m[39m
[35m[HTTP][39m [37m-->[39m [37mPOST[39m [37m/wd/hub/session/8140f55f-afdc-4721-8349-2ea7f709cf30/element/0a6e0147-26e6-4500-8f73-d52b87d24858/clear[39m
[35m[HTTP][39m [90m{"id":"0a6e0147-26e6-4500-8f73-d52b87d24858"}[39m
[35m[HTTP][39m [37m<-- POST /wd/hub/session/8140f55f-afdc-4721-8349-2ea7f709cf30/element/0a6e0147-26e6-4500-8f73-d52b87d24858/clear [39m[32m200[39m [90m39 ms - 27[39m
[35m[HTTP][39m [90m[39m
[35m[HTTP][39m [37m-->[39m [37mPOST[39m [37m/wd/hub/session/8140f55f-afdc-4721-8349-2ea7f709cf30/element/0a6e0147-26e6-4500-8f73-d52b87d24858/value[39m
[35m[HTTP][39m [90m{"id":"0a6e0147-26e6-4500-8f73-d52b87d24858","text":"123456","value":["1","2","3","4","5","6"]}[39m
[35m[HTTP][39m [37m<-- POST /wd/hub/session/8140f55f-afdc-4721-8349-2ea7f709cf30/element/0a6e0147-26e6-4500-8f73-d52b87d24858/value [39m[32m200[39m [90m1067 ms - 12[39m
[35m[HTTP][39m [90m[39m
[35m[HTTP][39m [37m-->[39m [37mPOST[39m [37m/wd/hub/session/8140f55f-afdc-4721-8349-2ea7f709cf30/timeouts[39m
[35m[HTTP][39m [90m{"implicit":50}[39m
[35m[HTTP][39m [37m<-- POST /wd/hub/session/8140f55f-afdc-4721-8349-2ea7f709cf30/timeouts [39m[32m200[39m [90m2 ms - 14[39m
[35m[HTTP][39m [90m[39m
[35m[HTTP][39m [37m-->[39m [37mGET[39m [37m/wd/hub/session/8140f55f-afdc-4721-8349-2ea7f709cf30/window/rect[39m
[35m[HTTP][39m [90m{}[39m
[35m[HTTP][39m [37m<-- GET /wd/hub/session/8140f55f-afdc-4721-8349-2ea7f709cf30/window/rect [39m[32m200[39m [90m20 ms - 50[39m
[35m[HTTP][39m [90m[39m
[35m[HTTP][39m [37m-->[39m [37mPOST[39m [37m/wd/hub/session/8140f55f-afdc-4721-8349-2ea7f709cf30/elements[39m
[35m[HTTP][39m [90m{"using":"xpath","value":"//hierarchy/android.widget.FrameLayout[1]/android.widget.LinearLayout[1]/android.widget.FrameLayout[1]/android.widget.LinearLayout[1]/android.widget.FrameLayout[1]/android.widget.FrameLayout[1]/android.view.ViewGroup[1]/android.view.ViewGroup[1]/android.view.ViewGroup[1]/android.view.ViewGroup[1]/android.support.v4.widget.DrawerLayout[1]/android.view.ViewGroup[1]/android.view.ViewGroup[1]/android.view.ViewGroup[1]/android.view.ViewGroup[1]/android.view.ViewGroup[1]/android.view.ViewGroup[1]/android.widget.ScrollView[1]/android.view.ViewGroup[1]/android.view.ViewGroup[7]/android.widget.TextView[1]"}[39m
[35m[HTTP][39m [37m<-- POST /wd/hub/session/8140f55f-afdc-4721-8349-2ea7f709cf30/elements [39m[32m200[39m [90m625 ms - 139[39m
[35m[HTTP][39m [90m[39m
[35m[HTTP][39m [37m-->[39m [37mGET[39m [37m/wd/hub/session/8140f55f-afdc-4721-8349-2ea7f709cf30/element/6dcba7f8-2de5-418f-8772-d8e2f709008d/location[39m
[35m[HTTP][39m [90m{}[39m
[35m[W3C (8140f55f)][39m Driver proxy active, passing request on via HTTP proxy
[35m[WD Proxy][39m Replacing sessionId 410c6e74-4027-4dc4-9692-8d3ed2639575 with 8140f55f-afdc-4721-8349-2ea7f709cf30
[35m[HTTP][39m [37m<-- GET /wd/hub/session/8140f55f-afdc-4721-8349-2ea7f709cf30/element/6dcba7f8-2de5-418f-8772-d8e2f709008d/location [39m[32m200[39m [90m19 ms - 90[39m
[35m[HTTP][39m [90m[39m
[35m[HTTP][39m [37m-->[39m [37mPOST[39m [37m/wd/hub/session/8140f55f-afdc-4721-8349-2ea7f709cf30/timeouts[39m
[35m[HTTP][39m [90m{"implicit":30000}[39m
[35m[HTTP][39m [37m<-- POST /wd/hub/session/8140f55f-afdc-4721-8349-2ea7f709cf30/timeouts [39m[32m200[39m [90m4 ms - 14[39m
[35m[HTTP][39m [90m[39m
[35m[HTTP][39m [37m-->[39m [37mPOST[39m [37m/wd/hub/session/8140f55f-afdc-4721-8349-2ea7f709cf30/touch/perform[39m
[35m[HTTP][39m [90m{"actions":[{"action":"tap","options":{"x":1,"y":1,"element":"6dcba7f8-2de5-418f-8772-d8e2f709008d"}},{"action":"release","options":{}}]}[39m
[35m[UiAutomator2][39m calling get location: 6dcba7f8-2de5-418f-8772-d8e2f709008d
[35m[HTTP][39m [37m<-- POST /wd/hub/session/8140f55f-afdc-4721-8349-2ea7f709cf30/touch/perform [39m[32m200[39m [90m41 ms - 14[39m
[35m[HTTP][39m [90m[39m
[35m[HTTP][39m [37m-->[39m [37mPOST[39m [37m/wd/hub/session/8140f55f-afdc-4721-8349-2ea7f709cf30/timeouts[39m
[35m[HTTP][39m [90m{"implicit":50}[39m
[35m[HTTP][39m [37m<-- POST /wd/hub/session/8140f55f-afdc-4721-8349-2ea7f709cf30/timeouts [39m[32m200[39m [90m2 ms - 14[39m
[35m[HTTP][39m [90m[39m
[35m[HTTP][39m [37m-->[39m [37mGET[39m [37m/wd/hub/session/8140f55f-afdc-4721-8349-2ea7f709cf30/window/rect[39m
[35m[HTTP][39m [90m{}[39m
[35m[HTTP][39m [37m<-- GET /wd/hub/session/8140f55f-afdc-4721-8349-2ea7f709cf30/window/rect [39m[32m200[39m [90m48 ms - 50[39m
[35m[HTTP][39m [90m[39m
[35m[HTTP][39m [37m-->[39m [37mPOST[39m [37m/wd/hub/session/8140f55f-afdc-4721-8349-2ea7f709cf30/elements[39m
[35m[HTTP][39m [90m{"using":"-android uiautomator","value":"new UiSelector().className(\"android.widget.TextView\").text(\"\")"}[39m
[35m[HTTP][39m [37m<-- POST /wd/hub/session/8140f55f-afdc-4721-8349-2ea7f709cf30/elements [39m[32m200[39m [90m724 ms - 12[39m
[35m[HTTP][39m [90m[39m
[35m[HTTP][39m [37m-->[39m [37mPOST[39m [37m/wd/hub/session/8140f55f-afdc-4721-8349-2ea7f709cf30/elements[39m
[35m[HTTP][39m [90m{"using":"-android uiautomator","value":"new UiSelector().className(\"android.widget.TextView\").text(\"\")"}[39m
[35m[HTTP][39m [37m<-- POST /wd/hub/session/8140f55f-afdc-4721-8349-2ea7f709cf30/elements [39m[32m200[39m [90m104 ms - 12[39m
[35m[HTTP][39m [90m[39m
[35m[HTTP][39m [37m-->[39m [37mPOST[39m [37m/wd/hub/session/8140f55f-afdc-4721-8349-2ea7f709cf30/elements[39m
[35m[HTTP][39m [90m{"using":"-android uiautomator","value":"new UiSelector().className(\"android.widget.TextView\").text(\"\")"}[39m
[35m[HTTP][39m [37m<-- POST /wd/hub/session/8140f55f-afdc-4721-8349-2ea7f709cf30/elements [39m[32m200[39m [90m76 ms - 12[39m
[35m[HTTP][39m [90m[39m
[35m[HTTP][39m [37m-->[39m [37mPOST[39m [37m/wd/hub/session/8140f55f-afdc-4721-8349-2ea7f709cf30/elements[39m
[35m[HTTP][39m [90m{"using":"-android uiautomator","value":"new UiSelector().className(\"android.widget.TextView\").text(\"\")"}[39m
[35m[HTTP][39m [37m<-- POST /wd/hub/session/8140f55f-afdc-4721-8349-2ea7f709cf30/elements [39m[32m200[39m [90m93 ms - 12[39m
[35m[HTTP][39m [90m[39m
[35m[HTTP][39m [37m-->[39m [37mPOST[39m [37m/wd/hub/session/8140f55f-afdc-4721-8349-2ea7f709cf30/elements[39m
[35m[HTTP][39m [90m{"using":"-android uiautomator","value":"new UiSelector().className(\"android.widget.TextView\").text(\"\")"}[39m
[35m[HTTP][39m [37m<-- POST /wd/hub/session/8140f55f-afdc-4721-8349-2ea7f709cf30/elements [39m[32m200[39m [90m93 ms - 12[39m
[35m[HTTP][39m [90m[39m
[35m[HTTP][39m [37m-->[39m [37mPOST[39m [37m/wd/hub/session/8140f55f-afdc-4721-8349-2ea7f709cf30/elements[39m
[35m[HTTP][39m [90m{"using":"-android uiautomator","value":"new UiSelector().className(\"android.widget.TextView\").text(\"\")"}[39m
[35m[HTTP][39m [37m<-- POST /wd/hub/session/8140f55f-afdc-4721-8349-2ea7f709cf30/elements [39m[32m200[39m [90m104 ms - 12[39m
[35m[HTTP][39m [90m[39m
[35m[HTTP][39m [37m-->[39m [37mPOST[39m [37m/wd/hub/session/8140f55f-afdc-4721-8349-2ea7f709cf30/elements[39m
[35m[HTTP][39m [90m{"using":"-android uiautomator","value":"new UiSelector().className(\"android.widget.TextView\").text(\"\")"}[39m
[35m[HTTP][39m [37m<-- POST /wd/hub/session/8140f55f-afdc-4721-8349-2ea7f709cf30/elements [39m[32m200[39m [90m278 ms - 12[39m
[35m[HTTP][39m [90m[39m
[35m[HTTP][39m [37m-->[39m [37mPOST[39m [37m/wd/hub/session/8140f55f-afdc-4721-8349-2ea7f709cf30/elements[39m
[35m[HTTP][39m [90m{"using":"-android uiautomator","value":"new UiSelector().className(\"android.widget.TextView\").text(\"\")"}[39m
[35m[HTTP][39m [37m<-- POST /wd/hub/session/8140f55f-afdc-4721-8349-2ea7f709cf30/elements [39m[32m200[39m [90m115 ms - 12[39m
[35m[HTTP][39m [90m[39m
[35m[HTTP][39m [37m-->[39m [37mPOST[39m [37m/wd/hub/session/8140f55f-afdc-4721-8349-2ea7f709cf30/elements[39m
[35m[HTTP][39m [90m{"using":"-android uiautomator","value":"new UiSelector().className(\"android.widget.TextView\").text(\"\")"}[39m
[35m[HTTP][39m [37m<-- POST /wd/hub/session/8140f55f-afdc-4721-8349-2ea7f709cf30/elements [39m[32m200[39m [90m157 ms - 12[39m
[35m[HTTP][39m [90m[39m
[35m[HTTP][39m [37m-->[39m [37mPOST[39m [37m/wd/hub/session/8140f55f-afdc-4721-8349-2ea7f709cf30/elements[39m
[35m[HTTP][39m [90m{"using":"-android uiautomator","value":"new UiSelector().className(\"android.widget.TextView\").text(\"\")"}[39m
[35m[HTTP][39m [37m<-- POST /wd/hub/session/8140f55f-afdc-4721-8349-2ea7f709cf30/elements [39m[32m200[39m [90m240 ms - 12[39m
[35m[HTTP][39m [90m[39m
[35m[HTTP][39m [37m-->[39m [37mPOST[39m [37m/wd/hub/session/8140f55f-afdc-4721-8349-2ea7f709cf30/elements[39m
[35m[HTTP][39m [90m{"using":"-android uiautomator","value":"new UiSelector().className(\"android.widget.TextView\").text(\"\")"}[39m
[35m[HTTP][39m [37m<-- POST /wd/hub/session/8140f55f-afdc-4721-8349-2ea7f709cf30/elements [39m[32m200[39m [90m168 ms - 12[39m
[35m[HTTP][39m [90m[39m
[35m[HTTP][39m [37m-->[39m [37mPOST[39m [37m/wd/hub/session/8140f55f-afdc-4721-8349-2ea7f709cf30/elements[39m
[35m[HTTP][39m [90m{"using":"-android uiautomator","value":"new UiSelector().className(\"android.widget.TextView\").text(\"\")"}[39m
[35m[HTTP][39m [37m<-- POST /wd/hub/session/8140f55f-afdc-4721-8349-2ea7f709cf30/elements [39m[32m200[39m [90m74 ms - 12[39m
[35m[HTTP][39m [90m[39m
[35m[HTTP][39m [37m-->[39m [37mPOST[39m [37m/wd/hub/session/8140f55f-afdc-4721-8349-2ea7f709cf30/elements[39m
[35m[HTTP][39m [90m{"using":"-android uiautomator","value":"new UiSelector().className(\"android.widget.TextView\").text(\"\")"}[39m
[35m[HTTP][39m [37m<-- POST /wd/hub/session/8140f55f-afdc-4721-8349-2ea7f709cf30/elements [39m[32m200[39m [90m110 ms - 12[39m
[35m[HTTP][39m [90m[39m
[35m[HTTP][39m [37m-->[39m [37mPOST[39m [37m/wd/hub/session/8140f55f-afdc-4721-8349-2ea7f709cf30/elements[39m
[35m[HTTP][39m [90m{"using":"-android uiautomator","value":"new UiSelector().className(\"android.widget.TextView\").text(\"\")"}[39m
[35m[HTTP][39m [37m<-- POST /wd/hub/session/8140f55f-afdc-4721-8349-2ea7f709cf30/elements [39m[32m200[39m [90m72 ms - 12[39m
[35m[HTTP][39m [90m[39m
[35m[HTTP][39m [37m-->[39m [37mPOST[39m [37m/wd/hub/session/8140f55f-afdc-4721-8349-2ea7f709cf30/elements[39m
[35m[HTTP][39m [90m{"using":"-android uiautomator","value":"new UiSelector().className(\"android.widget.TextView\").text(\"\")"}[39m
[35m[HTTP][39m [37m<-- POST /wd/hub/session/8140f55f-afdc-4721-8349-2ea7f709cf30/elements [39m[32m200[39m [90m197 ms - 12[39m
[35m[HTTP][39m [90m[39m
[35m[HTTP][39m [37m-->[39m [37mPOST[39m [37m/wd/hub/session/8140f55f-afdc-4721-8349-2ea7f709cf30/elements[39m
[35m[HTTP][39m [90m{"using":"-android uiautomator","value":"new UiSelector().className(\"android.widget.TextView\").text(\"\")"}[39m
[35m[HTTP][39m [37m<-- POST /wd/hub/session/8140f55f-afdc-4721-8349-2ea7f709cf30/elements [39m[32m200[39m [90m163 ms - 12[39m
[35m[HTTP][39m [90m[39m
[35m[HTTP][39m [37m-->[39m [37mPOST[39m [37m/wd/hub/session/8140f55f-afdc-4721-8349-2ea7f709cf30/elements[39m
[35m[HTTP][39m [90m{"using":"-android uiautomator","value":"new UiSelector().className(\"android.widget.TextView\").text(\"\")"}[39m
[35m[HTTP][39m [37m<-- POST /wd/hub/session/8140f55f-afdc-4721-8349-2ea7f709cf30/elements [39m[32m200[39m [90m177 ms - 12[39m
[35m[HTTP][39m [90m[39m
[35m[HTTP][39m [37m-->[39m [37mPOST[39m [37m/wd/hub/session/8140f55f-afdc-4721-8349-2ea7f709cf30/elements[39m
[35m[HTTP][39m [90m{"using":"-android uiautomator","value":"new UiSelector().className(\"android.widget.TextView\").text(\"\")"}[39m
[35m[HTTP][39m [37m<-- POST /wd/hub/session/8140f55f-afdc-4721-8349-2ea7f709cf30/elements [39m[32m200[39m [90m125 ms - 12[39m
[35m[HTTP][39m [90m[39m
[35m[HTTP][39m [37m-->[39m [37mPOST[39m [37m/wd/hub/session/8140f55f-afdc-4721-8349-2ea7f709cf30/elements[39m
[35m[HTTP][39m [90m{"using":"-android uiautomator","value":"new UiSelector().className(\"android.widget.TextView\").text(\"\")"}[39m
[35m[HTTP][39m [37m<-- POST /wd/hub/session/8140f55f-afdc-4721-8349-2ea7f709cf30/elements [39m[32m200[39m [90m101 ms - 12[39m
[35m[HTTP][39m [90m[39m
[35m[HTTP][39m [37m-->[39m [37mPOST[39m [37m/wd/hub/session/8140f55f-afdc-4721-8349-2ea7f709cf30/elements[39m
[35m[HTTP][39m [90m{"using":"-android uiautomator","value":"new UiSelector().className(\"android.widget.TextView\").text(\"\")"}[39m
[35m[HTTP][39m [37m<-- POST /wd/hub/session/8140f55f-afdc-4721-8349-2ea7f709cf30/elements [39m[32m200[39m [90m186 ms - 12[39m
[35m[HTTP][39m [90m[39m
[35m[HTTP][39m [37m-->[39m [37mPOST[39m [37m/wd/hub/session/8140f55f-afdc-4721-8349-2ea7f709cf30/elements[39m
[35m[HTTP][39m [90m{"using":"-android uiautomator","value":"new UiSelector().className(\"android.widget.TextView\").text(\"\")"}[39m
[35m[HTTP][39m [37m<-- POST /wd/hub/session/8140f55f-afdc-4721-8349-2ea7f709cf30/elements [39m[32m200[39m [90m4196 ms - 139[39m
[35m[HTTP][39m [90m[39m
[35m[HTTP][39m [37m-->[39m [37mGET[39m [37m/wd/hub/session/8140f55f-afdc-4721-8349-2ea7f709cf30/element/f021740e-72d2-4d31-967f-6f5690182db5/location[39m
[35m[HTTP][39m [90m{}[39m
[35m[W3C (8140f55f)][39m Driver proxy active, passing request on via HTTP proxy
[35m[WD Proxy][39m Replacing sessionId 410c6e74-4027-4dc4-9692-8d3ed2639575 with 8140f55f-afdc-4721-8349-2ea7f709cf30
[35m[HTTP][39m [37m<-- GET /wd/hub/session/8140f55f-afdc-4721-8349-2ea7f709cf30/element/f021740e-72d2-4d31-967f-6f5690182db5/location [39m[32m200[39m [90m41 ms - 91[39m
[35m[HTTP][39m [90m[39m
[35m[HTTP][39m [37m-->[39m [37mPOST[39m [37m/wd/hub/session/8140f55f-afdc-4721-8349-2ea7f709cf30/timeouts[39m
[35m[HTTP][39m [90m{"implicit":30000}[39m
[35m[HTTP][39m [37m<-- POST /wd/hub/session/8140f55f-afdc-4721-8349-2ea7f709cf30/timeouts [39m[32m200[39m [90m3 ms - 14[39m
[35m[HTTP][39m [90m[39m
[35m[HTTP][39m [37m-->[39m [37mPOST[39m [37m/wd/hub/session/8140f55f-afdc-4721-8349-2ea7f709cf30/touch/perform[39m
[35m[HTTP][39m [90m{"actions":[{"action":"tap","options":{"x":1,"y":1,"element":"f021740e-72d2-4d31-967f-6f5690182db5"}},{"action":"release","options":{}}]}[39m
[35m[UiAutomator2][39m calling get location: f021740e-72d2-4d31-967f-6f5690182db5
[35m[HTTP][39m [37m<-- POST /wd/hub/session/8140f55f-afdc-4721-8349-2ea7f709cf30/touch/perform [39m[32m200[39m [90m2135 ms - 14[39m
[35m[HTTP][39m [90m[39m
[35m[HTTP][39m [37m-->[39m [37mPOST[39m [37m/wd/hub/session/8140f55f-afdc-4721-8349-2ea7f709cf30/timeouts[39m
[35m[HTTP][39m [90m{"implicit":50}[39m
[35m[HTTP][39m [37m<-- POST /wd/hub/session/8140f55f-afdc-4721-8349-2ea7f709cf30/timeouts [39m[32m200[39m [90m2 ms - 14[39m
[35m[HTTP][39m [90m[39m
[35m[HTTP][39m [37m-->[39m [37mGET[39m [37m/wd/hub/session/8140f55f-afdc-4721-8349-2ea7f709cf30/window/rect[39m
[35m[HTTP][39m [90m{}[39m
[35m[HTTP][39m [37m<-- GET /wd/hub/session/8140f55f-afdc-4721-8349-2ea7f709cf30/window/rect [39m[32m200[39m [90m43 ms - 50[39m
[35m[HTTP][39m [90m[39m
[35m[HTTP][39m [37m-->[39m [37mPOST[39m [37m/wd/hub/session/8140f55f-afdc-4721-8349-2ea7f709cf30/elements[39m
[35m[HTTP][39m [90m{"using":"-android uiautomator","value":"new UiSelector().className(\"android.widget.TextView\").text(\"Accept\")"}[39m
[35m[HTTP][39m [37m<-- POST /wd/hub/session/8140f55f-afdc-4721-8349-2ea7f709cf30/elements [39m[32m200[39m [90m62 ms - 139[39m
[35m[HTTP][39m [90m[39m
[35m[HTTP][39m [37m-->[39m [37mGET[39m [37m/wd/hub/session/8140f55f-afdc-4721-8349-2ea7f709cf30/element/322c6857-ec6e-49b0-ace6-2b289c270497/location[39m
[35m[HTTP][39m [90m{}[39m
[35m[W3C (8140f55f)][39m Driver proxy active, passing request on via HTTP proxy
[35m[WD Proxy][39m Replacing sessionId 410c6e74-4027-4dc4-9692-8d3ed2639575 with 8140f55f-afdc-4721-8349-2ea7f709cf30
[35m[HTTP][39m [37m<-- GET /wd/hub/session/8140f55f-afdc-4721-8349-2ea7f709cf30/element/322c6857-ec6e-49b0-ace6-2b289c270497/location [39m[32m200[39m [90m49 ms - 90[39m
[35m[HTTP][39m [90m[39m
[35m[HTTP][39m [37m-->[39m [37mPOST[39m [37m/wd/hub/session/8140f55f-afdc-4721-8349-2ea7f709cf30/timeouts[39m
[35m[HTTP][39m [90m{"implicit":30000}[39m
[35m[HTTP][39m [37m<-- POST /wd/hub/session/8140f55f-afdc-4721-8349-2ea7f709cf30/timeouts [39m[32m200[39m [90m3 ms - 14[39m
[35m[HTTP][39m [90m[39m
[35m[HTTP][39m [37m-->[39m [37mPOST[39m [37m/wd/hub/session/8140f55f-afdc-4721-8349-2ea7f709cf30/touch/perform[39m
[35m[HTTP][39m [90m{"actions":[{"action":"tap","options":{"x":1,"y":1,"element":"322c6857-ec6e-49b0-ace6-2b289c270497"}},{"action":"release","options":{}}]}[39m
[35m[UiAutomator2][39m calling get location: 322c6857-ec6e-49b0-ace6-2b289c270497
[35m[HTTP][39m [37m<-- POST /wd/hub/session/8140f55f-afdc-4721-8349-2ea7f709cf30/touch/perform [39m[32m200[39m [90m1263 ms - 14[39m
[35m[HTTP][39m [90m[39m
[35m[BaseDriver][39m Shutting down because we waited 1800 seconds for a command
[35m[Appium][39m Closing session, cause was 'New Command Timeout of 1800 seconds expired. Try customizing the timeout using the 'newCommandTimeout' desired capability'
[35m[Appium][39m Removing session 8140f55f-afdc-4721-8349-2ea7f709cf30 from our master session list
[35m[WD Proxy][39m Got an unexpected response: {"code":"ECONNRESET"}
[35m[UiAutomator2][39m Did not get confirmation UiAutomator2 deleteSession worked; Error was: UnknownError: An unknown server-side error occurred while processing the command. Original error: Could not proxy command to remote server. Original error: Error: socket hang up
[35m[ADB][39m io.nativebase.market.geekyants.taxiappdriver was not uninstalled, because it was not present on the device
[35m[UiAutomator2][39m Restoring hidden api policy to the device default configuration
[35m[Appium][39m Received SIGTERM - shutting down
