[35m[Appium][39m Welcome to Appium v1.14.0
[35m[Appium][39m Non-default server args:
[35m[Appium][39m   port: 63700
[35m[Appium][39m   loglevel: info
[35m[Appium][39m   chromeDriverPort: 63701
[35m[Appium][39m   tmpDir: /var/folders/38/x4crs4qx0hn0r3_szny2t9sw0000gn/T//Katalon/Appium/Temp1566215310996
[35m[Appium][39m Appium REST http interface listener started on 0.0.0.0:63700
[35m[HTTP][39m [37m-->[39m [37mGET[39m [37m/wd/hub/status[39m
[35m[HTTP][39m [90m{}[39m
[35m[HTTP][39m [37m<-- GET /wd/hub/status [39m[32m200[39m [90m11 ms - 68[39m
[35m[HTTP][39m [90m[39m
[35m[HTTP][39m [37m-->[39m [37mPOST[39m [37m/wd/hub/session[39m
[35m[HTTP][39m [90m{"desiredCapabilities":{"app":"/Users/sumittulsyan/Downloads/app-release (1).apk","noReset":false,"deviceName":"emulator-5554 (Android SDK built for x86 - Android 9)","fullReset":true,"platform":"ANDROID","newCommandTimeout":1800,"platformVersion":"9","automationName":"uiautomator2","autoGrantPermissions":true,"platformName":"Android","udid":"emulator-5554","systemPort":63699},"capabilities":{"firstMatch":[{"appium:app":"/Users/sumittulsyan/Downloads/app-release (1).apk","appium:autoGrantPermissions":true,"appium:automationName":"uiautomator2","appium:deviceName":"emulator-5554 (Android SDK built for x86 - Android 9)","appium:fullReset":true,"appium:newCommandTimeout":1800,"appium:noReset":false,"platform":"ANDROID","platformName":"android","appium:platformVersion":"9","appium:systemPort":63699,"appium:udid":"emulator-5554"}]}}[39m
[35m[BaseDriver][39m The capabilities ["platform"] are not standard capabilities and should have an extension prefix
[35m[Appium][39m Appium v1.14.0 creating new AndroidUiautomator2Driver (v1.33.1) session
[35m[Appium][39m Capabilities:
[35m[Appium][39m   platform: ANDROID
[35m[Appium][39m   platformName: android
[35m[Appium][39m   app: /Users/sumittulsyan/Downloads/app-release (1).apk
[35m[Appium][39m   autoGrantPermissions: true
[35m[Appium][39m   automationName: uiautomator2
[35m[Appium][39m   deviceName: emulator-5554 (Android SDK built for x86 - Android 9)
[35m[Appium][39m   fullReset: true
[35m[Appium][39m   newCommandTimeout: 1800
[35m[Appium][39m   noReset: false
[35m[Appium][39m   platformVersion: 9
[35m[Appium][39m   systemPort: 63699
[35m[Appium][39m   udid: emulator-5554
[35m[BaseDriver][39m The following capabilities were provided, but are not recognized by Appium:
[35m[BaseDriver][39m   platform
[35m[BaseDriver][39m Session created with session id: f4e4f2fb-e151-4bd6-8a9f-32b62a50f187
[35m[BaseDriver][39m Using local app '/Users/sumittulsyan/Downloads/app-release (1).apk'
[35m[ADB][39m Found 1 'build-tools' folders under '/Users/sumittulsyan/.katalon/tools/android_sdk' (newest first):
[35m[ADB][39m     /Users/sumittulsyan/.katalon/tools/android_sdk/build-tools/29.0.1
[35m[ADB][39m Using 'adb' from '/Users/sumittulsyan/.katalon/tools/android_sdk/platform-tools/adb'
[35m[AndroidDriver][39m Retrieving device list
[35m[AndroidDriver][39m Using device: emulator-5554
[35m[ADB][39m Using 'adb' from '/Users/sumittulsyan/.katalon/tools/android_sdk/platform-tools/adb'
[35m[UiAutomator2][39m Relaxing hidden api policy
[35m[ADB][39m Using 'apkanalyzer' from '/Users/sumittulsyan/.katalon/tools/android_sdk/tools/bin/apkanalyzer'
[35m[ADB][39m Using the alternative activity name detection method because of: Command '/Users/sumittulsyan/.katalon/tools/android_sdk/tools/bin/apkanalyzer -h manifest print '/Users/sumittulsyan/Downloads/app-release (1).apk'' exited with code 2
[35m[ADB][39m Using 'aapt' from '/Users/sumittulsyan/.katalon/tools/android_sdk/build-tools/29.0.1/aapt'
[35m[ADB][39m Extracting package and launch activity from manifest
[35m[ADB][39m Package name: 'io.nativebase.market.geekyants.taxiapprider'
[35m[ADB][39m Main activity name: 'io.nativebase.market.geekyants.taxiapprider.MainActivity'
[35m[ADB][39m Using 'apksigner' from '/Users/sumittulsyan/.katalon/tools/android_sdk/build-tools/29.0.1/apksigner'
[35m[UiAutomator2][39m Server packages are not going to be (re)installed
[35m[ADB][39m io.nativebase.market.geekyants.taxiapprider was not uninstalled, because it was not present on the device
[35m[ADB][39m The application at '/Users/sumittulsyan/Downloads/app-release (1).apk' is already cached to '/data/local/tmp/appium_cache/319121ffd2a4e89e1742e996fe8df850b3a56b9f.apk'
[35m[ADB][39m The installation of 'app-release (1).apk' took 7.673s
[35m[UiAutomator2][39m Starting UIAutomator2 server 3.7.0
[35m[UiAutomator2][39m Using UIAutomator2 server from '/Users/sumittulsyan/Downloads/appium-mobile-test/node_modules/appium-uiautomator2-server/apks/appium-uiautomator2-server-v3.7.0.apk' and test from '/Users/sumittulsyan/Downloads/appium-mobile-test/node_modules/appium-uiautomator2-server/apks/appium-uiautomator2-server-debug-androidTest.apk'
[35m[UiAutomator2][39m Waiting up to 30000ms for UiAutomator2 to be online...
[35m[WD Proxy][39m Got an unexpected response: {"code":"ECONNRESET"}
[35m[WD Proxy][39m Got an unexpected response: {"code":"ECONNRESET"}
[35m[AndroidDriver][39m Screen already unlocked, doing nothing
[35m[UiAutomator2][39m UiAutomator2 did not start the activity we were waiting for, 'io.nativebase.market.geekyants.taxiapprider/io.nativebase.market.geekyants.taxiapprider.MainActivity'. Starting it ourselves
[35m[Appium][39m New AndroidUiautomator2Driver session created successfully, session f4e4f2fb-e151-4bd6-8a9f-32b62a50f187 added to master session list
[35m[HTTP][39m [37m<-- POST /wd/hub/session [39m[32m200[39m [90m18647 ms - 1271[39m
[35m[HTTP][39m [90m[39m
[35m[HTTP][39m [37m-->[39m [37mGET[39m [37m/wd/hub/session/f4e4f2fb-e151-4bd6-8a9f-32b62a50f187[39m
[35m[HTTP][39m [90m{}[39m
[35m[HTTP][39m [37m<-- GET /wd/hub/session/f4e4f2fb-e151-4bd6-8a9f-32b62a50f187 [39m[32m200[39m [90m96 ms - 1203[39m
[35m[HTTP][39m [90m[39m
[35m[HTTP][39m [37m-->[39m [37mGET[39m [37m/wd/hub/session/f4e4f2fb-e151-4bd6-8a9f-32b62a50f187[39m
[35m[HTTP][39m [90m{}[39m
[35m[HTTP][39m [37m<-- GET /wd/hub/session/f4e4f2fb-e151-4bd6-8a9f-32b62a50f187 [39m[32m200[39m [90m46 ms - 1203[39m
[35m[HTTP][39m [90m[39m
[35m[HTTP][39m [37m-->[39m [37mGET[39m [37m/wd/hub/status[39m
[35m[HTTP][39m [90m{}[39m
[35m[HTTP][39m [37m<-- GET /wd/hub/status [39m[32m200[39m [90m2 ms - 68[39m
[35m[HTTP][39m [90m[39m
[35m[HTTP][39m [37m-->[39m [37mPOST[39m [37m/wd/hub/session/f4e4f2fb-e151-4bd6-8a9f-32b62a50f187/timeouts[39m
[35m[HTTP][39m [90m{"implicit":30000}[39m
[35m[HTTP][39m [37m<-- POST /wd/hub/session/f4e4f2fb-e151-4bd6-8a9f-32b62a50f187/timeouts [39m[32m200[39m [90m4 ms - 14[39m
[35m[HTTP][39m [90m[39m
[35m[HTTP][39m [37m-->[39m [37mPOST[39m [37m/wd/hub/session/f4e4f2fb-e151-4bd6-8a9f-32b62a50f187/timeouts[39m
[35m[HTTP][39m [90m{"implicit":50}[39m
[35m[HTTP][39m [37m<-- POST /wd/hub/session/f4e4f2fb-e151-4bd6-8a9f-32b62a50f187/timeouts [39m[32m200[39m [90m2 ms - 14[39m
[35m[HTTP][39m [90m[39m
[35m[HTTP][39m [37m-->[39m [37mGET[39m [37m/wd/hub/session/f4e4f2fb-e151-4bd6-8a9f-32b62a50f187/window/rect[39m
[35m[HTTP][39m [90m{}[39m
[35m[HTTP][39m [37m<-- GET /wd/hub/session/f4e4f2fb-e151-4bd6-8a9f-32b62a50f187/window/rect [39m[32m200[39m [90m53 ms - 50[39m
[35m[HTTP][39m [90m[39m
[35m[HTTP][39m [37m-->[39m [37mPOST[39m [37m/wd/hub/session/f4e4f2fb-e151-4bd6-8a9f-32b62a50f187/elements[39m
[35m[HTTP][39m [90m{"using":"-android uiautomator","value":"new UiSelector().className(\"android.widget.TextView\").text(\"Sign In\")"}[39m
[35m[HTTP][39m [37m<-- POST /wd/hub/session/f4e4f2fb-e151-4bd6-8a9f-32b62a50f187/elements [39m[32m200[39m [90m92 ms - 12[39m
[35m[HTTP][39m [90m[39m
[35m[HTTP][39m [37m-->[39m [37mPOST[39m [37m/wd/hub/session/f4e4f2fb-e151-4bd6-8a9f-32b62a50f187/elements[39m
[35m[HTTP][39m [90m{"using":"-android uiautomator","value":"new UiSelector().className(\"android.widget.TextView\").text(\"Sign In\")"}[39m
[35m[HTTP][39m [37m<-- POST /wd/hub/session/f4e4f2fb-e151-4bd6-8a9f-32b62a50f187/elements [39m[32m200[39m [90m585 ms - 12[39m
[35m[HTTP][39m [90m[39m
[35m[HTTP][39m [37m-->[39m [37mPOST[39m [37m/wd/hub/session/f4e4f2fb-e151-4bd6-8a9f-32b62a50f187/elements[39m
[35m[HTTP][39m [90m{"using":"-android uiautomator","value":"new UiSelector().className(\"android.widget.TextView\").text(\"Sign In\")"}[39m
[35m[HTTP][39m [37m<-- POST /wd/hub/session/f4e4f2fb-e151-4bd6-8a9f-32b62a50f187/elements [39m[32m200[39m [90m558 ms - 12[39m
[35m[HTTP][39m [90m[39m
[35m[HTTP][39m [37m-->[39m [37mPOST[39m [37m/wd/hub/session/f4e4f2fb-e151-4bd6-8a9f-32b62a50f187/elements[39m
[35m[HTTP][39m [90m{"using":"-android uiautomator","value":"new UiSelector().className(\"android.widget.TextView\").text(\"Sign In\")"}[39m
[35m[HTTP][39m [37m<-- POST /wd/hub/session/f4e4f2fb-e151-4bd6-8a9f-32b62a50f187/elements [39m[32m200[39m [90m1683 ms - 139[39m
[35m[HTTP][39m [90m[39m
[35m[HTTP][39m [37m-->[39m [37mGET[39m [37m/wd/hub/session/f4e4f2fb-e151-4bd6-8a9f-32b62a50f187/element/0443db42-d51b-4d19-b48f-7c4faa48cf15/location[39m
[35m[HTTP][39m [90m{}[39m
[35m[W3C (f4e4f2fb)][39m Driver proxy active, passing request on via HTTP proxy
[35m[WD Proxy][39m Replacing sessionId 1377b862-1338-4091-8c84-2a3d4c916b8d with f4e4f2fb-e151-4bd6-8a9f-32b62a50f187
[35m[HTTP][39m [37m<-- GET /wd/hub/session/f4e4f2fb-e151-4bd6-8a9f-32b62a50f187/element/0443db42-d51b-4d19-b48f-7c4faa48cf15/location [39m[32m200[39m [90m34 ms - 90[39m
[35m[HTTP][39m [90m[39m
[35m[HTTP][39m [37m-->[39m [37mPOST[39m [37m/wd/hub/session/f4e4f2fb-e151-4bd6-8a9f-32b62a50f187/timeouts[39m
[35m[HTTP][39m [90m{"implicit":30000}[39m
[35m[HTTP][39m [37m<-- POST /wd/hub/session/f4e4f2fb-e151-4bd6-8a9f-32b62a50f187/timeouts [39m[32m200[39m [90m1 ms - 14[39m
[35m[HTTP][39m [90m[39m
[35m[HTTP][39m [37m-->[39m [37mPOST[39m [37m/wd/hub/session/f4e4f2fb-e151-4bd6-8a9f-32b62a50f187/touch/perform[39m
[35m[HTTP][39m [90m{"actions":[{"action":"tap","options":{"x":1,"y":1,"element":"0443db42-d51b-4d19-b48f-7c4faa48cf15"}},{"action":"release","options":{}}]}[39m
[35m[UiAutomator2][39m calling get location: 0443db42-d51b-4d19-b48f-7c4faa48cf15
[35m[HTTP][39m [37m<-- POST /wd/hub/session/f4e4f2fb-e151-4bd6-8a9f-32b62a50f187/touch/perform [39m[32m200[39m [90m1088 ms - 14[39m
[35m[HTTP][39m [90m[39m
[35m[HTTP][39m [37m-->[39m [37mPOST[39m [37m/wd/hub/session/f4e4f2fb-e151-4bd6-8a9f-32b62a50f187/timeouts[39m
[35m[HTTP][39m [90m{"implicit":50}[39m
[35m[HTTP][39m [37m<-- POST /wd/hub/session/f4e4f2fb-e151-4bd6-8a9f-32b62a50f187/timeouts [39m[32m200[39m [90m4 ms - 14[39m
[35m[HTTP][39m [90m[39m
[35m[HTTP][39m [37m-->[39m [37mGET[39m [37m/wd/hub/session/f4e4f2fb-e151-4bd6-8a9f-32b62a50f187/window/rect[39m
[35m[HTTP][39m [90m{}[39m
[35m[HTTP][39m [37m<-- GET /wd/hub/session/f4e4f2fb-e151-4bd6-8a9f-32b62a50f187/window/rect [39m[32m200[39m [90m34 ms - 50[39m
[35m[HTTP][39m [90m[39m
[35m[HTTP][39m [37m-->[39m [37mPOST[39m [37m/wd/hub/session/f4e4f2fb-e151-4bd6-8a9f-32b62a50f187/elements[39m
[35m[HTTP][39m [90m{"using":"-android uiautomator","value":"new UiSelector().className(\"android.widget.EditText\").text(\"Email\")"}[39m
[35m[HTTP][39m [37m<-- POST /wd/hub/session/f4e4f2fb-e151-4bd6-8a9f-32b62a50f187/elements [39m[32m200[39m [90m66 ms - 139[39m
[35m[HTTP][39m [90m[39m
[35m[HTTP][39m [37m-->[39m [37mGET[39m [37m/wd/hub/session/f4e4f2fb-e151-4bd6-8a9f-32b62a50f187/element/bea9e607-0c74-4f9d-81ac-1377662df80e/location[39m
[35m[HTTP][39m [90m{}[39m
[35m[W3C (f4e4f2fb)][39m Driver proxy active, passing request on via HTTP proxy
[35m[WD Proxy][39m Replacing sessionId 1377b862-1338-4091-8c84-2a3d4c916b8d with f4e4f2fb-e151-4bd6-8a9f-32b62a50f187
[35m[HTTP][39m [37m<-- GET /wd/hub/session/f4e4f2fb-e151-4bd6-8a9f-32b62a50f187/element/bea9e607-0c74-4f9d-81ac-1377662df80e/location [39m[32m200[39m [90m38 ms - 90[39m
[35m[HTTP][39m [90m[39m
[35m[HTTP][39m [37m-->[39m [37mPOST[39m [37m/wd/hub/session/f4e4f2fb-e151-4bd6-8a9f-32b62a50f187/timeouts[39m
[35m[HTTP][39m [90m{"implicit":30000}[39m
[35m[HTTP][39m [37m<-- POST /wd/hub/session/f4e4f2fb-e151-4bd6-8a9f-32b62a50f187/timeouts [39m[32m200[39m [90m3 ms - 14[39m
[35m[HTTP][39m [90m[39m
[35m[HTTP][39m [37m-->[39m [37mPOST[39m [37m/wd/hub/session/f4e4f2fb-e151-4bd6-8a9f-32b62a50f187/element/bea9e607-0c74-4f9d-81ac-1377662df80e/clear[39m
[35m[HTTP][39m [90m{"id":"bea9e607-0c74-4f9d-81ac-1377662df80e"}[39m
[35m[HTTP][39m [37m<-- POST /wd/hub/session/f4e4f2fb-e151-4bd6-8a9f-32b62a50f187/element/bea9e607-0c74-4f9d-81ac-1377662df80e/clear [39m[32m200[39m [90m38 ms - 27[39m
[35m[HTTP][39m [90m[39m
[35m[HTTP][39m [37m-->[39m [37mPOST[39m [37m/wd/hub/session/f4e4f2fb-e151-4bd6-8a9f-32b62a50f187/element/bea9e607-0c74-4f9d-81ac-1377662df80e/value[39m
[35m[HTTP][39m [90m{"id":"bea9e607-0c74-4f9d-81ac-1377662df80e","text":"taxirider@gmail.com","value":["t","a","x","i","r","i","d","e","r","@","g","m","a","i","l",".","c","o","m"]}[39m
[35m[HTTP][39m [37m<-- POST /wd/hub/session/f4e4f2fb-e151-4bd6-8a9f-32b62a50f187/element/bea9e607-0c74-4f9d-81ac-1377662df80e/value [39m[32m200[39m [90m1058 ms - 12[39m
[35m[HTTP][39m [90m[39m
[35m[HTTP][39m [37m-->[39m [37mPOST[39m [37m/wd/hub/session/f4e4f2fb-e151-4bd6-8a9f-32b62a50f187/timeouts[39m
[35m[HTTP][39m [90m{"implicit":50}[39m
[35m[HTTP][39m [37m<-- POST /wd/hub/session/f4e4f2fb-e151-4bd6-8a9f-32b62a50f187/timeouts [39m[32m200[39m [90m3 ms - 14[39m
[35m[HTTP][39m [90m[39m
[35m[HTTP][39m [37m-->[39m [37mGET[39m [37m/wd/hub/session/f4e4f2fb-e151-4bd6-8a9f-32b62a50f187/window/rect[39m
[35m[HTTP][39m [90m{}[39m
[35m[HTTP][39m [37m<-- GET /wd/hub/session/f4e4f2fb-e151-4bd6-8a9f-32b62a50f187/window/rect [39m[32m200[39m [90m39 ms - 50[39m
[35m[HTTP][39m [90m[39m
[35m[HTTP][39m [37m-->[39m [37mPOST[39m [37m/wd/hub/session/f4e4f2fb-e151-4bd6-8a9f-32b62a50f187/elements[39m
[35m[HTTP][39m [90m{"using":"-android uiautomator","value":"new UiSelector().className(\"android.widget.EditText\").text(\"Password\")"}[39m
[35m[HTTP][39m [37m<-- POST /wd/hub/session/f4e4f2fb-e151-4bd6-8a9f-32b62a50f187/elements [39m[32m200[39m [90m413 ms - 139[39m
[35m[HTTP][39m [90m[39m
[35m[HTTP][39m [37m-->[39m [37mGET[39m [37m/wd/hub/session/f4e4f2fb-e151-4bd6-8a9f-32b62a50f187/element/8128b8c3-4e3a-4904-a39c-81fbe6a77ce4/location[39m
[35m[HTTP][39m [90m{}[39m
[35m[W3C (f4e4f2fb)][39m Driver proxy active, passing request on via HTTP proxy
[35m[WD Proxy][39m Replacing sessionId 1377b862-1338-4091-8c84-2a3d4c916b8d with f4e4f2fb-e151-4bd6-8a9f-32b62a50f187
[35m[HTTP][39m [37m<-- GET /wd/hub/session/f4e4f2fb-e151-4bd6-8a9f-32b62a50f187/element/8128b8c3-4e3a-4904-a39c-81fbe6a77ce4/location [39m[32m200[39m [90m42 ms - 90[39m
[35m[HTTP][39m [90m[39m
[35m[HTTP][39m [37m-->[39m [37mPOST[39m [37m/wd/hub/session/f4e4f2fb-e151-4bd6-8a9f-32b62a50f187/timeouts[39m
[35m[HTTP][39m [90m{"implicit":30000}[39m
[35m[HTTP][39m [37m<-- POST /wd/hub/session/f4e4f2fb-e151-4bd6-8a9f-32b62a50f187/timeouts [39m[32m200[39m [90m3 ms - 14[39m
[35m[HTTP][39m [90m[39m
[35m[HTTP][39m [37m-->[39m [37mPOST[39m [37m/wd/hub/session/f4e4f2fb-e151-4bd6-8a9f-32b62a50f187/element/8128b8c3-4e3a-4904-a39c-81fbe6a77ce4/clear[39m
[35m[HTTP][39m [90m{"id":"8128b8c3-4e3a-4904-a39c-81fbe6a77ce4"}[39m
[35m[HTTP][39m [37m<-- POST /wd/hub/session/f4e4f2fb-e151-4bd6-8a9f-32b62a50f187/element/8128b8c3-4e3a-4904-a39c-81fbe6a77ce4/clear [39m[32m200[39m [90m45 ms - 27[39m
[35m[HTTP][39m [90m[39m
[35m[HTTP][39m [37m-->[39m [37mPOST[39m [37m/wd/hub/session/f4e4f2fb-e151-4bd6-8a9f-32b62a50f187/element/8128b8c3-4e3a-4904-a39c-81fbe6a77ce4/value[39m
[35m[HTTP][39m [90m{"id":"8128b8c3-4e3a-4904-a39c-81fbe6a77ce4","text":"123456","value":["1","2","3","4","5","6"]}[39m
[35m[HTTP][39m [37m<-- POST /wd/hub/session/f4e4f2fb-e151-4bd6-8a9f-32b62a50f187/element/8128b8c3-4e3a-4904-a39c-81fbe6a77ce4/value [39m[32m200[39m [90m1466 ms - 12[39m
[35m[HTTP][39m [90m[39m
[35m[HTTP][39m [37m-->[39m [37mPOST[39m [37m/wd/hub/session/f4e4f2fb-e151-4bd6-8a9f-32b62a50f187/timeouts[39m
[35m[HTTP][39m [90m{"implicit":50}[39m
[35m[HTTP][39m [37m<-- POST /wd/hub/session/f4e4f2fb-e151-4bd6-8a9f-32b62a50f187/timeouts [39m[32m200[39m [90m2 ms - 14[39m
[35m[HTTP][39m [90m[39m
[35m[HTTP][39m [37m-->[39m [37mGET[39m [37m/wd/hub/session/f4e4f2fb-e151-4bd6-8a9f-32b62a50f187/window/rect[39m
[35m[HTTP][39m [90m{}[39m
[35m[HTTP][39m [37m<-- GET /wd/hub/session/f4e4f2fb-e151-4bd6-8a9f-32b62a50f187/window/rect [39m[32m200[39m [90m16 ms - 50[39m
[35m[HTTP][39m [90m[39m
[35m[HTTP][39m [37m-->[39m [37mPOST[39m [37m/wd/hub/session/f4e4f2fb-e151-4bd6-8a9f-32b62a50f187/elements[39m
[35m[HTTP][39m [90m{"using":"xpath","value":"//hierarchy/android.widget.FrameLayout[1]/android.widget.LinearLayout[1]/android.widget.FrameLayout[1]/android.widget.LinearLayout[1]/android.widget.FrameLayout[1]/android.widget.FrameLayout[1]/android.view.ViewGroup[1]/android.view.ViewGroup[1]/android.view.ViewGroup[1]/android.view.ViewGroup[1]/android.support.v4.widget.DrawerLayout[1]/android.view.ViewGroup[1]/android.view.ViewGroup[1]/android.view.ViewGroup[1]/android.view.ViewGroup[1]/android.view.ViewGroup[1]/android.view.ViewGroup[1]/android.widget.ScrollView[1]/android.view.ViewGroup[1]/android.view.ViewGroup[7]/android.widget.TextView[1]"}[39m
[35m[HTTP][39m [37m<-- POST /wd/hub/session/f4e4f2fb-e151-4bd6-8a9f-32b62a50f187/elements [39m[32m200[39m [90m749 ms - 139[39m
[35m[HTTP][39m [90m[39m
[35m[HTTP][39m [37m-->[39m [37mGET[39m [37m/wd/hub/session/f4e4f2fb-e151-4bd6-8a9f-32b62a50f187/element/fad2ea49-4afd-4891-9ad2-9171db9bf361/location[39m
[35m[HTTP][39m [90m{}[39m
[35m[W3C (f4e4f2fb)][39m Driver proxy active, passing request on via HTTP proxy
[35m[WD Proxy][39m Replacing sessionId 1377b862-1338-4091-8c84-2a3d4c916b8d with f4e4f2fb-e151-4bd6-8a9f-32b62a50f187
[35m[HTTP][39m [37m<-- GET /wd/hub/session/f4e4f2fb-e151-4bd6-8a9f-32b62a50f187/element/fad2ea49-4afd-4891-9ad2-9171db9bf361/location [39m[32m200[39m [90m27 ms - 90[39m
[35m[HTTP][39m [90m[39m
[35m[HTTP][39m [37m-->[39m [37mPOST[39m [37m/wd/hub/session/f4e4f2fb-e151-4bd6-8a9f-32b62a50f187/timeouts[39m
[35m[HTTP][39m [90m{"implicit":30000}[39m
[35m[HTTP][39m [37m<-- POST /wd/hub/session/f4e4f2fb-e151-4bd6-8a9f-32b62a50f187/timeouts [39m[32m200[39m [90m2 ms - 14[39m
[35m[HTTP][39m [90m[39m
[35m[HTTP][39m [37m-->[39m [37mPOST[39m [37m/wd/hub/session/f4e4f2fb-e151-4bd6-8a9f-32b62a50f187/touch/perform[39m
[35m[HTTP][39m [90m{"actions":[{"action":"tap","options":{"x":1,"y":1,"element":"fad2ea49-4afd-4891-9ad2-9171db9bf361"}},{"action":"release","options":{}}]}[39m
[35m[UiAutomator2][39m calling get location: fad2ea49-4afd-4891-9ad2-9171db9bf361
[35m[HTTP][39m [37m<-- POST /wd/hub/session/f4e4f2fb-e151-4bd6-8a9f-32b62a50f187/touch/perform [39m[32m200[39m [90m75 ms - 14[39m
[35m[HTTP][39m [90m[39m
[35m[HTTP][39m [37m-->[39m [37mPOST[39m [37m/wd/hub/session/f4e4f2fb-e151-4bd6-8a9f-32b62a50f187/timeouts[39m
[35m[HTTP][39m [90m{"implicit":50}[39m
[35m[HTTP][39m [37m<-- POST /wd/hub/session/f4e4f2fb-e151-4bd6-8a9f-32b62a50f187/timeouts [39m[32m200[39m [90m3 ms - 14[39m
[35m[HTTP][39m [90m[39m
[35m[HTTP][39m [37m-->[39m [37mGET[39m [37m/wd/hub/session/f4e4f2fb-e151-4bd6-8a9f-32b62a50f187/window/rect[39m
[35m[HTTP][39m [90m{}[39m
[35m[HTTP][39m [37m<-- GET /wd/hub/session/f4e4f2fb-e151-4bd6-8a9f-32b62a50f187/window/rect [39m[32m200[39m [90m20 ms - 50[39m
[35m[HTTP][39m [90m[39m
[35m[HTTP][39m [37m-->[39m [37mPOST[39m [37m/wd/hub/session/f4e4f2fb-e151-4bd6-8a9f-32b62a50f187/elements[39m
[35m[HTTP][39m [90m{"using":"-android uiautomator","value":"new UiSelector().className(\"android.widget.TextView\").text(\"Bannerghatta Main Road, BTM Layout, 2nd Stage, 2nd Main Road, No 18, First Floor, Bengaluru, Karnataka 560076, India\")"}[39m
[35m[HTTP][39m [37m<-- POST /wd/hub/session/f4e4f2fb-e151-4bd6-8a9f-32b62a50f187/elements [39m[32m200[39m [90m818 ms - 12[39m
[35m[HTTP][39m [90m[39m
[35m[HTTP][39m [37m-->[39m [37mPOST[39m [37m/wd/hub/session/f4e4f2fb-e151-4bd6-8a9f-32b62a50f187/elements[39m
[35m[HTTP][39m [90m{"using":"-android uiautomator","value":"new UiSelector().className(\"android.widget.TextView\").text(\"Bannerghatta Main Road, BTM Layout, 2nd Stage, 2nd Main Road, No 18, First Floor, Bengaluru, Karnataka 560076, India\")"}[39m
[35m[HTTP][39m [37m<-- POST /wd/hub/session/f4e4f2fb-e151-4bd6-8a9f-32b62a50f187/elements [39m[32m200[39m [90m92 ms - 12[39m
[35m[HTTP][39m [90m[39m
[35m[HTTP][39m [37m-->[39m [37mPOST[39m [37m/wd/hub/session/f4e4f2fb-e151-4bd6-8a9f-32b62a50f187/elements[39m
[35m[HTTP][39m [90m{"using":"-android uiautomator","value":"new UiSelector().className(\"android.widget.TextView\").text(\"Bannerghatta Main Road, BTM Layout, 2nd Stage, 2nd Main Road, No 18, First Floor, Bengaluru, Karnataka 560076, India\")"}[39m
[35m[HTTP][39m [37m<-- POST /wd/hub/session/f4e4f2fb-e151-4bd6-8a9f-32b62a50f187/elements [39m[32m200[39m [90m87 ms - 12[39m
[35m[HTTP][39m [90m[39m
[35m[HTTP][39m [37m-->[39m [37mPOST[39m [37m/wd/hub/session/f4e4f2fb-e151-4bd6-8a9f-32b62a50f187/elements[39m
[35m[HTTP][39m [90m{"using":"-android uiautomator","value":"new UiSelector().className(\"android.widget.TextView\").text(\"Bannerghatta Main Road, BTM Layout, 2nd Stage, 2nd Main Road, No 18, First Floor, Bengaluru, Karnataka 560076, India\")"}[39m
[35m[HTTP][39m [37m<-- POST /wd/hub/session/f4e4f2fb-e151-4bd6-8a9f-32b62a50f187/elements [39m[32m200[39m [90m270 ms - 12[39m
[35m[HTTP][39m [90m[39m
[35m[HTTP][39m [37m-->[39m [37mPOST[39m [37m/wd/hub/session/f4e4f2fb-e151-4bd6-8a9f-32b62a50f187/elements[39m
[35m[HTTP][39m [90m{"using":"-android uiautomator","value":"new UiSelector().className(\"android.widget.TextView\").text(\"Bannerghatta Main Road, BTM Layout, 2nd Stage, 2nd Main Road, No 18, First Floor, Bengaluru, Karnataka 560076, India\")"}[39m
[35m[HTTP][39m [37m<-- POST /wd/hub/session/f4e4f2fb-e151-4bd6-8a9f-32b62a50f187/elements [39m[32m200[39m [90m150 ms - 12[39m
[35m[HTTP][39m [90m[39m
[35m[HTTP][39m [37m-->[39m [37mPOST[39m [37m/wd/hub/session/f4e4f2fb-e151-4bd6-8a9f-32b62a50f187/elements[39m
[35m[HTTP][39m [90m{"using":"-android uiautomator","value":"new UiSelector().className(\"android.widget.TextView\").text(\"Bannerghatta Main Road, BTM Layout, 2nd Stage, 2nd Main Road, No 18, First Floor, Bengaluru, Karnataka 560076, India\")"}[39m
[35m[HTTP][39m [37m<-- POST /wd/hub/session/f4e4f2fb-e151-4bd6-8a9f-32b62a50f187/elements [39m[32m200[39m [90m572 ms - 12[39m
[35m[HTTP][39m [90m[39m
[35m[HTTP][39m [37m-->[39m [37mPOST[39m [37m/wd/hub/session/f4e4f2fb-e151-4bd6-8a9f-32b62a50f187/elements[39m
[35m[HTTP][39m [90m{"using":"-android uiautomator","value":"new UiSelector().className(\"android.widget.TextView\").text(\"Bannerghatta Main Road, BTM Layout, 2nd Stage, 2nd Main Road, No 18, First Floor, Bengaluru, Karnataka 560076, India\")"}[39m
[35m[HTTP][39m [37m<-- POST /wd/hub/session/f4e4f2fb-e151-4bd6-8a9f-32b62a50f187/elements [39m[32m200[39m [90m129 ms - 12[39m
[35m[HTTP][39m [90m[39m
[35m[HTTP][39m [37m-->[39m [37mPOST[39m [37m/wd/hub/session/f4e4f2fb-e151-4bd6-8a9f-32b62a50f187/elements[39m
[35m[HTTP][39m [90m{"using":"-android uiautomator","value":"new UiSelector().className(\"android.widget.TextView\").text(\"Bannerghatta Main Road, BTM Layout, 2nd Stage, 2nd Main Road, No 18, First Floor, Bengaluru, Karnataka 560076, India\")"}[39m
[35m[HTTP][39m [37m<-- POST /wd/hub/session/f4e4f2fb-e151-4bd6-8a9f-32b62a50f187/elements [39m[32m200[39m [90m191 ms - 12[39m
[35m[HTTP][39m [90m[39m
[35m[HTTP][39m [37m-->[39m [37mPOST[39m [37m/wd/hub/session/f4e4f2fb-e151-4bd6-8a9f-32b62a50f187/elements[39m
[35m[HTTP][39m [90m{"using":"-android uiautomator","value":"new UiSelector().className(\"android.widget.TextView\").text(\"Bannerghatta Main Road, BTM Layout, 2nd Stage, 2nd Main Road, No 18, First Floor, Bengaluru, Karnataka 560076, India\")"}[39m
[35m[HTTP][39m [37m<-- POST /wd/hub/session/f4e4f2fb-e151-4bd6-8a9f-32b62a50f187/elements [39m[32m200[39m [90m202 ms - 12[39m
[35m[HTTP][39m [90m[39m
[35m[HTTP][39m [37m-->[39m [37mPOST[39m [37m/wd/hub/session/f4e4f2fb-e151-4bd6-8a9f-32b62a50f187/elements[39m
[35m[HTTP][39m [90m{"using":"-android uiautomator","value":"new UiSelector().className(\"android.widget.TextView\").text(\"Bannerghatta Main Road, BTM Layout, 2nd Stage, 2nd Main Road, No 18, First Floor, Bengaluru, Karnataka 560076, India\")"}[39m
[35m[HTTP][39m [37m<-- POST /wd/hub/session/f4e4f2fb-e151-4bd6-8a9f-32b62a50f187/elements [39m[32m200[39m [90m164 ms - 12[39m
[35m[HTTP][39m [90m[39m
[35m[HTTP][39m [37m-->[39m [37mPOST[39m [37m/wd/hub/session/f4e4f2fb-e151-4bd6-8a9f-32b62a50f187/elements[39m
[35m[HTTP][39m [90m{"using":"-android uiautomator","value":"new UiSelector().className(\"android.widget.TextView\").text(\"Bannerghatta Main Road, BTM Layout, 2nd Stage, 2nd Main Road, No 18, First Floor, Bengaluru, Karnataka 560076, India\")"}[39m
[35m[HTTP][39m [37m<-- POST /wd/hub/session/f4e4f2fb-e151-4bd6-8a9f-32b62a50f187/elements [39m[32m200[39m [90m206 ms - 12[39m
[35m[HTTP][39m [90m[39m
[35m[HTTP][39m [37m-->[39m [37mPOST[39m [37m/wd/hub/session/f4e4f2fb-e151-4bd6-8a9f-32b62a50f187/elements[39m
[35m[HTTP][39m [90m{"using":"-android uiautomator","value":"new UiSelector().className(\"android.widget.TextView\").text(\"Bannerghatta Main Road, BTM Layout, 2nd Stage, 2nd Main Road, No 18, First Floor, Bengaluru, Karnataka 560076, India\")"}[39m
[35m[HTTP][39m [37m<-- POST /wd/hub/session/f4e4f2fb-e151-4bd6-8a9f-32b62a50f187/elements [39m[32m200[39m [90m210 ms - 12[39m
[35m[HTTP][39m [90m[39m
[35m[HTTP][39m [37m-->[39m [37mPOST[39m [37m/wd/hub/session/f4e4f2fb-e151-4bd6-8a9f-32b62a50f187/elements[39m
[35m[HTTP][39m [90m{"using":"-android uiautomator","value":"new UiSelector().className(\"android.widget.TextView\").text(\"Bannerghatta Main Road, BTM Layout, 2nd Stage, 2nd Main Road, No 18, First Floor, Bengaluru, Karnataka 560076, India\")"}[39m
[35m[HTTP][39m [37m<-- POST /wd/hub/session/f4e4f2fb-e151-4bd6-8a9f-32b62a50f187/elements [39m[32m200[39m [90m127 ms - 12[39m
[35m[HTTP][39m [90m[39m
[35m[HTTP][39m [37m-->[39m [37mPOST[39m [37m/wd/hub/session/f4e4f2fb-e151-4bd6-8a9f-32b62a50f187/elements[39m
[35m[HTTP][39m [90m{"using":"-android uiautomator","value":"new UiSelector().className(\"android.widget.TextView\").text(\"Bannerghatta Main Road, BTM Layout, 2nd Stage, 2nd Main Road, No 18, First Floor, Bengaluru, Karnataka 560076, India\")"}[39m
[35m[HTTP][39m [37m<-- POST /wd/hub/session/f4e4f2fb-e151-4bd6-8a9f-32b62a50f187/elements [39m[32m200[39m [90m121 ms - 12[39m
[35m[HTTP][39m [90m[39m
[35m[HTTP][39m [37m-->[39m [37mPOST[39m [37m/wd/hub/session/f4e4f2fb-e151-4bd6-8a9f-32b62a50f187/elements[39m
[35m[HTTP][39m [90m{"using":"-android uiautomator","value":"new UiSelector().className(\"android.widget.TextView\").text(\"Bannerghatta Main Road, BTM Layout, 2nd Stage, 2nd Main Road, No 18, First Floor, Bengaluru, Karnataka 560076, India\")"}[39m
[35m[HTTP][39m [37m<-- POST /wd/hub/session/f4e4f2fb-e151-4bd6-8a9f-32b62a50f187/elements [39m[32m200[39m [90m185 ms - 12[39m
[35m[HTTP][39m [90m[39m
[35m[HTTP][39m [37m-->[39m [37mPOST[39m [37m/wd/hub/session/f4e4f2fb-e151-4bd6-8a9f-32b62a50f187/elements[39m
[35m[HTTP][39m [90m{"using":"-android uiautomator","value":"new UiSelector().className(\"android.widget.TextView\").text(\"Bannerghatta Main Road, BTM Layout, 2nd Stage, 2nd Main Road, No 18, First Floor, Bengaluru, Karnataka 560076, India\")"}[39m
[35m[HTTP][39m [37m<-- POST /wd/hub/session/f4e4f2fb-e151-4bd6-8a9f-32b62a50f187/elements [39m[32m200[39m [90m2613 ms - 139[39m
[35m[HTTP][39m [90m[39m
[35m[HTTP][39m [37m-->[39m [37mGET[39m [37m/wd/hub/session/f4e4f2fb-e151-4bd6-8a9f-32b62a50f187/element/989d6ebc-b9c3-46b9-a55d-9cb3d6b2acc7/location[39m
[35m[HTTP][39m [90m{}[39m
[35m[W3C (f4e4f2fb)][39m Driver proxy active, passing request on via HTTP proxy
[35m[WD Proxy][39m Replacing sessionId 1377b862-1338-4091-8c84-2a3d4c916b8d with f4e4f2fb-e151-4bd6-8a9f-32b62a50f187
[35m[HTTP][39m [37m<-- GET /wd/hub/session/f4e4f2fb-e151-4bd6-8a9f-32b62a50f187/element/989d6ebc-b9c3-46b9-a55d-9cb3d6b2acc7/location [39m[32m200[39m [90m59 ms - 89[39m
[35m[HTTP][39m [90m[39m
[35m[HTTP][39m [37m-->[39m [37mPOST[39m [37m/wd/hub/session/f4e4f2fb-e151-4bd6-8a9f-32b62a50f187/timeouts[39m
[35m[HTTP][39m [90m{"implicit":30000}[39m
[35m[HTTP][39m [37m<-- POST /wd/hub/session/f4e4f2fb-e151-4bd6-8a9f-32b62a50f187/timeouts [39m[32m200[39m [90m2 ms - 14[39m
[35m[HTTP][39m [90m[39m
[35m[HTTP][39m [37m-->[39m [37mPOST[39m [37m/wd/hub/session/f4e4f2fb-e151-4bd6-8a9f-32b62a50f187/touch/perform[39m
[35m[HTTP][39m [90m{"actions":[{"action":"tap","options":{"x":1,"y":1,"element":"989d6ebc-b9c3-46b9-a55d-9cb3d6b2acc7"}},{"action":"release","options":{}}]}[39m
[35m[UiAutomator2][39m calling get location: 989d6ebc-b9c3-46b9-a55d-9cb3d6b2acc7
[35m[HTTP][39m [37m<-- POST /wd/hub/session/f4e4f2fb-e151-4bd6-8a9f-32b62a50f187/touch/perform [39m[32m200[39m [90m2564 ms - 14[39m
[35m[HTTP][39m [90m[39m
[35m[HTTP][39m [37m-->[39m [37mPOST[39m [37m/wd/hub/session/f4e4f2fb-e151-4bd6-8a9f-32b62a50f187/timeouts[39m
[35m[HTTP][39m [90m{"implicit":50}[39m
[35m[HTTP][39m [37m<-- POST /wd/hub/session/f4e4f2fb-e151-4bd6-8a9f-32b62a50f187/timeouts [39m[32m200[39m [90m2 ms - 14[39m
[35m[HTTP][39m [90m[39m
[35m[HTTP][39m [37m-->[39m [37mGET[39m [37m/wd/hub/session/f4e4f2fb-e151-4bd6-8a9f-32b62a50f187/window/rect[39m
[35m[HTTP][39m [90m{}[39m
[35m[HTTP][39m [37m<-- GET /wd/hub/session/f4e4f2fb-e151-4bd6-8a9f-32b62a50f187/window/rect [39m[32m200[39m [90m116 ms - 50[39m
[35m[HTTP][39m [90m[39m
[35m[HTTP][39m [37m-->[39m [37mPOST[39m [37m/wd/hub/session/f4e4f2fb-e151-4bd6-8a9f-32b62a50f187/elements[39m
[35m[HTTP][39m [90m{"using":"-android uiautomator","value":"new UiSelector().className(\"android.widget.EditText\").text(\"Search for locality or place\")"}[39m
[35m[HTTP][39m [37m<-- POST /wd/hub/session/f4e4f2fb-e151-4bd6-8a9f-32b62a50f187/elements [39m[32m200[39m [90m87 ms - 139[39m
[35m[HTTP][39m [90m[39m
[35m[HTTP][39m [37m-->[39m [37mGET[39m [37m/wd/hub/session/f4e4f2fb-e151-4bd6-8a9f-32b62a50f187/element/bd163c34-1869-46a0-a166-6125bc53a255/location[39m
[35m[HTTP][39m [90m{}[39m
[35m[W3C (f4e4f2fb)][39m Driver proxy active, passing request on via HTTP proxy
[35m[WD Proxy][39m Replacing sessionId 1377b862-1338-4091-8c84-2a3d4c916b8d with f4e4f2fb-e151-4bd6-8a9f-32b62a50f187
[35m[HTTP][39m [37m<-- GET /wd/hub/session/f4e4f2fb-e151-4bd6-8a9f-32b62a50f187/element/bd163c34-1869-46a0-a166-6125bc53a255/location [39m[32m200[39m [90m34 ms - 88[39m
[35m[HTTP][39m [90m[39m
[35m[HTTP][39m [37m-->[39m [37mPOST[39m [37m/wd/hub/session/f4e4f2fb-e151-4bd6-8a9f-32b62a50f187/timeouts[39m
[35m[HTTP][39m [90m{"implicit":30000}[39m
[35m[HTTP][39m [37m<-- POST /wd/hub/session/f4e4f2fb-e151-4bd6-8a9f-32b62a50f187/timeouts [39m[32m200[39m [90m2 ms - 14[39m
[35m[HTTP][39m [90m[39m
[35m[HTTP][39m [37m-->[39m [37mPOST[39m [37m/wd/hub/session/f4e4f2fb-e151-4bd6-8a9f-32b62a50f187/element/bd163c34-1869-46a0-a166-6125bc53a255/clear[39m
[35m[HTTP][39m [90m{"id":"bd163c34-1869-46a0-a166-6125bc53a255"}[39m
[35m[HTTP][39m [37m<-- POST /wd/hub/session/f4e4f2fb-e151-4bd6-8a9f-32b62a50f187/element/bd163c34-1869-46a0-a166-6125bc53a255/clear [39m[32m200[39m [90m119 ms - 27[39m
[35m[HTTP][39m [90m[39m
[35m[HTTP][39m [37m-->[39m [37mPOST[39m [37m/wd/hub/session/f4e4f2fb-e151-4bd6-8a9f-32b62a50f187/element/bd163c34-1869-46a0-a166-6125bc53a255/value[39m
[35m[HTTP][39m [90m{"id":"bd163c34-1869-46a0-a166-6125bc53a255","text":"Ranka colony","value":["R","a","n","k","a"," ","c","o","l","o","n","y"]}[39m
[35m[HTTP][39m [37m<-- POST /wd/hub/session/f4e4f2fb-e151-4bd6-8a9f-32b62a50f187/element/bd163c34-1869-46a0-a166-6125bc53a255/value [39m[32m200[39m [90m1380 ms - 12[39m
[35m[HTTP][39m [90m[39m
[35m[HTTP][39m [37m-->[39m [37mPOST[39m [37m/wd/hub/session/f4e4f2fb-e151-4bd6-8a9f-32b62a50f187/timeouts[39m
[35m[HTTP][39m [90m{"implicit":50}[39m
[35m[HTTP][39m [37m<-- POST /wd/hub/session/f4e4f2fb-e151-4bd6-8a9f-32b62a50f187/timeouts [39m[32m200[39m [90m5 ms - 14[39m
[35m[HTTP][39m [90m[39m
[35m[HTTP][39m [37m-->[39m [37mGET[39m [37m/wd/hub/session/f4e4f2fb-e151-4bd6-8a9f-32b62a50f187/window/rect[39m
[35m[HTTP][39m [90m{}[39m
[35m[HTTP][39m [37m<-- GET /wd/hub/session/f4e4f2fb-e151-4bd6-8a9f-32b62a50f187/window/rect [39m[32m200[39m [90m36 ms - 50[39m
[35m[HTTP][39m [90m[39m
[35m[HTTP][39m [37m-->[39m [37mPOST[39m [37m/wd/hub/session/f4e4f2fb-e151-4bd6-8a9f-32b62a50f187/elements[39m
[35m[HTTP][39m [90m{"using":"-android uiautomator","value":"new UiSelector().className(\"android.widget.TextView\").text(\"Ranka Colony, Bilekahalli, Bengaluru, Karnataka, India\")"}[39m
[35m[HTTP][39m [37m<-- POST /wd/hub/session/f4e4f2fb-e151-4bd6-8a9f-32b62a50f187/elements [39m[32m200[39m [90m1138 ms - 139[39m
[35m[HTTP][39m [90m[39m
[35m[HTTP][39m [37m-->[39m [37mGET[39m [37m/wd/hub/session/f4e4f2fb-e151-4bd6-8a9f-32b62a50f187/element/d12189b7-5f4d-46d2-aed3-d5b09263d093/location[39m
[35m[HTTP][39m [90m{}[39m
[35m[W3C (f4e4f2fb)][39m Driver proxy active, passing request on via HTTP proxy
[35m[WD Proxy][39m Replacing sessionId 1377b862-1338-4091-8c84-2a3d4c916b8d with f4e4f2fb-e151-4bd6-8a9f-32b62a50f187
[35m[HTTP][39m [37m<-- GET /wd/hub/session/f4e4f2fb-e151-4bd6-8a9f-32b62a50f187/element/d12189b7-5f4d-46d2-aed3-d5b09263d093/location [39m[32m200[39m [90m60 ms - 89[39m
[35m[HTTP][39m [90m[39m
[35m[HTTP][39m [37m-->[39m [37mPOST[39m [37m/wd/hub/session/f4e4f2fb-e151-4bd6-8a9f-32b62a50f187/timeouts[39m
[35m[HTTP][39m [90m{"implicit":30000}[39m
[35m[HTTP][39m [37m<-- POST /wd/hub/session/f4e4f2fb-e151-4bd6-8a9f-32b62a50f187/timeouts [39m[32m200[39m [90m2 ms - 14[39m
[35m[HTTP][39m [90m[39m
[35m[HTTP][39m [37m-->[39m [37mPOST[39m [37m/wd/hub/session/f4e4f2fb-e151-4bd6-8a9f-32b62a50f187/touch/perform[39m
[35m[HTTP][39m [90m{"actions":[{"action":"tap","options":{"x":1,"y":1,"element":"d12189b7-5f4d-46d2-aed3-d5b09263d093"}},{"action":"release","options":{}}]}[39m
[35m[UiAutomator2][39m calling get location: d12189b7-5f4d-46d2-aed3-d5b09263d093
[35m[HTTP][39m [37m<-- POST /wd/hub/session/f4e4f2fb-e151-4bd6-8a9f-32b62a50f187/touch/perform [39m[32m200[39m [90m1519 ms - 14[39m
[35m[HTTP][39m [90m[39m
[35m[HTTP][39m [37m-->[39m [37mPOST[39m [37m/wd/hub/session/f4e4f2fb-e151-4bd6-8a9f-32b62a50f187/timeouts[39m
[35m[HTTP][39m [90m{"implicit":50}[39m
[35m[HTTP][39m [37m<-- POST /wd/hub/session/f4e4f2fb-e151-4bd6-8a9f-32b62a50f187/timeouts [39m[32m200[39m [90m3 ms - 14[39m
[35m[HTTP][39m [90m[39m
[35m[HTTP][39m [37m-->[39m [37mGET[39m [37m/wd/hub/session/f4e4f2fb-e151-4bd6-8a9f-32b62a50f187/window/rect[39m
[35m[HTTP][39m [90m{}[39m
[35m[HTTP][39m [37m<-- GET /wd/hub/session/f4e4f2fb-e151-4bd6-8a9f-32b62a50f187/window/rect [39m[32m200[39m [90m111 ms - 50[39m
[35m[HTTP][39m [90m[39m
[35m[HTTP][39m [37m-->[39m [37mPOST[39m [37m/wd/hub/session/f4e4f2fb-e151-4bd6-8a9f-32b62a50f187/elements[39m
[35m[HTTP][39m [90m{"using":"-android uiautomator","value":"new UiSelector().className(\"android.widget.TextView\").text(\"Enter Drop Location\")"}[39m
[35m[HTTP][39m [37m<-- POST /wd/hub/session/f4e4f2fb-e151-4bd6-8a9f-32b62a50f187/elements [39m[32m200[39m [90m552 ms - 139[39m
[35m[HTTP][39m [90m[39m
[35m[HTTP][39m [37m-->[39m [37mGET[39m [37m/wd/hub/session/f4e4f2fb-e151-4bd6-8a9f-32b62a50f187/element/d26c87fa-266c-4cab-8ff0-1ba4dfd6d905/location[39m
[35m[HTTP][39m [90m{}[39m
[35m[W3C (f4e4f2fb)][39m Driver proxy active, passing request on via HTTP proxy
[35m[WD Proxy][39m Replacing sessionId 1377b862-1338-4091-8c84-2a3d4c916b8d with f4e4f2fb-e151-4bd6-8a9f-32b62a50f187
[35m[HTTP][39m [37m<-- GET /wd/hub/session/f4e4f2fb-e151-4bd6-8a9f-32b62a50f187/element/d26c87fa-266c-4cab-8ff0-1ba4dfd6d905/location [39m[32m200[39m [90m264 ms - 89[39m
[35m[HTTP][39m [90m[39m
[35m[HTTP][39m [37m-->[39m [37mPOST[39m [37m/wd/hub/session/f4e4f2fb-e151-4bd6-8a9f-32b62a50f187/timeouts[39m
[35m[HTTP][39m [90m{"implicit":30000}[39m
[35m[HTTP][39m [37m<-- POST /wd/hub/session/f4e4f2fb-e151-4bd6-8a9f-32b62a50f187/timeouts [39m[32m200[39m [90m3 ms - 14[39m
[35m[HTTP][39m [90m[39m
[35m[HTTP][39m [37m-->[39m [37mPOST[39m [37m/wd/hub/session/f4e4f2fb-e151-4bd6-8a9f-32b62a50f187/touch/perform[39m
[35m[HTTP][39m [90m{"actions":[{"action":"tap","options":{"x":1,"y":1,"element":"d26c87fa-266c-4cab-8ff0-1ba4dfd6d905"}},{"action":"release","options":{}}]}[39m
[35m[UiAutomator2][39m calling get location: d26c87fa-266c-4cab-8ff0-1ba4dfd6d905
[35m[HTTP][39m [37m<-- POST /wd/hub/session/f4e4f2fb-e151-4bd6-8a9f-32b62a50f187/touch/perform [39m[32m200[39m [90m2925 ms - 14[39m
[35m[HTTP][39m [90m[39m
[35m[HTTP][39m [37m-->[39m [37mPOST[39m [37m/wd/hub/session/f4e4f2fb-e151-4bd6-8a9f-32b62a50f187/timeouts[39m
[35m[HTTP][39m [90m{"implicit":50}[39m
[35m[HTTP][39m [37m<-- POST /wd/hub/session/f4e4f2fb-e151-4bd6-8a9f-32b62a50f187/timeouts [39m[32m200[39m [90m2 ms - 14[39m
[35m[HTTP][39m [90m[39m
[35m[HTTP][39m [37m-->[39m [37mGET[39m [37m/wd/hub/session/f4e4f2fb-e151-4bd6-8a9f-32b62a50f187/window/rect[39m
[35m[HTTP][39m [90m{}[39m
[35m[HTTP][39m [37m<-- GET /wd/hub/session/f4e4f2fb-e151-4bd6-8a9f-32b62a50f187/window/rect [39m[32m200[39m [90m33 ms - 50[39m
[35m[HTTP][39m [90m[39m
[35m[HTTP][39m [37m-->[39m [37mPOST[39m [37m/wd/hub/session/f4e4f2fb-e151-4bd6-8a9f-32b62a50f187/elements[39m
[35m[HTTP][39m [90m{"using":"-android uiautomator","value":"new UiSelector().className(\"android.widget.EditText\").text(\"Search for locality or place\")"}[39m
[35m[HTTP][39m [37m<-- POST /wd/hub/session/f4e4f2fb-e151-4bd6-8a9f-32b62a50f187/elements [39m[32m200[39m [90m98 ms - 139[39m
[35m[HTTP][39m [90m[39m
[35m[HTTP][39m [37m-->[39m [37mGET[39m [37m/wd/hub/session/f4e4f2fb-e151-4bd6-8a9f-32b62a50f187/element/e86f339e-951f-4eb1-9d00-4ddc31c71d18/location[39m
[35m[HTTP][39m [90m{}[39m
[35m[W3C (f4e4f2fb)][39m Driver proxy active, passing request on via HTTP proxy
[35m[WD Proxy][39m Replacing sessionId 1377b862-1338-4091-8c84-2a3d4c916b8d with f4e4f2fb-e151-4bd6-8a9f-32b62a50f187
[35m[HTTP][39m [37m<-- GET /wd/hub/session/f4e4f2fb-e151-4bd6-8a9f-32b62a50f187/element/e86f339e-951f-4eb1-9d00-4ddc31c71d18/location [39m[32m200[39m [90m67 ms - 88[39m
[35m[HTTP][39m [90m[39m
[35m[HTTP][39m [37m-->[39m [37mPOST[39m [37m/wd/hub/session/f4e4f2fb-e151-4bd6-8a9f-32b62a50f187/timeouts[39m
[35m[HTTP][39m [90m{"implicit":30000}[39m
[35m[HTTP][39m [37m<-- POST /wd/hub/session/f4e4f2fb-e151-4bd6-8a9f-32b62a50f187/timeouts [39m[32m200[39m [90m1 ms - 14[39m
[35m[HTTP][39m [90m[39m
[35m[HTTP][39m [37m-->[39m [37mPOST[39m [37m/wd/hub/session/f4e4f2fb-e151-4bd6-8a9f-32b62a50f187/element/e86f339e-951f-4eb1-9d00-4ddc31c71d18/clear[39m
[35m[HTTP][39m [90m{"id":"e86f339e-951f-4eb1-9d00-4ddc31c71d18"}[39m
[35m[HTTP][39m [37m<-- POST /wd/hub/session/f4e4f2fb-e151-4bd6-8a9f-32b62a50f187/element/e86f339e-951f-4eb1-9d00-4ddc31c71d18/clear [39m[32m200[39m [90m65 ms - 27[39m
[35m[HTTP][39m [90m[39m
[35m[HTTP][39m [37m-->[39m [37mPOST[39m [37m/wd/hub/session/f4e4f2fb-e151-4bd6-8a9f-32b62a50f187/element/e86f339e-951f-4eb1-9d00-4ddc31c71d18/value[39m
[35m[HTTP][39m [90m{"id":"e86f339e-951f-4eb1-9d00-4ddc31c71d18","text":"silk board","value":["s","i","l","k"," ","b","o","a","r","d"]}[39m
[35m[HTTP][39m [37m<-- POST /wd/hub/session/f4e4f2fb-e151-4bd6-8a9f-32b62a50f187/element/e86f339e-951f-4eb1-9d00-4ddc31c71d18/value [39m[32m200[39m [90m1312 ms - 12[39m
[35m[HTTP][39m [90m[39m
[35m[HTTP][39m [37m-->[39m [37mPOST[39m [37m/wd/hub/session/f4e4f2fb-e151-4bd6-8a9f-32b62a50f187/timeouts[39m
[35m[HTTP][39m [90m{"implicit":50}[39m
[35m[HTTP][39m [37m<-- POST /wd/hub/session/f4e4f2fb-e151-4bd6-8a9f-32b62a50f187/timeouts [39m[32m200[39m [90m3 ms - 14[39m
[35m[HTTP][39m [90m[39m
[35m[HTTP][39m [37m-->[39m [37mGET[39m [37m/wd/hub/session/f4e4f2fb-e151-4bd6-8a9f-32b62a50f187/window/rect[39m
[35m[HTTP][39m [90m{}[39m
[35m[HTTP][39m [37m<-- GET /wd/hub/session/f4e4f2fb-e151-4bd6-8a9f-32b62a50f187/window/rect [39m[32m200[39m [90m24 ms - 50[39m
[35m[HTTP][39m [90m[39m
[35m[HTTP][39m [37m-->[39m [37mPOST[39m [37m/wd/hub/session/f4e4f2fb-e151-4bd6-8a9f-32b62a50f187/elements[39m
[35m[HTTP][39m [90m{"using":"-android uiautomator","value":"new UiSelector().className(\"android.widget.TextView\").text(\"Silk board bus stand, Central Silk Board Colony, Stage 2, BTM Layout, Bengaluru, Karnataka, India\")"}[39m
[35m[HTTP][39m [37m<-- POST /wd/hub/session/f4e4f2fb-e151-4bd6-8a9f-32b62a50f187/elements [39m[32m200[39m [90m877 ms - 139[39m
[35m[HTTP][39m [90m[39m
[35m[HTTP][39m [37m-->[39m [37mGET[39m [37m/wd/hub/session/f4e4f2fb-e151-4bd6-8a9f-32b62a50f187/element/0639d7b2-64ec-41f4-872e-d303db70c473/location[39m
[35m[HTTP][39m [90m{}[39m
[35m[W3C (f4e4f2fb)][39m Driver proxy active, passing request on via HTTP proxy
[35m[WD Proxy][39m Replacing sessionId 1377b862-1338-4091-8c84-2a3d4c916b8d with f4e4f2fb-e151-4bd6-8a9f-32b62a50f187
[35m[HTTP][39m [37m<-- GET /wd/hub/session/f4e4f2fb-e151-4bd6-8a9f-32b62a50f187/element/0639d7b2-64ec-41f4-872e-d303db70c473/location [39m[32m200[39m [90m49 ms - 89[39m
[35m[HTTP][39m [90m[39m
[35m[HTTP][39m [37m-->[39m [37mPOST[39m [37m/wd/hub/session/f4e4f2fb-e151-4bd6-8a9f-32b62a50f187/timeouts[39m
[35m[HTTP][39m [90m{"implicit":30000}[39m
[35m[HTTP][39m [37m<-- POST /wd/hub/session/f4e4f2fb-e151-4bd6-8a9f-32b62a50f187/timeouts [39m[32m200[39m [90m2 ms - 14[39m
[35m[HTTP][39m [90m[39m
[35m[HTTP][39m [37m-->[39m [37mPOST[39m [37m/wd/hub/session/f4e4f2fb-e151-4bd6-8a9f-32b62a50f187/touch/perform[39m
[35m[HTTP][39m [90m{"actions":[{"action":"tap","options":{"x":1,"y":1,"element":"0639d7b2-64ec-41f4-872e-d303db70c473"}},{"action":"release","options":{}}]}[39m
[35m[UiAutomator2][39m calling get location: 0639d7b2-64ec-41f4-872e-d303db70c473
[35m[HTTP][39m [37m<-- POST /wd/hub/session/f4e4f2fb-e151-4bd6-8a9f-32b62a50f187/touch/perform [39m[32m200[39m [90m1461 ms - 14[39m
[35m[HTTP][39m [90m[39m
[35m[HTTP][39m [37m-->[39m [37mPOST[39m [37m/wd/hub/session/f4e4f2fb-e151-4bd6-8a9f-32b62a50f187/timeouts[39m
[35m[HTTP][39m [90m{"implicit":50}[39m
[35m[HTTP][39m [37m<-- POST /wd/hub/session/f4e4f2fb-e151-4bd6-8a9f-32b62a50f187/timeouts [39m[32m200[39m [90m3 ms - 14[39m
[35m[HTTP][39m [90m[39m
[35m[HTTP][39m [37m-->[39m [37mGET[39m [37m/wd/hub/session/f4e4f2fb-e151-4bd6-8a9f-32b62a50f187/window/rect[39m
[35m[HTTP][39m [90m{}[39m
[35m[HTTP][39m [37m<-- GET /wd/hub/session/f4e4f2fb-e151-4bd6-8a9f-32b62a50f187/window/rect [39m[32m200[39m [90m24 ms - 50[39m
[35m[HTTP][39m [90m[39m
[35m[HTTP][39m [37m-->[39m [37mPOST[39m [37m/wd/hub/session/f4e4f2fb-e151-4bd6-8a9f-32b62a50f187/elements[39m
[35m[HTTP][39m [90m{"using":"-android uiautomator","value":"new UiSelector().className(\"android.widget.TextView\").text(\"Book Ride\")"}[39m
[35m[HTTP][39m [37m<-- POST /wd/hub/session/f4e4f2fb-e151-4bd6-8a9f-32b62a50f187/elements [39m[32m200[39m [90m68 ms - 139[39m
[35m[HTTP][39m [90m[39m
[35m[HTTP][39m [37m-->[39m [37mGET[39m [37m/wd/hub/session/f4e4f2fb-e151-4bd6-8a9f-32b62a50f187/element/85d492a5-3974-41bb-809e-b91cb3233dbf/location[39m
[35m[HTTP][39m [90m{}[39m
[35m[W3C (f4e4f2fb)][39m Driver proxy active, passing request on via HTTP proxy
[35m[WD Proxy][39m Replacing sessionId 1377b862-1338-4091-8c84-2a3d4c916b8d with f4e4f2fb-e151-4bd6-8a9f-32b62a50f187
[35m[HTTP][39m [37m<-- GET /wd/hub/session/f4e4f2fb-e151-4bd6-8a9f-32b62a50f187/element/85d492a5-3974-41bb-809e-b91cb3233dbf/location [39m[32m200[39m [90m40 ms - 90[39m
[35m[HTTP][39m [90m[39m
[35m[HTTP][39m [37m-->[39m [37mPOST[39m [37m/wd/hub/session/f4e4f2fb-e151-4bd6-8a9f-32b62a50f187/timeouts[39m
[35m[HTTP][39m [90m{"implicit":30000}[39m
[35m[HTTP][39m [37m<-- POST /wd/hub/session/f4e4f2fb-e151-4bd6-8a9f-32b62a50f187/timeouts [39m[32m200[39m [90m2 ms - 14[39m
[35m[HTTP][39m [90m[39m
[35m[HTTP][39m [37m-->[39m [37mPOST[39m [37m/wd/hub/session/f4e4f2fb-e151-4bd6-8a9f-32b62a50f187/touch/perform[39m
[35m[HTTP][39m [90m{"actions":[{"action":"tap","options":{"x":1,"y":1,"element":"85d492a5-3974-41bb-809e-b91cb3233dbf"}},{"action":"release","options":{}}]}[39m
[35m[UiAutomator2][39m calling get location: 85d492a5-3974-41bb-809e-b91cb3233dbf
[35m[HTTP][39m [37m<-- POST /wd/hub/session/f4e4f2fb-e151-4bd6-8a9f-32b62a50f187/touch/perform [39m[32m200[39m [90m1151 ms - 14[39m
[35m[HTTP][39m [90m[39m
[35m[HTTP][39m [37m-->[39m [37mPOST[39m [37m/wd/hub/session/f4e4f2fb-e151-4bd6-8a9f-32b62a50f187/timeouts[39m
[35m[HTTP][39m [90m{"implicit":50}[39m
[35m[HTTP][39m [37m<-- POST /wd/hub/session/f4e4f2fb-e151-4bd6-8a9f-32b62a50f187/timeouts [39m[32m200[39m [90m2 ms - 14[39m
[35m[HTTP][39m [90m[39m
[35m[HTTP][39m [37m-->[39m [37mGET[39m [37m/wd/hub/session/f4e4f2fb-e151-4bd6-8a9f-32b62a50f187/window/rect[39m
[35m[HTTP][39m [90m{}[39m
[35m[HTTP][39m [37m<-- GET /wd/hub/session/f4e4f2fb-e151-4bd6-8a9f-32b62a50f187/window/rect [39m[32m200[39m [90m69 ms - 50[39m
[35m[HTTP][39m [90m[39m
[35m[HTTP][39m [37m-->[39m [37mPOST[39m [37m/wd/hub/session/f4e4f2fb-e151-4bd6-8a9f-32b62a50f187/elements[39m
[35m[HTTP][39m [90m{"using":"-android uiautomator","value":"new UiSelector().className(\"android.widget.TextView\").text(\"Request Taxi\")"}[39m
[35m[HTTP][39m [37m<-- POST /wd/hub/session/f4e4f2fb-e151-4bd6-8a9f-32b62a50f187/elements [39m[32m200[39m [90m124 ms - 139[39m
[35m[HTTP][39m [90m[39m
[35m[HTTP][39m [37m-->[39m [37mGET[39m [37m/wd/hub/session/f4e4f2fb-e151-4bd6-8a9f-32b62a50f187/element/45177df8-a132-4b53-b5e4-126da473032e/location[39m
[35m[HTTP][39m [90m{}[39m
[35m[W3C (f4e4f2fb)][39m Driver proxy active, passing request on via HTTP proxy
[35m[WD Proxy][39m Replacing sessionId 1377b862-1338-4091-8c84-2a3d4c916b8d with f4e4f2fb-e151-4bd6-8a9f-32b62a50f187
[35m[HTTP][39m [37m<-- GET /wd/hub/session/f4e4f2fb-e151-4bd6-8a9f-32b62a50f187/element/45177df8-a132-4b53-b5e4-126da473032e/location [39m[32m200[39m [90m38 ms - 90[39m
[35m[HTTP][39m [90m[39m
[35m[HTTP][39m [37m-->[39m [37mPOST[39m [37m/wd/hub/session/f4e4f2fb-e151-4bd6-8a9f-32b62a50f187/timeouts[39m
[35m[HTTP][39m [90m{"implicit":30000}[39m
[35m[HTTP][39m [37m<-- POST /wd/hub/session/f4e4f2fb-e151-4bd6-8a9f-32b62a50f187/timeouts [39m[32m200[39m [90m2 ms - 14[39m
[35m[HTTP][39m [90m[39m
[35m[HTTP][39m [37m-->[39m [37mPOST[39m [37m/wd/hub/session/f4e4f2fb-e151-4bd6-8a9f-32b62a50f187/touch/perform[39m
[35m[HTTP][39m [90m{"actions":[{"action":"tap","options":{"x":1,"y":1,"element":"45177df8-a132-4b53-b5e4-126da473032e"}},{"action":"release","options":{}}]}[39m
[35m[UiAutomator2][39m calling get location: 45177df8-a132-4b53-b5e4-126da473032e
[35m[HTTP][39m [37m<-- POST /wd/hub/session/f4e4f2fb-e151-4bd6-8a9f-32b62a50f187/touch/perform [39m[32m200[39m [90m1556 ms - 14[39m
[35m[HTTP][39m [90m[39m
[35m[HTTP][39m [37m-->[39m [37mDELETE[39m [37m/wd/hub/session/f4e4f2fb-e151-4bd6-8a9f-32b62a50f187[39m
[35m[HTTP][39m [90m{}[39m
[35m[Appium][39m Removing session f4e4f2fb-e151-4bd6-8a9f-32b62a50f187 from our master session list
[35m[ADB][39m io.nativebase.market.geekyants.taxiapprider was successfully uninstalled
[35m[UiAutomator2][39m Restoring hidden api policy to the device default configuration
[35m[HTTP][39m [37m<-- DELETE /wd/hub/session/f4e4f2fb-e151-4bd6-8a9f-32b62a50f187 [39m[32m200[39m [90m2665 ms - 14[39m
[35m[HTTP][39m [90m[39m
