[35m[Appium][39m Welcome to Appium v1.14.0
[35m[Appium][39m Non-default server args:
[35m[Appium][39m   port: 58506
[35m[Appium][39m   loglevel: info
[35m[Appium][39m   chromeDriverPort: 58512
[35m[Appium][39m   tmpDir: /var/folders/38/x4crs4qx0hn0r3_szny2t9sw0000gn/T//Katalon/Appium/Temp1565946498661
[35m[Appium][39m Appium REST http interface listener started on 0.0.0.0:58506
[35m[HTTP][39m [37m-->[39m [37mGET[39m [37m/wd/hub/status[39m
[35m[HTTP][39m [90m{}[39m
[35m[HTTP][39m [37m<-- GET /wd/hub/status [39m[32m200[39m [90m9 ms - 68[39m
[35m[HTTP][39m [90m[39m
[35m[HTTP][39m [37m-->[39m [37mPOST[39m [37m/wd/hub/session[39m
[35m[HTTP][39m [90m{"desiredCapabilities":{"app":"/Users/sumittulsyan/Downloads/app-release.apk","noReset":false,"deviceName":"emulator-5556 (Android SDK built for x86 - Android 9)","fullReset":true,"platform":"ANDROID","newCommandTimeout":1800,"platformVersion":"9","automationName":"uiautomator2","autoGrantPermissions":true,"platformName":"Android","udid":"emulator-5556","systemPort":58505},"capabilities":{"firstMatch":[{"appium:app":"/Users/sumittulsyan/Downloads/app-release.apk","appium:autoGrantPermissions":true,"appium:automationName":"uiautomator2","appium:deviceName":"emulator-5556 (Android SDK built for x86 - Android 9)","appium:fullReset":true,"appium:newCommandTimeout":1800,"appium:noReset":false,"platform":"ANDROID","platformName":"android","appium:platformVersion":"9","appium:systemPort":58505,"appium:udid":"emulator-5556"}]}}[39m
[35m[BaseDriver][39m The capabilities ["platform"] are not standard capabilities and should have an extension prefix
[35m[Appium][39m Appium v1.14.0 creating new AndroidUiautomator2Driver (v1.33.1) session
[35m[Appium][39m Capabilities:
[35m[Appium][39m   platform: ANDROID
[35m[Appium][39m   platformName: android
[35m[Appium][39m   app: /Users/sumittulsyan/Downloads/app-release.apk
[35m[Appium][39m   autoGrantPermissions: true
[35m[Appium][39m   automationName: uiautomator2
[35m[Appium][39m   deviceName: emulator-5556 (Android SDK built for x86 - Android 9)
[35m[Appium][39m   fullReset: true
[35m[Appium][39m   newCommandTimeout: 1800
[35m[Appium][39m   noReset: false
[35m[Appium][39m   platformVersion: 9
[35m[Appium][39m   systemPort: 58505
[35m[Appium][39m   udid: emulator-5556
[35m[BaseDriver][39m The following capabilities were provided, but are not recognized by Appium:
[35m[BaseDriver][39m   platform
[35m[BaseDriver][39m Session created with session id: 21bdbd77-d6fa-4197-8f1d-d063e95cc95e
[35m[BaseDriver][39m Using local app '/Users/sumittulsyan/Downloads/app-release.apk'
[35m[ADB][39m Found 1 'build-tools' folders under '/Users/sumittulsyan/.katalon/tools/android_sdk' (newest first):
[35m[ADB][39m     /Users/sumittulsyan/.katalon/tools/android_sdk/build-tools/29.0.1
[35m[ADB][39m Using 'adb' from '/Users/sumittulsyan/.katalon/tools/android_sdk/platform-tools/adb'
[35m[AndroidDriver][39m Retrieving device list
[35m[AndroidDriver][39m Using device: emulator-5556
[35m[ADB][39m Using 'adb' from '/Users/sumittulsyan/.katalon/tools/android_sdk/platform-tools/adb'
[35m[UiAutomator2][39m Relaxing hidden api policy
[35m[ADB][39m Using 'apkanalyzer' from '/Users/sumittulsyan/.katalon/tools/android_sdk/tools/bin/apkanalyzer'
[35m[ADB][39m Package name: 'io.nativebase.market.geekyants.taxiappdriver'
[35m[ADB][39m Main activity name: 'io.nativebase.market.geekyants.taxiappdriver.MainActivity'
[35m[ADB][39m Using 'aapt' from '/Users/sumittulsyan/.katalon/tools/android_sdk/build-tools/29.0.1/aapt'
[35m[ADB][39m Using 'apksigner' from '/Users/sumittulsyan/.katalon/tools/android_sdk/build-tools/29.0.1/apksigner'
[35m[UiAutomator2][39m Server packages are not going to be (re)installed
[35m[ADB][39m io.nativebase.market.geekyants.taxiappdriver was not uninstalled, because it was not present on the device
[35m[ADB][39m The application at '/Users/sumittulsyan/Downloads/app-release.apk' is already cached to '/data/local/tmp/appium_cache/0a4c298d81fa9fed8129162356ad8641ab361e22.apk'
[35m[ADB][39m The installation of 'app-release.apk' took 8.753s
[35m[UiAutomator2][39m Starting UIAutomator2 server 3.7.0
[35m[UiAutomator2][39m Using UIAutomator2 server from '/Users/sumittulsyan/Downloads/appium-mobile-test/node_modules/appium-uiautomator2-server/apks/appium-uiautomator2-server-v3.7.0.apk' and test from '/Users/sumittulsyan/Downloads/appium-mobile-test/node_modules/appium-uiautomator2-server/apks/appium-uiautomator2-server-debug-androidTest.apk'
[35m[UiAutomator2][39m Waiting up to 30000ms for UiAutomator2 to be online...
[35m[WD Proxy][39m Got an unexpected response: {"code":"ECONNRESET"}
[35m[WD Proxy][39m Got an unexpected response: {"code":"ECONNRESET"}
[35m[WD Proxy][39m Got an unexpected response: {"code":"ECONNRESET"}
[35m[AndroidDriver][39m Screen already unlocked, doing nothing
[35m[UiAutomator2][39m UiAutomator2 did not start the activity we were waiting for, 'io.nativebase.market.geekyants.taxiappdriver/io.nativebase.market.geekyants.taxiappdriver.MainActivity'. Starting it ourselves
[35m[Appium][39m New AndroidUiautomator2Driver session created successfully, session 21bdbd77-d6fa-4197-8f1d-d063e95cc95e added to master session list
[35m[HTTP][39m [37m<-- POST /wd/hub/session [39m[32m200[39m [90m26722 ms - 1264[39m
[35m[HTTP][39m [90m[39m
[35m[HTTP][39m [37m-->[39m [37mGET[39m [37m/wd/hub/session/21bdbd77-d6fa-4197-8f1d-d063e95cc95e[39m
[35m[HTTP][39m [90m{}[39m
[35m[HTTP][39m [37m<-- GET /wd/hub/session/21bdbd77-d6fa-4197-8f1d-d063e95cc95e [39m[32m200[39m [90m116 ms - 1196[39m
[35m[HTTP][39m [90m[39m
[35m[HTTP][39m [37m-->[39m [37mGET[39m [37m/wd/hub/session/21bdbd77-d6fa-4197-8f1d-d063e95cc95e[39m
[35m[HTTP][39m [90m{}[39m
[35m[HTTP][39m [37m<-- GET /wd/hub/session/21bdbd77-d6fa-4197-8f1d-d063e95cc95e [39m[32m200[39m [90m27 ms - 1196[39m
[35m[HTTP][39m [90m[39m
[35m[HTTP][39m [37m-->[39m [37mGET[39m [37m/wd/hub/status[39m
[35m[HTTP][39m [90m{}[39m
[35m[HTTP][39m [37m<-- GET /wd/hub/status [39m[32m200[39m [90m4 ms - 68[39m
[35m[HTTP][39m [90m[39m
[35m[HTTP][39m [37m-->[39m [37mPOST[39m [37m/wd/hub/session/21bdbd77-d6fa-4197-8f1d-d063e95cc95e/timeouts[39m
[35m[HTTP][39m [90m{"implicit":30000}[39m
[35m[HTTP][39m [37m<-- POST /wd/hub/session/21bdbd77-d6fa-4197-8f1d-d063e95cc95e/timeouts [39m[32m200[39m [90m7 ms - 14[39m
[35m[HTTP][39m [90m[39m
[35m[HTTP][39m [37m-->[39m [37mPOST[39m [37m/wd/hub/session/21bdbd77-d6fa-4197-8f1d-d063e95cc95e/timeouts[39m
[35m[HTTP][39m [90m{"implicit":50}[39m
[35m[HTTP][39m [37m<-- POST /wd/hub/session/21bdbd77-d6fa-4197-8f1d-d063e95cc95e/timeouts [39m[32m200[39m [90m5 ms - 14[39m
[35m[HTTP][39m [90m[39m
[35m[HTTP][39m [37m-->[39m [37mGET[39m [37m/wd/hub/session/21bdbd77-d6fa-4197-8f1d-d063e95cc95e/window/rect[39m
[35m[HTTP][39m [90m{}[39m
[35m[HTTP][39m [37m<-- GET /wd/hub/session/21bdbd77-d6fa-4197-8f1d-d063e95cc95e/window/rect [39m[32m200[39m [90m76 ms - 50[39m
[35m[HTTP][39m [90m[39m
[35m[HTTP][39m [37m-->[39m [37mPOST[39m [37m/wd/hub/session/21bdbd77-d6fa-4197-8f1d-d063e95cc95e/elements[39m
[35m[HTTP][39m [90m{"using":"-android uiautomator","value":"new UiSelector().className(\"android.widget.TextView\").text(\"Sign In\")"}[39m
[35m[HTTP][39m [37m<-- POST /wd/hub/session/21bdbd77-d6fa-4197-8f1d-d063e95cc95e/elements [39m[32m200[39m [90m594 ms - 12[39m
[35m[HTTP][39m [90m[39m
[35m[HTTP][39m [37m-->[39m [37mPOST[39m [37m/wd/hub/session/21bdbd77-d6fa-4197-8f1d-d063e95cc95e/elements[39m
[35m[HTTP][39m [90m{"using":"-android uiautomator","value":"new UiSelector().className(\"android.widget.TextView\").text(\"Sign In\")"}[39m
[35m[HTTP][39m [37m<-- POST /wd/hub/session/21bdbd77-d6fa-4197-8f1d-d063e95cc95e/elements [39m[32m200[39m [90m101 ms - 12[39m
[35m[HTTP][39m [90m[39m
[35m[HTTP][39m [37m-->[39m [37mPOST[39m [37m/wd/hub/session/21bdbd77-d6fa-4197-8f1d-d063e95cc95e/elements[39m
[35m[HTTP][39m [90m{"using":"-android uiautomator","value":"new UiSelector().className(\"android.widget.TextView\").text(\"Sign In\")"}[39m
[35m[HTTP][39m [37m<-- POST /wd/hub/session/21bdbd77-d6fa-4197-8f1d-d063e95cc95e/elements [39m[32m200[39m [90m75 ms - 12[39m
[35m[HTTP][39m [90m[39m
[35m[HTTP][39m [37m-->[39m [37mPOST[39m [37m/wd/hub/session/21bdbd77-d6fa-4197-8f1d-d063e95cc95e/elements[39m
[35m[HTTP][39m [90m{"using":"-android uiautomator","value":"new UiSelector().className(\"android.widget.TextView\").text(\"Sign In\")"}[39m
[35m[HTTP][39m [37m<-- POST /wd/hub/session/21bdbd77-d6fa-4197-8f1d-d063e95cc95e/elements [39m[32m200[39m [90m1324 ms - 12[39m
[35m[HTTP][39m [90m[39m
[35m[HTTP][39m [37m-->[39m [37mPOST[39m [37m/wd/hub/session/21bdbd77-d6fa-4197-8f1d-d063e95cc95e/elements[39m
[35m[HTTP][39m [90m{"using":"-android uiautomator","value":"new UiSelector().className(\"android.widget.TextView\").text(\"Sign In\")"}[39m
[35m[HTTP][39m [37m<-- POST /wd/hub/session/21bdbd77-d6fa-4197-8f1d-d063e95cc95e/elements [39m[32m200[39m [90m791 ms - 139[39m
[35m[HTTP][39m [90m[39m
[35m[HTTP][39m [37m-->[39m [37mGET[39m [37m/wd/hub/session/21bdbd77-d6fa-4197-8f1d-d063e95cc95e/element/54a5c33c-1412-4d40-a81b-452a791cf077/location[39m
[35m[HTTP][39m [90m{}[39m
[35m[W3C (21bdbd77)][39m Driver proxy active, passing request on via HTTP proxy
[35m[WD Proxy][39m Replacing sessionId dc9f1097-9c64-42a1-a219-1958cd266f7e with 21bdbd77-d6fa-4197-8f1d-d063e95cc95e
[35m[HTTP][39m [37m<-- GET /wd/hub/session/21bdbd77-d6fa-4197-8f1d-d063e95cc95e/element/54a5c33c-1412-4d40-a81b-452a791cf077/location [39m[32m200[39m [90m53 ms - 90[39m
[35m[HTTP][39m [90m[39m
[35m[HTTP][39m [37m-->[39m [37mPOST[39m [37m/wd/hub/session/21bdbd77-d6fa-4197-8f1d-d063e95cc95e/timeouts[39m
[35m[HTTP][39m [90m{"implicit":30000}[39m
[35m[HTTP][39m [37m<-- POST /wd/hub/session/21bdbd77-d6fa-4197-8f1d-d063e95cc95e/timeouts [39m[32m200[39m [90m2 ms - 14[39m
[35m[HTTP][39m [90m[39m
[35m[HTTP][39m [37m-->[39m [37mPOST[39m [37m/wd/hub/session/21bdbd77-d6fa-4197-8f1d-d063e95cc95e/touch/perform[39m
[35m[HTTP][39m [90m{"actions":[{"action":"tap","options":{"x":1,"y":1,"element":"54a5c33c-1412-4d40-a81b-452a791cf077"}},{"action":"release","options":{}}]}[39m
[35m[UiAutomator2][39m calling get location: 54a5c33c-1412-4d40-a81b-452a791cf077
[35m[HTTP][39m [37m<-- POST /wd/hub/session/21bdbd77-d6fa-4197-8f1d-d063e95cc95e/touch/perform [39m[32m200[39m [90m2324 ms - 14[39m
[35m[HTTP][39m [90m[39m
[35m[HTTP][39m [37m-->[39m [37mPOST[39m [37m/wd/hub/session/21bdbd77-d6fa-4197-8f1d-d063e95cc95e/timeouts[39m
[35m[HTTP][39m [90m{"implicit":50}[39m
[35m[HTTP][39m [37m<-- POST /wd/hub/session/21bdbd77-d6fa-4197-8f1d-d063e95cc95e/timeouts [39m[32m200[39m [90m2 ms - 14[39m
[35m[HTTP][39m [90m[39m
[35m[HTTP][39m [37m-->[39m [37mGET[39m [37m/wd/hub/session/21bdbd77-d6fa-4197-8f1d-d063e95cc95e/window/rect[39m
[35m[HTTP][39m [90m{}[39m
[35m[HTTP][39m [37m<-- GET /wd/hub/session/21bdbd77-d6fa-4197-8f1d-d063e95cc95e/window/rect [39m[32m200[39m [90m40 ms - 50[39m
[35m[HTTP][39m [90m[39m
[35m[HTTP][39m [37m-->[39m [37mPOST[39m [37m/wd/hub/session/21bdbd77-d6fa-4197-8f1d-d063e95cc95e/elements[39m
[35m[HTTP][39m [90m{"using":"-android uiautomator","value":"new UiSelector().className(\"android.widget.EditText\").text(\"Email\")"}[39m
[35m[HTTP][39m [37m<-- POST /wd/hub/session/21bdbd77-d6fa-4197-8f1d-d063e95cc95e/elements [39m[32m200[39m [90m144 ms - 139[39m
[35m[HTTP][39m [90m[39m
[35m[HTTP][39m [37m-->[39m [37mGET[39m [37m/wd/hub/session/21bdbd77-d6fa-4197-8f1d-d063e95cc95e/element/c4130b7f-aef3-4725-86b2-8d12851c8d7b/location[39m
[35m[HTTP][39m [90m{}[39m
[35m[W3C (21bdbd77)][39m Driver proxy active, passing request on via HTTP proxy
[35m[WD Proxy][39m Replacing sessionId dc9f1097-9c64-42a1-a219-1958cd266f7e with 21bdbd77-d6fa-4197-8f1d-d063e95cc95e
[35m[HTTP][39m [37m<-- GET /wd/hub/session/21bdbd77-d6fa-4197-8f1d-d063e95cc95e/element/c4130b7f-aef3-4725-86b2-8d12851c8d7b/location [39m[32m200[39m [90m90 ms - 90[39m
[35m[HTTP][39m [90m[39m
[35m[HTTP][39m [37m-->[39m [37mPOST[39m [37m/wd/hub/session/21bdbd77-d6fa-4197-8f1d-d063e95cc95e/timeouts[39m
[35m[HTTP][39m [90m{"implicit":30000}[39m
[35m[HTTP][39m [37m<-- POST /wd/hub/session/21bdbd77-d6fa-4197-8f1d-d063e95cc95e/timeouts [39m[32m200[39m [90m3 ms - 14[39m
[35m[HTTP][39m [90m[39m
[35m[HTTP][39m [37m-->[39m [37mPOST[39m [37m/wd/hub/session/21bdbd77-d6fa-4197-8f1d-d063e95cc95e/element/c4130b7f-aef3-4725-86b2-8d12851c8d7b/clear[39m
[35m[HTTP][39m [90m{"id":"c4130b7f-aef3-4725-86b2-8d12851c8d7b"}[39m
[35m[HTTP][39m [37m<-- POST /wd/hub/session/21bdbd77-d6fa-4197-8f1d-d063e95cc95e/element/c4130b7f-aef3-4725-86b2-8d12851c8d7b/clear [39m[32m200[39m [90m2615 ms - 27[39m
[35m[HTTP][39m [90m[39m
[35m[HTTP][39m [37m-->[39m [37mPOST[39m [37m/wd/hub/session/21bdbd77-d6fa-4197-8f1d-d063e95cc95e/element/c4130b7f-aef3-4725-86b2-8d12851c8d7b/value[39m
[35m[HTTP][39m [90m{"id":"c4130b7f-aef3-4725-86b2-8d12851c8d7b","text":"taxidriver@gmail.com","value":["t","a","x","i","d","r","i","v","e","r","@","g","m","a","i","l",".","c","o","m"]}[39m
[35m[HTTP][39m [37m<-- POST /wd/hub/session/21bdbd77-d6fa-4197-8f1d-d063e95cc95e/element/c4130b7f-aef3-4725-86b2-8d12851c8d7b/value [39m[32m200[39m [90m1074 ms - 12[39m
[35m[HTTP][39m [90m[39m
[35m[HTTP][39m [37m-->[39m [37mPOST[39m [37m/wd/hub/session/21bdbd77-d6fa-4197-8f1d-d063e95cc95e/timeouts[39m
[35m[HTTP][39m [90m{"implicit":50}[39m
[35m[HTTP][39m [37m<-- POST /wd/hub/session/21bdbd77-d6fa-4197-8f1d-d063e95cc95e/timeouts [39m[32m200[39m [90m4 ms - 14[39m
[35m[HTTP][39m [90m[39m
[35m[HTTP][39m [37m-->[39m [37mGET[39m [37m/wd/hub/session/21bdbd77-d6fa-4197-8f1d-d063e95cc95e/window/rect[39m
[35m[HTTP][39m [90m{}[39m
[35m[HTTP][39m [37m<-- GET /wd/hub/session/21bdbd77-d6fa-4197-8f1d-d063e95cc95e/window/rect [39m[32m200[39m [90m45 ms - 50[39m
[35m[HTTP][39m [90m[39m
[35m[HTTP][39m [37m-->[39m [37mPOST[39m [37m/wd/hub/session/21bdbd77-d6fa-4197-8f1d-d063e95cc95e/elements[39m
[35m[HTTP][39m [90m{"using":"-android uiautomator","value":"new UiSelector().className(\"android.widget.EditText\").text(\"Password\")"}[39m
[35m[HTTP][39m [37m<-- POST /wd/hub/session/21bdbd77-d6fa-4197-8f1d-d063e95cc95e/elements [39m[32m200[39m [90m465 ms - 139[39m
[35m[HTTP][39m [90m[39m
[35m[HTTP][39m [37m-->[39m [37mGET[39m [37m/wd/hub/session/21bdbd77-d6fa-4197-8f1d-d063e95cc95e/element/c032684c-d806-4904-8f3e-9b05db209f06/location[39m
[35m[HTTP][39m [90m{}[39m
[35m[W3C (21bdbd77)][39m Driver proxy active, passing request on via HTTP proxy
[35m[WD Proxy][39m Replacing sessionId dc9f1097-9c64-42a1-a219-1958cd266f7e with 21bdbd77-d6fa-4197-8f1d-d063e95cc95e
[35m[HTTP][39m [37m<-- GET /wd/hub/session/21bdbd77-d6fa-4197-8f1d-d063e95cc95e/element/c032684c-d806-4904-8f3e-9b05db209f06/location [39m[32m200[39m [90m221 ms - 90[39m
[35m[HTTP][39m [90m[39m
[35m[HTTP][39m [37m-->[39m [37mPOST[39m [37m/wd/hub/session/21bdbd77-d6fa-4197-8f1d-d063e95cc95e/timeouts[39m
[35m[HTTP][39m [90m{"implicit":30000}[39m
[35m[HTTP][39m [37m<-- POST /wd/hub/session/21bdbd77-d6fa-4197-8f1d-d063e95cc95e/timeouts [39m[32m200[39m [90m3 ms - 14[39m
[35m[HTTP][39m [90m[39m
[35m[HTTP][39m [37m-->[39m [37mPOST[39m [37m/wd/hub/session/21bdbd77-d6fa-4197-8f1d-d063e95cc95e/element/c032684c-d806-4904-8f3e-9b05db209f06/clear[39m
[35m[HTTP][39m [90m{"id":"c032684c-d806-4904-8f3e-9b05db209f06"}[39m
[35m[HTTP][39m [37m<-- POST /wd/hub/session/21bdbd77-d6fa-4197-8f1d-d063e95cc95e/element/c032684c-d806-4904-8f3e-9b05db209f06/clear [39m[32m200[39m [90m76 ms - 27[39m
[35m[HTTP][39m [90m[39m
[35m[HTTP][39m [37m-->[39m [37mPOST[39m [37m/wd/hub/session/21bdbd77-d6fa-4197-8f1d-d063e95cc95e/element/c032684c-d806-4904-8f3e-9b05db209f06/value[39m
[35m[HTTP][39m [90m{"id":"c032684c-d806-4904-8f3e-9b05db209f06","text":"123456","value":["1","2","3","4","5","6"]}[39m
[35m[HTTP][39m [37m<-- POST /wd/hub/session/21bdbd77-d6fa-4197-8f1d-d063e95cc95e/element/c032684c-d806-4904-8f3e-9b05db209f06/value [39m[32m200[39m [90m1594 ms - 12[39m
[35m[HTTP][39m [90m[39m
[35m[HTTP][39m [37m-->[39m [37mPOST[39m [37m/wd/hub/session/21bdbd77-d6fa-4197-8f1d-d063e95cc95e/timeouts[39m
[35m[HTTP][39m [90m{"implicit":50}[39m
[35m[HTTP][39m [37m<-- POST /wd/hub/session/21bdbd77-d6fa-4197-8f1d-d063e95cc95e/timeouts [39m[32m200[39m [90m2 ms - 14[39m
[35m[HTTP][39m [90m[39m
[35m[HTTP][39m [37m-->[39m [37mGET[39m [37m/wd/hub/session/21bdbd77-d6fa-4197-8f1d-d063e95cc95e/window/rect[39m
[35m[HTTP][39m [90m{}[39m
[35m[HTTP][39m [37m<-- GET /wd/hub/session/21bdbd77-d6fa-4197-8f1d-d063e95cc95e/window/rect [39m[32m200[39m [90m36 ms - 50[39m
[35m[HTTP][39m [90m[39m
[35m[HTTP][39m [37m-->[39m [37mPOST[39m [37m/wd/hub/session/21bdbd77-d6fa-4197-8f1d-d063e95cc95e/elements[39m
[35m[HTTP][39m [90m{"using":"xpath","value":"//hierarchy/android.widget.FrameLayout[1]/android.widget.LinearLayout[1]/android.widget.FrameLayout[1]/android.widget.LinearLayout[1]/android.widget.FrameLayout[1]/android.widget.FrameLayout[1]/android.view.ViewGroup[1]/android.view.ViewGroup[1]/android.view.ViewGroup[1]/android.view.ViewGroup[1]/android.support.v4.widget.DrawerLayout[1]/android.view.ViewGroup[1]/android.view.ViewGroup[1]/android.view.ViewGroup[1]/android.view.ViewGroup[1]/android.view.ViewGroup[1]/android.view.ViewGroup[1]/android.widget.ScrollView[1]/android.view.ViewGroup[1]/android.view.ViewGroup[7]/android.widget.TextView[1]"}[39m
[35m[HTTP][39m [37m<-- POST /wd/hub/session/21bdbd77-d6fa-4197-8f1d-d063e95cc95e/elements [39m[32m200[39m [90m681 ms - 139[39m
[35m[HTTP][39m [90m[39m
[35m[HTTP][39m [37m-->[39m [37mGET[39m [37m/wd/hub/session/21bdbd77-d6fa-4197-8f1d-d063e95cc95e/element/aa54def7-df09-4100-8a8c-1459ad9ae978/location[39m
[35m[HTTP][39m [90m{}[39m
[35m[W3C (21bdbd77)][39m Driver proxy active, passing request on via HTTP proxy
[35m[WD Proxy][39m Replacing sessionId dc9f1097-9c64-42a1-a219-1958cd266f7e with 21bdbd77-d6fa-4197-8f1d-d063e95cc95e
[35m[HTTP][39m [37m<-- GET /wd/hub/session/21bdbd77-d6fa-4197-8f1d-d063e95cc95e/element/aa54def7-df09-4100-8a8c-1459ad9ae978/location [39m[32m200[39m [90m24 ms - 90[39m
[35m[HTTP][39m [90m[39m
[35m[HTTP][39m [37m-->[39m [37mPOST[39m [37m/wd/hub/session/21bdbd77-d6fa-4197-8f1d-d063e95cc95e/timeouts[39m
[35m[HTTP][39m [90m{"implicit":30000}[39m
[35m[HTTP][39m [37m<-- POST /wd/hub/session/21bdbd77-d6fa-4197-8f1d-d063e95cc95e/timeouts [39m[32m200[39m [90m2 ms - 14[39m
[35m[HTTP][39m [90m[39m
[35m[HTTP][39m [37m-->[39m [37mPOST[39m [37m/wd/hub/session/21bdbd77-d6fa-4197-8f1d-d063e95cc95e/touch/perform[39m
[35m[HTTP][39m [90m{"actions":[{"action":"tap","options":{"x":1,"y":1,"element":"aa54def7-df09-4100-8a8c-1459ad9ae978"}},{"action":"release","options":{}}]}[39m
[35m[UiAutomator2][39m calling get location: aa54def7-df09-4100-8a8c-1459ad9ae978
[35m[HTTP][39m [37m<-- POST /wd/hub/session/21bdbd77-d6fa-4197-8f1d-d063e95cc95e/touch/perform [39m[32m200[39m [90m42 ms - 14[39m
[35m[HTTP][39m [90m[39m
[35m[HTTP][39m [37m-->[39m [37mDELETE[39m [37m/wd/hub/session/21bdbd77-d6fa-4197-8f1d-d063e95cc95e[39m
[35m[HTTP][39m [90m{}[39m
[35m[Appium][39m Removing session 21bdbd77-d6fa-4197-8f1d-d063e95cc95e from our master session list
[35m[ADB][39m io.nativebase.market.geekyants.taxiappdriver was successfully uninstalled
[35m[UiAutomator2][39m Restoring hidden api policy to the device default configuration
[35m[HTTP][39m [37m<-- DELETE /wd/hub/session/21bdbd77-d6fa-4197-8f1d-d063e95cc95e [39m[32m200[39m [90m2248 ms - 14[39m
[35m[HTTP][39m [90m[39m
