[35m[Appium][39m Welcome to Appium v1.14.0
[35m[Appium][39m Non-default server args:
[35m[Appium][39m   port: 53013
[35m[Appium][39m   loglevel: info
[35m[Appium][39m   chromeDriverPort: 53015
[35m[Appium][39m   tmpDir: /var/folders/38/x4crs4qx0hn0r3_szny2t9sw0000gn/T//Katalon/Appium/Temp1565898644397
[35m[Appium][39m Appium REST http interface listener started on 0.0.0.0:53013
[35m[HTTP][39m [37m-->[39m [37mGET[39m [37m/wd/hub/status[39m
[35m[HTTP][39m [90m{}[39m
[35m[HTTP][39m [37m<-- GET /wd/hub/status [39m[32m200[39m [90m5 ms - 68[39m
[35m[HTTP][39m [90m[39m
[35m[HTTP][39m [37m-->[39m [37mPOST[39m [37m/wd/hub/session[39m
[35m[HTTP][39m [90m{"desiredCapabilities":{"app":"/Users/sumittulsyan/Downloads/app-release.apk","noReset":false,"deviceName":"Xiaomi Redmi Note 4 (Android 7.0)","fullReset":true,"platform":"ANDROID","newCommandTimeout":1800,"platformVersion":"7.0","automationName":"uiautomator2","autoGrantPermissions":true,"platformName":"Android","udid":"ffacc61e0004","systemPort":53012},"capabilities":{"firstMatch":[{"appium:app":"/Users/sumittulsyan/Downloads/app-release.apk","appium:autoGrantPermissions":true,"appium:automationName":"uiautomator2","appium:deviceName":"Xiaomi Redmi Note 4 (Android 7.0)","appium:fullReset":true,"appium:newCommandTimeout":1800,"appium:noReset":false,"platform":"ANDROID","platformName":"android","appium:platformVersion":"7.0","appium:systemPort":53012,"appium:udid":"ffacc61e0004"}]}}[39m
[35m[BaseDriver][39m The capabilities ["platform"] are not standard capabilities and should have an extension prefix
[35m[Appium][39m Appium v1.14.0 creating new AndroidUiautomator2Driver (v1.33.1) session
[35m[Appium][39m Capabilities:
[35m[Appium][39m   platform: ANDROID
[35m[Appium][39m   platformName: android
[35m[Appium][39m   app: /Users/sumittulsyan/Downloads/app-release.apk
[35m[Appium][39m   autoGrantPermissions: true
[35m[Appium][39m   automationName: uiautomator2
[35m[Appium][39m   deviceName: Xiaomi Redmi Note 4 (Android 7.0)
[35m[Appium][39m   fullReset: true
[35m[Appium][39m   newCommandTimeout: 1800
[35m[Appium][39m   noReset: false
[35m[Appium][39m   platformVersion: 7.0
[35m[Appium][39m   systemPort: 53012
[35m[Appium][39m   udid: ffacc61e0004
[35m[BaseDriver][39m The following capabilities were provided, but are not recognized by Appium:
[35m[BaseDriver][39m   platform
[35m[BaseDriver][39m Session created with session id: 8693cdaf-ccde-4e41-8f16-2c4408659343
[35m[BaseDriver][39m Using local app '/Users/sumittulsyan/Downloads/app-release.apk'
[35m[ADB][39m Found 1 'build-tools' folders under '/Users/sumittulsyan/.katalon/tools/android_sdk' (newest first):
[35m[ADB][39m     /Users/sumittulsyan/.katalon/tools/android_sdk/build-tools/29.0.1
[35m[ADB][39m Using 'adb' from '/Users/sumittulsyan/.katalon/tools/android_sdk/platform-tools/adb'
[35m[AndroidDriver][39m Retrieving device list
[35m[AndroidDriver][39m Using device: ffacc61e0004
[35m[ADB][39m Using 'adb' from '/Users/sumittulsyan/.katalon/tools/android_sdk/platform-tools/adb'
[35m[ADB][39m Using 'apkanalyzer' from '/Users/sumittulsyan/.katalon/tools/android_sdk/tools/bin/apkanalyzer'
[35m[ADB][39m Package name: 'io.nativebase.market.geekyants.taxiappdriver'
[35m[ADB][39m Main activity name: 'io.nativebase.market.geekyants.taxiappdriver.MainActivity'
[35m[ADB][39m Using 'aapt' from '/Users/sumittulsyan/.katalon/tools/android_sdk/build-tools/29.0.1/aapt'
[35m[ADB][39m Using 'apksigner' from '/Users/sumittulsyan/.katalon/tools/android_sdk/build-tools/29.0.1/apksigner'
[35m[UiAutomator2][39m Server packages are not going to be (re)installed
[35m[ADB][39m io.nativebase.market.geekyants.taxiappdriver was not uninstalled, because it was not present on the device
[35m[ADB][39m The application at '/Users/sumittulsyan/Downloads/app-release.apk' is already cached to '/data/local/tmp/appium_cache/0a4c298d81fa9fed8129162356ad8641ab361e22.apk'
[35m[ADB][39m The installation of 'app-release.apk' took 14.221s
[35m[UiAutomator2][39m Starting UIAutomator2 server 3.7.0
[35m[UiAutomator2][39m Using UIAutomator2 server from '/Users/sumittulsyan/Downloads/appium-mobile-test/node_modules/appium-uiautomator2-server/apks/appium-uiautomator2-server-v3.7.0.apk' and test from '/Users/sumittulsyan/Downloads/appium-mobile-test/node_modules/appium-uiautomator2-server/apks/appium-uiautomator2-server-debug-androidTest.apk'
[35m[UiAutomator2][39m Waiting up to 30000ms for UiAutomator2 to be online...
[35m[WD Proxy][39m Got an unexpected response: {"code":"ECONNRESET"}
[35m[WD Proxy][39m Got an unexpected response: {"code":"ECONNRESET"}
[35m[AndroidDriver][39m Screen already unlocked, doing nothing
[35m[UiAutomator2][39m UiAutomator2 did not start the activity we were waiting for, 'io.nativebase.market.geekyants.taxiappdriver/io.nativebase.market.geekyants.taxiappdriver.MainActivity'. Starting it ourselves
[35m[Appium][39m New AndroidUiautomator2Driver session created successfully, session 8693cdaf-ccde-4e41-8f16-2c4408659343 added to master session list
[35m[HTTP][39m [37m<-- POST /wd/hub/session [39m[32m200[39m [90m32800 ms - 1229[39m
[35m[HTTP][39m [90m[39m
[35m[HTTP][39m [37m-->[39m [37mGET[39m [37m/wd/hub/session/8693cdaf-ccde-4e41-8f16-2c4408659343[39m
[35m[HTTP][39m [90m{}[39m
[35m[HTTP][39m [37m<-- GET /wd/hub/session/8693cdaf-ccde-4e41-8f16-2c4408659343 [39m[32m200[39m [90m86 ms - 1161[39m
[35m[HTTP][39m [90m[39m
[35m[HTTP][39m [37m-->[39m [37mGET[39m [37m/wd/hub/session/8693cdaf-ccde-4e41-8f16-2c4408659343[39m
[35m[HTTP][39m [90m{}[39m
[35m[HTTP][39m [37m<-- GET /wd/hub/session/8693cdaf-ccde-4e41-8f16-2c4408659343 [39m[32m200[39m [90m38 ms - 1161[39m
[35m[HTTP][39m [90m[39m
[35m[HTTP][39m [37m-->[39m [37mGET[39m [37m/wd/hub/status[39m
[35m[HTTP][39m [90m{}[39m
[35m[HTTP][39m [37m<-- GET /wd/hub/status [39m[32m200[39m [90m1 ms - 68[39m
[35m[HTTP][39m [90m[39m
[35m[HTTP][39m [37m-->[39m [37mPOST[39m [37m/wd/hub/session/8693cdaf-ccde-4e41-8f16-2c4408659343/timeouts[39m
[35m[HTTP][39m [90m{"implicit":30000}[39m
[35m[HTTP][39m [37m<-- POST /wd/hub/session/8693cdaf-ccde-4e41-8f16-2c4408659343/timeouts [39m[32m200[39m [90m8 ms - 14[39m
[35m[HTTP][39m [90m[39m
[35m[HTTP][39m [37m-->[39m [37mPOST[39m [37m/wd/hub/session/8693cdaf-ccde-4e41-8f16-2c4408659343/timeouts[39m
[35m[HTTP][39m [90m{"implicit":50}[39m
[35m[HTTP][39m [37m<-- POST /wd/hub/session/8693cdaf-ccde-4e41-8f16-2c4408659343/timeouts [39m[32m200[39m [90m3 ms - 14[39m
[35m[HTTP][39m [90m[39m
[35m[HTTP][39m [37m-->[39m [37mGET[39m [37m/wd/hub/session/8693cdaf-ccde-4e41-8f16-2c4408659343/window/rect[39m
[35m[HTTP][39m [90m{}[39m
[35m[HTTP][39m [37m<-- GET /wd/hub/session/8693cdaf-ccde-4e41-8f16-2c4408659343/window/rect [39m[32m200[39m [90m35 ms - 50[39m
[35m[HTTP][39m [90m[39m
[35m[HTTP][39m [37m-->[39m [37mPOST[39m [37m/wd/hub/session/8693cdaf-ccde-4e41-8f16-2c4408659343/elements[39m
[35m[HTTP][39m [90m{"using":"-android uiautomator","value":"new UiSelector().className(\"android.widget.TextView\").text(\"Sign In\")"}[39m
[35m[HTTP][39m [37m<-- POST /wd/hub/session/8693cdaf-ccde-4e41-8f16-2c4408659343/elements [39m[32m200[39m [90m205 ms - 12[39m
[35m[HTTP][39m [90m[39m
[35m[HTTP][39m [37m-->[39m [37mPOST[39m [37m/wd/hub/session/8693cdaf-ccde-4e41-8f16-2c4408659343/elements[39m
[35m[HTTP][39m [90m{"using":"-android uiautomator","value":"new UiSelector().className(\"android.widget.TextView\").text(\"Sign In\")"}[39m
[35m[HTTP][39m [37m<-- POST /wd/hub/session/8693cdaf-ccde-4e41-8f16-2c4408659343/elements [39m[32m200[39m [90m764 ms - 12[39m
[35m[HTTP][39m [90m[39m
[35m[HTTP][39m [37m-->[39m [37mPOST[39m [37m/wd/hub/session/8693cdaf-ccde-4e41-8f16-2c4408659343/elements[39m
[35m[HTTP][39m [90m{"using":"-android uiautomator","value":"new UiSelector().className(\"android.widget.TextView\").text(\"Sign In\")"}[39m
[35m[HTTP][39m [37m<-- POST /wd/hub/session/8693cdaf-ccde-4e41-8f16-2c4408659343/elements [39m[32m200[39m [90m76 ms - 12[39m
[35m[HTTP][39m [90m[39m
[35m[HTTP][39m [37m-->[39m [37mPOST[39m [37m/wd/hub/session/8693cdaf-ccde-4e41-8f16-2c4408659343/elements[39m
[35m[HTTP][39m [90m{"using":"-android uiautomator","value":"new UiSelector().className(\"android.widget.TextView\").text(\"Sign In\")"}[39m
[35m[HTTP][39m [37m<-- POST /wd/hub/session/8693cdaf-ccde-4e41-8f16-2c4408659343/elements [39m[32m200[39m [90m66 ms - 12[39m
[35m[HTTP][39m [90m[39m
[35m[HTTP][39m [37m-->[39m [37mPOST[39m [37m/wd/hub/session/8693cdaf-ccde-4e41-8f16-2c4408659343/elements[39m
[35m[HTTP][39m [90m{"using":"-android uiautomator","value":"new UiSelector().className(\"android.widget.TextView\").text(\"Sign In\")"}[39m
[35m[HTTP][39m [37m<-- POST /wd/hub/session/8693cdaf-ccde-4e41-8f16-2c4408659343/elements [39m[32m200[39m [90m62 ms - 12[39m
[35m[HTTP][39m [90m[39m
[35m[HTTP][39m [37m-->[39m [37mPOST[39m [37m/wd/hub/session/8693cdaf-ccde-4e41-8f16-2c4408659343/elements[39m
[35m[HTTP][39m [90m{"using":"-android uiautomator","value":"new UiSelector().className(\"android.widget.TextView\").text(\"Sign In\")"}[39m
[35m[HTTP][39m [37m<-- POST /wd/hub/session/8693cdaf-ccde-4e41-8f16-2c4408659343/elements [39m[32m200[39m [90m75 ms - 12[39m
[35m[HTTP][39m [90m[39m
[35m[HTTP][39m [37m-->[39m [37mPOST[39m [37m/wd/hub/session/8693cdaf-ccde-4e41-8f16-2c4408659343/elements[39m
[35m[HTTP][39m [90m{"using":"-android uiautomator","value":"new UiSelector().className(\"android.widget.TextView\").text(\"Sign In\")"}[39m
[35m[HTTP][39m [37m<-- POST /wd/hub/session/8693cdaf-ccde-4e41-8f16-2c4408659343/elements [39m[32m200[39m [90m1075 ms - 139[39m
[35m[HTTP][39m [90m[39m
[35m[HTTP][39m [37m-->[39m [37mGET[39m [37m/wd/hub/session/8693cdaf-ccde-4e41-8f16-2c4408659343/element/bbede04a-e170-496b-afab-685c26276c6e/location[39m
[35m[HTTP][39m [90m{}[39m
[35m[W3C (8693cdaf)][39m Driver proxy active, passing request on via HTTP proxy
[35m[WD Proxy][39m Replacing sessionId 31062353-0e5d-4574-99f0-8e3df5cdc8f8 with 8693cdaf-ccde-4e41-8f16-2c4408659343
[35m[HTTP][39m [37m<-- GET /wd/hub/session/8693cdaf-ccde-4e41-8f16-2c4408659343/element/bbede04a-e170-496b-afab-685c26276c6e/location [39m[32m200[39m [90m47 ms - 90[39m
[35m[HTTP][39m [90m[39m
[35m[HTTP][39m [37m-->[39m [37mPOST[39m [37m/wd/hub/session/8693cdaf-ccde-4e41-8f16-2c4408659343/timeouts[39m
[35m[HTTP][39m [90m{"implicit":30000}[39m
[35m[HTTP][39m [37m<-- POST /wd/hub/session/8693cdaf-ccde-4e41-8f16-2c4408659343/timeouts [39m[32m200[39m [90m4 ms - 14[39m
[35m[HTTP][39m [90m[39m
[35m[HTTP][39m [37m-->[39m [37mPOST[39m [37m/wd/hub/session/8693cdaf-ccde-4e41-8f16-2c4408659343/touch/perform[39m
[35m[HTTP][39m [90m{"actions":[{"action":"tap","options":{"x":1,"y":1,"element":"bbede04a-e170-496b-afab-685c26276c6e"}},{"action":"release","options":{}}]}[39m
[35m[UiAutomator2][39m calling get location: bbede04a-e170-496b-afab-685c26276c6e
[35m[HTTP][39m [37m<-- POST /wd/hub/session/8693cdaf-ccde-4e41-8f16-2c4408659343/touch/perform [39m[32m200[39m [90m1664 ms - 14[39m
[35m[HTTP][39m [90m[39m
[35m[HTTP][39m [37m-->[39m [37mPOST[39m [37m/wd/hub/session/8693cdaf-ccde-4e41-8f16-2c4408659343/timeouts[39m
[35m[HTTP][39m [90m{"implicit":50}[39m
[35m[HTTP][39m [37m<-- POST /wd/hub/session/8693cdaf-ccde-4e41-8f16-2c4408659343/timeouts [39m[32m200[39m [90m4 ms - 14[39m
[35m[HTTP][39m [90m[39m
[35m[HTTP][39m [37m-->[39m [37mGET[39m [37m/wd/hub/session/8693cdaf-ccde-4e41-8f16-2c4408659343/window/rect[39m
[35m[HTTP][39m [90m{}[39m
[35m[HTTP][39m [37m<-- GET /wd/hub/session/8693cdaf-ccde-4e41-8f16-2c4408659343/window/rect [39m[32m200[39m [90m29 ms - 50[39m
[35m[HTTP][39m [90m[39m
[35m[HTTP][39m [37m-->[39m [37mPOST[39m [37m/wd/hub/session/8693cdaf-ccde-4e41-8f16-2c4408659343/elements[39m
[35m[HTTP][39m [90m{"using":"-android uiautomator","value":"new UiSelector().className(\"android.widget.EditText\").text(\"Email\")"}[39m
[35m[HTTP][39m [37m<-- POST /wd/hub/session/8693cdaf-ccde-4e41-8f16-2c4408659343/elements [39m[32m200[39m [90m84 ms - 139[39m
[35m[HTTP][39m [90m[39m
[35m[HTTP][39m [37m-->[39m [37mGET[39m [37m/wd/hub/session/8693cdaf-ccde-4e41-8f16-2c4408659343/element/3fd8c31b-ba1a-4994-a180-aacf705bd027/location[39m
[35m[HTTP][39m [90m{}[39m
[35m[W3C (8693cdaf)][39m Driver proxy active, passing request on via HTTP proxy
[35m[WD Proxy][39m Replacing sessionId 31062353-0e5d-4574-99f0-8e3df5cdc8f8 with 8693cdaf-ccde-4e41-8f16-2c4408659343
[35m[HTTP][39m [37m<-- GET /wd/hub/session/8693cdaf-ccde-4e41-8f16-2c4408659343/element/3fd8c31b-ba1a-4994-a180-aacf705bd027/location [39m[32m200[39m [90m627 ms - 89[39m
[35m[HTTP][39m [90m[39m
[35m[HTTP][39m [37m-->[39m [37mPOST[39m [37m/wd/hub/session/8693cdaf-ccde-4e41-8f16-2c4408659343/timeouts[39m
[35m[HTTP][39m [90m{"implicit":30000}[39m
[35m[HTTP][39m [37m<-- POST /wd/hub/session/8693cdaf-ccde-4e41-8f16-2c4408659343/timeouts [39m[32m200[39m [90m4 ms - 14[39m
[35m[HTTP][39m [90m[39m
[35m[HTTP][39m [37m-->[39m [37mPOST[39m [37m/wd/hub/session/8693cdaf-ccde-4e41-8f16-2c4408659343/element/3fd8c31b-ba1a-4994-a180-aacf705bd027/clear[39m
[35m[HTTP][39m [90m{"id":"3fd8c31b-ba1a-4994-a180-aacf705bd027"}[39m
[35m[HTTP][39m [37m<-- POST /wd/hub/session/8693cdaf-ccde-4e41-8f16-2c4408659343/element/3fd8c31b-ba1a-4994-a180-aacf705bd027/clear [39m[32m200[39m [90m50 ms - 27[39m
[35m[HTTP][39m [90m[39m
[35m[HTTP][39m [37m-->[39m [37mPOST[39m [37m/wd/hub/session/8693cdaf-ccde-4e41-8f16-2c4408659343/element/3fd8c31b-ba1a-4994-a180-aacf705bd027/value[39m
[35m[HTTP][39m [90m{"id":"3fd8c31b-ba1a-4994-a180-aacf705bd027","text":"taxidriver@gmail.com","value":["t","a","x","i","d","r","i","v","e","r","@","g","m","a","i","l",".","c","o","m"]}[39m
[35m[HTTP][39m [37m<-- POST /wd/hub/session/8693cdaf-ccde-4e41-8f16-2c4408659343/element/3fd8c31b-ba1a-4994-a180-aacf705bd027/value [39m[32m200[39m [90m1052 ms - 12[39m
[35m[HTTP][39m [90m[39m
[35m[HTTP][39m [37m-->[39m [37mPOST[39m [37m/wd/hub/session/8693cdaf-ccde-4e41-8f16-2c4408659343/timeouts[39m
[35m[HTTP][39m [90m{"implicit":50}[39m
[35m[HTTP][39m [37m<-- POST /wd/hub/session/8693cdaf-ccde-4e41-8f16-2c4408659343/timeouts [39m[32m200[39m [90m4 ms - 14[39m
[35m[HTTP][39m [90m[39m
[35m[HTTP][39m [37m-->[39m [37mGET[39m [37m/wd/hub/session/8693cdaf-ccde-4e41-8f16-2c4408659343/window/rect[39m
[35m[HTTP][39m [90m{}[39m
[35m[HTTP][39m [37m<-- GET /wd/hub/session/8693cdaf-ccde-4e41-8f16-2c4408659343/window/rect [39m[32m200[39m [90m21 ms - 50[39m
[35m[HTTP][39m [90m[39m
[35m[HTTP][39m [37m-->[39m [37mPOST[39m [37m/wd/hub/session/8693cdaf-ccde-4e41-8f16-2c4408659343/elements[39m
[35m[HTTP][39m [90m{"using":"-android uiautomator","value":"new UiSelector().className(\"android.widget.EditText\").text(\"Password\")"}[39m
[35m[HTTP][39m [37m<-- POST /wd/hub/session/8693cdaf-ccde-4e41-8f16-2c4408659343/elements [39m[32m200[39m [90m351 ms - 139[39m
[35m[HTTP][39m [90m[39m
[35m[HTTP][39m [37m-->[39m [37mGET[39m [37m/wd/hub/session/8693cdaf-ccde-4e41-8f16-2c4408659343/element/6c3b1ebd-131f-4332-969c-75ca23aa0151/location[39m
[35m[HTTP][39m [90m{}[39m
[35m[W3C (8693cdaf)][39m Driver proxy active, passing request on via HTTP proxy
[35m[WD Proxy][39m Replacing sessionId 31062353-0e5d-4574-99f0-8e3df5cdc8f8 with 8693cdaf-ccde-4e41-8f16-2c4408659343
[35m[HTTP][39m [37m<-- GET /wd/hub/session/8693cdaf-ccde-4e41-8f16-2c4408659343/element/6c3b1ebd-131f-4332-969c-75ca23aa0151/location [39m[32m200[39m [90m43 ms - 90[39m
[35m[HTTP][39m [90m[39m
[35m[HTTP][39m [37m-->[39m [37mPOST[39m [37m/wd/hub/session/8693cdaf-ccde-4e41-8f16-2c4408659343/timeouts[39m
[35m[HTTP][39m [90m{"implicit":30000}[39m
[35m[HTTP][39m [37m<-- POST /wd/hub/session/8693cdaf-ccde-4e41-8f16-2c4408659343/timeouts [39m[32m200[39m [90m3 ms - 14[39m
[35m[HTTP][39m [90m[39m
[35m[HTTP][39m [37m-->[39m [37mPOST[39m [37m/wd/hub/session/8693cdaf-ccde-4e41-8f16-2c4408659343/element/6c3b1ebd-131f-4332-969c-75ca23aa0151/clear[39m
[35m[HTTP][39m [90m{"id":"6c3b1ebd-131f-4332-969c-75ca23aa0151"}[39m
[35m[HTTP][39m [37m<-- POST /wd/hub/session/8693cdaf-ccde-4e41-8f16-2c4408659343/element/6c3b1ebd-131f-4332-969c-75ca23aa0151/clear [39m[32m200[39m [90m48 ms - 27[39m
[35m[HTTP][39m [90m[39m
[35m[HTTP][39m [37m-->[39m [37mPOST[39m [37m/wd/hub/session/8693cdaf-ccde-4e41-8f16-2c4408659343/element/6c3b1ebd-131f-4332-969c-75ca23aa0151/value[39m
[35m[HTTP][39m [90m{"id":"6c3b1ebd-131f-4332-969c-75ca23aa0151","text":"123456","value":["1","2","3","4","5","6"]}[39m
[35m[HTTP][39m [37m<-- POST /wd/hub/session/8693cdaf-ccde-4e41-8f16-2c4408659343/element/6c3b1ebd-131f-4332-969c-75ca23aa0151/value [39m[32m200[39m [90m1325 ms - 12[39m
[35m[HTTP][39m [90m[39m
[35m[HTTP][39m [37m-->[39m [37mPOST[39m [37m/wd/hub/session/8693cdaf-ccde-4e41-8f16-2c4408659343/timeouts[39m
[35m[HTTP][39m [90m{"implicit":50}[39m
[35m[HTTP][39m [37m<-- POST /wd/hub/session/8693cdaf-ccde-4e41-8f16-2c4408659343/timeouts [39m[32m200[39m [90m4 ms - 14[39m
[35m[HTTP][39m [90m[39m
[35m[HTTP][39m [37m-->[39m [37mGET[39m [37m/wd/hub/session/8693cdaf-ccde-4e41-8f16-2c4408659343/window/rect[39m
[35m[HTTP][39m [90m{}[39m
[35m[HTTP][39m [37m<-- GET /wd/hub/session/8693cdaf-ccde-4e41-8f16-2c4408659343/window/rect [39m[32m200[39m [90m39 ms - 50[39m
[35m[HTTP][39m [90m[39m
[35m[HTTP][39m [37m-->[39m [37mPOST[39m [37m/wd/hub/session/8693cdaf-ccde-4e41-8f16-2c4408659343/elements[39m
[35m[HTTP][39m [90m{"using":"xpath","value":"//hierarchy/android.widget.FrameLayout[1]/android.widget.LinearLayout[1]/android.widget.FrameLayout[1]/android.widget.LinearLayout[1]/android.widget.FrameLayout[1]/android.widget.FrameLayout[1]/android.view.ViewGroup[1]/android.view.ViewGroup[1]/android.view.ViewGroup[1]/android.view.ViewGroup[1]/android.support.v4.widget.DrawerLayout[1]/android.view.ViewGroup[1]/android.view.ViewGroup[1]/android.view.ViewGroup[1]/android.view.ViewGroup[1]/android.view.ViewGroup[1]/android.view.ViewGroup[1]/android.widget.ScrollView[1]/android.view.ViewGroup[1]/android.view.ViewGroup[7]/android.widget.TextView[1]"}[39m
[35m[HTTP][39m [37m<-- POST /wd/hub/session/8693cdaf-ccde-4e41-8f16-2c4408659343/elements [39m[32m200[39m [90m913 ms - 139[39m
[35m[HTTP][39m [90m[39m
[35m[HTTP][39m [37m-->[39m [37mGET[39m [37m/wd/hub/session/8693cdaf-ccde-4e41-8f16-2c4408659343/element/e1402d80-b5b8-43f6-9dd2-af0392a05a7c/location[39m
[35m[HTTP][39m [90m{}[39m
[35m[W3C (8693cdaf)][39m Driver proxy active, passing request on via HTTP proxy
[35m[WD Proxy][39m Replacing sessionId 31062353-0e5d-4574-99f0-8e3df5cdc8f8 with 8693cdaf-ccde-4e41-8f16-2c4408659343
[35m[HTTP][39m [37m<-- GET /wd/hub/session/8693cdaf-ccde-4e41-8f16-2c4408659343/element/e1402d80-b5b8-43f6-9dd2-af0392a05a7c/location [39m[32m200[39m [90m26 ms - 90[39m
[35m[HTTP][39m [90m[39m
[35m[HTTP][39m [37m-->[39m [37mPOST[39m [37m/wd/hub/session/8693cdaf-ccde-4e41-8f16-2c4408659343/timeouts[39m
[35m[HTTP][39m [90m{"implicit":30000}[39m
[35m[HTTP][39m [37m<-- POST /wd/hub/session/8693cdaf-ccde-4e41-8f16-2c4408659343/timeouts [39m[32m200[39m [90m4 ms - 14[39m
[35m[HTTP][39m [90m[39m
[35m[HTTP][39m [37m-->[39m [37mPOST[39m [37m/wd/hub/session/8693cdaf-ccde-4e41-8f16-2c4408659343/touch/perform[39m
[35m[HTTP][39m [90m{"actions":[{"action":"tap","options":{"x":1,"y":1,"element":"e1402d80-b5b8-43f6-9dd2-af0392a05a7c"}},{"action":"release","options":{}}]}[39m
[35m[UiAutomator2][39m calling get location: e1402d80-b5b8-43f6-9dd2-af0392a05a7c
[35m[HTTP][39m [37m<-- POST /wd/hub/session/8693cdaf-ccde-4e41-8f16-2c4408659343/touch/perform [39m[32m200[39m [90m662 ms - 14[39m
[35m[HTTP][39m [90m[39m
