[35m[Appium][39m Welcome to Appium v1.14.0
[35m[Appium][39m Non-default server args:
[35m[Appium][39m   port: 49973
[35m[Appium][39m   loglevel: info
[35m[Appium][39m   chromeDriverPort: 49976
[35m[Appium][39m   tmpDir: /var/folders/38/x4crs4qx0hn0r3_szny2t9sw0000gn/T//Katalon/Appium/Temp1565539125994
[35m[Appium][39m Appium REST http interface listener started on 0.0.0.0:49973
[35m[HTTP][39m [37m-->[39m [37mGET[39m [37m/wd/hub/status[39m
[35m[HTTP][39m [90m{}[39m
[35m[HTTP][39m [37m<-- GET /wd/hub/status [39m[32m200[39m [90m5 ms - 68[39m
[35m[HTTP][39m [90m[39m
[35m[HTTP][39m [37m-->[39m [37mPOST[39m [37m/wd/hub/session[39m
[35m[HTTP][39m [90m{"desiredCapabilities":{"app":"/Users/sumittulsyan/Downloads/app-release.apk","noReset":false,"deviceName":"emulator-5554 (Android SDK built for x86 - Android 9)","fullReset":true,"platform":"ANDROID","newCommandTimeout":1800,"platformVersion":"9","automationName":"uiautomator2","autoGrantPermissions":true,"platformName":"Android","udid":"emulator-5554","systemPort":49972},"capabilities":{"firstMatch":[{"appium:app":"/Users/sumittulsyan/Downloads/app-release.apk","appium:autoGrantPermissions":true,"appium:automationName":"uiautomator2","appium:deviceName":"emulator-5554 (Android SDK built for x86 - Android 9)","appium:fullReset":true,"appium:newCommandTimeout":1800,"appium:noReset":false,"platform":"ANDROID","platformName":"android","appium:platformVersion":"9","appium:systemPort":49972,"appium:udid":"emulator-5554"}]}}[39m
[35m[BaseDriver][39m The capabilities ["platform"] are not standard capabilities and should have an extension prefix
[35m[Appium][39m Appium v1.14.0 creating new AndroidUiautomator2Driver (v1.33.1) session
[35m[Appium][39m Capabilities:
[35m[Appium][39m   platform: ANDROID
[35m[Appium][39m   platformName: android
[35m[Appium][39m   app: /Users/sumittulsyan/Downloads/app-release.apk
[35m[Appium][39m   autoGrantPermissions: true
[35m[Appium][39m   automationName: uiautomator2
[35m[Appium][39m   deviceName: emulator-5554 (Android SDK built for x86 - Android 9)
[35m[Appium][39m   fullReset: true
[35m[Appium][39m   newCommandTimeout: 1800
[35m[Appium][39m   noReset: false
[35m[Appium][39m   platformVersion: 9
[35m[Appium][39m   systemPort: 49972
[35m[Appium][39m   udid: emulator-5554
[35m[BaseDriver][39m The following capabilities were provided, but are not recognized by Appium:
[35m[BaseDriver][39m   platform
[35m[BaseDriver][39m Session created with session id: 91c6b646-73e1-4dac-80b6-52d06c7e5d8d
[35m[BaseDriver][39m Using local app '/Users/sumittulsyan/Downloads/app-release.apk'
[35m[ADB][39m Found 1 'build-tools' folders under '/Users/sumittulsyan/.katalon/tools/android_sdk' (newest first):
[35m[ADB][39m     /Users/sumittulsyan/.katalon/tools/android_sdk/build-tools/29.0.1
[35m[ADB][39m Using 'adb' from '/Users/sumittulsyan/.katalon/tools/android_sdk/platform-tools/adb'
[35m[AndroidDriver][39m Retrieving device list
[35m[AndroidDriver][39m Using device: emulator-5554
[35m[ADB][39m Using 'adb' from '/Users/sumittulsyan/.katalon/tools/android_sdk/platform-tools/adb'
[35m[UiAutomator2][39m Relaxing hidden api policy
[35m[ADB][39m Using 'apkanalyzer' from '/Users/sumittulsyan/.katalon/tools/android_sdk/tools/bin/apkanalyzer'
[35m[ADB][39m Package name: 'io.nativebase.market.geekyants.taxiappdriver'
[35m[ADB][39m Main activity name: 'io.nativebase.market.geekyants.taxiappdriver.MainActivity'
[35m[ADB][39m Using 'aapt' from '/Users/sumittulsyan/.katalon/tools/android_sdk/build-tools/29.0.1/aapt'
[35m[ADB][39m Using 'apksigner' from '/Users/sumittulsyan/.katalon/tools/android_sdk/build-tools/29.0.1/apksigner'
[35m[UiAutomator2][39m Server packages are not going to be (re)installed
[35m[ADB][39m io.nativebase.market.geekyants.taxiappdriver was not uninstalled, because it was not present on the device
[35m[ADB][39m The application at '/Users/sumittulsyan/Downloads/app-release.apk' is already cached to '/data/local/tmp/appium_cache/0a4c298d81fa9fed8129162356ad8641ab361e22.apk'
[35m[ADB][39m The installation of 'app-release.apk' took 8.725s
[35m[UiAutomator2][39m Starting UIAutomator2 server 3.7.0
[35m[UiAutomator2][39m Using UIAutomator2 server from '/Users/sumittulsyan/Downloads/appium-mobile-test/node_modules/appium-uiautomator2-server/apks/appium-uiautomator2-server-v3.7.0.apk' and test from '/Users/sumittulsyan/Downloads/appium-mobile-test/node_modules/appium-uiautomator2-server/apks/appium-uiautomator2-server-debug-androidTest.apk'
[35m[UiAutomator2][39m Waiting up to 30000ms for UiAutomator2 to be online...
[35m[WD Proxy][39m Got an unexpected response: {"code":"ECONNRESET"}
[35m[WD Proxy][39m Got an unexpected response: {"code":"ECONNRESET"}
[35m[AndroidDriver][39m Screen already unlocked, doing nothing
[35m[UiAutomator2][39m UiAutomator2 did not start the activity we were waiting for, 'io.nativebase.market.geekyants.taxiappdriver/io.nativebase.market.geekyants.taxiappdriver.MainActivity'. Starting it ourselves
[35m[Appium][39m New AndroidUiautomator2Driver session created successfully, session 91c6b646-73e1-4dac-80b6-52d06c7e5d8d added to master session list
[35m[HTTP][39m [37m<-- POST /wd/hub/session [39m[32m200[39m [90m22071 ms - 1264[39m
[35m[HTTP][39m [90m[39m
[35m[HTTP][39m [37m-->[39m [37mGET[39m [37m/wd/hub/session/91c6b646-73e1-4dac-80b6-52d06c7e5d8d[39m
[35m[HTTP][39m [90m{}[39m
[35m[HTTP][39m [37m<-- GET /wd/hub/session/91c6b646-73e1-4dac-80b6-52d06c7e5d8d [39m[32m200[39m [90m89 ms - 1196[39m
[35m[HTTP][39m [90m[39m
[35m[HTTP][39m [37m-->[39m [37mGET[39m [37m/wd/hub/session/91c6b646-73e1-4dac-80b6-52d06c7e5d8d[39m
[35m[HTTP][39m [90m{}[39m
[35m[HTTP][39m [37m<-- GET /wd/hub/session/91c6b646-73e1-4dac-80b6-52d06c7e5d8d [39m[32m200[39m [90m59 ms - 1196[39m
[35m[HTTP][39m [90m[39m
[35m[HTTP][39m [37m-->[39m [37mGET[39m [37m/wd/hub/status[39m
[35m[HTTP][39m [90m{}[39m
[35m[HTTP][39m [37m<-- GET /wd/hub/status [39m[32m200[39m [90m1 ms - 68[39m
[35m[HTTP][39m [90m[39m
[35m[HTTP][39m [37m-->[39m [37mPOST[39m [37m/wd/hub/session/91c6b646-73e1-4dac-80b6-52d06c7e5d8d/timeouts[39m
[35m[HTTP][39m [90m{"implicit":30000}[39m
[35m[HTTP][39m [37m<-- POST /wd/hub/session/91c6b646-73e1-4dac-80b6-52d06c7e5d8d/timeouts [39m[32m200[39m [90m4 ms - 14[39m
[35m[HTTP][39m [90m[39m
[35m[HTTP][39m [37m-->[39m [37mPOST[39m [37m/wd/hub/session/91c6b646-73e1-4dac-80b6-52d06c7e5d8d/timeouts[39m
[35m[HTTP][39m [90m{"implicit":50}[39m
[35m[HTTP][39m [37m<-- POST /wd/hub/session/91c6b646-73e1-4dac-80b6-52d06c7e5d8d/timeouts [39m[32m200[39m [90m2 ms - 14[39m
[35m[HTTP][39m [90m[39m
[35m[HTTP][39m [37m-->[39m [37mGET[39m [37m/wd/hub/session/91c6b646-73e1-4dac-80b6-52d06c7e5d8d/window/rect[39m
[35m[HTTP][39m [90m{}[39m
[35m[HTTP][39m [37m<-- GET /wd/hub/session/91c6b646-73e1-4dac-80b6-52d06c7e5d8d/window/rect [39m[32m200[39m [90m61 ms - 50[39m
[35m[HTTP][39m [90m[39m
[35m[HTTP][39m [37m-->[39m [37mPOST[39m [37m/wd/hub/session/91c6b646-73e1-4dac-80b6-52d06c7e5d8d/elements[39m
[35m[HTTP][39m [90m{"using":"-android uiautomator","value":"new UiSelector().className(\"android.widget.TextView\").text(\"Register\")"}[39m
[35m[HTTP][39m [37m<-- POST /wd/hub/session/91c6b646-73e1-4dac-80b6-52d06c7e5d8d/elements [39m[32m200[39m [90m228 ms - 12[39m
[35m[HTTP][39m [90m[39m
[35m[HTTP][39m [37m-->[39m [37mPOST[39m [37m/wd/hub/session/91c6b646-73e1-4dac-80b6-52d06c7e5d8d/elements[39m
[35m[HTTP][39m [90m{"using":"-android uiautomator","value":"new UiSelector().className(\"android.widget.TextView\").text(\"Register\")"}[39m
[35m[HTTP][39m [37m<-- POST /wd/hub/session/91c6b646-73e1-4dac-80b6-52d06c7e5d8d/elements [39m[32m200[39m [90m83 ms - 12[39m
[35m[HTTP][39m [90m[39m
[35m[HTTP][39m [37m-->[39m [37mPOST[39m [37m/wd/hub/session/91c6b646-73e1-4dac-80b6-52d06c7e5d8d/elements[39m
[35m[HTTP][39m [90m{"using":"-android uiautomator","value":"new UiSelector().className(\"android.widget.TextView\").text(\"Register\")"}[39m
[35m[HTTP][39m [37m<-- POST /wd/hub/session/91c6b646-73e1-4dac-80b6-52d06c7e5d8d/elements [39m[32m200[39m [90m82 ms - 12[39m
[35m[HTTP][39m [90m[39m
[35m[HTTP][39m [37m-->[39m [37mPOST[39m [37m/wd/hub/session/91c6b646-73e1-4dac-80b6-52d06c7e5d8d/elements[39m
[35m[HTTP][39m [90m{"using":"-android uiautomator","value":"new UiSelector().className(\"android.widget.TextView\").text(\"Register\")"}[39m
[35m[HTTP][39m [37m<-- POST /wd/hub/session/91c6b646-73e1-4dac-80b6-52d06c7e5d8d/elements [39m[32m200[39m [90m84 ms - 12[39m
[35m[HTTP][39m [90m[39m
[35m[HTTP][39m [37m-->[39m [37mPOST[39m [37m/wd/hub/session/91c6b646-73e1-4dac-80b6-52d06c7e5d8d/elements[39m
[35m[HTTP][39m [90m{"using":"-android uiautomator","value":"new UiSelector().className(\"android.widget.TextView\").text(\"Register\")"}[39m
[35m[HTTP][39m [37m<-- POST /wd/hub/session/91c6b646-73e1-4dac-80b6-52d06c7e5d8d/elements [39m[32m200[39m [90m55 ms - 12[39m
[35m[HTTP][39m [90m[39m
[35m[HTTP][39m [37m-->[39m [37mPOST[39m [37m/wd/hub/session/91c6b646-73e1-4dac-80b6-52d06c7e5d8d/elements[39m
[35m[HTTP][39m [90m{"using":"-android uiautomator","value":"new UiSelector().className(\"android.widget.TextView\").text(\"Register\")"}[39m
[35m[HTTP][39m [37m<-- POST /wd/hub/session/91c6b646-73e1-4dac-80b6-52d06c7e5d8d/elements [39m[32m200[39m [90m106 ms - 12[39m
[35m[HTTP][39m [90m[39m
[35m[HTTP][39m [37m-->[39m [37mPOST[39m [37m/wd/hub/session/91c6b646-73e1-4dac-80b6-52d06c7e5d8d/elements[39m
[35m[HTTP][39m [90m{"using":"-android uiautomator","value":"new UiSelector().className(\"android.widget.TextView\").text(\"Register\")"}[39m
[35m[HTTP][39m [37m<-- POST /wd/hub/session/91c6b646-73e1-4dac-80b6-52d06c7e5d8d/elements [39m[32m200[39m [90m94 ms - 12[39m
[35m[HTTP][39m [90m[39m
[35m[HTTP][39m [37m-->[39m [37mPOST[39m [37m/wd/hub/session/91c6b646-73e1-4dac-80b6-52d06c7e5d8d/elements[39m
[35m[HTTP][39m [90m{"using":"-android uiautomator","value":"new UiSelector().className(\"android.widget.TextView\").text(\"Register\")"}[39m
[35m[HTTP][39m [37m<-- POST /wd/hub/session/91c6b646-73e1-4dac-80b6-52d06c7e5d8d/elements [39m[32m200[39m [90m584 ms - 12[39m
[35m[HTTP][39m [90m[39m
[35m[HTTP][39m [37m-->[39m [37mPOST[39m [37m/wd/hub/session/91c6b646-73e1-4dac-80b6-52d06c7e5d8d/elements[39m
[35m[HTTP][39m [90m{"using":"-android uiautomator","value":"new UiSelector().className(\"android.widget.TextView\").text(\"Register\")"}[39m
[35m[HTTP][39m [37m<-- POST /wd/hub/session/91c6b646-73e1-4dac-80b6-52d06c7e5d8d/elements [39m[32m200[39m [90m554 ms - 12[39m
[35m[HTTP][39m [90m[39m
[35m[HTTP][39m [37m-->[39m [37mPOST[39m [37m/wd/hub/session/91c6b646-73e1-4dac-80b6-52d06c7e5d8d/elements[39m
[35m[HTTP][39m [90m{"using":"-android uiautomator","value":"new UiSelector().className(\"android.widget.TextView\").text(\"Register\")"}[39m
[35m[HTTP][39m [37m<-- POST /wd/hub/session/91c6b646-73e1-4dac-80b6-52d06c7e5d8d/elements [39m[32m200[39m [90m1418 ms - 139[39m
[35m[HTTP][39m [90m[39m
[35m[HTTP][39m [37m-->[39m [37mGET[39m [37m/wd/hub/session/91c6b646-73e1-4dac-80b6-52d06c7e5d8d/element/8b5cd9c4-7c27-4f98-9e05-fc641179ea88/location[39m
[35m[HTTP][39m [90m{}[39m
[35m[W3C (91c6b646)][39m Driver proxy active, passing request on via HTTP proxy
[35m[WD Proxy][39m Replacing sessionId e778c2cf-b21e-4ae2-8922-099f888ac0a5 with 91c6b646-73e1-4dac-80b6-52d06c7e5d8d
[35m[HTTP][39m [37m<-- GET /wd/hub/session/91c6b646-73e1-4dac-80b6-52d06c7e5d8d/element/8b5cd9c4-7c27-4f98-9e05-fc641179ea88/location [39m[32m200[39m [90m27 ms - 90[39m
[35m[HTTP][39m [90m[39m
[35m[HTTP][39m [37m-->[39m [37mPOST[39m [37m/wd/hub/session/91c6b646-73e1-4dac-80b6-52d06c7e5d8d/timeouts[39m
[35m[HTTP][39m [90m{"implicit":30000}[39m
[35m[HTTP][39m [37m<-- POST /wd/hub/session/91c6b646-73e1-4dac-80b6-52d06c7e5d8d/timeouts [39m[32m200[39m [90m2 ms - 14[39m
[35m[HTTP][39m [90m[39m
[35m[HTTP][39m [37m-->[39m [37mPOST[39m [37m/wd/hub/session/91c6b646-73e1-4dac-80b6-52d06c7e5d8d/touch/perform[39m
[35m[HTTP][39m [90m{"actions":[{"action":"tap","options":{"x":1,"y":1,"element":"8b5cd9c4-7c27-4f98-9e05-fc641179ea88"}},{"action":"release","options":{}}]}[39m
[35m[UiAutomator2][39m calling get location: 8b5cd9c4-7c27-4f98-9e05-fc641179ea88
[35m[HTTP][39m [37m<-- POST /wd/hub/session/91c6b646-73e1-4dac-80b6-52d06c7e5d8d/touch/perform [39m[32m200[39m [90m1118 ms - 14[39m
[35m[HTTP][39m [90m[39m
[35m[HTTP][39m [37m-->[39m [37mPOST[39m [37m/wd/hub/session/91c6b646-73e1-4dac-80b6-52d06c7e5d8d/timeouts[39m
[35m[HTTP][39m [90m{"implicit":50}[39m
[35m[HTTP][39m [37m<-- POST /wd/hub/session/91c6b646-73e1-4dac-80b6-52d06c7e5d8d/timeouts [39m[32m200[39m [90m2 ms - 14[39m
[35m[HTTP][39m [90m[39m
[35m[HTTP][39m [37m-->[39m [37mGET[39m [37m/wd/hub/session/91c6b646-73e1-4dac-80b6-52d06c7e5d8d/window/rect[39m
[35m[HTTP][39m [90m{}[39m
[35m[HTTP][39m [37m<-- GET /wd/hub/session/91c6b646-73e1-4dac-80b6-52d06c7e5d8d/window/rect [39m[32m200[39m [90m17 ms - 50[39m
[35m[HTTP][39m [90m[39m
[35m[HTTP][39m [37m-->[39m [37mPOST[39m [37m/wd/hub/session/91c6b646-73e1-4dac-80b6-52d06c7e5d8d/elements[39m
[35m[HTTP][39m [90m{"using":"-android uiautomator","value":"new UiSelector().className(\"android.widget.EditText\").text(\"First Name\")"}[39m
[35m[HTTP][39m [37m<-- POST /wd/hub/session/91c6b646-73e1-4dac-80b6-52d06c7e5d8d/elements [39m[32m200[39m [90m71 ms - 139[39m
[35m[HTTP][39m [90m[39m
[35m[HTTP][39m [37m-->[39m [37mGET[39m [37m/wd/hub/session/91c6b646-73e1-4dac-80b6-52d06c7e5d8d/element/90c906b4-9561-4291-9ce7-02a1d91bd556/location[39m
[35m[HTTP][39m [90m{}[39m
[35m[W3C (91c6b646)][39m Driver proxy active, passing request on via HTTP proxy
[35m[WD Proxy][39m Replacing sessionId e778c2cf-b21e-4ae2-8922-099f888ac0a5 with 91c6b646-73e1-4dac-80b6-52d06c7e5d8d
[35m[HTTP][39m [37m<-- GET /wd/hub/session/91c6b646-73e1-4dac-80b6-52d06c7e5d8d/element/90c906b4-9561-4291-9ce7-02a1d91bd556/location [39m[32m200[39m [90m36 ms - 89[39m
[35m[HTTP][39m [90m[39m
[35m[HTTP][39m [37m-->[39m [37mPOST[39m [37m/wd/hub/session/91c6b646-73e1-4dac-80b6-52d06c7e5d8d/timeouts[39m
[35m[HTTP][39m [90m{"implicit":30000}[39m
[35m[HTTP][39m [37m<-- POST /wd/hub/session/91c6b646-73e1-4dac-80b6-52d06c7e5d8d/timeouts [39m[32m200[39m [90m2 ms - 14[39m
[35m[HTTP][39m [90m[39m
[35m[HTTP][39m [37m-->[39m [37mPOST[39m [37m/wd/hub/session/91c6b646-73e1-4dac-80b6-52d06c7e5d8d/element/90c906b4-9561-4291-9ce7-02a1d91bd556/clear[39m
[35m[HTTP][39m [90m{"id":"90c906b4-9561-4291-9ce7-02a1d91bd556"}[39m
[35m[HTTP][39m [37m<-- POST /wd/hub/session/91c6b646-73e1-4dac-80b6-52d06c7e5d8d/element/90c906b4-9561-4291-9ce7-02a1d91bd556/clear [39m[32m200[39m [90m58 ms - 27[39m
[35m[HTTP][39m [90m[39m
[35m[HTTP][39m [37m-->[39m [37mPOST[39m [37m/wd/hub/session/91c6b646-73e1-4dac-80b6-52d06c7e5d8d/element/90c906b4-9561-4291-9ce7-02a1d91bd556/value[39m
[35m[HTTP][39m [90m{"id":"90c906b4-9561-4291-9ce7-02a1d91bd556","text":"fdgs","value":["f","d","g","s"]}[39m
[35m[HTTP][39m [37m<-- POST /wd/hub/session/91c6b646-73e1-4dac-80b6-52d06c7e5d8d/element/90c906b4-9561-4291-9ce7-02a1d91bd556/value [39m[32m200[39m [90m1089 ms - 12[39m
[35m[HTTP][39m [90m[39m
[35m[HTTP][39m [37m-->[39m [37mPOST[39m [37m/wd/hub/session/91c6b646-73e1-4dac-80b6-52d06c7e5d8d/timeouts[39m
[35m[HTTP][39m [90m{"implicit":50}[39m
[35m[HTTP][39m [37m<-- POST /wd/hub/session/91c6b646-73e1-4dac-80b6-52d06c7e5d8d/timeouts [39m[32m200[39m [90m2 ms - 14[39m
[35m[HTTP][39m [90m[39m
[35m[HTTP][39m [37m-->[39m [37mGET[39m [37m/wd/hub/session/91c6b646-73e1-4dac-80b6-52d06c7e5d8d/window/rect[39m
[35m[HTTP][39m [90m{}[39m
[35m[HTTP][39m [37m<-- GET /wd/hub/session/91c6b646-73e1-4dac-80b6-52d06c7e5d8d/window/rect [39m[32m200[39m [90m66 ms - 50[39m
[35m[HTTP][39m [90m[39m
[35m[HTTP][39m [37m-->[39m [37mPOST[39m [37m/wd/hub/session/91c6b646-73e1-4dac-80b6-52d06c7e5d8d/elements[39m
[35m[HTTP][39m [90m{"using":"-android uiautomator","value":"new UiSelector().className(\"android.widget.EditText\").text(\"Last Name\")"}[39m
[35m[HTTP][39m [37m<-- POST /wd/hub/session/91c6b646-73e1-4dac-80b6-52d06c7e5d8d/elements [39m[32m200[39m [90m333 ms - 139[39m
[35m[HTTP][39m [90m[39m
[35m[HTTP][39m [37m-->[39m [37mGET[39m [37m/wd/hub/session/91c6b646-73e1-4dac-80b6-52d06c7e5d8d/element/78d00378-e472-46d7-a0e1-a8920bc7883b/location[39m
[35m[HTTP][39m [90m{}[39m
[35m[W3C (91c6b646)][39m Driver proxy active, passing request on via HTTP proxy
[35m[WD Proxy][39m Replacing sessionId e778c2cf-b21e-4ae2-8922-099f888ac0a5 with 91c6b646-73e1-4dac-80b6-52d06c7e5d8d
[35m[HTTP][39m [37m<-- GET /wd/hub/session/91c6b646-73e1-4dac-80b6-52d06c7e5d8d/element/78d00378-e472-46d7-a0e1-a8920bc7883b/location [39m[32m200[39m [90m32 ms - 89[39m
[35m[HTTP][39m [90m[39m
[35m[HTTP][39m [37m-->[39m [37mPOST[39m [37m/wd/hub/session/91c6b646-73e1-4dac-80b6-52d06c7e5d8d/timeouts[39m
[35m[HTTP][39m [90m{"implicit":30000}[39m
[35m[HTTP][39m [37m<-- POST /wd/hub/session/91c6b646-73e1-4dac-80b6-52d06c7e5d8d/timeouts [39m[32m200[39m [90m3 ms - 14[39m
[35m[HTTP][39m [90m[39m
[35m[HTTP][39m [37m-->[39m [37mPOST[39m [37m/wd/hub/session/91c6b646-73e1-4dac-80b6-52d06c7e5d8d/element/78d00378-e472-46d7-a0e1-a8920bc7883b/clear[39m
[35m[HTTP][39m [90m{"id":"78d00378-e472-46d7-a0e1-a8920bc7883b"}[39m
[35m[HTTP][39m [37m<-- POST /wd/hub/session/91c6b646-73e1-4dac-80b6-52d06c7e5d8d/element/78d00378-e472-46d7-a0e1-a8920bc7883b/clear [39m[32m200[39m [90m68 ms - 27[39m
[35m[HTTP][39m [90m[39m
[35m[HTTP][39m [37m-->[39m [37mPOST[39m [37m/wd/hub/session/91c6b646-73e1-4dac-80b6-52d06c7e5d8d/element/78d00378-e472-46d7-a0e1-a8920bc7883b/value[39m
[35m[HTTP][39m [90m{"id":"78d00378-e472-46d7-a0e1-a8920bc7883b","text":"setdrfgjhk","value":["s","e","t","d","r","f","g","j","h","k"]}[39m
[35m[HTTP][39m [37m<-- POST /wd/hub/session/91c6b646-73e1-4dac-80b6-52d06c7e5d8d/element/78d00378-e472-46d7-a0e1-a8920bc7883b/value [39m[32m200[39m [90m1054 ms - 12[39m
[35m[HTTP][39m [90m[39m
[35m[HTTP][39m [37m-->[39m [37mPOST[39m [37m/wd/hub/session/91c6b646-73e1-4dac-80b6-52d06c7e5d8d/timeouts[39m
[35m[HTTP][39m [90m{"implicit":50}[39m
[35m[HTTP][39m [37m<-- POST /wd/hub/session/91c6b646-73e1-4dac-80b6-52d06c7e5d8d/timeouts [39m[32m200[39m [90m3 ms - 14[39m
[35m[HTTP][39m [90m[39m
[35m[HTTP][39m [37m-->[39m [37mGET[39m [37m/wd/hub/session/91c6b646-73e1-4dac-80b6-52d06c7e5d8d/window/rect[39m
[35m[HTTP][39m [90m{}[39m
[35m[HTTP][39m [37m<-- GET /wd/hub/session/91c6b646-73e1-4dac-80b6-52d06c7e5d8d/window/rect [39m[32m200[39m [90m82 ms - 50[39m
[35m[HTTP][39m [90m[39m
[35m[HTTP][39m [37m-->[39m [37mPOST[39m [37m/wd/hub/session/91c6b646-73e1-4dac-80b6-52d06c7e5d8d/elements[39m
[35m[HTTP][39m [90m{"using":"-android uiautomator","value":"new UiSelector().className(\"android.widget.EditText\").text(\"Email\")"}[39m
[35m[HTTP][39m [37m<-- POST /wd/hub/session/91c6b646-73e1-4dac-80b6-52d06c7e5d8d/elements [39m[32m200[39m [90m365 ms - 139[39m
[35m[HTTP][39m [90m[39m
[35m[HTTP][39m [37m-->[39m [37mGET[39m [37m/wd/hub/session/91c6b646-73e1-4dac-80b6-52d06c7e5d8d/element/b38f0836-a819-4334-aee9-3840f6cbac80/location[39m
[35m[HTTP][39m [90m{}[39m
[35m[W3C (91c6b646)][39m Driver proxy active, passing request on via HTTP proxy
[35m[WD Proxy][39m Replacing sessionId e778c2cf-b21e-4ae2-8922-099f888ac0a5 with 91c6b646-73e1-4dac-80b6-52d06c7e5d8d
[35m[HTTP][39m [37m<-- GET /wd/hub/session/91c6b646-73e1-4dac-80b6-52d06c7e5d8d/element/b38f0836-a819-4334-aee9-3840f6cbac80/location [39m[32m200[39m [90m45 ms - 90[39m
[35m[HTTP][39m [90m[39m
[35m[HTTP][39m [37m-->[39m [37mPOST[39m [37m/wd/hub/session/91c6b646-73e1-4dac-80b6-52d06c7e5d8d/timeouts[39m
[35m[HTTP][39m [90m{"implicit":30000}[39m
[35m[HTTP][39m [37m<-- POST /wd/hub/session/91c6b646-73e1-4dac-80b6-52d06c7e5d8d/timeouts [39m[32m200[39m [90m4 ms - 14[39m
[35m[HTTP][39m [90m[39m
[35m[HTTP][39m [37m-->[39m [37mPOST[39m [37m/wd/hub/session/91c6b646-73e1-4dac-80b6-52d06c7e5d8d/element/b38f0836-a819-4334-aee9-3840f6cbac80/clear[39m
[35m[HTTP][39m [90m{"id":"b38f0836-a819-4334-aee9-3840f6cbac80"}[39m
[35m[HTTP][39m [37m<-- POST /wd/hub/session/91c6b646-73e1-4dac-80b6-52d06c7e5d8d/element/b38f0836-a819-4334-aee9-3840f6cbac80/clear [39m[32m200[39m [90m42 ms - 27[39m
[35m[HTTP][39m [90m[39m
[35m[HTTP][39m [37m-->[39m [37mPOST[39m [37m/wd/hub/session/91c6b646-73e1-4dac-80b6-52d06c7e5d8d/element/b38f0836-a819-4334-aee9-3840f6cbac80/value[39m
[35m[HTTP][39m [90m{"id":"b38f0836-a819-4334-aee9-3840f6cbac80","text":"hkgyufi@hjdfj.com","value":["h","k","g","y","u","f","i","@","h","j","d","f","j",".","c","o","m"]}[39m
[35m[HTTP][39m [37m<-- POST /wd/hub/session/91c6b646-73e1-4dac-80b6-52d06c7e5d8d/element/b38f0836-a819-4334-aee9-3840f6cbac80/value [39m[32m200[39m [90m1093 ms - 12[39m
[35m[HTTP][39m [90m[39m
[35m[HTTP][39m [37m-->[39m [37mPOST[39m [37m/wd/hub/session/91c6b646-73e1-4dac-80b6-52d06c7e5d8d/timeouts[39m
[35m[HTTP][39m [90m{"implicit":50}[39m
[35m[HTTP][39m [37m<-- POST /wd/hub/session/91c6b646-73e1-4dac-80b6-52d06c7e5d8d/timeouts [39m[32m200[39m [90m4 ms - 14[39m
[35m[HTTP][39m [90m[39m
[35m[HTTP][39m [37m-->[39m [37mGET[39m [37m/wd/hub/session/91c6b646-73e1-4dac-80b6-52d06c7e5d8d/window/rect[39m
[35m[HTTP][39m [90m{}[39m
[35m[HTTP][39m [37m<-- GET /wd/hub/session/91c6b646-73e1-4dac-80b6-52d06c7e5d8d/window/rect [39m[32m200[39m [90m38 ms - 50[39m
[35m[HTTP][39m [90m[39m
[35m[HTTP][39m [37m-->[39m [37mPOST[39m [37m/wd/hub/session/91c6b646-73e1-4dac-80b6-52d06c7e5d8d/elements[39m
[35m[HTTP][39m [90m{"using":"-android uiautomator","value":"new UiSelector().className(\"android.widget.EditText\").text(\"Mobile Number\")"}[39m
[35m[HTTP][39m [37m<-- POST /wd/hub/session/91c6b646-73e1-4dac-80b6-52d06c7e5d8d/elements [39m[32m200[39m [90m431 ms - 139[39m
[35m[HTTP][39m [90m[39m
[35m[HTTP][39m [37m-->[39m [37mGET[39m [37m/wd/hub/session/91c6b646-73e1-4dac-80b6-52d06c7e5d8d/element/09c1970f-cf58-4385-81fa-df89d4ca043c/location[39m
[35m[HTTP][39m [90m{}[39m
[35m[W3C (91c6b646)][39m Driver proxy active, passing request on via HTTP proxy
[35m[WD Proxy][39m Replacing sessionId e778c2cf-b21e-4ae2-8922-099f888ac0a5 with 91c6b646-73e1-4dac-80b6-52d06c7e5d8d
[35m[HTTP][39m [37m<-- GET /wd/hub/session/91c6b646-73e1-4dac-80b6-52d06c7e5d8d/element/09c1970f-cf58-4385-81fa-df89d4ca043c/location [39m[32m200[39m [90m33 ms - 90[39m
[35m[HTTP][39m [90m[39m
[35m[HTTP][39m [37m-->[39m [37mPOST[39m [37m/wd/hub/session/91c6b646-73e1-4dac-80b6-52d06c7e5d8d/timeouts[39m
[35m[HTTP][39m [90m{"implicit":30000}[39m
[35m[HTTP][39m [37m<-- POST /wd/hub/session/91c6b646-73e1-4dac-80b6-52d06c7e5d8d/timeouts [39m[32m200[39m [90m2 ms - 14[39m
[35m[HTTP][39m [90m[39m
[35m[HTTP][39m [37m-->[39m [37mPOST[39m [37m/wd/hub/session/91c6b646-73e1-4dac-80b6-52d06c7e5d8d/element/09c1970f-cf58-4385-81fa-df89d4ca043c/clear[39m
[35m[HTTP][39m [90m{"id":"09c1970f-cf58-4385-81fa-df89d4ca043c"}[39m
[35m[HTTP][39m [37m<-- POST /wd/hub/session/91c6b646-73e1-4dac-80b6-52d06c7e5d8d/element/09c1970f-cf58-4385-81fa-df89d4ca043c/clear [39m[32m200[39m [90m26 ms - 27[39m
[35m[HTTP][39m [90m[39m
[35m[HTTP][39m [37m-->[39m [37mPOST[39m [37m/wd/hub/session/91c6b646-73e1-4dac-80b6-52d06c7e5d8d/element/09c1970f-cf58-4385-81fa-df89d4ca043c/value[39m
[35m[HTTP][39m [90m{"id":"09c1970f-cf58-4385-81fa-df89d4ca043c","text":"9812981298","value":["9","8","1","2","9","8","1","2","9","8"]}[39m
[35m[HTTP][39m [37m<-- POST /wd/hub/session/91c6b646-73e1-4dac-80b6-52d06c7e5d8d/element/09c1970f-cf58-4385-81fa-df89d4ca043c/value [39m[32m200[39m [90m1039 ms - 12[39m
[35m[HTTP][39m [90m[39m
[35m[HTTP][39m [37m-->[39m [37mPOST[39m [37m/wd/hub/session/91c6b646-73e1-4dac-80b6-52d06c7e5d8d/timeouts[39m
[35m[HTTP][39m [90m{"implicit":50}[39m
[35m[HTTP][39m [37m<-- POST /wd/hub/session/91c6b646-73e1-4dac-80b6-52d06c7e5d8d/timeouts [39m[32m200[39m [90m3 ms - 14[39m
[35m[HTTP][39m [90m[39m
[35m[HTTP][39m [37m-->[39m [37mGET[39m [37m/wd/hub/session/91c6b646-73e1-4dac-80b6-52d06c7e5d8d/window/rect[39m
[35m[HTTP][39m [90m{}[39m
[35m[HTTP][39m [37m<-- GET /wd/hub/session/91c6b646-73e1-4dac-80b6-52d06c7e5d8d/window/rect [39m[32m200[39m [90m25 ms - 50[39m
[35m[HTTP][39m [90m[39m
[35m[HTTP][39m [37m-->[39m [37mPOST[39m [37m/wd/hub/session/91c6b646-73e1-4dac-80b6-52d06c7e5d8d/elements[39m
[35m[HTTP][39m [90m{"using":"-android uiautomator","value":"new UiSelector().className(\"android.widget.EditText\").text(\"Password\")"}[39m
[35m[HTTP][39m [37m<-- POST /wd/hub/session/91c6b646-73e1-4dac-80b6-52d06c7e5d8d/elements [39m[32m200[39m [90m418 ms - 139[39m
[35m[HTTP][39m [90m[39m
[35m[HTTP][39m [37m-->[39m [37mGET[39m [37m/wd/hub/session/91c6b646-73e1-4dac-80b6-52d06c7e5d8d/element/35694058-34b7-486d-9f43-8ecc14323654/location[39m
[35m[HTTP][39m [90m{}[39m
[35m[W3C (91c6b646)][39m Driver proxy active, passing request on via HTTP proxy
[35m[WD Proxy][39m Replacing sessionId e778c2cf-b21e-4ae2-8922-099f888ac0a5 with 91c6b646-73e1-4dac-80b6-52d06c7e5d8d
[35m[HTTP][39m [37m<-- GET /wd/hub/session/91c6b646-73e1-4dac-80b6-52d06c7e5d8d/element/35694058-34b7-486d-9f43-8ecc14323654/location [39m[32m200[39m [90m26 ms - 90[39m
[35m[HTTP][39m [90m[39m
[35m[HTTP][39m [37m-->[39m [37mPOST[39m [37m/wd/hub/session/91c6b646-73e1-4dac-80b6-52d06c7e5d8d/timeouts[39m
[35m[HTTP][39m [90m{"implicit":30000}[39m
[35m[HTTP][39m [37m<-- POST /wd/hub/session/91c6b646-73e1-4dac-80b6-52d06c7e5d8d/timeouts [39m[32m200[39m [90m2 ms - 14[39m
[35m[HTTP][39m [90m[39m
[35m[HTTP][39m [37m-->[39m [37mPOST[39m [37m/wd/hub/session/91c6b646-73e1-4dac-80b6-52d06c7e5d8d/element/35694058-34b7-486d-9f43-8ecc14323654/clear[39m
[35m[HTTP][39m [90m{"id":"35694058-34b7-486d-9f43-8ecc14323654"}[39m
[35m[HTTP][39m [37m<-- POST /wd/hub/session/91c6b646-73e1-4dac-80b6-52d06c7e5d8d/element/35694058-34b7-486d-9f43-8ecc14323654/clear [39m[32m200[39m [90m27 ms - 27[39m
[35m[HTTP][39m [90m[39m
[35m[HTTP][39m [37m-->[39m [37mPOST[39m [37m/wd/hub/session/91c6b646-73e1-4dac-80b6-52d06c7e5d8d/element/35694058-34b7-486d-9f43-8ecc14323654/value[39m
[35m[HTTP][39m [90m{"id":"35694058-34b7-486d-9f43-8ecc14323654","text":"123456","value":["1","2","3","4","5","6"]}[39m
[35m[HTTP][39m [37m<-- POST /wd/hub/session/91c6b646-73e1-4dac-80b6-52d06c7e5d8d/element/35694058-34b7-486d-9f43-8ecc14323654/value [39m[32m200[39m [90m1066 ms - 12[39m
[35m[HTTP][39m [90m[39m
[35m[HTTP][39m [37m-->[39m [37mPOST[39m [37m/wd/hub/session/91c6b646-73e1-4dac-80b6-52d06c7e5d8d/timeouts[39m
[35m[HTTP][39m [90m{"implicit":50}[39m
[35m[HTTP][39m [37m<-- POST /wd/hub/session/91c6b646-73e1-4dac-80b6-52d06c7e5d8d/timeouts [39m[32m200[39m [90m4 ms - 14[39m
[35m[HTTP][39m [90m[39m
[35m[HTTP][39m [37m-->[39m [37mGET[39m [37m/wd/hub/session/91c6b646-73e1-4dac-80b6-52d06c7e5d8d/window/rect[39m
[35m[HTTP][39m [90m{}[39m
[35m[HTTP][39m [37m<-- GET /wd/hub/session/91c6b646-73e1-4dac-80b6-52d06c7e5d8d/window/rect [39m[32m200[39m [90m86 ms - 50[39m
[35m[HTTP][39m [90m[39m
[35m[HTTP][39m [37m-->[39m [37mPOST[39m [37m/wd/hub/session/91c6b646-73e1-4dac-80b6-52d06c7e5d8d/elements[39m
[35m[HTTP][39m [90m{"using":"-android uiautomator","value":"new UiSelector().className(\"android.widget.EditText\").text(\"Confirm password\")"}[39m
[35m[HTTP][39m [37m<-- POST /wd/hub/session/91c6b646-73e1-4dac-80b6-52d06c7e5d8d/elements [39m[32m200[39m [90m359 ms - 139[39m
[35m[HTTP][39m [90m[39m
[35m[HTTP][39m [37m-->[39m [37mGET[39m [37m/wd/hub/session/91c6b646-73e1-4dac-80b6-52d06c7e5d8d/element/b4e3abad-cd22-4b3d-93d7-627b08aaf404/location[39m
[35m[HTTP][39m [90m{}[39m
[35m[W3C (91c6b646)][39m Driver proxy active, passing request on via HTTP proxy
[35m[WD Proxy][39m Replacing sessionId e778c2cf-b21e-4ae2-8922-099f888ac0a5 with 91c6b646-73e1-4dac-80b6-52d06c7e5d8d
[35m[HTTP][39m [37m<-- GET /wd/hub/session/91c6b646-73e1-4dac-80b6-52d06c7e5d8d/element/b4e3abad-cd22-4b3d-93d7-627b08aaf404/location [39m[32m200[39m [90m70 ms - 90[39m
[35m[HTTP][39m [90m[39m
[35m[HTTP][39m [37m-->[39m [37mPOST[39m [37m/wd/hub/session/91c6b646-73e1-4dac-80b6-52d06c7e5d8d/timeouts[39m
[35m[HTTP][39m [90m{"implicit":30000}[39m
[35m[HTTP][39m [37m<-- POST /wd/hub/session/91c6b646-73e1-4dac-80b6-52d06c7e5d8d/timeouts [39m[32m200[39m [90m3 ms - 14[39m
[35m[HTTP][39m [90m[39m
[35m[HTTP][39m [37m-->[39m [37mPOST[39m [37m/wd/hub/session/91c6b646-73e1-4dac-80b6-52d06c7e5d8d/element/b4e3abad-cd22-4b3d-93d7-627b08aaf404/clear[39m
[35m[HTTP][39m [90m{"id":"b4e3abad-cd22-4b3d-93d7-627b08aaf404"}[39m
[35m[HTTP][39m [37m<-- POST /wd/hub/session/91c6b646-73e1-4dac-80b6-52d06c7e5d8d/element/b4e3abad-cd22-4b3d-93d7-627b08aaf404/clear [39m[32m200[39m [90m55 ms - 27[39m
[35m[HTTP][39m [90m[39m
[35m[HTTP][39m [37m-->[39m [37mPOST[39m [37m/wd/hub/session/91c6b646-73e1-4dac-80b6-52d06c7e5d8d/element/b4e3abad-cd22-4b3d-93d7-627b08aaf404/value[39m
[35m[HTTP][39m [90m{"id":"b4e3abad-cd22-4b3d-93d7-627b08aaf404","text":"123456","value":["1","2","3","4","5","6"]}[39m
[35m[HTTP][39m [37m<-- POST /wd/hub/session/91c6b646-73e1-4dac-80b6-52d06c7e5d8d/element/b4e3abad-cd22-4b3d-93d7-627b08aaf404/value [39m[32m200[39m [90m1157 ms - 12[39m
[35m[HTTP][39m [90m[39m
[35m[HTTP][39m [37m-->[39m [37mPOST[39m [37m/wd/hub/session/91c6b646-73e1-4dac-80b6-52d06c7e5d8d/timeouts[39m
[35m[HTTP][39m [90m{"implicit":50}[39m
[35m[HTTP][39m [37m<-- POST /wd/hub/session/91c6b646-73e1-4dac-80b6-52d06c7e5d8d/timeouts [39m[32m200[39m [90m3 ms - 14[39m
[35m[HTTP][39m [90m[39m
[35m[HTTP][39m [37m-->[39m [37mGET[39m [37m/wd/hub/session/91c6b646-73e1-4dac-80b6-52d06c7e5d8d/window/rect[39m
[35m[HTTP][39m [90m{}[39m
[35m[HTTP][39m [37m<-- GET /wd/hub/session/91c6b646-73e1-4dac-80b6-52d06c7e5d8d/window/rect [39m[32m200[39m [90m150 ms - 50[39m
[35m[HTTP][39m [90m[39m
[35m[HTTP][39m [37m-->[39m [37mPOST[39m [37m/wd/hub/session/91c6b646-73e1-4dac-80b6-52d06c7e5d8d/elements[39m
[35m[HTTP][39m [90m{"using":"-android uiautomator","value":"new UiSelector().className(\"android.widget.TextView\").text(\"Register\")"}[39m
[35m[HTTP][39m [37m<-- POST /wd/hub/session/91c6b646-73e1-4dac-80b6-52d06c7e5d8d/elements [39m[32m200[39m [90m403 ms - 267[39m
[35m[HTTP][39m [90m[39m
[35m[HTTP][39m [37m-->[39m [37mGET[39m [37m/wd/hub/session/91c6b646-73e1-4dac-80b6-52d06c7e5d8d/element/14501553-f174-4b45-8dd1-f7e18269e715/location[39m
[35m[HTTP][39m [90m{}[39m
[35m[W3C (91c6b646)][39m Driver proxy active, passing request on via HTTP proxy
[35m[WD Proxy][39m Replacing sessionId e778c2cf-b21e-4ae2-8922-099f888ac0a5 with 91c6b646-73e1-4dac-80b6-52d06c7e5d8d
[35m[HTTP][39m [37m<-- GET /wd/hub/session/91c6b646-73e1-4dac-80b6-52d06c7e5d8d/element/14501553-f174-4b45-8dd1-f7e18269e715/location [39m[32m200[39m [90m74 ms - 89[39m
[35m[HTTP][39m [90m[39m
[35m[HTTP][39m [37m-->[39m [37mPOST[39m [37m/wd/hub/session/91c6b646-73e1-4dac-80b6-52d06c7e5d8d/timeouts[39m
[35m[HTTP][39m [90m{"implicit":30000}[39m
[35m[HTTP][39m [37m<-- POST /wd/hub/session/91c6b646-73e1-4dac-80b6-52d06c7e5d8d/timeouts [39m[32m200[39m [90m2 ms - 14[39m
[35m[HTTP][39m [90m[39m
[35m[HTTP][39m [37m-->[39m [37mPOST[39m [37m/wd/hub/session/91c6b646-73e1-4dac-80b6-52d06c7e5d8d/touch/perform[39m
[35m[HTTP][39m [90m{"actions":[{"action":"tap","options":{"x":1,"y":1,"element":"14501553-f174-4b45-8dd1-f7e18269e715"}},{"action":"release","options":{}}]}[39m
[35m[UiAutomator2][39m calling get location: 14501553-f174-4b45-8dd1-f7e18269e715
[35m[HTTP][39m [37m<-- POST /wd/hub/session/91c6b646-73e1-4dac-80b6-52d06c7e5d8d/touch/perform [39m[32m200[39m [90m3300 ms - 14[39m
[35m[HTTP][39m [90m[39m
[35m[HTTP][39m [37m-->[39m [37mDELETE[39m [37m/wd/hub/session/91c6b646-73e1-4dac-80b6-52d06c7e5d8d[39m
[35m[HTTP][39m [90m{}[39m
[35m[Appium][39m Removing session 91c6b646-73e1-4dac-80b6-52d06c7e5d8d from our master session list
[35m[ADB][39m io.nativebase.market.geekyants.taxiappdriver was successfully uninstalled
[35m[UiAutomator2][39m Restoring hidden api policy to the device default configuration
[35m[HTTP][39m [37m<-- DELETE /wd/hub/session/91c6b646-73e1-4dac-80b6-52d06c7e5d8d [39m[32m200[39m [90m1943 ms - 14[39m
[35m[HTTP][39m [90m[39m
