[35m[Appium][39m Welcome to Appium v1.14.0
[35m[Appium][39m Non-default server args:
[35m[Appium][39m   port: 50776
[35m[Appium][39m   loglevel: info
[35m[Appium][39m   chromeDriverPort: 50777
[35m[Appium][39m   tmpDir: /var/folders/38/x4crs4qx0hn0r3_szny2t9sw0000gn/T//Katalon/Appium/Temp1565938273830
[35m[Appium][39m Appium REST http interface listener started on 0.0.0.0:50776
[35m[HTTP][39m [37m-->[39m [37mGET[39m [37m/wd/hub/status[39m
[35m[HTTP][39m [90m{}[39m
[35m[HTTP][39m [37m<-- GET /wd/hub/status [39m[32m200[39m [90m8 ms - 68[39m
[35m[HTTP][39m [90m[39m
[35m[HTTP][39m [37m-->[39m [37mPOST[39m [37m/wd/hub/session[39m
[35m[HTTP][39m [90m{"desiredCapabilities":{"app":"/Users/sumittulsyan/Downloads/app-release (1).apk","noReset":false,"deviceName":"emulator-5554 (Android SDK built for x86 - Android 7.0)","fullReset":true,"platform":"ANDROID","newCommandTimeout":1800,"platformVersion":"7.0","automationName":"uiautomator2","autoGrantPermissions":true,"platformName":"Android","udid":"emulator-5554","systemPort":50775},"capabilities":{"firstMatch":[{"appium:app":"/Users/sumittulsyan/Downloads/app-release (1).apk","appium:autoGrantPermissions":true,"appium:automationName":"uiautomator2","appium:deviceName":"emulator-5554 (Android SDK built for x86 - Android 7.0)","appium:fullReset":true,"appium:newCommandTimeout":1800,"appium:noReset":false,"platform":"ANDROID","platformName":"android","appium:platformVersion":"7.0","appium:systemPort":50775,"appium:udid":"emulator-5554"}]}}[39m
[35m[BaseDriver][39m The capabilities ["platform"] are not standard capabilities and should have an extension prefix
[35m[Appium][39m Appium v1.14.0 creating new AndroidUiautomator2Driver (v1.33.1) session
[35m[Appium][39m Capabilities:
[35m[Appium][39m   platform: ANDROID
[35m[Appium][39m   platformName: android
[35m[Appium][39m   app: /Users/sumittulsyan/Downloads/app-release (1).apk
[35m[Appium][39m   autoGrantPermissions: true
[35m[Appium][39m   automationName: uiautomator2
[35m[Appium][39m   deviceName: emulator-5554 (Android SDK built for x86 - Android 7.0)
[35m[Appium][39m   fullReset: true
[35m[Appium][39m   newCommandTimeout: 1800
[35m[Appium][39m   noReset: false
[35m[Appium][39m   platformVersion: 7.0
[35m[Appium][39m   systemPort: 50775
[35m[Appium][39m   udid: emulator-5554
[35m[BaseDriver][39m The following capabilities were provided, but are not recognized by Appium:
[35m[BaseDriver][39m   platform
[35m[BaseDriver][39m Session created with session id: 31c3e360-d9e9-4195-a9da-6a8d10b40b82
[35m[BaseDriver][39m Using local app '/Users/sumittulsyan/Downloads/app-release (1).apk'
[35m[ADB][39m Found 1 'build-tools' folders under '/Users/sumittulsyan/.katalon/tools/android_sdk' (newest first):
[35m[ADB][39m     /Users/sumittulsyan/.katalon/tools/android_sdk/build-tools/29.0.1
[35m[ADB][39m Using 'adb' from '/Users/sumittulsyan/.katalon/tools/android_sdk/platform-tools/adb'
[35m[AndroidDriver][39m Retrieving device list
[35m[AndroidDriver][39m Using device: emulator-5554
[35m[ADB][39m Using 'adb' from '/Users/sumittulsyan/.katalon/tools/android_sdk/platform-tools/adb'
[35m[ADB][39m Using 'apkanalyzer' from '/Users/sumittulsyan/.katalon/tools/android_sdk/tools/bin/apkanalyzer'
[35m[ADB][39m Using the alternative activity name detection method because of: Command '/Users/sumittulsyan/.katalon/tools/android_sdk/tools/bin/apkanalyzer -h manifest print '/Users/sumittulsyan/Downloads/app-release (1).apk'' exited with code 2
[35m[ADB][39m Using 'aapt' from '/Users/sumittulsyan/.katalon/tools/android_sdk/build-tools/29.0.1/aapt'
[35m[ADB][39m Extracting package and launch activity from manifest
[35m[ADB][39m Package name: 'io.nativebase.market.geekyants.taxiapprider'
[35m[ADB][39m Main activity name: 'io.nativebase.market.geekyants.taxiapprider.MainActivity'
[35m[ADB][39m Using 'apksigner' from '/Users/sumittulsyan/.katalon/tools/android_sdk/build-tools/29.0.1/apksigner'
[35m[UiAutomator2][39m Server packages are not going to be (re)installed
[35m[ADB][39m io.nativebase.market.geekyants.taxiapprider was successfully uninstalled
[35m[ADB][39m The application at '/Users/sumittulsyan/Downloads/app-release (1).apk' is already cached to '/data/local/tmp/appium_cache/319121ffd2a4e89e1742e996fe8df850b3a56b9f.apk'
[35m[ADB][39m The installation of 'app-release (1).apk' took 8.680s
[35m[UiAutomator2][39m Starting UIAutomator2 server 3.7.0
[35m[UiAutomator2][39m Using UIAutomator2 server from '/Users/sumittulsyan/Downloads/appium-mobile-test/node_modules/appium-uiautomator2-server/apks/appium-uiautomator2-server-v3.7.0.apk' and test from '/Users/sumittulsyan/Downloads/appium-mobile-test/node_modules/appium-uiautomator2-server/apks/appium-uiautomator2-server-debug-androidTest.apk'
[35m[UiAutomator2][39m Waiting up to 30000ms for UiAutomator2 to be online...
[35m[WD Proxy][39m Got an unexpected response: {"code":"ECONNRESET"}
[35m[AndroidDriver][39m Screen already unlocked, doing nothing
[35m[UiAutomator2][39m UiAutomator2 did not start the activity we were waiting for, 'io.nativebase.market.geekyants.taxiapprider/io.nativebase.market.geekyants.taxiapprider.MainActivity'. Starting it ourselves
[35m[Appium][39m New AndroidUiautomator2Driver session created successfully, session 31c3e360-d9e9-4195-a9da-6a8d10b40b82 added to master session list
[35m[HTTP][39m [37m<-- POST /wd/hub/session [39m[32m200[39m [90m21445 ms - 1279[39m
[35m[HTTP][39m [90m[39m
[35m[HTTP][39m [37m-->[39m [37mGET[39m [37m/wd/hub/session/31c3e360-d9e9-4195-a9da-6a8d10b40b82[39m
[35m[HTTP][39m [90m{}[39m
[35m[HTTP][39m [37m<-- GET /wd/hub/session/31c3e360-d9e9-4195-a9da-6a8d10b40b82 [39m[32m200[39m [90m55 ms - 1211[39m
[35m[HTTP][39m [90m[39m
[35m[HTTP][39m [37m-->[39m [37mGET[39m [37m/wd/hub/session/31c3e360-d9e9-4195-a9da-6a8d10b40b82[39m
[35m[HTTP][39m [90m{}[39m
[35m[HTTP][39m [37m<-- GET /wd/hub/session/31c3e360-d9e9-4195-a9da-6a8d10b40b82 [39m[32m200[39m [90m20 ms - 1211[39m
[35m[HTTP][39m [90m[39m
[35m[HTTP][39m [37m-->[39m [37mGET[39m [37m/wd/hub/status[39m
[35m[HTTP][39m [90m{}[39m
[35m[HTTP][39m [37m<-- GET /wd/hub/status [39m[32m200[39m [90m1 ms - 68[39m
[35m[HTTP][39m [90m[39m
[35m[HTTP][39m [37m-->[39m [37mPOST[39m [37m/wd/hub/session/31c3e360-d9e9-4195-a9da-6a8d10b40b82/timeouts[39m
[35m[HTTP][39m [90m{"implicit":30000}[39m
[35m[HTTP][39m [37m<-- POST /wd/hub/session/31c3e360-d9e9-4195-a9da-6a8d10b40b82/timeouts [39m[32m200[39m [90m4 ms - 14[39m
[35m[HTTP][39m [90m[39m
[35m[HTTP][39m [37m-->[39m [37mPOST[39m [37m/wd/hub/session/31c3e360-d9e9-4195-a9da-6a8d10b40b82/timeouts[39m
[35m[HTTP][39m [90m{"implicit":50}[39m
[35m[HTTP][39m [37m<-- POST /wd/hub/session/31c3e360-d9e9-4195-a9da-6a8d10b40b82/timeouts [39m[32m200[39m [90m3 ms - 14[39m
[35m[HTTP][39m [90m[39m
[35m[HTTP][39m [37m-->[39m [37mGET[39m [37m/wd/hub/session/31c3e360-d9e9-4195-a9da-6a8d10b40b82/window/rect[39m
[35m[HTTP][39m [90m{}[39m
[35m[HTTP][39m [37m<-- GET /wd/hub/session/31c3e360-d9e9-4195-a9da-6a8d10b40b82/window/rect [39m[32m200[39m [90m19 ms - 50[39m
[35m[HTTP][39m [90m[39m
[35m[HTTP][39m [37m-->[39m [37mPOST[39m [37m/wd/hub/session/31c3e360-d9e9-4195-a9da-6a8d10b40b82/elements[39m
[35m[HTTP][39m [90m{"using":"-android uiautomator","value":"new UiSelector().className(\"android.widget.TextView\").text(\"Sign In\")"}[39m
[35m[HTTP][39m [37m<-- POST /wd/hub/session/31c3e360-d9e9-4195-a9da-6a8d10b40b82/elements [39m[32m200[39m [90m574 ms - 12[39m
[35m[HTTP][39m [90m[39m
[35m[HTTP][39m [37m-->[39m [37mPOST[39m [37m/wd/hub/session/31c3e360-d9e9-4195-a9da-6a8d10b40b82/elements[39m
[35m[HTTP][39m [90m{"using":"-android uiautomator","value":"new UiSelector().className(\"android.widget.TextView\").text(\"Sign In\")"}[39m
[35m[HTTP][39m [37m<-- POST /wd/hub/session/31c3e360-d9e9-4195-a9da-6a8d10b40b82/elements [39m[32m200[39m [90m67 ms - 12[39m
[35m[HTTP][39m [90m[39m
[35m[HTTP][39m [37m-->[39m [37mPOST[39m [37m/wd/hub/session/31c3e360-d9e9-4195-a9da-6a8d10b40b82/elements[39m
[35m[HTTP][39m [90m{"using":"-android uiautomator","value":"new UiSelector().className(\"android.widget.TextView\").text(\"Sign In\")"}[39m
[35m[HTTP][39m [37m<-- POST /wd/hub/session/31c3e360-d9e9-4195-a9da-6a8d10b40b82/elements [39m[32m200[39m [90m1529 ms - 139[39m
[35m[HTTP][39m [90m[39m
[35m[HTTP][39m [37m-->[39m [37mGET[39m [37m/wd/hub/session/31c3e360-d9e9-4195-a9da-6a8d10b40b82/element/3b5a8e5a-6303-459b-97d0-8a0610833a8d/location[39m
[35m[HTTP][39m [90m{}[39m
[35m[W3C (31c3e360)][39m Driver proxy active, passing request on via HTTP proxy
[35m[WD Proxy][39m Replacing sessionId 503e0187-06bd-439e-ba65-9e7513c9efe0 with 31c3e360-d9e9-4195-a9da-6a8d10b40b82
[35m[HTTP][39m [37m<-- GET /wd/hub/session/31c3e360-d9e9-4195-a9da-6a8d10b40b82/element/3b5a8e5a-6303-459b-97d0-8a0610833a8d/location [39m[32m200[39m [90m41 ms - 90[39m
[35m[HTTP][39m [90m[39m
[35m[HTTP][39m [37m-->[39m [37mPOST[39m [37m/wd/hub/session/31c3e360-d9e9-4195-a9da-6a8d10b40b82/timeouts[39m
[35m[HTTP][39m [90m{"implicit":30000}[39m
[35m[HTTP][39m [37m<-- POST /wd/hub/session/31c3e360-d9e9-4195-a9da-6a8d10b40b82/timeouts [39m[32m200[39m [90m2 ms - 14[39m
[35m[HTTP][39m [90m[39m
[35m[HTTP][39m [37m-->[39m [37mPOST[39m [37m/wd/hub/session/31c3e360-d9e9-4195-a9da-6a8d10b40b82/touch/perform[39m
[35m[HTTP][39m [90m{"actions":[{"action":"tap","options":{"x":1,"y":1,"element":"3b5a8e5a-6303-459b-97d0-8a0610833a8d"}},{"action":"release","options":{}}]}[39m
[35m[UiAutomator2][39m calling get location: 3b5a8e5a-6303-459b-97d0-8a0610833a8d
[35m[HTTP][39m [37m<-- POST /wd/hub/session/31c3e360-d9e9-4195-a9da-6a8d10b40b82/touch/perform [39m[32m200[39m [90m1062 ms - 14[39m
[35m[HTTP][39m [90m[39m
[35m[HTTP][39m [37m-->[39m [37mPOST[39m [37m/wd/hub/session/31c3e360-d9e9-4195-a9da-6a8d10b40b82/timeouts[39m
[35m[HTTP][39m [90m{"implicit":50}[39m
[35m[HTTP][39m [37m<-- POST /wd/hub/session/31c3e360-d9e9-4195-a9da-6a8d10b40b82/timeouts [39m[32m200[39m [90m2 ms - 14[39m
[35m[HTTP][39m [90m[39m
[35m[HTTP][39m [37m-->[39m [37mGET[39m [37m/wd/hub/session/31c3e360-d9e9-4195-a9da-6a8d10b40b82/window/rect[39m
[35m[HTTP][39m [90m{}[39m
[35m[HTTP][39m [37m<-- GET /wd/hub/session/31c3e360-d9e9-4195-a9da-6a8d10b40b82/window/rect [39m[32m200[39m [90m44 ms - 50[39m
[35m[HTTP][39m [90m[39m
[35m[HTTP][39m [37m-->[39m [37mPOST[39m [37m/wd/hub/session/31c3e360-d9e9-4195-a9da-6a8d10b40b82/elements[39m
[35m[HTTP][39m [90m{"using":"-android uiautomator","value":"new UiSelector().className(\"android.widget.EditText\").text(\"Email\")"}[39m
[35m[HTTP][39m [37m<-- POST /wd/hub/session/31c3e360-d9e9-4195-a9da-6a8d10b40b82/elements [39m[32m200[39m [90m87 ms - 139[39m
[35m[HTTP][39m [90m[39m
[35m[HTTP][39m [37m-->[39m [37mGET[39m [37m/wd/hub/session/31c3e360-d9e9-4195-a9da-6a8d10b40b82/element/1966d7d6-9dba-4c7c-8ac5-f40f8122b401/location[39m
[35m[HTTP][39m [90m{}[39m
[35m[W3C (31c3e360)][39m Driver proxy active, passing request on via HTTP proxy
[35m[WD Proxy][39m Replacing sessionId 503e0187-06bd-439e-ba65-9e7513c9efe0 with 31c3e360-d9e9-4195-a9da-6a8d10b40b82
[35m[HTTP][39m [37m<-- GET /wd/hub/session/31c3e360-d9e9-4195-a9da-6a8d10b40b82/element/1966d7d6-9dba-4c7c-8ac5-f40f8122b401/location [39m[32m200[39m [90m49 ms - 89[39m
[35m[HTTP][39m [90m[39m
[35m[HTTP][39m [37m-->[39m [37mPOST[39m [37m/wd/hub/session/31c3e360-d9e9-4195-a9da-6a8d10b40b82/timeouts[39m
[35m[HTTP][39m [90m{"implicit":30000}[39m
[35m[HTTP][39m [37m<-- POST /wd/hub/session/31c3e360-d9e9-4195-a9da-6a8d10b40b82/timeouts [39m[32m200[39m [90m2 ms - 14[39m
[35m[HTTP][39m [90m[39m
[35m[HTTP][39m [37m-->[39m [37mPOST[39m [37m/wd/hub/session/31c3e360-d9e9-4195-a9da-6a8d10b40b82/element/1966d7d6-9dba-4c7c-8ac5-f40f8122b401/clear[39m
[35m[HTTP][39m [90m{"id":"1966d7d6-9dba-4c7c-8ac5-f40f8122b401"}[39m
[35m[HTTP][39m [37m<-- POST /wd/hub/session/31c3e360-d9e9-4195-a9da-6a8d10b40b82/element/1966d7d6-9dba-4c7c-8ac5-f40f8122b401/clear [39m[32m200[39m [90m64 ms - 27[39m
[35m[HTTP][39m [90m[39m
[35m[HTTP][39m [37m-->[39m [37mPOST[39m [37m/wd/hub/session/31c3e360-d9e9-4195-a9da-6a8d10b40b82/element/1966d7d6-9dba-4c7c-8ac5-f40f8122b401/value[39m
[35m[HTTP][39m [90m{"id":"1966d7d6-9dba-4c7c-8ac5-f40f8122b401","text":"taxirider@gmail.com","value":["t","a","x","i","r","i","d","e","r","@","g","m","a","i","l",".","c","o","m"]}[39m
[35m[HTTP][39m [37m<-- POST /wd/hub/session/31c3e360-d9e9-4195-a9da-6a8d10b40b82/element/1966d7d6-9dba-4c7c-8ac5-f40f8122b401/value [39m[32m200[39m [90m1054 ms - 12[39m
[35m[HTTP][39m [90m[39m
[35m[HTTP][39m [37m-->[39m [37mPOST[39m [37m/wd/hub/session/31c3e360-d9e9-4195-a9da-6a8d10b40b82/timeouts[39m
[35m[HTTP][39m [90m{"implicit":50}[39m
[35m[HTTP][39m [37m<-- POST /wd/hub/session/31c3e360-d9e9-4195-a9da-6a8d10b40b82/timeouts [39m[32m200[39m [90m10 ms - 14[39m
[35m[HTTP][39m [90m[39m
[35m[HTTP][39m [37m-->[39m [37mGET[39m [37m/wd/hub/session/31c3e360-d9e9-4195-a9da-6a8d10b40b82/window/rect[39m
[35m[HTTP][39m [90m{}[39m
[35m[HTTP][39m [37m<-- GET /wd/hub/session/31c3e360-d9e9-4195-a9da-6a8d10b40b82/window/rect [39m[32m200[39m [90m35 ms - 50[39m
[35m[HTTP][39m [90m[39m
[35m[HTTP][39m [37m-->[39m [37mPOST[39m [37m/wd/hub/session/31c3e360-d9e9-4195-a9da-6a8d10b40b82/elements[39m
[35m[HTTP][39m [90m{"using":"-android uiautomator","value":"new UiSelector().className(\"android.widget.EditText\").text(\"Password\")"}[39m
[35m[HTTP][39m [37m<-- POST /wd/hub/session/31c3e360-d9e9-4195-a9da-6a8d10b40b82/elements [39m[32m200[39m [90m377 ms - 139[39m
[35m[HTTP][39m [90m[39m
[35m[HTTP][39m [37m-->[39m [37mGET[39m [37m/wd/hub/session/31c3e360-d9e9-4195-a9da-6a8d10b40b82/element/7ccefbcd-312d-450a-905e-050f51e6fb8a/location[39m
[35m[HTTP][39m [90m{}[39m
[35m[W3C (31c3e360)][39m Driver proxy active, passing request on via HTTP proxy
[35m[WD Proxy][39m Replacing sessionId 503e0187-06bd-439e-ba65-9e7513c9efe0 with 31c3e360-d9e9-4195-a9da-6a8d10b40b82
[35m[HTTP][39m [37m<-- GET /wd/hub/session/31c3e360-d9e9-4195-a9da-6a8d10b40b82/element/7ccefbcd-312d-450a-905e-050f51e6fb8a/location [39m[32m200[39m [90m37 ms - 90[39m
[35m[HTTP][39m [90m[39m
[35m[HTTP][39m [37m-->[39m [37mPOST[39m [37m/wd/hub/session/31c3e360-d9e9-4195-a9da-6a8d10b40b82/timeouts[39m
[35m[HTTP][39m [90m{"implicit":30000}[39m
[35m[HTTP][39m [37m<-- POST /wd/hub/session/31c3e360-d9e9-4195-a9da-6a8d10b40b82/timeouts [39m[32m200[39m [90m3 ms - 14[39m
[35m[HTTP][39m [90m[39m
[35m[HTTP][39m [37m-->[39m [37mPOST[39m [37m/wd/hub/session/31c3e360-d9e9-4195-a9da-6a8d10b40b82/element/7ccefbcd-312d-450a-905e-050f51e6fb8a/clear[39m
[35m[HTTP][39m [90m{"id":"7ccefbcd-312d-450a-905e-050f51e6fb8a"}[39m
[35m[HTTP][39m [37m<-- POST /wd/hub/session/31c3e360-d9e9-4195-a9da-6a8d10b40b82/element/7ccefbcd-312d-450a-905e-050f51e6fb8a/clear [39m[32m200[39m [90m36 ms - 27[39m
[35m[HTTP][39m [90m[39m
[35m[HTTP][39m [37m-->[39m [37mPOST[39m [37m/wd/hub/session/31c3e360-d9e9-4195-a9da-6a8d10b40b82/element/7ccefbcd-312d-450a-905e-050f51e6fb8a/value[39m
[35m[HTTP][39m [90m{"id":"7ccefbcd-312d-450a-905e-050f51e6fb8a","text":"123456","value":["1","2","3","4","5","6"]}[39m
[35m[HTTP][39m [37m<-- POST /wd/hub/session/31c3e360-d9e9-4195-a9da-6a8d10b40b82/element/7ccefbcd-312d-450a-905e-050f51e6fb8a/value [39m[32m200[39m [90m1044 ms - 12[39m
[35m[HTTP][39m [90m[39m
[35m[HTTP][39m [37m-->[39m [37mPOST[39m [37m/wd/hub/session/31c3e360-d9e9-4195-a9da-6a8d10b40b82/timeouts[39m
[35m[HTTP][39m [90m{"implicit":50}[39m
[35m[HTTP][39m [37m<-- POST /wd/hub/session/31c3e360-d9e9-4195-a9da-6a8d10b40b82/timeouts [39m[32m200[39m [90m3 ms - 14[39m
[35m[HTTP][39m [90m[39m
[35m[HTTP][39m [37m-->[39m [37mGET[39m [37m/wd/hub/session/31c3e360-d9e9-4195-a9da-6a8d10b40b82/window/rect[39m
[35m[HTTP][39m [90m{}[39m
[35m[HTTP][39m [37m<-- GET /wd/hub/session/31c3e360-d9e9-4195-a9da-6a8d10b40b82/window/rect [39m[32m200[39m [90m14 ms - 50[39m
[35m[HTTP][39m [90m[39m
[35m[HTTP][39m [37m-->[39m [37mPOST[39m [37m/wd/hub/session/31c3e360-d9e9-4195-a9da-6a8d10b40b82/elements[39m
[35m[HTTP][39m [90m{"using":"xpath","value":"//hierarchy/android.widget.FrameLayout[1]/android.widget.LinearLayout[1]/android.widget.FrameLayout[1]/android.widget.LinearLayout[1]/android.widget.FrameLayout[1]/android.widget.FrameLayout[1]/android.view.ViewGroup[1]/android.view.ViewGroup[1]/android.view.ViewGroup[1]/android.view.ViewGroup[1]/android.support.v4.widget.DrawerLayout[1]/android.view.ViewGroup[1]/android.view.ViewGroup[1]/android.view.ViewGroup[1]/android.view.ViewGroup[1]/android.view.ViewGroup[1]/android.view.ViewGroup[1]/android.widget.ScrollView[1]/android.view.ViewGroup[1]/android.view.ViewGroup[7]/android.widget.TextView[1]"}[39m
[35m[HTTP][39m [37m<-- POST /wd/hub/session/31c3e360-d9e9-4195-a9da-6a8d10b40b82/elements [39m[32m200[39m [90m521 ms - 139[39m
[35m[HTTP][39m [90m[39m
[35m[HTTP][39m [37m-->[39m [37mGET[39m [37m/wd/hub/session/31c3e360-d9e9-4195-a9da-6a8d10b40b82/element/a3e30d90-ebff-44cd-bba3-b1bf45394791/location[39m
[35m[HTTP][39m [90m{}[39m
[35m[W3C (31c3e360)][39m Driver proxy active, passing request on via HTTP proxy
[35m[WD Proxy][39m Replacing sessionId 503e0187-06bd-439e-ba65-9e7513c9efe0 with 31c3e360-d9e9-4195-a9da-6a8d10b40b82
[35m[HTTP][39m [37m<-- GET /wd/hub/session/31c3e360-d9e9-4195-a9da-6a8d10b40b82/element/a3e30d90-ebff-44cd-bba3-b1bf45394791/location [39m[32m200[39m [90m13 ms - 90[39m
[35m[HTTP][39m [90m[39m
[35m[HTTP][39m [37m-->[39m [37mPOST[39m [37m/wd/hub/session/31c3e360-d9e9-4195-a9da-6a8d10b40b82/timeouts[39m
[35m[HTTP][39m [90m{"implicit":30000}[39m
[35m[HTTP][39m [37m<-- POST /wd/hub/session/31c3e360-d9e9-4195-a9da-6a8d10b40b82/timeouts [39m[32m200[39m [90m3 ms - 14[39m
[35m[HTTP][39m [90m[39m
[35m[HTTP][39m [37m-->[39m [37mPOST[39m [37m/wd/hub/session/31c3e360-d9e9-4195-a9da-6a8d10b40b82/touch/perform[39m
[35m[HTTP][39m [90m{"actions":[{"action":"tap","options":{"x":1,"y":1,"element":"a3e30d90-ebff-44cd-bba3-b1bf45394791"}},{"action":"release","options":{}}]}[39m
[35m[UiAutomator2][39m calling get location: a3e30d90-ebff-44cd-bba3-b1bf45394791
[35m[HTTP][39m [37m<-- POST /wd/hub/session/31c3e360-d9e9-4195-a9da-6a8d10b40b82/touch/perform [39m[32m200[39m [90m33 ms - 14[39m
[35m[HTTP][39m [90m[39m
[35m[HTTP][39m [37m-->[39m [37mPOST[39m [37m/wd/hub/session/31c3e360-d9e9-4195-a9da-6a8d10b40b82/timeouts[39m
[35m[HTTP][39m [90m{"implicit":50}[39m
[35m[HTTP][39m [37m<-- POST /wd/hub/session/31c3e360-d9e9-4195-a9da-6a8d10b40b82/timeouts [39m[32m200[39m [90m3 ms - 14[39m
[35m[HTTP][39m [90m[39m
[35m[HTTP][39m [37m-->[39m [37mGET[39m [37m/wd/hub/session/31c3e360-d9e9-4195-a9da-6a8d10b40b82/window/rect[39m
[35m[HTTP][39m [90m{}[39m
[35m[HTTP][39m [37m<-- GET /wd/hub/session/31c3e360-d9e9-4195-a9da-6a8d10b40b82/window/rect [39m[32m200[39m [90m28 ms - 50[39m
[35m[HTTP][39m [90m[39m
[35m[HTTP][39m [37m-->[39m [37mPOST[39m [37m/wd/hub/session/31c3e360-d9e9-4195-a9da-6a8d10b40b82/elements[39m
[35m[HTTP][39m [90m{"using":"-android uiautomator","value":"new UiSelector().className(\"android.widget.TextView\").text(\"Bannerghatta Main Road, BTM Layout, 2nd Stage, 2nd Main Road, No 18, First Floor, Bengaluru, Karnataka 560076, India\")"}[39m
[35m[HTTP][39m [37m<-- POST /wd/hub/session/31c3e360-d9e9-4195-a9da-6a8d10b40b82/elements [39m[32m200[39m [90m687 ms - 12[39m
[35m[HTTP][39m [90m[39m
[35m[HTTP][39m [37m-->[39m [37mPOST[39m [37m/wd/hub/session/31c3e360-d9e9-4195-a9da-6a8d10b40b82/elements[39m
[35m[HTTP][39m [90m{"using":"-android uiautomator","value":"new UiSelector().className(\"android.widget.TextView\").text(\"Bannerghatta Main Road, BTM Layout, 2nd Stage, 2nd Main Road, No 18, First Floor, Bengaluru, Karnataka 560076, India\")"}[39m
[35m[HTTP][39m [37m<-- POST /wd/hub/session/31c3e360-d9e9-4195-a9da-6a8d10b40b82/elements [39m[32m200[39m [90m74 ms - 12[39m
[35m[HTTP][39m [90m[39m
[35m[HTTP][39m [37m-->[39m [37mPOST[39m [37m/wd/hub/session/31c3e360-d9e9-4195-a9da-6a8d10b40b82/elements[39m
[35m[HTTP][39m [90m{"using":"-android uiautomator","value":"new UiSelector().className(\"android.widget.TextView\").text(\"Bannerghatta Main Road, BTM Layout, 2nd Stage, 2nd Main Road, No 18, First Floor, Bengaluru, Karnataka 560076, India\")"}[39m
[35m[HTTP][39m [37m<-- POST /wd/hub/session/31c3e360-d9e9-4195-a9da-6a8d10b40b82/elements [39m[32m200[39m [90m122 ms - 12[39m
[35m[HTTP][39m [90m[39m
[35m[HTTP][39m [37m-->[39m [37mPOST[39m [37m/wd/hub/session/31c3e360-d9e9-4195-a9da-6a8d10b40b82/elements[39m
[35m[HTTP][39m [90m{"using":"-android uiautomator","value":"new UiSelector().className(\"android.widget.TextView\").text(\"Bannerghatta Main Road, BTM Layout, 2nd Stage, 2nd Main Road, No 18, First Floor, Bengaluru, Karnataka 560076, India\")"}[39m
[35m[HTTP][39m [37m<-- POST /wd/hub/session/31c3e360-d9e9-4195-a9da-6a8d10b40b82/elements [39m[32m200[39m [90m192 ms - 12[39m
[35m[HTTP][39m [90m[39m
[35m[HTTP][39m [37m-->[39m [37mPOST[39m [37m/wd/hub/session/31c3e360-d9e9-4195-a9da-6a8d10b40b82/elements[39m
[35m[HTTP][39m [90m{"using":"-android uiautomator","value":"new UiSelector().className(\"android.widget.TextView\").text(\"Bannerghatta Main Road, BTM Layout, 2nd Stage, 2nd Main Road, No 18, First Floor, Bengaluru, Karnataka 560076, India\")"}[39m
[35m[HTTP][39m [37m<-- POST /wd/hub/session/31c3e360-d9e9-4195-a9da-6a8d10b40b82/elements [39m[32m200[39m [90m100 ms - 12[39m
[35m[HTTP][39m [90m[39m
[35m[HTTP][39m [37m-->[39m [37mPOST[39m [37m/wd/hub/session/31c3e360-d9e9-4195-a9da-6a8d10b40b82/elements[39m
[35m[HTTP][39m [90m{"using":"-android uiautomator","value":"new UiSelector().className(\"android.widget.TextView\").text(\"Bannerghatta Main Road, BTM Layout, 2nd Stage, 2nd Main Road, No 18, First Floor, Bengaluru, Karnataka 560076, India\")"}[39m
[35m[HTTP][39m [37m<-- POST /wd/hub/session/31c3e360-d9e9-4195-a9da-6a8d10b40b82/elements [39m[32m200[39m [90m118 ms - 12[39m
[35m[HTTP][39m [90m[39m
[35m[HTTP][39m [37m-->[39m [37mPOST[39m [37m/wd/hub/session/31c3e360-d9e9-4195-a9da-6a8d10b40b82/elements[39m
[35m[HTTP][39m [90m{"using":"-android uiautomator","value":"new UiSelector().className(\"android.widget.TextView\").text(\"Bannerghatta Main Road, BTM Layout, 2nd Stage, 2nd Main Road, No 18, First Floor, Bengaluru, Karnataka 560076, India\")"}[39m
[35m[HTTP][39m [37m<-- POST /wd/hub/session/31c3e360-d9e9-4195-a9da-6a8d10b40b82/elements [39m[32m200[39m [90m117 ms - 12[39m
[35m[HTTP][39m [90m[39m
[35m[HTTP][39m [37m-->[39m [37mPOST[39m [37m/wd/hub/session/31c3e360-d9e9-4195-a9da-6a8d10b40b82/elements[39m
[35m[HTTP][39m [90m{"using":"-android uiautomator","value":"new UiSelector().className(\"android.widget.TextView\").text(\"Bannerghatta Main Road, BTM Layout, 2nd Stage, 2nd Main Road, No 18, First Floor, Bengaluru, Karnataka 560076, India\")"}[39m
[35m[HTTP][39m [37m<-- POST /wd/hub/session/31c3e360-d9e9-4195-a9da-6a8d10b40b82/elements [39m[32m200[39m [90m157 ms - 12[39m
[35m[HTTP][39m [90m[39m
[35m[HTTP][39m [37m-->[39m [37mPOST[39m [37m/wd/hub/session/31c3e360-d9e9-4195-a9da-6a8d10b40b82/elements[39m
[35m[HTTP][39m [90m{"using":"-android uiautomator","value":"new UiSelector().className(\"android.widget.TextView\").text(\"Bannerghatta Main Road, BTM Layout, 2nd Stage, 2nd Main Road, No 18, First Floor, Bengaluru, Karnataka 560076, India\")"}[39m
[35m[HTTP][39m [37m<-- POST /wd/hub/session/31c3e360-d9e9-4195-a9da-6a8d10b40b82/elements [39m[32m200[39m [90m82 ms - 12[39m
[35m[HTTP][39m [90m[39m
[35m[HTTP][39m [37m-->[39m [37mPOST[39m [37m/wd/hub/session/31c3e360-d9e9-4195-a9da-6a8d10b40b82/elements[39m
[35m[HTTP][39m [90m{"using":"-android uiautomator","value":"new UiSelector().className(\"android.widget.TextView\").text(\"Bannerghatta Main Road, BTM Layout, 2nd Stage, 2nd Main Road, No 18, First Floor, Bengaluru, Karnataka 560076, India\")"}[39m
[35m[HTTP][39m [37m<-- POST /wd/hub/session/31c3e360-d9e9-4195-a9da-6a8d10b40b82/elements [39m[32m200[39m [90m87 ms - 12[39m
[35m[HTTP][39m [90m[39m
[35m[HTTP][39m [37m-->[39m [37mPOST[39m [37m/wd/hub/session/31c3e360-d9e9-4195-a9da-6a8d10b40b82/elements[39m
[35m[HTTP][39m [90m{"using":"-android uiautomator","value":"new UiSelector().className(\"android.widget.TextView\").text(\"Bannerghatta Main Road, BTM Layout, 2nd Stage, 2nd Main Road, No 18, First Floor, Bengaluru, Karnataka 560076, India\")"}[39m
[35m[HTTP][39m [37m<-- POST /wd/hub/session/31c3e360-d9e9-4195-a9da-6a8d10b40b82/elements [39m[32m200[39m [90m53 ms - 12[39m
[35m[HTTP][39m [90m[39m
[35m[HTTP][39m [37m-->[39m [37mPOST[39m [37m/wd/hub/session/31c3e360-d9e9-4195-a9da-6a8d10b40b82/elements[39m
[35m[HTTP][39m [90m{"using":"-android uiautomator","value":"new UiSelector().className(\"android.widget.TextView\").text(\"Bannerghatta Main Road, BTM Layout, 2nd Stage, 2nd Main Road, No 18, First Floor, Bengaluru, Karnataka 560076, India\")"}[39m
[35m[HTTP][39m [37m<-- POST /wd/hub/session/31c3e360-d9e9-4195-a9da-6a8d10b40b82/elements [39m[32m200[39m [90m108 ms - 12[39m
[35m[HTTP][39m [90m[39m
[35m[HTTP][39m [37m-->[39m [37mPOST[39m [37m/wd/hub/session/31c3e360-d9e9-4195-a9da-6a8d10b40b82/elements[39m
[35m[HTTP][39m [90m{"using":"-android uiautomator","value":"new UiSelector().className(\"android.widget.TextView\").text(\"Bannerghatta Main Road, BTM Layout, 2nd Stage, 2nd Main Road, No 18, First Floor, Bengaluru, Karnataka 560076, India\")"}[39m
[35m[HTTP][39m [37m<-- POST /wd/hub/session/31c3e360-d9e9-4195-a9da-6a8d10b40b82/elements [39m[32m200[39m [90m128 ms - 12[39m
[35m[HTTP][39m [90m[39m
[35m[HTTP][39m [37m-->[39m [37mPOST[39m [37m/wd/hub/session/31c3e360-d9e9-4195-a9da-6a8d10b40b82/elements[39m
[35m[HTTP][39m [90m{"using":"-android uiautomator","value":"new UiSelector().className(\"android.widget.TextView\").text(\"Bannerghatta Main Road, BTM Layout, 2nd Stage, 2nd Main Road, No 18, First Floor, Bengaluru, Karnataka 560076, India\")"}[39m
[35m[HTTP][39m [37m<-- POST /wd/hub/session/31c3e360-d9e9-4195-a9da-6a8d10b40b82/elements [39m[32m200[39m [90m115 ms - 12[39m
[35m[HTTP][39m [90m[39m
[35m[HTTP][39m [37m-->[39m [37mPOST[39m [37m/wd/hub/session/31c3e360-d9e9-4195-a9da-6a8d10b40b82/elements[39m
[35m[HTTP][39m [90m{"using":"-android uiautomator","value":"new UiSelector().className(\"android.widget.TextView\").text(\"Bannerghatta Main Road, BTM Layout, 2nd Stage, 2nd Main Road, No 18, First Floor, Bengaluru, Karnataka 560076, India\")"}[39m
[35m[HTTP][39m [37m<-- POST /wd/hub/session/31c3e360-d9e9-4195-a9da-6a8d10b40b82/elements [39m[32m200[39m [90m54 ms - 12[39m
[35m[HTTP][39m [90m[39m
[35m[HTTP][39m [37m-->[39m [37mPOST[39m [37m/wd/hub/session/31c3e360-d9e9-4195-a9da-6a8d10b40b82/elements[39m
[35m[HTTP][39m [90m{"using":"-android uiautomator","value":"new UiSelector().className(\"android.widget.TextView\").text(\"Bannerghatta Main Road, BTM Layout, 2nd Stage, 2nd Main Road, No 18, First Floor, Bengaluru, Karnataka 560076, India\")"}[39m
[35m[HTTP][39m [37m<-- POST /wd/hub/session/31c3e360-d9e9-4195-a9da-6a8d10b40b82/elements [39m[32m200[39m [90m937 ms - 12[39m
[35m[HTTP][39m [90m[39m
[35m[HTTP][39m [37m-->[39m [37mPOST[39m [37m/wd/hub/session/31c3e360-d9e9-4195-a9da-6a8d10b40b82/elements[39m
[35m[HTTP][39m [90m{"using":"-android uiautomator","value":"new UiSelector().className(\"android.widget.TextView\").text(\"Bannerghatta Main Road, BTM Layout, 2nd Stage, 2nd Main Road, No 18, First Floor, Bengaluru, Karnataka 560076, India\")"}[39m
[35m[HTTP][39m [37m<-- POST /wd/hub/session/31c3e360-d9e9-4195-a9da-6a8d10b40b82/elements [39m[32m200[39m [90m596 ms - 139[39m
[35m[HTTP][39m [90m[39m
[35m[HTTP][39m [37m-->[39m [37mGET[39m [37m/wd/hub/session/31c3e360-d9e9-4195-a9da-6a8d10b40b82/element/b930476d-ac7d-41fc-83c2-2c5e3ffc3ba4/location[39m
[35m[HTTP][39m [90m{}[39m
[35m[W3C (31c3e360)][39m Driver proxy active, passing request on via HTTP proxy
[35m[WD Proxy][39m Replacing sessionId 503e0187-06bd-439e-ba65-9e7513c9efe0 with 31c3e360-d9e9-4195-a9da-6a8d10b40b82
[35m[HTTP][39m [37m<-- GET /wd/hub/session/31c3e360-d9e9-4195-a9da-6a8d10b40b82/element/b930476d-ac7d-41fc-83c2-2c5e3ffc3ba4/location [39m[32m200[39m [90m31 ms - 89[39m
[35m[HTTP][39m [90m[39m
[35m[HTTP][39m [37m-->[39m [37mPOST[39m [37m/wd/hub/session/31c3e360-d9e9-4195-a9da-6a8d10b40b82/timeouts[39m
[35m[HTTP][39m [90m{"implicit":30000}[39m
[35m[HTTP][39m [37m<-- POST /wd/hub/session/31c3e360-d9e9-4195-a9da-6a8d10b40b82/timeouts [39m[32m200[39m [90m2 ms - 14[39m
[35m[HTTP][39m [90m[39m
[35m[HTTP][39m [37m-->[39m [37mPOST[39m [37m/wd/hub/session/31c3e360-d9e9-4195-a9da-6a8d10b40b82/touch/perform[39m
[35m[HTTP][39m [90m{"actions":[{"action":"tap","options":{"x":1,"y":1,"element":"b930476d-ac7d-41fc-83c2-2c5e3ffc3ba4"}},{"action":"release","options":{}}]}[39m
[35m[UiAutomator2][39m calling get location: b930476d-ac7d-41fc-83c2-2c5e3ffc3ba4
[35m[HTTP][39m [37m<-- POST /wd/hub/session/31c3e360-d9e9-4195-a9da-6a8d10b40b82/touch/perform [39m[32m200[39m [90m1534 ms - 14[39m
[35m[HTTP][39m [90m[39m
[35m[HTTP][39m [37m-->[39m [37mPOST[39m [37m/wd/hub/session/31c3e360-d9e9-4195-a9da-6a8d10b40b82/timeouts[39m
[35m[HTTP][39m [90m{"implicit":50}[39m
[35m[HTTP][39m [37m<-- POST /wd/hub/session/31c3e360-d9e9-4195-a9da-6a8d10b40b82/timeouts [39m[32m200[39m [90m2 ms - 14[39m
[35m[HTTP][39m [90m[39m
[35m[HTTP][39m [37m-->[39m [37mGET[39m [37m/wd/hub/session/31c3e360-d9e9-4195-a9da-6a8d10b40b82/window/rect[39m
[35m[HTTP][39m [90m{}[39m
[35m[HTTP][39m [37m<-- GET /wd/hub/session/31c3e360-d9e9-4195-a9da-6a8d10b40b82/window/rect [39m[32m200[39m [90m48 ms - 50[39m
[35m[HTTP][39m [90m[39m
[35m[HTTP][39m [37m-->[39m [37mPOST[39m [37m/wd/hub/session/31c3e360-d9e9-4195-a9da-6a8d10b40b82/elements[39m
[35m[HTTP][39m [90m{"using":"-android uiautomator","value":"new UiSelector().className(\"android.widget.EditText\").text(\"Search for locality or place\")"}[39m
[35m[HTTP][39m [37m<-- POST /wd/hub/session/31c3e360-d9e9-4195-a9da-6a8d10b40b82/elements [39m[32m200[39m [90m1641 ms - 139[39m
[35m[HTTP][39m [90m[39m
[35m[HTTP][39m [37m-->[39m [37mGET[39m [37m/wd/hub/session/31c3e360-d9e9-4195-a9da-6a8d10b40b82/element/f2158243-58a4-4f3a-adbb-daf897ee2538/location[39m
[35m[HTTP][39m [90m{}[39m
[35m[W3C (31c3e360)][39m Driver proxy active, passing request on via HTTP proxy
[35m[WD Proxy][39m Replacing sessionId 503e0187-06bd-439e-ba65-9e7513c9efe0 with 31c3e360-d9e9-4195-a9da-6a8d10b40b82
[35m[HTTP][39m [37m<-- GET /wd/hub/session/31c3e360-d9e9-4195-a9da-6a8d10b40b82/element/f2158243-58a4-4f3a-adbb-daf897ee2538/location [39m[32m200[39m [90m74 ms - 88[39m
[35m[HTTP][39m [90m[39m
[35m[HTTP][39m [37m-->[39m [37mPOST[39m [37m/wd/hub/session/31c3e360-d9e9-4195-a9da-6a8d10b40b82/timeouts[39m
[35m[HTTP][39m [90m{"implicit":30000}[39m
[35m[HTTP][39m [37m<-- POST /wd/hub/session/31c3e360-d9e9-4195-a9da-6a8d10b40b82/timeouts [39m[32m200[39m [90m5 ms - 14[39m
[35m[HTTP][39m [90m[39m
[35m[HTTP][39m [37m-->[39m [37mPOST[39m [37m/wd/hub/session/31c3e360-d9e9-4195-a9da-6a8d10b40b82/element/f2158243-58a4-4f3a-adbb-daf897ee2538/clear[39m
[35m[HTTP][39m [90m{"id":"f2158243-58a4-4f3a-adbb-daf897ee2538"}[39m
[35m[HTTP][39m [37m<-- POST /wd/hub/session/31c3e360-d9e9-4195-a9da-6a8d10b40b82/element/f2158243-58a4-4f3a-adbb-daf897ee2538/clear [39m[32m200[39m [90m247 ms - 27[39m
[35m[HTTP][39m [90m[39m
[35m[HTTP][39m [37m-->[39m [37mPOST[39m [37m/wd/hub/session/31c3e360-d9e9-4195-a9da-6a8d10b40b82/element/f2158243-58a4-4f3a-adbb-daf897ee2538/value[39m
[35m[HTTP][39m [90m{"id":"f2158243-58a4-4f3a-adbb-daf897ee2538","text":"geekyants","value":["g","e","e","k","y","a","n","t","s"]}[39m
[35m[HTTP][39m [37m<-- POST /wd/hub/session/31c3e360-d9e9-4195-a9da-6a8d10b40b82/element/f2158243-58a4-4f3a-adbb-daf897ee2538/value [39m[32m200[39m [90m1891 ms - 12[39m
[35m[HTTP][39m [90m[39m
[35m[HTTP][39m [37m-->[39m [37mPOST[39m [37m/wd/hub/session/31c3e360-d9e9-4195-a9da-6a8d10b40b82/timeouts[39m
[35m[HTTP][39m [90m{"implicit":50}[39m
[35m[HTTP][39m [37m<-- POST /wd/hub/session/31c3e360-d9e9-4195-a9da-6a8d10b40b82/timeouts [39m[32m200[39m [90m2 ms - 14[39m
[35m[HTTP][39m [90m[39m
[35m[HTTP][39m [37m-->[39m [37mGET[39m [37m/wd/hub/session/31c3e360-d9e9-4195-a9da-6a8d10b40b82/window/rect[39m
[35m[HTTP][39m [90m{}[39m
[35m[HTTP][39m [37m<-- GET /wd/hub/session/31c3e360-d9e9-4195-a9da-6a8d10b40b82/window/rect [39m[32m200[39m [90m33 ms - 50[39m
[35m[HTTP][39m [90m[39m
[35m[HTTP][39m [37m-->[39m [37mPOST[39m [37m/wd/hub/session/31c3e360-d9e9-4195-a9da-6a8d10b40b82/elements[39m
[35m[HTTP][39m [90m{"using":"-android uiautomator","value":"new UiSelector().className(\"android.widget.TextView\").text(\"GeekyAnts Software Pvt Ltd, Industrial Area, Stage 2, BTM 2nd Stage, Bengaluru, Karnataka, India\")"}[39m
[35m[HTTP][39m [37m<-- POST /wd/hub/session/31c3e360-d9e9-4195-a9da-6a8d10b40b82/elements [39m[32m200[39m [90m867 ms - 139[39m
[35m[HTTP][39m [90m[39m
[35m[HTTP][39m [37m-->[39m [37mGET[39m [37m/wd/hub/session/31c3e360-d9e9-4195-a9da-6a8d10b40b82/element/1b1a9035-c014-4783-89ca-66cd2a9aa8dd/location[39m
[35m[HTTP][39m [90m{}[39m
[35m[W3C (31c3e360)][39m Driver proxy active, passing request on via HTTP proxy
[35m[WD Proxy][39m Replacing sessionId 503e0187-06bd-439e-ba65-9e7513c9efe0 with 31c3e360-d9e9-4195-a9da-6a8d10b40b82
[35m[HTTP][39m [37m<-- GET /wd/hub/session/31c3e360-d9e9-4195-a9da-6a8d10b40b82/element/1b1a9035-c014-4783-89ca-66cd2a9aa8dd/location [39m[32m200[39m [90m28 ms - 88[39m
[35m[HTTP][39m [90m[39m
[35m[HTTP][39m [37m-->[39m [37mPOST[39m [37m/wd/hub/session/31c3e360-d9e9-4195-a9da-6a8d10b40b82/timeouts[39m
[35m[HTTP][39m [90m{"implicit":30000}[39m
[35m[HTTP][39m [37m<-- POST /wd/hub/session/31c3e360-d9e9-4195-a9da-6a8d10b40b82/timeouts [39m[32m200[39m [90m2 ms - 14[39m
[35m[HTTP][39m [90m[39m
[35m[HTTP][39m [37m-->[39m [37mPOST[39m [37m/wd/hub/session/31c3e360-d9e9-4195-a9da-6a8d10b40b82/touch/perform[39m
[35m[HTTP][39m [90m{"actions":[{"action":"tap","options":{"x":1,"y":1,"element":"1b1a9035-c014-4783-89ca-66cd2a9aa8dd"}},{"action":"release","options":{}}]}[39m
[35m[UiAutomator2][39m calling get location: 1b1a9035-c014-4783-89ca-66cd2a9aa8dd
[35m[HTTP][39m [37m<-- POST /wd/hub/session/31c3e360-d9e9-4195-a9da-6a8d10b40b82/touch/perform [39m[32m200[39m [90m1464 ms - 14[39m
[35m[HTTP][39m [90m[39m
[35m[HTTP][39m [37m-->[39m [37mPOST[39m [37m/wd/hub/session/31c3e360-d9e9-4195-a9da-6a8d10b40b82/timeouts[39m
[35m[HTTP][39m [90m{"implicit":50}[39m
[35m[HTTP][39m [37m<-- POST /wd/hub/session/31c3e360-d9e9-4195-a9da-6a8d10b40b82/timeouts [39m[32m200[39m [90m3 ms - 14[39m
[35m[HTTP][39m [90m[39m
[35m[HTTP][39m [37m-->[39m [37mGET[39m [37m/wd/hub/session/31c3e360-d9e9-4195-a9da-6a8d10b40b82/window/rect[39m
[35m[HTTP][39m [90m{}[39m
[35m[HTTP][39m [37m<-- GET /wd/hub/session/31c3e360-d9e9-4195-a9da-6a8d10b40b82/window/rect [39m[32m200[39m [90m17 ms - 50[39m
[35m[HTTP][39m [90m[39m
[35m[HTTP][39m [37m-->[39m [37mPOST[39m [37m/wd/hub/session/31c3e360-d9e9-4195-a9da-6a8d10b40b82/elements[39m
[35m[HTTP][39m [90m{"using":"-android uiautomator","value":"new UiSelector().className(\"android.widget.TextView\").text(\"Enter Drop Location\")"}[39m
[35m[HTTP][39m [37m<-- POST /wd/hub/session/31c3e360-d9e9-4195-a9da-6a8d10b40b82/elements [39m[32m200[39m [90m84 ms - 139[39m
[35m[HTTP][39m [90m[39m
[35m[HTTP][39m [37m-->[39m [37mGET[39m [37m/wd/hub/session/31c3e360-d9e9-4195-a9da-6a8d10b40b82/element/963fc24d-272b-4781-a172-d89fb6e7e3c8/location[39m
[35m[HTTP][39m [90m{}[39m
[35m[W3C (31c3e360)][39m Driver proxy active, passing request on via HTTP proxy
[35m[WD Proxy][39m Replacing sessionId 503e0187-06bd-439e-ba65-9e7513c9efe0 with 31c3e360-d9e9-4195-a9da-6a8d10b40b82
[35m[HTTP][39m [37m<-- GET /wd/hub/session/31c3e360-d9e9-4195-a9da-6a8d10b40b82/element/963fc24d-272b-4781-a172-d89fb6e7e3c8/location [39m[32m200[39m [90m49 ms - 89[39m
[35m[HTTP][39m [90m[39m
[35m[HTTP][39m [37m-->[39m [37mPOST[39m [37m/wd/hub/session/31c3e360-d9e9-4195-a9da-6a8d10b40b82/timeouts[39m
[35m[HTTP][39m [90m{"implicit":30000}[39m
[35m[HTTP][39m [37m<-- POST /wd/hub/session/31c3e360-d9e9-4195-a9da-6a8d10b40b82/timeouts [39m[32m200[39m [90m5 ms - 14[39m
[35m[HTTP][39m [90m[39m
[35m[HTTP][39m [37m-->[39m [37mPOST[39m [37m/wd/hub/session/31c3e360-d9e9-4195-a9da-6a8d10b40b82/touch/perform[39m
[35m[HTTP][39m [90m{"actions":[{"action":"tap","options":{"x":1,"y":1,"element":"963fc24d-272b-4781-a172-d89fb6e7e3c8"}},{"action":"release","options":{}}]}[39m
[35m[UiAutomator2][39m calling get location: 963fc24d-272b-4781-a172-d89fb6e7e3c8
[35m[HTTP][39m [37m<-- POST /wd/hub/session/31c3e360-d9e9-4195-a9da-6a8d10b40b82/touch/perform [39m[32m200[39m [90m2035 ms - 14[39m
[35m[HTTP][39m [90m[39m
[35m[HTTP][39m [37m-->[39m [37mPOST[39m [37m/wd/hub/session/31c3e360-d9e9-4195-a9da-6a8d10b40b82/timeouts[39m
[35m[HTTP][39m [90m{"implicit":50}[39m
[35m[HTTP][39m [37m<-- POST /wd/hub/session/31c3e360-d9e9-4195-a9da-6a8d10b40b82/timeouts [39m[32m200[39m [90m3 ms - 14[39m
[35m[HTTP][39m [90m[39m
[35m[HTTP][39m [37m-->[39m [37mGET[39m [37m/wd/hub/session/31c3e360-d9e9-4195-a9da-6a8d10b40b82/window/rect[39m
[35m[HTTP][39m [90m{}[39m
[35m[HTTP][39m [37m<-- GET /wd/hub/session/31c3e360-d9e9-4195-a9da-6a8d10b40b82/window/rect [39m[32m200[39m [90m20 ms - 50[39m
[35m[HTTP][39m [90m[39m
[35m[HTTP][39m [37m-->[39m [37mPOST[39m [37m/wd/hub/session/31c3e360-d9e9-4195-a9da-6a8d10b40b82/elements[39m
[35m[HTTP][39m [90m{"using":"-android uiautomator","value":"new UiSelector().className(\"android.widget.EditText\").text(\"Search for locality or place\")"}[39m
[35m[HTTP][39m [37m<-- POST /wd/hub/session/31c3e360-d9e9-4195-a9da-6a8d10b40b82/elements [39m[32m200[39m [90m71 ms - 139[39m
[35m[HTTP][39m [90m[39m
[35m[HTTP][39m [37m-->[39m [37mGET[39m [37m/wd/hub/session/31c3e360-d9e9-4195-a9da-6a8d10b40b82/element/c8ef78fd-f911-4001-86cc-ff6f3aab8aea/location[39m
[35m[HTTP][39m [90m{}[39m
[35m[W3C (31c3e360)][39m Driver proxy active, passing request on via HTTP proxy
[35m[WD Proxy][39m Replacing sessionId 503e0187-06bd-439e-ba65-9e7513c9efe0 with 31c3e360-d9e9-4195-a9da-6a8d10b40b82
[35m[HTTP][39m [37m<-- GET /wd/hub/session/31c3e360-d9e9-4195-a9da-6a8d10b40b82/element/c8ef78fd-f911-4001-86cc-ff6f3aab8aea/location [39m[32m200[39m [90m43 ms - 88[39m
[35m[HTTP][39m [90m[39m
[35m[HTTP][39m [37m-->[39m [37mPOST[39m [37m/wd/hub/session/31c3e360-d9e9-4195-a9da-6a8d10b40b82/timeouts[39m
[35m[HTTP][39m [90m{"implicit":30000}[39m
[35m[HTTP][39m [37m<-- POST /wd/hub/session/31c3e360-d9e9-4195-a9da-6a8d10b40b82/timeouts [39m[32m200[39m [90m4 ms - 14[39m
[35m[HTTP][39m [90m[39m
[35m[HTTP][39m [37m-->[39m [37mPOST[39m [37m/wd/hub/session/31c3e360-d9e9-4195-a9da-6a8d10b40b82/element/c8ef78fd-f911-4001-86cc-ff6f3aab8aea/clear[39m
[35m[HTTP][39m [90m{"id":"c8ef78fd-f911-4001-86cc-ff6f3aab8aea"}[39m
[35m[HTTP][39m [37m<-- POST /wd/hub/session/31c3e360-d9e9-4195-a9da-6a8d10b40b82/element/c8ef78fd-f911-4001-86cc-ff6f3aab8aea/clear [39m[32m200[39m [90m48 ms - 27[39m
[35m[HTTP][39m [90m[39m
[35m[HTTP][39m [37m-->[39m [37mPOST[39m [37m/wd/hub/session/31c3e360-d9e9-4195-a9da-6a8d10b40b82/element/c8ef78fd-f911-4001-86cc-ff6f3aab8aea/value[39m
[35m[HTTP][39m [90m{"id":"c8ef78fd-f911-4001-86cc-ff6f3aab8aea","text":"silk board","value":["s","i","l","k"," ","b","o","a","r","d"]}[39m
[35m[HTTP][39m [37m<-- POST /wd/hub/session/31c3e360-d9e9-4195-a9da-6a8d10b40b82/element/c8ef78fd-f911-4001-86cc-ff6f3aab8aea/value [39m[32m200[39m [90m1781 ms - 12[39m
[35m[HTTP][39m [90m[39m
[35m[HTTP][39m [37m-->[39m [37mPOST[39m [37m/wd/hub/session/31c3e360-d9e9-4195-a9da-6a8d10b40b82/timeouts[39m
[35m[HTTP][39m [90m{"implicit":50}[39m
[35m[HTTP][39m [37m<-- POST /wd/hub/session/31c3e360-d9e9-4195-a9da-6a8d10b40b82/timeouts [39m[32m200[39m [90m2 ms - 14[39m
[35m[HTTP][39m [90m[39m
[35m[HTTP][39m [37m-->[39m [37mGET[39m [37m/wd/hub/session/31c3e360-d9e9-4195-a9da-6a8d10b40b82/window/rect[39m
[35m[HTTP][39m [90m{}[39m
[35m[HTTP][39m [37m<-- GET /wd/hub/session/31c3e360-d9e9-4195-a9da-6a8d10b40b82/window/rect [39m[32m200[39m [90m88 ms - 50[39m
[35m[HTTP][39m [90m[39m
[35m[HTTP][39m [37m-->[39m [37mPOST[39m [37m/wd/hub/session/31c3e360-d9e9-4195-a9da-6a8d10b40b82/elements[39m
[35m[HTTP][39m [90m{"using":"-android uiautomator","value":"new UiSelector().className(\"android.widget.TextView\").text(\"Silk board bus stand, Central Silk Board Colony, Stage 2, BTM Layout, Bengaluru, Karnataka, India\")"}[39m
[35m[HTTP][39m [37m<-- POST /wd/hub/session/31c3e360-d9e9-4195-a9da-6a8d10b40b82/elements [39m[32m200[39m [90m905 ms - 139[39m
[35m[HTTP][39m [90m[39m
[35m[HTTP][39m [37m-->[39m [37mGET[39m [37m/wd/hub/session/31c3e360-d9e9-4195-a9da-6a8d10b40b82/element/61d63410-e277-43c8-b0ad-31b0ad9f2272/location[39m
[35m[HTTP][39m [90m{}[39m
[35m[W3C (31c3e360)][39m Driver proxy active, passing request on via HTTP proxy
[35m[WD Proxy][39m Replacing sessionId 503e0187-06bd-439e-ba65-9e7513c9efe0 with 31c3e360-d9e9-4195-a9da-6a8d10b40b82
[35m[HTTP][39m [37m<-- GET /wd/hub/session/31c3e360-d9e9-4195-a9da-6a8d10b40b82/element/61d63410-e277-43c8-b0ad-31b0ad9f2272/location [39m[32m200[39m [90m49 ms - 88[39m
[35m[HTTP][39m [90m[39m
[35m[HTTP][39m [37m-->[39m [37mPOST[39m [37m/wd/hub/session/31c3e360-d9e9-4195-a9da-6a8d10b40b82/timeouts[39m
[35m[HTTP][39m [90m{"implicit":30000}[39m
[35m[HTTP][39m [37m<-- POST /wd/hub/session/31c3e360-d9e9-4195-a9da-6a8d10b40b82/timeouts [39m[32m200[39m [90m1 ms - 14[39m
[35m[HTTP][39m [90m[39m
[35m[HTTP][39m [37m-->[39m [37mPOST[39m [37m/wd/hub/session/31c3e360-d9e9-4195-a9da-6a8d10b40b82/touch/perform[39m
[35m[HTTP][39m [90m{"actions":[{"action":"tap","options":{"x":1,"y":1,"element":"61d63410-e277-43c8-b0ad-31b0ad9f2272"}},{"action":"release","options":{}}]}[39m
[35m[UiAutomator2][39m calling get location: 61d63410-e277-43c8-b0ad-31b0ad9f2272
[35m[HTTP][39m [37m<-- POST /wd/hub/session/31c3e360-d9e9-4195-a9da-6a8d10b40b82/touch/perform [39m[32m200[39m [90m1309 ms - 14[39m
[35m[HTTP][39m [90m[39m
[35m[HTTP][39m [37m-->[39m [37mPOST[39m [37m/wd/hub/session/31c3e360-d9e9-4195-a9da-6a8d10b40b82/timeouts[39m
[35m[HTTP][39m [90m{"implicit":50}[39m
[35m[HTTP][39m [37m<-- POST /wd/hub/session/31c3e360-d9e9-4195-a9da-6a8d10b40b82/timeouts [39m[32m200[39m [90m3 ms - 14[39m
[35m[HTTP][39m [90m[39m
[35m[HTTP][39m [37m-->[39m [37mGET[39m [37m/wd/hub/session/31c3e360-d9e9-4195-a9da-6a8d10b40b82/window/rect[39m
[35m[HTTP][39m [90m{}[39m
[35m[HTTP][39m [37m<-- GET /wd/hub/session/31c3e360-d9e9-4195-a9da-6a8d10b40b82/window/rect [39m[32m200[39m [90m21 ms - 50[39m
[35m[HTTP][39m [90m[39m
[35m[HTTP][39m [37m-->[39m [37mPOST[39m [37m/wd/hub/session/31c3e360-d9e9-4195-a9da-6a8d10b40b82/elements[39m
[35m[HTTP][39m [90m{"using":"-android uiautomator","value":"new UiSelector().className(\"android.widget.TextView\").text(\"Book Ride\")"}[39m
[35m[HTTP][39m [37m<-- POST /wd/hub/session/31c3e360-d9e9-4195-a9da-6a8d10b40b82/elements [39m[32m200[39m [90m57 ms - 139[39m
[35m[HTTP][39m [90m[39m
[35m[HTTP][39m [37m-->[39m [37mGET[39m [37m/wd/hub/session/31c3e360-d9e9-4195-a9da-6a8d10b40b82/element/4f5b479a-95ee-45b0-b3ef-bed9ff6a6617/location[39m
[35m[HTTP][39m [90m{}[39m
[35m[W3C (31c3e360)][39m Driver proxy active, passing request on via HTTP proxy
[35m[WD Proxy][39m Replacing sessionId 503e0187-06bd-439e-ba65-9e7513c9efe0 with 31c3e360-d9e9-4195-a9da-6a8d10b40b82
[35m[HTTP][39m [37m<-- GET /wd/hub/session/31c3e360-d9e9-4195-a9da-6a8d10b40b82/element/4f5b479a-95ee-45b0-b3ef-bed9ff6a6617/location [39m[32m200[39m [90m22 ms - 90[39m
[35m[HTTP][39m [90m[39m
[35m[HTTP][39m [37m-->[39m [37mPOST[39m [37m/wd/hub/session/31c3e360-d9e9-4195-a9da-6a8d10b40b82/timeouts[39m
[35m[HTTP][39m [90m{"implicit":30000}[39m
[35m[HTTP][39m [37m<-- POST /wd/hub/session/31c3e360-d9e9-4195-a9da-6a8d10b40b82/timeouts [39m[32m200[39m [90m1 ms - 14[39m
[35m[HTTP][39m [90m[39m
[35m[HTTP][39m [37m-->[39m [37mPOST[39m [37m/wd/hub/session/31c3e360-d9e9-4195-a9da-6a8d10b40b82/touch/perform[39m
[35m[HTTP][39m [90m{"actions":[{"action":"tap","options":{"x":1,"y":1,"element":"4f5b479a-95ee-45b0-b3ef-bed9ff6a6617"}},{"action":"release","options":{}}]}[39m
[35m[UiAutomator2][39m calling get location: 4f5b479a-95ee-45b0-b3ef-bed9ff6a6617
[35m[HTTP][39m [37m<-- POST /wd/hub/session/31c3e360-d9e9-4195-a9da-6a8d10b40b82/touch/perform [39m[32m200[39m [90m890 ms - 14[39m
[35m[HTTP][39m [90m[39m
[35m[HTTP][39m [37m-->[39m [37mPOST[39m [37m/wd/hub/session/31c3e360-d9e9-4195-a9da-6a8d10b40b82/timeouts[39m
[35m[HTTP][39m [90m{"implicit":50}[39m
[35m[HTTP][39m [37m<-- POST /wd/hub/session/31c3e360-d9e9-4195-a9da-6a8d10b40b82/timeouts [39m[32m200[39m [90m2 ms - 14[39m
[35m[HTTP][39m [90m[39m
[35m[HTTP][39m [37m-->[39m [37mGET[39m [37m/wd/hub/session/31c3e360-d9e9-4195-a9da-6a8d10b40b82/window/rect[39m
[35m[HTTP][39m [90m{}[39m
[35m[HTTP][39m [37m<-- GET /wd/hub/session/31c3e360-d9e9-4195-a9da-6a8d10b40b82/window/rect [39m[32m200[39m [90m11 ms - 50[39m
[35m[HTTP][39m [90m[39m
[35m[HTTP][39m [37m-->[39m [37mPOST[39m [37m/wd/hub/session/31c3e360-d9e9-4195-a9da-6a8d10b40b82/elements[39m
[35m[HTTP][39m [90m{"using":"-android uiautomator","value":"new UiSelector().className(\"android.widget.TextView\").text(\"Request Taxi\")"}[39m
[35m[HTTP][39m [37m<-- POST /wd/hub/session/31c3e360-d9e9-4195-a9da-6a8d10b40b82/elements [39m[32m200[39m [90m48 ms - 139[39m
[35m[HTTP][39m [90m[39m
[35m[HTTP][39m [37m-->[39m [37mGET[39m [37m/wd/hub/session/31c3e360-d9e9-4195-a9da-6a8d10b40b82/element/01f092ac-c529-4042-aaed-1919729b8edb/location[39m
[35m[HTTP][39m [90m{}[39m
[35m[W3C (31c3e360)][39m Driver proxy active, passing request on via HTTP proxy
[35m[WD Proxy][39m Replacing sessionId 503e0187-06bd-439e-ba65-9e7513c9efe0 with 31c3e360-d9e9-4195-a9da-6a8d10b40b82
[35m[HTTP][39m [37m<-- GET /wd/hub/session/31c3e360-d9e9-4195-a9da-6a8d10b40b82/element/01f092ac-c529-4042-aaed-1919729b8edb/location [39m[32m200[39m [90m27 ms - 90[39m
[35m[HTTP][39m [90m[39m
[35m[HTTP][39m [37m-->[39m [37mPOST[39m [37m/wd/hub/session/31c3e360-d9e9-4195-a9da-6a8d10b40b82/timeouts[39m
[35m[HTTP][39m [90m{"implicit":30000}[39m
[35m[HTTP][39m [37m<-- POST /wd/hub/session/31c3e360-d9e9-4195-a9da-6a8d10b40b82/timeouts [39m[32m200[39m [90m2 ms - 14[39m
[35m[HTTP][39m [90m[39m
[35m[HTTP][39m [37m-->[39m [37mPOST[39m [37m/wd/hub/session/31c3e360-d9e9-4195-a9da-6a8d10b40b82/touch/perform[39m
[35m[HTTP][39m [90m{"actions":[{"action":"tap","options":{"x":1,"y":1,"element":"01f092ac-c529-4042-aaed-1919729b8edb"}},{"action":"release","options":{}}]}[39m
[35m[UiAutomator2][39m calling get location: 01f092ac-c529-4042-aaed-1919729b8edb
[35m[HTTP][39m [37m<-- POST /wd/hub/session/31c3e360-d9e9-4195-a9da-6a8d10b40b82/touch/perform [39m[32m200[39m [90m919 ms - 14[39m
[35m[HTTP][39m [90m[39m
[35m[BaseDriver][39m Shutting down because we waited 1800 seconds for a command
[35m[Appium][39m Closing session, cause was 'New Command Timeout of 1800 seconds expired. Try customizing the timeout using the 'newCommandTimeout' desired capability'
[35m[Appium][39m Removing session 31c3e360-d9e9-4195-a9da-6a8d10b40b82 from our master session list
[35m[WD Proxy][39m Got an unexpected response: {"code":"ECONNRESET"}
[35m[UiAutomator2][39m Did not get confirmation UiAutomator2 deleteSession worked; Error was: UnknownError: An unknown server-side error occurred while processing the command. Original error: Could not proxy command to remote server. Original error: Error: socket hang up
[35m[ADB][39m io.nativebase.market.geekyants.taxiapprider was not uninstalled, because it was not present on the device
[35m[Appium][39m Received SIGTERM - shutting down
