[35m[Appium][39m Welcome to Appium v1.14.0
[35m[Appium][39m Non-default server args:
[35m[Appium][39m   port: 52814
[35m[Appium][39m   loglevel: info
[35m[Appium][39m   chromeDriverPort: 52815
[35m[Appium][39m   tmpDir: /var/folders/38/x4crs4qx0hn0r3_szny2t9sw0000gn/T//Katalon/Appium/Temp1565895053780
[35m[Appium][39m Appium REST http interface listener started on 0.0.0.0:52814
[35m[HTTP][39m [37m-->[39m [37mGET[39m [37m/wd/hub/status[39m
[35m[HTTP][39m [90m{}[39m
[35m[HTTP][39m [37m<-- GET /wd/hub/status [39m[32m200[39m [90m7 ms - 68[39m
[35m[HTTP][39m [90m[39m
[35m[HTTP][39m [37m-->[39m [37mPOST[39m [37m/wd/hub/session[39m
[35m[HTTP][39m [90m{"desiredCapabilities":{"app":"/Users/sumittulsyan/Downloads/app-release (1).apk","noReset":false,"deviceName":"emulator-5554 (Android SDK built for x86 - Android 9)","fullReset":true,"platform":"ANDROID","newCommandTimeout":1800,"platformVersion":"9","automationName":"uiautomator2","autoGrantPermissions":true,"platformName":"Android","udid":"emulator-5554","systemPort":52813},"capabilities":{"firstMatch":[{"appium:app":"/Users/sumittulsyan/Downloads/app-release (1).apk","appium:autoGrantPermissions":true,"appium:automationName":"uiautomator2","appium:deviceName":"emulator-5554 (Android SDK built for x86 - Android 9)","appium:fullReset":true,"appium:newCommandTimeout":1800,"appium:noReset":false,"platform":"ANDROID","platformName":"android","appium:platformVersion":"9","appium:systemPort":52813,"appium:udid":"emulator-5554"}]}}[39m
[35m[BaseDriver][39m The capabilities ["platform"] are not standard capabilities and should have an extension prefix
[35m[Appium][39m Appium v1.14.0 creating new AndroidUiautomator2Driver (v1.33.1) session
[35m[Appium][39m Capabilities:
[35m[Appium][39m   platform: ANDROID
[35m[Appium][39m   platformName: android
[35m[Appium][39m   app: /Users/sumittulsyan/Downloads/app-release (1).apk
[35m[Appium][39m   autoGrantPermissions: true
[35m[Appium][39m   automationName: uiautomator2
[35m[Appium][39m   deviceName: emulator-5554 (Android SDK built for x86 - Android 9)
[35m[Appium][39m   fullReset: true
[35m[Appium][39m   newCommandTimeout: 1800
[35m[Appium][39m   noReset: false
[35m[Appium][39m   platformVersion: 9
[35m[Appium][39m   systemPort: 52813
[35m[Appium][39m   udid: emulator-5554
[35m[BaseDriver][39m The following capabilities were provided, but are not recognized by Appium:
[35m[BaseDriver][39m   platform
[35m[BaseDriver][39m Session created with session id: 54005048-3e46-43a6-8594-5936db9fa618
[35m[BaseDriver][39m Using local app '/Users/sumittulsyan/Downloads/app-release (1).apk'
[35m[ADB][39m Found 1 'build-tools' folders under '/Users/sumittulsyan/.katalon/tools/android_sdk' (newest first):
[35m[ADB][39m     /Users/sumittulsyan/.katalon/tools/android_sdk/build-tools/29.0.1
[35m[ADB][39m Using 'adb' from '/Users/sumittulsyan/.katalon/tools/android_sdk/platform-tools/adb'
[35m[AndroidDriver][39m Retrieving device list
[35m[AndroidDriver][39m Using device: emulator-5554
[35m[ADB][39m Using 'adb' from '/Users/sumittulsyan/.katalon/tools/android_sdk/platform-tools/adb'
[35m[UiAutomator2][39m Relaxing hidden api policy
[35m[ADB][39m Using 'apkanalyzer' from '/Users/sumittulsyan/.katalon/tools/android_sdk/tools/bin/apkanalyzer'
[35m[ADB][39m Using the alternative activity name detection method because of: Command '/Users/sumittulsyan/.katalon/tools/android_sdk/tools/bin/apkanalyzer -h manifest print '/Users/sumittulsyan/Downloads/app-release (1).apk'' exited with code 2
[35m[ADB][39m Using 'aapt' from '/Users/sumittulsyan/.katalon/tools/android_sdk/build-tools/29.0.1/aapt'
[35m[ADB][39m Extracting package and launch activity from manifest
[35m[ADB][39m Package name: 'io.nativebase.market.geekyants.taxiapprider'
[35m[ADB][39m Main activity name: 'io.nativebase.market.geekyants.taxiapprider.MainActivity'
[35m[ADB][39m Using 'apksigner' from '/Users/sumittulsyan/.katalon/tools/android_sdk/build-tools/29.0.1/apksigner'
[35m[UiAutomator2][39m Server packages are not going to be (re)installed
[35m[ADB][39m io.nativebase.market.geekyants.taxiapprider was successfully uninstalled
[35m[ADB][39m The application at '/Users/sumittulsyan/Downloads/app-release (1).apk' is already cached to '/data/local/tmp/appium_cache/319121ffd2a4e89e1742e996fe8df850b3a56b9f.apk'
[35m[ADB][39m The installation of 'app-release (1).apk' took 8.135s
[35m[UiAutomator2][39m Starting UIAutomator2 server 3.7.0
[35m[UiAutomator2][39m Using UIAutomator2 server from '/Users/sumittulsyan/Downloads/appium-mobile-test/node_modules/appium-uiautomator2-server/apks/appium-uiautomator2-server-v3.7.0.apk' and test from '/Users/sumittulsyan/Downloads/appium-mobile-test/node_modules/appium-uiautomator2-server/apks/appium-uiautomator2-server-debug-androidTest.apk'
[35m[UiAutomator2][39m Waiting up to 30000ms for UiAutomator2 to be online...
[35m[WD Proxy][39m Got an unexpected response: {"code":"ECONNRESET"}
[35m[WD Proxy][39m Got an unexpected response: {"code":"ECONNRESET"}
[35m[AndroidDriver][39m Screen already unlocked, doing nothing
[35m[UiAutomator2][39m UiAutomator2 did not start the activity we were waiting for, 'io.nativebase.market.geekyants.taxiapprider/io.nativebase.market.geekyants.taxiapprider.MainActivity'. Starting it ourselves
[35m[Appium][39m New AndroidUiautomator2Driver session created successfully, session 54005048-3e46-43a6-8594-5936db9fa618 added to master session list
[35m[HTTP][39m [37m<-- POST /wd/hub/session [39m[32m200[39m [90m24868 ms - 1271[39m
[35m[HTTP][39m [90m[39m
[35m[HTTP][39m [37m-->[39m [37mGET[39m [37m/wd/hub/session/54005048-3e46-43a6-8594-5936db9fa618[39m
[35m[HTTP][39m [90m{}[39m
[35m[HTTP][39m [37m<-- GET /wd/hub/session/54005048-3e46-43a6-8594-5936db9fa618 [39m[32m200[39m [90m107 ms - 1203[39m
[35m[HTTP][39m [90m[39m
[35m[HTTP][39m [37m-->[39m [37mGET[39m [37m/wd/hub/session/54005048-3e46-43a6-8594-5936db9fa618[39m
[35m[HTTP][39m [90m{}[39m
[35m[HTTP][39m [37m<-- GET /wd/hub/session/54005048-3e46-43a6-8594-5936db9fa618 [39m[32m200[39m [90m26 ms - 1203[39m
[35m[HTTP][39m [90m[39m
[35m[HTTP][39m [37m-->[39m [37mGET[39m [37m/wd/hub/status[39m
[35m[HTTP][39m [90m{}[39m
[35m[HTTP][39m [37m<-- GET /wd/hub/status [39m[32m200[39m [90m1 ms - 68[39m
[35m[HTTP][39m [90m[39m
[35m[HTTP][39m [37m-->[39m [37mPOST[39m [37m/wd/hub/session/54005048-3e46-43a6-8594-5936db9fa618/timeouts[39m
[35m[HTTP][39m [90m{"implicit":30000}[39m
[35m[HTTP][39m [37m<-- POST /wd/hub/session/54005048-3e46-43a6-8594-5936db9fa618/timeouts [39m[32m200[39m [90m4 ms - 14[39m
[35m[HTTP][39m [90m[39m
[35m[HTTP][39m [37m-->[39m [37mPOST[39m [37m/wd/hub/session/54005048-3e46-43a6-8594-5936db9fa618/timeouts[39m
[35m[HTTP][39m [90m{"implicit":50}[39m
[35m[HTTP][39m [37m<-- POST /wd/hub/session/54005048-3e46-43a6-8594-5936db9fa618/timeouts [39m[32m200[39m [90m2 ms - 14[39m
[35m[HTTP][39m [90m[39m
[35m[HTTP][39m [37m-->[39m [37mGET[39m [37m/wd/hub/session/54005048-3e46-43a6-8594-5936db9fa618/window/rect[39m
[35m[HTTP][39m [90m{}[39m
[35m[HTTP][39m [37m<-- GET /wd/hub/session/54005048-3e46-43a6-8594-5936db9fa618/window/rect [39m[32m200[39m [90m133 ms - 50[39m
[35m[HTTP][39m [90m[39m
[35m[HTTP][39m [37m-->[39m [37mPOST[39m [37m/wd/hub/session/54005048-3e46-43a6-8594-5936db9fa618/elements[39m
[35m[HTTP][39m [90m{"using":"-android uiautomator","value":"new UiSelector().className(\"android.widget.TextView\").text(\"Sign In\")"}[39m
[35m[HTTP][39m [37m<-- POST /wd/hub/session/54005048-3e46-43a6-8594-5936db9fa618/elements [39m[32m200[39m [90m98 ms - 12[39m
[35m[HTTP][39m [90m[39m
[35m[HTTP][39m [37m-->[39m [37mPOST[39m [37m/wd/hub/session/54005048-3e46-43a6-8594-5936db9fa618/elements[39m
[35m[HTTP][39m [90m{"using":"-android uiautomator","value":"new UiSelector().className(\"android.widget.TextView\").text(\"Sign In\")"}[39m
[35m[HTTP][39m [37m<-- POST /wd/hub/session/54005048-3e46-43a6-8594-5936db9fa618/elements [39m[32m200[39m [90m584 ms - 12[39m
[35m[HTTP][39m [90m[39m
[35m[HTTP][39m [37m-->[39m [37mPOST[39m [37m/wd/hub/session/54005048-3e46-43a6-8594-5936db9fa618/elements[39m
[35m[HTTP][39m [90m{"using":"-android uiautomator","value":"new UiSelector().className(\"android.widget.TextView\").text(\"Sign In\")"}[39m
[35m[HTTP][39m [37m<-- POST /wd/hub/session/54005048-3e46-43a6-8594-5936db9fa618/elements [39m[32m200[39m [90m594 ms - 12[39m
[35m[HTTP][39m [90m[39m
[35m[HTTP][39m [37m-->[39m [37mPOST[39m [37m/wd/hub/session/54005048-3e46-43a6-8594-5936db9fa618/elements[39m
[35m[HTTP][39m [90m{"using":"-android uiautomator","value":"new UiSelector().className(\"android.widget.TextView\").text(\"Sign In\")"}[39m
[35m[HTTP][39m [37m<-- POST /wd/hub/session/54005048-3e46-43a6-8594-5936db9fa618/elements [39m[32m200[39m [90m1517 ms - 139[39m
[35m[HTTP][39m [90m[39m
[35m[HTTP][39m [37m-->[39m [37mGET[39m [37m/wd/hub/session/54005048-3e46-43a6-8594-5936db9fa618/element/deffe2b3-20b7-4b0c-802a-2bf17187fea8/location[39m
[35m[HTTP][39m [90m{}[39m
[35m[W3C (54005048)][39m Driver proxy active, passing request on via HTTP proxy
[35m[WD Proxy][39m Replacing sessionId 059a16fc-a545-4de0-9dd7-0246c829a2f7 with 54005048-3e46-43a6-8594-5936db9fa618
[35m[HTTP][39m [37m<-- GET /wd/hub/session/54005048-3e46-43a6-8594-5936db9fa618/element/deffe2b3-20b7-4b0c-802a-2bf17187fea8/location [39m[32m200[39m [90m36 ms - 90[39m
[35m[HTTP][39m [90m[39m
[35m[HTTP][39m [37m-->[39m [37mPOST[39m [37m/wd/hub/session/54005048-3e46-43a6-8594-5936db9fa618/timeouts[39m
[35m[HTTP][39m [90m{"implicit":30000}[39m
[35m[HTTP][39m [37m<-- POST /wd/hub/session/54005048-3e46-43a6-8594-5936db9fa618/timeouts [39m[32m200[39m [90m1 ms - 14[39m
[35m[HTTP][39m [90m[39m
[35m[HTTP][39m [37m-->[39m [37mPOST[39m [37m/wd/hub/session/54005048-3e46-43a6-8594-5936db9fa618/touch/perform[39m
[35m[HTTP][39m [90m{"actions":[{"action":"tap","options":{"x":1,"y":1,"element":"deffe2b3-20b7-4b0c-802a-2bf17187fea8"}},{"action":"release","options":{}}]}[39m
[35m[UiAutomator2][39m calling get location: deffe2b3-20b7-4b0c-802a-2bf17187fea8
[35m[HTTP][39m [37m<-- POST /wd/hub/session/54005048-3e46-43a6-8594-5936db9fa618/touch/perform [39m[32m200[39m [90m1076 ms - 14[39m
[35m[HTTP][39m [90m[39m
[35m[HTTP][39m [37m-->[39m [37mPOST[39m [37m/wd/hub/session/54005048-3e46-43a6-8594-5936db9fa618/timeouts[39m
[35m[HTTP][39m [90m{"implicit":50}[39m
[35m[HTTP][39m [37m<-- POST /wd/hub/session/54005048-3e46-43a6-8594-5936db9fa618/timeouts [39m[32m200[39m [90m2 ms - 14[39m
[35m[HTTP][39m [90m[39m
[35m[HTTP][39m [37m-->[39m [37mGET[39m [37m/wd/hub/session/54005048-3e46-43a6-8594-5936db9fa618/window/rect[39m
[35m[HTTP][39m [90m{}[39m
[35m[HTTP][39m [37m<-- GET /wd/hub/session/54005048-3e46-43a6-8594-5936db9fa618/window/rect [39m[32m200[39m [90m29 ms - 50[39m
[35m[HTTP][39m [90m[39m
[35m[HTTP][39m [37m-->[39m [37mPOST[39m [37m/wd/hub/session/54005048-3e46-43a6-8594-5936db9fa618/elements[39m
[35m[HTTP][39m [90m{"using":"-android uiautomator","value":"new UiSelector().className(\"android.widget.EditText\").text(\"Email\")"}[39m
[35m[HTTP][39m [37m<-- POST /wd/hub/session/54005048-3e46-43a6-8594-5936db9fa618/elements [39m[32m200[39m [90m107 ms - 139[39m
[35m[HTTP][39m [90m[39m
[35m[HTTP][39m [37m-->[39m [37mGET[39m [37m/wd/hub/session/54005048-3e46-43a6-8594-5936db9fa618/element/cee5b1b9-300b-4fb6-b1c0-245b6dca7a5f/location[39m
[35m[HTTP][39m [90m{}[39m
[35m[W3C (54005048)][39m Driver proxy active, passing request on via HTTP proxy
[35m[WD Proxy][39m Replacing sessionId 059a16fc-a545-4de0-9dd7-0246c829a2f7 with 54005048-3e46-43a6-8594-5936db9fa618
[35m[HTTP][39m [37m<-- GET /wd/hub/session/54005048-3e46-43a6-8594-5936db9fa618/element/cee5b1b9-300b-4fb6-b1c0-245b6dca7a5f/location [39m[32m200[39m [90m64 ms - 90[39m
[35m[HTTP][39m [90m[39m
[35m[HTTP][39m [37m-->[39m [37mPOST[39m [37m/wd/hub/session/54005048-3e46-43a6-8594-5936db9fa618/timeouts[39m
[35m[HTTP][39m [90m{"implicit":30000}[39m
[35m[HTTP][39m [37m<-- POST /wd/hub/session/54005048-3e46-43a6-8594-5936db9fa618/timeouts [39m[32m200[39m [90m3 ms - 14[39m
[35m[HTTP][39m [90m[39m
[35m[HTTP][39m [37m-->[39m [37mPOST[39m [37m/wd/hub/session/54005048-3e46-43a6-8594-5936db9fa618/element/cee5b1b9-300b-4fb6-b1c0-245b6dca7a5f/clear[39m
[35m[HTTP][39m [90m{"id":"cee5b1b9-300b-4fb6-b1c0-245b6dca7a5f"}[39m
[35m[HTTP][39m [37m<-- POST /wd/hub/session/54005048-3e46-43a6-8594-5936db9fa618/element/cee5b1b9-300b-4fb6-b1c0-245b6dca7a5f/clear [39m[32m200[39m [90m66 ms - 27[39m
[35m[HTTP][39m [90m[39m
[35m[HTTP][39m [37m-->[39m [37mPOST[39m [37m/wd/hub/session/54005048-3e46-43a6-8594-5936db9fa618/element/cee5b1b9-300b-4fb6-b1c0-245b6dca7a5f/value[39m
[35m[HTTP][39m [90m{"id":"cee5b1b9-300b-4fb6-b1c0-245b6dca7a5f","text":"taxirider@gmail.com","value":["t","a","x","i","r","i","d","e","r","@","g","m","a","i","l",".","c","o","m"]}[39m
[35m[HTTP][39m [37m<-- POST /wd/hub/session/54005048-3e46-43a6-8594-5936db9fa618/element/cee5b1b9-300b-4fb6-b1c0-245b6dca7a5f/value [39m[32m200[39m [90m1098 ms - 12[39m
[35m[HTTP][39m [90m[39m
[35m[HTTP][39m [37m-->[39m [37mPOST[39m [37m/wd/hub/session/54005048-3e46-43a6-8594-5936db9fa618/timeouts[39m
[35m[HTTP][39m [90m{"implicit":50}[39m
[35m[HTTP][39m [37m<-- POST /wd/hub/session/54005048-3e46-43a6-8594-5936db9fa618/timeouts [39m[32m200[39m [90m3 ms - 14[39m
[35m[HTTP][39m [90m[39m
[35m[HTTP][39m [37m-->[39m [37mGET[39m [37m/wd/hub/session/54005048-3e46-43a6-8594-5936db9fa618/window/rect[39m
[35m[HTTP][39m [90m{}[39m
[35m[HTTP][39m [37m<-- GET /wd/hub/session/54005048-3e46-43a6-8594-5936db9fa618/window/rect [39m[32m200[39m [90m85 ms - 50[39m
[35m[HTTP][39m [90m[39m
[35m[HTTP][39m [37m-->[39m [37mPOST[39m [37m/wd/hub/session/54005048-3e46-43a6-8594-5936db9fa618/elements[39m
[35m[HTTP][39m [90m{"using":"-android uiautomator","value":"new UiSelector().className(\"android.widget.EditText\").text(\"Password\")"}[39m
[35m[HTTP][39m [37m<-- POST /wd/hub/session/54005048-3e46-43a6-8594-5936db9fa618/elements [39m[32m200[39m [90m445 ms - 139[39m
[35m[HTTP][39m [90m[39m
[35m[HTTP][39m [37m-->[39m [37mGET[39m [37m/wd/hub/session/54005048-3e46-43a6-8594-5936db9fa618/element/a0da930c-1c38-42d4-91d0-a36a9071d7c5/location[39m
[35m[HTTP][39m [90m{}[39m
[35m[W3C (54005048)][39m Driver proxy active, passing request on via HTTP proxy
[35m[WD Proxy][39m Replacing sessionId 059a16fc-a545-4de0-9dd7-0246c829a2f7 with 54005048-3e46-43a6-8594-5936db9fa618
[35m[HTTP][39m [37m<-- GET /wd/hub/session/54005048-3e46-43a6-8594-5936db9fa618/element/a0da930c-1c38-42d4-91d0-a36a9071d7c5/location [39m[32m200[39m [90m54 ms - 90[39m
[35m[HTTP][39m [90m[39m
[35m[HTTP][39m [37m-->[39m [37mPOST[39m [37m/wd/hub/session/54005048-3e46-43a6-8594-5936db9fa618/timeouts[39m
[35m[HTTP][39m [90m{"implicit":30000}[39m
[35m[HTTP][39m [37m<-- POST /wd/hub/session/54005048-3e46-43a6-8594-5936db9fa618/timeouts [39m[32m200[39m [90m2 ms - 14[39m
[35m[HTTP][39m [90m[39m
[35m[HTTP][39m [37m-->[39m [37mPOST[39m [37m/wd/hub/session/54005048-3e46-43a6-8594-5936db9fa618/element/a0da930c-1c38-42d4-91d0-a36a9071d7c5/clear[39m
[35m[HTTP][39m [90m{"id":"a0da930c-1c38-42d4-91d0-a36a9071d7c5"}[39m
[35m[HTTP][39m [37m<-- POST /wd/hub/session/54005048-3e46-43a6-8594-5936db9fa618/element/a0da930c-1c38-42d4-91d0-a36a9071d7c5/clear [39m[32m200[39m [90m42 ms - 27[39m
[35m[HTTP][39m [90m[39m
[35m[HTTP][39m [37m-->[39m [37mPOST[39m [37m/wd/hub/session/54005048-3e46-43a6-8594-5936db9fa618/element/a0da930c-1c38-42d4-91d0-a36a9071d7c5/value[39m
[35m[HTTP][39m [90m{"id":"a0da930c-1c38-42d4-91d0-a36a9071d7c5","text":"123456","value":["1","2","3","4","5","6"]}[39m
[35m[HTTP][39m [37m<-- POST /wd/hub/session/54005048-3e46-43a6-8594-5936db9fa618/element/a0da930c-1c38-42d4-91d0-a36a9071d7c5/value [39m[32m200[39m [90m1050 ms - 12[39m
[35m[HTTP][39m [90m[39m
[35m[HTTP][39m [37m-->[39m [37mPOST[39m [37m/wd/hub/session/54005048-3e46-43a6-8594-5936db9fa618/timeouts[39m
[35m[HTTP][39m [90m{"implicit":50}[39m
[35m[HTTP][39m [37m<-- POST /wd/hub/session/54005048-3e46-43a6-8594-5936db9fa618/timeouts [39m[32m200[39m [90m4 ms - 14[39m
[35m[HTTP][39m [90m[39m
[35m[HTTP][39m [37m-->[39m [37mGET[39m [37m/wd/hub/session/54005048-3e46-43a6-8594-5936db9fa618/window/rect[39m
[35m[HTTP][39m [90m{}[39m
[35m[HTTP][39m [37m<-- GET /wd/hub/session/54005048-3e46-43a6-8594-5936db9fa618/window/rect [39m[32m200[39m [90m18 ms - 50[39m
[35m[HTTP][39m [90m[39m
[35m[HTTP][39m [37m-->[39m [37mPOST[39m [37m/wd/hub/session/54005048-3e46-43a6-8594-5936db9fa618/elements[39m
[35m[HTTP][39m [90m{"using":"xpath","value":"//hierarchy/android.widget.FrameLayout[1]/android.widget.LinearLayout[1]/android.widget.FrameLayout[1]/android.widget.LinearLayout[1]/android.widget.FrameLayout[1]/android.widget.FrameLayout[1]/android.view.ViewGroup[1]/android.view.ViewGroup[1]/android.view.ViewGroup[1]/android.view.ViewGroup[1]/android.support.v4.widget.DrawerLayout[1]/android.view.ViewGroup[1]/android.view.ViewGroup[1]/android.view.ViewGroup[1]/android.view.ViewGroup[1]/android.view.ViewGroup[1]/android.view.ViewGroup[1]/android.widget.ScrollView[1]/android.view.ViewGroup[1]/android.view.ViewGroup[7]/android.widget.TextView[1]"}[39m
[35m[HTTP][39m [37m<-- POST /wd/hub/session/54005048-3e46-43a6-8594-5936db9fa618/elements [39m[32m200[39m [90m650 ms - 139[39m
[35m[HTTP][39m [90m[39m
[35m[HTTP][39m [37m-->[39m [37mGET[39m [37m/wd/hub/session/54005048-3e46-43a6-8594-5936db9fa618/element/c150cec3-8f9c-4a2d-b9f0-27b87c67bc98/location[39m
[35m[HTTP][39m [90m{}[39m
[35m[W3C (54005048)][39m Driver proxy active, passing request on via HTTP proxy
[35m[WD Proxy][39m Replacing sessionId 059a16fc-a545-4de0-9dd7-0246c829a2f7 with 54005048-3e46-43a6-8594-5936db9fa618
[35m[HTTP][39m [37m<-- GET /wd/hub/session/54005048-3e46-43a6-8594-5936db9fa618/element/c150cec3-8f9c-4a2d-b9f0-27b87c67bc98/location [39m[32m200[39m [90m24 ms - 90[39m
[35m[HTTP][39m [90m[39m
[35m[HTTP][39m [37m-->[39m [37mPOST[39m [37m/wd/hub/session/54005048-3e46-43a6-8594-5936db9fa618/timeouts[39m
[35m[HTTP][39m [90m{"implicit":30000}[39m
[35m[HTTP][39m [37m<-- POST /wd/hub/session/54005048-3e46-43a6-8594-5936db9fa618/timeouts [39m[32m200[39m [90m2 ms - 14[39m
[35m[HTTP][39m [90m[39m
[35m[HTTP][39m [37m-->[39m [37mPOST[39m [37m/wd/hub/session/54005048-3e46-43a6-8594-5936db9fa618/touch/perform[39m
[35m[HTTP][39m [90m{"actions":[{"action":"tap","options":{"x":1,"y":1,"element":"c150cec3-8f9c-4a2d-b9f0-27b87c67bc98"}},{"action":"release","options":{}}]}[39m
[35m[UiAutomator2][39m calling get location: c150cec3-8f9c-4a2d-b9f0-27b87c67bc98
[35m[HTTP][39m [37m<-- POST /wd/hub/session/54005048-3e46-43a6-8594-5936db9fa618/touch/perform [39m[32m200[39m [90m51 ms - 14[39m
[35m[HTTP][39m [90m[39m
[35m[HTTP][39m [37m-->[39m [37mPOST[39m [37m/wd/hub/session/54005048-3e46-43a6-8594-5936db9fa618/timeouts[39m
[35m[HTTP][39m [90m{"implicit":50}[39m
[35m[HTTP][39m [37m<-- POST /wd/hub/session/54005048-3e46-43a6-8594-5936db9fa618/timeouts [39m[32m200[39m [90m3 ms - 14[39m
[35m[HTTP][39m [90m[39m
[35m[HTTP][39m [37m-->[39m [37mGET[39m [37m/wd/hub/session/54005048-3e46-43a6-8594-5936db9fa618/window/rect[39m
[35m[HTTP][39m [90m{}[39m
[35m[HTTP][39m [37m<-- GET /wd/hub/session/54005048-3e46-43a6-8594-5936db9fa618/window/rect [39m[32m200[39m [90m24 ms - 50[39m
[35m[HTTP][39m [90m[39m
[35m[HTTP][39m [37m-->[39m [37mPOST[39m [37m/wd/hub/session/54005048-3e46-43a6-8594-5936db9fa618/elements[39m
[35m[HTTP][39m [90m{"using":"-android uiautomator","value":"new UiSelector().className(\"android.widget.TextView\").text(\"4, Ranka Colony Rd, Munivenkatppa Layout, Bilekahalli, Bengaluru, Karnataka 560076, India\")"}[39m
[35m[HTTP][39m [37m<-- POST /wd/hub/session/54005048-3e46-43a6-8594-5936db9fa618/elements [39m[32m200[39m [90m762 ms - 12[39m
[35m[HTTP][39m [90m[39m
[35m[HTTP][39m [37m-->[39m [37mPOST[39m [37m/wd/hub/session/54005048-3e46-43a6-8594-5936db9fa618/elements[39m
[35m[HTTP][39m [90m{"using":"-android uiautomator","value":"new UiSelector().className(\"android.widget.TextView\").text(\"4, Ranka Colony Rd, Munivenkatppa Layout, Bilekahalli, Bengaluru, Karnataka 560076, India\")"}[39m
[35m[HTTP][39m [37m<-- POST /wd/hub/session/54005048-3e46-43a6-8594-5936db9fa618/elements [39m[32m200[39m [90m167 ms - 12[39m
[35m[HTTP][39m [90m[39m
[35m[HTTP][39m [37m-->[39m [37mPOST[39m [37m/wd/hub/session/54005048-3e46-43a6-8594-5936db9fa618/elements[39m
[35m[HTTP][39m [90m{"using":"-android uiautomator","value":"new UiSelector().className(\"android.widget.TextView\").text(\"4, Ranka Colony Rd, Munivenkatppa Layout, Bilekahalli, Bengaluru, Karnataka 560076, India\")"}[39m
[35m[HTTP][39m [37m<-- POST /wd/hub/session/54005048-3e46-43a6-8594-5936db9fa618/elements [39m[32m200[39m [90m158 ms - 12[39m
[35m[HTTP][39m [90m[39m
[35m[HTTP][39m [37m-->[39m [37mPOST[39m [37m/wd/hub/session/54005048-3e46-43a6-8594-5936db9fa618/elements[39m
[35m[HTTP][39m [90m{"using":"-android uiautomator","value":"new UiSelector().className(\"android.widget.TextView\").text(\"4, Ranka Colony Rd, Munivenkatppa Layout, Bilekahalli, Bengaluru, Karnataka 560076, India\")"}[39m
[35m[HTTP][39m [37m<-- POST /wd/hub/session/54005048-3e46-43a6-8594-5936db9fa618/elements [39m[32m200[39m [90m613 ms - 12[39m
[35m[HTTP][39m [90m[39m
[35m[HTTP][39m [37m-->[39m [37mPOST[39m [37m/wd/hub/session/54005048-3e46-43a6-8594-5936db9fa618/elements[39m
[35m[HTTP][39m [90m{"using":"-android uiautomator","value":"new UiSelector().className(\"android.widget.TextView\").text(\"4, Ranka Colony Rd, Munivenkatppa Layout, Bilekahalli, Bengaluru, Karnataka 560076, India\")"}[39m
[35m[HTTP][39m [37m<-- POST /wd/hub/session/54005048-3e46-43a6-8594-5936db9fa618/elements [39m[32m200[39m [90m75 ms - 12[39m
[35m[HTTP][39m [90m[39m
[35m[HTTP][39m [37m-->[39m [37mPOST[39m [37m/wd/hub/session/54005048-3e46-43a6-8594-5936db9fa618/elements[39m
[35m[HTTP][39m [90m{"using":"-android uiautomator","value":"new UiSelector().className(\"android.widget.TextView\").text(\"4, Ranka Colony Rd, Munivenkatppa Layout, Bilekahalli, Bengaluru, Karnataka 560076, India\")"}[39m
[35m[HTTP][39m [37m<-- POST /wd/hub/session/54005048-3e46-43a6-8594-5936db9fa618/elements [39m[32m200[39m [90m152 ms - 12[39m
[35m[HTTP][39m [90m[39m
[35m[HTTP][39m [37m-->[39m [37mPOST[39m [37m/wd/hub/session/54005048-3e46-43a6-8594-5936db9fa618/elements[39m
[35m[HTTP][39m [90m{"using":"-android uiautomator","value":"new UiSelector().className(\"android.widget.TextView\").text(\"4, Ranka Colony Rd, Munivenkatppa Layout, Bilekahalli, Bengaluru, Karnataka 560076, India\")"}[39m
[35m[HTTP][39m [37m<-- POST /wd/hub/session/54005048-3e46-43a6-8594-5936db9fa618/elements [39m[32m200[39m [90m276 ms - 12[39m
[35m[HTTP][39m [90m[39m
[35m[HTTP][39m [37m-->[39m [37mPOST[39m [37m/wd/hub/session/54005048-3e46-43a6-8594-5936db9fa618/elements[39m
[35m[HTTP][39m [90m{"using":"-android uiautomator","value":"new UiSelector().className(\"android.widget.TextView\").text(\"4, Ranka Colony Rd, Munivenkatppa Layout, Bilekahalli, Bengaluru, Karnataka 560076, India\")"}[39m
[35m[HTTP][39m [37m<-- POST /wd/hub/session/54005048-3e46-43a6-8594-5936db9fa618/elements [39m[32m200[39m [90m267 ms - 12[39m
[35m[HTTP][39m [90m[39m
[35m[HTTP][39m [37m-->[39m [37mPOST[39m [37m/wd/hub/session/54005048-3e46-43a6-8594-5936db9fa618/elements[39m
[35m[HTTP][39m [90m{"using":"-android uiautomator","value":"new UiSelector().className(\"android.widget.TextView\").text(\"4, Ranka Colony Rd, Munivenkatppa Layout, Bilekahalli, Bengaluru, Karnataka 560076, India\")"}[39m
[35m[HTTP][39m [37m<-- POST /wd/hub/session/54005048-3e46-43a6-8594-5936db9fa618/elements [39m[32m200[39m [90m1548 ms - 12[39m
[35m[HTTP][39m [90m[39m
[35m[HTTP][39m [37m-->[39m [37mPOST[39m [37m/wd/hub/session/54005048-3e46-43a6-8594-5936db9fa618/elements[39m
[35m[HTTP][39m [90m{"using":"-android uiautomator","value":"new UiSelector().className(\"android.widget.TextView\").text(\"4, Ranka Colony Rd, Munivenkatppa Layout, Bilekahalli, Bengaluru, Karnataka 560076, India\")"}[39m
[35m[HTTP][39m [37m<-- POST /wd/hub/session/54005048-3e46-43a6-8594-5936db9fa618/elements [39m[32m200[39m [90m666 ms - 12[39m
[35m[HTTP][39m [90m[39m
[35m[HTTP][39m [37m-->[39m [37mPOST[39m [37m/wd/hub/session/54005048-3e46-43a6-8594-5936db9fa618/elements[39m
[35m[HTTP][39m [90m{"using":"-android uiautomator","value":"new UiSelector().className(\"android.widget.TextView\").text(\"4, Ranka Colony Rd, Munivenkatppa Layout, Bilekahalli, Bengaluru, Karnataka 560076, India\")"}[39m
[35m[HTTP][39m [37m<-- POST /wd/hub/session/54005048-3e46-43a6-8594-5936db9fa618/elements [39m[32m200[39m [90m689 ms - 12[39m
[35m[HTTP][39m [90m[39m
[35m[HTTP][39m [37m-->[39m [37mPOST[39m [37m/wd/hub/session/54005048-3e46-43a6-8594-5936db9fa618/elements[39m
[35m[HTTP][39m [90m{"using":"-android uiautomator","value":"new UiSelector().className(\"android.widget.TextView\").text(\"4, Ranka Colony Rd, Munivenkatppa Layout, Bilekahalli, Bengaluru, Karnataka 560076, India\")"}[39m
[35m[HTTP][39m [37m<-- POST /wd/hub/session/54005048-3e46-43a6-8594-5936db9fa618/elements [39m[32m200[39m [90m643 ms - 12[39m
[35m[HTTP][39m [90m[39m
[35m[HTTP][39m [37m-->[39m [37mPOST[39m [37m/wd/hub/session/54005048-3e46-43a6-8594-5936db9fa618/elements[39m
[35m[HTTP][39m [90m{"using":"-android uiautomator","value":"new UiSelector().className(\"android.widget.TextView\").text(\"4, Ranka Colony Rd, Munivenkatppa Layout, Bilekahalli, Bengaluru, Karnataka 560076, India\")"}[39m
[35m[HTTP][39m [37m<-- POST /wd/hub/session/54005048-3e46-43a6-8594-5936db9fa618/elements [39m[32m200[39m [90m2143 ms - 12[39m
[35m[HTTP][39m [90m[39m
[35m[HTTP][39m [37m-->[39m [37mPOST[39m [37m/wd/hub/session/54005048-3e46-43a6-8594-5936db9fa618/elements[39m
[35m[HTTP][39m [90m{"using":"-android uiautomator","value":"new UiSelector().className(\"android.widget.TextView\").text(\"4, Ranka Colony Rd, Munivenkatppa Layout, Bilekahalli, Bengaluru, Karnataka 560076, India\")"}[39m
[35m[HTTP][39m [37m<-- POST /wd/hub/session/54005048-3e46-43a6-8594-5936db9fa618/elements [39m[32m200[39m [90m590 ms - 12[39m
[35m[HTTP][39m [90m[39m
[35m[HTTP][39m [37m-->[39m [37mPOST[39m [37m/wd/hub/session/54005048-3e46-43a6-8594-5936db9fa618/elements[39m
[35m[HTTP][39m [90m{"using":"-android uiautomator","value":"new UiSelector().className(\"android.widget.TextView\").text(\"4, Ranka Colony Rd, Munivenkatppa Layout, Bilekahalli, Bengaluru, Karnataka 560076, India\")"}[39m
[35m[HTTP][39m [37m<-- POST /wd/hub/session/54005048-3e46-43a6-8594-5936db9fa618/elements [39m[32m200[39m [90m684 ms - 12[39m
[35m[HTTP][39m [90m[39m
[35m[HTTP][39m [37m-->[39m [37mPOST[39m [37m/wd/hub/session/54005048-3e46-43a6-8594-5936db9fa618/elements[39m
[35m[HTTP][39m [90m{"using":"-android uiautomator","value":"new UiSelector().className(\"android.widget.TextView\").text(\"4, Ranka Colony Rd, Munivenkatppa Layout, Bilekahalli, Bengaluru, Karnataka 560076, India\")"}[39m
[35m[HTTP][39m [37m<-- POST /wd/hub/session/54005048-3e46-43a6-8594-5936db9fa618/elements [39m[32m200[39m [90m555 ms - 12[39m
[35m[HTTP][39m [90m[39m
[35m[HTTP][39m [37m-->[39m [37mPOST[39m [37m/wd/hub/session/54005048-3e46-43a6-8594-5936db9fa618/elements[39m
[35m[HTTP][39m [90m{"using":"-android uiautomator","value":"new UiSelector().className(\"android.widget.TextView\").text(\"4, Ranka Colony Rd, Munivenkatppa Layout, Bilekahalli, Bengaluru, Karnataka 560076, India\")"}[39m
[35m[HTTP][39m [37m<-- POST /wd/hub/session/54005048-3e46-43a6-8594-5936db9fa618/elements [39m[32m200[39m [90m558 ms - 12[39m
[35m[HTTP][39m [90m[39m
[35m[HTTP][39m [37m-->[39m [37mPOST[39m [37m/wd/hub/session/54005048-3e46-43a6-8594-5936db9fa618/elements[39m
[35m[HTTP][39m [90m{"using":"-android uiautomator","value":"new UiSelector().className(\"android.widget.TextView\").text(\"4, Ranka Colony Rd, Munivenkatppa Layout, Bilekahalli, Bengaluru, Karnataka 560076, India\")"}[39m
[35m[HTTP][39m [37m<-- POST /wd/hub/session/54005048-3e46-43a6-8594-5936db9fa618/elements [39m[32m200[39m [90m777 ms - 12[39m
[35m[HTTP][39m [90m[39m
[35m[HTTP][39m [37m-->[39m [37mPOST[39m [37m/wd/hub/session/54005048-3e46-43a6-8594-5936db9fa618/elements[39m
[35m[HTTP][39m [90m{"using":"-android uiautomator","value":"new UiSelector().className(\"android.widget.TextView\").text(\"4, Ranka Colony Rd, Munivenkatppa Layout, Bilekahalli, Bengaluru, Karnataka 560076, India\")"}[39m
[35m[HTTP][39m [37m<-- POST /wd/hub/session/54005048-3e46-43a6-8594-5936db9fa618/elements [39m[32m200[39m [90m709 ms - 12[39m
[35m[HTTP][39m [90m[39m
[35m[HTTP][39m [37m-->[39m [37mPOST[39m [37m/wd/hub/session/54005048-3e46-43a6-8594-5936db9fa618/elements[39m
[35m[HTTP][39m [90m{"using":"-android uiautomator","value":"new UiSelector().className(\"android.widget.TextView\").text(\"4, Ranka Colony Rd, Munivenkatppa Layout, Bilekahalli, Bengaluru, Karnataka 560076, India\")"}[39m
[35m[HTTP][39m [37m<-- POST /wd/hub/session/54005048-3e46-43a6-8594-5936db9fa618/elements [39m[32m200[39m [90m613 ms - 12[39m
[35m[HTTP][39m [90m[39m
[35m[HTTP][39m [37m-->[39m [37mPOST[39m [37m/wd/hub/session/54005048-3e46-43a6-8594-5936db9fa618/elements[39m
[35m[HTTP][39m [90m{"using":"-android uiautomator","value":"new UiSelector().className(\"android.widget.TextView\").text(\"4, Ranka Colony Rd, Munivenkatppa Layout, Bilekahalli, Bengaluru, Karnataka 560076, India\")"}[39m
[35m[HTTP][39m [37m<-- POST /wd/hub/session/54005048-3e46-43a6-8594-5936db9fa618/elements [39m[32m200[39m [90m736 ms - 12[39m
[35m[HTTP][39m [90m[39m
[35m[HTTP][39m [37m-->[39m [37mPOST[39m [37m/wd/hub/session/54005048-3e46-43a6-8594-5936db9fa618/elements[39m
[35m[HTTP][39m [90m{"using":"-android uiautomator","value":"new UiSelector().className(\"android.widget.TextView\").text(\"4, Ranka Colony Rd, Munivenkatppa Layout, Bilekahalli, Bengaluru, Karnataka 560076, India\")"}[39m
[35m[HTTP][39m [37m<-- POST /wd/hub/session/54005048-3e46-43a6-8594-5936db9fa618/elements [39m[32m200[39m [90m416 ms - 12[39m
[35m[HTTP][39m [90m[39m
[35m[HTTP][39m [37m-->[39m [37mPOST[39m [37m/wd/hub/session/54005048-3e46-43a6-8594-5936db9fa618/elements[39m
[35m[HTTP][39m [90m{"using":"-android uiautomator","value":"new UiSelector().className(\"android.widget.TextView\").text(\"4, Ranka Colony Rd, Munivenkatppa Layout, Bilekahalli, Bengaluru, Karnataka 560076, India\")"}[39m
[35m[HTTP][39m [37m<-- POST /wd/hub/session/54005048-3e46-43a6-8594-5936db9fa618/elements [39m[32m200[39m [90m539 ms - 12[39m
[35m[HTTP][39m [90m[39m
[35m[HTTP][39m [37m-->[39m [37mPOST[39m [37m/wd/hub/session/54005048-3e46-43a6-8594-5936db9fa618/elements[39m
[35m[HTTP][39m [90m{"using":"-android uiautomator","value":"new UiSelector().className(\"android.widget.TextView\").text(\"4, Ranka Colony Rd, Munivenkatppa Layout, Bilekahalli, Bengaluru, Karnataka 560076, India\")"}[39m
[35m[HTTP][39m [37m<-- POST /wd/hub/session/54005048-3e46-43a6-8594-5936db9fa618/elements [39m[32m200[39m [90m562 ms - 12[39m
[35m[HTTP][39m [90m[39m
[35m[HTTP][39m [37m-->[39m [37mPOST[39m [37m/wd/hub/session/54005048-3e46-43a6-8594-5936db9fa618/elements[39m
[35m[HTTP][39m [90m{"using":"-android uiautomator","value":"new UiSelector().className(\"android.widget.TextView\").text(\"4, Ranka Colony Rd, Munivenkatppa Layout, Bilekahalli, Bengaluru, Karnataka 560076, India\")"}[39m
[35m[HTTP][39m [37m<-- POST /wd/hub/session/54005048-3e46-43a6-8594-5936db9fa618/elements [39m[32m200[39m [90m667 ms - 12[39m
[35m[HTTP][39m [90m[39m
[35m[HTTP][39m [37m-->[39m [37mPOST[39m [37m/wd/hub/session/54005048-3e46-43a6-8594-5936db9fa618/elements[39m
[35m[HTTP][39m [90m{"using":"-android uiautomator","value":"new UiSelector().className(\"android.widget.TextView\").text(\"4, Ranka Colony Rd, Munivenkatppa Layout, Bilekahalli, Bengaluru, Karnataka 560076, India\")"}[39m
[35m[HTTP][39m [37m<-- POST /wd/hub/session/54005048-3e46-43a6-8594-5936db9fa618/elements [39m[32m200[39m [90m642 ms - 12[39m
[35m[HTTP][39m [90m[39m
[35m[HTTP][39m [37m-->[39m [37mPOST[39m [37m/wd/hub/session/54005048-3e46-43a6-8594-5936db9fa618/elements[39m
[35m[HTTP][39m [90m{"using":"-android uiautomator","value":"new UiSelector().className(\"android.widget.TextView\").text(\"4, Ranka Colony Rd, Munivenkatppa Layout, Bilekahalli, Bengaluru, Karnataka 560076, India\")"}[39m
[35m[HTTP][39m [37m<-- POST /wd/hub/session/54005048-3e46-43a6-8594-5936db9fa618/elements [39m[32m200[39m [90m915 ms - 12[39m
[35m[HTTP][39m [90m[39m
[35m[HTTP][39m [37m-->[39m [37mPOST[39m [37m/wd/hub/session/54005048-3e46-43a6-8594-5936db9fa618/elements[39m
[35m[HTTP][39m [90m{"using":"-android uiautomator","value":"new UiSelector().className(\"android.widget.TextView\").text(\"4, Ranka Colony Rd, Munivenkatppa Layout, Bilekahalli, Bengaluru, Karnataka 560076, India\")"}[39m
[35m[HTTP][39m [37m<-- POST /wd/hub/session/54005048-3e46-43a6-8594-5936db9fa618/elements [39m[32m200[39m [90m1148 ms - 12[39m
[35m[HTTP][39m [90m[39m
[35m[HTTP][39m [37m-->[39m [37mPOST[39m [37m/wd/hub/session/54005048-3e46-43a6-8594-5936db9fa618/elements[39m
[35m[HTTP][39m [90m{"using":"-android uiautomator","value":"new UiSelector().className(\"android.widget.TextView\").text(\"4, Ranka Colony Rd, Munivenkatppa Layout, Bilekahalli, Bengaluru, Karnataka 560076, India\")"}[39m
[35m[HTTP][39m [37m<-- POST /wd/hub/session/54005048-3e46-43a6-8594-5936db9fa618/elements [39m[32m200[39m [90m1017 ms - 12[39m
[35m[HTTP][39m [90m[39m
[35m[HTTP][39m [37m-->[39m [37mPOST[39m [37m/wd/hub/session/54005048-3e46-43a6-8594-5936db9fa618/elements[39m
[35m[HTTP][39m [90m{"using":"-android uiautomator","value":"new UiSelector().className(\"android.widget.TextView\").text(\"4, Ranka Colony Rd, Munivenkatppa Layout, Bilekahalli, Bengaluru, Karnataka 560076, India\")"}[39m
[35m[HTTP][39m [37m<-- POST /wd/hub/session/54005048-3e46-43a6-8594-5936db9fa618/elements [39m[32m200[39m [90m588 ms - 12[39m
[35m[HTTP][39m [90m[39m
[35m[HTTP][39m [37m-->[39m [37mPOST[39m [37m/wd/hub/session/54005048-3e46-43a6-8594-5936db9fa618/elements[39m
[35m[HTTP][39m [90m{"using":"-android uiautomator","value":"new UiSelector().className(\"android.widget.TextView\").text(\"4, Ranka Colony Rd, Munivenkatppa Layout, Bilekahalli, Bengaluru, Karnataka 560076, India\")"}[39m
[35m[HTTP][39m [37m<-- POST /wd/hub/session/54005048-3e46-43a6-8594-5936db9fa618/elements [39m[32m200[39m [90m588 ms - 12[39m
[35m[HTTP][39m [90m[39m
[35m[HTTP][39m [37m-->[39m [37mPOST[39m [37m/wd/hub/session/54005048-3e46-43a6-8594-5936db9fa618/elements[39m
[35m[HTTP][39m [90m{"using":"-android uiautomator","value":"new UiSelector().className(\"android.widget.TextView\").text(\"4, Ranka Colony Rd, Munivenkatppa Layout, Bilekahalli, Bengaluru, Karnataka 560076, India\")"}[39m
[35m[HTTP][39m [37m<-- POST /wd/hub/session/54005048-3e46-43a6-8594-5936db9fa618/elements [39m[32m200[39m [90m543 ms - 12[39m
[35m[HTTP][39m [90m[39m
[35m[HTTP][39m [37m-->[39m [37mPOST[39m [37m/wd/hub/session/54005048-3e46-43a6-8594-5936db9fa618/elements[39m
[35m[HTTP][39m [90m{"using":"-android uiautomator","value":"new UiSelector().className(\"android.widget.TextView\").text(\"4, Ranka Colony Rd, Munivenkatppa Layout, Bilekahalli, Bengaluru, Karnataka 560076, India\")"}[39m
[35m[HTTP][39m [37m<-- POST /wd/hub/session/54005048-3e46-43a6-8594-5936db9fa618/elements [39m[32m200[39m [90m643 ms - 12[39m
[35m[HTTP][39m [90m[39m
[35m[HTTP][39m [37m-->[39m [37mPOST[39m [37m/wd/hub/session/54005048-3e46-43a6-8594-5936db9fa618/elements[39m
[35m[HTTP][39m [90m{"using":"-android uiautomator","value":"new UiSelector().className(\"android.widget.TextView\").text(\"4, Ranka Colony Rd, Munivenkatppa Layout, Bilekahalli, Bengaluru, Karnataka 560076, India\")"}[39m
[35m[HTTP][39m [37m<-- POST /wd/hub/session/54005048-3e46-43a6-8594-5936db9fa618/elements [39m[32m200[39m [90m442 ms - 12[39m
[35m[HTTP][39m [90m[39m
[35m[HTTP][39m [37m-->[39m [37mPOST[39m [37m/wd/hub/session/54005048-3e46-43a6-8594-5936db9fa618/elements[39m
[35m[HTTP][39m [90m{"using":"-android uiautomator","value":"new UiSelector().className(\"android.widget.TextView\").text(\"4, Ranka Colony Rd, Munivenkatppa Layout, Bilekahalli, Bengaluru, Karnataka 560076, India\")"}[39m
[35m[HTTP][39m [37m<-- POST /wd/hub/session/54005048-3e46-43a6-8594-5936db9fa618/elements [39m[32m200[39m [90m407 ms - 12[39m
[35m[HTTP][39m [90m[39m
[35m[HTTP][39m [37m-->[39m [37mPOST[39m [37m/wd/hub/session/54005048-3e46-43a6-8594-5936db9fa618/elements[39m
[35m[HTTP][39m [90m{"using":"-android uiautomator","value":"new UiSelector().className(\"android.widget.TextView\").text(\"4, Ranka Colony Rd, Munivenkatppa Layout, Bilekahalli, Bengaluru, Karnataka 560076, India\")"}[39m
[35m[HTTP][39m [37m<-- POST /wd/hub/session/54005048-3e46-43a6-8594-5936db9fa618/elements [39m[32m200[39m [90m539 ms - 12[39m
[35m[HTTP][39m [90m[39m
[35m[HTTP][39m [37m-->[39m [37mPOST[39m [37m/wd/hub/session/54005048-3e46-43a6-8594-5936db9fa618/elements[39m
[35m[HTTP][39m [90m{"using":"-android uiautomator","value":"new UiSelector().className(\"android.widget.TextView\").text(\"4, Ranka Colony Rd, Munivenkatppa Layout, Bilekahalli, Bengaluru, Karnataka 560076, India\")"}[39m
[35m[HTTP][39m [37m<-- POST /wd/hub/session/54005048-3e46-43a6-8594-5936db9fa618/elements [39m[32m200[39m [90m511 ms - 12[39m
[35m[HTTP][39m [90m[39m
[35m[HTTP][39m [37m-->[39m [37mPOST[39m [37m/wd/hub/session/54005048-3e46-43a6-8594-5936db9fa618/elements[39m
[35m[HTTP][39m [90m{"using":"-android uiautomator","value":"new UiSelector().className(\"android.widget.TextView\").text(\"4, Ranka Colony Rd, Munivenkatppa Layout, Bilekahalli, Bengaluru, Karnataka 560076, India\")"}[39m
[35m[HTTP][39m [37m<-- POST /wd/hub/session/54005048-3e46-43a6-8594-5936db9fa618/elements [39m[32m200[39m [90m549 ms - 12[39m
[35m[HTTP][39m [90m[39m
[35m[HTTP][39m [37m-->[39m [37mPOST[39m [37m/wd/hub/session/54005048-3e46-43a6-8594-5936db9fa618/elements[39m
[35m[HTTP][39m [90m{"using":"-android uiautomator","value":"new UiSelector().className(\"android.widget.TextView\").text(\"4, Ranka Colony Rd, Munivenkatppa Layout, Bilekahalli, Bengaluru, Karnataka 560076, India\")"}[39m
[35m[HTTP][39m [37m<-- POST /wd/hub/session/54005048-3e46-43a6-8594-5936db9fa618/elements [39m[32m200[39m [90m516 ms - 12[39m
[35m[HTTP][39m [90m[39m
[35m[HTTP][39m [37m-->[39m [37mPOST[39m [37m/wd/hub/session/54005048-3e46-43a6-8594-5936db9fa618/elements[39m
[35m[HTTP][39m [90m{"using":"-android uiautomator","value":"new UiSelector().className(\"android.widget.TextView\").text(\"4, Ranka Colony Rd, Munivenkatppa Layout, Bilekahalli, Bengaluru, Karnataka 560076, India\")"}[39m
[35m[HTTP][39m [37m<-- POST /wd/hub/session/54005048-3e46-43a6-8594-5936db9fa618/elements [39m[32m200[39m [90m517 ms - 12[39m
[35m[HTTP][39m [90m[39m
[35m[HTTP][39m [37m-->[39m [37mPOST[39m [37m/wd/hub/session/54005048-3e46-43a6-8594-5936db9fa618/elements[39m
[35m[HTTP][39m [90m{"using":"-android uiautomator","value":"new UiSelector().className(\"android.widget.TextView\").text(\"4, Ranka Colony Rd, Munivenkatppa Layout, Bilekahalli, Bengaluru, Karnataka 560076, India\")"}[39m
[35m[HTTP][39m [37m<-- POST /wd/hub/session/54005048-3e46-43a6-8594-5936db9fa618/elements [39m[32m200[39m [90m553 ms - 12[39m
[35m[HTTP][39m [90m[39m
[35m[HTTP][39m [37m-->[39m [37mPOST[39m [37m/wd/hub/session/54005048-3e46-43a6-8594-5936db9fa618/elements[39m
[35m[HTTP][39m [90m{"using":"-android uiautomator","value":"new UiSelector().className(\"android.widget.TextView\").text(\"4, Ranka Colony Rd, Munivenkatppa Layout, Bilekahalli, Bengaluru, Karnataka 560076, India\")"}[39m
[35m[HTTP][39m [37m<-- POST /wd/hub/session/54005048-3e46-43a6-8594-5936db9fa618/elements [39m[32m200[39m [90m629 ms - 12[39m
[35m[HTTP][39m [90m[39m
[35m[HTTP][39m [37m-->[39m [37mPOST[39m [37m/wd/hub/session/54005048-3e46-43a6-8594-5936db9fa618/elements[39m
[35m[HTTP][39m [90m{"using":"-android uiautomator","value":"new UiSelector().className(\"android.widget.TextView\").text(\"4, Ranka Colony Rd, Munivenkatppa Layout, Bilekahalli, Bengaluru, Karnataka 560076, India\")"}[39m
[35m[HTTP][39m [37m<-- POST /wd/hub/session/54005048-3e46-43a6-8594-5936db9fa618/elements [39m[32m200[39m [90m536 ms - 12[39m
[35m[HTTP][39m [90m[39m
[35m[HTTP][39m [37m-->[39m [37mPOST[39m [37m/wd/hub/session/54005048-3e46-43a6-8594-5936db9fa618/elements[39m
[35m[HTTP][39m [90m{"using":"-android uiautomator","value":"new UiSelector().className(\"android.widget.TextView\").text(\"4, Ranka Colony Rd, Munivenkatppa Layout, Bilekahalli, Bengaluru, Karnataka 560076, India\")"}[39m
[35m[HTTP][39m [37m<-- POST /wd/hub/session/54005048-3e46-43a6-8594-5936db9fa618/elements [39m[32m200[39m [90m572 ms - 12[39m
[35m[HTTP][39m [90m[39m
[35m[HTTP][39m [37m-->[39m [37mPOST[39m [37m/wd/hub/session/54005048-3e46-43a6-8594-5936db9fa618/elements[39m
[35m[HTTP][39m [90m{"using":"-android uiautomator","value":"new UiSelector().className(\"android.widget.TextView\").text(\"4, Ranka Colony Rd, Munivenkatppa Layout, Bilekahalli, Bengaluru, Karnataka 560076, India\")"}[39m
[35m[HTTP][39m [37m<-- POST /wd/hub/session/54005048-3e46-43a6-8594-5936db9fa618/elements [39m[32m200[39m [90m355 ms - 12[39m
[35m[HTTP][39m [90m[39m
[35m[HTTP][39m [37m-->[39m [37mPOST[39m [37m/wd/hub/session/54005048-3e46-43a6-8594-5936db9fa618/elements[39m
[35m[HTTP][39m [90m{"using":"-android uiautomator","value":"new UiSelector().className(\"android.widget.TextView\").text(\"4, Ranka Colony Rd, Munivenkatppa Layout, Bilekahalli, Bengaluru, Karnataka 560076, India\")"}[39m
[35m[HTTP][39m [37m<-- POST /wd/hub/session/54005048-3e46-43a6-8594-5936db9fa618/elements [39m[32m200[39m [90m693 ms - 12[39m
[35m[HTTP][39m [90m[39m
[35m[HTTP][39m [37m-->[39m [37mPOST[39m [37m/wd/hub/session/54005048-3e46-43a6-8594-5936db9fa618/elements[39m
[35m[HTTP][39m [90m{"using":"-android uiautomator","value":"new UiSelector().className(\"android.widget.TextView\").text(\"4, Ranka Colony Rd, Munivenkatppa Layout, Bilekahalli, Bengaluru, Karnataka 560076, India\")"}[39m
[35m[HTTP][39m [37m<-- POST /wd/hub/session/54005048-3e46-43a6-8594-5936db9fa618/elements [39m[32m200[39m [90m486 ms - 12[39m
[35m[HTTP][39m [90m[39m
[35m[HTTP][39m [37m-->[39m [37mPOST[39m [37m/wd/hub/session/54005048-3e46-43a6-8594-5936db9fa618/elements[39m
[35m[HTTP][39m [90m{"using":"-android uiautomator","value":"new UiSelector().className(\"android.widget.TextView\").text(\"4, Ranka Colony Rd, Munivenkatppa Layout, Bilekahalli, Bengaluru, Karnataka 560076, India\")"}[39m
[35m[HTTP][39m [37m<-- POST /wd/hub/session/54005048-3e46-43a6-8594-5936db9fa618/elements [39m[32m200[39m [90m1134 ms - 12[39m
[35m[HTTP][39m [90m[39m
[35m[HTTP][39m [37m-->[39m [37mPOST[39m [37m/wd/hub/session/54005048-3e46-43a6-8594-5936db9fa618/timeouts[39m
[35m[HTTP][39m [90m{"implicit":30000}[39m
[35m[HTTP][39m [37m<-- POST /wd/hub/session/54005048-3e46-43a6-8594-5936db9fa618/timeouts [39m[32m200[39m [90m2 ms - 14[39m
[35m[HTTP][39m [90m[39m
[35m[HTTP][39m [37m-->[39m [37mGET[39m [37m/wd/hub/session/54005048-3e46-43a6-8594-5936db9fa618/context[39m
[35m[HTTP][39m [90m{}[39m
[35m[HTTP][39m [37m<-- GET /wd/hub/session/54005048-3e46-43a6-8594-5936db9fa618/context [39m[32m200[39m [90m2 ms - 22[39m
[35m[HTTP][39m [90m[39m
[35m[HTTP][39m [37m-->[39m [37mGET[39m [37m/wd/hub/session/54005048-3e46-43a6-8594-5936db9fa618/contexts[39m
[35m[HTTP][39m [90m{}[39m
[35m[HTTP][39m [37m<-- GET /wd/hub/session/54005048-3e46-43a6-8594-5936db9fa618/contexts [39m[32m200[39m [90m55 ms - 24[39m
[35m[HTTP][39m [90m[39m
[35m[HTTP][39m [37m-->[39m [37mPOST[39m [37m/wd/hub/session/54005048-3e46-43a6-8594-5936db9fa618/context[39m
[35m[HTTP][39m [90m{"name":"NATIVE_APP"}[39m
[35m[HTTP][39m [37m<-- POST /wd/hub/session/54005048-3e46-43a6-8594-5936db9fa618/context [39m[32m200[39m [90m4 ms - 14[39m
[35m[HTTP][39m [90m[39m
[35m[HTTP][39m [37m-->[39m [37mGET[39m [37m/wd/hub/session/54005048-3e46-43a6-8594-5936db9fa618/screenshot[39m
[35m[HTTP][39m [90m{}[39m
[35m[HTTP][39m [37m<-- GET /wd/hub/session/54005048-3e46-43a6-8594-5936db9fa618/screenshot [39m[32m200[39m [90m917 ms - 1031022[39m
[35m[HTTP][39m [90m[39m
[35m[HTTP][39m [37m-->[39m [37mPOST[39m [37m/wd/hub/session/54005048-3e46-43a6-8594-5936db9fa618/context[39m
[35m[HTTP][39m [90m{"name":"NATIVE_APP"}[39m
[35m[HTTP][39m [37m<-- POST /wd/hub/session/54005048-3e46-43a6-8594-5936db9fa618/context [39m[32m200[39m [90m5 ms - 14[39m
[35m[HTTP][39m [90m[39m
[35m[HTTP][39m [37m-->[39m [37mGET[39m [37m/wd/hub/session/54005048-3e46-43a6-8594-5936db9fa618/context[39m
[35m[HTTP][39m [90m{}[39m
[35m[HTTP][39m [37m<-- GET /wd/hub/session/54005048-3e46-43a6-8594-5936db9fa618/context [39m[32m200[39m [90m3 ms - 22[39m
[35m[HTTP][39m [90m[39m
[35m[HTTP][39m [37m-->[39m [37mGET[39m [37m/wd/hub/session/54005048-3e46-43a6-8594-5936db9fa618/contexts[39m
[35m[HTTP][39m [90m{}[39m
[35m[HTTP][39m [37m<-- GET /wd/hub/session/54005048-3e46-43a6-8594-5936db9fa618/contexts [39m[32m200[39m [90m43 ms - 24[39m
[35m[HTTP][39m [90m[39m
[35m[HTTP][39m [37m-->[39m [37mPOST[39m [37m/wd/hub/session/54005048-3e46-43a6-8594-5936db9fa618/context[39m
[35m[HTTP][39m [90m{"name":"NATIVE_APP"}[39m
[35m[HTTP][39m [37m<-- POST /wd/hub/session/54005048-3e46-43a6-8594-5936db9fa618/context [39m[32m200[39m [90m1 ms - 14[39m
[35m[HTTP][39m [90m[39m
[35m[HTTP][39m [37m-->[39m [37mGET[39m [37m/wd/hub/session/54005048-3e46-43a6-8594-5936db9fa618/screenshot[39m
[35m[HTTP][39m [90m{}[39m
[35m[HTTP][39m [37m<-- GET /wd/hub/session/54005048-3e46-43a6-8594-5936db9fa618/screenshot [39m[32m200[39m [90m701 ms - 1031022[39m
[35m[HTTP][39m [90m[39m
[35m[HTTP][39m [37m-->[39m [37mPOST[39m [37m/wd/hub/session/54005048-3e46-43a6-8594-5936db9fa618/context[39m
[35m[HTTP][39m [90m{"name":"NATIVE_APP"}[39m
[35m[HTTP][39m [37m<-- POST /wd/hub/session/54005048-3e46-43a6-8594-5936db9fa618/context [39m[32m200[39m [90m3 ms - 14[39m
[35m[HTTP][39m [90m[39m
[35m[HTTP][39m [37m-->[39m [37mDELETE[39m [37m/wd/hub/session/54005048-3e46-43a6-8594-5936db9fa618[39m
[35m[HTTP][39m [90m{}[39m
[35m[Appium][39m Removing session 54005048-3e46-43a6-8594-5936db9fa618 from our master session list
[35m[ADB][39m io.nativebase.market.geekyants.taxiapprider was successfully uninstalled
[35m[UiAutomator2][39m Restoring hidden api policy to the device default configuration
[35m[HTTP][39m [37m<-- DELETE /wd/hub/session/54005048-3e46-43a6-8594-5936db9fa618 [39m[32m200[39m [90m1982 ms - 14[39m
[35m[HTTP][39m [90m[39m
