[35m[Appium][39m Welcome to Appium v1.14.0
[35m[Appium][39m Non-default server args:
[35m[Appium][39m   port: 59489
[35m[Appium][39m   loglevel: info
[35m[Appium][39m   chromeDriverPort: 59494
[35m[Appium][39m   tmpDir: /var/folders/38/x4crs4qx0hn0r3_szny2t9sw0000gn/T//Katalon/Appium/Temp1565536655850
[35m[Appium][39m Appium REST http interface listener started on 0.0.0.0:59489
[35m[HTTP][39m [37m-->[39m [37mGET[39m [37m/wd/hub/status[39m
[35m[HTTP][39m [90m{}[39m
[35m[HTTP][39m [37m<-- GET /wd/hub/status [39m[32m200[39m [90m10 ms - 68[39m
[35m[HTTP][39m [90m[39m
[35m[HTTP][39m [37m-->[39m [37mPOST[39m [37m/wd/hub/session[39m
[35m[HTTP][39m [90m{"desiredCapabilities":{"app":"/Users/sumittulsyan/Downloads/app-release.apk","noReset":false,"deviceName":"emulator-5554 (Android SDK built for x86 - Android 9)","fullReset":true,"platform":"ANDROID","newCommandTimeout":1800,"platformVersion":"9","automationName":"uiautomator2","autoGrantPermissions":true,"platformName":"Android","udid":"emulator-5554","systemPort":59488},"capabilities":{"firstMatch":[{"appium:app":"/Users/sumittulsyan/Downloads/app-release.apk","appium:autoGrantPermissions":true,"appium:automationName":"uiautomator2","appium:deviceName":"emulator-5554 (Android SDK built for x86 - Android 9)","appium:fullReset":true,"appium:newCommandTimeout":1800,"appium:noReset":false,"platform":"ANDROID","platformName":"android","appium:platformVersion":"9","appium:systemPort":59488,"appium:udid":"emulator-5554"}]}}[39m
[35m[BaseDriver][39m The capabilities ["platform"] are not standard capabilities and should have an extension prefix
[35m[Appium][39m Appium v1.14.0 creating new AndroidUiautomator2Driver (v1.33.1) session
[35m[Appium][39m Capabilities:
[35m[Appium][39m   platform: ANDROID
[35m[Appium][39m   platformName: android
[35m[Appium][39m   app: /Users/sumittulsyan/Downloads/app-release.apk
[35m[Appium][39m   autoGrantPermissions: true
[35m[Appium][39m   automationName: uiautomator2
[35m[Appium][39m   deviceName: emulator-5554 (Android SDK built for x86 - Android 9)
[35m[Appium][39m   fullReset: true
[35m[Appium][39m   newCommandTimeout: 1800
[35m[Appium][39m   noReset: false
[35m[Appium][39m   platformVersion: 9
[35m[Appium][39m   systemPort: 59488
[35m[Appium][39m   udid: emulator-5554
[35m[BaseDriver][39m The following capabilities were provided, but are not recognized by Appium:
[35m[BaseDriver][39m   platform
[35m[BaseDriver][39m Session created with session id: 416fde51-cd25-4f98-a718-443d3ba876d8
[35m[BaseDriver][39m Using local app '/Users/sumittulsyan/Downloads/app-release.apk'
[35m[ADB][39m Found 1 'build-tools' folders under '/Users/sumittulsyan/.katalon/tools/android_sdk' (newest first):
[35m[ADB][39m     /Users/sumittulsyan/.katalon/tools/android_sdk/build-tools/29.0.1
[35m[ADB][39m Using 'adb' from '/Users/sumittulsyan/.katalon/tools/android_sdk/platform-tools/adb'
[35m[AndroidDriver][39m Retrieving device list
[35m[AndroidDriver][39m Using device: emulator-5554
[35m[ADB][39m Using 'adb' from '/Users/sumittulsyan/.katalon/tools/android_sdk/platform-tools/adb'
[35m[UiAutomator2][39m Relaxing hidden api policy
[35m[ADB][39m Using 'apkanalyzer' from '/Users/sumittulsyan/.katalon/tools/android_sdk/tools/bin/apkanalyzer'
[35m[ADB][39m Package name: 'io.nativebase.market.geekyants.taxiappdriver'
[35m[ADB][39m Main activity name: 'io.nativebase.market.geekyants.taxiappdriver.MainActivity'
[35m[ADB][39m Using 'aapt' from '/Users/sumittulsyan/.katalon/tools/android_sdk/build-tools/29.0.1/aapt'
[35m[ADB][39m Using 'apksigner' from '/Users/sumittulsyan/.katalon/tools/android_sdk/build-tools/29.0.1/apksigner'
[35m[UiAutomator2][39m Server packages are not going to be (re)installed
[35m[ADB][39m io.nativebase.market.geekyants.taxiappdriver was not uninstalled, because it was not present on the device
[35m[ADB][39m The application at '/Users/sumittulsyan/Downloads/app-release.apk' is already cached to '/data/local/tmp/appium_cache/0a4c298d81fa9fed8129162356ad8641ab361e22.apk'
[35m[ADB][39m The installation of 'app-release.apk' took 8.056s
[35m[UiAutomator2][39m Starting UIAutomator2 server 3.7.0
[35m[UiAutomator2][39m Using UIAutomator2 server from '/Users/sumittulsyan/Downloads/appium-mobile-test/node_modules/appium-uiautomator2-server/apks/appium-uiautomator2-server-v3.7.0.apk' and test from '/Users/sumittulsyan/Downloads/appium-mobile-test/node_modules/appium-uiautomator2-server/apks/appium-uiautomator2-server-debug-androidTest.apk'
[35m[UiAutomator2][39m Waiting up to 30000ms for UiAutomator2 to be online...
[35m[WD Proxy][39m Got an unexpected response: {"code":"ECONNRESET"}
[35m[WD Proxy][39m Got an unexpected response: {"code":"ECONNRESET"}
[35m[WD Proxy][39m Got an unexpected response: {"code":"ECONNRESET"}
[35m[WD Proxy][39m Got an unexpected response: {"code":"ECONNRESET"}
[35m[AndroidDriver][39m Screen already unlocked, doing nothing
[35m[UiAutomator2][39m UiAutomator2 did not start the activity we were waiting for, 'io.nativebase.market.geekyants.taxiappdriver/io.nativebase.market.geekyants.taxiappdriver.MainActivity'. Starting it ourselves
[35m[Appium][39m New AndroidUiautomator2Driver session created successfully, session 416fde51-cd25-4f98-a718-443d3ba876d8 added to master session list
[35m[HTTP][39m [37m<-- POST /wd/hub/session [39m[32m200[39m [90m23322 ms - 1264[39m
[35m[HTTP][39m [90m[39m
[35m[HTTP][39m [37m-->[39m [37mGET[39m [37m/wd/hub/session/416fde51-cd25-4f98-a718-443d3ba876d8[39m
[35m[HTTP][39m [90m{}[39m
[35m[HTTP][39m [37m<-- GET /wd/hub/session/416fde51-cd25-4f98-a718-443d3ba876d8 [39m[32m200[39m [90m65 ms - 1196[39m
[35m[HTTP][39m [90m[39m
[35m[HTTP][39m [37m-->[39m [37mGET[39m [37m/wd/hub/session/416fde51-cd25-4f98-a718-443d3ba876d8[39m
[35m[HTTP][39m [90m{}[39m
[35m[HTTP][39m [37m<-- GET /wd/hub/session/416fde51-cd25-4f98-a718-443d3ba876d8 [39m[32m200[39m [90m17 ms - 1196[39m
[35m[HTTP][39m [90m[39m
[35m[HTTP][39m [37m-->[39m [37mGET[39m [37m/wd/hub/status[39m
[35m[HTTP][39m [90m{}[39m
[35m[HTTP][39m [37m<-- GET /wd/hub/status [39m[32m200[39m [90m1 ms - 68[39m
[35m[HTTP][39m [90m[39m
[35m[HTTP][39m [37m-->[39m [37mPOST[39m [37m/wd/hub/session/416fde51-cd25-4f98-a718-443d3ba876d8/timeouts[39m
[35m[HTTP][39m [90m{"implicit":30000}[39m
[35m[HTTP][39m [37m<-- POST /wd/hub/session/416fde51-cd25-4f98-a718-443d3ba876d8/timeouts [39m[32m200[39m [90m4 ms - 14[39m
[35m[HTTP][39m [90m[39m
[35m[HTTP][39m [37m-->[39m [37mPOST[39m [37m/wd/hub/session/416fde51-cd25-4f98-a718-443d3ba876d8/timeouts[39m
[35m[HTTP][39m [90m{"implicit":50}[39m
[35m[HTTP][39m [37m<-- POST /wd/hub/session/416fde51-cd25-4f98-a718-443d3ba876d8/timeouts [39m[32m200[39m [90m4 ms - 14[39m
[35m[HTTP][39m [90m[39m
[35m[HTTP][39m [37m-->[39m [37mGET[39m [37m/wd/hub/session/416fde51-cd25-4f98-a718-443d3ba876d8/window/rect[39m
[35m[HTTP][39m [90m{}[39m
[35m[HTTP][39m [37m<-- GET /wd/hub/session/416fde51-cd25-4f98-a718-443d3ba876d8/window/rect [39m[32m200[39m [90m34 ms - 50[39m
[35m[HTTP][39m [90m[39m
[35m[HTTP][39m [37m-->[39m [37mPOST[39m [37m/wd/hub/session/416fde51-cd25-4f98-a718-443d3ba876d8/elements[39m
[35m[HTTP][39m [90m{"using":"-android uiautomator","value":"new UiSelector().className(\"android.widget.TextView\").text(\"Register\")"}[39m
[35m[HTTP][39m [37m<-- POST /wd/hub/session/416fde51-cd25-4f98-a718-443d3ba876d8/elements [39m[32m200[39m [90m244 ms - 12[39m
[35m[HTTP][39m [90m[39m
[35m[HTTP][39m [37m-->[39m [37mPOST[39m [37m/wd/hub/session/416fde51-cd25-4f98-a718-443d3ba876d8/elements[39m
[35m[HTTP][39m [90m{"using":"-android uiautomator","value":"new UiSelector().className(\"android.widget.TextView\").text(\"Register\")"}[39m
[35m[HTTP][39m [37m<-- POST /wd/hub/session/416fde51-cd25-4f98-a718-443d3ba876d8/elements [39m[32m200[39m [90m81 ms - 12[39m
[35m[HTTP][39m [90m[39m
[35m[HTTP][39m [37m-->[39m [37mPOST[39m [37m/wd/hub/session/416fde51-cd25-4f98-a718-443d3ba876d8/elements[39m
[35m[HTTP][39m [90m{"using":"-android uiautomator","value":"new UiSelector().className(\"android.widget.TextView\").text(\"Register\")"}[39m
[35m[HTTP][39m [37m<-- POST /wd/hub/session/416fde51-cd25-4f98-a718-443d3ba876d8/elements [39m[32m200[39m [90m77 ms - 12[39m
[35m[HTTP][39m [90m[39m
[35m[HTTP][39m [37m-->[39m [37mPOST[39m [37m/wd/hub/session/416fde51-cd25-4f98-a718-443d3ba876d8/elements[39m
[35m[HTTP][39m [90m{"using":"-android uiautomator","value":"new UiSelector().className(\"android.widget.TextView\").text(\"Register\")"}[39m
[35m[HTTP][39m [37m<-- POST /wd/hub/session/416fde51-cd25-4f98-a718-443d3ba876d8/elements [39m[32m200[39m [90m608 ms - 12[39m
[35m[HTTP][39m [90m[39m
[35m[HTTP][39m [37m-->[39m [37mPOST[39m [37m/wd/hub/session/416fde51-cd25-4f98-a718-443d3ba876d8/elements[39m
[35m[HTTP][39m [90m{"using":"-android uiautomator","value":"new UiSelector().className(\"android.widget.TextView\").text(\"Register\")"}[39m
[35m[HTTP][39m [37m<-- POST /wd/hub/session/416fde51-cd25-4f98-a718-443d3ba876d8/elements [39m[32m200[39m [90m590 ms - 12[39m
[35m[HTTP][39m [90m[39m
[35m[HTTP][39m [37m-->[39m [37mPOST[39m [37m/wd/hub/session/416fde51-cd25-4f98-a718-443d3ba876d8/elements[39m
[35m[HTTP][39m [90m{"using":"-android uiautomator","value":"new UiSelector().className(\"android.widget.TextView\").text(\"Register\")"}[39m
[35m[HTTP][39m [37m<-- POST /wd/hub/session/416fde51-cd25-4f98-a718-443d3ba876d8/elements [39m[32m200[39m [90m594 ms - 12[39m
[35m[HTTP][39m [90m[39m
[35m[HTTP][39m [37m-->[39m [37mPOST[39m [37m/wd/hub/session/416fde51-cd25-4f98-a718-443d3ba876d8/elements[39m
[35m[HTTP][39m [90m{"using":"-android uiautomator","value":"new UiSelector().className(\"android.widget.TextView\").text(\"Register\")"}[39m
[35m[HTTP][39m [37m<-- POST /wd/hub/session/416fde51-cd25-4f98-a718-443d3ba876d8/elements [39m[32m200[39m [90m1788 ms - 139[39m
[35m[HTTP][39m [90m[39m
[35m[HTTP][39m [37m-->[39m [37mGET[39m [37m/wd/hub/session/416fde51-cd25-4f98-a718-443d3ba876d8/element/74b807e0-2467-40fd-b210-43e387176519/location[39m
[35m[HTTP][39m [90m{}[39m
[35m[W3C (416fde51)][39m Driver proxy active, passing request on via HTTP proxy
[35m[WD Proxy][39m Replacing sessionId 14e9d83a-fe78-4a66-88d6-5b5e4163dfcb with 416fde51-cd25-4f98-a718-443d3ba876d8
[35m[HTTP][39m [37m<-- GET /wd/hub/session/416fde51-cd25-4f98-a718-443d3ba876d8/element/74b807e0-2467-40fd-b210-43e387176519/location [39m[32m200[39m [90m34 ms - 90[39m
[35m[HTTP][39m [90m[39m
[35m[HTTP][39m [37m-->[39m [37mPOST[39m [37m/wd/hub/session/416fde51-cd25-4f98-a718-443d3ba876d8/timeouts[39m
[35m[HTTP][39m [90m{"implicit":30000}[39m
[35m[HTTP][39m [37m<-- POST /wd/hub/session/416fde51-cd25-4f98-a718-443d3ba876d8/timeouts [39m[32m200[39m [90m1 ms - 14[39m
[35m[HTTP][39m [90m[39m
[35m[HTTP][39m [37m-->[39m [37mPOST[39m [37m/wd/hub/session/416fde51-cd25-4f98-a718-443d3ba876d8/touch/perform[39m
[35m[HTTP][39m [90m{"actions":[{"action":"tap","options":{"x":1,"y":1,"element":"74b807e0-2467-40fd-b210-43e387176519"}},{"action":"release","options":{}}]}[39m
[35m[UiAutomator2][39m calling get location: 74b807e0-2467-40fd-b210-43e387176519
[35m[HTTP][39m [37m<-- POST /wd/hub/session/416fde51-cd25-4f98-a718-443d3ba876d8/touch/perform [39m[32m200[39m [90m1189 ms - 14[39m
[35m[HTTP][39m [90m[39m
[35m[HTTP][39m [37m-->[39m [37mPOST[39m [37m/wd/hub/session/416fde51-cd25-4f98-a718-443d3ba876d8/timeouts[39m
[35m[HTTP][39m [90m{"implicit":50}[39m
[35m[HTTP][39m [37m<-- POST /wd/hub/session/416fde51-cd25-4f98-a718-443d3ba876d8/timeouts [39m[32m200[39m [90m2 ms - 14[39m
[35m[HTTP][39m [90m[39m
[35m[HTTP][39m [37m-->[39m [37mGET[39m [37m/wd/hub/session/416fde51-cd25-4f98-a718-443d3ba876d8/window/rect[39m
[35m[HTTP][39m [90m{}[39m
[35m[HTTP][39m [37m<-- GET /wd/hub/session/416fde51-cd25-4f98-a718-443d3ba876d8/window/rect [39m[32m200[39m [90m21 ms - 50[39m
[35m[HTTP][39m [90m[39m
[35m[HTTP][39m [37m-->[39m [37mPOST[39m [37m/wd/hub/session/416fde51-cd25-4f98-a718-443d3ba876d8/elements[39m
[35m[HTTP][39m [90m{"using":"-android uiautomator","value":"new UiSelector().className(\"android.widget.EditText\").text(\"First Name\")"}[39m
[35m[HTTP][39m [37m<-- POST /wd/hub/session/416fde51-cd25-4f98-a718-443d3ba876d8/elements [39m[32m200[39m [90m63 ms - 139[39m
[35m[HTTP][39m [90m[39m
[35m[HTTP][39m [37m-->[39m [37mGET[39m [37m/wd/hub/session/416fde51-cd25-4f98-a718-443d3ba876d8/element/c4c14b1d-d138-4377-942b-9d1afd46b7b7/location[39m
[35m[HTTP][39m [90m{}[39m
[35m[W3C (416fde51)][39m Driver proxy active, passing request on via HTTP proxy
[35m[WD Proxy][39m Replacing sessionId 14e9d83a-fe78-4a66-88d6-5b5e4163dfcb with 416fde51-cd25-4f98-a718-443d3ba876d8
[35m[HTTP][39m [37m<-- GET /wd/hub/session/416fde51-cd25-4f98-a718-443d3ba876d8/element/c4c14b1d-d138-4377-942b-9d1afd46b7b7/location [39m[32m200[39m [90m58 ms - 89[39m
[35m[HTTP][39m [90m[39m
[35m[HTTP][39m [37m-->[39m [37mPOST[39m [37m/wd/hub/session/416fde51-cd25-4f98-a718-443d3ba876d8/timeouts[39m
[35m[HTTP][39m [90m{"implicit":30000}[39m
[35m[HTTP][39m [37m<-- POST /wd/hub/session/416fde51-cd25-4f98-a718-443d3ba876d8/timeouts [39m[32m200[39m [90m2 ms - 14[39m
[35m[HTTP][39m [90m[39m
[35m[HTTP][39m [37m-->[39m [37mPOST[39m [37m/wd/hub/session/416fde51-cd25-4f98-a718-443d3ba876d8/element/c4c14b1d-d138-4377-942b-9d1afd46b7b7/clear[39m
[35m[HTTP][39m [90m{"id":"c4c14b1d-d138-4377-942b-9d1afd46b7b7"}[39m
[35m[HTTP][39m [37m<-- POST /wd/hub/session/416fde51-cd25-4f98-a718-443d3ba876d8/element/c4c14b1d-d138-4377-942b-9d1afd46b7b7/clear [39m[32m200[39m [90m40 ms - 27[39m
[35m[HTTP][39m [90m[39m
[35m[HTTP][39m [37m-->[39m [37mPOST[39m [37m/wd/hub/session/416fde51-cd25-4f98-a718-443d3ba876d8/element/c4c14b1d-d138-4377-942b-9d1afd46b7b7/value[39m
[35m[HTTP][39m [90m{"id":"c4c14b1d-d138-4377-942b-9d1afd46b7b7","text":"fdgs","value":["f","d","g","s"]}[39m
[35m[HTTP][39m [37m<-- POST /wd/hub/session/416fde51-cd25-4f98-a718-443d3ba876d8/element/c4c14b1d-d138-4377-942b-9d1afd46b7b7/value [39m[32m200[39m [90m1171 ms - 12[39m
[35m[HTTP][39m [90m[39m
[35m[HTTP][39m [37m-->[39m [37mPOST[39m [37m/wd/hub/session/416fde51-cd25-4f98-a718-443d3ba876d8/timeouts[39m
[35m[HTTP][39m [90m{"implicit":50}[39m
[35m[HTTP][39m [37m<-- POST /wd/hub/session/416fde51-cd25-4f98-a718-443d3ba876d8/timeouts [39m[32m200[39m [90m3 ms - 14[39m
[35m[HTTP][39m [90m[39m
[35m[HTTP][39m [37m-->[39m [37mGET[39m [37m/wd/hub/session/416fde51-cd25-4f98-a718-443d3ba876d8/window/rect[39m
[35m[HTTP][39m [90m{}[39m
[35m[HTTP][39m [37m<-- GET /wd/hub/session/416fde51-cd25-4f98-a718-443d3ba876d8/window/rect [39m[32m200[39m [90m53 ms - 50[39m
[35m[HTTP][39m [90m[39m
[35m[HTTP][39m [37m-->[39m [37mPOST[39m [37m/wd/hub/session/416fde51-cd25-4f98-a718-443d3ba876d8/elements[39m
[35m[HTTP][39m [90m{"using":"-android uiautomator","value":"new UiSelector().className(\"android.widget.EditText\").text(\"Last Name\")"}[39m
[35m[HTTP][39m [37m<-- POST /wd/hub/session/416fde51-cd25-4f98-a718-443d3ba876d8/elements [39m[32m200[39m [90m311 ms - 139[39m
[35m[HTTP][39m [90m[39m
[35m[HTTP][39m [37m-->[39m [37mGET[39m [37m/wd/hub/session/416fde51-cd25-4f98-a718-443d3ba876d8/element/0c29c166-d06b-44c2-90ec-b09da55243dc/location[39m
[35m[HTTP][39m [90m{}[39m
[35m[W3C (416fde51)][39m Driver proxy active, passing request on via HTTP proxy
[35m[WD Proxy][39m Replacing sessionId 14e9d83a-fe78-4a66-88d6-5b5e4163dfcb with 416fde51-cd25-4f98-a718-443d3ba876d8
[35m[HTTP][39m [37m<-- GET /wd/hub/session/416fde51-cd25-4f98-a718-443d3ba876d8/element/0c29c166-d06b-44c2-90ec-b09da55243dc/location [39m[32m200[39m [90m36 ms - 89[39m
[35m[HTTP][39m [90m[39m
[35m[HTTP][39m [37m-->[39m [37mPOST[39m [37m/wd/hub/session/416fde51-cd25-4f98-a718-443d3ba876d8/timeouts[39m
[35m[HTTP][39m [90m{"implicit":30000}[39m
[35m[HTTP][39m [37m<-- POST /wd/hub/session/416fde51-cd25-4f98-a718-443d3ba876d8/timeouts [39m[32m200[39m [90m2 ms - 14[39m
[35m[HTTP][39m [90m[39m
[35m[HTTP][39m [37m-->[39m [37mPOST[39m [37m/wd/hub/session/416fde51-cd25-4f98-a718-443d3ba876d8/element/0c29c166-d06b-44c2-90ec-b09da55243dc/clear[39m
[35m[HTTP][39m [90m{"id":"0c29c166-d06b-44c2-90ec-b09da55243dc"}[39m
[35m[HTTP][39m [37m<-- POST /wd/hub/session/416fde51-cd25-4f98-a718-443d3ba876d8/element/0c29c166-d06b-44c2-90ec-b09da55243dc/clear [39m[32m200[39m [90m31 ms - 27[39m
[35m[HTTP][39m [90m[39m
[35m[HTTP][39m [37m-->[39m [37mPOST[39m [37m/wd/hub/session/416fde51-cd25-4f98-a718-443d3ba876d8/element/0c29c166-d06b-44c2-90ec-b09da55243dc/value[39m
[35m[HTTP][39m [90m{"id":"0c29c166-d06b-44c2-90ec-b09da55243dc","text":"setdrfgjhk","value":["s","e","t","d","r","f","g","j","h","k"]}[39m
[35m[HTTP][39m [37m<-- POST /wd/hub/session/416fde51-cd25-4f98-a718-443d3ba876d8/element/0c29c166-d06b-44c2-90ec-b09da55243dc/value [39m[32m200[39m [90m1058 ms - 12[39m
[35m[HTTP][39m [90m[39m
[35m[HTTP][39m [37m-->[39m [37mPOST[39m [37m/wd/hub/session/416fde51-cd25-4f98-a718-443d3ba876d8/timeouts[39m
[35m[HTTP][39m [90m{"implicit":50}[39m
[35m[HTTP][39m [37m<-- POST /wd/hub/session/416fde51-cd25-4f98-a718-443d3ba876d8/timeouts [39m[32m200[39m [90m4 ms - 14[39m
[35m[HTTP][39m [90m[39m
[35m[HTTP][39m [37m-->[39m [37mGET[39m [37m/wd/hub/session/416fde51-cd25-4f98-a718-443d3ba876d8/window/rect[39m
[35m[HTTP][39m [90m{}[39m
[35m[HTTP][39m [37m<-- GET /wd/hub/session/416fde51-cd25-4f98-a718-443d3ba876d8/window/rect [39m[32m200[39m [90m47 ms - 50[39m
[35m[HTTP][39m [90m[39m
[35m[HTTP][39m [37m-->[39m [37mPOST[39m [37m/wd/hub/session/416fde51-cd25-4f98-a718-443d3ba876d8/elements[39m
[35m[HTTP][39m [90m{"using":"-android uiautomator","value":"new UiSelector().className(\"android.widget.EditText\").text(\"Email\")"}[39m
[35m[HTTP][39m [37m<-- POST /wd/hub/session/416fde51-cd25-4f98-a718-443d3ba876d8/elements [39m[32m200[39m [90m414 ms - 139[39m
[35m[HTTP][39m [90m[39m
[35m[HTTP][39m [37m-->[39m [37mGET[39m [37m/wd/hub/session/416fde51-cd25-4f98-a718-443d3ba876d8/element/b51e7cf3-88b1-4f60-952c-fd95452410a1/location[39m
[35m[HTTP][39m [90m{}[39m
[35m[W3C (416fde51)][39m Driver proxy active, passing request on via HTTP proxy
[35m[WD Proxy][39m Replacing sessionId 14e9d83a-fe78-4a66-88d6-5b5e4163dfcb with 416fde51-cd25-4f98-a718-443d3ba876d8
[35m[HTTP][39m [37m<-- GET /wd/hub/session/416fde51-cd25-4f98-a718-443d3ba876d8/element/b51e7cf3-88b1-4f60-952c-fd95452410a1/location [39m[32m200[39m [90m28 ms - 90[39m
[35m[HTTP][39m [90m[39m
[35m[HTTP][39m [37m-->[39m [37mPOST[39m [37m/wd/hub/session/416fde51-cd25-4f98-a718-443d3ba876d8/timeouts[39m
[35m[HTTP][39m [90m{"implicit":30000}[39m
[35m[HTTP][39m [37m<-- POST /wd/hub/session/416fde51-cd25-4f98-a718-443d3ba876d8/timeouts [39m[32m200[39m [90m1 ms - 14[39m
[35m[HTTP][39m [90m[39m
[35m[HTTP][39m [37m-->[39m [37mPOST[39m [37m/wd/hub/session/416fde51-cd25-4f98-a718-443d3ba876d8/element/b51e7cf3-88b1-4f60-952c-fd95452410a1/clear[39m
[35m[HTTP][39m [90m{"id":"b51e7cf3-88b1-4f60-952c-fd95452410a1"}[39m
[35m[HTTP][39m [37m<-- POST /wd/hub/session/416fde51-cd25-4f98-a718-443d3ba876d8/element/b51e7cf3-88b1-4f60-952c-fd95452410a1/clear [39m[32m200[39m [90m29 ms - 27[39m
[35m[HTTP][39m [90m[39m
[35m[HTTP][39m [37m-->[39m [37mPOST[39m [37m/wd/hub/session/416fde51-cd25-4f98-a718-443d3ba876d8/element/b51e7cf3-88b1-4f60-952c-fd95452410a1/value[39m
[35m[HTTP][39m [90m{"id":"b51e7cf3-88b1-4f60-952c-fd95452410a1","text":"hkgyufi@hjdfj.com","value":["h","k","g","y","u","f","i","@","h","j","d","f","j",".","c","o","m"]}[39m
[35m[HTTP][39m [37m<-- POST /wd/hub/session/416fde51-cd25-4f98-a718-443d3ba876d8/element/b51e7cf3-88b1-4f60-952c-fd95452410a1/value [39m[32m200[39m [90m1041 ms - 12[39m
[35m[HTTP][39m [90m[39m
[35m[HTTP][39m [37m-->[39m [37mPOST[39m [37m/wd/hub/session/416fde51-cd25-4f98-a718-443d3ba876d8/timeouts[39m
[35m[HTTP][39m [90m{"implicit":50}[39m
[35m[HTTP][39m [37m<-- POST /wd/hub/session/416fde51-cd25-4f98-a718-443d3ba876d8/timeouts [39m[32m200[39m [90m2 ms - 14[39m
[35m[HTTP][39m [90m[39m
[35m[HTTP][39m [37m-->[39m [37mGET[39m [37m/wd/hub/session/416fde51-cd25-4f98-a718-443d3ba876d8/window/rect[39m
[35m[HTTP][39m [90m{}[39m
[35m[HTTP][39m [37m<-- GET /wd/hub/session/416fde51-cd25-4f98-a718-443d3ba876d8/window/rect [39m[32m200[39m [90m19 ms - 50[39m
[35m[HTTP][39m [90m[39m
[35m[HTTP][39m [37m-->[39m [37mPOST[39m [37m/wd/hub/session/416fde51-cd25-4f98-a718-443d3ba876d8/elements[39m
[35m[HTTP][39m [90m{"using":"-android uiautomator","value":"new UiSelector().className(\"android.widget.EditText\").text(\"Mobile Number\")"}[39m
[35m[HTTP][39m [37m<-- POST /wd/hub/session/416fde51-cd25-4f98-a718-443d3ba876d8/elements [39m[32m200[39m [90m417 ms - 139[39m
[35m[HTTP][39m [90m[39m
[35m[HTTP][39m [37m-->[39m [37mGET[39m [37m/wd/hub/session/416fde51-cd25-4f98-a718-443d3ba876d8/element/06663f77-e509-471d-ae52-d280325ab04b/location[39m
[35m[HTTP][39m [90m{}[39m
[35m[W3C (416fde51)][39m Driver proxy active, passing request on via HTTP proxy
[35m[WD Proxy][39m Replacing sessionId 14e9d83a-fe78-4a66-88d6-5b5e4163dfcb with 416fde51-cd25-4f98-a718-443d3ba876d8
[35m[HTTP][39m [37m<-- GET /wd/hub/session/416fde51-cd25-4f98-a718-443d3ba876d8/element/06663f77-e509-471d-ae52-d280325ab04b/location [39m[32m200[39m [90m29 ms - 90[39m
[35m[HTTP][39m [90m[39m
[35m[HTTP][39m [37m-->[39m [37mPOST[39m [37m/wd/hub/session/416fde51-cd25-4f98-a718-443d3ba876d8/timeouts[39m
[35m[HTTP][39m [90m{"implicit":30000}[39m
[35m[HTTP][39m [37m<-- POST /wd/hub/session/416fde51-cd25-4f98-a718-443d3ba876d8/timeouts [39m[32m200[39m [90m2 ms - 14[39m
[35m[HTTP][39m [90m[39m
[35m[HTTP][39m [37m-->[39m [37mPOST[39m [37m/wd/hub/session/416fde51-cd25-4f98-a718-443d3ba876d8/element/06663f77-e509-471d-ae52-d280325ab04b/clear[39m
[35m[HTTP][39m [90m{"id":"06663f77-e509-471d-ae52-d280325ab04b"}[39m
[35m[HTTP][39m [37m<-- POST /wd/hub/session/416fde51-cd25-4f98-a718-443d3ba876d8/element/06663f77-e509-471d-ae52-d280325ab04b/clear [39m[32m200[39m [90m39 ms - 27[39m
[35m[HTTP][39m [90m[39m
[35m[HTTP][39m [37m-->[39m [37mPOST[39m [37m/wd/hub/session/416fde51-cd25-4f98-a718-443d3ba876d8/element/06663f77-e509-471d-ae52-d280325ab04b/value[39m
[35m[HTTP][39m [90m{"id":"06663f77-e509-471d-ae52-d280325ab04b","text":"9812981298","value":["9","8","1","2","9","8","1","2","9","8"]}[39m
[35m[HTTP][39m [37m<-- POST /wd/hub/session/416fde51-cd25-4f98-a718-443d3ba876d8/element/06663f77-e509-471d-ae52-d280325ab04b/value [39m[32m200[39m [90m1030 ms - 12[39m
[35m[HTTP][39m [90m[39m
[35m[HTTP][39m [37m-->[39m [37mPOST[39m [37m/wd/hub/session/416fde51-cd25-4f98-a718-443d3ba876d8/timeouts[39m
[35m[HTTP][39m [90m{"implicit":50}[39m
[35m[HTTP][39m [37m<-- POST /wd/hub/session/416fde51-cd25-4f98-a718-443d3ba876d8/timeouts [39m[32m200[39m [90m9 ms - 14[39m
[35m[HTTP][39m [90m[39m
[35m[HTTP][39m [37m-->[39m [37mGET[39m [37m/wd/hub/session/416fde51-cd25-4f98-a718-443d3ba876d8/window/rect[39m
[35m[HTTP][39m [90m{}[39m
[35m[HTTP][39m [37m<-- GET /wd/hub/session/416fde51-cd25-4f98-a718-443d3ba876d8/window/rect [39m[32m200[39m [90m29 ms - 50[39m
[35m[HTTP][39m [90m[39m
[35m[HTTP][39m [37m-->[39m [37mPOST[39m [37m/wd/hub/session/416fde51-cd25-4f98-a718-443d3ba876d8/elements[39m
[35m[HTTP][39m [90m{"using":"-android uiautomator","value":"new UiSelector().className(\"android.widget.EditText\").text(\"Password\")"}[39m
[35m[HTTP][39m [37m<-- POST /wd/hub/session/416fde51-cd25-4f98-a718-443d3ba876d8/elements [39m[32m200[39m [90m414 ms - 139[39m
[35m[HTTP][39m [90m[39m
[35m[HTTP][39m [37m-->[39m [37mGET[39m [37m/wd/hub/session/416fde51-cd25-4f98-a718-443d3ba876d8/element/1c993a0c-f946-4eda-a970-a3b92d10410d/location[39m
[35m[HTTP][39m [90m{}[39m
[35m[W3C (416fde51)][39m Driver proxy active, passing request on via HTTP proxy
[35m[WD Proxy][39m Replacing sessionId 14e9d83a-fe78-4a66-88d6-5b5e4163dfcb with 416fde51-cd25-4f98-a718-443d3ba876d8
[35m[HTTP][39m [37m<-- GET /wd/hub/session/416fde51-cd25-4f98-a718-443d3ba876d8/element/1c993a0c-f946-4eda-a970-a3b92d10410d/location [39m[32m200[39m [90m26 ms - 90[39m
[35m[HTTP][39m [90m[39m
[35m[HTTP][39m [37m-->[39m [37mPOST[39m [37m/wd/hub/session/416fde51-cd25-4f98-a718-443d3ba876d8/timeouts[39m
[35m[HTTP][39m [90m{"implicit":30000}[39m
[35m[HTTP][39m [37m<-- POST /wd/hub/session/416fde51-cd25-4f98-a718-443d3ba876d8/timeouts [39m[32m200[39m [90m2 ms - 14[39m
[35m[HTTP][39m [90m[39m
[35m[HTTP][39m [37m-->[39m [37mPOST[39m [37m/wd/hub/session/416fde51-cd25-4f98-a718-443d3ba876d8/element/1c993a0c-f946-4eda-a970-a3b92d10410d/clear[39m
[35m[HTTP][39m [90m{"id":"1c993a0c-f946-4eda-a970-a3b92d10410d"}[39m
[35m[HTTP][39m [37m<-- POST /wd/hub/session/416fde51-cd25-4f98-a718-443d3ba876d8/element/1c993a0c-f946-4eda-a970-a3b92d10410d/clear [39m[32m200[39m [90m38 ms - 27[39m
[35m[HTTP][39m [90m[39m
[35m[HTTP][39m [37m-->[39m [37mPOST[39m [37m/wd/hub/session/416fde51-cd25-4f98-a718-443d3ba876d8/element/1c993a0c-f946-4eda-a970-a3b92d10410d/value[39m
[35m[HTTP][39m [90m{"id":"1c993a0c-f946-4eda-a970-a3b92d10410d","text":"123456","value":["1","2","3","4","5","6"]}[39m
[35m[HTTP][39m [37m<-- POST /wd/hub/session/416fde51-cd25-4f98-a718-443d3ba876d8/element/1c993a0c-f946-4eda-a970-a3b92d10410d/value [39m[32m200[39m [90m1048 ms - 12[39m
[35m[HTTP][39m [90m[39m
[35m[HTTP][39m [37m-->[39m [37mPOST[39m [37m/wd/hub/session/416fde51-cd25-4f98-a718-443d3ba876d8/timeouts[39m
[35m[HTTP][39m [90m{"implicit":50}[39m
[35m[HTTP][39m [37m<-- POST /wd/hub/session/416fde51-cd25-4f98-a718-443d3ba876d8/timeouts [39m[32m200[39m [90m2 ms - 14[39m
[35m[HTTP][39m [90m[39m
[35m[HTTP][39m [37m-->[39m [37mGET[39m [37m/wd/hub/session/416fde51-cd25-4f98-a718-443d3ba876d8/window/rect[39m
[35m[HTTP][39m [90m{}[39m
[35m[HTTP][39m [37m<-- GET /wd/hub/session/416fde51-cd25-4f98-a718-443d3ba876d8/window/rect [39m[32m200[39m [90m42 ms - 50[39m
[35m[HTTP][39m [90m[39m
[35m[HTTP][39m [37m-->[39m [37mPOST[39m [37m/wd/hub/session/416fde51-cd25-4f98-a718-443d3ba876d8/elements[39m
[35m[HTTP][39m [90m{"using":"-android uiautomator","value":"new UiSelector().className(\"android.widget.EditText\").text(\"Confirm password\")"}[39m
[35m[HTTP][39m [37m<-- POST /wd/hub/session/416fde51-cd25-4f98-a718-443d3ba876d8/elements [39m[32m200[39m [90m426 ms - 139[39m
[35m[HTTP][39m [90m[39m
[35m[HTTP][39m [37m-->[39m [37mGET[39m [37m/wd/hub/session/416fde51-cd25-4f98-a718-443d3ba876d8/element/ecb0c65b-a7b9-4dd3-bdfa-db3a2739dfbd/location[39m
[35m[HTTP][39m [90m{}[39m
[35m[W3C (416fde51)][39m Driver proxy active, passing request on via HTTP proxy
[35m[WD Proxy][39m Replacing sessionId 14e9d83a-fe78-4a66-88d6-5b5e4163dfcb with 416fde51-cd25-4f98-a718-443d3ba876d8
[35m[HTTP][39m [37m<-- GET /wd/hub/session/416fde51-cd25-4f98-a718-443d3ba876d8/element/ecb0c65b-a7b9-4dd3-bdfa-db3a2739dfbd/location [39m[32m200[39m [90m42 ms - 90[39m
[35m[HTTP][39m [90m[39m
[35m[HTTP][39m [37m-->[39m [37mPOST[39m [37m/wd/hub/session/416fde51-cd25-4f98-a718-443d3ba876d8/timeouts[39m
[35m[HTTP][39m [90m{"implicit":30000}[39m
[35m[HTTP][39m [37m<-- POST /wd/hub/session/416fde51-cd25-4f98-a718-443d3ba876d8/timeouts [39m[32m200[39m [90m3 ms - 14[39m
[35m[HTTP][39m [90m[39m
[35m[HTTP][39m [37m-->[39m [37mPOST[39m [37m/wd/hub/session/416fde51-cd25-4f98-a718-443d3ba876d8/element/ecb0c65b-a7b9-4dd3-bdfa-db3a2739dfbd/clear[39m
[35m[HTTP][39m [90m{"id":"ecb0c65b-a7b9-4dd3-bdfa-db3a2739dfbd"}[39m
[35m[HTTP][39m [37m<-- POST /wd/hub/session/416fde51-cd25-4f98-a718-443d3ba876d8/element/ecb0c65b-a7b9-4dd3-bdfa-db3a2739dfbd/clear [39m[32m200[39m [90m31 ms - 27[39m
[35m[HTTP][39m [90m[39m
[35m[HTTP][39m [37m-->[39m [37mPOST[39m [37m/wd/hub/session/416fde51-cd25-4f98-a718-443d3ba876d8/element/ecb0c65b-a7b9-4dd3-bdfa-db3a2739dfbd/value[39m
[35m[HTTP][39m [90m{"id":"ecb0c65b-a7b9-4dd3-bdfa-db3a2739dfbd","text":"123456","value":["1","2","3","4","5","6"]}[39m
[35m[HTTP][39m [37m<-- POST /wd/hub/session/416fde51-cd25-4f98-a718-443d3ba876d8/element/ecb0c65b-a7b9-4dd3-bdfa-db3a2739dfbd/value [39m[32m200[39m [90m1036 ms - 12[39m
[35m[HTTP][39m [90m[39m
[35m[HTTP][39m [37m-->[39m [37mPOST[39m [37m/wd/hub/session/416fde51-cd25-4f98-a718-443d3ba876d8/timeouts[39m
[35m[HTTP][39m [90m{"implicit":50}[39m
[35m[HTTP][39m [37m<-- POST /wd/hub/session/416fde51-cd25-4f98-a718-443d3ba876d8/timeouts [39m[32m200[39m [90m3 ms - 14[39m
[35m[HTTP][39m [90m[39m
[35m[HTTP][39m [37m-->[39m [37mGET[39m [37m/wd/hub/session/416fde51-cd25-4f98-a718-443d3ba876d8/window/rect[39m
[35m[HTTP][39m [90m{}[39m
[35m[HTTP][39m [37m<-- GET /wd/hub/session/416fde51-cd25-4f98-a718-443d3ba876d8/window/rect [39m[32m200[39m [90m50 ms - 50[39m
[35m[HTTP][39m [90m[39m
[35m[HTTP][39m [37m-->[39m [37mPOST[39m [37m/wd/hub/session/416fde51-cd25-4f98-a718-443d3ba876d8/elements[39m
[35m[HTTP][39m [90m{"using":"-android uiautomator","value":"new UiSelector().className(\"android.widget.TextView\").text(\"Register\")"}[39m
[35m[HTTP][39m [37m<-- POST /wd/hub/session/416fde51-cd25-4f98-a718-443d3ba876d8/elements [39m[32m200[39m [90m395 ms - 267[39m
[35m[HTTP][39m [90m[39m
[35m[HTTP][39m [37m-->[39m [37mGET[39m [37m/wd/hub/session/416fde51-cd25-4f98-a718-443d3ba876d8/element/b2df0488-ecbd-41cc-a897-82cd9ee0698f/location[39m
[35m[HTTP][39m [90m{}[39m
[35m[W3C (416fde51)][39m Driver proxy active, passing request on via HTTP proxy
[35m[WD Proxy][39m Replacing sessionId 14e9d83a-fe78-4a66-88d6-5b5e4163dfcb with 416fde51-cd25-4f98-a718-443d3ba876d8
[35m[HTTP][39m [37m<-- GET /wd/hub/session/416fde51-cd25-4f98-a718-443d3ba876d8/element/b2df0488-ecbd-41cc-a897-82cd9ee0698f/location [39m[32m200[39m [90m27 ms - 89[39m
[35m[HTTP][39m [90m[39m
[35m[HTTP][39m [37m-->[39m [37mPOST[39m [37m/wd/hub/session/416fde51-cd25-4f98-a718-443d3ba876d8/timeouts[39m
[35m[HTTP][39m [90m{"implicit":30000}[39m
[35m[HTTP][39m [37m<-- POST /wd/hub/session/416fde51-cd25-4f98-a718-443d3ba876d8/timeouts [39m[32m200[39m [90m2 ms - 14[39m
[35m[HTTP][39m [90m[39m
[35m[HTTP][39m [37m-->[39m [37mPOST[39m [37m/wd/hub/session/416fde51-cd25-4f98-a718-443d3ba876d8/touch/perform[39m
[35m[HTTP][39m [90m{"actions":[{"action":"tap","options":{"x":1,"y":1,"element":"b2df0488-ecbd-41cc-a897-82cd9ee0698f"}},{"action":"release","options":{}}]}[39m
[35m[UiAutomator2][39m calling get location: b2df0488-ecbd-41cc-a897-82cd9ee0698f
[35m[HTTP][39m [37m<-- POST /wd/hub/session/416fde51-cd25-4f98-a718-443d3ba876d8/touch/perform [39m[32m200[39m [90m3159 ms - 14[39m
[35m[HTTP][39m [90m[39m
[35m[HTTP][39m [37m-->[39m [37mDELETE[39m [37m/wd/hub/session/416fde51-cd25-4f98-a718-443d3ba876d8[39m
[35m[HTTP][39m [90m{}[39m
[35m[Appium][39m Removing session 416fde51-cd25-4f98-a718-443d3ba876d8 from our master session list
[35m[ADB][39m io.nativebase.market.geekyants.taxiappdriver was successfully uninstalled
[35m[UiAutomator2][39m Restoring hidden api policy to the device default configuration
[35m[HTTP][39m [37m<-- DELETE /wd/hub/session/416fde51-cd25-4f98-a718-443d3ba876d8 [39m[32m200[39m [90m2730 ms - 14[39m
[35m[HTTP][39m [90m[39m
