[35m[Appium][39m Welcome to Appium v1.14.0
[35m[Appium][39m Non-default server args:
[35m[Appium][39m   port: 57536
[35m[Appium][39m   loglevel: info
[35m[Appium][39m   chromeDriverPort: 57539
[35m[Appium][39m   tmpDir: /var/folders/38/x4crs4qx0hn0r3_szny2t9sw0000gn/T//Katalon/Appium/Temp1566309291071
[35m[Appium][39m Appium REST http interface listener started on 0.0.0.0:57536
[35m[HTTP][39m [37m-->[39m [37mGET[39m [37m/wd/hub/status[39m
[35m[HTTP][39m [90m{}[39m
[35m[HTTP][39m [37m<-- GET /wd/hub/status [39m[32m200[39m [90m7 ms - 68[39m
[35m[HTTP][39m [90m[39m
[35m[HTTP][39m [37m-->[39m [37mPOST[39m [37m/wd/hub/session[39m
[35m[HTTP][39m [90m{"desiredCapabilities":{"app":"/Users/sumittulsyan/Downloads/app-release (1).apk","noReset":false,"deviceName":"emulator-5554 (Android SDK built for x86 - Android 7.0)","fullReset":true,"platform":"ANDROID","newCommandTimeout":1800,"platformVersion":"7.0","automationName":"uiautomator2","autoGrantPermissions":true,"platformName":"Android","udid":"emulator-5554","systemPort":57535},"capabilities":{"firstMatch":[{"appium:app":"/Users/sumittulsyan/Downloads/app-release (1).apk","appium:autoGrantPermissions":true,"appium:automationName":"uiautomator2","appium:deviceName":"emulator-5554 (Android SDK built for x86 - Android 7.0)","appium:fullReset":true,"appium:newCommandTimeout":1800,"appium:noReset":false,"platform":"ANDROID","platformName":"android","appium:platformVersion":"7.0","appium:systemPort":57535,"appium:udid":"emulator-5554"}]}}[39m
[35m[BaseDriver][39m The capabilities ["platform"] are not standard capabilities and should have an extension prefix
[35m[Appium][39m Appium v1.14.0 creating new AndroidUiautomator2Driver (v1.33.1) session
[35m[Appium][39m Capabilities:
[35m[Appium][39m   platform: ANDROID
[35m[Appium][39m   platformName: android
[35m[Appium][39m   app: /Users/sumittulsyan/Downloads/app-release (1).apk
[35m[Appium][39m   autoGrantPermissions: true
[35m[Appium][39m   automationName: uiautomator2
[35m[Appium][39m   deviceName: emulator-5554 (Android SDK built for x86 - Android 7.0)
[35m[Appium][39m   fullReset: true
[35m[Appium][39m   newCommandTimeout: 1800
[35m[Appium][39m   noReset: false
[35m[Appium][39m   platformVersion: 7.0
[35m[Appium][39m   systemPort: 57535
[35m[Appium][39m   udid: emulator-5554
[35m[BaseDriver][39m The following capabilities were provided, but are not recognized by Appium:
[35m[BaseDriver][39m   platform
[35m[BaseDriver][39m Session created with session id: 2ecdeb9a-4e73-421b-b8ff-b58031617b26
[35m[BaseDriver][39m Using local app '/Users/sumittulsyan/Downloads/app-release (1).apk'
[35m[ADB][39m Found 1 'build-tools' folders under '/Users/sumittulsyan/.katalon/tools/android_sdk' (newest first):
[35m[ADB][39m     /Users/sumittulsyan/.katalon/tools/android_sdk/build-tools/29.0.1
[35m[ADB][39m Using 'adb' from '/Users/sumittulsyan/.katalon/tools/android_sdk/platform-tools/adb'
[35m[AndroidDriver][39m Retrieving device list
[35m[AndroidDriver][39m Using device: emulator-5554
[35m[ADB][39m Using 'adb' from '/Users/sumittulsyan/.katalon/tools/android_sdk/platform-tools/adb'
[35m[ADB][39m Using 'apkanalyzer' from '/Users/sumittulsyan/.katalon/tools/android_sdk/tools/bin/apkanalyzer'
[35m[ADB][39m Using the alternative activity name detection method because of: Command '/Users/sumittulsyan/.katalon/tools/android_sdk/tools/bin/apkanalyzer -h manifest print '/Users/sumittulsyan/Downloads/app-release (1).apk'' exited with code 2
[35m[ADB][39m Using 'aapt' from '/Users/sumittulsyan/.katalon/tools/android_sdk/build-tools/29.0.1/aapt'
[35m[ADB][39m Extracting package and launch activity from manifest
[35m[ADB][39m Package name: 'io.nativebase.market.geekyants.taxiapprider'
[35m[ADB][39m Main activity name: 'io.nativebase.market.geekyants.taxiapprider.MainActivity'
[35m[ADB][39m Using 'apksigner' from '/Users/sumittulsyan/.katalon/tools/android_sdk/build-tools/29.0.1/apksigner'
[35m[UiAutomator2][39m Server packages are not going to be (re)installed
[35m[ADB][39m io.nativebase.market.geekyants.taxiapprider was not uninstalled, because it was not present on the device
[35m[ADB][39m The application at '/Users/sumittulsyan/Downloads/app-release (1).apk' is already cached to '/data/local/tmp/appium_cache/319121ffd2a4e89e1742e996fe8df850b3a56b9f.apk'
[35m[ADB][39m The installation of 'app-release (1).apk' took 7.339s
[35m[UiAutomator2][39m Starting UIAutomator2 server 3.7.0
[35m[UiAutomator2][39m Using UIAutomator2 server from '/Users/sumittulsyan/Downloads/appium-mobile-test/node_modules/appium-uiautomator2-server/apks/appium-uiautomator2-server-v3.7.0.apk' and test from '/Users/sumittulsyan/Downloads/appium-mobile-test/node_modules/appium-uiautomator2-server/apks/appium-uiautomator2-server-debug-androidTest.apk'
[35m[UiAutomator2][39m Waiting up to 30000ms for UiAutomator2 to be online...
[35m[WD Proxy][39m Got an unexpected response: {"code":"ECONNRESET"}
[35m[AndroidDriver][39m Screen already unlocked, doing nothing
[35m[UiAutomator2][39m UiAutomator2 did not start the activity we were waiting for, 'io.nativebase.market.geekyants.taxiapprider/io.nativebase.market.geekyants.taxiapprider.MainActivity'. Starting it ourselves
[35m[Appium][39m New AndroidUiautomator2Driver session created successfully, session 2ecdeb9a-4e73-421b-b8ff-b58031617b26 added to master session list
[35m[HTTP][39m [37m<-- POST /wd/hub/session [39m[32m200[39m [90m16377 ms - 1279[39m
[35m[HTTP][39m [90m[39m
[35m[HTTP][39m [37m-->[39m [37mGET[39m [37m/wd/hub/session/2ecdeb9a-4e73-421b-b8ff-b58031617b26[39m
[35m[HTTP][39m [90m{}[39m
[35m[HTTP][39m [37m<-- GET /wd/hub/session/2ecdeb9a-4e73-421b-b8ff-b58031617b26 [39m[32m200[39m [90m56 ms - 1211[39m
[35m[HTTP][39m [90m[39m
[35m[HTTP][39m [37m-->[39m [37mGET[39m [37m/wd/hub/session/2ecdeb9a-4e73-421b-b8ff-b58031617b26[39m
[35m[HTTP][39m [90m{}[39m
[35m[HTTP][39m [37m<-- GET /wd/hub/session/2ecdeb9a-4e73-421b-b8ff-b58031617b26 [39m[32m200[39m [90m21 ms - 1211[39m
[35m[HTTP][39m [90m[39m
[35m[HTTP][39m [37m-->[39m [37mGET[39m [37m/wd/hub/status[39m
[35m[HTTP][39m [90m{}[39m
[35m[HTTP][39m [37m<-- GET /wd/hub/status [39m[32m200[39m [90m1 ms - 68[39m
[35m[HTTP][39m [90m[39m
[35m[HTTP][39m [37m-->[39m [37mPOST[39m [37m/wd/hub/session/2ecdeb9a-4e73-421b-b8ff-b58031617b26/timeouts[39m
[35m[HTTP][39m [90m{"implicit":30000}[39m
[35m[HTTP][39m [37m<-- POST /wd/hub/session/2ecdeb9a-4e73-421b-b8ff-b58031617b26/timeouts [39m[32m200[39m [90m3 ms - 14[39m
[35m[HTTP][39m [90m[39m
[35m[HTTP][39m [37m-->[39m [37mPOST[39m [37m/wd/hub/session/2ecdeb9a-4e73-421b-b8ff-b58031617b26/timeouts[39m
[35m[HTTP][39m [90m{"implicit":50}[39m
[35m[HTTP][39m [37m<-- POST /wd/hub/session/2ecdeb9a-4e73-421b-b8ff-b58031617b26/timeouts [39m[32m200[39m [90m2 ms - 14[39m
[35m[HTTP][39m [90m[39m
[35m[HTTP][39m [37m-->[39m [37mGET[39m [37m/wd/hub/session/2ecdeb9a-4e73-421b-b8ff-b58031617b26/window/rect[39m
[35m[HTTP][39m [90m{}[39m
[35m[HTTP][39m [37m<-- GET /wd/hub/session/2ecdeb9a-4e73-421b-b8ff-b58031617b26/window/rect [39m[32m200[39m [90m19 ms - 50[39m
[35m[HTTP][39m [90m[39m
[35m[HTTP][39m [37m-->[39m [37mPOST[39m [37m/wd/hub/session/2ecdeb9a-4e73-421b-b8ff-b58031617b26/elements[39m
[35m[HTTP][39m [90m{"using":"-android uiautomator","value":"new UiSelector().className(\"android.widget.TextView\").text(\"Sign In\")"}[39m
[35m[HTTP][39m [37m<-- POST /wd/hub/session/2ecdeb9a-4e73-421b-b8ff-b58031617b26/elements [39m[32m200[39m [90m58 ms - 12[39m
[35m[HTTP][39m [90m[39m
[35m[HTTP][39m [37m-->[39m [37mPOST[39m [37m/wd/hub/session/2ecdeb9a-4e73-421b-b8ff-b58031617b26/elements[39m
[35m[HTTP][39m [90m{"using":"-android uiautomator","value":"new UiSelector().className(\"android.widget.TextView\").text(\"Sign In\")"}[39m
[35m[HTTP][39m [37m<-- POST /wd/hub/session/2ecdeb9a-4e73-421b-b8ff-b58031617b26/elements [39m[32m200[39m [90m60 ms - 12[39m
[35m[HTTP][39m [90m[39m
[35m[HTTP][39m [37m-->[39m [37mPOST[39m [37m/wd/hub/session/2ecdeb9a-4e73-421b-b8ff-b58031617b26/elements[39m
[35m[HTTP][39m [90m{"using":"-android uiautomator","value":"new UiSelector().className(\"android.widget.TextView\").text(\"Sign In\")"}[39m
[35m[HTTP][39m [37m<-- POST /wd/hub/session/2ecdeb9a-4e73-421b-b8ff-b58031617b26/elements [39m[32m200[39m [90m622 ms - 12[39m
[35m[HTTP][39m [90m[39m
[35m[HTTP][39m [37m-->[39m [37mPOST[39m [37m/wd/hub/session/2ecdeb9a-4e73-421b-b8ff-b58031617b26/elements[39m
[35m[HTTP][39m [90m{"using":"-android uiautomator","value":"new UiSelector().className(\"android.widget.TextView\").text(\"Sign In\")"}[39m
[35m[HTTP][39m [37m<-- POST /wd/hub/session/2ecdeb9a-4e73-421b-b8ff-b58031617b26/elements [39m[32m200[39m [90m557 ms - 12[39m
[35m[HTTP][39m [90m[39m
[35m[HTTP][39m [37m-->[39m [37mPOST[39m [37m/wd/hub/session/2ecdeb9a-4e73-421b-b8ff-b58031617b26/elements[39m
[35m[HTTP][39m [90m{"using":"-android uiautomator","value":"new UiSelector().className(\"android.widget.TextView\").text(\"Sign In\")"}[39m
[35m[HTTP][39m [37m<-- POST /wd/hub/session/2ecdeb9a-4e73-421b-b8ff-b58031617b26/elements [39m[32m200[39m [90m1506 ms - 139[39m
[35m[HTTP][39m [90m[39m
[35m[HTTP][39m [37m-->[39m [37mGET[39m [37m/wd/hub/session/2ecdeb9a-4e73-421b-b8ff-b58031617b26/element/8fe84c2d-05d1-401d-97da-8f299be9532e/location[39m
[35m[HTTP][39m [90m{}[39m
[35m[W3C (2ecdeb9a)][39m Driver proxy active, passing request on via HTTP proxy
[35m[WD Proxy][39m Replacing sessionId 8ca5c26c-e831-403f-9575-34068754f8f4 with 2ecdeb9a-4e73-421b-b8ff-b58031617b26
[35m[HTTP][39m [37m<-- GET /wd/hub/session/2ecdeb9a-4e73-421b-b8ff-b58031617b26/element/8fe84c2d-05d1-401d-97da-8f299be9532e/location [39m[32m200[39m [90m64 ms - 90[39m
[35m[HTTP][39m [90m[39m
[35m[HTTP][39m [37m-->[39m [37mPOST[39m [37m/wd/hub/session/2ecdeb9a-4e73-421b-b8ff-b58031617b26/timeouts[39m
[35m[HTTP][39m [90m{"implicit":30000}[39m
[35m[HTTP][39m [37m<-- POST /wd/hub/session/2ecdeb9a-4e73-421b-b8ff-b58031617b26/timeouts [39m[32m200[39m [90m12 ms - 14[39m
[35m[HTTP][39m [90m[39m
[35m[HTTP][39m [37m-->[39m [37mPOST[39m [37m/wd/hub/session/2ecdeb9a-4e73-421b-b8ff-b58031617b26/touch/perform[39m
[35m[HTTP][39m [90m{"actions":[{"action":"tap","options":{"x":1,"y":1,"element":"8fe84c2d-05d1-401d-97da-8f299be9532e"}},{"action":"release","options":{}}]}[39m
[35m[UiAutomator2][39m calling get location: 8fe84c2d-05d1-401d-97da-8f299be9532e
[35m[HTTP][39m [37m<-- POST /wd/hub/session/2ecdeb9a-4e73-421b-b8ff-b58031617b26/touch/perform [39m[32m200[39m [90m1151 ms - 14[39m
[35m[HTTP][39m [90m[39m
[35m[HTTP][39m [37m-->[39m [37mPOST[39m [37m/wd/hub/session/2ecdeb9a-4e73-421b-b8ff-b58031617b26/timeouts[39m
[35m[HTTP][39m [90m{"implicit":50}[39m
[35m[HTTP][39m [37m<-- POST /wd/hub/session/2ecdeb9a-4e73-421b-b8ff-b58031617b26/timeouts [39m[32m200[39m [90m3 ms - 14[39m
[35m[HTTP][39m [90m[39m
[35m[HTTP][39m [37m-->[39m [37mGET[39m [37m/wd/hub/session/2ecdeb9a-4e73-421b-b8ff-b58031617b26/window/rect[39m
[35m[HTTP][39m [90m{}[39m
[35m[HTTP][39m [37m<-- GET /wd/hub/session/2ecdeb9a-4e73-421b-b8ff-b58031617b26/window/rect [39m[32m200[39m [90m16 ms - 50[39m
[35m[HTTP][39m [90m[39m
[35m[HTTP][39m [37m-->[39m [37mPOST[39m [37m/wd/hub/session/2ecdeb9a-4e73-421b-b8ff-b58031617b26/elements[39m
[35m[HTTP][39m [90m{"using":"-android uiautomator","value":"new UiSelector().className(\"android.widget.EditText\").text(\"Email\")"}[39m
[35m[HTTP][39m [37m<-- POST /wd/hub/session/2ecdeb9a-4e73-421b-b8ff-b58031617b26/elements [39m[32m200[39m [90m71 ms - 139[39m
[35m[HTTP][39m [90m[39m
[35m[HTTP][39m [37m-->[39m [37mGET[39m [37m/wd/hub/session/2ecdeb9a-4e73-421b-b8ff-b58031617b26/element/5bdc719a-5731-4350-a8cb-39ec28694cd3/location[39m
[35m[HTTP][39m [90m{}[39m
[35m[W3C (2ecdeb9a)][39m Driver proxy active, passing request on via HTTP proxy
[35m[WD Proxy][39m Replacing sessionId 8ca5c26c-e831-403f-9575-34068754f8f4 with 2ecdeb9a-4e73-421b-b8ff-b58031617b26
[35m[HTTP][39m [37m<-- GET /wd/hub/session/2ecdeb9a-4e73-421b-b8ff-b58031617b26/element/5bdc719a-5731-4350-a8cb-39ec28694cd3/location [39m[32m200[39m [90m50 ms - 89[39m
[35m[HTTP][39m [90m[39m
[35m[HTTP][39m [37m-->[39m [37mPOST[39m [37m/wd/hub/session/2ecdeb9a-4e73-421b-b8ff-b58031617b26/timeouts[39m
[35m[HTTP][39m [90m{"implicit":30000}[39m
[35m[HTTP][39m [37m<-- POST /wd/hub/session/2ecdeb9a-4e73-421b-b8ff-b58031617b26/timeouts [39m[32m200[39m [90m2 ms - 14[39m
[35m[HTTP][39m [90m[39m
[35m[HTTP][39m [37m-->[39m [37mPOST[39m [37m/wd/hub/session/2ecdeb9a-4e73-421b-b8ff-b58031617b26/element/5bdc719a-5731-4350-a8cb-39ec28694cd3/clear[39m
[35m[HTTP][39m [90m{"id":"5bdc719a-5731-4350-a8cb-39ec28694cd3"}[39m
[35m[HTTP][39m [37m<-- POST /wd/hub/session/2ecdeb9a-4e73-421b-b8ff-b58031617b26/element/5bdc719a-5731-4350-a8cb-39ec28694cd3/clear [39m[32m200[39m [90m46 ms - 27[39m
[35m[HTTP][39m [90m[39m
[35m[HTTP][39m [37m-->[39m [37mPOST[39m [37m/wd/hub/session/2ecdeb9a-4e73-421b-b8ff-b58031617b26/element/5bdc719a-5731-4350-a8cb-39ec28694cd3/value[39m
[35m[HTTP][39m [90m{"id":"5bdc719a-5731-4350-a8cb-39ec28694cd3","text":"taxirider@gmail.com","value":["t","a","x","i","r","i","d","e","r","@","g","m","a","i","l",".","c","o","m"]}[39m
[35m[HTTP][39m [37m<-- POST /wd/hub/session/2ecdeb9a-4e73-421b-b8ff-b58031617b26/element/5bdc719a-5731-4350-a8cb-39ec28694cd3/value [39m[32m200[39m [90m1053 ms - 12[39m
[35m[HTTP][39m [90m[39m
[35m[HTTP][39m [37m-->[39m [37mPOST[39m [37m/wd/hub/session/2ecdeb9a-4e73-421b-b8ff-b58031617b26/timeouts[39m
[35m[HTTP][39m [90m{"implicit":50}[39m
[35m[HTTP][39m [37m<-- POST /wd/hub/session/2ecdeb9a-4e73-421b-b8ff-b58031617b26/timeouts [39m[32m200[39m [90m2 ms - 14[39m
[35m[HTTP][39m [90m[39m
[35m[HTTP][39m [37m-->[39m [37mGET[39m [37m/wd/hub/session/2ecdeb9a-4e73-421b-b8ff-b58031617b26/window/rect[39m
[35m[HTTP][39m [90m{}[39m
[35m[HTTP][39m [37m<-- GET /wd/hub/session/2ecdeb9a-4e73-421b-b8ff-b58031617b26/window/rect [39m[32m200[39m [90m24 ms - 50[39m
[35m[HTTP][39m [90m[39m
[35m[HTTP][39m [37m-->[39m [37mPOST[39m [37m/wd/hub/session/2ecdeb9a-4e73-421b-b8ff-b58031617b26/elements[39m
[35m[HTTP][39m [90m{"using":"-android uiautomator","value":"new UiSelector().className(\"android.widget.EditText\").text(\"Password\")"}[39m
[35m[HTTP][39m [37m<-- POST /wd/hub/session/2ecdeb9a-4e73-421b-b8ff-b58031617b26/elements [39m[32m200[39m [90m413 ms - 139[39m
[35m[HTTP][39m [90m[39m
[35m[HTTP][39m [37m-->[39m [37mGET[39m [37m/wd/hub/session/2ecdeb9a-4e73-421b-b8ff-b58031617b26/element/43126271-d3bd-4baa-accc-7aee788c6a64/location[39m
[35m[HTTP][39m [90m{}[39m
[35m[W3C (2ecdeb9a)][39m Driver proxy active, passing request on via HTTP proxy
[35m[WD Proxy][39m Replacing sessionId 8ca5c26c-e831-403f-9575-34068754f8f4 with 2ecdeb9a-4e73-421b-b8ff-b58031617b26
[35m[HTTP][39m [37m<-- GET /wd/hub/session/2ecdeb9a-4e73-421b-b8ff-b58031617b26/element/43126271-d3bd-4baa-accc-7aee788c6a64/location [39m[32m200[39m [90m33 ms - 90[39m
[35m[HTTP][39m [90m[39m
[35m[HTTP][39m [37m-->[39m [37mPOST[39m [37m/wd/hub/session/2ecdeb9a-4e73-421b-b8ff-b58031617b26/timeouts[39m
[35m[HTTP][39m [90m{"implicit":30000}[39m
[35m[HTTP][39m [37m<-- POST /wd/hub/session/2ecdeb9a-4e73-421b-b8ff-b58031617b26/timeouts [39m[32m200[39m [90m1 ms - 14[39m
[35m[HTTP][39m [90m[39m
[35m[HTTP][39m [37m-->[39m [37mPOST[39m [37m/wd/hub/session/2ecdeb9a-4e73-421b-b8ff-b58031617b26/element/43126271-d3bd-4baa-accc-7aee788c6a64/clear[39m
[35m[HTTP][39m [90m{"id":"43126271-d3bd-4baa-accc-7aee788c6a64"}[39m
[35m[HTTP][39m [37m<-- POST /wd/hub/session/2ecdeb9a-4e73-421b-b8ff-b58031617b26/element/43126271-d3bd-4baa-accc-7aee788c6a64/clear [39m[32m200[39m [90m27 ms - 27[39m
[35m[HTTP][39m [90m[39m
[35m[HTTP][39m [37m-->[39m [37mPOST[39m [37m/wd/hub/session/2ecdeb9a-4e73-421b-b8ff-b58031617b26/element/43126271-d3bd-4baa-accc-7aee788c6a64/value[39m
[35m[HTTP][39m [90m{"id":"43126271-d3bd-4baa-accc-7aee788c6a64","text":"123456","value":["1","2","3","4","5","6"]}[39m
[35m[HTTP][39m [37m<-- POST /wd/hub/session/2ecdeb9a-4e73-421b-b8ff-b58031617b26/element/43126271-d3bd-4baa-accc-7aee788c6a64/value [39m[32m200[39m [90m1039 ms - 12[39m
[35m[HTTP][39m [90m[39m
[35m[HTTP][39m [37m-->[39m [37mPOST[39m [37m/wd/hub/session/2ecdeb9a-4e73-421b-b8ff-b58031617b26/timeouts[39m
[35m[HTTP][39m [90m{"implicit":50}[39m
[35m[HTTP][39m [37m<-- POST /wd/hub/session/2ecdeb9a-4e73-421b-b8ff-b58031617b26/timeouts [39m[32m200[39m [90m1 ms - 14[39m
[35m[HTTP][39m [90m[39m
[35m[HTTP][39m [37m-->[39m [37mGET[39m [37m/wd/hub/session/2ecdeb9a-4e73-421b-b8ff-b58031617b26/window/rect[39m
[35m[HTTP][39m [90m{}[39m
[35m[HTTP][39m [37m<-- GET /wd/hub/session/2ecdeb9a-4e73-421b-b8ff-b58031617b26/window/rect [39m[32m200[39m [90m8 ms - 50[39m
[35m[HTTP][39m [90m[39m
[35m[HTTP][39m [37m-->[39m [37mPOST[39m [37m/wd/hub/session/2ecdeb9a-4e73-421b-b8ff-b58031617b26/elements[39m
[35m[HTTP][39m [90m{"using":"xpath","value":"//hierarchy/android.widget.FrameLayout[1]/android.widget.LinearLayout[1]/android.widget.FrameLayout[1]/android.widget.LinearLayout[1]/android.widget.FrameLayout[1]/android.widget.FrameLayout[1]/android.view.ViewGroup[1]/android.view.ViewGroup[1]/android.view.ViewGroup[1]/android.view.ViewGroup[1]/android.support.v4.widget.DrawerLayout[1]/android.view.ViewGroup[1]/android.view.ViewGroup[1]/android.view.ViewGroup[1]/android.view.ViewGroup[1]/android.view.ViewGroup[1]/android.view.ViewGroup[1]/android.widget.ScrollView[1]/android.view.ViewGroup[1]/android.view.ViewGroup[7]/android.widget.TextView[1]"}[39m
[35m[HTTP][39m [37m<-- POST /wd/hub/session/2ecdeb9a-4e73-421b-b8ff-b58031617b26/elements [39m[32m200[39m [90m2669 ms - 139[39m
[35m[HTTP][39m [90m[39m
[35m[HTTP][39m [37m-->[39m [37mGET[39m [37m/wd/hub/session/2ecdeb9a-4e73-421b-b8ff-b58031617b26/element/31423b4e-6e5b-4c29-84c9-65586f995d52/location[39m
[35m[HTTP][39m [90m{}[39m
[35m[W3C (2ecdeb9a)][39m Driver proxy active, passing request on via HTTP proxy
[35m[WD Proxy][39m Replacing sessionId 8ca5c26c-e831-403f-9575-34068754f8f4 with 2ecdeb9a-4e73-421b-b8ff-b58031617b26
[35m[HTTP][39m [37m<-- GET /wd/hub/session/2ecdeb9a-4e73-421b-b8ff-b58031617b26/element/31423b4e-6e5b-4c29-84c9-65586f995d52/location [39m[32m200[39m [90m52 ms - 90[39m
[35m[HTTP][39m [90m[39m
[35m[HTTP][39m [37m-->[39m [37mPOST[39m [37m/wd/hub/session/2ecdeb9a-4e73-421b-b8ff-b58031617b26/timeouts[39m
[35m[HTTP][39m [90m{"implicit":30000}[39m
[35m[HTTP][39m [37m<-- POST /wd/hub/session/2ecdeb9a-4e73-421b-b8ff-b58031617b26/timeouts [39m[32m200[39m [90m3 ms - 14[39m
[35m[HTTP][39m [90m[39m
[35m[HTTP][39m [37m-->[39m [37mPOST[39m [37m/wd/hub/session/2ecdeb9a-4e73-421b-b8ff-b58031617b26/touch/perform[39m
[35m[HTTP][39m [90m{"actions":[{"action":"tap","options":{"x":1,"y":1,"element":"31423b4e-6e5b-4c29-84c9-65586f995d52"}},{"action":"release","options":{}}]}[39m
[35m[UiAutomator2][39m calling get location: 31423b4e-6e5b-4c29-84c9-65586f995d52
[35m[HTTP][39m [37m<-- POST /wd/hub/session/2ecdeb9a-4e73-421b-b8ff-b58031617b26/touch/perform [39m[32m200[39m [90m99 ms - 14[39m
[35m[HTTP][39m [90m[39m
[35m[HTTP][39m [37m-->[39m [37mPOST[39m [37m/wd/hub/session/2ecdeb9a-4e73-421b-b8ff-b58031617b26/timeouts[39m
[35m[HTTP][39m [90m{"implicit":50}[39m
[35m[HTTP][39m [37m<-- POST /wd/hub/session/2ecdeb9a-4e73-421b-b8ff-b58031617b26/timeouts [39m[32m200[39m [90m3 ms - 14[39m
[35m[HTTP][39m [90m[39m
[35m[HTTP][39m [37m-->[39m [37mGET[39m [37m/wd/hub/session/2ecdeb9a-4e73-421b-b8ff-b58031617b26/window/rect[39m
[35m[HTTP][39m [90m{}[39m
[35m[HTTP][39m [37m<-- GET /wd/hub/session/2ecdeb9a-4e73-421b-b8ff-b58031617b26/window/rect [39m[32m200[39m [90m55 ms - 50[39m
[35m[HTTP][39m [90m[39m
[35m[HTTP][39m [37m-->[39m [37mPOST[39m [37m/wd/hub/session/2ecdeb9a-4e73-421b-b8ff-b58031617b26/elements[39m
[35m[HTTP][39m [90m{"using":"-android uiautomator","value":"new UiSelector().className(\"android.widget.TextView\").text(\"Bannerghatta Main Road, BTM Layout, 2nd Stage, 2nd Main Road, No 18, First Floor, Bengaluru, Karnataka 560076, India\")"}[39m
[35m[HTTP][39m [37m<-- POST /wd/hub/session/2ecdeb9a-4e73-421b-b8ff-b58031617b26/elements [39m[32m200[39m [90m226 ms - 12[39m
[35m[HTTP][39m [90m[39m
[35m[HTTP][39m [37m-->[39m [37mPOST[39m [37m/wd/hub/session/2ecdeb9a-4e73-421b-b8ff-b58031617b26/elements[39m
[35m[HTTP][39m [90m{"using":"-android uiautomator","value":"new UiSelector().className(\"android.widget.TextView\").text(\"Bannerghatta Main Road, BTM Layout, 2nd Stage, 2nd Main Road, No 18, First Floor, Bengaluru, Karnataka 560076, India\")"}[39m
[35m[HTTP][39m [37m<-- POST /wd/hub/session/2ecdeb9a-4e73-421b-b8ff-b58031617b26/elements [39m[32m200[39m [90m85 ms - 12[39m
[35m[HTTP][39m [90m[39m
[35m[HTTP][39m [37m-->[39m [37mPOST[39m [37m/wd/hub/session/2ecdeb9a-4e73-421b-b8ff-b58031617b26/elements[39m
[35m[HTTP][39m [90m{"using":"-android uiautomator","value":"new UiSelector().className(\"android.widget.TextView\").text(\"Bannerghatta Main Road, BTM Layout, 2nd Stage, 2nd Main Road, No 18, First Floor, Bengaluru, Karnataka 560076, India\")"}[39m
[35m[HTTP][39m [37m<-- POST /wd/hub/session/2ecdeb9a-4e73-421b-b8ff-b58031617b26/elements [39m[32m200[39m [90m53 ms - 12[39m
[35m[HTTP][39m [90m[39m
[35m[HTTP][39m [37m-->[39m [37mPOST[39m [37m/wd/hub/session/2ecdeb9a-4e73-421b-b8ff-b58031617b26/elements[39m
[35m[HTTP][39m [90m{"using":"-android uiautomator","value":"new UiSelector().className(\"android.widget.TextView\").text(\"Bannerghatta Main Road, BTM Layout, 2nd Stage, 2nd Main Road, No 18, First Floor, Bengaluru, Karnataka 560076, India\")"}[39m
[35m[HTTP][39m [37m<-- POST /wd/hub/session/2ecdeb9a-4e73-421b-b8ff-b58031617b26/elements [39m[32m200[39m [90m891 ms - 12[39m
[35m[HTTP][39m [90m[39m
[35m[HTTP][39m [37m-->[39m [37mPOST[39m [37m/wd/hub/session/2ecdeb9a-4e73-421b-b8ff-b58031617b26/elements[39m
[35m[HTTP][39m [90m{"using":"-android uiautomator","value":"new UiSelector().className(\"android.widget.TextView\").text(\"Bannerghatta Main Road, BTM Layout, 2nd Stage, 2nd Main Road, No 18, First Floor, Bengaluru, Karnataka 560076, India\")"}[39m
[35m[HTTP][39m [37m<-- POST /wd/hub/session/2ecdeb9a-4e73-421b-b8ff-b58031617b26/elements [39m[32m200[39m [90m64 ms - 12[39m
[35m[HTTP][39m [90m[39m
[35m[HTTP][39m [37m-->[39m [37mPOST[39m [37m/wd/hub/session/2ecdeb9a-4e73-421b-b8ff-b58031617b26/elements[39m
[35m[HTTP][39m [90m{"using":"-android uiautomator","value":"new UiSelector().className(\"android.widget.TextView\").text(\"Bannerghatta Main Road, BTM Layout, 2nd Stage, 2nd Main Road, No 18, First Floor, Bengaluru, Karnataka 560076, India\")"}[39m
[35m[HTTP][39m [37m<-- POST /wd/hub/session/2ecdeb9a-4e73-421b-b8ff-b58031617b26/elements [39m[32m200[39m [90m78 ms - 12[39m
[35m[HTTP][39m [90m[39m
[35m[HTTP][39m [37m-->[39m [37mPOST[39m [37m/wd/hub/session/2ecdeb9a-4e73-421b-b8ff-b58031617b26/elements[39m
[35m[HTTP][39m [90m{"using":"-android uiautomator","value":"new UiSelector().className(\"android.widget.TextView\").text(\"Bannerghatta Main Road, BTM Layout, 2nd Stage, 2nd Main Road, No 18, First Floor, Bengaluru, Karnataka 560076, India\")"}[39m
[35m[HTTP][39m [37m<-- POST /wd/hub/session/2ecdeb9a-4e73-421b-b8ff-b58031617b26/elements [39m[32m200[39m [90m106 ms - 12[39m
[35m[HTTP][39m [90m[39m
[35m[HTTP][39m [37m-->[39m [37mPOST[39m [37m/wd/hub/session/2ecdeb9a-4e73-421b-b8ff-b58031617b26/elements[39m
[35m[HTTP][39m [90m{"using":"-android uiautomator","value":"new UiSelector().className(\"android.widget.TextView\").text(\"Bannerghatta Main Road, BTM Layout, 2nd Stage, 2nd Main Road, No 18, First Floor, Bengaluru, Karnataka 560076, India\")"}[39m
[35m[HTTP][39m [37m<-- POST /wd/hub/session/2ecdeb9a-4e73-421b-b8ff-b58031617b26/elements [39m[32m200[39m [90m79 ms - 12[39m
[35m[HTTP][39m [90m[39m
[35m[HTTP][39m [37m-->[39m [37mPOST[39m [37m/wd/hub/session/2ecdeb9a-4e73-421b-b8ff-b58031617b26/elements[39m
[35m[HTTP][39m [90m{"using":"-android uiautomator","value":"new UiSelector().className(\"android.widget.TextView\").text(\"Bannerghatta Main Road, BTM Layout, 2nd Stage, 2nd Main Road, No 18, First Floor, Bengaluru, Karnataka 560076, India\")"}[39m
[35m[HTTP][39m [37m<-- POST /wd/hub/session/2ecdeb9a-4e73-421b-b8ff-b58031617b26/elements [39m[32m200[39m [90m78 ms - 12[39m
[35m[HTTP][39m [90m[39m
[35m[HTTP][39m [37m-->[39m [37mPOST[39m [37m/wd/hub/session/2ecdeb9a-4e73-421b-b8ff-b58031617b26/elements[39m
[35m[HTTP][39m [90m{"using":"-android uiautomator","value":"new UiSelector().className(\"android.widget.TextView\").text(\"Bannerghatta Main Road, BTM Layout, 2nd Stage, 2nd Main Road, No 18, First Floor, Bengaluru, Karnataka 560076, India\")"}[39m
[35m[HTTP][39m [37m<-- POST /wd/hub/session/2ecdeb9a-4e73-421b-b8ff-b58031617b26/elements [39m[32m200[39m [90m117 ms - 12[39m
[35m[HTTP][39m [90m[39m
[35m[HTTP][39m [37m-->[39m [37mPOST[39m [37m/wd/hub/session/2ecdeb9a-4e73-421b-b8ff-b58031617b26/elements[39m
[35m[HTTP][39m [90m{"using":"-android uiautomator","value":"new UiSelector().className(\"android.widget.TextView\").text(\"Bannerghatta Main Road, BTM Layout, 2nd Stage, 2nd Main Road, No 18, First Floor, Bengaluru, Karnataka 560076, India\")"}[39m
[35m[HTTP][39m [37m<-- POST /wd/hub/session/2ecdeb9a-4e73-421b-b8ff-b58031617b26/elements [39m[32m200[39m [90m55 ms - 12[39m
[35m[HTTP][39m [90m[39m
[35m[HTTP][39m [37m-->[39m [37mPOST[39m [37m/wd/hub/session/2ecdeb9a-4e73-421b-b8ff-b58031617b26/elements[39m
[35m[HTTP][39m [90m{"using":"-android uiautomator","value":"new UiSelector().className(\"android.widget.TextView\").text(\"Bannerghatta Main Road, BTM Layout, 2nd Stage, 2nd Main Road, No 18, First Floor, Bengaluru, Karnataka 560076, India\")"}[39m
[35m[HTTP][39m [37m<-- POST /wd/hub/session/2ecdeb9a-4e73-421b-b8ff-b58031617b26/elements [39m[32m200[39m [90m124 ms - 12[39m
[35m[HTTP][39m [90m[39m
[35m[HTTP][39m [37m-->[39m [37mPOST[39m [37m/wd/hub/session/2ecdeb9a-4e73-421b-b8ff-b58031617b26/elements[39m
[35m[HTTP][39m [90m{"using":"-android uiautomator","value":"new UiSelector().className(\"android.widget.TextView\").text(\"Bannerghatta Main Road, BTM Layout, 2nd Stage, 2nd Main Road, No 18, First Floor, Bengaluru, Karnataka 560076, India\")"}[39m
[35m[HTTP][39m [37m<-- POST /wd/hub/session/2ecdeb9a-4e73-421b-b8ff-b58031617b26/elements [39m[32m200[39m [90m141 ms - 12[39m
[35m[HTTP][39m [90m[39m
[35m[HTTP][39m [37m-->[39m [37mPOST[39m [37m/wd/hub/session/2ecdeb9a-4e73-421b-b8ff-b58031617b26/elements[39m
[35m[HTTP][39m [90m{"using":"-android uiautomator","value":"new UiSelector().className(\"android.widget.TextView\").text(\"Bannerghatta Main Road, BTM Layout, 2nd Stage, 2nd Main Road, No 18, First Floor, Bengaluru, Karnataka 560076, India\")"}[39m
[35m[HTTP][39m [37m<-- POST /wd/hub/session/2ecdeb9a-4e73-421b-b8ff-b58031617b26/elements [39m[32m200[39m [90m88 ms - 12[39m
[35m[HTTP][39m [90m[39m
[35m[HTTP][39m [37m-->[39m [37mPOST[39m [37m/wd/hub/session/2ecdeb9a-4e73-421b-b8ff-b58031617b26/elements[39m
[35m[HTTP][39m [90m{"using":"-android uiautomator","value":"new UiSelector().className(\"android.widget.TextView\").text(\"Bannerghatta Main Road, BTM Layout, 2nd Stage, 2nd Main Road, No 18, First Floor, Bengaluru, Karnataka 560076, India\")"}[39m
[35m[HTTP][39m [37m<-- POST /wd/hub/session/2ecdeb9a-4e73-421b-b8ff-b58031617b26/elements [39m[32m200[39m [90m89 ms - 12[39m
[35m[HTTP][39m [90m[39m
[35m[HTTP][39m [37m-->[39m [37mPOST[39m [37m/wd/hub/session/2ecdeb9a-4e73-421b-b8ff-b58031617b26/elements[39m
[35m[HTTP][39m [90m{"using":"-android uiautomator","value":"new UiSelector().className(\"android.widget.TextView\").text(\"Bannerghatta Main Road, BTM Layout, 2nd Stage, 2nd Main Road, No 18, First Floor, Bengaluru, Karnataka 560076, India\")"}[39m
[35m[HTTP][39m [37m<-- POST /wd/hub/session/2ecdeb9a-4e73-421b-b8ff-b58031617b26/elements [39m[32m200[39m [90m70 ms - 12[39m
[35m[HTTP][39m [90m[39m
[35m[HTTP][39m [37m-->[39m [37mPOST[39m [37m/wd/hub/session/2ecdeb9a-4e73-421b-b8ff-b58031617b26/elements[39m
[35m[HTTP][39m [90m{"using":"-android uiautomator","value":"new UiSelector().className(\"android.widget.TextView\").text(\"Bannerghatta Main Road, BTM Layout, 2nd Stage, 2nd Main Road, No 18, First Floor, Bengaluru, Karnataka 560076, India\")"}[39m
[35m[HTTP][39m [37m<-- POST /wd/hub/session/2ecdeb9a-4e73-421b-b8ff-b58031617b26/elements [39m[32m200[39m [90m60 ms - 12[39m
[35m[HTTP][39m [90m[39m
[35m[HTTP][39m [37m-->[39m [37mPOST[39m [37m/wd/hub/session/2ecdeb9a-4e73-421b-b8ff-b58031617b26/elements[39m
[35m[HTTP][39m [90m{"using":"-android uiautomator","value":"new UiSelector().className(\"android.widget.TextView\").text(\"Bannerghatta Main Road, BTM Layout, 2nd Stage, 2nd Main Road, No 18, First Floor, Bengaluru, Karnataka 560076, India\")"}[39m
[35m[HTTP][39m [37m<-- POST /wd/hub/session/2ecdeb9a-4e73-421b-b8ff-b58031617b26/elements [39m[32m200[39m [90m922 ms - 139[39m
[35m[HTTP][39m [90m[39m
[35m[HTTP][39m [37m-->[39m [37mGET[39m [37m/wd/hub/session/2ecdeb9a-4e73-421b-b8ff-b58031617b26/element/bfb9c54c-44f6-48cc-8d7e-b00eb2887061/location[39m
[35m[HTTP][39m [90m{}[39m
[35m[W3C (2ecdeb9a)][39m Driver proxy active, passing request on via HTTP proxy
[35m[WD Proxy][39m Replacing sessionId 8ca5c26c-e831-403f-9575-34068754f8f4 with 2ecdeb9a-4e73-421b-b8ff-b58031617b26
[35m[HTTP][39m [37m<-- GET /wd/hub/session/2ecdeb9a-4e73-421b-b8ff-b58031617b26/element/bfb9c54c-44f6-48cc-8d7e-b00eb2887061/location [39m[32m200[39m [90m35 ms - 89[39m
[35m[HTTP][39m [90m[39m
[35m[HTTP][39m [37m-->[39m [37mPOST[39m [37m/wd/hub/session/2ecdeb9a-4e73-421b-b8ff-b58031617b26/timeouts[39m
[35m[HTTP][39m [90m{"implicit":30000}[39m
[35m[HTTP][39m [37m<-- POST /wd/hub/session/2ecdeb9a-4e73-421b-b8ff-b58031617b26/timeouts [39m[32m200[39m [90m2 ms - 14[39m
[35m[HTTP][39m [90m[39m
[35m[HTTP][39m [37m-->[39m [37mPOST[39m [37m/wd/hub/session/2ecdeb9a-4e73-421b-b8ff-b58031617b26/touch/perform[39m
[35m[HTTP][39m [90m{"actions":[{"action":"tap","options":{"x":1,"y":1,"element":"bfb9c54c-44f6-48cc-8d7e-b00eb2887061"}},{"action":"release","options":{}}]}[39m
[35m[UiAutomator2][39m calling get location: bfb9c54c-44f6-48cc-8d7e-b00eb2887061
[35m[HTTP][39m [37m<-- POST /wd/hub/session/2ecdeb9a-4e73-421b-b8ff-b58031617b26/touch/perform [39m[32m200[39m [90m1537 ms - 14[39m
[35m[HTTP][39m [90m[39m
[35m[HTTP][39m [37m-->[39m [37mPOST[39m [37m/wd/hub/session/2ecdeb9a-4e73-421b-b8ff-b58031617b26/timeouts[39m
[35m[HTTP][39m [90m{"implicit":50}[39m
[35m[HTTP][39m [37m<-- POST /wd/hub/session/2ecdeb9a-4e73-421b-b8ff-b58031617b26/timeouts [39m[32m200[39m [90m2 ms - 14[39m
[35m[HTTP][39m [90m[39m
[35m[HTTP][39m [37m-->[39m [37mGET[39m [37m/wd/hub/session/2ecdeb9a-4e73-421b-b8ff-b58031617b26/window/rect[39m
[35m[HTTP][39m [90m{}[39m
[35m[HTTP][39m [37m<-- GET /wd/hub/session/2ecdeb9a-4e73-421b-b8ff-b58031617b26/window/rect [39m[32m200[39m [90m12 ms - 50[39m
[35m[HTTP][39m [90m[39m
[35m[HTTP][39m [37m-->[39m [37mPOST[39m [37m/wd/hub/session/2ecdeb9a-4e73-421b-b8ff-b58031617b26/elements[39m
[35m[HTTP][39m [90m{"using":"-android uiautomator","value":"new UiSelector().className(\"android.widget.EditText\").text(\"Search for locality or place\")"}[39m
[35m[HTTP][39m [37m<-- POST /wd/hub/session/2ecdeb9a-4e73-421b-b8ff-b58031617b26/elements [39m[32m200[39m [90m56 ms - 139[39m
[35m[HTTP][39m [90m[39m
[35m[HTTP][39m [37m-->[39m [37mGET[39m [37m/wd/hub/session/2ecdeb9a-4e73-421b-b8ff-b58031617b26/element/ce337d90-20e1-4250-9de9-cd03693e3c37/location[39m
[35m[HTTP][39m [90m{}[39m
[35m[W3C (2ecdeb9a)][39m Driver proxy active, passing request on via HTTP proxy
[35m[WD Proxy][39m Replacing sessionId 8ca5c26c-e831-403f-9575-34068754f8f4 with 2ecdeb9a-4e73-421b-b8ff-b58031617b26
[35m[HTTP][39m [37m<-- GET /wd/hub/session/2ecdeb9a-4e73-421b-b8ff-b58031617b26/element/ce337d90-20e1-4250-9de9-cd03693e3c37/location [39m[32m200[39m [90m26 ms - 88[39m
[35m[HTTP][39m [90m[39m
[35m[HTTP][39m [37m-->[39m [37mPOST[39m [37m/wd/hub/session/2ecdeb9a-4e73-421b-b8ff-b58031617b26/timeouts[39m
[35m[HTTP][39m [90m{"implicit":30000}[39m
[35m[HTTP][39m [37m<-- POST /wd/hub/session/2ecdeb9a-4e73-421b-b8ff-b58031617b26/timeouts [39m[32m200[39m [90m2 ms - 14[39m
[35m[HTTP][39m [90m[39m
[35m[HTTP][39m [37m-->[39m [37mPOST[39m [37m/wd/hub/session/2ecdeb9a-4e73-421b-b8ff-b58031617b26/element/ce337d90-20e1-4250-9de9-cd03693e3c37/clear[39m
[35m[HTTP][39m [90m{"id":"ce337d90-20e1-4250-9de9-cd03693e3c37"}[39m
[35m[HTTP][39m [37m<-- POST /wd/hub/session/2ecdeb9a-4e73-421b-b8ff-b58031617b26/element/ce337d90-20e1-4250-9de9-cd03693e3c37/clear [39m[32m200[39m [90m36 ms - 27[39m
[35m[HTTP][39m [90m[39m
[35m[HTTP][39m [37m-->[39m [37mPOST[39m [37m/wd/hub/session/2ecdeb9a-4e73-421b-b8ff-b58031617b26/element/ce337d90-20e1-4250-9de9-cd03693e3c37/value[39m
[35m[HTTP][39m [90m{"id":"ce337d90-20e1-4250-9de9-cd03693e3c37","text":"Ranka colony","value":["R","a","n","k","a"," ","c","o","l","o","n","y"]}[39m
[35m[HTTP][39m [37m<-- POST /wd/hub/session/2ecdeb9a-4e73-421b-b8ff-b58031617b26/element/ce337d90-20e1-4250-9de9-cd03693e3c37/value [39m[32m200[39m [90m1770 ms - 12[39m
[35m[HTTP][39m [90m[39m
[35m[HTTP][39m [37m-->[39m [37mPOST[39m [37m/wd/hub/session/2ecdeb9a-4e73-421b-b8ff-b58031617b26/timeouts[39m
[35m[HTTP][39m [90m{"implicit":50}[39m
[35m[HTTP][39m [37m<-- POST /wd/hub/session/2ecdeb9a-4e73-421b-b8ff-b58031617b26/timeouts [39m[32m200[39m [90m2 ms - 14[39m
[35m[HTTP][39m [90m[39m
[35m[HTTP][39m [37m-->[39m [37mGET[39m [37m/wd/hub/session/2ecdeb9a-4e73-421b-b8ff-b58031617b26/window/rect[39m
[35m[HTTP][39m [90m{}[39m
[35m[HTTP][39m [37m<-- GET /wd/hub/session/2ecdeb9a-4e73-421b-b8ff-b58031617b26/window/rect [39m[32m200[39m [90m50 ms - 50[39m
[35m[HTTP][39m [90m[39m
[35m[HTTP][39m [37m-->[39m [37mPOST[39m [37m/wd/hub/session/2ecdeb9a-4e73-421b-b8ff-b58031617b26/elements[39m
[35m[HTTP][39m [90m{"using":"-android uiautomator","value":"new UiSelector().className(\"android.widget.TextView\").text(\"Ranka Colony, Bilekahalli, Bengaluru, Karnataka, India\")"}[39m
[35m[HTTP][39m [37m<-- POST /wd/hub/session/2ecdeb9a-4e73-421b-b8ff-b58031617b26/elements [39m[32m200[39m [90m914 ms - 139[39m
[35m[HTTP][39m [90m[39m
[35m[HTTP][39m [37m-->[39m [37mGET[39m [37m/wd/hub/session/2ecdeb9a-4e73-421b-b8ff-b58031617b26/element/33a445db-52e0-41ac-bfab-dbff4eb7f187/location[39m
[35m[HTTP][39m [90m{}[39m
[35m[W3C (2ecdeb9a)][39m Driver proxy active, passing request on via HTTP proxy
[35m[WD Proxy][39m Replacing sessionId 8ca5c26c-e831-403f-9575-34068754f8f4 with 2ecdeb9a-4e73-421b-b8ff-b58031617b26
[35m[HTTP][39m [37m<-- GET /wd/hub/session/2ecdeb9a-4e73-421b-b8ff-b58031617b26/element/33a445db-52e0-41ac-bfab-dbff4eb7f187/location [39m[32m200[39m [90m29 ms - 88[39m
[35m[HTTP][39m [90m[39m
[35m[HTTP][39m [37m-->[39m [37mPOST[39m [37m/wd/hub/session/2ecdeb9a-4e73-421b-b8ff-b58031617b26/timeouts[39m
[35m[HTTP][39m [90m{"implicit":30000}[39m
[35m[HTTP][39m [37m<-- POST /wd/hub/session/2ecdeb9a-4e73-421b-b8ff-b58031617b26/timeouts [39m[32m200[39m [90m1 ms - 14[39m
[35m[HTTP][39m [90m[39m
[35m[HTTP][39m [37m-->[39m [37mPOST[39m [37m/wd/hub/session/2ecdeb9a-4e73-421b-b8ff-b58031617b26/touch/perform[39m
[35m[HTTP][39m [90m{"actions":[{"action":"tap","options":{"x":1,"y":1,"element":"33a445db-52e0-41ac-bfab-dbff4eb7f187"}},{"action":"release","options":{}}]}[39m
[35m[UiAutomator2][39m calling get location: 33a445db-52e0-41ac-bfab-dbff4eb7f187
[35m[HTTP][39m [37m<-- POST /wd/hub/session/2ecdeb9a-4e73-421b-b8ff-b58031617b26/touch/perform [39m[32m200[39m [90m1271 ms - 14[39m
[35m[HTTP][39m [90m[39m
[35m[HTTP][39m [37m-->[39m [37mPOST[39m [37m/wd/hub/session/2ecdeb9a-4e73-421b-b8ff-b58031617b26/timeouts[39m
[35m[HTTP][39m [90m{"implicit":50}[39m
[35m[HTTP][39m [37m<-- POST /wd/hub/session/2ecdeb9a-4e73-421b-b8ff-b58031617b26/timeouts [39m[32m200[39m [90m2 ms - 14[39m
[35m[HTTP][39m [90m[39m
[35m[HTTP][39m [37m-->[39m [37mGET[39m [37m/wd/hub/session/2ecdeb9a-4e73-421b-b8ff-b58031617b26/window/rect[39m
[35m[HTTP][39m [90m{}[39m
[35m[HTTP][39m [37m<-- GET /wd/hub/session/2ecdeb9a-4e73-421b-b8ff-b58031617b26/window/rect [39m[32m200[39m [90m18 ms - 50[39m
[35m[HTTP][39m [90m[39m
[35m[HTTP][39m [37m-->[39m [37mPOST[39m [37m/wd/hub/session/2ecdeb9a-4e73-421b-b8ff-b58031617b26/elements[39m
[35m[HTTP][39m [90m{"using":"-android uiautomator","value":"new UiSelector().className(\"android.widget.TextView\").text(\"Enter Drop Location\")"}[39m
[35m[HTTP][39m [37m<-- POST /wd/hub/session/2ecdeb9a-4e73-421b-b8ff-b58031617b26/elements [39m[32m200[39m [90m44 ms - 139[39m
[35m[HTTP][39m [90m[39m
[35m[HTTP][39m [37m-->[39m [37mGET[39m [37m/wd/hub/session/2ecdeb9a-4e73-421b-b8ff-b58031617b26/element/5026ec72-a79d-42a8-896c-422ba22e682c/location[39m
[35m[HTTP][39m [90m{}[39m
[35m[W3C (2ecdeb9a)][39m Driver proxy active, passing request on via HTTP proxy
[35m[WD Proxy][39m Replacing sessionId 8ca5c26c-e831-403f-9575-34068754f8f4 with 2ecdeb9a-4e73-421b-b8ff-b58031617b26
[35m[HTTP][39m [37m<-- GET /wd/hub/session/2ecdeb9a-4e73-421b-b8ff-b58031617b26/element/5026ec72-a79d-42a8-896c-422ba22e682c/location [39m[32m200[39m [90m29 ms - 89[39m
[35m[HTTP][39m [90m[39m
[35m[HTTP][39m [37m-->[39m [37mPOST[39m [37m/wd/hub/session/2ecdeb9a-4e73-421b-b8ff-b58031617b26/timeouts[39m
[35m[HTTP][39m [90m{"implicit":30000}[39m
[35m[HTTP][39m [37m<-- POST /wd/hub/session/2ecdeb9a-4e73-421b-b8ff-b58031617b26/timeouts [39m[32m200[39m [90m2 ms - 14[39m
[35m[HTTP][39m [90m[39m
[35m[HTTP][39m [37m-->[39m [37mPOST[39m [37m/wd/hub/session/2ecdeb9a-4e73-421b-b8ff-b58031617b26/touch/perform[39m
[35m[HTTP][39m [90m{"actions":[{"action":"tap","options":{"x":1,"y":1,"element":"5026ec72-a79d-42a8-896c-422ba22e682c"}},{"action":"release","options":{}}]}[39m
[35m[UiAutomator2][39m calling get location: 5026ec72-a79d-42a8-896c-422ba22e682c
[35m[HTTP][39m [37m<-- POST /wd/hub/session/2ecdeb9a-4e73-421b-b8ff-b58031617b26/touch/perform [39m[32m200[39m [90m1389 ms - 14[39m
[35m[HTTP][39m [90m[39m
[35m[HTTP][39m [37m-->[39m [37mPOST[39m [37m/wd/hub/session/2ecdeb9a-4e73-421b-b8ff-b58031617b26/timeouts[39m
[35m[HTTP][39m [90m{"implicit":50}[39m
[35m[HTTP][39m [37m<-- POST /wd/hub/session/2ecdeb9a-4e73-421b-b8ff-b58031617b26/timeouts [39m[32m200[39m [90m2 ms - 14[39m
[35m[HTTP][39m [90m[39m
[35m[HTTP][39m [37m-->[39m [37mGET[39m [37m/wd/hub/session/2ecdeb9a-4e73-421b-b8ff-b58031617b26/window/rect[39m
[35m[HTTP][39m [90m{}[39m
[35m[HTTP][39m [37m<-- GET /wd/hub/session/2ecdeb9a-4e73-421b-b8ff-b58031617b26/window/rect [39m[32m200[39m [90m13 ms - 50[39m
[35m[HTTP][39m [90m[39m
[35m[HTTP][39m [37m-->[39m [37mPOST[39m [37m/wd/hub/session/2ecdeb9a-4e73-421b-b8ff-b58031617b26/elements[39m
[35m[HTTP][39m [90m{"using":"-android uiautomator","value":"new UiSelector().className(\"android.widget.EditText\").text(\"Search for locality or place\")"}[39m
[35m[HTTP][39m [37m<-- POST /wd/hub/session/2ecdeb9a-4e73-421b-b8ff-b58031617b26/elements [39m[32m200[39m [90m44 ms - 139[39m
[35m[HTTP][39m [90m[39m
[35m[HTTP][39m [37m-->[39m [37mGET[39m [37m/wd/hub/session/2ecdeb9a-4e73-421b-b8ff-b58031617b26/element/d9cf7ca1-77e9-4e58-a413-0f2baae11a3e/location[39m
[35m[HTTP][39m [90m{}[39m
[35m[W3C (2ecdeb9a)][39m Driver proxy active, passing request on via HTTP proxy
[35m[WD Proxy][39m Replacing sessionId 8ca5c26c-e831-403f-9575-34068754f8f4 with 2ecdeb9a-4e73-421b-b8ff-b58031617b26
[35m[HTTP][39m [37m<-- GET /wd/hub/session/2ecdeb9a-4e73-421b-b8ff-b58031617b26/element/d9cf7ca1-77e9-4e58-a413-0f2baae11a3e/location [39m[32m200[39m [90m28 ms - 88[39m
[35m[HTTP][39m [90m[39m
[35m[HTTP][39m [37m-->[39m [37mPOST[39m [37m/wd/hub/session/2ecdeb9a-4e73-421b-b8ff-b58031617b26/timeouts[39m
[35m[HTTP][39m [90m{"implicit":30000}[39m
[35m[HTTP][39m [37m<-- POST /wd/hub/session/2ecdeb9a-4e73-421b-b8ff-b58031617b26/timeouts [39m[32m200[39m [90m1 ms - 14[39m
[35m[HTTP][39m [90m[39m
[35m[HTTP][39m [37m-->[39m [37mPOST[39m [37m/wd/hub/session/2ecdeb9a-4e73-421b-b8ff-b58031617b26/element/d9cf7ca1-77e9-4e58-a413-0f2baae11a3e/clear[39m
[35m[HTTP][39m [90m{"id":"d9cf7ca1-77e9-4e58-a413-0f2baae11a3e"}[39m
[35m[HTTP][39m [37m<-- POST /wd/hub/session/2ecdeb9a-4e73-421b-b8ff-b58031617b26/element/d9cf7ca1-77e9-4e58-a413-0f2baae11a3e/clear [39m[32m200[39m [90m38 ms - 27[39m
[35m[HTTP][39m [90m[39m
[35m[HTTP][39m [37m-->[39m [37mPOST[39m [37m/wd/hub/session/2ecdeb9a-4e73-421b-b8ff-b58031617b26/element/d9cf7ca1-77e9-4e58-a413-0f2baae11a3e/value[39m
[35m[HTTP][39m [90m{"id":"d9cf7ca1-77e9-4e58-a413-0f2baae11a3e","text":"silk board","value":["s","i","l","k"," ","b","o","a","r","d"]}[39m
[35m[HTTP][39m [37m<-- POST /wd/hub/session/2ecdeb9a-4e73-421b-b8ff-b58031617b26/element/d9cf7ca1-77e9-4e58-a413-0f2baae11a3e/value [39m[32m200[39m [90m1698 ms - 12[39m
[35m[HTTP][39m [90m[39m
[35m[HTTP][39m [37m-->[39m [37mPOST[39m [37m/wd/hub/session/2ecdeb9a-4e73-421b-b8ff-b58031617b26/timeouts[39m
[35m[HTTP][39m [90m{"implicit":50}[39m
[35m[HTTP][39m [37m<-- POST /wd/hub/session/2ecdeb9a-4e73-421b-b8ff-b58031617b26/timeouts [39m[32m200[39m [90m2 ms - 14[39m
[35m[HTTP][39m [90m[39m
[35m[HTTP][39m [37m-->[39m [37mGET[39m [37m/wd/hub/session/2ecdeb9a-4e73-421b-b8ff-b58031617b26/window/rect[39m
[35m[HTTP][39m [90m{}[39m
[35m[HTTP][39m [37m<-- GET /wd/hub/session/2ecdeb9a-4e73-421b-b8ff-b58031617b26/window/rect [39m[32m200[39m [90m19 ms - 50[39m
[35m[HTTP][39m [90m[39m
[35m[HTTP][39m [37m-->[39m [37mPOST[39m [37m/wd/hub/session/2ecdeb9a-4e73-421b-b8ff-b58031617b26/elements[39m
[35m[HTTP][39m [90m{"using":"-android uiautomator","value":"new UiSelector().className(\"android.widget.TextView\").text(\"Silk board bus stand, Central Silk Board Colony, Stage 2, BTM Layout, Bengaluru, Karnataka, India\")"}[39m
[35m[HTTP][39m [37m<-- POST /wd/hub/session/2ecdeb9a-4e73-421b-b8ff-b58031617b26/elements [39m[32m200[39m [90m853 ms - 139[39m
[35m[HTTP][39m [90m[39m
[35m[HTTP][39m [37m-->[39m [37mGET[39m [37m/wd/hub/session/2ecdeb9a-4e73-421b-b8ff-b58031617b26/element/a290ff5e-249d-4089-995a-7b0eacb4c02e/location[39m
[35m[HTTP][39m [90m{}[39m
[35m[W3C (2ecdeb9a)][39m Driver proxy active, passing request on via HTTP proxy
[35m[WD Proxy][39m Replacing sessionId 8ca5c26c-e831-403f-9575-34068754f8f4 with 2ecdeb9a-4e73-421b-b8ff-b58031617b26
[35m[HTTP][39m [37m<-- GET /wd/hub/session/2ecdeb9a-4e73-421b-b8ff-b58031617b26/element/a290ff5e-249d-4089-995a-7b0eacb4c02e/location [39m[32m200[39m [90m24 ms - 88[39m
[35m[HTTP][39m [90m[39m
[35m[HTTP][39m [37m-->[39m [37mPOST[39m [37m/wd/hub/session/2ecdeb9a-4e73-421b-b8ff-b58031617b26/timeouts[39m
[35m[HTTP][39m [90m{"implicit":30000}[39m
[35m[HTTP][39m [37m<-- POST /wd/hub/session/2ecdeb9a-4e73-421b-b8ff-b58031617b26/timeouts [39m[32m200[39m [90m2 ms - 14[39m
[35m[HTTP][39m [90m[39m
[35m[HTTP][39m [37m-->[39m [37mPOST[39m [37m/wd/hub/session/2ecdeb9a-4e73-421b-b8ff-b58031617b26/touch/perform[39m
[35m[HTTP][39m [90m{"actions":[{"action":"tap","options":{"x":1,"y":1,"element":"a290ff5e-249d-4089-995a-7b0eacb4c02e"}},{"action":"release","options":{}}]}[39m
[35m[UiAutomator2][39m calling get location: a290ff5e-249d-4089-995a-7b0eacb4c02e
[35m[HTTP][39m [37m<-- POST /wd/hub/session/2ecdeb9a-4e73-421b-b8ff-b58031617b26/touch/perform [39m[32m200[39m [90m1226 ms - 14[39m
[35m[HTTP][39m [90m[39m
[35m[HTTP][39m [37m-->[39m [37mPOST[39m [37m/wd/hub/session/2ecdeb9a-4e73-421b-b8ff-b58031617b26/timeouts[39m
[35m[HTTP][39m [90m{"implicit":50}[39m
[35m[HTTP][39m [37m<-- POST /wd/hub/session/2ecdeb9a-4e73-421b-b8ff-b58031617b26/timeouts [39m[32m200[39m [90m2 ms - 14[39m
[35m[HTTP][39m [90m[39m
[35m[HTTP][39m [37m-->[39m [37mGET[39m [37m/wd/hub/session/2ecdeb9a-4e73-421b-b8ff-b58031617b26/window/rect[39m
[35m[HTTP][39m [90m{}[39m
[35m[HTTP][39m [37m<-- GET /wd/hub/session/2ecdeb9a-4e73-421b-b8ff-b58031617b26/window/rect [39m[32m200[39m [90m9 ms - 50[39m
[35m[HTTP][39m [90m[39m
[35m[HTTP][39m [37m-->[39m [37mPOST[39m [37m/wd/hub/session/2ecdeb9a-4e73-421b-b8ff-b58031617b26/elements[39m
[35m[HTTP][39m [90m{"using":"-android uiautomator","value":"new UiSelector().className(\"android.widget.TextView\").text(\"Book Ride\")"}[39m
[35m[HTTP][39m [37m<-- POST /wd/hub/session/2ecdeb9a-4e73-421b-b8ff-b58031617b26/elements [39m[32m200[39m [90m42 ms - 139[39m
[35m[HTTP][39m [90m[39m
[35m[HTTP][39m [37m-->[39m [37mGET[39m [37m/wd/hub/session/2ecdeb9a-4e73-421b-b8ff-b58031617b26/element/08087ea0-be5a-4d64-bb68-763516d4a756/location[39m
[35m[HTTP][39m [90m{}[39m
[35m[W3C (2ecdeb9a)][39m Driver proxy active, passing request on via HTTP proxy
[35m[WD Proxy][39m Replacing sessionId 8ca5c26c-e831-403f-9575-34068754f8f4 with 2ecdeb9a-4e73-421b-b8ff-b58031617b26
[35m[HTTP][39m [37m<-- GET /wd/hub/session/2ecdeb9a-4e73-421b-b8ff-b58031617b26/element/08087ea0-be5a-4d64-bb68-763516d4a756/location [39m[32m200[39m [90m24 ms - 90[39m
[35m[HTTP][39m [90m[39m
[35m[HTTP][39m [37m-->[39m [37mPOST[39m [37m/wd/hub/session/2ecdeb9a-4e73-421b-b8ff-b58031617b26/timeouts[39m
[35m[HTTP][39m [90m{"implicit":30000}[39m
[35m[HTTP][39m [37m<-- POST /wd/hub/session/2ecdeb9a-4e73-421b-b8ff-b58031617b26/timeouts [39m[32m200[39m [90m2 ms - 14[39m
[35m[HTTP][39m [90m[39m
[35m[HTTP][39m [37m-->[39m [37mPOST[39m [37m/wd/hub/session/2ecdeb9a-4e73-421b-b8ff-b58031617b26/touch/perform[39m
[35m[HTTP][39m [90m{"actions":[{"action":"tap","options":{"x":1,"y":1,"element":"08087ea0-be5a-4d64-bb68-763516d4a756"}},{"action":"release","options":{}}]}[39m
[35m[UiAutomator2][39m calling get location: 08087ea0-be5a-4d64-bb68-763516d4a756
[35m[HTTP][39m [37m<-- POST /wd/hub/session/2ecdeb9a-4e73-421b-b8ff-b58031617b26/touch/perform [39m[32m200[39m [90m854 ms - 14[39m
[35m[HTTP][39m [90m[39m
[35m[HTTP][39m [37m-->[39m [37mPOST[39m [37m/wd/hub/session/2ecdeb9a-4e73-421b-b8ff-b58031617b26/timeouts[39m
[35m[HTTP][39m [90m{"implicit":50}[39m
[35m[HTTP][39m [37m<-- POST /wd/hub/session/2ecdeb9a-4e73-421b-b8ff-b58031617b26/timeouts [39m[32m200[39m [90m2 ms - 14[39m
[35m[HTTP][39m [90m[39m
[35m[HTTP][39m [37m-->[39m [37mGET[39m [37m/wd/hub/session/2ecdeb9a-4e73-421b-b8ff-b58031617b26/window/rect[39m
[35m[HTTP][39m [90m{}[39m
[35m[HTTP][39m [37m<-- GET /wd/hub/session/2ecdeb9a-4e73-421b-b8ff-b58031617b26/window/rect [39m[32m200[39m [90m16 ms - 50[39m
[35m[HTTP][39m [90m[39m
[35m[HTTP][39m [37m-->[39m [37mPOST[39m [37m/wd/hub/session/2ecdeb9a-4e73-421b-b8ff-b58031617b26/elements[39m
[35m[HTTP][39m [90m{"using":"-android uiautomator","value":"new UiSelector().className(\"android.widget.TextView\").text(\"Request Taxi\")"}[39m
[35m[HTTP][39m [37m<-- POST /wd/hub/session/2ecdeb9a-4e73-421b-b8ff-b58031617b26/elements [39m[32m200[39m [90m36 ms - 139[39m
[35m[HTTP][39m [90m[39m
[35m[HTTP][39m [37m-->[39m [37mGET[39m [37m/wd/hub/session/2ecdeb9a-4e73-421b-b8ff-b58031617b26/element/a77f9275-c21d-43d2-bcdd-63cb33f071b9/location[39m
[35m[HTTP][39m [90m{}[39m
[35m[W3C (2ecdeb9a)][39m Driver proxy active, passing request on via HTTP proxy
[35m[WD Proxy][39m Replacing sessionId 8ca5c26c-e831-403f-9575-34068754f8f4 with 2ecdeb9a-4e73-421b-b8ff-b58031617b26
[35m[HTTP][39m [37m<-- GET /wd/hub/session/2ecdeb9a-4e73-421b-b8ff-b58031617b26/element/a77f9275-c21d-43d2-bcdd-63cb33f071b9/location [39m[32m200[39m [90m29 ms - 90[39m
[35m[HTTP][39m [90m[39m
[35m[HTTP][39m [37m-->[39m [37mPOST[39m [37m/wd/hub/session/2ecdeb9a-4e73-421b-b8ff-b58031617b26/timeouts[39m
[35m[HTTP][39m [90m{"implicit":30000}[39m
[35m[HTTP][39m [37m<-- POST /wd/hub/session/2ecdeb9a-4e73-421b-b8ff-b58031617b26/timeouts [39m[32m200[39m [90m3 ms - 14[39m
[35m[HTTP][39m [90m[39m
[35m[HTTP][39m [37m-->[39m [37mPOST[39m [37m/wd/hub/session/2ecdeb9a-4e73-421b-b8ff-b58031617b26/touch/perform[39m
[35m[HTTP][39m [90m{"actions":[{"action":"tap","options":{"x":1,"y":1,"element":"a77f9275-c21d-43d2-bcdd-63cb33f071b9"}},{"action":"release","options":{}}]}[39m
[35m[UiAutomator2][39m calling get location: a77f9275-c21d-43d2-bcdd-63cb33f071b9
[35m[HTTP][39m [37m<-- POST /wd/hub/session/2ecdeb9a-4e73-421b-b8ff-b58031617b26/touch/perform [39m[32m200[39m [90m922 ms - 14[39m
[35m[HTTP][39m [90m[39m
[35m[Appium][39m Received SIGINT - shutting down
[35m[BaseDriver][39m Shutting down because we waited 1800 seconds for a command
[35m[Appium][39m Closing session, cause was 'New Command Timeout of 1800 seconds expired. Try customizing the timeout using the 'newCommandTimeout' desired capability'
[35m[Appium][39m Removing session 2ecdeb9a-4e73-421b-b8ff-b58031617b26 from our master session list
[35m[WD Proxy][39m Got an unexpected response: {"errno":"ECONNREFUSED","code":"ECONNREFUSED","syscall":"connect","address":"127.0.0.1","port":57535}
[35m[UiAutomator2][39m Did not get confirmation UiAutomator2 deleteSession worked; Error was: UnknownError: An unknown server-side error occurred while processing the command. Original error: Could not proxy command to remote server. Original error: Error: connect ECONNREFUSED 127.0.0.1:57535
[35m[ADB][39m Error sending command, reconnecting device and retrying: shell,am,force-stop,io.nativebase.market.geekyants.taxiapprider
[35m[UiAutomator2][39m Unable to force stop app: Could not find a connected Android device.
[35m[ADB][39m Error sending command, reconnecting device and retrying: shell,dumpsys,package,io.nativebase.market.geekyants.taxiapprider
[35m[UiAutomator2][39m Unable to uninstall app: Error finding if 'io.nativebase.market.geekyants.taxiapprider' is installed. Original error: Could not find a connected Android device.
[35m[ADB][39m Error sending command, reconnecting device and retrying: forward,--remove,tcp:57535
[35m[UiAutomator2][39m Unable to remove port forward 'Could not find a connected Android device.'
