[35m[Appium][39m Welcome to Appium v1.14.0
[35m[Appium][39m Non-default server args:
[35m[Appium][39m   port: 52444
[35m[Appium][39m   loglevel: info
[35m[Appium][39m   chromeDriverPort: 52445
[35m[Appium][39m   tmpDir: /var/folders/38/x4crs4qx0hn0r3_szny2t9sw0000gn/T//Katalon/Appium/Temp1565938830091
[35m[Appium][39m Appium REST http interface listener started on 0.0.0.0:52444
[35m[HTTP][39m [37m-->[39m [37mGET[39m [37m/wd/hub/status[39m
[35m[HTTP][39m [90m{}[39m
[35m[HTTP][39m [37m<-- GET /wd/hub/status [39m[32m200[39m [90m5 ms - 68[39m
[35m[HTTP][39m [90m[39m
[35m[HTTP][39m [37m-->[39m [37mPOST[39m [37m/wd/hub/session[39m
[35m[HTTP][39m [90m{"desiredCapabilities":{"app":"/Users/sumittulsyan/Downloads/app-release (1).apk","noReset":false,"deviceName":"emulator-5554 (Android SDK built for x86 - Android 7.0)","fullReset":true,"platform":"ANDROID","newCommandTimeout":1800,"platformVersion":"7.0","automationName":"uiautomator2","autoGrantPermissions":true,"platformName":"Android","udid":"emulator-5554","systemPort":52441},"capabilities":{"firstMatch":[{"appium:app":"/Users/sumittulsyan/Downloads/app-release (1).apk","appium:autoGrantPermissions":true,"appium:automationName":"uiautomator2","appium:deviceName":"emulator-5554 (Android SDK built for x86 - Android 7.0)","appium:fullReset":true,"appium:newCommandTimeout":1800,"appium:noReset":false,"platform":"ANDROID","platformName":"android","appium:platformVersion":"7.0","appium:systemPort":52441,"appium:udid":"emulator-5554"}]}}[39m
[35m[BaseDriver][39m The capabilities ["platform"] are not standard capabilities and should have an extension prefix
[35m[Appium][39m Appium v1.14.0 creating new AndroidUiautomator2Driver (v1.33.1) session
[35m[Appium][39m Capabilities:
[35m[Appium][39m   platform: ANDROID
[35m[Appium][39m   platformName: android
[35m[Appium][39m   app: /Users/sumittulsyan/Downloads/app-release (1).apk
[35m[Appium][39m   autoGrantPermissions: true
[35m[Appium][39m   automationName: uiautomator2
[35m[Appium][39m   deviceName: emulator-5554 (Android SDK built for x86 - Android 7.0)
[35m[Appium][39m   fullReset: true
[35m[Appium][39m   newCommandTimeout: 1800
[35m[Appium][39m   noReset: false
[35m[Appium][39m   platformVersion: 7.0
[35m[Appium][39m   systemPort: 52441
[35m[Appium][39m   udid: emulator-5554
[35m[BaseDriver][39m The following capabilities were provided, but are not recognized by Appium:
[35m[BaseDriver][39m   platform
[35m[BaseDriver][39m Session created with session id: f2b73da0-f260-4e0b-83e0-9ef3df26cc29
[35m[BaseDriver][39m Using local app '/Users/sumittulsyan/Downloads/app-release (1).apk'
[35m[ADB][39m Found 1 'build-tools' folders under '/Users/sumittulsyan/.katalon/tools/android_sdk' (newest first):
[35m[ADB][39m     /Users/sumittulsyan/.katalon/tools/android_sdk/build-tools/29.0.1
[35m[ADB][39m Using 'adb' from '/Users/sumittulsyan/.katalon/tools/android_sdk/platform-tools/adb'
[35m[AndroidDriver][39m Retrieving device list
[35m[AndroidDriver][39m Using device: emulator-5554
[35m[ADB][39m Using 'adb' from '/Users/sumittulsyan/.katalon/tools/android_sdk/platform-tools/adb'
[35m[ADB][39m Using 'apkanalyzer' from '/Users/sumittulsyan/.katalon/tools/android_sdk/tools/bin/apkanalyzer'
[35m[ADB][39m Using the alternative activity name detection method because of: Command '/Users/sumittulsyan/.katalon/tools/android_sdk/tools/bin/apkanalyzer -h manifest print '/Users/sumittulsyan/Downloads/app-release (1).apk'' exited with code 2
[35m[ADB][39m Using 'aapt' from '/Users/sumittulsyan/.katalon/tools/android_sdk/build-tools/29.0.1/aapt'
[35m[ADB][39m Extracting package and launch activity from manifest
[35m[ADB][39m Package name: 'io.nativebase.market.geekyants.taxiapprider'
[35m[ADB][39m Main activity name: 'io.nativebase.market.geekyants.taxiapprider.MainActivity'
[35m[ADB][39m Using 'apksigner' from '/Users/sumittulsyan/.katalon/tools/android_sdk/build-tools/29.0.1/apksigner'
[35m[UiAutomator2][39m Server packages are not going to be (re)installed
[35m[ADB][39m io.nativebase.market.geekyants.taxiapprider was successfully uninstalled
[35m[ADB][39m The application at '/Users/sumittulsyan/Downloads/app-release (1).apk' is already cached to '/data/local/tmp/appium_cache/319121ffd2a4e89e1742e996fe8df850b3a56b9f.apk'
[35m[ADB][39m The installation of 'app-release (1).apk' took 10.784s
[35m[UiAutomator2][39m Starting UIAutomator2 server 3.7.0
[35m[UiAutomator2][39m Using UIAutomator2 server from '/Users/sumittulsyan/Downloads/appium-mobile-test/node_modules/appium-uiautomator2-server/apks/appium-uiautomator2-server-v3.7.0.apk' and test from '/Users/sumittulsyan/Downloads/appium-mobile-test/node_modules/appium-uiautomator2-server/apks/appium-uiautomator2-server-debug-androidTest.apk'
[35m[UiAutomator2][39m Waiting up to 30000ms for UiAutomator2 to be online...
[35m[WD Proxy][39m Got an unexpected response: {"code":"ECONNRESET"}
[35m[AndroidDriver][39m Screen already unlocked, doing nothing
[35m[UiAutomator2][39m UiAutomator2 did not start the activity we were waiting for, 'io.nativebase.market.geekyants.taxiapprider/io.nativebase.market.geekyants.taxiapprider.MainActivity'. Starting it ourselves
[35m[Appium][39m New AndroidUiautomator2Driver session created successfully, session f2b73da0-f260-4e0b-83e0-9ef3df26cc29 added to master session list
[35m[HTTP][39m [37m<-- POST /wd/hub/session [39m[32m200[39m [90m27290 ms - 1279[39m
[35m[HTTP][39m [90m[39m
[35m[HTTP][39m [37m-->[39m [37mGET[39m [37m/wd/hub/session/f2b73da0-f260-4e0b-83e0-9ef3df26cc29[39m
[35m[HTTP][39m [90m{}[39m
[35m[HTTP][39m [37m<-- GET /wd/hub/session/f2b73da0-f260-4e0b-83e0-9ef3df26cc29 [39m[32m200[39m [90m62 ms - 1211[39m
[35m[HTTP][39m [90m[39m
[35m[HTTP][39m [37m-->[39m [37mGET[39m [37m/wd/hub/session/f2b73da0-f260-4e0b-83e0-9ef3df26cc29[39m
[35m[HTTP][39m [90m{}[39m
[35m[HTTP][39m [37m<-- GET /wd/hub/session/f2b73da0-f260-4e0b-83e0-9ef3df26cc29 [39m[32m200[39m [90m13 ms - 1211[39m
[35m[HTTP][39m [90m[39m
[35m[HTTP][39m [37m-->[39m [37mGET[39m [37m/wd/hub/status[39m
[35m[HTTP][39m [90m{}[39m
[35m[HTTP][39m [37m<-- GET /wd/hub/status [39m[32m200[39m [90m1 ms - 68[39m
[35m[HTTP][39m [90m[39m
[35m[HTTP][39m [37m-->[39m [37mPOST[39m [37m/wd/hub/session/f2b73da0-f260-4e0b-83e0-9ef3df26cc29/timeouts[39m
[35m[HTTP][39m [90m{"implicit":30000}[39m
[35m[HTTP][39m [37m<-- POST /wd/hub/session/f2b73da0-f260-4e0b-83e0-9ef3df26cc29/timeouts [39m[32m200[39m [90m5 ms - 14[39m
[35m[HTTP][39m [90m[39m
[35m[HTTP][39m [37m-->[39m [37mPOST[39m [37m/wd/hub/session/f2b73da0-f260-4e0b-83e0-9ef3df26cc29/timeouts[39m
[35m[HTTP][39m [90m{"implicit":50}[39m
[35m[HTTP][39m [37m<-- POST /wd/hub/session/f2b73da0-f260-4e0b-83e0-9ef3df26cc29/timeouts [39m[32m200[39m [90m3 ms - 14[39m
[35m[HTTP][39m [90m[39m
[35m[HTTP][39m [37m-->[39m [37mGET[39m [37m/wd/hub/session/f2b73da0-f260-4e0b-83e0-9ef3df26cc29/window/rect[39m
[35m[HTTP][39m [90m{}[39m
[35m[HTTP][39m [37m<-- GET /wd/hub/session/f2b73da0-f260-4e0b-83e0-9ef3df26cc29/window/rect [39m[32m200[39m [90m26 ms - 50[39m
[35m[HTTP][39m [90m[39m
[35m[HTTP][39m [37m-->[39m [37mPOST[39m [37m/wd/hub/session/f2b73da0-f260-4e0b-83e0-9ef3df26cc29/elements[39m
[35m[HTTP][39m [90m{"using":"-android uiautomator","value":"new UiSelector().className(\"android.widget.TextView\").text(\"Sign In\")"}[39m
[35m[HTTP][39m [37m<-- POST /wd/hub/session/f2b73da0-f260-4e0b-83e0-9ef3df26cc29/elements [39m[32m200[39m [90m138 ms - 12[39m
[35m[HTTP][39m [90m[39m
[35m[HTTP][39m [37m-->[39m [37mPOST[39m [37m/wd/hub/session/f2b73da0-f260-4e0b-83e0-9ef3df26cc29/elements[39m
[35m[HTTP][39m [90m{"using":"-android uiautomator","value":"new UiSelector().className(\"android.widget.TextView\").text(\"Sign In\")"}[39m
[35m[HTTP][39m [37m<-- POST /wd/hub/session/f2b73da0-f260-4e0b-83e0-9ef3df26cc29/elements [39m[32m200[39m [90m115 ms - 12[39m
[35m[HTTP][39m [90m[39m
[35m[HTTP][39m [37m-->[39m [37mPOST[39m [37m/wd/hub/session/f2b73da0-f260-4e0b-83e0-9ef3df26cc29/elements[39m
[35m[HTTP][39m [90m{"using":"-android uiautomator","value":"new UiSelector().className(\"android.widget.TextView\").text(\"Sign In\")"}[39m
[35m[HTTP][39m [37m<-- POST /wd/hub/session/f2b73da0-f260-4e0b-83e0-9ef3df26cc29/elements [39m[32m200[39m [90m565 ms - 12[39m
[35m[HTTP][39m [90m[39m
[35m[HTTP][39m [37m-->[39m [37mPOST[39m [37m/wd/hub/session/f2b73da0-f260-4e0b-83e0-9ef3df26cc29/elements[39m
[35m[HTTP][39m [90m{"using":"-android uiautomator","value":"new UiSelector().className(\"android.widget.TextView\").text(\"Sign In\")"}[39m
[35m[HTTP][39m [37m<-- POST /wd/hub/session/f2b73da0-f260-4e0b-83e0-9ef3df26cc29/elements [39m[32m200[39m [90m107 ms - 12[39m
[35m[HTTP][39m [90m[39m
[35m[HTTP][39m [37m-->[39m [37mPOST[39m [37m/wd/hub/session/f2b73da0-f260-4e0b-83e0-9ef3df26cc29/elements[39m
[35m[HTTP][39m [90m{"using":"-android uiautomator","value":"new UiSelector().className(\"android.widget.TextView\").text(\"Sign In\")"}[39m
[35m[HTTP][39m [37m<-- POST /wd/hub/session/f2b73da0-f260-4e0b-83e0-9ef3df26cc29/elements [39m[32m200[39m [90m1631 ms - 139[39m
[35m[HTTP][39m [90m[39m
[35m[HTTP][39m [37m-->[39m [37mGET[39m [37m/wd/hub/session/f2b73da0-f260-4e0b-83e0-9ef3df26cc29/element/0b93e6d5-02d5-427f-b946-cb49fed17c29/location[39m
[35m[HTTP][39m [90m{}[39m
[35m[W3C (f2b73da0)][39m Driver proxy active, passing request on via HTTP proxy
[35m[WD Proxy][39m Replacing sessionId b22b7325-830c-4eda-bb13-55d737dc7bf8 with f2b73da0-f260-4e0b-83e0-9ef3df26cc29
[35m[HTTP][39m [37m<-- GET /wd/hub/session/f2b73da0-f260-4e0b-83e0-9ef3df26cc29/element/0b93e6d5-02d5-427f-b946-cb49fed17c29/location [39m[32m200[39m [90m36 ms - 90[39m
[35m[HTTP][39m [90m[39m
[35m[HTTP][39m [37m-->[39m [37mPOST[39m [37m/wd/hub/session/f2b73da0-f260-4e0b-83e0-9ef3df26cc29/timeouts[39m
[35m[HTTP][39m [90m{"implicit":30000}[39m
[35m[HTTP][39m [37m<-- POST /wd/hub/session/f2b73da0-f260-4e0b-83e0-9ef3df26cc29/timeouts [39m[32m200[39m [90m2 ms - 14[39m
[35m[HTTP][39m [90m[39m
[35m[HTTP][39m [37m-->[39m [37mPOST[39m [37m/wd/hub/session/f2b73da0-f260-4e0b-83e0-9ef3df26cc29/touch/perform[39m
[35m[HTTP][39m [90m{"actions":[{"action":"tap","options":{"x":1,"y":1,"element":"0b93e6d5-02d5-427f-b946-cb49fed17c29"}},{"action":"release","options":{}}]}[39m
[35m[UiAutomator2][39m calling get location: 0b93e6d5-02d5-427f-b946-cb49fed17c29
[35m[HTTP][39m [37m<-- POST /wd/hub/session/f2b73da0-f260-4e0b-83e0-9ef3df26cc29/touch/perform [39m[32m200[39m [90m2002 ms - 14[39m
[35m[HTTP][39m [90m[39m
[35m[HTTP][39m [37m-->[39m [37mPOST[39m [37m/wd/hub/session/f2b73da0-f260-4e0b-83e0-9ef3df26cc29/timeouts[39m
[35m[HTTP][39m [90m{"implicit":50}[39m
[35m[HTTP][39m [37m<-- POST /wd/hub/session/f2b73da0-f260-4e0b-83e0-9ef3df26cc29/timeouts [39m[32m200[39m [90m3 ms - 14[39m
[35m[HTTP][39m [90m[39m
[35m[HTTP][39m [37m-->[39m [37mGET[39m [37m/wd/hub/session/f2b73da0-f260-4e0b-83e0-9ef3df26cc29/window/rect[39m
[35m[HTTP][39m [90m{}[39m
[35m[HTTP][39m [37m<-- GET /wd/hub/session/f2b73da0-f260-4e0b-83e0-9ef3df26cc29/window/rect [39m[32m200[39m [90m50 ms - 50[39m
[35m[HTTP][39m [90m[39m
[35m[HTTP][39m [37m-->[39m [37mPOST[39m [37m/wd/hub/session/f2b73da0-f260-4e0b-83e0-9ef3df26cc29/elements[39m
[35m[HTTP][39m [90m{"using":"-android uiautomator","value":"new UiSelector().className(\"android.widget.EditText\").text(\"Email\")"}[39m
[35m[HTTP][39m [37m<-- POST /wd/hub/session/f2b73da0-f260-4e0b-83e0-9ef3df26cc29/elements [39m[32m200[39m [90m64 ms - 139[39m
[35m[HTTP][39m [90m[39m
[35m[HTTP][39m [37m-->[39m [37mGET[39m [37m/wd/hub/session/f2b73da0-f260-4e0b-83e0-9ef3df26cc29/element/c2bddf00-d02f-4683-8824-bb0de9296466/location[39m
[35m[HTTP][39m [90m{}[39m
[35m[W3C (f2b73da0)][39m Driver proxy active, passing request on via HTTP proxy
[35m[WD Proxy][39m Replacing sessionId b22b7325-830c-4eda-bb13-55d737dc7bf8 with f2b73da0-f260-4e0b-83e0-9ef3df26cc29
[35m[HTTP][39m [37m<-- GET /wd/hub/session/f2b73da0-f260-4e0b-83e0-9ef3df26cc29/element/c2bddf00-d02f-4683-8824-bb0de9296466/location [39m[32m200[39m [90m37 ms - 89[39m
[35m[HTTP][39m [90m[39m
[35m[HTTP][39m [37m-->[39m [37mPOST[39m [37m/wd/hub/session/f2b73da0-f260-4e0b-83e0-9ef3df26cc29/timeouts[39m
[35m[HTTP][39m [90m{"implicit":30000}[39m
[35m[HTTP][39m [37m<-- POST /wd/hub/session/f2b73da0-f260-4e0b-83e0-9ef3df26cc29/timeouts [39m[32m200[39m [90m4 ms - 14[39m
[35m[HTTP][39m [90m[39m
[35m[HTTP][39m [37m-->[39m [37mPOST[39m [37m/wd/hub/session/f2b73da0-f260-4e0b-83e0-9ef3df26cc29/element/c2bddf00-d02f-4683-8824-bb0de9296466/clear[39m
[35m[HTTP][39m [90m{"id":"c2bddf00-d02f-4683-8824-bb0de9296466"}[39m
[35m[HTTP][39m [37m<-- POST /wd/hub/session/f2b73da0-f260-4e0b-83e0-9ef3df26cc29/element/c2bddf00-d02f-4683-8824-bb0de9296466/clear [39m[32m200[39m [90m35 ms - 27[39m
[35m[HTTP][39m [90m[39m
[35m[HTTP][39m [37m-->[39m [37mPOST[39m [37m/wd/hub/session/f2b73da0-f260-4e0b-83e0-9ef3df26cc29/element/c2bddf00-d02f-4683-8824-bb0de9296466/value[39m
[35m[HTTP][39m [90m{"id":"c2bddf00-d02f-4683-8824-bb0de9296466","text":"taxirider@gmail.com","value":["t","a","x","i","r","i","d","e","r","@","g","m","a","i","l",".","c","o","m"]}[39m
[35m[HTTP][39m [37m<-- POST /wd/hub/session/f2b73da0-f260-4e0b-83e0-9ef3df26cc29/element/c2bddf00-d02f-4683-8824-bb0de9296466/value [39m[32m200[39m [90m1050 ms - 12[39m
[35m[HTTP][39m [90m[39m
[35m[HTTP][39m [37m-->[39m [37mPOST[39m [37m/wd/hub/session/f2b73da0-f260-4e0b-83e0-9ef3df26cc29/timeouts[39m
[35m[HTTP][39m [90m{"implicit":50}[39m
[35m[HTTP][39m [37m<-- POST /wd/hub/session/f2b73da0-f260-4e0b-83e0-9ef3df26cc29/timeouts [39m[32m200[39m [90m3 ms - 14[39m
[35m[HTTP][39m [90m[39m
[35m[HTTP][39m [37m-->[39m [37mGET[39m [37m/wd/hub/session/f2b73da0-f260-4e0b-83e0-9ef3df26cc29/window/rect[39m
[35m[HTTP][39m [90m{}[39m
[35m[HTTP][39m [37m<-- GET /wd/hub/session/f2b73da0-f260-4e0b-83e0-9ef3df26cc29/window/rect [39m[32m200[39m [90m12 ms - 50[39m
[35m[HTTP][39m [90m[39m
[35m[HTTP][39m [37m-->[39m [37mPOST[39m [37m/wd/hub/session/f2b73da0-f260-4e0b-83e0-9ef3df26cc29/elements[39m
[35m[HTTP][39m [90m{"using":"-android uiautomator","value":"new UiSelector().className(\"android.widget.EditText\").text(\"Password\")"}[39m
[35m[HTTP][39m [37m<-- POST /wd/hub/session/f2b73da0-f260-4e0b-83e0-9ef3df26cc29/elements [39m[32m200[39m [90m388 ms - 139[39m
[35m[HTTP][39m [90m[39m
[35m[HTTP][39m [37m-->[39m [37mGET[39m [37m/wd/hub/session/f2b73da0-f260-4e0b-83e0-9ef3df26cc29/element/bd4fd081-5c27-4740-8981-65a0f141493e/location[39m
[35m[HTTP][39m [90m{}[39m
[35m[W3C (f2b73da0)][39m Driver proxy active, passing request on via HTTP proxy
[35m[WD Proxy][39m Replacing sessionId b22b7325-830c-4eda-bb13-55d737dc7bf8 with f2b73da0-f260-4e0b-83e0-9ef3df26cc29
[35m[HTTP][39m [37m<-- GET /wd/hub/session/f2b73da0-f260-4e0b-83e0-9ef3df26cc29/element/bd4fd081-5c27-4740-8981-65a0f141493e/location [39m[32m200[39m [90m38 ms - 90[39m
[35m[HTTP][39m [90m[39m
[35m[HTTP][39m [37m-->[39m [37mPOST[39m [37m/wd/hub/session/f2b73da0-f260-4e0b-83e0-9ef3df26cc29/timeouts[39m
[35m[HTTP][39m [90m{"implicit":30000}[39m
[35m[HTTP][39m [37m<-- POST /wd/hub/session/f2b73da0-f260-4e0b-83e0-9ef3df26cc29/timeouts [39m[32m200[39m [90m1 ms - 14[39m
[35m[HTTP][39m [90m[39m
[35m[HTTP][39m [37m-->[39m [37mPOST[39m [37m/wd/hub/session/f2b73da0-f260-4e0b-83e0-9ef3df26cc29/element/bd4fd081-5c27-4740-8981-65a0f141493e/clear[39m
[35m[HTTP][39m [90m{"id":"bd4fd081-5c27-4740-8981-65a0f141493e"}[39m
[35m[HTTP][39m [37m<-- POST /wd/hub/session/f2b73da0-f260-4e0b-83e0-9ef3df26cc29/element/bd4fd081-5c27-4740-8981-65a0f141493e/clear [39m[32m200[39m [90m30 ms - 27[39m
[35m[HTTP][39m [90m[39m
[35m[HTTP][39m [37m-->[39m [37mPOST[39m [37m/wd/hub/session/f2b73da0-f260-4e0b-83e0-9ef3df26cc29/element/bd4fd081-5c27-4740-8981-65a0f141493e/value[39m
[35m[HTTP][39m [90m{"id":"bd4fd081-5c27-4740-8981-65a0f141493e","text":"123456","value":["1","2","3","4","5","6"]}[39m
[35m[HTTP][39m [37m<-- POST /wd/hub/session/f2b73da0-f260-4e0b-83e0-9ef3df26cc29/element/bd4fd081-5c27-4740-8981-65a0f141493e/value [39m[32m200[39m [90m1056 ms - 12[39m
[35m[HTTP][39m [90m[39m
[35m[HTTP][39m [37m-->[39m [37mPOST[39m [37m/wd/hub/session/f2b73da0-f260-4e0b-83e0-9ef3df26cc29/timeouts[39m
[35m[HTTP][39m [90m{"implicit":50}[39m
[35m[HTTP][39m [37m<-- POST /wd/hub/session/f2b73da0-f260-4e0b-83e0-9ef3df26cc29/timeouts [39m[32m200[39m [90m3 ms - 14[39m
[35m[HTTP][39m [90m[39m
[35m[HTTP][39m [37m-->[39m [37mGET[39m [37m/wd/hub/session/f2b73da0-f260-4e0b-83e0-9ef3df26cc29/window/rect[39m
[35m[HTTP][39m [90m{}[39m
[35m[HTTP][39m [37m<-- GET /wd/hub/session/f2b73da0-f260-4e0b-83e0-9ef3df26cc29/window/rect [39m[32m200[39m [90m12 ms - 50[39m
[35m[HTTP][39m [90m[39m
[35m[HTTP][39m [37m-->[39m [37mPOST[39m [37m/wd/hub/session/f2b73da0-f260-4e0b-83e0-9ef3df26cc29/elements[39m
[35m[HTTP][39m [90m{"using":"xpath","value":"//hierarchy/android.widget.FrameLayout[1]/android.widget.LinearLayout[1]/android.widget.FrameLayout[1]/android.widget.LinearLayout[1]/android.widget.FrameLayout[1]/android.widget.FrameLayout[1]/android.view.ViewGroup[1]/android.view.ViewGroup[1]/android.view.ViewGroup[1]/android.view.ViewGroup[1]/android.support.v4.widget.DrawerLayout[1]/android.view.ViewGroup[1]/android.view.ViewGroup[1]/android.view.ViewGroup[1]/android.view.ViewGroup[1]/android.view.ViewGroup[1]/android.view.ViewGroup[1]/android.widget.ScrollView[1]/android.view.ViewGroup[1]/android.view.ViewGroup[7]/android.widget.TextView[1]"}[39m
[35m[HTTP][39m [37m<-- POST /wd/hub/session/f2b73da0-f260-4e0b-83e0-9ef3df26cc29/elements [39m[32m200[39m [90m397 ms - 139[39m
[35m[HTTP][39m [90m[39m
[35m[HTTP][39m [37m-->[39m [37mGET[39m [37m/wd/hub/session/f2b73da0-f260-4e0b-83e0-9ef3df26cc29/element/91a2d65b-f15e-4c6d-99b0-254d59b52022/location[39m
[35m[HTTP][39m [90m{}[39m
[35m[W3C (f2b73da0)][39m Driver proxy active, passing request on via HTTP proxy
[35m[WD Proxy][39m Replacing sessionId b22b7325-830c-4eda-bb13-55d737dc7bf8 with f2b73da0-f260-4e0b-83e0-9ef3df26cc29
[35m[HTTP][39m [37m<-- GET /wd/hub/session/f2b73da0-f260-4e0b-83e0-9ef3df26cc29/element/91a2d65b-f15e-4c6d-99b0-254d59b52022/location [39m[32m200[39m [90m20 ms - 90[39m
[35m[HTTP][39m [90m[39m
[35m[HTTP][39m [37m-->[39m [37mPOST[39m [37m/wd/hub/session/f2b73da0-f260-4e0b-83e0-9ef3df26cc29/timeouts[39m
[35m[HTTP][39m [90m{"implicit":30000}[39m
[35m[HTTP][39m [37m<-- POST /wd/hub/session/f2b73da0-f260-4e0b-83e0-9ef3df26cc29/timeouts [39m[32m200[39m [90m3 ms - 14[39m
[35m[HTTP][39m [90m[39m
[35m[HTTP][39m [37m-->[39m [37mPOST[39m [37m/wd/hub/session/f2b73da0-f260-4e0b-83e0-9ef3df26cc29/touch/perform[39m
[35m[HTTP][39m [90m{"actions":[{"action":"tap","options":{"x":1,"y":1,"element":"91a2d65b-f15e-4c6d-99b0-254d59b52022"}},{"action":"release","options":{}}]}[39m
[35m[UiAutomator2][39m calling get location: 91a2d65b-f15e-4c6d-99b0-254d59b52022
[35m[HTTP][39m [37m<-- POST /wd/hub/session/f2b73da0-f260-4e0b-83e0-9ef3df26cc29/touch/perform [39m[32m200[39m [90m41 ms - 14[39m
[35m[HTTP][39m [90m[39m
[35m[HTTP][39m [37m-->[39m [37mPOST[39m [37m/wd/hub/session/f2b73da0-f260-4e0b-83e0-9ef3df26cc29/timeouts[39m
[35m[HTTP][39m [90m{"implicit":50}[39m
[35m[HTTP][39m [37m<-- POST /wd/hub/session/f2b73da0-f260-4e0b-83e0-9ef3df26cc29/timeouts [39m[32m200[39m [90m2 ms - 14[39m
[35m[HTTP][39m [90m[39m
[35m[HTTP][39m [37m-->[39m [37mGET[39m [37m/wd/hub/session/f2b73da0-f260-4e0b-83e0-9ef3df26cc29/window/rect[39m
[35m[HTTP][39m [90m{}[39m
[35m[HTTP][39m [37m<-- GET /wd/hub/session/f2b73da0-f260-4e0b-83e0-9ef3df26cc29/window/rect [39m[32m200[39m [90m24 ms - 50[39m
[35m[HTTP][39m [90m[39m
[35m[HTTP][39m [37m-->[39m [37mPOST[39m [37m/wd/hub/session/f2b73da0-f260-4e0b-83e0-9ef3df26cc29/elements[39m
[35m[HTTP][39m [90m{"using":"-android uiautomator","value":"new UiSelector().className(\"android.widget.TextView\").text(\"Bannerghatta Main Road, BTM Layout, 2nd Stage, 2nd Main Road, No 18, First Floor, Bengaluru, Karnataka 560076, India\")"}[39m
[35m[HTTP][39m [37m<-- POST /wd/hub/session/f2b73da0-f260-4e0b-83e0-9ef3df26cc29/elements [39m[32m200[39m [90m59 ms - 12[39m
[35m[HTTP][39m [90m[39m
[35m[HTTP][39m [37m-->[39m [37mPOST[39m [37m/wd/hub/session/f2b73da0-f260-4e0b-83e0-9ef3df26cc29/elements[39m
[35m[HTTP][39m [90m{"using":"-android uiautomator","value":"new UiSelector().className(\"android.widget.TextView\").text(\"Bannerghatta Main Road, BTM Layout, 2nd Stage, 2nd Main Road, No 18, First Floor, Bengaluru, Karnataka 560076, India\")"}[39m
[35m[HTTP][39m [37m<-- POST /wd/hub/session/f2b73da0-f260-4e0b-83e0-9ef3df26cc29/elements [39m[32m200[39m [90m844 ms - 12[39m
[35m[HTTP][39m [90m[39m
[35m[HTTP][39m [37m-->[39m [37mPOST[39m [37m/wd/hub/session/f2b73da0-f260-4e0b-83e0-9ef3df26cc29/elements[39m
[35m[HTTP][39m [90m{"using":"-android uiautomator","value":"new UiSelector().className(\"android.widget.TextView\").text(\"Bannerghatta Main Road, BTM Layout, 2nd Stage, 2nd Main Road, No 18, First Floor, Bengaluru, Karnataka 560076, India\")"}[39m
[35m[HTTP][39m [37m<-- POST /wd/hub/session/f2b73da0-f260-4e0b-83e0-9ef3df26cc29/elements [39m[32m200[39m [90m151 ms - 12[39m
[35m[HTTP][39m [90m[39m
[35m[HTTP][39m [37m-->[39m [37mPOST[39m [37m/wd/hub/session/f2b73da0-f260-4e0b-83e0-9ef3df26cc29/elements[39m
[35m[HTTP][39m [90m{"using":"-android uiautomator","value":"new UiSelector().className(\"android.widget.TextView\").text(\"Bannerghatta Main Road, BTM Layout, 2nd Stage, 2nd Main Road, No 18, First Floor, Bengaluru, Karnataka 560076, India\")"}[39m
[35m[HTTP][39m [37m<-- POST /wd/hub/session/f2b73da0-f260-4e0b-83e0-9ef3df26cc29/elements [39m[32m200[39m [90m157 ms - 12[39m
[35m[HTTP][39m [90m[39m
[35m[HTTP][39m [37m-->[39m [37mPOST[39m [37m/wd/hub/session/f2b73da0-f260-4e0b-83e0-9ef3df26cc29/elements[39m
[35m[HTTP][39m [90m{"using":"-android uiautomator","value":"new UiSelector().className(\"android.widget.TextView\").text(\"Bannerghatta Main Road, BTM Layout, 2nd Stage, 2nd Main Road, No 18, First Floor, Bengaluru, Karnataka 560076, India\")"}[39m
[35m[HTTP][39m [37m<-- POST /wd/hub/session/f2b73da0-f260-4e0b-83e0-9ef3df26cc29/elements [39m[32m200[39m [90m102 ms - 12[39m
[35m[HTTP][39m [90m[39m
[35m[HTTP][39m [37m-->[39m [37mPOST[39m [37m/wd/hub/session/f2b73da0-f260-4e0b-83e0-9ef3df26cc29/elements[39m
[35m[HTTP][39m [90m{"using":"-android uiautomator","value":"new UiSelector().className(\"android.widget.TextView\").text(\"Bannerghatta Main Road, BTM Layout, 2nd Stage, 2nd Main Road, No 18, First Floor, Bengaluru, Karnataka 560076, India\")"}[39m
[35m[HTTP][39m [37m<-- POST /wd/hub/session/f2b73da0-f260-4e0b-83e0-9ef3df26cc29/elements [39m[32m200[39m [90m139 ms - 12[39m
[35m[HTTP][39m [90m[39m
[35m[HTTP][39m [37m-->[39m [37mPOST[39m [37m/wd/hub/session/f2b73da0-f260-4e0b-83e0-9ef3df26cc29/elements[39m
[35m[HTTP][39m [90m{"using":"-android uiautomator","value":"new UiSelector().className(\"android.widget.TextView\").text(\"Bannerghatta Main Road, BTM Layout, 2nd Stage, 2nd Main Road, No 18, First Floor, Bengaluru, Karnataka 560076, India\")"}[39m
[35m[HTTP][39m [37m<-- POST /wd/hub/session/f2b73da0-f260-4e0b-83e0-9ef3df26cc29/elements [39m[32m200[39m [90m63 ms - 12[39m
[35m[HTTP][39m [90m[39m
[35m[HTTP][39m [37m-->[39m [37mPOST[39m [37m/wd/hub/session/f2b73da0-f260-4e0b-83e0-9ef3df26cc29/elements[39m
[35m[HTTP][39m [90m{"using":"-android uiautomator","value":"new UiSelector().className(\"android.widget.TextView\").text(\"Bannerghatta Main Road, BTM Layout, 2nd Stage, 2nd Main Road, No 18, First Floor, Bengaluru, Karnataka 560076, India\")"}[39m
[35m[HTTP][39m [37m<-- POST /wd/hub/session/f2b73da0-f260-4e0b-83e0-9ef3df26cc29/elements [39m[32m200[39m [90m76 ms - 12[39m
[35m[HTTP][39m [90m[39m
[35m[HTTP][39m [37m-->[39m [37mPOST[39m [37m/wd/hub/session/f2b73da0-f260-4e0b-83e0-9ef3df26cc29/elements[39m
[35m[HTTP][39m [90m{"using":"-android uiautomator","value":"new UiSelector().className(\"android.widget.TextView\").text(\"Bannerghatta Main Road, BTM Layout, 2nd Stage, 2nd Main Road, No 18, First Floor, Bengaluru, Karnataka 560076, India\")"}[39m
[35m[HTTP][39m [37m<-- POST /wd/hub/session/f2b73da0-f260-4e0b-83e0-9ef3df26cc29/elements [39m[32m200[39m [90m66 ms - 12[39m
[35m[HTTP][39m [90m[39m
[35m[HTTP][39m [37m-->[39m [37mPOST[39m [37m/wd/hub/session/f2b73da0-f260-4e0b-83e0-9ef3df26cc29/elements[39m
[35m[HTTP][39m [90m{"using":"-android uiautomator","value":"new UiSelector().className(\"android.widget.TextView\").text(\"Bannerghatta Main Road, BTM Layout, 2nd Stage, 2nd Main Road, No 18, First Floor, Bengaluru, Karnataka 560076, India\")"}[39m
[35m[HTTP][39m [37m<-- POST /wd/hub/session/f2b73da0-f260-4e0b-83e0-9ef3df26cc29/elements [39m[32m200[39m [90m500 ms - 12[39m
[35m[HTTP][39m [90m[39m
[35m[HTTP][39m [37m-->[39m [37mPOST[39m [37m/wd/hub/session/f2b73da0-f260-4e0b-83e0-9ef3df26cc29/elements[39m
[35m[HTTP][39m [90m{"using":"-android uiautomator","value":"new UiSelector().className(\"android.widget.TextView\").text(\"Bannerghatta Main Road, BTM Layout, 2nd Stage, 2nd Main Road, No 18, First Floor, Bengaluru, Karnataka 560076, India\")"}[39m
[35m[HTTP][39m [37m<-- POST /wd/hub/session/f2b73da0-f260-4e0b-83e0-9ef3df26cc29/elements [39m[32m200[39m [90m1354 ms - 139[39m
[35m[HTTP][39m [90m[39m
[35m[HTTP][39m [37m-->[39m [37mGET[39m [37m/wd/hub/session/f2b73da0-f260-4e0b-83e0-9ef3df26cc29/element/c1c469f3-ca65-4e93-8b09-15f1eceee8b8/location[39m
[35m[HTTP][39m [90m{}[39m
[35m[W3C (f2b73da0)][39m Driver proxy active, passing request on via HTTP proxy
[35m[WD Proxy][39m Replacing sessionId b22b7325-830c-4eda-bb13-55d737dc7bf8 with f2b73da0-f260-4e0b-83e0-9ef3df26cc29
[35m[HTTP][39m [37m<-- GET /wd/hub/session/f2b73da0-f260-4e0b-83e0-9ef3df26cc29/element/c1c469f3-ca65-4e93-8b09-15f1eceee8b8/location [39m[32m200[39m [90m23 ms - 89[39m
[35m[HTTP][39m [90m[39m
[35m[HTTP][39m [37m-->[39m [37mPOST[39m [37m/wd/hub/session/f2b73da0-f260-4e0b-83e0-9ef3df26cc29/timeouts[39m
[35m[HTTP][39m [90m{"implicit":30000}[39m
[35m[HTTP][39m [37m<-- POST /wd/hub/session/f2b73da0-f260-4e0b-83e0-9ef3df26cc29/timeouts [39m[32m200[39m [90m2 ms - 14[39m
[35m[HTTP][39m [90m[39m
[35m[HTTP][39m [37m-->[39m [37mPOST[39m [37m/wd/hub/session/f2b73da0-f260-4e0b-83e0-9ef3df26cc29/touch/perform[39m
[35m[HTTP][39m [90m{"actions":[{"action":"tap","options":{"x":1,"y":1,"element":"c1c469f3-ca65-4e93-8b09-15f1eceee8b8"}},{"action":"release","options":{}}]}[39m
[35m[UiAutomator2][39m calling get location: c1c469f3-ca65-4e93-8b09-15f1eceee8b8
[35m[HTTP][39m [37m<-- POST /wd/hub/session/f2b73da0-f260-4e0b-83e0-9ef3df26cc29/touch/perform [39m[32m200[39m [90m1375 ms - 14[39m
[35m[HTTP][39m [90m[39m
[35m[HTTP][39m [37m-->[39m [37mPOST[39m [37m/wd/hub/session/f2b73da0-f260-4e0b-83e0-9ef3df26cc29/timeouts[39m
[35m[HTTP][39m [90m{"implicit":50}[39m
[35m[HTTP][39m [37m<-- POST /wd/hub/session/f2b73da0-f260-4e0b-83e0-9ef3df26cc29/timeouts [39m[32m200[39m [90m3 ms - 14[39m
[35m[HTTP][39m [90m[39m
[35m[HTTP][39m [37m-->[39m [37mGET[39m [37m/wd/hub/session/f2b73da0-f260-4e0b-83e0-9ef3df26cc29/window/rect[39m
[35m[HTTP][39m [90m{}[39m
[35m[HTTP][39m [37m<-- GET /wd/hub/session/f2b73da0-f260-4e0b-83e0-9ef3df26cc29/window/rect [39m[32m200[39m [90m25 ms - 50[39m
[35m[HTTP][39m [90m[39m
[35m[HTTP][39m [37m-->[39m [37mPOST[39m [37m/wd/hub/session/f2b73da0-f260-4e0b-83e0-9ef3df26cc29/elements[39m
[35m[HTTP][39m [90m{"using":"-android uiautomator","value":"new UiSelector().className(\"android.widget.EditText\").text(\"Search for locality or place\")"}[39m
[35m[HTTP][39m [37m<-- POST /wd/hub/session/f2b73da0-f260-4e0b-83e0-9ef3df26cc29/elements [39m[32m200[39m [90m60 ms - 139[39m
[35m[HTTP][39m [90m[39m
[35m[HTTP][39m [37m-->[39m [37mGET[39m [37m/wd/hub/session/f2b73da0-f260-4e0b-83e0-9ef3df26cc29/element/1129b832-fafe-48a7-a70c-58d3ed0d18d3/location[39m
[35m[HTTP][39m [90m{}[39m
[35m[W3C (f2b73da0)][39m Driver proxy active, passing request on via HTTP proxy
[35m[WD Proxy][39m Replacing sessionId b22b7325-830c-4eda-bb13-55d737dc7bf8 with f2b73da0-f260-4e0b-83e0-9ef3df26cc29
[35m[HTTP][39m [37m<-- GET /wd/hub/session/f2b73da0-f260-4e0b-83e0-9ef3df26cc29/element/1129b832-fafe-48a7-a70c-58d3ed0d18d3/location [39m[32m200[39m [90m39 ms - 88[39m
[35m[HTTP][39m [90m[39m
[35m[HTTP][39m [37m-->[39m [37mPOST[39m [37m/wd/hub/session/f2b73da0-f260-4e0b-83e0-9ef3df26cc29/timeouts[39m
[35m[HTTP][39m [90m{"implicit":30000}[39m
[35m[HTTP][39m [37m<-- POST /wd/hub/session/f2b73da0-f260-4e0b-83e0-9ef3df26cc29/timeouts [39m[32m200[39m [90m2 ms - 14[39m
[35m[HTTP][39m [90m[39m
[35m[HTTP][39m [37m-->[39m [37mPOST[39m [37m/wd/hub/session/f2b73da0-f260-4e0b-83e0-9ef3df26cc29/element/1129b832-fafe-48a7-a70c-58d3ed0d18d3/clear[39m
[35m[HTTP][39m [90m{"id":"1129b832-fafe-48a7-a70c-58d3ed0d18d3"}[39m
[35m[HTTP][39m [37m<-- POST /wd/hub/session/f2b73da0-f260-4e0b-83e0-9ef3df26cc29/element/1129b832-fafe-48a7-a70c-58d3ed0d18d3/clear [39m[32m200[39m [90m57 ms - 27[39m
[35m[HTTP][39m [90m[39m
[35m[HTTP][39m [37m-->[39m [37mPOST[39m [37m/wd/hub/session/f2b73da0-f260-4e0b-83e0-9ef3df26cc29/element/1129b832-fafe-48a7-a70c-58d3ed0d18d3/value[39m
[35m[HTTP][39m [90m{"id":"1129b832-fafe-48a7-a70c-58d3ed0d18d3","text":"geekyants","value":["g","e","e","k","y","a","n","t","s"]}[39m
[35m[HTTP][39m [37m<-- POST /wd/hub/session/f2b73da0-f260-4e0b-83e0-9ef3df26cc29/element/1129b832-fafe-48a7-a70c-58d3ed0d18d3/value [39m[32m200[39m [90m1699 ms - 12[39m
[35m[HTTP][39m [90m[39m
[35m[HTTP][39m [37m-->[39m [37mPOST[39m [37m/wd/hub/session/f2b73da0-f260-4e0b-83e0-9ef3df26cc29/timeouts[39m
[35m[HTTP][39m [90m{"implicit":50}[39m
[35m[HTTP][39m [37m<-- POST /wd/hub/session/f2b73da0-f260-4e0b-83e0-9ef3df26cc29/timeouts [39m[32m200[39m [90m2 ms - 14[39m
[35m[HTTP][39m [90m[39m
[35m[HTTP][39m [37m-->[39m [37mGET[39m [37m/wd/hub/session/f2b73da0-f260-4e0b-83e0-9ef3df26cc29/window/rect[39m
[35m[HTTP][39m [90m{}[39m
[35m[HTTP][39m [37m<-- GET /wd/hub/session/f2b73da0-f260-4e0b-83e0-9ef3df26cc29/window/rect [39m[32m200[39m [90m30 ms - 50[39m
[35m[HTTP][39m [90m[39m
[35m[HTTP][39m [37m-->[39m [37mPOST[39m [37m/wd/hub/session/f2b73da0-f260-4e0b-83e0-9ef3df26cc29/elements[39m
[35m[HTTP][39m [90m{"using":"-android uiautomator","value":"new UiSelector().className(\"android.widget.TextView\").text(\"GeekyAnts Software Pvt Ltd, Industrial Area, Stage 2, BTM 2nd Stage, Bengaluru, Karnataka, India\")"}[39m
[35m[HTTP][39m [37m<-- POST /wd/hub/session/f2b73da0-f260-4e0b-83e0-9ef3df26cc29/elements [39m[32m200[39m [90m1009 ms - 139[39m
[35m[HTTP][39m [90m[39m
[35m[HTTP][39m [37m-->[39m [37mGET[39m [37m/wd/hub/session/f2b73da0-f260-4e0b-83e0-9ef3df26cc29/element/8e58c3f8-5445-4014-a683-e50927ec88fd/location[39m
[35m[HTTP][39m [90m{}[39m
[35m[W3C (f2b73da0)][39m Driver proxy active, passing request on via HTTP proxy
[35m[WD Proxy][39m Replacing sessionId b22b7325-830c-4eda-bb13-55d737dc7bf8 with f2b73da0-f260-4e0b-83e0-9ef3df26cc29
[35m[HTTP][39m [37m<-- GET /wd/hub/session/f2b73da0-f260-4e0b-83e0-9ef3df26cc29/element/8e58c3f8-5445-4014-a683-e50927ec88fd/location [39m[32m200[39m [90m44 ms - 88[39m
[35m[HTTP][39m [90m[39m
[35m[HTTP][39m [37m-->[39m [37mPOST[39m [37m/wd/hub/session/f2b73da0-f260-4e0b-83e0-9ef3df26cc29/timeouts[39m
[35m[HTTP][39m [90m{"implicit":30000}[39m
[35m[HTTP][39m [37m<-- POST /wd/hub/session/f2b73da0-f260-4e0b-83e0-9ef3df26cc29/timeouts [39m[32m200[39m [90m2 ms - 14[39m
[35m[HTTP][39m [90m[39m
[35m[HTTP][39m [37m-->[39m [37mPOST[39m [37m/wd/hub/session/f2b73da0-f260-4e0b-83e0-9ef3df26cc29/touch/perform[39m
[35m[HTTP][39m [90m{"actions":[{"action":"tap","options":{"x":1,"y":1,"element":"8e58c3f8-5445-4014-a683-e50927ec88fd"}},{"action":"release","options":{}}]}[39m
[35m[UiAutomator2][39m calling get location: 8e58c3f8-5445-4014-a683-e50927ec88fd
[35m[HTTP][39m [37m<-- POST /wd/hub/session/f2b73da0-f260-4e0b-83e0-9ef3df26cc29/touch/perform [39m[32m200[39m [90m1495 ms - 14[39m
[35m[HTTP][39m [90m[39m
[35m[HTTP][39m [37m-->[39m [37mPOST[39m [37m/wd/hub/session/f2b73da0-f260-4e0b-83e0-9ef3df26cc29/timeouts[39m
[35m[HTTP][39m [90m{"implicit":50}[39m
[35m[HTTP][39m [37m<-- POST /wd/hub/session/f2b73da0-f260-4e0b-83e0-9ef3df26cc29/timeouts [39m[32m200[39m [90m2 ms - 14[39m
[35m[HTTP][39m [90m[39m
[35m[HTTP][39m [37m-->[39m [37mGET[39m [37m/wd/hub/session/f2b73da0-f260-4e0b-83e0-9ef3df26cc29/window/rect[39m
[35m[HTTP][39m [90m{}[39m
[35m[HTTP][39m [37m<-- GET /wd/hub/session/f2b73da0-f260-4e0b-83e0-9ef3df26cc29/window/rect [39m[32m200[39m [90m21 ms - 50[39m
[35m[HTTP][39m [90m[39m
[35m[HTTP][39m [37m-->[39m [37mPOST[39m [37m/wd/hub/session/f2b73da0-f260-4e0b-83e0-9ef3df26cc29/elements[39m
[35m[HTTP][39m [90m{"using":"-android uiautomator","value":"new UiSelector().className(\"android.widget.TextView\").text(\"Enter Drop Location\")"}[39m
[35m[HTTP][39m [37m<-- POST /wd/hub/session/f2b73da0-f260-4e0b-83e0-9ef3df26cc29/elements [39m[32m200[39m [90m60 ms - 139[39m
[35m[HTTP][39m [90m[39m
[35m[HTTP][39m [37m-->[39m [37mGET[39m [37m/wd/hub/session/f2b73da0-f260-4e0b-83e0-9ef3df26cc29/element/a1a6f811-eedb-4631-a277-eca300039d87/location[39m
[35m[HTTP][39m [90m{}[39m
[35m[W3C (f2b73da0)][39m Driver proxy active, passing request on via HTTP proxy
[35m[WD Proxy][39m Replacing sessionId b22b7325-830c-4eda-bb13-55d737dc7bf8 with f2b73da0-f260-4e0b-83e0-9ef3df26cc29
[35m[HTTP][39m [37m<-- GET /wd/hub/session/f2b73da0-f260-4e0b-83e0-9ef3df26cc29/element/a1a6f811-eedb-4631-a277-eca300039d87/location [39m[32m200[39m [90m47 ms - 89[39m
[35m[HTTP][39m [90m[39m
[35m[HTTP][39m [37m-->[39m [37mPOST[39m [37m/wd/hub/session/f2b73da0-f260-4e0b-83e0-9ef3df26cc29/timeouts[39m
[35m[HTTP][39m [90m{"implicit":30000}[39m
[35m[HTTP][39m [37m<-- POST /wd/hub/session/f2b73da0-f260-4e0b-83e0-9ef3df26cc29/timeouts [39m[32m200[39m [90m2 ms - 14[39m
[35m[HTTP][39m [90m[39m
[35m[HTTP][39m [37m-->[39m [37mPOST[39m [37m/wd/hub/session/f2b73da0-f260-4e0b-83e0-9ef3df26cc29/touch/perform[39m
[35m[HTTP][39m [90m{"actions":[{"action":"tap","options":{"x":1,"y":1,"element":"a1a6f811-eedb-4631-a277-eca300039d87"}},{"action":"release","options":{}}]}[39m
[35m[UiAutomator2][39m calling get location: a1a6f811-eedb-4631-a277-eca300039d87
[35m[HTTP][39m [37m<-- POST /wd/hub/session/f2b73da0-f260-4e0b-83e0-9ef3df26cc29/touch/perform [39m[32m200[39m [90m1525 ms - 14[39m
[35m[HTTP][39m [90m[39m
[35m[HTTP][39m [37m-->[39m [37mPOST[39m [37m/wd/hub/session/f2b73da0-f260-4e0b-83e0-9ef3df26cc29/timeouts[39m
[35m[HTTP][39m [90m{"implicit":50}[39m
[35m[HTTP][39m [37m<-- POST /wd/hub/session/f2b73da0-f260-4e0b-83e0-9ef3df26cc29/timeouts [39m[32m200[39m [90m3 ms - 14[39m
[35m[HTTP][39m [90m[39m
[35m[HTTP][39m [37m-->[39m [37mGET[39m [37m/wd/hub/session/f2b73da0-f260-4e0b-83e0-9ef3df26cc29/window/rect[39m
[35m[HTTP][39m [90m{}[39m
[35m[HTTP][39m [37m<-- GET /wd/hub/session/f2b73da0-f260-4e0b-83e0-9ef3df26cc29/window/rect [39m[32m200[39m [90m30 ms - 50[39m
[35m[HTTP][39m [90m[39m
[35m[HTTP][39m [37m-->[39m [37mPOST[39m [37m/wd/hub/session/f2b73da0-f260-4e0b-83e0-9ef3df26cc29/elements[39m
[35m[HTTP][39m [90m{"using":"-android uiautomator","value":"new UiSelector().className(\"android.widget.EditText\").text(\"Search for locality or place\")"}[39m
[35m[HTTP][39m [37m<-- POST /wd/hub/session/f2b73da0-f260-4e0b-83e0-9ef3df26cc29/elements [39m[32m200[39m [90m423 ms - 139[39m
[35m[HTTP][39m [90m[39m
[35m[HTTP][39m [37m-->[39m [37mGET[39m [37m/wd/hub/session/f2b73da0-f260-4e0b-83e0-9ef3df26cc29/element/7eacbc68-c7b8-43a4-8b1e-5730a7324e7b/location[39m
[35m[HTTP][39m [90m{}[39m
[35m[W3C (f2b73da0)][39m Driver proxy active, passing request on via HTTP proxy
[35m[WD Proxy][39m Replacing sessionId b22b7325-830c-4eda-bb13-55d737dc7bf8 with f2b73da0-f260-4e0b-83e0-9ef3df26cc29
[35m[HTTP][39m [37m<-- GET /wd/hub/session/f2b73da0-f260-4e0b-83e0-9ef3df26cc29/element/7eacbc68-c7b8-43a4-8b1e-5730a7324e7b/location [39m[32m200[39m [90m139 ms - 88[39m
[35m[HTTP][39m [90m[39m
[35m[HTTP][39m [37m-->[39m [37mPOST[39m [37m/wd/hub/session/f2b73da0-f260-4e0b-83e0-9ef3df26cc29/timeouts[39m
[35m[HTTP][39m [90m{"implicit":30000}[39m
[35m[HTTP][39m [37m<-- POST /wd/hub/session/f2b73da0-f260-4e0b-83e0-9ef3df26cc29/timeouts [39m[32m200[39m [90m3 ms - 14[39m
[35m[HTTP][39m [90m[39m
[35m[HTTP][39m [37m-->[39m [37mPOST[39m [37m/wd/hub/session/f2b73da0-f260-4e0b-83e0-9ef3df26cc29/element/7eacbc68-c7b8-43a4-8b1e-5730a7324e7b/clear[39m
[35m[HTTP][39m [90m{"id":"7eacbc68-c7b8-43a4-8b1e-5730a7324e7b"}[39m
[35m[HTTP][39m [37m<-- POST /wd/hub/session/f2b73da0-f260-4e0b-83e0-9ef3df26cc29/element/7eacbc68-c7b8-43a4-8b1e-5730a7324e7b/clear [39m[32m200[39m [90m1711 ms - 27[39m
[35m[HTTP][39m [90m[39m
[35m[HTTP][39m [37m-->[39m [37mPOST[39m [37m/wd/hub/session/f2b73da0-f260-4e0b-83e0-9ef3df26cc29/element/7eacbc68-c7b8-43a4-8b1e-5730a7324e7b/value[39m
[35m[HTTP][39m [90m{"id":"7eacbc68-c7b8-43a4-8b1e-5730a7324e7b","text":"silk board","value":["s","i","l","k"," ","b","o","a","r","d"]}[39m
[35m[HTTP][39m [37m<-- POST /wd/hub/session/f2b73da0-f260-4e0b-83e0-9ef3df26cc29/element/7eacbc68-c7b8-43a4-8b1e-5730a7324e7b/value [39m[32m200[39m [90m1849 ms - 12[39m
[35m[HTTP][39m [90m[39m
[35m[HTTP][39m [37m-->[39m [37mPOST[39m [37m/wd/hub/session/f2b73da0-f260-4e0b-83e0-9ef3df26cc29/timeouts[39m
[35m[HTTP][39m [90m{"implicit":50}[39m
[35m[HTTP][39m [37m<-- POST /wd/hub/session/f2b73da0-f260-4e0b-83e0-9ef3df26cc29/timeouts [39m[32m200[39m [90m33 ms - 14[39m
[35m[HTTP][39m [90m[39m
[35m[HTTP][39m [37m-->[39m [37mGET[39m [37m/wd/hub/session/f2b73da0-f260-4e0b-83e0-9ef3df26cc29/window/rect[39m
[35m[HTTP][39m [90m{}[39m
[35m[HTTP][39m [37m<-- GET /wd/hub/session/f2b73da0-f260-4e0b-83e0-9ef3df26cc29/window/rect [39m[32m200[39m [90m13 ms - 50[39m
[35m[HTTP][39m [90m[39m
[35m[HTTP][39m [37m-->[39m [37mPOST[39m [37m/wd/hub/session/f2b73da0-f260-4e0b-83e0-9ef3df26cc29/elements[39m
[35m[HTTP][39m [90m{"using":"-android uiautomator","value":"new UiSelector().className(\"android.widget.TextView\").text(\"Silk board bus stand, Central Silk Board Colony, Stage 2, BTM Layout, Bengaluru, Karnataka, India\")"}[39m
[35m[HTTP][39m [37m<-- POST /wd/hub/session/f2b73da0-f260-4e0b-83e0-9ef3df26cc29/elements [39m[32m200[39m [90m839 ms - 139[39m
[35m[HTTP][39m [90m[39m
[35m[HTTP][39m [37m-->[39m [37mGET[39m [37m/wd/hub/session/f2b73da0-f260-4e0b-83e0-9ef3df26cc29/element/6e8c5630-1942-412e-b0da-3e5afc39fabc/location[39m
[35m[HTTP][39m [90m{}[39m
[35m[W3C (f2b73da0)][39m Driver proxy active, passing request on via HTTP proxy
[35m[WD Proxy][39m Replacing sessionId b22b7325-830c-4eda-bb13-55d737dc7bf8 with f2b73da0-f260-4e0b-83e0-9ef3df26cc29
[35m[HTTP][39m [37m<-- GET /wd/hub/session/f2b73da0-f260-4e0b-83e0-9ef3df26cc29/element/6e8c5630-1942-412e-b0da-3e5afc39fabc/location [39m[32m200[39m [90m22 ms - 88[39m
[35m[HTTP][39m [90m[39m
[35m[HTTP][39m [37m-->[39m [37mPOST[39m [37m/wd/hub/session/f2b73da0-f260-4e0b-83e0-9ef3df26cc29/timeouts[39m
[35m[HTTP][39m [90m{"implicit":30000}[39m
[35m[HTTP][39m [37m<-- POST /wd/hub/session/f2b73da0-f260-4e0b-83e0-9ef3df26cc29/timeouts [39m[32m200[39m [90m2 ms - 14[39m
[35m[HTTP][39m [90m[39m
[35m[HTTP][39m [37m-->[39m [37mPOST[39m [37m/wd/hub/session/f2b73da0-f260-4e0b-83e0-9ef3df26cc29/touch/perform[39m
[35m[HTTP][39m [90m{"actions":[{"action":"tap","options":{"x":1,"y":1,"element":"6e8c5630-1942-412e-b0da-3e5afc39fabc"}},{"action":"release","options":{}}]}[39m
[35m[UiAutomator2][39m calling get location: 6e8c5630-1942-412e-b0da-3e5afc39fabc
[35m[HTTP][39m [37m<-- POST /wd/hub/session/f2b73da0-f260-4e0b-83e0-9ef3df26cc29/touch/perform [39m[32m200[39m [90m1107 ms - 14[39m
[35m[HTTP][39m [90m[39m
[35m[HTTP][39m [37m-->[39m [37mPOST[39m [37m/wd/hub/session/f2b73da0-f260-4e0b-83e0-9ef3df26cc29/timeouts[39m
[35m[HTTP][39m [90m{"implicit":50}[39m
[35m[HTTP][39m [37m<-- POST /wd/hub/session/f2b73da0-f260-4e0b-83e0-9ef3df26cc29/timeouts [39m[32m200[39m [90m2 ms - 14[39m
[35m[HTTP][39m [90m[39m
[35m[HTTP][39m [37m-->[39m [37mGET[39m [37m/wd/hub/session/f2b73da0-f260-4e0b-83e0-9ef3df26cc29/window/rect[39m
[35m[HTTP][39m [90m{}[39m
[35m[HTTP][39m [37m<-- GET /wd/hub/session/f2b73da0-f260-4e0b-83e0-9ef3df26cc29/window/rect [39m[32m200[39m [90m22 ms - 50[39m
[35m[HTTP][39m [90m[39m
[35m[HTTP][39m [37m-->[39m [37mPOST[39m [37m/wd/hub/session/f2b73da0-f260-4e0b-83e0-9ef3df26cc29/elements[39m
[35m[HTTP][39m [90m{"using":"-android uiautomator","value":"new UiSelector().className(\"android.widget.TextView\").text(\"Book Ride\")"}[39m
[35m[HTTP][39m [37m<-- POST /wd/hub/session/f2b73da0-f260-4e0b-83e0-9ef3df26cc29/elements [39m[32m200[39m [90m58 ms - 139[39m
[35m[HTTP][39m [90m[39m
[35m[HTTP][39m [37m-->[39m [37mGET[39m [37m/wd/hub/session/f2b73da0-f260-4e0b-83e0-9ef3df26cc29/element/9fe06405-5c78-4bda-a37f-5317a5fc8956/location[39m
[35m[HTTP][39m [90m{}[39m
[35m[W3C (f2b73da0)][39m Driver proxy active, passing request on via HTTP proxy
[35m[WD Proxy][39m Replacing sessionId b22b7325-830c-4eda-bb13-55d737dc7bf8 with f2b73da0-f260-4e0b-83e0-9ef3df26cc29
[35m[HTTP][39m [37m<-- GET /wd/hub/session/f2b73da0-f260-4e0b-83e0-9ef3df26cc29/element/9fe06405-5c78-4bda-a37f-5317a5fc8956/location [39m[32m200[39m [90m37 ms - 90[39m
[35m[HTTP][39m [90m[39m
[35m[HTTP][39m [37m-->[39m [37mPOST[39m [37m/wd/hub/session/f2b73da0-f260-4e0b-83e0-9ef3df26cc29/timeouts[39m
[35m[HTTP][39m [90m{"implicit":30000}[39m
[35m[HTTP][39m [37m<-- POST /wd/hub/session/f2b73da0-f260-4e0b-83e0-9ef3df26cc29/timeouts [39m[32m200[39m [90m3 ms - 14[39m
[35m[HTTP][39m [90m[39m
[35m[HTTP][39m [37m-->[39m [37mPOST[39m [37m/wd/hub/session/f2b73da0-f260-4e0b-83e0-9ef3df26cc29/touch/perform[39m
[35m[HTTP][39m [90m{"actions":[{"action":"tap","options":{"x":1,"y":1,"element":"9fe06405-5c78-4bda-a37f-5317a5fc8956"}},{"action":"release","options":{}}]}[39m
[35m[UiAutomator2][39m calling get location: 9fe06405-5c78-4bda-a37f-5317a5fc8956
[35m[HTTP][39m [37m<-- POST /wd/hub/session/f2b73da0-f260-4e0b-83e0-9ef3df26cc29/touch/perform [39m[32m200[39m [90m964 ms - 14[39m
[35m[HTTP][39m [90m[39m
[35m[HTTP][39m [37m-->[39m [37mPOST[39m [37m/wd/hub/session/f2b73da0-f260-4e0b-83e0-9ef3df26cc29/timeouts[39m
[35m[HTTP][39m [90m{"implicit":50}[39m
[35m[HTTP][39m [37m<-- POST /wd/hub/session/f2b73da0-f260-4e0b-83e0-9ef3df26cc29/timeouts [39m[32m200[39m [90m2 ms - 14[39m
[35m[HTTP][39m [90m[39m
[35m[HTTP][39m [37m-->[39m [37mGET[39m [37m/wd/hub/session/f2b73da0-f260-4e0b-83e0-9ef3df26cc29/window/rect[39m
[35m[HTTP][39m [90m{}[39m
[35m[HTTP][39m [37m<-- GET /wd/hub/session/f2b73da0-f260-4e0b-83e0-9ef3df26cc29/window/rect [39m[32m200[39m [90m15 ms - 50[39m
[35m[HTTP][39m [90m[39m
[35m[HTTP][39m [37m-->[39m [37mPOST[39m [37m/wd/hub/session/f2b73da0-f260-4e0b-83e0-9ef3df26cc29/elements[39m
[35m[HTTP][39m [90m{"using":"-android uiautomator","value":"new UiSelector().className(\"android.widget.TextView\").text(\"Request Taxi\")"}[39m
[35m[HTTP][39m [37m<-- POST /wd/hub/session/f2b73da0-f260-4e0b-83e0-9ef3df26cc29/elements [39m[32m200[39m [90m55 ms - 139[39m
[35m[HTTP][39m [90m[39m
[35m[HTTP][39m [37m-->[39m [37mGET[39m [37m/wd/hub/session/f2b73da0-f260-4e0b-83e0-9ef3df26cc29/element/89e2342b-5f19-44e2-9392-f6d89d1b252b/location[39m
[35m[HTTP][39m [90m{}[39m
[35m[W3C (f2b73da0)][39m Driver proxy active, passing request on via HTTP proxy
[35m[WD Proxy][39m Replacing sessionId b22b7325-830c-4eda-bb13-55d737dc7bf8 with f2b73da0-f260-4e0b-83e0-9ef3df26cc29
[35m[HTTP][39m [37m<-- GET /wd/hub/session/f2b73da0-f260-4e0b-83e0-9ef3df26cc29/element/89e2342b-5f19-44e2-9392-f6d89d1b252b/location [39m[32m200[39m [90m30 ms - 90[39m
[35m[HTTP][39m [90m[39m
[35m[HTTP][39m [37m-->[39m [37mPOST[39m [37m/wd/hub/session/f2b73da0-f260-4e0b-83e0-9ef3df26cc29/timeouts[39m
[35m[HTTP][39m [90m{"implicit":30000}[39m
[35m[HTTP][39m [37m<-- POST /wd/hub/session/f2b73da0-f260-4e0b-83e0-9ef3df26cc29/timeouts [39m[32m200[39m [90m2 ms - 14[39m
[35m[HTTP][39m [90m[39m
[35m[HTTP][39m [37m-->[39m [37mPOST[39m [37m/wd/hub/session/f2b73da0-f260-4e0b-83e0-9ef3df26cc29/touch/perform[39m
[35m[HTTP][39m [90m{"actions":[{"action":"tap","options":{"x":1,"y":1,"element":"89e2342b-5f19-44e2-9392-f6d89d1b252b"}},{"action":"release","options":{}}]}[39m
[35m[UiAutomator2][39m calling get location: 89e2342b-5f19-44e2-9392-f6d89d1b252b
[35m[HTTP][39m [37m<-- POST /wd/hub/session/f2b73da0-f260-4e0b-83e0-9ef3df26cc29/touch/perform [39m[32m200[39m [90m973 ms - 14[39m
[35m[HTTP][39m [90m[39m
[35m[BaseDriver][39m Shutting down because we waited 1800 seconds for a command
[35m[Appium][39m Closing session, cause was 'New Command Timeout of 1800 seconds expired. Try customizing the timeout using the 'newCommandTimeout' desired capability'
[35m[Appium][39m Removing session f2b73da0-f260-4e0b-83e0-9ef3df26cc29 from our master session list
[35m[WD Proxy][39m Got an unexpected response: {"code":"ECONNRESET"}
[35m[UiAutomator2][39m Did not get confirmation UiAutomator2 deleteSession worked; Error was: UnknownError: An unknown server-side error occurred while processing the command. Original error: Could not proxy command to remote server. Original error: Error: socket hang up
[35m[ADB][39m io.nativebase.market.geekyants.taxiapprider was not uninstalled, because it was not present on the device
[35m[Appium][39m Received SIGTERM - shutting down
