[35m[Appium][39m Welcome to Appium v1.14.0
[35m[Appium][39m Non-default server args:
[35m[Appium][39m   port: 63105
[35m[Appium][39m   loglevel: info
[35m[Appium][39m   chromeDriverPort: 63108
[35m[Appium][39m   tmpDir: /var/folders/38/x4crs4qx0hn0r3_szny2t9sw0000gn/T//Katalon/Appium/Temp1565701381756
[35m[Appium][39m Appium REST http interface listener started on 0.0.0.0:63105
[35m[HTTP][39m [37m-->[39m [37mGET[39m [37m/wd/hub/status[39m
[35m[HTTP][39m [90m{}[39m
[35m[HTTP][39m [37m<-- GET /wd/hub/status [39m[32m200[39m [90m158 ms - 68[39m
[35m[HTTP][39m [90m[39m
[35m[HTTP][39m [37m-->[39m [37mPOST[39m [37m/wd/hub/session[39m
[35m[HTTP][39m [90m{"desiredCapabilities":{"app":"/Users/sumittulsyan/Downloads/app-release.apk","noReset":false,"deviceName":"emulator-5554 (Android SDK built for x86 - Android 7.0)","fullReset":true,"platform":"ANDROID","newCommandTimeout":1800,"platformVersion":"7.0","automationName":"uiautomator2","autoGrantPermissions":true,"platformName":"Android","udid":"emulator-5554","systemPort":63104},"capabilities":{"firstMatch":[{"appium:app":"/Users/sumittulsyan/Downloads/app-release.apk","appium:autoGrantPermissions":true,"appium:automationName":"uiautomator2","appium:deviceName":"emulator-5554 (Android SDK built for x86 - Android 7.0)","appium:fullReset":true,"appium:newCommandTimeout":1800,"appium:noReset":false,"platform":"ANDROID","platformName":"android","appium:platformVersion":"7.0","appium:systemPort":63104,"appium:udid":"emulator-5554"}]}}[39m
[35m[BaseDriver][39m The capabilities ["platform"] are not standard capabilities and should have an extension prefix
[35m[Appium][39m Appium v1.14.0 creating new AndroidUiautomator2Driver (v1.33.1) session
[35m[Appium][39m Capabilities:
[35m[Appium][39m   platform: ANDROID
[35m[Appium][39m   platformName: android
[35m[Appium][39m   app: /Users/sumittulsyan/Downloads/app-release.apk
[35m[Appium][39m   autoGrantPermissions: true
[35m[Appium][39m   automationName: uiautomator2
[35m[Appium][39m   deviceName: emulator-5554 (Android SDK built for x86 - Android 7.0)
[35m[Appium][39m   fullReset: true
[35m[Appium][39m   newCommandTimeout: 1800
[35m[Appium][39m   noReset: false
[35m[Appium][39m   platformVersion: 7.0
[35m[Appium][39m   systemPort: 63104
[35m[Appium][39m   udid: emulator-5554
[35m[BaseDriver][39m The following capabilities were provided, but are not recognized by Appium:
[35m[BaseDriver][39m   platform
[35m[BaseDriver][39m Session created with session id: 2cbf6245-ca02-4b22-a375-c03aa8d1d31f
[35m[BaseDriver][39m Using local app '/Users/sumittulsyan/Downloads/app-release.apk'
[35m[ADB][39m Found 1 'build-tools' folders under '/Users/sumittulsyan/.katalon/tools/android_sdk' (newest first):
[35m[ADB][39m     /Users/sumittulsyan/.katalon/tools/android_sdk/build-tools/29.0.1
[35m[ADB][39m Using 'adb' from '/Users/sumittulsyan/.katalon/tools/android_sdk/platform-tools/adb'
[35m[AndroidDriver][39m Retrieving device list
[35m[AndroidDriver][39m Using device: emulator-5554
[35m[ADB][39m Using 'adb' from '/Users/sumittulsyan/.katalon/tools/android_sdk/platform-tools/adb'
[35m[ADB][39m Using 'apkanalyzer' from '/Users/sumittulsyan/.katalon/tools/android_sdk/tools/bin/apkanalyzer'
[35m[ADB][39m Package name: 'io.nativebase.market.geekyants.taxiappdriver'
[35m[ADB][39m Main activity name: 'io.nativebase.market.geekyants.taxiappdriver.MainActivity'
[35m[ADB][39m Using 'aapt' from '/Users/sumittulsyan/.katalon/tools/android_sdk/build-tools/29.0.1/aapt'
[35m[ADB][39m Using 'apksigner' from '/Users/sumittulsyan/.katalon/tools/android_sdk/build-tools/29.0.1/apksigner'
[35m[UiAutomator2][39m Server packages are not going to be (re)installed
[35m[ADB][39m io.nativebase.market.geekyants.taxiappdriver was not uninstalled, because it was not present on the device
[35m[ADB][39m The application at '/Users/sumittulsyan/Downloads/app-release.apk' is already cached to '/data/local/tmp/appium_cache/0a4c298d81fa9fed8129162356ad8641ab361e22.apk'
[35m[ADB][39m The installation of 'app-release.apk' took 9.647s
[35m[UiAutomator2][39m Starting UIAutomator2 server 3.7.0
[35m[UiAutomator2][39m Using UIAutomator2 server from '/Users/sumittulsyan/Downloads/appium-mobile-test/node_modules/appium-uiautomator2-server/apks/appium-uiautomator2-server-v3.7.0.apk' and test from '/Users/sumittulsyan/Downloads/appium-mobile-test/node_modules/appium-uiautomator2-server/apks/appium-uiautomator2-server-debug-androidTest.apk'
[35m[UiAutomator2][39m Waiting up to 30000ms for UiAutomator2 to be online...
[35m[WD Proxy][39m Got an unexpected response: {"code":"ECONNRESET"}
[35m[AndroidDriver][39m Screen already unlocked, doing nothing
[35m[UiAutomator2][39m UiAutomator2 did not start the activity we were waiting for, 'io.nativebase.market.geekyants.taxiappdriver/io.nativebase.market.geekyants.taxiappdriver.MainActivity'. Starting it ourselves
[35m[Appium][39m New AndroidUiautomator2Driver session created successfully, session 2cbf6245-ca02-4b22-a375-c03aa8d1d31f added to master session list
[35m[HTTP][39m [37m<-- POST /wd/hub/session [39m[32m200[39m [90m24040 ms - 1272[39m
[35m[HTTP][39m [90m[39m
[35m[HTTP][39m [37m-->[39m [37mGET[39m [37m/wd/hub/session/2cbf6245-ca02-4b22-a375-c03aa8d1d31f[39m
[35m[HTTP][39m [90m{}[39m
[35m[HTTP][39m [37m<-- GET /wd/hub/session/2cbf6245-ca02-4b22-a375-c03aa8d1d31f [39m[32m200[39m [90m61 ms - 1204[39m
[35m[HTTP][39m [90m[39m
[35m[HTTP][39m [37m-->[39m [37mGET[39m [37m/wd/hub/session/2cbf6245-ca02-4b22-a375-c03aa8d1d31f[39m
[35m[HTTP][39m [90m{}[39m
[35m[HTTP][39m [37m<-- GET /wd/hub/session/2cbf6245-ca02-4b22-a375-c03aa8d1d31f [39m[32m200[39m [90m16 ms - 1204[39m
[35m[HTTP][39m [90m[39m
[35m[HTTP][39m [37m-->[39m [37mGET[39m [37m/wd/hub/status[39m
[35m[HTTP][39m [90m{}[39m
[35m[HTTP][39m [37m<-- GET /wd/hub/status [39m[32m200[39m [90m1 ms - 68[39m
[35m[HTTP][39m [90m[39m
[35m[HTTP][39m [37m-->[39m [37mPOST[39m [37m/wd/hub/session/2cbf6245-ca02-4b22-a375-c03aa8d1d31f/timeouts[39m
[35m[HTTP][39m [90m{"implicit":30000}[39m
[35m[HTTP][39m [37m<-- POST /wd/hub/session/2cbf6245-ca02-4b22-a375-c03aa8d1d31f/timeouts [39m[32m200[39m [90m4 ms - 14[39m
[35m[HTTP][39m [90m[39m
[35m[HTTP][39m [37m-->[39m [37mPOST[39m [37m/wd/hub/session/2cbf6245-ca02-4b22-a375-c03aa8d1d31f/timeouts[39m
[35m[HTTP][39m [90m{"implicit":50}[39m
[35m[HTTP][39m [37m<-- POST /wd/hub/session/2cbf6245-ca02-4b22-a375-c03aa8d1d31f/timeouts [39m[32m200[39m [90m2 ms - 14[39m
[35m[HTTP][39m [90m[39m
[35m[HTTP][39m [37m-->[39m [37mGET[39m [37m/wd/hub/session/2cbf6245-ca02-4b22-a375-c03aa8d1d31f/window/rect[39m
[35m[HTTP][39m [90m{}[39m
[35m[HTTP][39m [37m<-- GET /wd/hub/session/2cbf6245-ca02-4b22-a375-c03aa8d1d31f/window/rect [39m[32m200[39m [90m21 ms - 50[39m
[35m[HTTP][39m [90m[39m
[35m[HTTP][39m [37m-->[39m [37mPOST[39m [37m/wd/hub/session/2cbf6245-ca02-4b22-a375-c03aa8d1d31f/elements[39m
[35m[HTTP][39m [90m{"using":"-android uiautomator","value":"new UiSelector().className(\"android.widget.TextView\").text(\"Register\")"}[39m
[35m[HTTP][39m [37m<-- POST /wd/hub/session/2cbf6245-ca02-4b22-a375-c03aa8d1d31f/elements [39m[32m200[39m [90m90 ms - 12[39m
[35m[HTTP][39m [90m[39m
[35m[HTTP][39m [37m-->[39m [37mPOST[39m [37m/wd/hub/session/2cbf6245-ca02-4b22-a375-c03aa8d1d31f/elements[39m
[35m[HTTP][39m [90m{"using":"-android uiautomator","value":"new UiSelector().className(\"android.widget.TextView\").text(\"Register\")"}[39m
[35m[HTTP][39m [37m<-- POST /wd/hub/session/2cbf6245-ca02-4b22-a375-c03aa8d1d31f/elements [39m[32m200[39m [90m567 ms - 12[39m
[35m[HTTP][39m [90m[39m
[35m[HTTP][39m [37m-->[39m [37mPOST[39m [37m/wd/hub/session/2cbf6245-ca02-4b22-a375-c03aa8d1d31f/elements[39m
[35m[HTTP][39m [90m{"using":"-android uiautomator","value":"new UiSelector().className(\"android.widget.TextView\").text(\"Register\")"}[39m
[35m[HTTP][39m [37m<-- POST /wd/hub/session/2cbf6245-ca02-4b22-a375-c03aa8d1d31f/elements [39m[32m200[39m [90m76 ms - 12[39m
[35m[HTTP][39m [90m[39m
[35m[HTTP][39m [37m-->[39m [37mPOST[39m [37m/wd/hub/session/2cbf6245-ca02-4b22-a375-c03aa8d1d31f/elements[39m
[35m[HTTP][39m [90m{"using":"-android uiautomator","value":"new UiSelector().className(\"android.widget.TextView\").text(\"Register\")"}[39m
[35m[HTTP][39m [37m<-- POST /wd/hub/session/2cbf6245-ca02-4b22-a375-c03aa8d1d31f/elements [39m[32m200[39m [90m540 ms - 12[39m
[35m[HTTP][39m [90m[39m
[35m[HTTP][39m [37m-->[39m [37mPOST[39m [37m/wd/hub/session/2cbf6245-ca02-4b22-a375-c03aa8d1d31f/elements[39m
[35m[HTTP][39m [90m{"using":"-android uiautomator","value":"new UiSelector().className(\"android.widget.TextView\").text(\"Register\")"}[39m
[35m[HTTP][39m [37m<-- POST /wd/hub/session/2cbf6245-ca02-4b22-a375-c03aa8d1d31f/elements [39m[32m200[39m [90m1502 ms - 139[39m
[35m[HTTP][39m [90m[39m
[35m[HTTP][39m [37m-->[39m [37mGET[39m [37m/wd/hub/session/2cbf6245-ca02-4b22-a375-c03aa8d1d31f/element/f7a02418-ec38-4aa0-983f-dc5fbdd8265d/location[39m
[35m[HTTP][39m [90m{}[39m
[35m[W3C (2cbf6245)][39m Driver proxy active, passing request on via HTTP proxy
[35m[WD Proxy][39m Replacing sessionId 4466cebe-469b-44d5-8efe-3f5b28be33a5 with 2cbf6245-ca02-4b22-a375-c03aa8d1d31f
[35m[HTTP][39m [37m<-- GET /wd/hub/session/2cbf6245-ca02-4b22-a375-c03aa8d1d31f/element/f7a02418-ec38-4aa0-983f-dc5fbdd8265d/location [39m[32m200[39m [90m24 ms - 90[39m
[35m[HTTP][39m [90m[39m
[35m[HTTP][39m [37m-->[39m [37mPOST[39m [37m/wd/hub/session/2cbf6245-ca02-4b22-a375-c03aa8d1d31f/timeouts[39m
[35m[HTTP][39m [90m{"implicit":30000}[39m
[35m[HTTP][39m [37m<-- POST /wd/hub/session/2cbf6245-ca02-4b22-a375-c03aa8d1d31f/timeouts [39m[32m200[39m [90m1 ms - 14[39m
[35m[HTTP][39m [90m[39m
[35m[HTTP][39m [37m-->[39m [37mPOST[39m [37m/wd/hub/session/2cbf6245-ca02-4b22-a375-c03aa8d1d31f/touch/perform[39m
[35m[HTTP][39m [90m{"actions":[{"action":"tap","options":{"x":1,"y":1,"element":"f7a02418-ec38-4aa0-983f-dc5fbdd8265d"}},{"action":"release","options":{}}]}[39m
[35m[UiAutomator2][39m calling get location: f7a02418-ec38-4aa0-983f-dc5fbdd8265d
[35m[HTTP][39m [37m<-- POST /wd/hub/session/2cbf6245-ca02-4b22-a375-c03aa8d1d31f/touch/perform [39m[32m200[39m [90m3328 ms - 14[39m
[35m[HTTP][39m [90m[39m
[35m[HTTP][39m [37m-->[39m [37mPOST[39m [37m/wd/hub/session/2cbf6245-ca02-4b22-a375-c03aa8d1d31f/timeouts[39m
[35m[HTTP][39m [90m{"implicit":50}[39m
[35m[HTTP][39m [37m<-- POST /wd/hub/session/2cbf6245-ca02-4b22-a375-c03aa8d1d31f/timeouts [39m[32m200[39m [90m5 ms - 14[39m
[35m[HTTP][39m [90m[39m
[35m[HTTP][39m [37m-->[39m [37mGET[39m [37m/wd/hub/session/2cbf6245-ca02-4b22-a375-c03aa8d1d31f/window/rect[39m
[35m[HTTP][39m [90m{}[39m
[35m[HTTP][39m [37m<-- GET /wd/hub/session/2cbf6245-ca02-4b22-a375-c03aa8d1d31f/window/rect [39m[32m200[39m [90m27 ms - 50[39m
[35m[HTTP][39m [90m[39m
[35m[HTTP][39m [37m-->[39m [37mPOST[39m [37m/wd/hub/session/2cbf6245-ca02-4b22-a375-c03aa8d1d31f/elements[39m
[35m[HTTP][39m [90m{"using":"-android uiautomator","value":"new UiSelector().className(\"android.widget.EditText\").text(\"First Name\")"}[39m
[35m[HTTP][39m [37m<-- POST /wd/hub/session/2cbf6245-ca02-4b22-a375-c03aa8d1d31f/elements [39m[32m200[39m [90m678 ms - 139[39m
[35m[HTTP][39m [90m[39m
[35m[HTTP][39m [37m-->[39m [37mGET[39m [37m/wd/hub/session/2cbf6245-ca02-4b22-a375-c03aa8d1d31f/element/9d5ecb88-b9bd-490d-9e92-58657742b8ab/location[39m
[35m[HTTP][39m [90m{}[39m
[35m[W3C (2cbf6245)][39m Driver proxy active, passing request on via HTTP proxy
[35m[WD Proxy][39m Replacing sessionId 4466cebe-469b-44d5-8efe-3f5b28be33a5 with 2cbf6245-ca02-4b22-a375-c03aa8d1d31f
[35m[HTTP][39m [37m<-- GET /wd/hub/session/2cbf6245-ca02-4b22-a375-c03aa8d1d31f/element/9d5ecb88-b9bd-490d-9e92-58657742b8ab/location [39m[32m200[39m [90m63 ms - 88[39m
[35m[HTTP][39m [90m[39m
[35m[HTTP][39m [37m-->[39m [37mPOST[39m [37m/wd/hub/session/2cbf6245-ca02-4b22-a375-c03aa8d1d31f/timeouts[39m
[35m[HTTP][39m [90m{"implicit":30000}[39m
[35m[HTTP][39m [37m<-- POST /wd/hub/session/2cbf6245-ca02-4b22-a375-c03aa8d1d31f/timeouts [39m[32m200[39m [90m3 ms - 14[39m
[35m[HTTP][39m [90m[39m
[35m[HTTP][39m [37m-->[39m [37mPOST[39m [37m/wd/hub/session/2cbf6245-ca02-4b22-a375-c03aa8d1d31f/element/9d5ecb88-b9bd-490d-9e92-58657742b8ab/clear[39m
[35m[HTTP][39m [90m{"id":"9d5ecb88-b9bd-490d-9e92-58657742b8ab"}[39m
[35m[HTTP][39m [37m<-- POST /wd/hub/session/2cbf6245-ca02-4b22-a375-c03aa8d1d31f/element/9d5ecb88-b9bd-490d-9e92-58657742b8ab/clear [39m[32m200[39m [90m57 ms - 27[39m
[35m[HTTP][39m [90m[39m
[35m[HTTP][39m [37m-->[39m [37mPOST[39m [37m/wd/hub/session/2cbf6245-ca02-4b22-a375-c03aa8d1d31f/element/9d5ecb88-b9bd-490d-9e92-58657742b8ab/value[39m
[35m[HTTP][39m [90m{"id":"9d5ecb88-b9bd-490d-9e92-58657742b8ab","text":"fdgs","value":["f","d","g","s"]}[39m
[35m[HTTP][39m [37m<-- POST /wd/hub/session/2cbf6245-ca02-4b22-a375-c03aa8d1d31f/element/9d5ecb88-b9bd-490d-9e92-58657742b8ab/value [39m[32m200[39m [90m1042 ms - 12[39m
[35m[HTTP][39m [90m[39m
[35m[HTTP][39m [37m-->[39m [37mPOST[39m [37m/wd/hub/session/2cbf6245-ca02-4b22-a375-c03aa8d1d31f/timeouts[39m
[35m[HTTP][39m [90m{"implicit":50}[39m
[35m[HTTP][39m [37m<-- POST /wd/hub/session/2cbf6245-ca02-4b22-a375-c03aa8d1d31f/timeouts [39m[32m200[39m [90m3 ms - 14[39m
[35m[HTTP][39m [90m[39m
[35m[HTTP][39m [37m-->[39m [37mGET[39m [37m/wd/hub/session/2cbf6245-ca02-4b22-a375-c03aa8d1d31f/window/rect[39m
[35m[HTTP][39m [90m{}[39m
[35m[HTTP][39m [37m<-- GET /wd/hub/session/2cbf6245-ca02-4b22-a375-c03aa8d1d31f/window/rect [39m[32m200[39m [90m14 ms - 50[39m
[35m[HTTP][39m [90m[39m
[35m[HTTP][39m [37m-->[39m [37mPOST[39m [37m/wd/hub/session/2cbf6245-ca02-4b22-a375-c03aa8d1d31f/elements[39m
[35m[HTTP][39m [90m{"using":"-android uiautomator","value":"new UiSelector().className(\"android.widget.EditText\").text(\"Last Name\")"}[39m
[35m[HTTP][39m [37m<-- POST /wd/hub/session/2cbf6245-ca02-4b22-a375-c03aa8d1d31f/elements [39m[32m200[39m [90m394 ms - 139[39m
[35m[HTTP][39m [90m[39m
[35m[HTTP][39m [37m-->[39m [37mGET[39m [37m/wd/hub/session/2cbf6245-ca02-4b22-a375-c03aa8d1d31f/element/bdd2c4a5-bd75-4546-9bdd-c68ad00517ee/location[39m
[35m[HTTP][39m [90m{}[39m
[35m[W3C (2cbf6245)][39m Driver proxy active, passing request on via HTTP proxy
[35m[WD Proxy][39m Replacing sessionId 4466cebe-469b-44d5-8efe-3f5b28be33a5 with 2cbf6245-ca02-4b22-a375-c03aa8d1d31f
[35m[HTTP][39m [37m<-- GET /wd/hub/session/2cbf6245-ca02-4b22-a375-c03aa8d1d31f/element/bdd2c4a5-bd75-4546-9bdd-c68ad00517ee/location [39m[32m200[39m [90m23 ms - 89[39m
[35m[HTTP][39m [90m[39m
[35m[HTTP][39m [37m-->[39m [37mPOST[39m [37m/wd/hub/session/2cbf6245-ca02-4b22-a375-c03aa8d1d31f/timeouts[39m
[35m[HTTP][39m [90m{"implicit":30000}[39m
[35m[HTTP][39m [37m<-- POST /wd/hub/session/2cbf6245-ca02-4b22-a375-c03aa8d1d31f/timeouts [39m[32m200[39m [90m2 ms - 14[39m
[35m[HTTP][39m [90m[39m
[35m[HTTP][39m [37m-->[39m [37mPOST[39m [37m/wd/hub/session/2cbf6245-ca02-4b22-a375-c03aa8d1d31f/element/bdd2c4a5-bd75-4546-9bdd-c68ad00517ee/clear[39m
[35m[HTTP][39m [90m{"id":"bdd2c4a5-bd75-4546-9bdd-c68ad00517ee"}[39m
[35m[HTTP][39m [37m<-- POST /wd/hub/session/2cbf6245-ca02-4b22-a375-c03aa8d1d31f/element/bdd2c4a5-bd75-4546-9bdd-c68ad00517ee/clear [39m[32m200[39m [90m21 ms - 27[39m
[35m[HTTP][39m [90m[39m
[35m[HTTP][39m [37m-->[39m [37mPOST[39m [37m/wd/hub/session/2cbf6245-ca02-4b22-a375-c03aa8d1d31f/element/bdd2c4a5-bd75-4546-9bdd-c68ad00517ee/value[39m
[35m[HTTP][39m [90m{"id":"bdd2c4a5-bd75-4546-9bdd-c68ad00517ee","text":"setdrfgjhk","value":["s","e","t","d","r","f","g","j","h","k"]}[39m
[35m[HTTP][39m [37m<-- POST /wd/hub/session/2cbf6245-ca02-4b22-a375-c03aa8d1d31f/element/bdd2c4a5-bd75-4546-9bdd-c68ad00517ee/value [39m[32m200[39m [90m1033 ms - 12[39m
[35m[HTTP][39m [90m[39m
[35m[HTTP][39m [37m-->[39m [37mPOST[39m [37m/wd/hub/session/2cbf6245-ca02-4b22-a375-c03aa8d1d31f/timeouts[39m
[35m[HTTP][39m [90m{"implicit":50}[39m
[35m[HTTP][39m [37m<-- POST /wd/hub/session/2cbf6245-ca02-4b22-a375-c03aa8d1d31f/timeouts [39m[32m200[39m [90m3 ms - 14[39m
[35m[HTTP][39m [90m[39m
[35m[HTTP][39m [37m-->[39m [37mGET[39m [37m/wd/hub/session/2cbf6245-ca02-4b22-a375-c03aa8d1d31f/window/rect[39m
[35m[HTTP][39m [90m{}[39m
[35m[HTTP][39m [37m<-- GET /wd/hub/session/2cbf6245-ca02-4b22-a375-c03aa8d1d31f/window/rect [39m[32m200[39m [90m17 ms - 50[39m
[35m[HTTP][39m [90m[39m
[35m[HTTP][39m [37m-->[39m [37mPOST[39m [37m/wd/hub/session/2cbf6245-ca02-4b22-a375-c03aa8d1d31f/elements[39m
[35m[HTTP][39m [90m{"using":"-android uiautomator","value":"new UiSelector().className(\"android.widget.EditText\").text(\"Email\")"}[39m
[35m[HTTP][39m [37m<-- POST /wd/hub/session/2cbf6245-ca02-4b22-a375-c03aa8d1d31f/elements [39m[32m200[39m [90m439 ms - 139[39m
[35m[HTTP][39m [90m[39m
[35m[HTTP][39m [37m-->[39m [37mGET[39m [37m/wd/hub/session/2cbf6245-ca02-4b22-a375-c03aa8d1d31f/element/d675151e-374c-4688-8d0f-0fb35a909fbd/location[39m
[35m[HTTP][39m [90m{}[39m
[35m[W3C (2cbf6245)][39m Driver proxy active, passing request on via HTTP proxy
[35m[WD Proxy][39m Replacing sessionId 4466cebe-469b-44d5-8efe-3f5b28be33a5 with 2cbf6245-ca02-4b22-a375-c03aa8d1d31f
[35m[HTTP][39m [37m<-- GET /wd/hub/session/2cbf6245-ca02-4b22-a375-c03aa8d1d31f/element/d675151e-374c-4688-8d0f-0fb35a909fbd/location [39m[32m200[39m [90m16 ms - 88[39m
[35m[HTTP][39m [90m[39m
[35m[HTTP][39m [37m-->[39m [37mPOST[39m [37m/wd/hub/session/2cbf6245-ca02-4b22-a375-c03aa8d1d31f/timeouts[39m
[35m[HTTP][39m [90m{"implicit":30000}[39m
[35m[HTTP][39m [37m<-- POST /wd/hub/session/2cbf6245-ca02-4b22-a375-c03aa8d1d31f/timeouts [39m[32m200[39m [90m2 ms - 14[39m
[35m[HTTP][39m [90m[39m
[35m[HTTP][39m [37m-->[39m [37mPOST[39m [37m/wd/hub/session/2cbf6245-ca02-4b22-a375-c03aa8d1d31f/element/d675151e-374c-4688-8d0f-0fb35a909fbd/clear[39m
[35m[HTTP][39m [90m{"id":"d675151e-374c-4688-8d0f-0fb35a909fbd"}[39m
[35m[HTTP][39m [37m<-- POST /wd/hub/session/2cbf6245-ca02-4b22-a375-c03aa8d1d31f/element/d675151e-374c-4688-8d0f-0fb35a909fbd/clear [39m[32m200[39m [90m19 ms - 27[39m
[35m[HTTP][39m [90m[39m
[35m[HTTP][39m [37m-->[39m [37mPOST[39m [37m/wd/hub/session/2cbf6245-ca02-4b22-a375-c03aa8d1d31f/element/d675151e-374c-4688-8d0f-0fb35a909fbd/value[39m
[35m[HTTP][39m [90m{"id":"d675151e-374c-4688-8d0f-0fb35a909fbd","text":"hkgyufi@hjdfj.com","value":["h","k","g","y","u","f","i","@","h","j","d","f","j",".","c","o","m"]}[39m
[35m[HTTP][39m [37m<-- POST /wd/hub/session/2cbf6245-ca02-4b22-a375-c03aa8d1d31f/element/d675151e-374c-4688-8d0f-0fb35a909fbd/value [39m[32m200[39m [90m1036 ms - 12[39m
[35m[HTTP][39m [90m[39m
[35m[HTTP][39m [37m-->[39m [37mPOST[39m [37m/wd/hub/session/2cbf6245-ca02-4b22-a375-c03aa8d1d31f/timeouts[39m
[35m[HTTP][39m [90m{"implicit":50}[39m
[35m[HTTP][39m [37m<-- POST /wd/hub/session/2cbf6245-ca02-4b22-a375-c03aa8d1d31f/timeouts [39m[32m200[39m [90m6 ms - 14[39m
[35m[HTTP][39m [90m[39m
[35m[HTTP][39m [37m-->[39m [37mGET[39m [37m/wd/hub/session/2cbf6245-ca02-4b22-a375-c03aa8d1d31f/window/rect[39m
[35m[HTTP][39m [90m{}[39m
[35m[HTTP][39m [37m<-- GET /wd/hub/session/2cbf6245-ca02-4b22-a375-c03aa8d1d31f/window/rect [39m[32m200[39m [90m15 ms - 50[39m
[35m[HTTP][39m [90m[39m
[35m[HTTP][39m [37m-->[39m [37mPOST[39m [37m/wd/hub/session/2cbf6245-ca02-4b22-a375-c03aa8d1d31f/elements[39m
[35m[HTTP][39m [90m{"using":"-android uiautomator","value":"new UiSelector().className(\"android.widget.EditText\").text(\"Mobile Number\")"}[39m
[35m[HTTP][39m [37m<-- POST /wd/hub/session/2cbf6245-ca02-4b22-a375-c03aa8d1d31f/elements [39m[32m200[39m [90m314 ms - 139[39m
[35m[HTTP][39m [90m[39m
[35m[HTTP][39m [37m-->[39m [37mGET[39m [37m/wd/hub/session/2cbf6245-ca02-4b22-a375-c03aa8d1d31f/element/6f323929-e871-4980-be3f-5274dea721fa/location[39m
[35m[HTTP][39m [90m{}[39m
[35m[W3C (2cbf6245)][39m Driver proxy active, passing request on via HTTP proxy
[35m[WD Proxy][39m Replacing sessionId 4466cebe-469b-44d5-8efe-3f5b28be33a5 with 2cbf6245-ca02-4b22-a375-c03aa8d1d31f
[35m[HTTP][39m [37m<-- GET /wd/hub/session/2cbf6245-ca02-4b22-a375-c03aa8d1d31f/element/6f323929-e871-4980-be3f-5274dea721fa/location [39m[32m200[39m [90m20 ms - 90[39m
[35m[HTTP][39m [90m[39m
[35m[HTTP][39m [37m-->[39m [37mPOST[39m [37m/wd/hub/session/2cbf6245-ca02-4b22-a375-c03aa8d1d31f/timeouts[39m
[35m[HTTP][39m [90m{"implicit":30000}[39m
[35m[HTTP][39m [37m<-- POST /wd/hub/session/2cbf6245-ca02-4b22-a375-c03aa8d1d31f/timeouts [39m[32m200[39m [90m1 ms - 14[39m
[35m[HTTP][39m [90m[39m
[35m[HTTP][39m [37m-->[39m [37mPOST[39m [37m/wd/hub/session/2cbf6245-ca02-4b22-a375-c03aa8d1d31f/element/6f323929-e871-4980-be3f-5274dea721fa/clear[39m
[35m[HTTP][39m [90m{"id":"6f323929-e871-4980-be3f-5274dea721fa"}[39m
[35m[HTTP][39m [37m<-- POST /wd/hub/session/2cbf6245-ca02-4b22-a375-c03aa8d1d31f/element/6f323929-e871-4980-be3f-5274dea721fa/clear [39m[32m200[39m [90m23 ms - 27[39m
[35m[HTTP][39m [90m[39m
[35m[HTTP][39m [37m-->[39m [37mPOST[39m [37m/wd/hub/session/2cbf6245-ca02-4b22-a375-c03aa8d1d31f/element/6f323929-e871-4980-be3f-5274dea721fa/value[39m
[35m[HTTP][39m [90m{"id":"6f323929-e871-4980-be3f-5274dea721fa","text":"9812981298","value":["9","8","1","2","9","8","1","2","9","8"]}[39m
[35m[HTTP][39m [37m<-- POST /wd/hub/session/2cbf6245-ca02-4b22-a375-c03aa8d1d31f/element/6f323929-e871-4980-be3f-5274dea721fa/value [39m[32m200[39m [90m1054 ms - 12[39m
[35m[HTTP][39m [90m[39m
[35m[HTTP][39m [37m-->[39m [37mPOST[39m [37m/wd/hub/session/2cbf6245-ca02-4b22-a375-c03aa8d1d31f/timeouts[39m
[35m[HTTP][39m [90m{"implicit":50}[39m
[35m[HTTP][39m [37m<-- POST /wd/hub/session/2cbf6245-ca02-4b22-a375-c03aa8d1d31f/timeouts [39m[32m200[39m [90m3 ms - 14[39m
[35m[HTTP][39m [90m[39m
[35m[HTTP][39m [37m-->[39m [37mGET[39m [37m/wd/hub/session/2cbf6245-ca02-4b22-a375-c03aa8d1d31f/window/rect[39m
[35m[HTTP][39m [90m{}[39m
[35m[HTTP][39m [37m<-- GET /wd/hub/session/2cbf6245-ca02-4b22-a375-c03aa8d1d31f/window/rect [39m[32m200[39m [90m23 ms - 50[39m
[35m[HTTP][39m [90m[39m
[35m[HTTP][39m [37m-->[39m [37mPOST[39m [37m/wd/hub/session/2cbf6245-ca02-4b22-a375-c03aa8d1d31f/elements[39m
[35m[HTTP][39m [90m{"using":"-android uiautomator","value":"new UiSelector().className(\"android.widget.EditText\").text(\"Password\")"}[39m
[35m[HTTP][39m [37m<-- POST /wd/hub/session/2cbf6245-ca02-4b22-a375-c03aa8d1d31f/elements [39m[32m200[39m [90m438 ms - 139[39m
[35m[HTTP][39m [90m[39m
[35m[HTTP][39m [37m-->[39m [37mGET[39m [37m/wd/hub/session/2cbf6245-ca02-4b22-a375-c03aa8d1d31f/element/1b1913ec-f593-4215-80ab-b25f5cfdcf9f/location[39m
[35m[HTTP][39m [90m{}[39m
[35m[W3C (2cbf6245)][39m Driver proxy active, passing request on via HTTP proxy
[35m[WD Proxy][39m Replacing sessionId 4466cebe-469b-44d5-8efe-3f5b28be33a5 with 2cbf6245-ca02-4b22-a375-c03aa8d1d31f
[35m[HTTP][39m [37m<-- GET /wd/hub/session/2cbf6245-ca02-4b22-a375-c03aa8d1d31f/element/1b1913ec-f593-4215-80ab-b25f5cfdcf9f/location [39m[32m200[39m [90m22 ms - 89[39m
[35m[HTTP][39m [90m[39m
[35m[HTTP][39m [37m-->[39m [37mPOST[39m [37m/wd/hub/session/2cbf6245-ca02-4b22-a375-c03aa8d1d31f/timeouts[39m
[35m[HTTP][39m [90m{"implicit":30000}[39m
[35m[HTTP][39m [37m<-- POST /wd/hub/session/2cbf6245-ca02-4b22-a375-c03aa8d1d31f/timeouts [39m[32m200[39m [90m1 ms - 14[39m
[35m[HTTP][39m [90m[39m
[35m[HTTP][39m [37m-->[39m [37mPOST[39m [37m/wd/hub/session/2cbf6245-ca02-4b22-a375-c03aa8d1d31f/element/1b1913ec-f593-4215-80ab-b25f5cfdcf9f/clear[39m
[35m[HTTP][39m [90m{"id":"1b1913ec-f593-4215-80ab-b25f5cfdcf9f"}[39m
[35m[HTTP][39m [37m<-- POST /wd/hub/session/2cbf6245-ca02-4b22-a375-c03aa8d1d31f/element/1b1913ec-f593-4215-80ab-b25f5cfdcf9f/clear [39m[32m200[39m [90m20 ms - 27[39m
[35m[HTTP][39m [90m[39m
[35m[HTTP][39m [37m-->[39m [37mPOST[39m [37m/wd/hub/session/2cbf6245-ca02-4b22-a375-c03aa8d1d31f/element/1b1913ec-f593-4215-80ab-b25f5cfdcf9f/value[39m
[35m[HTTP][39m [90m{"id":"1b1913ec-f593-4215-80ab-b25f5cfdcf9f","text":"123456","value":["1","2","3","4","5","6"]}[39m
[35m[HTTP][39m [37m<-- POST /wd/hub/session/2cbf6245-ca02-4b22-a375-c03aa8d1d31f/element/1b1913ec-f593-4215-80ab-b25f5cfdcf9f/value [39m[32m200[39m [90m1042 ms - 12[39m
[35m[HTTP][39m [90m[39m
[35m[HTTP][39m [37m-->[39m [37mPOST[39m [37m/wd/hub/session/2cbf6245-ca02-4b22-a375-c03aa8d1d31f/timeouts[39m
[35m[HTTP][39m [90m{"implicit":50}[39m
[35m[HTTP][39m [37m<-- POST /wd/hub/session/2cbf6245-ca02-4b22-a375-c03aa8d1d31f/timeouts [39m[32m200[39m [90m2 ms - 14[39m
[35m[HTTP][39m [90m[39m
[35m[HTTP][39m [37m-->[39m [37mGET[39m [37m/wd/hub/session/2cbf6245-ca02-4b22-a375-c03aa8d1d31f/window/rect[39m
[35m[HTTP][39m [90m{}[39m
[35m[HTTP][39m [37m<-- GET /wd/hub/session/2cbf6245-ca02-4b22-a375-c03aa8d1d31f/window/rect [39m[32m200[39m [90m17 ms - 50[39m
[35m[HTTP][39m [90m[39m
[35m[HTTP][39m [37m-->[39m [37mPOST[39m [37m/wd/hub/session/2cbf6245-ca02-4b22-a375-c03aa8d1d31f/elements[39m
[35m[HTTP][39m [90m{"using":"-android uiautomator","value":"new UiSelector().className(\"android.widget.EditText\").text(\"Confirm password\")"}[39m
[35m[HTTP][39m [37m<-- POST /wd/hub/session/2cbf6245-ca02-4b22-a375-c03aa8d1d31f/elements [39m[32m200[39m [90m449 ms - 139[39m
[35m[HTTP][39m [90m[39m
[35m[HTTP][39m [37m-->[39m [37mGET[39m [37m/wd/hub/session/2cbf6245-ca02-4b22-a375-c03aa8d1d31f/element/4f924793-e65f-4b75-8e94-0b056ceb5123/location[39m
[35m[HTTP][39m [90m{}[39m
[35m[W3C (2cbf6245)][39m Driver proxy active, passing request on via HTTP proxy
[35m[WD Proxy][39m Replacing sessionId 4466cebe-469b-44d5-8efe-3f5b28be33a5 with 2cbf6245-ca02-4b22-a375-c03aa8d1d31f
[35m[HTTP][39m [37m<-- GET /wd/hub/session/2cbf6245-ca02-4b22-a375-c03aa8d1d31f/element/4f924793-e65f-4b75-8e94-0b056ceb5123/location [39m[32m200[39m [90m22 ms - 89[39m
[35m[HTTP][39m [90m[39m
[35m[HTTP][39m [37m-->[39m [37mPOST[39m [37m/wd/hub/session/2cbf6245-ca02-4b22-a375-c03aa8d1d31f/timeouts[39m
[35m[HTTP][39m [90m{"implicit":30000}[39m
[35m[HTTP][39m [37m<-- POST /wd/hub/session/2cbf6245-ca02-4b22-a375-c03aa8d1d31f/timeouts [39m[32m200[39m [90m2 ms - 14[39m
[35m[HTTP][39m [90m[39m
[35m[HTTP][39m [37m-->[39m [37mPOST[39m [37m/wd/hub/session/2cbf6245-ca02-4b22-a375-c03aa8d1d31f/element/4f924793-e65f-4b75-8e94-0b056ceb5123/clear[39m
[35m[HTTP][39m [90m{"id":"4f924793-e65f-4b75-8e94-0b056ceb5123"}[39m
[35m[HTTP][39m [37m<-- POST /wd/hub/session/2cbf6245-ca02-4b22-a375-c03aa8d1d31f/element/4f924793-e65f-4b75-8e94-0b056ceb5123/clear [39m[32m200[39m [90m20 ms - 27[39m
[35m[HTTP][39m [90m[39m
[35m[HTTP][39m [37m-->[39m [37mPOST[39m [37m/wd/hub/session/2cbf6245-ca02-4b22-a375-c03aa8d1d31f/element/4f924793-e65f-4b75-8e94-0b056ceb5123/value[39m
[35m[HTTP][39m [90m{"id":"4f924793-e65f-4b75-8e94-0b056ceb5123","text":"123456","value":["1","2","3","4","5","6"]}[39m
[35m[HTTP][39m [37m<-- POST /wd/hub/session/2cbf6245-ca02-4b22-a375-c03aa8d1d31f/element/4f924793-e65f-4b75-8e94-0b056ceb5123/value [39m[32m200[39m [90m1039 ms - 12[39m
[35m[HTTP][39m [90m[39m
[35m[HTTP][39m [37m-->[39m [37mPOST[39m [37m/wd/hub/session/2cbf6245-ca02-4b22-a375-c03aa8d1d31f/timeouts[39m
[35m[HTTP][39m [90m{"implicit":50}[39m
[35m[HTTP][39m [37m<-- POST /wd/hub/session/2cbf6245-ca02-4b22-a375-c03aa8d1d31f/timeouts [39m[32m200[39m [90m2 ms - 14[39m
[35m[HTTP][39m [90m[39m
[35m[HTTP][39m [37m-->[39m [37mGET[39m [37m/wd/hub/session/2cbf6245-ca02-4b22-a375-c03aa8d1d31f/window/rect[39m
[35m[HTTP][39m [90m{}[39m
[35m[HTTP][39m [37m<-- GET /wd/hub/session/2cbf6245-ca02-4b22-a375-c03aa8d1d31f/window/rect [39m[32m200[39m [90m13 ms - 50[39m
[35m[HTTP][39m [90m[39m
[35m[HTTP][39m [37m-->[39m [37mPOST[39m [37m/wd/hub/session/2cbf6245-ca02-4b22-a375-c03aa8d1d31f/elements[39m
[35m[HTTP][39m [90m{"using":"-android uiautomator","value":"new UiSelector().className(\"android.widget.TextView\").text(\"Register\")"}[39m
[35m[HTTP][39m [37m<-- POST /wd/hub/session/2cbf6245-ca02-4b22-a375-c03aa8d1d31f/elements [39m[32m200[39m [90m462 ms - 267[39m
[35m[HTTP][39m [90m[39m
[35m[HTTP][39m [37m-->[39m [37mGET[39m [37m/wd/hub/session/2cbf6245-ca02-4b22-a375-c03aa8d1d31f/element/b82e009d-16ef-4410-b904-fefc02c638ea/location[39m
[35m[HTTP][39m [90m{}[39m
[35m[W3C (2cbf6245)][39m Driver proxy active, passing request on via HTTP proxy
[35m[WD Proxy][39m Replacing sessionId 4466cebe-469b-44d5-8efe-3f5b28be33a5 with 2cbf6245-ca02-4b22-a375-c03aa8d1d31f
[35m[HTTP][39m [37m<-- GET /wd/hub/session/2cbf6245-ca02-4b22-a375-c03aa8d1d31f/element/b82e009d-16ef-4410-b904-fefc02c638ea/location [39m[32m200[39m [90m18 ms - 88[39m
[35m[HTTP][39m [90m[39m
[35m[HTTP][39m [37m-->[39m [37mPOST[39m [37m/wd/hub/session/2cbf6245-ca02-4b22-a375-c03aa8d1d31f/timeouts[39m
[35m[HTTP][39m [90m{"implicit":30000}[39m
[35m[HTTP][39m [37m<-- POST /wd/hub/session/2cbf6245-ca02-4b22-a375-c03aa8d1d31f/timeouts [39m[32m200[39m [90m2 ms - 14[39m
[35m[HTTP][39m [90m[39m
[35m[HTTP][39m [37m-->[39m [37mPOST[39m [37m/wd/hub/session/2cbf6245-ca02-4b22-a375-c03aa8d1d31f/touch/perform[39m
[35m[HTTP][39m [90m{"actions":[{"action":"tap","options":{"x":1,"y":1,"element":"b82e009d-16ef-4410-b904-fefc02c638ea"}},{"action":"release","options":{}}]}[39m
[35m[UiAutomator2][39m calling get location: b82e009d-16ef-4410-b904-fefc02c638ea
[35m[HTTP][39m [37m<-- POST /wd/hub/session/2cbf6245-ca02-4b22-a375-c03aa8d1d31f/touch/perform [39m[32m200[39m [90m3158 ms - 14[39m
[35m[HTTP][39m [90m[39m
[35m[HTTP][39m [37m-->[39m [37mDELETE[39m [37m/wd/hub/session/2cbf6245-ca02-4b22-a375-c03aa8d1d31f[39m
[35m[HTTP][39m [90m{}[39m
[35m[Appium][39m Removing session 2cbf6245-ca02-4b22-a375-c03aa8d1d31f from our master session list
[35m[ADB][39m io.nativebase.market.geekyants.taxiappdriver was successfully uninstalled
[35m[HTTP][39m [37m<-- DELETE /wd/hub/session/2cbf6245-ca02-4b22-a375-c03aa8d1d31f [39m[32m200[39m [90m1007 ms - 14[39m
[35m[HTTP][39m [90m[39m
