[35m[Appium][39m Welcome to Appium v1.14.0
[35m[Appium][39m Non-default server args:
[35m[Appium][39m   port: 50847
[35m[Appium][39m   loglevel: info
[35m[Appium][39m   chromeDriverPort: 50849
[35m[Appium][39m   tmpDir: /var/folders/38/x4crs4qx0hn0r3_szny2t9sw0000gn/T//Katalon/Appium/Temp1565759279400
[35m[Appium][39m Appium REST http interface listener started on 0.0.0.0:50847
[35m[HTTP][39m [37m-->[39m [37mGET[39m [37m/wd/hub/status[39m
[35m[HTTP][39m [90m{}[39m
[35m[HTTP][39m [37m<-- GET /wd/hub/status [39m[32m200[39m [90m8 ms - 68[39m
[35m[HTTP][39m [90m[39m
[35m[HTTP][39m [37m-->[39m [37mPOST[39m [37m/wd/hub/session[39m
[35m[HTTP][39m [90m{"desiredCapabilities":{"app":"/Users/sumittulsyan/Downloads/app-release (1).apk","noReset":false,"deviceName":"emulator-5554 (Android SDK built for x86 - Android 9)","fullReset":true,"platform":"ANDROID","newCommandTimeout":1800,"platformVersion":"9","automationName":"uiautomator2","autoGrantPermissions":true,"platformName":"Android","udid":"emulator-5554","systemPort":50846},"capabilities":{"firstMatch":[{"appium:app":"/Users/sumittulsyan/Downloads/app-release (1).apk","appium:autoGrantPermissions":true,"appium:automationName":"uiautomator2","appium:deviceName":"emulator-5554 (Android SDK built for x86 - Android 9)","appium:fullReset":true,"appium:newCommandTimeout":1800,"appium:noReset":false,"platform":"ANDROID","platformName":"android","appium:platformVersion":"9","appium:systemPort":50846,"appium:udid":"emulator-5554"}]}}[39m
[35m[BaseDriver][39m The capabilities ["platform"] are not standard capabilities and should have an extension prefix
[35m[Appium][39m Appium v1.14.0 creating new AndroidUiautomator2Driver (v1.33.1) session
[35m[Appium][39m Capabilities:
[35m[Appium][39m   platform: ANDROID
[35m[Appium][39m   platformName: android
[35m[Appium][39m   app: /Users/sumittulsyan/Downloads/app-release (1).apk
[35m[Appium][39m   autoGrantPermissions: true
[35m[Appium][39m   automationName: uiautomator2
[35m[Appium][39m   deviceName: emulator-5554 (Android SDK built for x86 - Android 9)
[35m[Appium][39m   fullReset: true
[35m[Appium][39m   newCommandTimeout: 1800
[35m[Appium][39m   noReset: false
[35m[Appium][39m   platformVersion: 9
[35m[Appium][39m   systemPort: 50846
[35m[Appium][39m   udid: emulator-5554
[35m[BaseDriver][39m The following capabilities were provided, but are not recognized by Appium:
[35m[BaseDriver][39m   platform
[35m[BaseDriver][39m Session created with session id: 0792a292-52a7-46a4-b535-f042f77a2340
[35m[BaseDriver][39m Using local app '/Users/sumittulsyan/Downloads/app-release (1).apk'
[35m[ADB][39m Found 1 'build-tools' folders under '/Users/sumittulsyan/.katalon/tools/android_sdk' (newest first):
[35m[ADB][39m     /Users/sumittulsyan/.katalon/tools/android_sdk/build-tools/29.0.1
[35m[ADB][39m Using 'adb' from '/Users/sumittulsyan/.katalon/tools/android_sdk/platform-tools/adb'
[35m[AndroidDriver][39m Retrieving device list
[35m[AndroidDriver][39m Using device: emulator-5554
[35m[ADB][39m Using 'adb' from '/Users/sumittulsyan/.katalon/tools/android_sdk/platform-tools/adb'
[35m[UiAutomator2][39m Relaxing hidden api policy
[35m[ADB][39m Using 'apkanalyzer' from '/Users/sumittulsyan/.katalon/tools/android_sdk/tools/bin/apkanalyzer'
[35m[ADB][39m Using the alternative activity name detection method because of: Command '/Users/sumittulsyan/.katalon/tools/android_sdk/tools/bin/apkanalyzer -h manifest print '/Users/sumittulsyan/Downloads/app-release (1).apk'' exited with code 2
[35m[ADB][39m Using 'aapt' from '/Users/sumittulsyan/.katalon/tools/android_sdk/build-tools/29.0.1/aapt'
[35m[ADB][39m Extracting package and launch activity from manifest
[35m[ADB][39m Package name: 'io.nativebase.market.geekyants.taxiapprider'
[35m[ADB][39m Main activity name: 'io.nativebase.market.geekyants.taxiapprider.MainActivity'
[35m[ADB][39m Using 'apksigner' from '/Users/sumittulsyan/.katalon/tools/android_sdk/build-tools/29.0.1/apksigner'
[35m[UiAutomator2][39m Server packages are not going to be (re)installed
[35m[ADB][39m io.nativebase.market.geekyants.taxiapprider was not uninstalled, because it was not present on the device
[35m[ADB][39m The application at '/Users/sumittulsyan/Downloads/app-release (1).apk' is already cached to '/data/local/tmp/appium_cache/319121ffd2a4e89e1742e996fe8df850b3a56b9f.apk'
[35m[ADB][39m The installation of 'app-release (1).apk' took 8.177s
[35m[UiAutomator2][39m Starting UIAutomator2 server 3.7.0
[35m[UiAutomator2][39m Using UIAutomator2 server from '/Users/sumittulsyan/Downloads/appium-mobile-test/node_modules/appium-uiautomator2-server/apks/appium-uiautomator2-server-v3.7.0.apk' and test from '/Users/sumittulsyan/Downloads/appium-mobile-test/node_modules/appium-uiautomator2-server/apks/appium-uiautomator2-server-debug-androidTest.apk'
[35m[UiAutomator2][39m Waiting up to 30000ms for UiAutomator2 to be online...
[35m[WD Proxy][39m Got an unexpected response: {"code":"ECONNRESET"}
[35m[WD Proxy][39m Got an unexpected response: {"code":"ECONNRESET"}
[35m[AndroidDriver][39m Screen already unlocked, doing nothing
[35m[UiAutomator2][39m UiAutomator2 did not start the activity we were waiting for, 'io.nativebase.market.geekyants.taxiapprider/io.nativebase.market.geekyants.taxiapprider.MainActivity'. Starting it ourselves
[35m[Appium][39m New AndroidUiautomator2Driver session created successfully, session 0792a292-52a7-46a4-b535-f042f77a2340 added to master session list
[35m[HTTP][39m [37m<-- POST /wd/hub/session [39m[32m200[39m [90m22766 ms - 1271[39m
[35m[HTTP][39m [90m[39m
[35m[HTTP][39m [37m-->[39m [37mGET[39m [37m/wd/hub/session/0792a292-52a7-46a4-b535-f042f77a2340[39m
[35m[HTTP][39m [90m{}[39m
[35m[HTTP][39m [37m<-- GET /wd/hub/session/0792a292-52a7-46a4-b535-f042f77a2340 [39m[32m200[39m [90m144 ms - 1203[39m
[35m[HTTP][39m [90m[39m
[35m[HTTP][39m [37m-->[39m [37mGET[39m [37m/wd/hub/session/0792a292-52a7-46a4-b535-f042f77a2340[39m
[35m[HTTP][39m [90m{}[39m
[35m[HTTP][39m [37m<-- GET /wd/hub/session/0792a292-52a7-46a4-b535-f042f77a2340 [39m[32m200[39m [90m31 ms - 1203[39m
[35m[HTTP][39m [90m[39m
[35m[HTTP][39m [37m-->[39m [37mGET[39m [37m/wd/hub/status[39m
[35m[HTTP][39m [90m{}[39m
[35m[HTTP][39m [37m<-- GET /wd/hub/status [39m[32m200[39m [90m2 ms - 68[39m
[35m[HTTP][39m [90m[39m
[35m[HTTP][39m [37m-->[39m [37mPOST[39m [37m/wd/hub/session/0792a292-52a7-46a4-b535-f042f77a2340/timeouts[39m
[35m[HTTP][39m [90m{"implicit":30000}[39m
[35m[HTTP][39m [37m<-- POST /wd/hub/session/0792a292-52a7-46a4-b535-f042f77a2340/timeouts [39m[32m200[39m [90m5 ms - 14[39m
[35m[HTTP][39m [90m[39m
[35m[HTTP][39m [37m-->[39m [37mPOST[39m [37m/wd/hub/session/0792a292-52a7-46a4-b535-f042f77a2340/timeouts[39m
[35m[HTTP][39m [90m{"implicit":50}[39m
[35m[HTTP][39m [37m<-- POST /wd/hub/session/0792a292-52a7-46a4-b535-f042f77a2340/timeouts [39m[32m200[39m [90m3 ms - 14[39m
[35m[HTTP][39m [90m[39m
[35m[HTTP][39m [37m-->[39m [37mGET[39m [37m/wd/hub/session/0792a292-52a7-46a4-b535-f042f77a2340/window/rect[39m
[35m[HTTP][39m [90m{}[39m
[35m[HTTP][39m [37m<-- GET /wd/hub/session/0792a292-52a7-46a4-b535-f042f77a2340/window/rect [39m[32m200[39m [90m121 ms - 50[39m
[35m[HTTP][39m [90m[39m
[35m[HTTP][39m [37m-->[39m [37mPOST[39m [37m/wd/hub/session/0792a292-52a7-46a4-b535-f042f77a2340/elements[39m
[35m[HTTP][39m [90m{"using":"-android uiautomator","value":"new UiSelector().className(\"android.widget.TextView\").text(\"Sign In\")"}[39m
[35m[HTTP][39m [37m<-- POST /wd/hub/session/0792a292-52a7-46a4-b535-f042f77a2340/elements [39m[32m200[39m [90m129 ms - 12[39m
[35m[HTTP][39m [90m[39m
[35m[HTTP][39m [37m-->[39m [37mPOST[39m [37m/wd/hub/session/0792a292-52a7-46a4-b535-f042f77a2340/elements[39m
[35m[HTTP][39m [90m{"using":"-android uiautomator","value":"new UiSelector().className(\"android.widget.TextView\").text(\"Sign In\")"}[39m
[35m[HTTP][39m [37m<-- POST /wd/hub/session/0792a292-52a7-46a4-b535-f042f77a2340/elements [39m[32m200[39m [90m57 ms - 12[39m
[35m[HTTP][39m [90m[39m
[35m[HTTP][39m [37m-->[39m [37mPOST[39m [37m/wd/hub/session/0792a292-52a7-46a4-b535-f042f77a2340/elements[39m
[35m[HTTP][39m [90m{"using":"-android uiautomator","value":"new UiSelector().className(\"android.widget.TextView\").text(\"Sign In\")"}[39m
[35m[HTTP][39m [37m<-- POST /wd/hub/session/0792a292-52a7-46a4-b535-f042f77a2340/elements [39m[32m200[39m [90m634 ms - 12[39m
[35m[HTTP][39m [90m[39m
[35m[HTTP][39m [37m-->[39m [37mPOST[39m [37m/wd/hub/session/0792a292-52a7-46a4-b535-f042f77a2340/elements[39m
[35m[HTTP][39m [90m{"using":"-android uiautomator","value":"new UiSelector().className(\"android.widget.TextView\").text(\"Sign In\")"}[39m
[35m[HTTP][39m [37m<-- POST /wd/hub/session/0792a292-52a7-46a4-b535-f042f77a2340/elements [39m[32m200[39m [90m1338 ms - 12[39m
[35m[HTTP][39m [90m[39m
[35m[HTTP][39m [37m-->[39m [37mPOST[39m [37m/wd/hub/session/0792a292-52a7-46a4-b535-f042f77a2340/elements[39m
[35m[HTTP][39m [90m{"using":"-android uiautomator","value":"new UiSelector().className(\"android.widget.TextView\").text(\"Sign In\")"}[39m
[35m[HTTP][39m [37m<-- POST /wd/hub/session/0792a292-52a7-46a4-b535-f042f77a2340/elements [39m[32m200[39m [90m665 ms - 139[39m
[35m[HTTP][39m [90m[39m
[35m[HTTP][39m [37m-->[39m [37mGET[39m [37m/wd/hub/session/0792a292-52a7-46a4-b535-f042f77a2340/element/34b395ff-74fa-4ecd-adf3-af9f841bb254/location[39m
[35m[HTTP][39m [90m{}[39m
[35m[W3C (0792a292)][39m Driver proxy active, passing request on via HTTP proxy
[35m[WD Proxy][39m Replacing sessionId f9e3de21-345a-42c9-8b90-fbc28f6dbac6 with 0792a292-52a7-46a4-b535-f042f77a2340
[35m[HTTP][39m [37m<-- GET /wd/hub/session/0792a292-52a7-46a4-b535-f042f77a2340/element/34b395ff-74fa-4ecd-adf3-af9f841bb254/location [39m[32m200[39m [90m42 ms - 90[39m
[35m[HTTP][39m [90m[39m
[35m[HTTP][39m [37m-->[39m [37mPOST[39m [37m/wd/hub/session/0792a292-52a7-46a4-b535-f042f77a2340/timeouts[39m
[35m[HTTP][39m [90m{"implicit":30000}[39m
[35m[HTTP][39m [37m<-- POST /wd/hub/session/0792a292-52a7-46a4-b535-f042f77a2340/timeouts [39m[32m200[39m [90m1 ms - 14[39m
[35m[HTTP][39m [90m[39m
[35m[HTTP][39m [37m-->[39m [37mPOST[39m [37m/wd/hub/session/0792a292-52a7-46a4-b535-f042f77a2340/touch/perform[39m
[35m[HTTP][39m [90m{"actions":[{"action":"tap","options":{"x":1,"y":1,"element":"34b395ff-74fa-4ecd-adf3-af9f841bb254"}},{"action":"release","options":{}}]}[39m
[35m[UiAutomator2][39m calling get location: 34b395ff-74fa-4ecd-adf3-af9f841bb254
[35m[HTTP][39m [37m<-- POST /wd/hub/session/0792a292-52a7-46a4-b535-f042f77a2340/touch/perform [39m[32m200[39m [90m1084 ms - 14[39m
[35m[HTTP][39m [90m[39m
[35m[HTTP][39m [37m-->[39m [37mPOST[39m [37m/wd/hub/session/0792a292-52a7-46a4-b535-f042f77a2340/timeouts[39m
[35m[HTTP][39m [90m{"implicit":50}[39m
[35m[HTTP][39m [37m<-- POST /wd/hub/session/0792a292-52a7-46a4-b535-f042f77a2340/timeouts [39m[32m200[39m [90m3 ms - 14[39m
[35m[HTTP][39m [90m[39m
[35m[HTTP][39m [37m-->[39m [37mGET[39m [37m/wd/hub/session/0792a292-52a7-46a4-b535-f042f77a2340/window/rect[39m
[35m[HTTP][39m [90m{}[39m
[35m[HTTP][39m [37m<-- GET /wd/hub/session/0792a292-52a7-46a4-b535-f042f77a2340/window/rect [39m[32m200[39m [90m21 ms - 50[39m
[35m[HTTP][39m [90m[39m
[35m[HTTP][39m [37m-->[39m [37mPOST[39m [37m/wd/hub/session/0792a292-52a7-46a4-b535-f042f77a2340/elements[39m
[35m[HTTP][39m [90m{"using":"-android uiautomator","value":"new UiSelector().className(\"android.widget.EditText\").text(\"Email\")"}[39m
[35m[HTTP][39m [37m<-- POST /wd/hub/session/0792a292-52a7-46a4-b535-f042f77a2340/elements [39m[32m200[39m [90m81 ms - 139[39m
[35m[HTTP][39m [90m[39m
[35m[HTTP][39m [37m-->[39m [37mGET[39m [37m/wd/hub/session/0792a292-52a7-46a4-b535-f042f77a2340/element/84aca1c8-aaa8-4e97-97c5-6e9524c25321/location[39m
[35m[HTTP][39m [90m{}[39m
[35m[W3C (0792a292)][39m Driver proxy active, passing request on via HTTP proxy
[35m[WD Proxy][39m Replacing sessionId f9e3de21-345a-42c9-8b90-fbc28f6dbac6 with 0792a292-52a7-46a4-b535-f042f77a2340
[35m[HTTP][39m [37m<-- GET /wd/hub/session/0792a292-52a7-46a4-b535-f042f77a2340/element/84aca1c8-aaa8-4e97-97c5-6e9524c25321/location [39m[32m200[39m [90m60 ms - 90[39m
[35m[HTTP][39m [90m[39m
[35m[HTTP][39m [37m-->[39m [37mPOST[39m [37m/wd/hub/session/0792a292-52a7-46a4-b535-f042f77a2340/timeouts[39m
[35m[HTTP][39m [90m{"implicit":30000}[39m
[35m[HTTP][39m [37m<-- POST /wd/hub/session/0792a292-52a7-46a4-b535-f042f77a2340/timeouts [39m[32m200[39m [90m2 ms - 14[39m
[35m[HTTP][39m [90m[39m
[35m[HTTP][39m [37m-->[39m [37mPOST[39m [37m/wd/hub/session/0792a292-52a7-46a4-b535-f042f77a2340/element/84aca1c8-aaa8-4e97-97c5-6e9524c25321/clear[39m
[35m[HTTP][39m [90m{"id":"84aca1c8-aaa8-4e97-97c5-6e9524c25321"}[39m
[35m[HTTP][39m [37m<-- POST /wd/hub/session/0792a292-52a7-46a4-b535-f042f77a2340/element/84aca1c8-aaa8-4e97-97c5-6e9524c25321/clear [39m[32m200[39m [90m66 ms - 27[39m
[35m[HTTP][39m [90m[39m
[35m[HTTP][39m [37m-->[39m [37mPOST[39m [37m/wd/hub/session/0792a292-52a7-46a4-b535-f042f77a2340/element/84aca1c8-aaa8-4e97-97c5-6e9524c25321/value[39m
[35m[HTTP][39m [90m{"id":"84aca1c8-aaa8-4e97-97c5-6e9524c25321","text":"taxirider@gmail.com","value":["t","a","x","i","r","i","d","e","r","@","g","m","a","i","l",".","c","o","m"]}[39m
[35m[HTTP][39m [37m<-- POST /wd/hub/session/0792a292-52a7-46a4-b535-f042f77a2340/element/84aca1c8-aaa8-4e97-97c5-6e9524c25321/value [39m[32m200[39m [90m1052 ms - 12[39m
[35m[HTTP][39m [90m[39m
[35m[HTTP][39m [37m-->[39m [37mPOST[39m [37m/wd/hub/session/0792a292-52a7-46a4-b535-f042f77a2340/timeouts[39m
[35m[HTTP][39m [90m{"implicit":50}[39m
[35m[HTTP][39m [37m<-- POST /wd/hub/session/0792a292-52a7-46a4-b535-f042f77a2340/timeouts [39m[32m200[39m [90m2 ms - 14[39m
[35m[HTTP][39m [90m[39m
[35m[HTTP][39m [37m-->[39m [37mGET[39m [37m/wd/hub/session/0792a292-52a7-46a4-b535-f042f77a2340/window/rect[39m
[35m[HTTP][39m [90m{}[39m
[35m[HTTP][39m [37m<-- GET /wd/hub/session/0792a292-52a7-46a4-b535-f042f77a2340/window/rect [39m[32m200[39m [90m67 ms - 50[39m
[35m[HTTP][39m [90m[39m
[35m[HTTP][39m [37m-->[39m [37mPOST[39m [37m/wd/hub/session/0792a292-52a7-46a4-b535-f042f77a2340/elements[39m
[35m[HTTP][39m [90m{"using":"-android uiautomator","value":"new UiSelector().className(\"android.widget.EditText\").text(\"Password\")"}[39m
[35m[HTTP][39m [37m<-- POST /wd/hub/session/0792a292-52a7-46a4-b535-f042f77a2340/elements [39m[32m200[39m [90m417 ms - 139[39m
[35m[HTTP][39m [90m[39m
[35m[HTTP][39m [37m-->[39m [37mGET[39m [37m/wd/hub/session/0792a292-52a7-46a4-b535-f042f77a2340/element/ccee5d0d-b4f2-4ea6-96d2-0fcfdbd51d0d/location[39m
[35m[HTTP][39m [90m{}[39m
[35m[W3C (0792a292)][39m Driver proxy active, passing request on via HTTP proxy
[35m[WD Proxy][39m Replacing sessionId f9e3de21-345a-42c9-8b90-fbc28f6dbac6 with 0792a292-52a7-46a4-b535-f042f77a2340
[35m[HTTP][39m [37m<-- GET /wd/hub/session/0792a292-52a7-46a4-b535-f042f77a2340/element/ccee5d0d-b4f2-4ea6-96d2-0fcfdbd51d0d/location [39m[32m200[39m [90m59 ms - 90[39m
[35m[HTTP][39m [90m[39m
[35m[HTTP][39m [37m-->[39m [37mPOST[39m [37m/wd/hub/session/0792a292-52a7-46a4-b535-f042f77a2340/timeouts[39m
[35m[HTTP][39m [90m{"implicit":30000}[39m
[35m[HTTP][39m [37m<-- POST /wd/hub/session/0792a292-52a7-46a4-b535-f042f77a2340/timeouts [39m[32m200[39m [90m2 ms - 14[39m
[35m[HTTP][39m [90m[39m
[35m[HTTP][39m [37m-->[39m [37mPOST[39m [37m/wd/hub/session/0792a292-52a7-46a4-b535-f042f77a2340/element/ccee5d0d-b4f2-4ea6-96d2-0fcfdbd51d0d/clear[39m
[35m[HTTP][39m [90m{"id":"ccee5d0d-b4f2-4ea6-96d2-0fcfdbd51d0d"}[39m
[35m[HTTP][39m [37m<-- POST /wd/hub/session/0792a292-52a7-46a4-b535-f042f77a2340/element/ccee5d0d-b4f2-4ea6-96d2-0fcfdbd51d0d/clear [39m[32m200[39m [90m53 ms - 27[39m
[35m[HTTP][39m [90m[39m
[35m[HTTP][39m [37m-->[39m [37mPOST[39m [37m/wd/hub/session/0792a292-52a7-46a4-b535-f042f77a2340/element/ccee5d0d-b4f2-4ea6-96d2-0fcfdbd51d0d/value[39m
[35m[HTTP][39m [90m{"id":"ccee5d0d-b4f2-4ea6-96d2-0fcfdbd51d0d","text":"123456","value":["1","2","3","4","5","6"]}[39m
[35m[HTTP][39m [37m<-- POST /wd/hub/session/0792a292-52a7-46a4-b535-f042f77a2340/element/ccee5d0d-b4f2-4ea6-96d2-0fcfdbd51d0d/value [39m[32m200[39m [90m1055 ms - 12[39m
[35m[HTTP][39m [90m[39m
[35m[HTTP][39m [37m-->[39m [37mPOST[39m [37m/wd/hub/session/0792a292-52a7-46a4-b535-f042f77a2340/timeouts[39m
[35m[HTTP][39m [90m{"implicit":50}[39m
[35m[HTTP][39m [37m<-- POST /wd/hub/session/0792a292-52a7-46a4-b535-f042f77a2340/timeouts [39m[32m200[39m [90m2 ms - 14[39m
[35m[HTTP][39m [90m[39m
[35m[HTTP][39m [37m-->[39m [37mGET[39m [37m/wd/hub/session/0792a292-52a7-46a4-b535-f042f77a2340/window/rect[39m
[35m[HTTP][39m [90m{}[39m
[35m[HTTP][39m [37m<-- GET /wd/hub/session/0792a292-52a7-46a4-b535-f042f77a2340/window/rect [39m[32m200[39m [90m19 ms - 50[39m
[35m[HTTP][39m [90m[39m
[35m[HTTP][39m [37m-->[39m [37mPOST[39m [37m/wd/hub/session/0792a292-52a7-46a4-b535-f042f77a2340/elements[39m
[35m[HTTP][39m [90m{"using":"xpath","value":"//hierarchy/android.widget.FrameLayout[1]/android.widget.LinearLayout[1]/android.widget.FrameLayout[1]/android.widget.LinearLayout[1]/android.widget.FrameLayout[1]/android.widget.FrameLayout[1]/android.view.ViewGroup[1]/android.view.ViewGroup[1]/android.view.ViewGroup[1]/android.view.ViewGroup[1]/android.support.v4.widget.DrawerLayout[1]/android.view.ViewGroup[1]/android.view.ViewGroup[1]/android.view.ViewGroup[1]/android.view.ViewGroup[1]/android.view.ViewGroup[1]/android.view.ViewGroup[1]/android.widget.ScrollView[1]/android.view.ViewGroup[1]/android.view.ViewGroup[7]/android.widget.TextView[1]"}[39m
[35m[HTTP][39m [37m<-- POST /wd/hub/session/0792a292-52a7-46a4-b535-f042f77a2340/elements [39m[32m200[39m [90m682 ms - 139[39m
[35m[HTTP][39m [90m[39m
[35m[HTTP][39m [37m-->[39m [37mGET[39m [37m/wd/hub/session/0792a292-52a7-46a4-b535-f042f77a2340/element/b7bd520e-044a-4cbd-b9f1-994c0117dec6/location[39m
[35m[HTTP][39m [90m{}[39m
[35m[W3C (0792a292)][39m Driver proxy active, passing request on via HTTP proxy
[35m[WD Proxy][39m Replacing sessionId f9e3de21-345a-42c9-8b90-fbc28f6dbac6 with 0792a292-52a7-46a4-b535-f042f77a2340
[35m[HTTP][39m [37m<-- GET /wd/hub/session/0792a292-52a7-46a4-b535-f042f77a2340/element/b7bd520e-044a-4cbd-b9f1-994c0117dec6/location [39m[32m200[39m [90m18 ms - 90[39m
[35m[HTTP][39m [90m[39m
[35m[HTTP][39m [37m-->[39m [37mPOST[39m [37m/wd/hub/session/0792a292-52a7-46a4-b535-f042f77a2340/timeouts[39m
[35m[HTTP][39m [90m{"implicit":30000}[39m
[35m[HTTP][39m [37m<-- POST /wd/hub/session/0792a292-52a7-46a4-b535-f042f77a2340/timeouts [39m[32m200[39m [90m1 ms - 14[39m
[35m[HTTP][39m [90m[39m
[35m[HTTP][39m [37m-->[39m [37mPOST[39m [37m/wd/hub/session/0792a292-52a7-46a4-b535-f042f77a2340/touch/perform[39m
[35m[HTTP][39m [90m{"actions":[{"action":"tap","options":{"x":1,"y":1,"element":"b7bd520e-044a-4cbd-b9f1-994c0117dec6"}},{"action":"release","options":{}}]}[39m
[35m[UiAutomator2][39m calling get location: b7bd520e-044a-4cbd-b9f1-994c0117dec6
[35m[HTTP][39m [37m<-- POST /wd/hub/session/0792a292-52a7-46a4-b535-f042f77a2340/touch/perform [39m[32m200[39m [90m47 ms - 14[39m
[35m[HTTP][39m [90m[39m
[35m[HTTP][39m [37m-->[39m [37mPOST[39m [37m/wd/hub/session/0792a292-52a7-46a4-b535-f042f77a2340/timeouts[39m
[35m[HTTP][39m [90m{"implicit":50}[39m
[35m[HTTP][39m [37m<-- POST /wd/hub/session/0792a292-52a7-46a4-b535-f042f77a2340/timeouts [39m[32m200[39m [90m2 ms - 14[39m
[35m[HTTP][39m [90m[39m
[35m[HTTP][39m [37m-->[39m [37mGET[39m [37m/wd/hub/session/0792a292-52a7-46a4-b535-f042f77a2340/window/rect[39m
[35m[HTTP][39m [90m{}[39m
[35m[HTTP][39m [37m<-- GET /wd/hub/session/0792a292-52a7-46a4-b535-f042f77a2340/window/rect [39m[32m200[39m [90m45 ms - 50[39m
[35m[HTTP][39m [90m[39m
[35m[HTTP][39m [37m-->[39m [37mPOST[39m [37m/wd/hub/session/0792a292-52a7-46a4-b535-f042f77a2340/elements[39m
[35m[HTTP][39m [90m{"using":"-android uiautomator","value":"new UiSelector().className(\"android.widget.TextView\").text(\"10, 10th Cross Rd, Mahadeshwara Nagar, Stage 2, BTM Layout, Bengaluru, Karnataka 560076, India\")"}[39m
[35m[HTTP][39m [37m<-- POST /wd/hub/session/0792a292-52a7-46a4-b535-f042f77a2340/elements [39m[32m200[39m [90m736 ms - 12[39m
[35m[HTTP][39m [90m[39m
[35m[HTTP][39m [37m-->[39m [37mPOST[39m [37m/wd/hub/session/0792a292-52a7-46a4-b535-f042f77a2340/elements[39m
[35m[HTTP][39m [90m{"using":"-android uiautomator","value":"new UiSelector().className(\"android.widget.TextView\").text(\"10, 10th Cross Rd, Mahadeshwara Nagar, Stage 2, BTM Layout, Bengaluru, Karnataka 560076, India\")"}[39m
[35m[HTTP][39m [37m<-- POST /wd/hub/session/0792a292-52a7-46a4-b535-f042f77a2340/elements [39m[32m200[39m [90m160 ms - 12[39m
[35m[HTTP][39m [90m[39m
[35m[HTTP][39m [37m-->[39m [37mPOST[39m [37m/wd/hub/session/0792a292-52a7-46a4-b535-f042f77a2340/elements[39m
[35m[HTTP][39m [90m{"using":"-android uiautomator","value":"new UiSelector().className(\"android.widget.TextView\").text(\"10, 10th Cross Rd, Mahadeshwara Nagar, Stage 2, BTM Layout, Bengaluru, Karnataka 560076, India\")"}[39m
[35m[HTTP][39m [37m<-- POST /wd/hub/session/0792a292-52a7-46a4-b535-f042f77a2340/elements [39m[32m200[39m [90m108 ms - 12[39m
[35m[HTTP][39m [90m[39m
[35m[HTTP][39m [37m-->[39m [37mPOST[39m [37m/wd/hub/session/0792a292-52a7-46a4-b535-f042f77a2340/elements[39m
[35m[HTTP][39m [90m{"using":"-android uiautomator","value":"new UiSelector().className(\"android.widget.TextView\").text(\"10, 10th Cross Rd, Mahadeshwara Nagar, Stage 2, BTM Layout, Bengaluru, Karnataka 560076, India\")"}[39m
[35m[HTTP][39m [37m<-- POST /wd/hub/session/0792a292-52a7-46a4-b535-f042f77a2340/elements [39m[32m200[39m [90m144 ms - 12[39m
[35m[HTTP][39m [90m[39m
[35m[HTTP][39m [37m-->[39m [37mPOST[39m [37m/wd/hub/session/0792a292-52a7-46a4-b535-f042f77a2340/elements[39m
[35m[HTTP][39m [90m{"using":"-android uiautomator","value":"new UiSelector().className(\"android.widget.TextView\").text(\"10, 10th Cross Rd, Mahadeshwara Nagar, Stage 2, BTM Layout, Bengaluru, Karnataka 560076, India\")"}[39m
[35m[HTTP][39m [37m<-- POST /wd/hub/session/0792a292-52a7-46a4-b535-f042f77a2340/elements [39m[32m200[39m [90m110 ms - 12[39m
[35m[HTTP][39m [90m[39m
[35m[HTTP][39m [37m-->[39m [37mPOST[39m [37m/wd/hub/session/0792a292-52a7-46a4-b535-f042f77a2340/elements[39m
[35m[HTTP][39m [90m{"using":"-android uiautomator","value":"new UiSelector().className(\"android.widget.TextView\").text(\"10, 10th Cross Rd, Mahadeshwara Nagar, Stage 2, BTM Layout, Bengaluru, Karnataka 560076, India\")"}[39m
[35m[HTTP][39m [37m<-- POST /wd/hub/session/0792a292-52a7-46a4-b535-f042f77a2340/elements [39m[32m200[39m [90m129 ms - 12[39m
[35m[HTTP][39m [90m[39m
[35m[HTTP][39m [37m-->[39m [37mPOST[39m [37m/wd/hub/session/0792a292-52a7-46a4-b535-f042f77a2340/elements[39m
[35m[HTTP][39m [90m{"using":"-android uiautomator","value":"new UiSelector().className(\"android.widget.TextView\").text(\"10, 10th Cross Rd, Mahadeshwara Nagar, Stage 2, BTM Layout, Bengaluru, Karnataka 560076, India\")"}[39m
[35m[HTTP][39m [37m<-- POST /wd/hub/session/0792a292-52a7-46a4-b535-f042f77a2340/elements [39m[32m200[39m [90m255 ms - 12[39m
[35m[HTTP][39m [90m[39m
[35m[HTTP][39m [37m-->[39m [37mPOST[39m [37m/wd/hub/session/0792a292-52a7-46a4-b535-f042f77a2340/elements[39m
[35m[HTTP][39m [90m{"using":"-android uiautomator","value":"new UiSelector().className(\"android.widget.TextView\").text(\"10, 10th Cross Rd, Mahadeshwara Nagar, Stage 2, BTM Layout, Bengaluru, Karnataka 560076, India\")"}[39m
[35m[HTTP][39m [37m<-- POST /wd/hub/session/0792a292-52a7-46a4-b535-f042f77a2340/elements [39m[32m200[39m [90m253 ms - 12[39m
[35m[HTTP][39m [90m[39m
[35m[HTTP][39m [37m-->[39m [37mPOST[39m [37m/wd/hub/session/0792a292-52a7-46a4-b535-f042f77a2340/elements[39m
[35m[HTTP][39m [90m{"using":"-android uiautomator","value":"new UiSelector().className(\"android.widget.TextView\").text(\"10, 10th Cross Rd, Mahadeshwara Nagar, Stage 2, BTM Layout, Bengaluru, Karnataka 560076, India\")"}[39m
[35m[HTTP][39m [37m<-- POST /wd/hub/session/0792a292-52a7-46a4-b535-f042f77a2340/elements [39m[32m200[39m [90m479 ms - 12[39m
[35m[HTTP][39m [90m[39m
[35m[HTTP][39m [37m-->[39m [37mPOST[39m [37m/wd/hub/session/0792a292-52a7-46a4-b535-f042f77a2340/elements[39m
[35m[HTTP][39m [90m{"using":"-android uiautomator","value":"new UiSelector().className(\"android.widget.TextView\").text(\"10, 10th Cross Rd, Mahadeshwara Nagar, Stage 2, BTM Layout, Bengaluru, Karnataka 560076, India\")"}[39m
[35m[HTTP][39m [37m<-- POST /wd/hub/session/0792a292-52a7-46a4-b535-f042f77a2340/elements [39m[32m200[39m [90m71 ms - 12[39m
[35m[HTTP][39m [90m[39m
[35m[HTTP][39m [37m-->[39m [37mPOST[39m [37m/wd/hub/session/0792a292-52a7-46a4-b535-f042f77a2340/elements[39m
[35m[HTTP][39m [90m{"using":"-android uiautomator","value":"new UiSelector().className(\"android.widget.TextView\").text(\"10, 10th Cross Rd, Mahadeshwara Nagar, Stage 2, BTM Layout, Bengaluru, Karnataka 560076, India\")"}[39m
[35m[HTTP][39m [37m<-- POST /wd/hub/session/0792a292-52a7-46a4-b535-f042f77a2340/elements [39m[32m200[39m [90m79 ms - 12[39m
[35m[HTTP][39m [90m[39m
[35m[HTTP][39m [37m-->[39m [37mPOST[39m [37m/wd/hub/session/0792a292-52a7-46a4-b535-f042f77a2340/elements[39m
[35m[HTTP][39m [90m{"using":"-android uiautomator","value":"new UiSelector().className(\"android.widget.TextView\").text(\"10, 10th Cross Rd, Mahadeshwara Nagar, Stage 2, BTM Layout, Bengaluru, Karnataka 560076, India\")"}[39m
[35m[HTTP][39m [37m<-- POST /wd/hub/session/0792a292-52a7-46a4-b535-f042f77a2340/elements [39m[32m200[39m [90m91 ms - 12[39m
[35m[HTTP][39m [90m[39m
[35m[HTTP][39m [37m-->[39m [37mPOST[39m [37m/wd/hub/session/0792a292-52a7-46a4-b535-f042f77a2340/elements[39m
[35m[HTTP][39m [90m{"using":"-android uiautomator","value":"new UiSelector().className(\"android.widget.TextView\").text(\"10, 10th Cross Rd, Mahadeshwara Nagar, Stage 2, BTM Layout, Bengaluru, Karnataka 560076, India\")"}[39m
[35m[HTTP][39m [37m<-- POST /wd/hub/session/0792a292-52a7-46a4-b535-f042f77a2340/elements [39m[32m200[39m [90m106 ms - 12[39m
[35m[HTTP][39m [90m[39m
[35m[HTTP][39m [37m-->[39m [37mPOST[39m [37m/wd/hub/session/0792a292-52a7-46a4-b535-f042f77a2340/elements[39m
[35m[HTTP][39m [90m{"using":"-android uiautomator","value":"new UiSelector().className(\"android.widget.TextView\").text(\"10, 10th Cross Rd, Mahadeshwara Nagar, Stage 2, BTM Layout, Bengaluru, Karnataka 560076, India\")"}[39m
[35m[HTTP][39m [37m<-- POST /wd/hub/session/0792a292-52a7-46a4-b535-f042f77a2340/elements [39m[32m200[39m [90m2901 ms - 12[39m
[35m[HTTP][39m [90m[39m
[35m[HTTP][39m [37m-->[39m [37mPOST[39m [37m/wd/hub/session/0792a292-52a7-46a4-b535-f042f77a2340/elements[39m
[35m[HTTP][39m [90m{"using":"-android uiautomator","value":"new UiSelector().className(\"android.widget.TextView\").text(\"10, 10th Cross Rd, Mahadeshwara Nagar, Stage 2, BTM Layout, Bengaluru, Karnataka 560076, India\")"}[39m
[35m[HTTP][39m [37m<-- POST /wd/hub/session/0792a292-52a7-46a4-b535-f042f77a2340/elements [39m[32m200[39m [90m592 ms - 12[39m
[35m[HTTP][39m [90m[39m
[35m[HTTP][39m [37m-->[39m [37mPOST[39m [37m/wd/hub/session/0792a292-52a7-46a4-b535-f042f77a2340/elements[39m
[35m[HTTP][39m [90m{"using":"-android uiautomator","value":"new UiSelector().className(\"android.widget.TextView\").text(\"10, 10th Cross Rd, Mahadeshwara Nagar, Stage 2, BTM Layout, Bengaluru, Karnataka 560076, India\")"}[39m
[35m[HTTP][39m [37m<-- POST /wd/hub/session/0792a292-52a7-46a4-b535-f042f77a2340/elements [39m[32m200[39m [90m617 ms - 12[39m
[35m[HTTP][39m [90m[39m
[35m[HTTP][39m [37m-->[39m [37mPOST[39m [37m/wd/hub/session/0792a292-52a7-46a4-b535-f042f77a2340/elements[39m
[35m[HTTP][39m [90m{"using":"-android uiautomator","value":"new UiSelector().className(\"android.widget.TextView\").text(\"10, 10th Cross Rd, Mahadeshwara Nagar, Stage 2, BTM Layout, Bengaluru, Karnataka 560076, India\")"}[39m
[35m[HTTP][39m [37m<-- POST /wd/hub/session/0792a292-52a7-46a4-b535-f042f77a2340/elements [39m[32m200[39m [90m86 ms - 12[39m
[35m[HTTP][39m [90m[39m
[35m[HTTP][39m [37m-->[39m [37mPOST[39m [37m/wd/hub/session/0792a292-52a7-46a4-b535-f042f77a2340/elements[39m
[35m[HTTP][39m [90m{"using":"-android uiautomator","value":"new UiSelector().className(\"android.widget.TextView\").text(\"10, 10th Cross Rd, Mahadeshwara Nagar, Stage 2, BTM Layout, Bengaluru, Karnataka 560076, India\")"}[39m
[35m[HTTP][39m [37m<-- POST /wd/hub/session/0792a292-52a7-46a4-b535-f042f77a2340/elements [39m[32m200[39m [90m110 ms - 12[39m
[35m[HTTP][39m [90m[39m
[35m[HTTP][39m [37m-->[39m [37mPOST[39m [37m/wd/hub/session/0792a292-52a7-46a4-b535-f042f77a2340/elements[39m
[35m[HTTP][39m [90m{"using":"-android uiautomator","value":"new UiSelector().className(\"android.widget.TextView\").text(\"10, 10th Cross Rd, Mahadeshwara Nagar, Stage 2, BTM Layout, Bengaluru, Karnataka 560076, India\")"}[39m
[35m[HTTP][39m [37m<-- POST /wd/hub/session/0792a292-52a7-46a4-b535-f042f77a2340/elements [39m[32m200[39m [90m62 ms - 12[39m
[35m[HTTP][39m [90m[39m
[35m[HTTP][39m [37m-->[39m [37mPOST[39m [37m/wd/hub/session/0792a292-52a7-46a4-b535-f042f77a2340/elements[39m
[35m[HTTP][39m [90m{"using":"-android uiautomator","value":"new UiSelector().className(\"android.widget.TextView\").text(\"10, 10th Cross Rd, Mahadeshwara Nagar, Stage 2, BTM Layout, Bengaluru, Karnataka 560076, India\")"}[39m
[35m[HTTP][39m [37m<-- POST /wd/hub/session/0792a292-52a7-46a4-b535-f042f77a2340/elements [39m[32m200[39m [90m65 ms - 12[39m
[35m[HTTP][39m [90m[39m
[35m[HTTP][39m [37m-->[39m [37mPOST[39m [37m/wd/hub/session/0792a292-52a7-46a4-b535-f042f77a2340/elements[39m
[35m[HTTP][39m [90m{"using":"-android uiautomator","value":"new UiSelector().className(\"android.widget.TextView\").text(\"10, 10th Cross Rd, Mahadeshwara Nagar, Stage 2, BTM Layout, Bengaluru, Karnataka 560076, India\")"}[39m
[35m[HTTP][39m [37m<-- POST /wd/hub/session/0792a292-52a7-46a4-b535-f042f77a2340/elements [39m[32m200[39m [90m3967 ms - 12[39m
[35m[HTTP][39m [90m[39m
[35m[HTTP][39m [37m-->[39m [37mPOST[39m [37m/wd/hub/session/0792a292-52a7-46a4-b535-f042f77a2340/elements[39m
[35m[HTTP][39m [90m{"using":"-android uiautomator","value":"new UiSelector().className(\"android.widget.TextView\").text(\"10, 10th Cross Rd, Mahadeshwara Nagar, Stage 2, BTM Layout, Bengaluru, Karnataka 560076, India\")"}[39m
[35m[HTTP][39m [37m<-- POST /wd/hub/session/0792a292-52a7-46a4-b535-f042f77a2340/elements [39m[32m200[39m [90m1876 ms - 12[39m
[35m[HTTP][39m [90m[39m
[35m[HTTP][39m [37m-->[39m [37mPOST[39m [37m/wd/hub/session/0792a292-52a7-46a4-b535-f042f77a2340/elements[39m
[35m[HTTP][39m [90m{"using":"-android uiautomator","value":"new UiSelector().className(\"android.widget.TextView\").text(\"10, 10th Cross Rd, Mahadeshwara Nagar, Stage 2, BTM Layout, Bengaluru, Karnataka 560076, India\")"}[39m
[35m[HTTP][39m [37m<-- POST /wd/hub/session/0792a292-52a7-46a4-b535-f042f77a2340/elements [39m[32m200[39m [90m4872 ms - 12[39m
[35m[HTTP][39m [90m[39m
[35m[HTTP][39m [37m-->[39m [37mPOST[39m [37m/wd/hub/session/0792a292-52a7-46a4-b535-f042f77a2340/elements[39m
[35m[HTTP][39m [90m{"using":"-android uiautomator","value":"new UiSelector().className(\"android.widget.TextView\").text(\"10, 10th Cross Rd, Mahadeshwara Nagar, Stage 2, BTM Layout, Bengaluru, Karnataka 560076, India\")"}[39m
[35m[HTTP][39m [37m<-- POST /wd/hub/session/0792a292-52a7-46a4-b535-f042f77a2340/elements [39m[32m200[39m [90m2283 ms - 12[39m
[35m[HTTP][39m [90m[39m
[35m[HTTP][39m [37m-->[39m [37mPOST[39m [37m/wd/hub/session/0792a292-52a7-46a4-b535-f042f77a2340/elements[39m
[35m[HTTP][39m [90m{"using":"-android uiautomator","value":"new UiSelector().className(\"android.widget.TextView\").text(\"10, 10th Cross Rd, Mahadeshwara Nagar, Stage 2, BTM Layout, Bengaluru, Karnataka 560076, India\")"}[39m
[35m[HTTP][39m [37m<-- POST /wd/hub/session/0792a292-52a7-46a4-b535-f042f77a2340/elements [39m[32m200[39m [90m2474 ms - 12[39m
[35m[HTTP][39m [90m[39m
[35m[HTTP][39m [37m-->[39m [37mPOST[39m [37m/wd/hub/session/0792a292-52a7-46a4-b535-f042f77a2340/elements[39m
[35m[HTTP][39m [90m{"using":"-android uiautomator","value":"new UiSelector().className(\"android.widget.TextView\").text(\"10, 10th Cross Rd, Mahadeshwara Nagar, Stage 2, BTM Layout, Bengaluru, Karnataka 560076, India\")"}[39m
[35m[HTTP][39m [37m<-- POST /wd/hub/session/0792a292-52a7-46a4-b535-f042f77a2340/elements [39m[32m200[39m [90m1836 ms - 12[39m
[35m[HTTP][39m [90m[39m
[35m[HTTP][39m [37m-->[39m [37mPOST[39m [37m/wd/hub/session/0792a292-52a7-46a4-b535-f042f77a2340/elements[39m
[35m[HTTP][39m [90m{"using":"-android uiautomator","value":"new UiSelector().className(\"android.widget.TextView\").text(\"10, 10th Cross Rd, Mahadeshwara Nagar, Stage 2, BTM Layout, Bengaluru, Karnataka 560076, India\")"}[39m
[35m[HTTP][39m [37m<-- POST /wd/hub/session/0792a292-52a7-46a4-b535-f042f77a2340/elements [39m[32m200[39m [90m2175 ms - 12[39m
[35m[HTTP][39m [90m[39m
[35m[HTTP][39m [37m-->[39m [37mPOST[39m [37m/wd/hub/session/0792a292-52a7-46a4-b535-f042f77a2340/elements[39m
[35m[HTTP][39m [90m{"using":"-android uiautomator","value":"new UiSelector().className(\"android.widget.TextView\").text(\"10, 10th Cross Rd, Mahadeshwara Nagar, Stage 2, BTM Layout, Bengaluru, Karnataka 560076, India\")"}[39m
[35m[HTTP][39m [37m<-- POST /wd/hub/session/0792a292-52a7-46a4-b535-f042f77a2340/elements [39m[32m200[39m [90m2826 ms - 12[39m
[35m[HTTP][39m [90m[39m
[35m[HTTP][39m [37m-->[39m [37mPOST[39m [37m/wd/hub/session/0792a292-52a7-46a4-b535-f042f77a2340/elements[39m
[35m[HTTP][39m [90m{"using":"-android uiautomator","value":"new UiSelector().className(\"android.widget.TextView\").text(\"10, 10th Cross Rd, Mahadeshwara Nagar, Stage 2, BTM Layout, Bengaluru, Karnataka 560076, India\")"}[39m
[35m[HTTP][39m [37m<-- POST /wd/hub/session/0792a292-52a7-46a4-b535-f042f77a2340/elements [39m[32m200[39m [90m2737 ms - 12[39m
[35m[HTTP][39m [90m[39m
[35m[HTTP][39m [37m-->[39m [37mPOST[39m [37m/wd/hub/session/0792a292-52a7-46a4-b535-f042f77a2340/timeouts[39m
[35m[HTTP][39m [90m{"implicit":30000}[39m
[35m[HTTP][39m [37m<-- POST /wd/hub/session/0792a292-52a7-46a4-b535-f042f77a2340/timeouts [39m[32m200[39m [90m3 ms - 14[39m
[35m[HTTP][39m [90m[39m
[35m[HTTP][39m [37m-->[39m [37mGET[39m [37m/wd/hub/session/0792a292-52a7-46a4-b535-f042f77a2340/context[39m
[35m[HTTP][39m [90m{}[39m
[35m[HTTP][39m [37m<-- GET /wd/hub/session/0792a292-52a7-46a4-b535-f042f77a2340/context [39m[32m200[39m [90m2 ms - 22[39m
[35m[HTTP][39m [90m[39m
[35m[HTTP][39m [37m-->[39m [37mGET[39m [37m/wd/hub/session/0792a292-52a7-46a4-b535-f042f77a2340/contexts[39m
[35m[HTTP][39m [90m{}[39m
[35m[HTTP][39m [37m<-- GET /wd/hub/session/0792a292-52a7-46a4-b535-f042f77a2340/contexts [39m[32m200[39m [90m49 ms - 24[39m
[35m[HTTP][39m [90m[39m
[35m[HTTP][39m [37m-->[39m [37mPOST[39m [37m/wd/hub/session/0792a292-52a7-46a4-b535-f042f77a2340/context[39m
[35m[HTTP][39m [90m{"name":"NATIVE_APP"}[39m
[35m[HTTP][39m [37m<-- POST /wd/hub/session/0792a292-52a7-46a4-b535-f042f77a2340/context [39m[32m200[39m [90m4 ms - 14[39m
[35m[HTTP][39m [90m[39m
[35m[HTTP][39m [37m-->[39m [37mGET[39m [37m/wd/hub/session/0792a292-52a7-46a4-b535-f042f77a2340/screenshot[39m
[35m[HTTP][39m [90m{}[39m
[35m[HTTP][39m [37m<-- GET /wd/hub/session/0792a292-52a7-46a4-b535-f042f77a2340/screenshot [39m[32m200[39m [90m1130 ms - 1049438[39m
[35m[HTTP][39m [90m[39m
[35m[HTTP][39m [37m-->[39m [37mPOST[39m [37m/wd/hub/session/0792a292-52a7-46a4-b535-f042f77a2340/context[39m
[35m[HTTP][39m [90m{"name":"NATIVE_APP"}[39m
[35m[HTTP][39m [37m<-- POST /wd/hub/session/0792a292-52a7-46a4-b535-f042f77a2340/context [39m[32m200[39m [90m3 ms - 14[39m
[35m[HTTP][39m [90m[39m
[35m[HTTP][39m [37m-->[39m [37mGET[39m [37m/wd/hub/session/0792a292-52a7-46a4-b535-f042f77a2340/context[39m
[35m[HTTP][39m [90m{}[39m
[35m[HTTP][39m [37m<-- GET /wd/hub/session/0792a292-52a7-46a4-b535-f042f77a2340/context [39m[32m200[39m [90m4 ms - 22[39m
[35m[HTTP][39m [90m[39m
[35m[HTTP][39m [37m-->[39m [37mGET[39m [37m/wd/hub/session/0792a292-52a7-46a4-b535-f042f77a2340/contexts[39m
[35m[HTTP][39m [90m{}[39m
[35m[HTTP][39m [37m<-- GET /wd/hub/session/0792a292-52a7-46a4-b535-f042f77a2340/contexts [39m[32m200[39m [90m46 ms - 24[39m
[35m[HTTP][39m [90m[39m
[35m[HTTP][39m [37m-->[39m [37mPOST[39m [37m/wd/hub/session/0792a292-52a7-46a4-b535-f042f77a2340/context[39m
[35m[HTTP][39m [90m{"name":"NATIVE_APP"}[39m
[35m[HTTP][39m [37m<-- POST /wd/hub/session/0792a292-52a7-46a4-b535-f042f77a2340/context [39m[32m200[39m [90m3 ms - 14[39m
[35m[HTTP][39m [90m[39m
[35m[HTTP][39m [37m-->[39m [37mGET[39m [37m/wd/hub/session/0792a292-52a7-46a4-b535-f042f77a2340/screenshot[39m
[35m[HTTP][39m [90m{}[39m
[35m[HTTP][39m [37m<-- GET /wd/hub/session/0792a292-52a7-46a4-b535-f042f77a2340/screenshot [39m[32m200[39m [90m820 ms - 1049438[39m
[35m[HTTP][39m [90m[39m
[35m[HTTP][39m [37m-->[39m [37mPOST[39m [37m/wd/hub/session/0792a292-52a7-46a4-b535-f042f77a2340/context[39m
[35m[HTTP][39m [90m{"name":"NATIVE_APP"}[39m
[35m[HTTP][39m [37m<-- POST /wd/hub/session/0792a292-52a7-46a4-b535-f042f77a2340/context [39m[32m200[39m [90m5 ms - 14[39m
[35m[HTTP][39m [90m[39m
[35m[HTTP][39m [37m-->[39m [37mDELETE[39m [37m/wd/hub/session/0792a292-52a7-46a4-b535-f042f77a2340[39m
[35m[HTTP][39m [90m{}[39m
[35m[Appium][39m Removing session 0792a292-52a7-46a4-b535-f042f77a2340 from our master session list
[35m[ADB][39m io.nativebase.market.geekyants.taxiapprider was successfully uninstalled
[35m[UiAutomator2][39m Restoring hidden api policy to the device default configuration
[35m[HTTP][39m [37m<-- DELETE /wd/hub/session/0792a292-52a7-46a4-b535-f042f77a2340 [39m[32m200[39m [90m1977 ms - 14[39m
[35m[HTTP][39m [90m[39m
