[35m[Appium][39m Welcome to Appium v1.14.0
[35m[Appium][39m Non-default server args:
[35m[Appium][39m   port: 50206
[35m[Appium][39m   loglevel: info
[35m[Appium][39m   chromeDriverPort: 50209
[35m[Appium][39m   tmpDir: /var/folders/38/x4crs4qx0hn0r3_szny2t9sw0000gn/T//Katalon/Appium/Temp1565894579173
[35m[Appium][39m Appium REST http interface listener started on 0.0.0.0:50206
[35m[HTTP][39m [37m-->[39m [37mGET[39m [37m/wd/hub/status[39m
[35m[HTTP][39m [90m{}[39m
[35m[HTTP][39m [37m<-- GET /wd/hub/status [39m[32m200[39m [90m6 ms - 68[39m
[35m[HTTP][39m [90m[39m
[35m[HTTP][39m [37m-->[39m [37mPOST[39m [37m/wd/hub/session[39m
[35m[HTTP][39m [90m{"desiredCapabilities":{"app":"/Users/sumittulsyan/Downloads/app-release.apk","noReset":false,"deviceName":"emulator-5556 (Android SDK built for x86 - Android 7.0)","fullReset":true,"platform":"ANDROID","newCommandTimeout":1800,"platformVersion":"7.0","automationName":"uiautomator2","autoGrantPermissions":true,"platformName":"Android","udid":"emulator-5556","systemPort":50205},"capabilities":{"firstMatch":[{"appium:app":"/Users/sumittulsyan/Downloads/app-release.apk","appium:autoGrantPermissions":true,"appium:automationName":"uiautomator2","appium:deviceName":"emulator-5556 (Android SDK built for x86 - Android 7.0)","appium:fullReset":true,"appium:newCommandTimeout":1800,"appium:noReset":false,"platform":"ANDROID","platformName":"android","appium:platformVersion":"7.0","appium:systemPort":50205,"appium:udid":"emulator-5556"}]}}[39m
[35m[BaseDriver][39m The capabilities ["platform"] are not standard capabilities and should have an extension prefix
[35m[Appium][39m Appium v1.14.0 creating new AndroidUiautomator2Driver (v1.33.1) session
[35m[Appium][39m Capabilities:
[35m[Appium][39m   platform: ANDROID
[35m[Appium][39m   platformName: android
[35m[Appium][39m   app: /Users/sumittulsyan/Downloads/app-release.apk
[35m[Appium][39m   autoGrantPermissions: true
[35m[Appium][39m   automationName: uiautomator2
[35m[Appium][39m   deviceName: emulator-5556 (Android SDK built for x86 - Android 7.0)
[35m[Appium][39m   fullReset: true
[35m[Appium][39m   newCommandTimeout: 1800
[35m[Appium][39m   noReset: false
[35m[Appium][39m   platformVersion: 7.0
[35m[Appium][39m   systemPort: 50205
[35m[Appium][39m   udid: emulator-5556
[35m[BaseDriver][39m The following capabilities were provided, but are not recognized by Appium:
[35m[BaseDriver][39m   platform
[35m[BaseDriver][39m Session created with session id: 5eea1374-e4dd-43b3-8c8e-7c72cefb1c8f
[35m[BaseDriver][39m Using local app '/Users/sumittulsyan/Downloads/app-release.apk'
[35m[ADB][39m Found 1 'build-tools' folders under '/Users/sumittulsyan/.katalon/tools/android_sdk' (newest first):
[35m[ADB][39m     /Users/sumittulsyan/.katalon/tools/android_sdk/build-tools/29.0.1
[35m[ADB][39m Using 'adb' from '/Users/sumittulsyan/.katalon/tools/android_sdk/platform-tools/adb'
[35m[AndroidDriver][39m Retrieving device list
[35m[AndroidDriver][39m Using device: emulator-5556
[35m[ADB][39m Using 'adb' from '/Users/sumittulsyan/.katalon/tools/android_sdk/platform-tools/adb'
[35m[ADB][39m Using 'apkanalyzer' from '/Users/sumittulsyan/.katalon/tools/android_sdk/tools/bin/apkanalyzer'
[35m[ADB][39m Package name: 'io.nativebase.market.geekyants.taxiappdriver'
[35m[ADB][39m Main activity name: 'io.nativebase.market.geekyants.taxiappdriver.MainActivity'
[35m[ADB][39m Using 'aapt' from '/Users/sumittulsyan/.katalon/tools/android_sdk/build-tools/29.0.1/aapt'
[35m[ADB][39m Using 'apksigner' from '/Users/sumittulsyan/.katalon/tools/android_sdk/build-tools/29.0.1/apksigner'
[35m[UiAutomator2][39m Server packages are not going to be (re)installed
[35m[ADB][39m io.nativebase.market.geekyants.taxiappdriver was not uninstalled, because it was not present on the device
[35m[ADB][39m The application at '/Users/sumittulsyan/Downloads/app-release.apk' is already cached to '/data/local/tmp/appium_cache/0a4c298d81fa9fed8129162356ad8641ab361e22.apk'
[35m[ADB][39m The installation of 'app-release.apk' took 12.338s
[35m[UiAutomator2][39m Starting UIAutomator2 server 3.7.0
[35m[UiAutomator2][39m Using UIAutomator2 server from '/Users/sumittulsyan/Downloads/appium-mobile-test/node_modules/appium-uiautomator2-server/apks/appium-uiautomator2-server-v3.7.0.apk' and test from '/Users/sumittulsyan/Downloads/appium-mobile-test/node_modules/appium-uiautomator2-server/apks/appium-uiautomator2-server-debug-androidTest.apk'
[35m[UiAutomator2][39m Waiting up to 30000ms for UiAutomator2 to be online...
[35m[WD Proxy][39m Got an unexpected response: {"code":"ECONNRESET"}
[35m[WD Proxy][39m Got an unexpected response: {"code":"ECONNRESET"}
[35m[AndroidDriver][39m Screen already unlocked, doing nothing
[35m[UiAutomator2][39m UiAutomator2 did not start the activity we were waiting for, 'io.nativebase.market.geekyants.taxiappdriver/io.nativebase.market.geekyants.taxiappdriver.MainActivity'. Starting it ourselves
[35m[Appium][39m New AndroidUiautomator2Driver session created successfully, session 5eea1374-e4dd-43b3-8c8e-7c72cefb1c8f added to master session list
[35m[HTTP][39m [37m<-- POST /wd/hub/session [39m[32m200[39m [90m26536 ms - 1272[39m
[35m[HTTP][39m [90m[39m
[35m[HTTP][39m [37m-->[39m [37mGET[39m [37m/wd/hub/session/5eea1374-e4dd-43b3-8c8e-7c72cefb1c8f[39m
[35m[HTTP][39m [90m{}[39m
[35m[HTTP][39m [37m<-- GET /wd/hub/session/5eea1374-e4dd-43b3-8c8e-7c72cefb1c8f [39m[32m200[39m [90m113 ms - 1204[39m
[35m[HTTP][39m [90m[39m
[35m[HTTP][39m [37m-->[39m [37mGET[39m [37m/wd/hub/session/5eea1374-e4dd-43b3-8c8e-7c72cefb1c8f[39m
[35m[HTTP][39m [90m{}[39m
[35m[HTTP][39m [37m<-- GET /wd/hub/session/5eea1374-e4dd-43b3-8c8e-7c72cefb1c8f [39m[32m200[39m [90m13 ms - 1204[39m
[35m[HTTP][39m [90m[39m
[35m[HTTP][39m [37m-->[39m [37mGET[39m [37m/wd/hub/status[39m
[35m[HTTP][39m [90m{}[39m
[35m[HTTP][39m [37m<-- GET /wd/hub/status [39m[32m200[39m [90m1 ms - 68[39m
[35m[HTTP][39m [90m[39m
[35m[HTTP][39m [37m-->[39m [37mPOST[39m [37m/wd/hub/session/5eea1374-e4dd-43b3-8c8e-7c72cefb1c8f/timeouts[39m
[35m[HTTP][39m [90m{"implicit":30000}[39m
[35m[HTTP][39m [37m<-- POST /wd/hub/session/5eea1374-e4dd-43b3-8c8e-7c72cefb1c8f/timeouts [39m[32m200[39m [90m3 ms - 14[39m
[35m[HTTP][39m [90m[39m
[35m[HTTP][39m [37m-->[39m [37mPOST[39m [37m/wd/hub/session/5eea1374-e4dd-43b3-8c8e-7c72cefb1c8f/timeouts[39m
[35m[HTTP][39m [90m{"implicit":50}[39m
[35m[HTTP][39m [37m<-- POST /wd/hub/session/5eea1374-e4dd-43b3-8c8e-7c72cefb1c8f/timeouts [39m[32m200[39m [90m3 ms - 14[39m
[35m[HTTP][39m [90m[39m
[35m[HTTP][39m [37m-->[39m [37mGET[39m [37m/wd/hub/session/5eea1374-e4dd-43b3-8c8e-7c72cefb1c8f/window/rect[39m
[35m[HTTP][39m [90m{}[39m
[35m[HTTP][39m [37m<-- GET /wd/hub/session/5eea1374-e4dd-43b3-8c8e-7c72cefb1c8f/window/rect [39m[32m200[39m [90m31 ms - 50[39m
[35m[HTTP][39m [90m[39m
[35m[HTTP][39m [37m-->[39m [37mPOST[39m [37m/wd/hub/session/5eea1374-e4dd-43b3-8c8e-7c72cefb1c8f/elements[39m
[35m[HTTP][39m [90m{"using":"-android uiautomator","value":"new UiSelector().className(\"android.widget.TextView\").text(\"Sign In\")"}[39m
[35m[HTTP][39m [37m<-- POST /wd/hub/session/5eea1374-e4dd-43b3-8c8e-7c72cefb1c8f/elements [39m[32m200[39m [90m582 ms - 12[39m
[35m[HTTP][39m [90m[39m
[35m[HTTP][39m [37m-->[39m [37mPOST[39m [37m/wd/hub/session/5eea1374-e4dd-43b3-8c8e-7c72cefb1c8f/elements[39m
[35m[HTTP][39m [90m{"using":"-android uiautomator","value":"new UiSelector().className(\"android.widget.TextView\").text(\"Sign In\")"}[39m
[35m[HTTP][39m [37m<-- POST /wd/hub/session/5eea1374-e4dd-43b3-8c8e-7c72cefb1c8f/elements [39m[32m200[39m [90m543 ms - 12[39m
[35m[HTTP][39m [90m[39m
[35m[HTTP][39m [37m-->[39m [37mPOST[39m [37m/wd/hub/session/5eea1374-e4dd-43b3-8c8e-7c72cefb1c8f/elements[39m
[35m[HTTP][39m [90m{"using":"-android uiautomator","value":"new UiSelector().className(\"android.widget.TextView\").text(\"Sign In\")"}[39m
[35m[HTTP][39m [37m<-- POST /wd/hub/session/5eea1374-e4dd-43b3-8c8e-7c72cefb1c8f/elements [39m[32m200[39m [90m1398 ms - 139[39m
[35m[HTTP][39m [90m[39m
[35m[HTTP][39m [37m-->[39m [37mGET[39m [37m/wd/hub/session/5eea1374-e4dd-43b3-8c8e-7c72cefb1c8f/element/10f63d76-937c-4b3d-8500-29b8145aacac/location[39m
[35m[HTTP][39m [90m{}[39m
[35m[W3C (5eea1374)][39m Driver proxy active, passing request on via HTTP proxy
[35m[WD Proxy][39m Replacing sessionId a5dd3af6-2d7d-4a41-84c3-9fdcfc11030a with 5eea1374-e4dd-43b3-8c8e-7c72cefb1c8f
[35m[HTTP][39m [37m<-- GET /wd/hub/session/5eea1374-e4dd-43b3-8c8e-7c72cefb1c8f/element/10f63d76-937c-4b3d-8500-29b8145aacac/location [39m[32m200[39m [90m30 ms - 90[39m
[35m[HTTP][39m [90m[39m
[35m[HTTP][39m [37m-->[39m [37mPOST[39m [37m/wd/hub/session/5eea1374-e4dd-43b3-8c8e-7c72cefb1c8f/timeouts[39m
[35m[HTTP][39m [90m{"implicit":30000}[39m
[35m[HTTP][39m [37m<-- POST /wd/hub/session/5eea1374-e4dd-43b3-8c8e-7c72cefb1c8f/timeouts [39m[32m200[39m [90m2 ms - 14[39m
[35m[HTTP][39m [90m[39m
[35m[HTTP][39m [37m-->[39m [37mPOST[39m [37m/wd/hub/session/5eea1374-e4dd-43b3-8c8e-7c72cefb1c8f/touch/perform[39m
[35m[HTTP][39m [90m{"actions":[{"action":"tap","options":{"x":1,"y":1,"element":"10f63d76-937c-4b3d-8500-29b8145aacac"}},{"action":"release","options":{}}]}[39m
[35m[UiAutomator2][39m calling get location: 10f63d76-937c-4b3d-8500-29b8145aacac
[35m[HTTP][39m [37m<-- POST /wd/hub/session/5eea1374-e4dd-43b3-8c8e-7c72cefb1c8f/touch/perform [39m[32m200[39m [90m1151 ms - 14[39m
[35m[HTTP][39m [90m[39m
[35m[HTTP][39m [37m-->[39m [37mPOST[39m [37m/wd/hub/session/5eea1374-e4dd-43b3-8c8e-7c72cefb1c8f/timeouts[39m
[35m[HTTP][39m [90m{"implicit":50}[39m
[35m[HTTP][39m [37m<-- POST /wd/hub/session/5eea1374-e4dd-43b3-8c8e-7c72cefb1c8f/timeouts [39m[32m200[39m [90m3 ms - 14[39m
[35m[HTTP][39m [90m[39m
[35m[HTTP][39m [37m-->[39m [37mGET[39m [37m/wd/hub/session/5eea1374-e4dd-43b3-8c8e-7c72cefb1c8f/window/rect[39m
[35m[HTTP][39m [90m{}[39m
[35m[HTTP][39m [37m<-- GET /wd/hub/session/5eea1374-e4dd-43b3-8c8e-7c72cefb1c8f/window/rect [39m[32m200[39m [90m15 ms - 50[39m
[35m[HTTP][39m [90m[39m
[35m[HTTP][39m [37m-->[39m [37mPOST[39m [37m/wd/hub/session/5eea1374-e4dd-43b3-8c8e-7c72cefb1c8f/elements[39m
[35m[HTTP][39m [90m{"using":"-android uiautomator","value":"new UiSelector().className(\"android.widget.EditText\").text(\"Email\")"}[39m
[35m[HTTP][39m [37m<-- POST /wd/hub/session/5eea1374-e4dd-43b3-8c8e-7c72cefb1c8f/elements [39m[32m200[39m [90m96 ms - 139[39m
[35m[HTTP][39m [90m[39m
[35m[HTTP][39m [37m-->[39m [37mGET[39m [37m/wd/hub/session/5eea1374-e4dd-43b3-8c8e-7c72cefb1c8f/element/6485f826-81ac-45a0-b176-55dfc66e1bdb/location[39m
[35m[HTTP][39m [90m{}[39m
[35m[W3C (5eea1374)][39m Driver proxy active, passing request on via HTTP proxy
[35m[WD Proxy][39m Replacing sessionId a5dd3af6-2d7d-4a41-84c3-9fdcfc11030a with 5eea1374-e4dd-43b3-8c8e-7c72cefb1c8f
[35m[HTTP][39m [37m<-- GET /wd/hub/session/5eea1374-e4dd-43b3-8c8e-7c72cefb1c8f/element/6485f826-81ac-45a0-b176-55dfc66e1bdb/location [39m[32m200[39m [90m34 ms - 89[39m
[35m[HTTP][39m [90m[39m
[35m[HTTP][39m [37m-->[39m [37mPOST[39m [37m/wd/hub/session/5eea1374-e4dd-43b3-8c8e-7c72cefb1c8f/timeouts[39m
[35m[HTTP][39m [90m{"implicit":30000}[39m
[35m[HTTP][39m [37m<-- POST /wd/hub/session/5eea1374-e4dd-43b3-8c8e-7c72cefb1c8f/timeouts [39m[32m200[39m [90m3 ms - 14[39m
[35m[HTTP][39m [90m[39m
[35m[HTTP][39m [37m-->[39m [37mPOST[39m [37m/wd/hub/session/5eea1374-e4dd-43b3-8c8e-7c72cefb1c8f/element/6485f826-81ac-45a0-b176-55dfc66e1bdb/clear[39m
[35m[HTTP][39m [90m{"id":"6485f826-81ac-45a0-b176-55dfc66e1bdb"}[39m
[35m[HTTP][39m [37m<-- POST /wd/hub/session/5eea1374-e4dd-43b3-8c8e-7c72cefb1c8f/element/6485f826-81ac-45a0-b176-55dfc66e1bdb/clear [39m[32m200[39m [90m48 ms - 27[39m
[35m[HTTP][39m [90m[39m
[35m[HTTP][39m [37m-->[39m [37mPOST[39m [37m/wd/hub/session/5eea1374-e4dd-43b3-8c8e-7c72cefb1c8f/element/6485f826-81ac-45a0-b176-55dfc66e1bdb/value[39m
[35m[HTTP][39m [90m{"id":"6485f826-81ac-45a0-b176-55dfc66e1bdb","text":"taxidriver@gmail.com","value":["t","a","x","i","d","r","i","v","e","r","@","g","m","a","i","l",".","c","o","m"]}[39m
[35m[HTTP][39m [37m<-- POST /wd/hub/session/5eea1374-e4dd-43b3-8c8e-7c72cefb1c8f/element/6485f826-81ac-45a0-b176-55dfc66e1bdb/value [39m[32m200[39m [90m1053 ms - 12[39m
[35m[HTTP][39m [90m[39m
[35m[HTTP][39m [37m-->[39m [37mPOST[39m [37m/wd/hub/session/5eea1374-e4dd-43b3-8c8e-7c72cefb1c8f/timeouts[39m
[35m[HTTP][39m [90m{"implicit":50}[39m
[35m[HTTP][39m [37m<-- POST /wd/hub/session/5eea1374-e4dd-43b3-8c8e-7c72cefb1c8f/timeouts [39m[32m200[39m [90m3 ms - 14[39m
[35m[HTTP][39m [90m[39m
[35m[HTTP][39m [37m-->[39m [37mGET[39m [37m/wd/hub/session/5eea1374-e4dd-43b3-8c8e-7c72cefb1c8f/window/rect[39m
[35m[HTTP][39m [90m{}[39m
[35m[HTTP][39m [37m<-- GET /wd/hub/session/5eea1374-e4dd-43b3-8c8e-7c72cefb1c8f/window/rect [39m[32m200[39m [90m15 ms - 50[39m
[35m[HTTP][39m [90m[39m
[35m[HTTP][39m [37m-->[39m [37mPOST[39m [37m/wd/hub/session/5eea1374-e4dd-43b3-8c8e-7c72cefb1c8f/elements[39m
[35m[HTTP][39m [90m{"using":"-android uiautomator","value":"new UiSelector().className(\"android.widget.EditText\").text(\"Password\")"}[39m
[35m[HTTP][39m [37m<-- POST /wd/hub/session/5eea1374-e4dd-43b3-8c8e-7c72cefb1c8f/elements [39m[32m200[39m [90m422 ms - 139[39m
[35m[HTTP][39m [90m[39m
[35m[HTTP][39m [37m-->[39m [37mGET[39m [37m/wd/hub/session/5eea1374-e4dd-43b3-8c8e-7c72cefb1c8f/element/4f5fe4ce-7d24-408e-924c-35c2d187a65e/location[39m
[35m[HTTP][39m [90m{}[39m
[35m[W3C (5eea1374)][39m Driver proxy active, passing request on via HTTP proxy
[35m[WD Proxy][39m Replacing sessionId a5dd3af6-2d7d-4a41-84c3-9fdcfc11030a with 5eea1374-e4dd-43b3-8c8e-7c72cefb1c8f
[35m[HTTP][39m [37m<-- GET /wd/hub/session/5eea1374-e4dd-43b3-8c8e-7c72cefb1c8f/element/4f5fe4ce-7d24-408e-924c-35c2d187a65e/location [39m[32m200[39m [90m38 ms - 90[39m
[35m[HTTP][39m [90m[39m
[35m[HTTP][39m [37m-->[39m [37mPOST[39m [37m/wd/hub/session/5eea1374-e4dd-43b3-8c8e-7c72cefb1c8f/timeouts[39m
[35m[HTTP][39m [90m{"implicit":30000}[39m
[35m[HTTP][39m [37m<-- POST /wd/hub/session/5eea1374-e4dd-43b3-8c8e-7c72cefb1c8f/timeouts [39m[32m200[39m [90m2 ms - 14[39m
[35m[HTTP][39m [90m[39m
[35m[HTTP][39m [37m-->[39m [37mPOST[39m [37m/wd/hub/session/5eea1374-e4dd-43b3-8c8e-7c72cefb1c8f/element/4f5fe4ce-7d24-408e-924c-35c2d187a65e/clear[39m
[35m[HTTP][39m [90m{"id":"4f5fe4ce-7d24-408e-924c-35c2d187a65e"}[39m
[35m[HTTP][39m [37m<-- POST /wd/hub/session/5eea1374-e4dd-43b3-8c8e-7c72cefb1c8f/element/4f5fe4ce-7d24-408e-924c-35c2d187a65e/clear [39m[32m200[39m [90m37 ms - 27[39m
[35m[HTTP][39m [90m[39m
[35m[HTTP][39m [37m-->[39m [37mPOST[39m [37m/wd/hub/session/5eea1374-e4dd-43b3-8c8e-7c72cefb1c8f/element/4f5fe4ce-7d24-408e-924c-35c2d187a65e/value[39m
[35m[HTTP][39m [90m{"id":"4f5fe4ce-7d24-408e-924c-35c2d187a65e","text":"123456","value":["1","2","3","4","5","6"]}[39m
[35m[HTTP][39m [37m<-- POST /wd/hub/session/5eea1374-e4dd-43b3-8c8e-7c72cefb1c8f/element/4f5fe4ce-7d24-408e-924c-35c2d187a65e/value [39m[32m200[39m [90m1049 ms - 12[39m
[35m[HTTP][39m [90m[39m
[35m[HTTP][39m [37m-->[39m [37mPOST[39m [37m/wd/hub/session/5eea1374-e4dd-43b3-8c8e-7c72cefb1c8f/timeouts[39m
[35m[HTTP][39m [90m{"implicit":50}[39m
[35m[HTTP][39m [37m<-- POST /wd/hub/session/5eea1374-e4dd-43b3-8c8e-7c72cefb1c8f/timeouts [39m[32m200[39m [90m2 ms - 14[39m
[35m[HTTP][39m [90m[39m
[35m[HTTP][39m [37m-->[39m [37mGET[39m [37m/wd/hub/session/5eea1374-e4dd-43b3-8c8e-7c72cefb1c8f/window/rect[39m
[35m[HTTP][39m [90m{}[39m
[35m[HTTP][39m [37m<-- GET /wd/hub/session/5eea1374-e4dd-43b3-8c8e-7c72cefb1c8f/window/rect [39m[32m200[39m [90m13 ms - 50[39m
[35m[HTTP][39m [90m[39m
[35m[HTTP][39m [37m-->[39m [37mPOST[39m [37m/wd/hub/session/5eea1374-e4dd-43b3-8c8e-7c72cefb1c8f/elements[39m
[35m[HTTP][39m [90m{"using":"xpath","value":"//hierarchy/android.widget.FrameLayout[1]/android.widget.LinearLayout[1]/android.widget.FrameLayout[1]/android.widget.LinearLayout[1]/android.widget.FrameLayout[1]/android.widget.FrameLayout[1]/android.view.ViewGroup[1]/android.view.ViewGroup[1]/android.view.ViewGroup[1]/android.view.ViewGroup[1]/android.support.v4.widget.DrawerLayout[1]/android.view.ViewGroup[1]/android.view.ViewGroup[1]/android.view.ViewGroup[1]/android.view.ViewGroup[1]/android.view.ViewGroup[1]/android.view.ViewGroup[1]/android.widget.ScrollView[1]/android.view.ViewGroup[1]/android.view.ViewGroup[7]/android.widget.TextView[1]"}[39m
[35m[HTTP][39m [37m<-- POST /wd/hub/session/5eea1374-e4dd-43b3-8c8e-7c72cefb1c8f/elements [39m[32m200[39m [90m514 ms - 139[39m
[35m[HTTP][39m [90m[39m
[35m[HTTP][39m [37m-->[39m [37mGET[39m [37m/wd/hub/session/5eea1374-e4dd-43b3-8c8e-7c72cefb1c8f/element/1d2440cd-636d-4d65-8685-67c42f8ecf39/location[39m
[35m[HTTP][39m [90m{}[39m
[35m[W3C (5eea1374)][39m Driver proxy active, passing request on via HTTP proxy
[35m[WD Proxy][39m Replacing sessionId a5dd3af6-2d7d-4a41-84c3-9fdcfc11030a with 5eea1374-e4dd-43b3-8c8e-7c72cefb1c8f
[35m[HTTP][39m [37m<-- GET /wd/hub/session/5eea1374-e4dd-43b3-8c8e-7c72cefb1c8f/element/1d2440cd-636d-4d65-8685-67c42f8ecf39/location [39m[32m200[39m [90m15 ms - 90[39m
[35m[HTTP][39m [90m[39m
[35m[HTTP][39m [37m-->[39m [37mPOST[39m [37m/wd/hub/session/5eea1374-e4dd-43b3-8c8e-7c72cefb1c8f/timeouts[39m
[35m[HTTP][39m [90m{"implicit":30000}[39m
[35m[HTTP][39m [37m<-- POST /wd/hub/session/5eea1374-e4dd-43b3-8c8e-7c72cefb1c8f/timeouts [39m[32m200[39m [90m5 ms - 14[39m
[35m[HTTP][39m [90m[39m
[35m[HTTP][39m [37m-->[39m [37mPOST[39m [37m/wd/hub/session/5eea1374-e4dd-43b3-8c8e-7c72cefb1c8f/touch/perform[39m
[35m[HTTP][39m [90m{"actions":[{"action":"tap","options":{"x":1,"y":1,"element":"1d2440cd-636d-4d65-8685-67c42f8ecf39"}},{"action":"release","options":{}}]}[39m
[35m[UiAutomator2][39m calling get location: 1d2440cd-636d-4d65-8685-67c42f8ecf39
[35m[HTTP][39m [37m<-- POST /wd/hub/session/5eea1374-e4dd-43b3-8c8e-7c72cefb1c8f/touch/perform [39m[32m200[39m [90m40 ms - 14[39m
[35m[HTTP][39m [90m[39m
[35m[HTTP][39m [37m-->[39m [37mDELETE[39m [37m/wd/hub/session/5eea1374-e4dd-43b3-8c8e-7c72cefb1c8f[39m
[35m[HTTP][39m [90m{}[39m
[35m[Appium][39m Removing session 5eea1374-e4dd-43b3-8c8e-7c72cefb1c8f from our master session list
[35m[ADB][39m io.nativebase.market.geekyants.taxiappdriver was successfully uninstalled
[35m[HTTP][39m [37m<-- DELETE /wd/hub/session/5eea1374-e4dd-43b3-8c8e-7c72cefb1c8f [39m[32m200[39m [90m1154 ms - 14[39m
[35m[HTTP][39m [90m[39m
