[35m[Appium][39m Welcome to Appium v1.14.0
[35m[Appium][39m Non-default server args:
[35m[Appium][39m   port: 62378
[35m[Appium][39m   loglevel: info
[35m[Appium][39m   chromeDriverPort: 62384
[35m[Appium][39m   tmpDir: /var/folders/38/x4crs4qx0hn0r3_szny2t9sw0000gn/T//Katalon/Appium/Temp1566205769926
[35m[Appium][39m Appium REST http interface listener started on 0.0.0.0:62378
[35m[HTTP][39m [37m-->[39m [37mGET[39m [37m/wd/hub/status[39m
[35m[HTTP][39m [90m{}[39m
[35m[HTTP][39m [37m<-- GET /wd/hub/status [39m[32m200[39m [90m8 ms - 68[39m
[35m[HTTP][39m [90m[39m
[35m[HTTP][39m [37m-->[39m [37mPOST[39m [37m/wd/hub/session[39m
[35m[HTTP][39m [90m{"desiredCapabilities":{"app":"/Users/sumittulsyan/Downloads/app-release.apk","noReset":false,"deviceName":"Google Pixel (Android 9)","fullReset":true,"platform":"ANDROID","newCommandTimeout":1800,"platformVersion":"9","automationName":"uiautomator2","autoGrantPermissions":true,"platformName":"Android","udid":"FA6AW0302799","systemPort":62377},"capabilities":{"firstMatch":[{"appium:app":"/Users/sumittulsyan/Downloads/app-release.apk","appium:autoGrantPermissions":true,"appium:automationName":"uiautomator2","appium:deviceName":"Google Pixel (Android 9)","appium:fullReset":true,"appium:newCommandTimeout":1800,"appium:noReset":false,"platform":"ANDROID","platformName":"android","appium:platformVersion":"9","appium:systemPort":62377,"appium:udid":"FA6AW0302799"}]}}[39m
[35m[BaseDriver][39m The capabilities ["platform"] are not standard capabilities and should have an extension prefix
[35m[Appium][39m Appium v1.14.0 creating new AndroidUiautomator2Driver (v1.33.1) session
[35m[Appium][39m Capabilities:
[35m[Appium][39m   platform: ANDROID
[35m[Appium][39m   platformName: android
[35m[Appium][39m   app: /Users/sumittulsyan/Downloads/app-release.apk
[35m[Appium][39m   autoGrantPermissions: true
[35m[Appium][39m   automationName: uiautomator2
[35m[Appium][39m   deviceName: Google Pixel (Android 9)
[35m[Appium][39m   fullReset: true
[35m[Appium][39m   newCommandTimeout: 1800
[35m[Appium][39m   noReset: false
[35m[Appium][39m   platformVersion: 9
[35m[Appium][39m   systemPort: 62377
[35m[Appium][39m   udid: FA6AW0302799
[35m[BaseDriver][39m The following capabilities were provided, but are not recognized by Appium:
[35m[BaseDriver][39m   platform
[35m[BaseDriver][39m Session created with session id: a7dba97b-63c4-4c91-b139-2ef89bff5485
[35m[BaseDriver][39m Using local app '/Users/sumittulsyan/Downloads/app-release.apk'
[35m[ADB][39m Found 1 'build-tools' folders under '/Users/sumittulsyan/.katalon/tools/android_sdk' (newest first):
[35m[ADB][39m     /Users/sumittulsyan/.katalon/tools/android_sdk/build-tools/29.0.1
[35m[ADB][39m Using 'adb' from '/Users/sumittulsyan/.katalon/tools/android_sdk/platform-tools/adb'
[35m[AndroidDriver][39m Retrieving device list
[35m[AndroidDriver][39m Using device: FA6AW0302799
[35m[ADB][39m Using 'adb' from '/Users/sumittulsyan/.katalon/tools/android_sdk/platform-tools/adb'
[35m[UiAutomator2][39m Relaxing hidden api policy
[35m[ADB][39m Using 'apkanalyzer' from '/Users/sumittulsyan/.katalon/tools/android_sdk/tools/bin/apkanalyzer'
[35m[ADB][39m Package name: 'io.nativebase.market.geekyants.taxiappdriver'
[35m[ADB][39m Main activity name: 'io.nativebase.market.geekyants.taxiappdriver.MainActivity'
[35m[ADB][39m Using 'aapt' from '/Users/sumittulsyan/.katalon/tools/android_sdk/build-tools/29.0.1/aapt'
[35m[ADB][39m Using 'apksigner' from '/Users/sumittulsyan/.katalon/tools/android_sdk/build-tools/29.0.1/apksigner'
[35m[UiAutomator2][39m Server packages are not going to be (re)installed
[35m[ADB][39m io.nativebase.market.geekyants.taxiappdriver was successfully uninstalled
[35m[ADB][39m The application at '/Users/sumittulsyan/Downloads/app-release.apk' is already cached to '/data/local/tmp/appium_cache/0a4c298d81fa9fed8129162356ad8641ab361e22.apk'
[35m[ADB][39m The installation of 'app-release.apk' took 4.759s
[35m[UiAutomator2][39m Starting UIAutomator2 server 3.7.0
[35m[UiAutomator2][39m Using UIAutomator2 server from '/Users/sumittulsyan/Downloads/appium-mobile-test/node_modules/appium-uiautomator2-server/apks/appium-uiautomator2-server-v3.7.0.apk' and test from '/Users/sumittulsyan/Downloads/appium-mobile-test/node_modules/appium-uiautomator2-server/apks/appium-uiautomator2-server-debug-androidTest.apk'
[35m[UiAutomator2][39m Waiting up to 30000ms for UiAutomator2 to be online...
[35m[WD Proxy][39m Got an unexpected response: {"code":"ECONNRESET"}
[35m[WD Proxy][39m Got an unexpected response: {"code":"ECONNRESET"}
[35m[WD Proxy][39m Got an unexpected response: {"code":"ECONNRESET"}
[35m[AndroidDriver][39m Screen already unlocked, doing nothing
[35m[UiAutomator2][39m UiAutomator2 did not start the activity we were waiting for, 'io.nativebase.market.geekyants.taxiappdriver/io.nativebase.market.geekyants.taxiappdriver.MainActivity'. Starting it ourselves
[35m[Appium][39m New AndroidUiautomator2Driver session created successfully, session a7dba97b-63c4-4c91-b139-2ef89bff5485 added to master session list
[35m[HTTP][39m [37m<-- POST /wd/hub/session [39m[32m200[39m [90m20347 ms - 1213[39m
[35m[HTTP][39m [90m[39m
[35m[HTTP][39m [37m-->[39m [37mGET[39m [37m/wd/hub/session/a7dba97b-63c4-4c91-b139-2ef89bff5485[39m
[35m[HTTP][39m [90m{}[39m
[35m[HTTP][39m [37m<-- GET /wd/hub/session/a7dba97b-63c4-4c91-b139-2ef89bff5485 [39m[32m200[39m [90m98 ms - 1145[39m
[35m[HTTP][39m [90m[39m
[35m[HTTP][39m [37m-->[39m [37mGET[39m [37m/wd/hub/session/a7dba97b-63c4-4c91-b139-2ef89bff5485[39m
[35m[HTTP][39m [90m{}[39m
[35m[HTTP][39m [37m<-- GET /wd/hub/session/a7dba97b-63c4-4c91-b139-2ef89bff5485 [39m[32m200[39m [90m39 ms - 1145[39m
[35m[HTTP][39m [90m[39m
[35m[HTTP][39m [37m-->[39m [37mGET[39m [37m/wd/hub/status[39m
[35m[HTTP][39m [90m{}[39m
[35m[HTTP][39m [37m<-- GET /wd/hub/status [39m[32m200[39m [90m2 ms - 68[39m
[35m[HTTP][39m [90m[39m
[35m[HTTP][39m [37m-->[39m [37mPOST[39m [37m/wd/hub/session/a7dba97b-63c4-4c91-b139-2ef89bff5485/timeouts[39m
[35m[HTTP][39m [90m{"implicit":30000}[39m
[35m[HTTP][39m [37m<-- POST /wd/hub/session/a7dba97b-63c4-4c91-b139-2ef89bff5485/timeouts [39m[32m200[39m [90m2 ms - 14[39m
[35m[HTTP][39m [90m[39m
[35m[HTTP][39m [37m-->[39m [37mPOST[39m [37m/wd/hub/session/a7dba97b-63c4-4c91-b139-2ef89bff5485/timeouts[39m
[35m[HTTP][39m [90m{"implicit":50}[39m
[35m[HTTP][39m [37m<-- POST /wd/hub/session/a7dba97b-63c4-4c91-b139-2ef89bff5485/timeouts [39m[32m200[39m [90m2 ms - 14[39m
[35m[HTTP][39m [90m[39m
[35m[HTTP][39m [37m-->[39m [37mGET[39m [37m/wd/hub/session/a7dba97b-63c4-4c91-b139-2ef89bff5485/window/rect[39m
[35m[HTTP][39m [90m{}[39m
[35m[HTTP][39m [37m<-- GET /wd/hub/session/a7dba97b-63c4-4c91-b139-2ef89bff5485/window/rect [39m[32m200[39m [90m42 ms - 50[39m
[35m[HTTP][39m [90m[39m
[35m[HTTP][39m [37m-->[39m [37mPOST[39m [37m/wd/hub/session/a7dba97b-63c4-4c91-b139-2ef89bff5485/elements[39m
[35m[HTTP][39m [90m{"using":"-android uiautomator","value":"new UiSelector().className(\"android.widget.TextView\").text(\"Sign In\")"}[39m
[35m[HTTP][39m [37m<-- POST /wd/hub/session/a7dba97b-63c4-4c91-b139-2ef89bff5485/elements [39m[32m200[39m [90m123 ms - 12[39m
[35m[HTTP][39m [90m[39m
[35m[HTTP][39m [37m-->[39m [37mPOST[39m [37m/wd/hub/session/a7dba97b-63c4-4c91-b139-2ef89bff5485/elements[39m
[35m[HTTP][39m [90m{"using":"-android uiautomator","value":"new UiSelector().className(\"android.widget.TextView\").text(\"Sign In\")"}[39m
[35m[HTTP][39m [37m<-- POST /wd/hub/session/a7dba97b-63c4-4c91-b139-2ef89bff5485/elements [39m[32m200[39m [90m66 ms - 12[39m
[35m[HTTP][39m [90m[39m
[35m[HTTP][39m [37m-->[39m [37mPOST[39m [37m/wd/hub/session/a7dba97b-63c4-4c91-b139-2ef89bff5485/elements[39m
[35m[HTTP][39m [90m{"using":"-android uiautomator","value":"new UiSelector().className(\"android.widget.TextView\").text(\"Sign In\")"}[39m
[35m[HTTP][39m [37m<-- POST /wd/hub/session/a7dba97b-63c4-4c91-b139-2ef89bff5485/elements [39m[32m200[39m [90m56 ms - 12[39m
[35m[HTTP][39m [90m[39m
[35m[HTTP][39m [37m-->[39m [37mPOST[39m [37m/wd/hub/session/a7dba97b-63c4-4c91-b139-2ef89bff5485/elements[39m
[35m[HTTP][39m [90m{"using":"-android uiautomator","value":"new UiSelector().className(\"android.widget.TextView\").text(\"Sign In\")"}[39m
[35m[HTTP][39m [37m<-- POST /wd/hub/session/a7dba97b-63c4-4c91-b139-2ef89bff5485/elements [39m[32m200[39m [90m594 ms - 12[39m
[35m[HTTP][39m [90m[39m
[35m[HTTP][39m [37m-->[39m [37mPOST[39m [37m/wd/hub/session/a7dba97b-63c4-4c91-b139-2ef89bff5485/elements[39m
[35m[HTTP][39m [90m{"using":"-android uiautomator","value":"new UiSelector().className(\"android.widget.TextView\").text(\"Sign In\")"}[39m
[35m[HTTP][39m [37m<-- POST /wd/hub/session/a7dba97b-63c4-4c91-b139-2ef89bff5485/elements [39m[32m200[39m [90m1166 ms - 139[39m
[35m[HTTP][39m [90m[39m
[35m[HTTP][39m [37m-->[39m [37mGET[39m [37m/wd/hub/session/a7dba97b-63c4-4c91-b139-2ef89bff5485/element/cc96047e-7a10-4377-8e92-f220a75464d4/location[39m
[35m[HTTP][39m [90m{}[39m
[35m[W3C (a7dba97b)][39m Driver proxy active, passing request on via HTTP proxy
[35m[WD Proxy][39m Replacing sessionId 59c4f100-9fe6-47e7-9d63-679349f6c23d with a7dba97b-63c4-4c91-b139-2ef89bff5485
[35m[HTTP][39m [37m<-- GET /wd/hub/session/a7dba97b-63c4-4c91-b139-2ef89bff5485/element/cc96047e-7a10-4377-8e92-f220a75464d4/location [39m[32m200[39m [90m84 ms - 90[39m
[35m[HTTP][39m [90m[39m
[35m[HTTP][39m [37m-->[39m [37mPOST[39m [37m/wd/hub/session/a7dba97b-63c4-4c91-b139-2ef89bff5485/timeouts[39m
[35m[HTTP][39m [90m{"implicit":30000}[39m
[35m[HTTP][39m [37m<-- POST /wd/hub/session/a7dba97b-63c4-4c91-b139-2ef89bff5485/timeouts [39m[32m200[39m [90m3 ms - 14[39m
[35m[HTTP][39m [90m[39m
[35m[HTTP][39m [37m-->[39m [37mPOST[39m [37m/wd/hub/session/a7dba97b-63c4-4c91-b139-2ef89bff5485/touch/perform[39m
[35m[HTTP][39m [90m{"actions":[{"action":"tap","options":{"x":1,"y":1,"element":"cc96047e-7a10-4377-8e92-f220a75464d4"}},{"action":"release","options":{}}]}[39m
[35m[UiAutomator2][39m calling get location: cc96047e-7a10-4377-8e92-f220a75464d4
[35m[HTTP][39m [37m<-- POST /wd/hub/session/a7dba97b-63c4-4c91-b139-2ef89bff5485/touch/perform [39m[32m200[39m [90m1423 ms - 14[39m
[35m[HTTP][39m [90m[39m
[35m[HTTP][39m [37m-->[39m [37mPOST[39m [37m/wd/hub/session/a7dba97b-63c4-4c91-b139-2ef89bff5485/timeouts[39m
[35m[HTTP][39m [90m{"implicit":50}[39m
[35m[HTTP][39m [37m<-- POST /wd/hub/session/a7dba97b-63c4-4c91-b139-2ef89bff5485/timeouts [39m[32m200[39m [90m2 ms - 14[39m
[35m[HTTP][39m [90m[39m
[35m[HTTP][39m [37m-->[39m [37mGET[39m [37m/wd/hub/session/a7dba97b-63c4-4c91-b139-2ef89bff5485/window/rect[39m
[35m[HTTP][39m [90m{}[39m
[35m[HTTP][39m [37m<-- GET /wd/hub/session/a7dba97b-63c4-4c91-b139-2ef89bff5485/window/rect [39m[32m200[39m [90m27 ms - 50[39m
[35m[HTTP][39m [90m[39m
[35m[HTTP][39m [37m-->[39m [37mPOST[39m [37m/wd/hub/session/a7dba97b-63c4-4c91-b139-2ef89bff5485/elements[39m
[35m[HTTP][39m [90m{"using":"-android uiautomator","value":"new UiSelector().className(\"android.widget.EditText\").text(\"Email\")"}[39m
[35m[HTTP][39m [37m<-- POST /wd/hub/session/a7dba97b-63c4-4c91-b139-2ef89bff5485/elements [39m[32m200[39m [90m137 ms - 139[39m
[35m[HTTP][39m [90m[39m
[35m[HTTP][39m [37m-->[39m [37mGET[39m [37m/wd/hub/session/a7dba97b-63c4-4c91-b139-2ef89bff5485/element/75ec3254-b733-4443-98ed-61de56e42f0b/location[39m
[35m[HTTP][39m [90m{}[39m
[35m[W3C (a7dba97b)][39m Driver proxy active, passing request on via HTTP proxy
[35m[WD Proxy][39m Replacing sessionId 59c4f100-9fe6-47e7-9d63-679349f6c23d with a7dba97b-63c4-4c91-b139-2ef89bff5485
[35m[HTTP][39m [37m<-- GET /wd/hub/session/a7dba97b-63c4-4c91-b139-2ef89bff5485/element/75ec3254-b733-4443-98ed-61de56e42f0b/location [39m[32m200[39m [90m60 ms - 89[39m
[35m[HTTP][39m [90m[39m
[35m[HTTP][39m [37m-->[39m [37mPOST[39m [37m/wd/hub/session/a7dba97b-63c4-4c91-b139-2ef89bff5485/timeouts[39m
[35m[HTTP][39m [90m{"implicit":30000}[39m
[35m[HTTP][39m [37m<-- POST /wd/hub/session/a7dba97b-63c4-4c91-b139-2ef89bff5485/timeouts [39m[32m200[39m [90m2 ms - 14[39m
[35m[HTTP][39m [90m[39m
[35m[HTTP][39m [37m-->[39m [37mPOST[39m [37m/wd/hub/session/a7dba97b-63c4-4c91-b139-2ef89bff5485/element/75ec3254-b733-4443-98ed-61de56e42f0b/clear[39m
[35m[HTTP][39m [90m{"id":"75ec3254-b733-4443-98ed-61de56e42f0b"}[39m
[35m[HTTP][39m [37m<-- POST /wd/hub/session/a7dba97b-63c4-4c91-b139-2ef89bff5485/element/75ec3254-b733-4443-98ed-61de56e42f0b/clear [39m[32m200[39m [90m50 ms - 27[39m
[35m[HTTP][39m [90m[39m
[35m[HTTP][39m [37m-->[39m [37mPOST[39m [37m/wd/hub/session/a7dba97b-63c4-4c91-b139-2ef89bff5485/element/75ec3254-b733-4443-98ed-61de56e42f0b/value[39m
[35m[HTTP][39m [90m{"id":"75ec3254-b733-4443-98ed-61de56e42f0b","text":"taxidriver@gmail.com","value":["t","a","x","i","d","r","i","v","e","r","@","g","m","a","i","l",".","c","o","m"]}[39m
[35m[HTTP][39m [37m<-- POST /wd/hub/session/a7dba97b-63c4-4c91-b139-2ef89bff5485/element/75ec3254-b733-4443-98ed-61de56e42f0b/value [39m[32m200[39m [90m1425 ms - 12[39m
[35m[HTTP][39m [90m[39m
[35m[HTTP][39m [37m-->[39m [37mPOST[39m [37m/wd/hub/session/a7dba97b-63c4-4c91-b139-2ef89bff5485/timeouts[39m
[35m[HTTP][39m [90m{"implicit":50}[39m
[35m[HTTP][39m [37m<-- POST /wd/hub/session/a7dba97b-63c4-4c91-b139-2ef89bff5485/timeouts [39m[32m200[39m [90m3 ms - 14[39m
[35m[HTTP][39m [90m[39m
[35m[HTTP][39m [37m-->[39m [37mGET[39m [37m/wd/hub/session/a7dba97b-63c4-4c91-b139-2ef89bff5485/window/rect[39m
[35m[HTTP][39m [90m{}[39m
[35m[HTTP][39m [37m<-- GET /wd/hub/session/a7dba97b-63c4-4c91-b139-2ef89bff5485/window/rect [39m[32m200[39m [90m34 ms - 50[39m
[35m[HTTP][39m [90m[39m
[35m[HTTP][39m [37m-->[39m [37mPOST[39m [37m/wd/hub/session/a7dba97b-63c4-4c91-b139-2ef89bff5485/elements[39m
[35m[HTTP][39m [90m{"using":"-android uiautomator","value":"new UiSelector().className(\"android.widget.EditText\").text(\"Password\")"}[39m
[35m[HTTP][39m [37m<-- POST /wd/hub/session/a7dba97b-63c4-4c91-b139-2ef89bff5485/elements [39m[32m200[39m [90m475 ms - 139[39m
[35m[HTTP][39m [90m[39m
[35m[HTTP][39m [37m-->[39m [37mGET[39m [37m/wd/hub/session/a7dba97b-63c4-4c91-b139-2ef89bff5485/element/8680acfe-7476-4fef-b3ae-91dae8e281f0/location[39m
[35m[HTTP][39m [90m{}[39m
[35m[W3C (a7dba97b)][39m Driver proxy active, passing request on via HTTP proxy
[35m[WD Proxy][39m Replacing sessionId 59c4f100-9fe6-47e7-9d63-679349f6c23d with a7dba97b-63c4-4c91-b139-2ef89bff5485
[35m[HTTP][39m [37m<-- GET /wd/hub/session/a7dba97b-63c4-4c91-b139-2ef89bff5485/element/8680acfe-7476-4fef-b3ae-91dae8e281f0/location [39m[32m200[39m [90m106 ms - 90[39m
[35m[HTTP][39m [90m[39m
[35m[HTTP][39m [37m-->[39m [37mPOST[39m [37m/wd/hub/session/a7dba97b-63c4-4c91-b139-2ef89bff5485/timeouts[39m
[35m[HTTP][39m [90m{"implicit":30000}[39m
[35m[HTTP][39m [37m<-- POST /wd/hub/session/a7dba97b-63c4-4c91-b139-2ef89bff5485/timeouts [39m[32m200[39m [90m2 ms - 14[39m
[35m[HTTP][39m [90m[39m
[35m[HTTP][39m [37m-->[39m [37mPOST[39m [37m/wd/hub/session/a7dba97b-63c4-4c91-b139-2ef89bff5485/element/8680acfe-7476-4fef-b3ae-91dae8e281f0/clear[39m
[35m[HTTP][39m [90m{"id":"8680acfe-7476-4fef-b3ae-91dae8e281f0"}[39m
[35m[HTTP][39m [37m<-- POST /wd/hub/session/a7dba97b-63c4-4c91-b139-2ef89bff5485/element/8680acfe-7476-4fef-b3ae-91dae8e281f0/clear [39m[32m200[39m [90m80 ms - 27[39m
[35m[HTTP][39m [90m[39m
[35m[HTTP][39m [37m-->[39m [37mPOST[39m [37m/wd/hub/session/a7dba97b-63c4-4c91-b139-2ef89bff5485/element/8680acfe-7476-4fef-b3ae-91dae8e281f0/value[39m
[35m[HTTP][39m [90m{"id":"8680acfe-7476-4fef-b3ae-91dae8e281f0","text":"123456","value":["1","2","3","4","5","6"]}[39m
[35m[HTTP][39m [37m<-- POST /wd/hub/session/a7dba97b-63c4-4c91-b139-2ef89bff5485/element/8680acfe-7476-4fef-b3ae-91dae8e281f0/value [39m[32m200[39m [90m1087 ms - 12[39m
[35m[HTTP][39m [90m[39m
[35m[HTTP][39m [37m-->[39m [37mPOST[39m [37m/wd/hub/session/a7dba97b-63c4-4c91-b139-2ef89bff5485/timeouts[39m
[35m[HTTP][39m [90m{"implicit":50}[39m
[35m[HTTP][39m [37m<-- POST /wd/hub/session/a7dba97b-63c4-4c91-b139-2ef89bff5485/timeouts [39m[32m200[39m [90m2 ms - 14[39m
[35m[HTTP][39m [90m[39m
[35m[HTTP][39m [37m-->[39m [37mGET[39m [37m/wd/hub/session/a7dba97b-63c4-4c91-b139-2ef89bff5485/window/rect[39m
[35m[HTTP][39m [90m{}[39m
[35m[HTTP][39m [37m<-- GET /wd/hub/session/a7dba97b-63c4-4c91-b139-2ef89bff5485/window/rect [39m[32m200[39m [90m28 ms - 50[39m
[35m[HTTP][39m [90m[39m
[35m[HTTP][39m [37m-->[39m [37mPOST[39m [37m/wd/hub/session/a7dba97b-63c4-4c91-b139-2ef89bff5485/elements[39m
[35m[HTTP][39m [90m{"using":"xpath","value":"//hierarchy/android.widget.FrameLayout[1]/android.widget.LinearLayout[1]/android.widget.FrameLayout[1]/android.widget.LinearLayout[1]/android.widget.FrameLayout[1]/android.widget.FrameLayout[1]/android.view.ViewGroup[1]/android.view.ViewGroup[1]/android.view.ViewGroup[1]/android.view.ViewGroup[1]/android.support.v4.widget.DrawerLayout[1]/android.view.ViewGroup[1]/android.view.ViewGroup[1]/android.view.ViewGroup[1]/android.view.ViewGroup[1]/android.view.ViewGroup[1]/android.view.ViewGroup[1]/android.widget.ScrollView[1]/android.view.ViewGroup[1]/android.view.ViewGroup[7]/android.widget.TextView[1]"}[39m
[35m[HTTP][39m [37m<-- POST /wd/hub/session/a7dba97b-63c4-4c91-b139-2ef89bff5485/elements [39m[32m200[39m [90m823 ms - 139[39m
[35m[HTTP][39m [90m[39m
[35m[HTTP][39m [37m-->[39m [37mGET[39m [37m/wd/hub/session/a7dba97b-63c4-4c91-b139-2ef89bff5485/element/ec779ce6-762a-47a2-aeea-93f9d8ad5da7/location[39m
[35m[HTTP][39m [90m{}[39m
[35m[W3C (a7dba97b)][39m Driver proxy active, passing request on via HTTP proxy
[35m[WD Proxy][39m Replacing sessionId 59c4f100-9fe6-47e7-9d63-679349f6c23d with a7dba97b-63c4-4c91-b139-2ef89bff5485
[35m[HTTP][39m [37m<-- GET /wd/hub/session/a7dba97b-63c4-4c91-b139-2ef89bff5485/element/ec779ce6-762a-47a2-aeea-93f9d8ad5da7/location [39m[32m200[39m [90m23 ms - 90[39m
[35m[HTTP][39m [90m[39m
[35m[HTTP][39m [37m-->[39m [37mPOST[39m [37m/wd/hub/session/a7dba97b-63c4-4c91-b139-2ef89bff5485/timeouts[39m
[35m[HTTP][39m [90m{"implicit":30000}[39m
[35m[HTTP][39m [37m<-- POST /wd/hub/session/a7dba97b-63c4-4c91-b139-2ef89bff5485/timeouts [39m[32m200[39m [90m2 ms - 14[39m
[35m[HTTP][39m [90m[39m
[35m[HTTP][39m [37m-->[39m [37mPOST[39m [37m/wd/hub/session/a7dba97b-63c4-4c91-b139-2ef89bff5485/touch/perform[39m
[35m[HTTP][39m [90m{"actions":[{"action":"tap","options":{"x":1,"y":1,"element":"ec779ce6-762a-47a2-aeea-93f9d8ad5da7"}},{"action":"release","options":{}}]}[39m
[35m[UiAutomator2][39m calling get location: ec779ce6-762a-47a2-aeea-93f9d8ad5da7
[35m[HTTP][39m [37m<-- POST /wd/hub/session/a7dba97b-63c4-4c91-b139-2ef89bff5485/touch/perform [39m[32m200[39m [90m80 ms - 14[39m
[35m[HTTP][39m [90m[39m
[35m[BaseDriver][39m Shutting down because we waited 1800 seconds for a command
[35m[Appium][39m Closing session, cause was 'New Command Timeout of 1800 seconds expired. Try customizing the timeout using the 'newCommandTimeout' desired capability'
[35m[Appium][39m Removing session a7dba97b-63c4-4c91-b139-2ef89bff5485 from our master session list
[35m[WD Proxy][39m Got an unexpected response: {"code":"ECONNRESET"}
[35m[UiAutomator2][39m Did not get confirmation UiAutomator2 deleteSession worked; Error was: UnknownError: An unknown server-side error occurred while processing the command. Original error: Could not proxy command to remote server. Original error: Error: socket hang up
[35m[ADB][39m io.nativebase.market.geekyants.taxiappdriver was successfully uninstalled
[35m[UiAutomator2][39m Restoring hidden api policy to the device default configuration
[35m[Appium][39m Received SIGTERM - shutting down
