[35m[Appium][39m Welcome to Appium v1.14.0
[35m[Appium][39m Non-default server args:
[35m[Appium][39m   port: 56640
[35m[Appium][39m   loglevel: info
[35m[Appium][39m   chromeDriverPort: 56643
[35m[Appium][39m   tmpDir: /var/folders/38/x4crs4qx0hn0r3_szny2t9sw0000gn/T//Katalon/Appium/Temp1566211614348
[35m[Appium][39m Appium REST http interface listener started on 0.0.0.0:56640
[35m[HTTP][39m [37m-->[39m [37mGET[39m [37m/wd/hub/status[39m
[35m[HTTP][39m [90m{}[39m
[35m[HTTP][39m [37m<-- GET /wd/hub/status [39m[32m200[39m [90m8 ms - 68[39m
[35m[HTTP][39m [90m[39m
[35m[HTTP][39m [37m-->[39m [37mPOST[39m [37m/wd/hub/session[39m
[35m[HTTP][39m [90m{"desiredCapabilities":{"app":"/Users/sumittulsyan/Downloads/app-release (1).apk","noReset":false,"deviceName":"Google Pixel (Android 9)","fullReset":true,"platform":"ANDROID","newCommandTimeout":1800,"platformVersion":"9","automationName":"uiautomator2","autoGrantPermissions":true,"platformName":"Android","udid":"FA6AW0302799","systemPort":56639},"capabilities":{"firstMatch":[{"appium:app":"/Users/sumittulsyan/Downloads/app-release (1).apk","appium:autoGrantPermissions":true,"appium:automationName":"uiautomator2","appium:deviceName":"Google Pixel (Android 9)","appium:fullReset":true,"appium:newCommandTimeout":1800,"appium:noReset":false,"platform":"ANDROID","platformName":"android","appium:platformVersion":"9","appium:systemPort":56639,"appium:udid":"FA6AW0302799"}]}}[39m
[35m[BaseDriver][39m The capabilities ["platform"] are not standard capabilities and should have an extension prefix
[35m[Appium][39m Appium v1.14.0 creating new AndroidUiautomator2Driver (v1.33.1) session
[35m[Appium][39m Capabilities:
[35m[Appium][39m   platform: ANDROID
[35m[Appium][39m   platformName: android
[35m[Appium][39m   app: /Users/sumittulsyan/Downloads/app-release (1).apk
[35m[Appium][39m   autoGrantPermissions: true
[35m[Appium][39m   automationName: uiautomator2
[35m[Appium][39m   deviceName: Google Pixel (Android 9)
[35m[Appium][39m   fullReset: true
[35m[Appium][39m   newCommandTimeout: 1800
[35m[Appium][39m   noReset: false
[35m[Appium][39m   platformVersion: 9
[35m[Appium][39m   systemPort: 56639
[35m[Appium][39m   udid: FA6AW0302799
[35m[BaseDriver][39m The following capabilities were provided, but are not recognized by Appium:
[35m[BaseDriver][39m   platform
[35m[BaseDriver][39m Session created with session id: 3eaec2e4-1189-40f3-8a9c-2bfb9b174382
[35m[BaseDriver][39m Using local app '/Users/sumittulsyan/Downloads/app-release (1).apk'
[35m[ADB][39m Found 1 'build-tools' folders under '/Users/sumittulsyan/.katalon/tools/android_sdk' (newest first):
[35m[ADB][39m     /Users/sumittulsyan/.katalon/tools/android_sdk/build-tools/29.0.1
[35m[ADB][39m Using 'adb' from '/Users/sumittulsyan/.katalon/tools/android_sdk/platform-tools/adb'
[35m[AndroidDriver][39m Retrieving device list
[35m[AndroidDriver][39m Using device: FA6AW0302799
[35m[ADB][39m Using 'adb' from '/Users/sumittulsyan/.katalon/tools/android_sdk/platform-tools/adb'
[35m[UiAutomator2][39m Relaxing hidden api policy
[35m[ADB][39m Using 'apkanalyzer' from '/Users/sumittulsyan/.katalon/tools/android_sdk/tools/bin/apkanalyzer'
[35m[ADB][39m Using the alternative activity name detection method because of: Command '/Users/sumittulsyan/.katalon/tools/android_sdk/tools/bin/apkanalyzer -h manifest print '/Users/sumittulsyan/Downloads/app-release (1).apk'' exited with code 2
[35m[ADB][39m Using 'aapt' from '/Users/sumittulsyan/.katalon/tools/android_sdk/build-tools/29.0.1/aapt'
[35m[ADB][39m Extracting package and launch activity from manifest
[35m[ADB][39m Package name: 'io.nativebase.market.geekyants.taxiapprider'
[35m[ADB][39m Main activity name: 'io.nativebase.market.geekyants.taxiapprider.MainActivity'
[35m[ADB][39m Using 'apksigner' from '/Users/sumittulsyan/.katalon/tools/android_sdk/build-tools/29.0.1/apksigner'
[35m[UiAutomator2][39m Server packages are not going to be (re)installed
[35m[ADB][39m io.nativebase.market.geekyants.taxiapprider was not uninstalled, because it was not present on the device
[35m[ADB][39m The application at '/Users/sumittulsyan/Downloads/app-release (1).apk' is already cached to '/data/local/tmp/appium_cache/319121ffd2a4e89e1742e996fe8df850b3a56b9f.apk'
[35m[ADB][39m The installation of 'app-release (1).apk' took 5.063s
[35m[UiAutomator2][39m Starting UIAutomator2 server 3.7.0
[35m[UiAutomator2][39m Using UIAutomator2 server from '/Users/sumittulsyan/Downloads/appium-mobile-test/node_modules/appium-uiautomator2-server/apks/appium-uiautomator2-server-v3.7.0.apk' and test from '/Users/sumittulsyan/Downloads/appium-mobile-test/node_modules/appium-uiautomator2-server/apks/appium-uiautomator2-server-debug-androidTest.apk'
[35m[UiAutomator2][39m Waiting up to 30000ms for UiAutomator2 to be online...
[35m[WD Proxy][39m Got an unexpected response: {"code":"ECONNRESET"}
[35m[WD Proxy][39m Got an unexpected response: {"code":"ECONNRESET"}
[35m[WD Proxy][39m Got an unexpected response: {"code":"ECONNRESET"}
[35m[AndroidDriver][39m Screen already unlocked, doing nothing
[35m[UiAutomator2][39m UiAutomator2 did not start the activity we were waiting for, 'io.nativebase.market.geekyants.taxiapprider/io.nativebase.market.geekyants.taxiapprider.MainActivity'. Starting it ourselves
[35m[Appium][39m New AndroidUiautomator2Driver session created successfully, session 3eaec2e4-1189-40f3-8a9c-2bfb9b174382 added to master session list
[35m[HTTP][39m [37m<-- POST /wd/hub/session [39m[32m200[39m [90m16965 ms - 1220[39m
[35m[HTTP][39m [90m[39m
[35m[HTTP][39m [37m-->[39m [37mGET[39m [37m/wd/hub/session/3eaec2e4-1189-40f3-8a9c-2bfb9b174382[39m
[35m[HTTP][39m [90m{}[39m
[35m[HTTP][39m [37m<-- GET /wd/hub/session/3eaec2e4-1189-40f3-8a9c-2bfb9b174382 [39m[32m200[39m [90m67 ms - 1152[39m
[35m[HTTP][39m [90m[39m
[35m[HTTP][39m [37m-->[39m [37mGET[39m [37m/wd/hub/session/3eaec2e4-1189-40f3-8a9c-2bfb9b174382[39m
[35m[HTTP][39m [90m{}[39m
[35m[HTTP][39m [37m<-- GET /wd/hub/session/3eaec2e4-1189-40f3-8a9c-2bfb9b174382 [39m[32m200[39m [90m30 ms - 1152[39m
[35m[HTTP][39m [90m[39m
[35m[HTTP][39m [37m-->[39m [37mGET[39m [37m/wd/hub/status[39m
[35m[HTTP][39m [90m{}[39m
[35m[HTTP][39m [37m<-- GET /wd/hub/status [39m[32m200[39m [90m1 ms - 68[39m
[35m[HTTP][39m [90m[39m
[35m[HTTP][39m [37m-->[39m [37mPOST[39m [37m/wd/hub/session/3eaec2e4-1189-40f3-8a9c-2bfb9b174382/timeouts[39m
[35m[HTTP][39m [90m{"implicit":30000}[39m
[35m[HTTP][39m [37m<-- POST /wd/hub/session/3eaec2e4-1189-40f3-8a9c-2bfb9b174382/timeouts [39m[32m200[39m [90m5 ms - 14[39m
[35m[HTTP][39m [90m[39m
[35m[HTTP][39m [37m-->[39m [37mPOST[39m [37m/wd/hub/session/3eaec2e4-1189-40f3-8a9c-2bfb9b174382/timeouts[39m
[35m[HTTP][39m [90m{"implicit":50}[39m
[35m[HTTP][39m [37m<-- POST /wd/hub/session/3eaec2e4-1189-40f3-8a9c-2bfb9b174382/timeouts [39m[32m200[39m [90m2 ms - 14[39m
[35m[HTTP][39m [90m[39m
[35m[HTTP][39m [37m-->[39m [37mGET[39m [37m/wd/hub/session/3eaec2e4-1189-40f3-8a9c-2bfb9b174382/window/rect[39m
[35m[HTTP][39m [90m{}[39m
[35m[HTTP][39m [37m<-- GET /wd/hub/session/3eaec2e4-1189-40f3-8a9c-2bfb9b174382/window/rect [39m[32m200[39m [90m33 ms - 50[39m
[35m[HTTP][39m [90m[39m
[35m[HTTP][39m [37m-->[39m [37mPOST[39m [37m/wd/hub/session/3eaec2e4-1189-40f3-8a9c-2bfb9b174382/elements[39m
[35m[HTTP][39m [90m{"using":"-android uiautomator","value":"new UiSelector().className(\"android.widget.TextView\").text(\"Sign In\")"}[39m
[35m[HTTP][39m [37m<-- POST /wd/hub/session/3eaec2e4-1189-40f3-8a9c-2bfb9b174382/elements [39m[32m200[39m [90m83 ms - 12[39m
[35m[HTTP][39m [90m[39m
[35m[HTTP][39m [37m-->[39m [37mPOST[39m [37m/wd/hub/session/3eaec2e4-1189-40f3-8a9c-2bfb9b174382/elements[39m
[35m[HTTP][39m [90m{"using":"-android uiautomator","value":"new UiSelector().className(\"android.widget.TextView\").text(\"Sign In\")"}[39m
[35m[HTTP][39m [37m<-- POST /wd/hub/session/3eaec2e4-1189-40f3-8a9c-2bfb9b174382/elements [39m[32m200[39m [90m52 ms - 12[39m
[35m[HTTP][39m [90m[39m
[35m[HTTP][39m [37m-->[39m [37mPOST[39m [37m/wd/hub/session/3eaec2e4-1189-40f3-8a9c-2bfb9b174382/elements[39m
[35m[HTTP][39m [90m{"using":"-android uiautomator","value":"new UiSelector().className(\"android.widget.TextView\").text(\"Sign In\")"}[39m
[35m[HTTP][39m [37m<-- POST /wd/hub/session/3eaec2e4-1189-40f3-8a9c-2bfb9b174382/elements [39m[32m200[39m [90m54 ms - 12[39m
[35m[HTTP][39m [90m[39m
[35m[HTTP][39m [37m-->[39m [37mPOST[39m [37m/wd/hub/session/3eaec2e4-1189-40f3-8a9c-2bfb9b174382/elements[39m
[35m[HTTP][39m [90m{"using":"-android uiautomator","value":"new UiSelector().className(\"android.widget.TextView\").text(\"Sign In\")"}[39m
[35m[HTTP][39m [37m<-- POST /wd/hub/session/3eaec2e4-1189-40f3-8a9c-2bfb9b174382/elements [39m[32m200[39m [90m608 ms - 12[39m
[35m[HTTP][39m [90m[39m
[35m[HTTP][39m [37m-->[39m [37mPOST[39m [37m/wd/hub/session/3eaec2e4-1189-40f3-8a9c-2bfb9b174382/elements[39m
[35m[HTTP][39m [90m{"using":"-android uiautomator","value":"new UiSelector().className(\"android.widget.TextView\").text(\"Sign In\")"}[39m
[35m[HTTP][39m [37m<-- POST /wd/hub/session/3eaec2e4-1189-40f3-8a9c-2bfb9b174382/elements [39m[32m200[39m [90m55 ms - 12[39m
[35m[HTTP][39m [90m[39m
[35m[HTTP][39m [37m-->[39m [37mPOST[39m [37m/wd/hub/session/3eaec2e4-1189-40f3-8a9c-2bfb9b174382/elements[39m
[35m[HTTP][39m [90m{"using":"-android uiautomator","value":"new UiSelector().className(\"android.widget.TextView\").text(\"Sign In\")"}[39m
[35m[HTTP][39m [37m<-- POST /wd/hub/session/3eaec2e4-1189-40f3-8a9c-2bfb9b174382/elements [39m[32m200[39m [90m77 ms - 12[39m
[35m[HTTP][39m [90m[39m
[35m[HTTP][39m [37m-->[39m [37mPOST[39m [37m/wd/hub/session/3eaec2e4-1189-40f3-8a9c-2bfb9b174382/elements[39m
[35m[HTTP][39m [90m{"using":"-android uiautomator","value":"new UiSelector().className(\"android.widget.TextView\").text(\"Sign In\")"}[39m
[35m[HTTP][39m [37m<-- POST /wd/hub/session/3eaec2e4-1189-40f3-8a9c-2bfb9b174382/elements [39m[32m200[39m [90m1647 ms - 139[39m
[35m[HTTP][39m [90m[39m
[35m[HTTP][39m [37m-->[39m [37mGET[39m [37m/wd/hub/session/3eaec2e4-1189-40f3-8a9c-2bfb9b174382/element/35dc83ba-af70-414f-af6b-3395b4205865/location[39m
[35m[HTTP][39m [90m{}[39m
[35m[W3C (3eaec2e4)][39m Driver proxy active, passing request on via HTTP proxy
[35m[WD Proxy][39m Replacing sessionId 8d0e9070-fcef-4ec8-93eb-4edc3395037d with 3eaec2e4-1189-40f3-8a9c-2bfb9b174382
[35m[HTTP][39m [37m<-- GET /wd/hub/session/3eaec2e4-1189-40f3-8a9c-2bfb9b174382/element/35dc83ba-af70-414f-af6b-3395b4205865/location [39m[32m200[39m [90m165 ms - 90[39m
[35m[HTTP][39m [90m[39m
[35m[HTTP][39m [37m-->[39m [37mPOST[39m [37m/wd/hub/session/3eaec2e4-1189-40f3-8a9c-2bfb9b174382/timeouts[39m
[35m[HTTP][39m [90m{"implicit":30000}[39m
[35m[HTTP][39m [37m<-- POST /wd/hub/session/3eaec2e4-1189-40f3-8a9c-2bfb9b174382/timeouts [39m[32m200[39m [90m3 ms - 14[39m
[35m[HTTP][39m [90m[39m
[35m[HTTP][39m [37m-->[39m [37mPOST[39m [37m/wd/hub/session/3eaec2e4-1189-40f3-8a9c-2bfb9b174382/touch/perform[39m
[35m[HTTP][39m [90m{"actions":[{"action":"tap","options":{"x":1,"y":1,"element":"35dc83ba-af70-414f-af6b-3395b4205865"}},{"action":"release","options":{}}]}[39m
[35m[UiAutomator2][39m calling get location: 35dc83ba-af70-414f-af6b-3395b4205865
[35m[HTTP][39m [37m<-- POST /wd/hub/session/3eaec2e4-1189-40f3-8a9c-2bfb9b174382/touch/perform [39m[32m200[39m [90m1423 ms - 14[39m
[35m[HTTP][39m [90m[39m
[35m[HTTP][39m [37m-->[39m [37mPOST[39m [37m/wd/hub/session/3eaec2e4-1189-40f3-8a9c-2bfb9b174382/timeouts[39m
[35m[HTTP][39m [90m{"implicit":50}[39m
[35m[HTTP][39m [37m<-- POST /wd/hub/session/3eaec2e4-1189-40f3-8a9c-2bfb9b174382/timeouts [39m[32m200[39m [90m3 ms - 14[39m
[35m[HTTP][39m [90m[39m
[35m[HTTP][39m [37m-->[39m [37mGET[39m [37m/wd/hub/session/3eaec2e4-1189-40f3-8a9c-2bfb9b174382/window/rect[39m
[35m[HTTP][39m [90m{}[39m
[35m[HTTP][39m [37m<-- GET /wd/hub/session/3eaec2e4-1189-40f3-8a9c-2bfb9b174382/window/rect [39m[32m200[39m [90m35 ms - 50[39m
[35m[HTTP][39m [90m[39m
[35m[HTTP][39m [37m-->[39m [37mPOST[39m [37m/wd/hub/session/3eaec2e4-1189-40f3-8a9c-2bfb9b174382/elements[39m
[35m[HTTP][39m [90m{"using":"-android uiautomator","value":"new UiSelector().className(\"android.widget.EditText\").text(\"Email\")"}[39m
[35m[HTTP][39m [37m<-- POST /wd/hub/session/3eaec2e4-1189-40f3-8a9c-2bfb9b174382/elements [39m[32m200[39m [90m121 ms - 139[39m
[35m[HTTP][39m [90m[39m
[35m[HTTP][39m [37m-->[39m [37mGET[39m [37m/wd/hub/session/3eaec2e4-1189-40f3-8a9c-2bfb9b174382/element/fa0ac107-63d8-4a5d-9768-b3fce8e8d093/location[39m
[35m[HTTP][39m [90m{}[39m
[35m[W3C (3eaec2e4)][39m Driver proxy active, passing request on via HTTP proxy
[35m[WD Proxy][39m Replacing sessionId 8d0e9070-fcef-4ec8-93eb-4edc3395037d with 3eaec2e4-1189-40f3-8a9c-2bfb9b174382
[35m[HTTP][39m [37m<-- GET /wd/hub/session/3eaec2e4-1189-40f3-8a9c-2bfb9b174382/element/fa0ac107-63d8-4a5d-9768-b3fce8e8d093/location [39m[32m200[39m [90m76 ms - 89[39m
[35m[HTTP][39m [90m[39m
[35m[HTTP][39m [37m-->[39m [37mPOST[39m [37m/wd/hub/session/3eaec2e4-1189-40f3-8a9c-2bfb9b174382/timeouts[39m
[35m[HTTP][39m [90m{"implicit":30000}[39m
[35m[HTTP][39m [37m<-- POST /wd/hub/session/3eaec2e4-1189-40f3-8a9c-2bfb9b174382/timeouts [39m[32m200[39m [90m2 ms - 14[39m
[35m[HTTP][39m [90m[39m
[35m[HTTP][39m [37m-->[39m [37mPOST[39m [37m/wd/hub/session/3eaec2e4-1189-40f3-8a9c-2bfb9b174382/element/fa0ac107-63d8-4a5d-9768-b3fce8e8d093/clear[39m
[35m[HTTP][39m [90m{"id":"fa0ac107-63d8-4a5d-9768-b3fce8e8d093"}[39m
[35m[HTTP][39m [37m<-- POST /wd/hub/session/3eaec2e4-1189-40f3-8a9c-2bfb9b174382/element/fa0ac107-63d8-4a5d-9768-b3fce8e8d093/clear [39m[32m200[39m [90m58 ms - 27[39m
[35m[HTTP][39m [90m[39m
[35m[HTTP][39m [37m-->[39m [37mPOST[39m [37m/wd/hub/session/3eaec2e4-1189-40f3-8a9c-2bfb9b174382/element/fa0ac107-63d8-4a5d-9768-b3fce8e8d093/value[39m
[35m[HTTP][39m [90m{"id":"fa0ac107-63d8-4a5d-9768-b3fce8e8d093","text":"taxirider@gmail.com","value":["t","a","x","i","r","i","d","e","r","@","g","m","a","i","l",".","c","o","m"]}[39m
[35m[HTTP][39m [37m<-- POST /wd/hub/session/3eaec2e4-1189-40f3-8a9c-2bfb9b174382/element/fa0ac107-63d8-4a5d-9768-b3fce8e8d093/value [39m[32m200[39m [90m687 ms - 12[39m
[35m[HTTP][39m [90m[39m
[35m[HTTP][39m [37m-->[39m [37mPOST[39m [37m/wd/hub/session/3eaec2e4-1189-40f3-8a9c-2bfb9b174382/timeouts[39m
[35m[HTTP][39m [90m{"implicit":50}[39m
[35m[HTTP][39m [37m<-- POST /wd/hub/session/3eaec2e4-1189-40f3-8a9c-2bfb9b174382/timeouts [39m[32m200[39m [90m4 ms - 14[39m
[35m[HTTP][39m [90m[39m
[35m[HTTP][39m [37m-->[39m [37mGET[39m [37m/wd/hub/session/3eaec2e4-1189-40f3-8a9c-2bfb9b174382/window/rect[39m
[35m[HTTP][39m [90m{}[39m
[35m[HTTP][39m [37m<-- GET /wd/hub/session/3eaec2e4-1189-40f3-8a9c-2bfb9b174382/window/rect [39m[32m200[39m [90m39 ms - 50[39m
[35m[HTTP][39m [90m[39m
[35m[HTTP][39m [37m-->[39m [37mPOST[39m [37m/wd/hub/session/3eaec2e4-1189-40f3-8a9c-2bfb9b174382/elements[39m
[35m[HTTP][39m [90m{"using":"-android uiautomator","value":"new UiSelector().className(\"android.widget.EditText\").text(\"Password\")"}[39m
[35m[HTTP][39m [37m<-- POST /wd/hub/session/3eaec2e4-1189-40f3-8a9c-2bfb9b174382/elements [39m[32m200[39m [90m415 ms - 139[39m
[35m[HTTP][39m [90m[39m
[35m[HTTP][39m [37m-->[39m [37mGET[39m [37m/wd/hub/session/3eaec2e4-1189-40f3-8a9c-2bfb9b174382/element/2c5b45a1-343f-4737-9860-dadb2d43133e/location[39m
[35m[HTTP][39m [90m{}[39m
[35m[W3C (3eaec2e4)][39m Driver proxy active, passing request on via HTTP proxy
[35m[WD Proxy][39m Replacing sessionId 8d0e9070-fcef-4ec8-93eb-4edc3395037d with 3eaec2e4-1189-40f3-8a9c-2bfb9b174382
[35m[HTTP][39m [37m<-- GET /wd/hub/session/3eaec2e4-1189-40f3-8a9c-2bfb9b174382/element/2c5b45a1-343f-4737-9860-dadb2d43133e/location [39m[32m200[39m [90m58 ms - 90[39m
[35m[HTTP][39m [90m[39m
[35m[HTTP][39m [37m-->[39m [37mPOST[39m [37m/wd/hub/session/3eaec2e4-1189-40f3-8a9c-2bfb9b174382/timeouts[39m
[35m[HTTP][39m [90m{"implicit":30000}[39m
[35m[HTTP][39m [37m<-- POST /wd/hub/session/3eaec2e4-1189-40f3-8a9c-2bfb9b174382/timeouts [39m[32m200[39m [90m2 ms - 14[39m
[35m[HTTP][39m [90m[39m
[35m[HTTP][39m [37m-->[39m [37mPOST[39m [37m/wd/hub/session/3eaec2e4-1189-40f3-8a9c-2bfb9b174382/element/2c5b45a1-343f-4737-9860-dadb2d43133e/clear[39m
[35m[HTTP][39m [90m{"id":"2c5b45a1-343f-4737-9860-dadb2d43133e"}[39m
[35m[HTTP][39m [37m<-- POST /wd/hub/session/3eaec2e4-1189-40f3-8a9c-2bfb9b174382/element/2c5b45a1-343f-4737-9860-dadb2d43133e/clear [39m[32m200[39m [90m60 ms - 27[39m
[35m[HTTP][39m [90m[39m
[35m[HTTP][39m [37m-->[39m [37mPOST[39m [37m/wd/hub/session/3eaec2e4-1189-40f3-8a9c-2bfb9b174382/element/2c5b45a1-343f-4737-9860-dadb2d43133e/value[39m
[35m[HTTP][39m [90m{"id":"2c5b45a1-343f-4737-9860-dadb2d43133e","text":"123456","value":["1","2","3","4","5","6"]}[39m
[35m[HTTP][39m [37m<-- POST /wd/hub/session/3eaec2e4-1189-40f3-8a9c-2bfb9b174382/element/2c5b45a1-343f-4737-9860-dadb2d43133e/value [39m[32m200[39m [90m1092 ms - 12[39m
[35m[HTTP][39m [90m[39m
[35m[HTTP][39m [37m-->[39m [37mPOST[39m [37m/wd/hub/session/3eaec2e4-1189-40f3-8a9c-2bfb9b174382/timeouts[39m
[35m[HTTP][39m [90m{"implicit":50}[39m
[35m[HTTP][39m [37m<-- POST /wd/hub/session/3eaec2e4-1189-40f3-8a9c-2bfb9b174382/timeouts [39m[32m200[39m [90m3 ms - 14[39m
[35m[HTTP][39m [90m[39m
[35m[HTTP][39m [37m-->[39m [37mGET[39m [37m/wd/hub/session/3eaec2e4-1189-40f3-8a9c-2bfb9b174382/window/rect[39m
[35m[HTTP][39m [90m{}[39m
[35m[HTTP][39m [37m<-- GET /wd/hub/session/3eaec2e4-1189-40f3-8a9c-2bfb9b174382/window/rect [39m[32m200[39m [90m38 ms - 50[39m
[35m[HTTP][39m [90m[39m
[35m[HTTP][39m [37m-->[39m [37mPOST[39m [37m/wd/hub/session/3eaec2e4-1189-40f3-8a9c-2bfb9b174382/elements[39m
[35m[HTTP][39m [90m{"using":"xpath","value":"//hierarchy/android.widget.FrameLayout[1]/android.widget.LinearLayout[1]/android.widget.FrameLayout[1]/android.widget.LinearLayout[1]/android.widget.FrameLayout[1]/android.widget.FrameLayout[1]/android.view.ViewGroup[1]/android.view.ViewGroup[1]/android.view.ViewGroup[1]/android.view.ViewGroup[1]/android.support.v4.widget.DrawerLayout[1]/android.view.ViewGroup[1]/android.view.ViewGroup[1]/android.view.ViewGroup[1]/android.view.ViewGroup[1]/android.view.ViewGroup[1]/android.view.ViewGroup[1]/android.widget.ScrollView[1]/android.view.ViewGroup[1]/android.view.ViewGroup[7]/android.widget.TextView[1]"}[39m
[35m[HTTP][39m [37m<-- POST /wd/hub/session/3eaec2e4-1189-40f3-8a9c-2bfb9b174382/elements [39m[32m200[39m [90m794 ms - 139[39m
[35m[HTTP][39m [90m[39m
[35m[HTTP][39m [37m-->[39m [37mGET[39m [37m/wd/hub/session/3eaec2e4-1189-40f3-8a9c-2bfb9b174382/element/63e2189b-6c09-4e07-b0c2-4946d1f715c0/location[39m
[35m[HTTP][39m [90m{}[39m
[35m[W3C (3eaec2e4)][39m Driver proxy active, passing request on via HTTP proxy
[35m[WD Proxy][39m Replacing sessionId 8d0e9070-fcef-4ec8-93eb-4edc3395037d with 3eaec2e4-1189-40f3-8a9c-2bfb9b174382
[35m[HTTP][39m [37m<-- GET /wd/hub/session/3eaec2e4-1189-40f3-8a9c-2bfb9b174382/element/63e2189b-6c09-4e07-b0c2-4946d1f715c0/location [39m[32m200[39m [90m42 ms - 90[39m
[35m[HTTP][39m [90m[39m
[35m[HTTP][39m [37m-->[39m [37mPOST[39m [37m/wd/hub/session/3eaec2e4-1189-40f3-8a9c-2bfb9b174382/timeouts[39m
[35m[HTTP][39m [90m{"implicit":30000}[39m
[35m[HTTP][39m [37m<-- POST /wd/hub/session/3eaec2e4-1189-40f3-8a9c-2bfb9b174382/timeouts [39m[32m200[39m [90m3 ms - 14[39m
[35m[HTTP][39m [90m[39m
[35m[HTTP][39m [37m-->[39m [37mPOST[39m [37m/wd/hub/session/3eaec2e4-1189-40f3-8a9c-2bfb9b174382/touch/perform[39m
[35m[HTTP][39m [90m{"actions":[{"action":"tap","options":{"x":1,"y":1,"element":"63e2189b-6c09-4e07-b0c2-4946d1f715c0"}},{"action":"release","options":{}}]}[39m
[35m[UiAutomator2][39m calling get location: 63e2189b-6c09-4e07-b0c2-4946d1f715c0
[35m[HTTP][39m [37m<-- POST /wd/hub/session/3eaec2e4-1189-40f3-8a9c-2bfb9b174382/touch/perform [39m[32m200[39m [90m69 ms - 14[39m
[35m[HTTP][39m [90m[39m
[35m[HTTP][39m [37m-->[39m [37mPOST[39m [37m/wd/hub/session/3eaec2e4-1189-40f3-8a9c-2bfb9b174382/timeouts[39m
[35m[HTTP][39m [90m{"implicit":50}[39m
[35m[HTTP][39m [37m<-- POST /wd/hub/session/3eaec2e4-1189-40f3-8a9c-2bfb9b174382/timeouts [39m[32m200[39m [90m3 ms - 14[39m
[35m[HTTP][39m [90m[39m
[35m[HTTP][39m [37m-->[39m [37mGET[39m [37m/wd/hub/session/3eaec2e4-1189-40f3-8a9c-2bfb9b174382/window/rect[39m
[35m[HTTP][39m [90m{}[39m
[35m[HTTP][39m [37m<-- GET /wd/hub/session/3eaec2e4-1189-40f3-8a9c-2bfb9b174382/window/rect [39m[32m200[39m [90m28 ms - 50[39m
[35m[HTTP][39m [90m[39m
[35m[HTTP][39m [37m-->[39m [37mPOST[39m [37m/wd/hub/session/3eaec2e4-1189-40f3-8a9c-2bfb9b174382/elements[39m
[35m[HTTP][39m [90m{"using":"-android uiautomator","value":"new UiSelector().className(\"android.widget.TextView\").text(\"Bannerghatta Main Road, BTM Layout, 2nd Stage, 2nd Main Road, No 18, First Floor, Bengaluru, Karnataka 560076, India\")"}[39m
[35m[HTTP][39m [37m<-- POST /wd/hub/session/3eaec2e4-1189-40f3-8a9c-2bfb9b174382/elements [39m[32m200[39m [90m770 ms - 12[39m
[35m[HTTP][39m [90m[39m
[35m[HTTP][39m [37m-->[39m [37mPOST[39m [37m/wd/hub/session/3eaec2e4-1189-40f3-8a9c-2bfb9b174382/elements[39m
[35m[HTTP][39m [90m{"using":"-android uiautomator","value":"new UiSelector().className(\"android.widget.TextView\").text(\"Bannerghatta Main Road, BTM Layout, 2nd Stage, 2nd Main Road, No 18, First Floor, Bengaluru, Karnataka 560076, India\")"}[39m
[35m[HTTP][39m [37m<-- POST /wd/hub/session/3eaec2e4-1189-40f3-8a9c-2bfb9b174382/elements [39m[32m200[39m [90m53 ms - 12[39m
[35m[HTTP][39m [90m[39m
[35m[HTTP][39m [37m-->[39m [37mPOST[39m [37m/wd/hub/session/3eaec2e4-1189-40f3-8a9c-2bfb9b174382/elements[39m
[35m[HTTP][39m [90m{"using":"-android uiautomator","value":"new UiSelector().className(\"android.widget.TextView\").text(\"Bannerghatta Main Road, BTM Layout, 2nd Stage, 2nd Main Road, No 18, First Floor, Bengaluru, Karnataka 560076, India\")"}[39m
[35m[HTTP][39m [37m<-- POST /wd/hub/session/3eaec2e4-1189-40f3-8a9c-2bfb9b174382/elements [39m[32m200[39m [90m52 ms - 12[39m
[35m[HTTP][39m [90m[39m
[35m[HTTP][39m [37m-->[39m [37mPOST[39m [37m/wd/hub/session/3eaec2e4-1189-40f3-8a9c-2bfb9b174382/elements[39m
[35m[HTTP][39m [90m{"using":"-android uiautomator","value":"new UiSelector().className(\"android.widget.TextView\").text(\"Bannerghatta Main Road, BTM Layout, 2nd Stage, 2nd Main Road, No 18, First Floor, Bengaluru, Karnataka 560076, India\")"}[39m
[35m[HTTP][39m [37m<-- POST /wd/hub/session/3eaec2e4-1189-40f3-8a9c-2bfb9b174382/elements [39m[32m200[39m [90m806 ms - 12[39m
[35m[HTTP][39m [90m[39m
[35m[HTTP][39m [37m-->[39m [37mPOST[39m [37m/wd/hub/session/3eaec2e4-1189-40f3-8a9c-2bfb9b174382/elements[39m
[35m[HTTP][39m [90m{"using":"-android uiautomator","value":"new UiSelector().className(\"android.widget.TextView\").text(\"Bannerghatta Main Road, BTM Layout, 2nd Stage, 2nd Main Road, No 18, First Floor, Bengaluru, Karnataka 560076, India\")"}[39m
[35m[HTTP][39m [37m<-- POST /wd/hub/session/3eaec2e4-1189-40f3-8a9c-2bfb9b174382/elements [39m[32m200[39m [90m763 ms - 12[39m
[35m[HTTP][39m [90m[39m
[35m[HTTP][39m [37m-->[39m [37mPOST[39m [37m/wd/hub/session/3eaec2e4-1189-40f3-8a9c-2bfb9b174382/elements[39m
[35m[HTTP][39m [90m{"using":"-android uiautomator","value":"new UiSelector().className(\"android.widget.TextView\").text(\"Bannerghatta Main Road, BTM Layout, 2nd Stage, 2nd Main Road, No 18, First Floor, Bengaluru, Karnataka 560076, India\")"}[39m
[35m[HTTP][39m [37m<-- POST /wd/hub/session/3eaec2e4-1189-40f3-8a9c-2bfb9b174382/elements [39m[32m200[39m [90m55 ms - 12[39m
[35m[HTTP][39m [90m[39m
[35m[HTTP][39m [37m-->[39m [37mPOST[39m [37m/wd/hub/session/3eaec2e4-1189-40f3-8a9c-2bfb9b174382/elements[39m
[35m[HTTP][39m [90m{"using":"-android uiautomator","value":"new UiSelector().className(\"android.widget.TextView\").text(\"Bannerghatta Main Road, BTM Layout, 2nd Stage, 2nd Main Road, No 18, First Floor, Bengaluru, Karnataka 560076, India\")"}[39m
[35m[HTTP][39m [37m<-- POST /wd/hub/session/3eaec2e4-1189-40f3-8a9c-2bfb9b174382/elements [39m[32m200[39m [90m77 ms - 12[39m
[35m[HTTP][39m [90m[39m
[35m[HTTP][39m [37m-->[39m [37mPOST[39m [37m/wd/hub/session/3eaec2e4-1189-40f3-8a9c-2bfb9b174382/elements[39m
[35m[HTTP][39m [90m{"using":"-android uiautomator","value":"new UiSelector().className(\"android.widget.TextView\").text(\"Bannerghatta Main Road, BTM Layout, 2nd Stage, 2nd Main Road, No 18, First Floor, Bengaluru, Karnataka 560076, India\")"}[39m
[35m[HTTP][39m [37m<-- POST /wd/hub/session/3eaec2e4-1189-40f3-8a9c-2bfb9b174382/elements [39m[32m200[39m [90m84 ms - 12[39m
[35m[HTTP][39m [90m[39m
[35m[HTTP][39m [37m-->[39m [37mPOST[39m [37m/wd/hub/session/3eaec2e4-1189-40f3-8a9c-2bfb9b174382/elements[39m
[35m[HTTP][39m [90m{"using":"-android uiautomator","value":"new UiSelector().className(\"android.widget.TextView\").text(\"Bannerghatta Main Road, BTM Layout, 2nd Stage, 2nd Main Road, No 18, First Floor, Bengaluru, Karnataka 560076, India\")"}[39m
[35m[HTTP][39m [37m<-- POST /wd/hub/session/3eaec2e4-1189-40f3-8a9c-2bfb9b174382/elements [39m[32m200[39m [90m57 ms - 12[39m
[35m[HTTP][39m [90m[39m
[35m[HTTP][39m [37m-->[39m [37mPOST[39m [37m/wd/hub/session/3eaec2e4-1189-40f3-8a9c-2bfb9b174382/elements[39m
[35m[HTTP][39m [90m{"using":"-android uiautomator","value":"new UiSelector().className(\"android.widget.TextView\").text(\"Bannerghatta Main Road, BTM Layout, 2nd Stage, 2nd Main Road, No 18, First Floor, Bengaluru, Karnataka 560076, India\")"}[39m
[35m[HTTP][39m [37m<-- POST /wd/hub/session/3eaec2e4-1189-40f3-8a9c-2bfb9b174382/elements [39m[32m200[39m [90m64 ms - 12[39m
[35m[HTTP][39m [90m[39m
[35m[HTTP][39m [37m-->[39m [37mPOST[39m [37m/wd/hub/session/3eaec2e4-1189-40f3-8a9c-2bfb9b174382/elements[39m
[35m[HTTP][39m [90m{"using":"-android uiautomator","value":"new UiSelector().className(\"android.widget.TextView\").text(\"Bannerghatta Main Road, BTM Layout, 2nd Stage, 2nd Main Road, No 18, First Floor, Bengaluru, Karnataka 560076, India\")"}[39m
[35m[HTTP][39m [37m<-- POST /wd/hub/session/3eaec2e4-1189-40f3-8a9c-2bfb9b174382/elements [39m[32m200[39m [90m59 ms - 12[39m
[35m[HTTP][39m [90m[39m
[35m[HTTP][39m [37m-->[39m [37mPOST[39m [37m/wd/hub/session/3eaec2e4-1189-40f3-8a9c-2bfb9b174382/elements[39m
[35m[HTTP][39m [90m{"using":"-android uiautomator","value":"new UiSelector().className(\"android.widget.TextView\").text(\"Bannerghatta Main Road, BTM Layout, 2nd Stage, 2nd Main Road, No 18, First Floor, Bengaluru, Karnataka 560076, India\")"}[39m
[35m[HTTP][39m [37m<-- POST /wd/hub/session/3eaec2e4-1189-40f3-8a9c-2bfb9b174382/elements [39m[32m200[39m [90m67 ms - 12[39m
[35m[HTTP][39m [90m[39m
[35m[HTTP][39m [37m-->[39m [37mPOST[39m [37m/wd/hub/session/3eaec2e4-1189-40f3-8a9c-2bfb9b174382/elements[39m
[35m[HTTP][39m [90m{"using":"-android uiautomator","value":"new UiSelector().className(\"android.widget.TextView\").text(\"Bannerghatta Main Road, BTM Layout, 2nd Stage, 2nd Main Road, No 18, First Floor, Bengaluru, Karnataka 560076, India\")"}[39m
[35m[HTTP][39m [37m<-- POST /wd/hub/session/3eaec2e4-1189-40f3-8a9c-2bfb9b174382/elements [39m[32m200[39m [90m57 ms - 12[39m
[35m[HTTP][39m [90m[39m
[35m[HTTP][39m [37m-->[39m [37mPOST[39m [37m/wd/hub/session/3eaec2e4-1189-40f3-8a9c-2bfb9b174382/elements[39m
[35m[HTTP][39m [90m{"using":"-android uiautomator","value":"new UiSelector().className(\"android.widget.TextView\").text(\"Bannerghatta Main Road, BTM Layout, 2nd Stage, 2nd Main Road, No 18, First Floor, Bengaluru, Karnataka 560076, India\")"}[39m
[35m[HTTP][39m [37m<-- POST /wd/hub/session/3eaec2e4-1189-40f3-8a9c-2bfb9b174382/elements [39m[32m200[39m [90m53 ms - 12[39m
[35m[HTTP][39m [90m[39m
[35m[HTTP][39m [37m-->[39m [37mPOST[39m [37m/wd/hub/session/3eaec2e4-1189-40f3-8a9c-2bfb9b174382/elements[39m
[35m[HTTP][39m [90m{"using":"-android uiautomator","value":"new UiSelector().className(\"android.widget.TextView\").text(\"Bannerghatta Main Road, BTM Layout, 2nd Stage, 2nd Main Road, No 18, First Floor, Bengaluru, Karnataka 560076, India\")"}[39m
[35m[HTTP][39m [37m<-- POST /wd/hub/session/3eaec2e4-1189-40f3-8a9c-2bfb9b174382/elements [39m[32m200[39m [90m617 ms - 12[39m
[35m[HTTP][39m [90m[39m
[35m[HTTP][39m [37m-->[39m [37mPOST[39m [37m/wd/hub/session/3eaec2e4-1189-40f3-8a9c-2bfb9b174382/elements[39m
[35m[HTTP][39m [90m{"using":"-android uiautomator","value":"new UiSelector().className(\"android.widget.TextView\").text(\"Bannerghatta Main Road, BTM Layout, 2nd Stage, 2nd Main Road, No 18, First Floor, Bengaluru, Karnataka 560076, India\")"}[39m
[35m[HTTP][39m [37m<-- POST /wd/hub/session/3eaec2e4-1189-40f3-8a9c-2bfb9b174382/elements [39m[32m200[39m [90m667 ms - 12[39m
[35m[HTTP][39m [90m[39m
[35m[HTTP][39m [37m-->[39m [37mPOST[39m [37m/wd/hub/session/3eaec2e4-1189-40f3-8a9c-2bfb9b174382/elements[39m
[35m[HTTP][39m [90m{"using":"-android uiautomator","value":"new UiSelector().className(\"android.widget.TextView\").text(\"Bannerghatta Main Road, BTM Layout, 2nd Stage, 2nd Main Road, No 18, First Floor, Bengaluru, Karnataka 560076, India\")"}[39m
[35m[HTTP][39m [37m<-- POST /wd/hub/session/3eaec2e4-1189-40f3-8a9c-2bfb9b174382/elements [39m[32m200[39m [90m86 ms - 12[39m
[35m[HTTP][39m [90m[39m
[35m[HTTP][39m [37m-->[39m [37mPOST[39m [37m/wd/hub/session/3eaec2e4-1189-40f3-8a9c-2bfb9b174382/elements[39m
[35m[HTTP][39m [90m{"using":"-android uiautomator","value":"new UiSelector().className(\"android.widget.TextView\").text(\"Bannerghatta Main Road, BTM Layout, 2nd Stage, 2nd Main Road, No 18, First Floor, Bengaluru, Karnataka 560076, India\")"}[39m
[35m[HTTP][39m [37m<-- POST /wd/hub/session/3eaec2e4-1189-40f3-8a9c-2bfb9b174382/elements [39m[32m200[39m [90m59 ms - 12[39m
[35m[HTTP][39m [90m[39m
[35m[HTTP][39m [37m-->[39m [37mPOST[39m [37m/wd/hub/session/3eaec2e4-1189-40f3-8a9c-2bfb9b174382/elements[39m
[35m[HTTP][39m [90m{"using":"-android uiautomator","value":"new UiSelector().className(\"android.widget.TextView\").text(\"Bannerghatta Main Road, BTM Layout, 2nd Stage, 2nd Main Road, No 18, First Floor, Bengaluru, Karnataka 560076, India\")"}[39m
[35m[HTTP][39m [37m<-- POST /wd/hub/session/3eaec2e4-1189-40f3-8a9c-2bfb9b174382/elements [39m[32m200[39m [90m69 ms - 12[39m
[35m[HTTP][39m [90m[39m
[35m[HTTP][39m [37m-->[39m [37mPOST[39m [37m/wd/hub/session/3eaec2e4-1189-40f3-8a9c-2bfb9b174382/elements[39m
[35m[HTTP][39m [90m{"using":"-android uiautomator","value":"new UiSelector().className(\"android.widget.TextView\").text(\"Bannerghatta Main Road, BTM Layout, 2nd Stage, 2nd Main Road, No 18, First Floor, Bengaluru, Karnataka 560076, India\")"}[39m
[35m[HTTP][39m [37m<-- POST /wd/hub/session/3eaec2e4-1189-40f3-8a9c-2bfb9b174382/elements [39m[32m200[39m [90m60 ms - 12[39m
[35m[HTTP][39m [90m[39m
[35m[HTTP][39m [37m-->[39m [37mPOST[39m [37m/wd/hub/session/3eaec2e4-1189-40f3-8a9c-2bfb9b174382/elements[39m
[35m[HTTP][39m [90m{"using":"-android uiautomator","value":"new UiSelector().className(\"android.widget.TextView\").text(\"Bannerghatta Main Road, BTM Layout, 2nd Stage, 2nd Main Road, No 18, First Floor, Bengaluru, Karnataka 560076, India\")"}[39m
[35m[HTTP][39m [37m<-- POST /wd/hub/session/3eaec2e4-1189-40f3-8a9c-2bfb9b174382/elements [39m[32m200[39m [90m61 ms - 12[39m
[35m[HTTP][39m [90m[39m
[35m[HTTP][39m [37m-->[39m [37mPOST[39m [37m/wd/hub/session/3eaec2e4-1189-40f3-8a9c-2bfb9b174382/elements[39m
[35m[HTTP][39m [90m{"using":"-android uiautomator","value":"new UiSelector().className(\"android.widget.TextView\").text(\"Bannerghatta Main Road, BTM Layout, 2nd Stage, 2nd Main Road, No 18, First Floor, Bengaluru, Karnataka 560076, India\")"}[39m
[35m[HTTP][39m [37m<-- POST /wd/hub/session/3eaec2e4-1189-40f3-8a9c-2bfb9b174382/elements [39m[32m200[39m [90m62 ms - 12[39m
[35m[HTTP][39m [90m[39m
[35m[HTTP][39m [37m-->[39m [37mPOST[39m [37m/wd/hub/session/3eaec2e4-1189-40f3-8a9c-2bfb9b174382/elements[39m
[35m[HTTP][39m [90m{"using":"-android uiautomator","value":"new UiSelector().className(\"android.widget.TextView\").text(\"Bannerghatta Main Road, BTM Layout, 2nd Stage, 2nd Main Road, No 18, First Floor, Bengaluru, Karnataka 560076, India\")"}[39m
[35m[HTTP][39m [37m<-- POST /wd/hub/session/3eaec2e4-1189-40f3-8a9c-2bfb9b174382/elements [39m[32m200[39m [90m63 ms - 12[39m
[35m[HTTP][39m [90m[39m
[35m[HTTP][39m [37m-->[39m [37mPOST[39m [37m/wd/hub/session/3eaec2e4-1189-40f3-8a9c-2bfb9b174382/elements[39m
[35m[HTTP][39m [90m{"using":"-android uiautomator","value":"new UiSelector().className(\"android.widget.TextView\").text(\"Bannerghatta Main Road, BTM Layout, 2nd Stage, 2nd Main Road, No 18, First Floor, Bengaluru, Karnataka 560076, India\")"}[39m
[35m[HTTP][39m [37m<-- POST /wd/hub/session/3eaec2e4-1189-40f3-8a9c-2bfb9b174382/elements [39m[32m200[39m [90m59 ms - 12[39m
[35m[HTTP][39m [90m[39m
[35m[HTTP][39m [37m-->[39m [37mPOST[39m [37m/wd/hub/session/3eaec2e4-1189-40f3-8a9c-2bfb9b174382/elements[39m
[35m[HTTP][39m [90m{"using":"-android uiautomator","value":"new UiSelector().className(\"android.widget.TextView\").text(\"Bannerghatta Main Road, BTM Layout, 2nd Stage, 2nd Main Road, No 18, First Floor, Bengaluru, Karnataka 560076, India\")"}[39m
[35m[HTTP][39m [37m<-- POST /wd/hub/session/3eaec2e4-1189-40f3-8a9c-2bfb9b174382/elements [39m[32m200[39m [90m92 ms - 12[39m
[35m[HTTP][39m [90m[39m
[35m[HTTP][39m [37m-->[39m [37mPOST[39m [37m/wd/hub/session/3eaec2e4-1189-40f3-8a9c-2bfb9b174382/elements[39m
[35m[HTTP][39m [90m{"using":"-android uiautomator","value":"new UiSelector().className(\"android.widget.TextView\").text(\"Bannerghatta Main Road, BTM Layout, 2nd Stage, 2nd Main Road, No 18, First Floor, Bengaluru, Karnataka 560076, India\")"}[39m
[35m[HTTP][39m [37m<-- POST /wd/hub/session/3eaec2e4-1189-40f3-8a9c-2bfb9b174382/elements [39m[32m200[39m [90m72 ms - 12[39m
[35m[HTTP][39m [90m[39m
[35m[HTTP][39m [37m-->[39m [37mPOST[39m [37m/wd/hub/session/3eaec2e4-1189-40f3-8a9c-2bfb9b174382/elements[39m
[35m[HTTP][39m [90m{"using":"-android uiautomator","value":"new UiSelector().className(\"android.widget.TextView\").text(\"Bannerghatta Main Road, BTM Layout, 2nd Stage, 2nd Main Road, No 18, First Floor, Bengaluru, Karnataka 560076, India\")"}[39m
[35m[HTTP][39m [37m<-- POST /wd/hub/session/3eaec2e4-1189-40f3-8a9c-2bfb9b174382/elements [39m[32m200[39m [90m59 ms - 12[39m
[35m[HTTP][39m [90m[39m
[35m[HTTP][39m [37m-->[39m [37mPOST[39m [37m/wd/hub/session/3eaec2e4-1189-40f3-8a9c-2bfb9b174382/elements[39m
[35m[HTTP][39m [90m{"using":"-android uiautomator","value":"new UiSelector().className(\"android.widget.TextView\").text(\"Bannerghatta Main Road, BTM Layout, 2nd Stage, 2nd Main Road, No 18, First Floor, Bengaluru, Karnataka 560076, India\")"}[39m
[35m[HTTP][39m [37m<-- POST /wd/hub/session/3eaec2e4-1189-40f3-8a9c-2bfb9b174382/elements [39m[32m200[39m [90m61 ms - 12[39m
[35m[HTTP][39m [90m[39m
[35m[HTTP][39m [37m-->[39m [37mPOST[39m [37m/wd/hub/session/3eaec2e4-1189-40f3-8a9c-2bfb9b174382/elements[39m
[35m[HTTP][39m [90m{"using":"-android uiautomator","value":"new UiSelector().className(\"android.widget.TextView\").text(\"Bannerghatta Main Road, BTM Layout, 2nd Stage, 2nd Main Road, No 18, First Floor, Bengaluru, Karnataka 560076, India\")"}[39m
[35m[HTTP][39m [37m<-- POST /wd/hub/session/3eaec2e4-1189-40f3-8a9c-2bfb9b174382/elements [39m[32m200[39m [90m69 ms - 12[39m
[35m[HTTP][39m [90m[39m
[35m[HTTP][39m [37m-->[39m [37mPOST[39m [37m/wd/hub/session/3eaec2e4-1189-40f3-8a9c-2bfb9b174382/elements[39m
[35m[HTTP][39m [90m{"using":"-android uiautomator","value":"new UiSelector().className(\"android.widget.TextView\").text(\"Bannerghatta Main Road, BTM Layout, 2nd Stage, 2nd Main Road, No 18, First Floor, Bengaluru, Karnataka 560076, India\")"}[39m
[35m[HTTP][39m [37m<-- POST /wd/hub/session/3eaec2e4-1189-40f3-8a9c-2bfb9b174382/elements [39m[32m200[39m [90m71 ms - 12[39m
[35m[HTTP][39m [90m[39m
[35m[HTTP][39m [37m-->[39m [37mPOST[39m [37m/wd/hub/session/3eaec2e4-1189-40f3-8a9c-2bfb9b174382/elements[39m
[35m[HTTP][39m [90m{"using":"-android uiautomator","value":"new UiSelector().className(\"android.widget.TextView\").text(\"Bannerghatta Main Road, BTM Layout, 2nd Stage, 2nd Main Road, No 18, First Floor, Bengaluru, Karnataka 560076, India\")"}[39m
[35m[HTTP][39m [37m<-- POST /wd/hub/session/3eaec2e4-1189-40f3-8a9c-2bfb9b174382/elements [39m[32m200[39m [90m667 ms - 12[39m
[35m[HTTP][39m [90m[39m
[35m[HTTP][39m [37m-->[39m [37mPOST[39m [37m/wd/hub/session/3eaec2e4-1189-40f3-8a9c-2bfb9b174382/elements[39m
[35m[HTTP][39m [90m{"using":"-android uiautomator","value":"new UiSelector().className(\"android.widget.TextView\").text(\"Bannerghatta Main Road, BTM Layout, 2nd Stage, 2nd Main Road, No 18, First Floor, Bengaluru, Karnataka 560076, India\")"}[39m
[35m[HTTP][39m [37m<-- POST /wd/hub/session/3eaec2e4-1189-40f3-8a9c-2bfb9b174382/elements [39m[32m200[39m [90m79 ms - 12[39m
[35m[HTTP][39m [90m[39m
[35m[HTTP][39m [37m-->[39m [37mPOST[39m [37m/wd/hub/session/3eaec2e4-1189-40f3-8a9c-2bfb9b174382/elements[39m
[35m[HTTP][39m [90m{"using":"-android uiautomator","value":"new UiSelector().className(\"android.widget.TextView\").text(\"Bannerghatta Main Road, BTM Layout, 2nd Stage, 2nd Main Road, No 18, First Floor, Bengaluru, Karnataka 560076, India\")"}[39m
[35m[HTTP][39m [37m<-- POST /wd/hub/session/3eaec2e4-1189-40f3-8a9c-2bfb9b174382/elements [39m[32m200[39m [90m60 ms - 12[39m
[35m[HTTP][39m [90m[39m
[35m[HTTP][39m [37m-->[39m [37mPOST[39m [37m/wd/hub/session/3eaec2e4-1189-40f3-8a9c-2bfb9b174382/elements[39m
[35m[HTTP][39m [90m{"using":"-android uiautomator","value":"new UiSelector().className(\"android.widget.TextView\").text(\"Bannerghatta Main Road, BTM Layout, 2nd Stage, 2nd Main Road, No 18, First Floor, Bengaluru, Karnataka 560076, India\")"}[39m
[35m[HTTP][39m [37m<-- POST /wd/hub/session/3eaec2e4-1189-40f3-8a9c-2bfb9b174382/elements [39m[32m200[39m [90m609 ms - 12[39m
[35m[HTTP][39m [90m[39m
[35m[HTTP][39m [37m-->[39m [37mPOST[39m [37m/wd/hub/session/3eaec2e4-1189-40f3-8a9c-2bfb9b174382/elements[39m
[35m[HTTP][39m [90m{"using":"-android uiautomator","value":"new UiSelector().className(\"android.widget.TextView\").text(\"Bannerghatta Main Road, BTM Layout, 2nd Stage, 2nd Main Road, No 18, First Floor, Bengaluru, Karnataka 560076, India\")"}[39m
[35m[HTTP][39m [37m<-- POST /wd/hub/session/3eaec2e4-1189-40f3-8a9c-2bfb9b174382/elements [39m[32m200[39m [90m642 ms - 12[39m
[35m[HTTP][39m [90m[39m
[35m[HTTP][39m [37m-->[39m [37mPOST[39m [37m/wd/hub/session/3eaec2e4-1189-40f3-8a9c-2bfb9b174382/elements[39m
[35m[HTTP][39m [90m{"using":"-android uiautomator","value":"new UiSelector().className(\"android.widget.TextView\").text(\"Bannerghatta Main Road, BTM Layout, 2nd Stage, 2nd Main Road, No 18, First Floor, Bengaluru, Karnataka 560076, India\")"}[39m
[35m[HTTP][39m [37m<-- POST /wd/hub/session/3eaec2e4-1189-40f3-8a9c-2bfb9b174382/elements [39m[32m200[39m [90m90 ms - 12[39m
[35m[HTTP][39m [90m[39m
[35m[HTTP][39m [37m-->[39m [37mPOST[39m [37m/wd/hub/session/3eaec2e4-1189-40f3-8a9c-2bfb9b174382/elements[39m
[35m[HTTP][39m [90m{"using":"-android uiautomator","value":"new UiSelector().className(\"android.widget.TextView\").text(\"Bannerghatta Main Road, BTM Layout, 2nd Stage, 2nd Main Road, No 18, First Floor, Bengaluru, Karnataka 560076, India\")"}[39m
[35m[HTTP][39m [37m<-- POST /wd/hub/session/3eaec2e4-1189-40f3-8a9c-2bfb9b174382/elements [39m[32m200[39m [90m57 ms - 12[39m
[35m[HTTP][39m [90m[39m
[35m[HTTP][39m [37m-->[39m [37mPOST[39m [37m/wd/hub/session/3eaec2e4-1189-40f3-8a9c-2bfb9b174382/elements[39m
[35m[HTTP][39m [90m{"using":"-android uiautomator","value":"new UiSelector().className(\"android.widget.TextView\").text(\"Bannerghatta Main Road, BTM Layout, 2nd Stage, 2nd Main Road, No 18, First Floor, Bengaluru, Karnataka 560076, India\")"}[39m
[35m[HTTP][39m [37m<-- POST /wd/hub/session/3eaec2e4-1189-40f3-8a9c-2bfb9b174382/elements [39m[32m200[39m [90m66 ms - 12[39m
[35m[HTTP][39m [90m[39m
[35m[HTTP][39m [37m-->[39m [37mPOST[39m [37m/wd/hub/session/3eaec2e4-1189-40f3-8a9c-2bfb9b174382/elements[39m
[35m[HTTP][39m [90m{"using":"-android uiautomator","value":"new UiSelector().className(\"android.widget.TextView\").text(\"Bannerghatta Main Road, BTM Layout, 2nd Stage, 2nd Main Road, No 18, First Floor, Bengaluru, Karnataka 560076, India\")"}[39m
[35m[HTTP][39m [37m<-- POST /wd/hub/session/3eaec2e4-1189-40f3-8a9c-2bfb9b174382/elements [39m[32m200[39m [90m85 ms - 12[39m
[35m[HTTP][39m [90m[39m
[35m[HTTP][39m [37m-->[39m [37mPOST[39m [37m/wd/hub/session/3eaec2e4-1189-40f3-8a9c-2bfb9b174382/elements[39m
[35m[HTTP][39m [90m{"using":"-android uiautomator","value":"new UiSelector().className(\"android.widget.TextView\").text(\"Bannerghatta Main Road, BTM Layout, 2nd Stage, 2nd Main Road, No 18, First Floor, Bengaluru, Karnataka 560076, India\")"}[39m
[35m[HTTP][39m [37m<-- POST /wd/hub/session/3eaec2e4-1189-40f3-8a9c-2bfb9b174382/elements [39m[32m200[39m [90m65 ms - 12[39m
[35m[HTTP][39m [90m[39m
[35m[HTTP][39m [37m-->[39m [37mPOST[39m [37m/wd/hub/session/3eaec2e4-1189-40f3-8a9c-2bfb9b174382/elements[39m
[35m[HTTP][39m [90m{"using":"-android uiautomator","value":"new UiSelector().className(\"android.widget.TextView\").text(\"Bannerghatta Main Road, BTM Layout, 2nd Stage, 2nd Main Road, No 18, First Floor, Bengaluru, Karnataka 560076, India\")"}[39m
[35m[HTTP][39m [37m<-- POST /wd/hub/session/3eaec2e4-1189-40f3-8a9c-2bfb9b174382/elements [39m[32m200[39m [90m647 ms - 12[39m
[35m[HTTP][39m [90m[39m
[35m[HTTP][39m [37m-->[39m [37mPOST[39m [37m/wd/hub/session/3eaec2e4-1189-40f3-8a9c-2bfb9b174382/elements[39m
[35m[HTTP][39m [90m{"using":"-android uiautomator","value":"new UiSelector().className(\"android.widget.TextView\").text(\"Bannerghatta Main Road, BTM Layout, 2nd Stage, 2nd Main Road, No 18, First Floor, Bengaluru, Karnataka 560076, India\")"}[39m
[35m[HTTP][39m [37m<-- POST /wd/hub/session/3eaec2e4-1189-40f3-8a9c-2bfb9b174382/elements [39m[32m200[39m [90m82 ms - 12[39m
[35m[HTTP][39m [90m[39m
[35m[HTTP][39m [37m-->[39m [37mPOST[39m [37m/wd/hub/session/3eaec2e4-1189-40f3-8a9c-2bfb9b174382/elements[39m
[35m[HTTP][39m [90m{"using":"-android uiautomator","value":"new UiSelector().className(\"android.widget.TextView\").text(\"Bannerghatta Main Road, BTM Layout, 2nd Stage, 2nd Main Road, No 18, First Floor, Bengaluru, Karnataka 560076, India\")"}[39m
[35m[HTTP][39m [37m<-- POST /wd/hub/session/3eaec2e4-1189-40f3-8a9c-2bfb9b174382/elements [39m[32m200[39m [90m61 ms - 12[39m
[35m[HTTP][39m [90m[39m
[35m[HTTP][39m [37m-->[39m [37mPOST[39m [37m/wd/hub/session/3eaec2e4-1189-40f3-8a9c-2bfb9b174382/elements[39m
[35m[HTTP][39m [90m{"using":"-android uiautomator","value":"new UiSelector().className(\"android.widget.TextView\").text(\"Bannerghatta Main Road, BTM Layout, 2nd Stage, 2nd Main Road, No 18, First Floor, Bengaluru, Karnataka 560076, India\")"}[39m
[35m[HTTP][39m [37m<-- POST /wd/hub/session/3eaec2e4-1189-40f3-8a9c-2bfb9b174382/elements [39m[32m200[39m [90m61 ms - 12[39m
[35m[HTTP][39m [90m[39m
[35m[HTTP][39m [37m-->[39m [37mPOST[39m [37m/wd/hub/session/3eaec2e4-1189-40f3-8a9c-2bfb9b174382/elements[39m
[35m[HTTP][39m [90m{"using":"-android uiautomator","value":"new UiSelector().className(\"android.widget.TextView\").text(\"Bannerghatta Main Road, BTM Layout, 2nd Stage, 2nd Main Road, No 18, First Floor, Bengaluru, Karnataka 560076, India\")"}[39m
[35m[HTTP][39m [37m<-- POST /wd/hub/session/3eaec2e4-1189-40f3-8a9c-2bfb9b174382/elements [39m[32m200[39m [90m81 ms - 12[39m
[35m[HTTP][39m [90m[39m
[35m[HTTP][39m [37m-->[39m [37mPOST[39m [37m/wd/hub/session/3eaec2e4-1189-40f3-8a9c-2bfb9b174382/elements[39m
[35m[HTTP][39m [90m{"using":"-android uiautomator","value":"new UiSelector().className(\"android.widget.TextView\").text(\"Bannerghatta Main Road, BTM Layout, 2nd Stage, 2nd Main Road, No 18, First Floor, Bengaluru, Karnataka 560076, India\")"}[39m
[35m[HTTP][39m [37m<-- POST /wd/hub/session/3eaec2e4-1189-40f3-8a9c-2bfb9b174382/elements [39m[32m200[39m [90m57 ms - 12[39m
[35m[HTTP][39m [90m[39m
[35m[HTTP][39m [37m-->[39m [37mPOST[39m [37m/wd/hub/session/3eaec2e4-1189-40f3-8a9c-2bfb9b174382/elements[39m
[35m[HTTP][39m [90m{"using":"-android uiautomator","value":"new UiSelector().className(\"android.widget.TextView\").text(\"Bannerghatta Main Road, BTM Layout, 2nd Stage, 2nd Main Road, No 18, First Floor, Bengaluru, Karnataka 560076, India\")"}[39m
[35m[HTTP][39m [37m<-- POST /wd/hub/session/3eaec2e4-1189-40f3-8a9c-2bfb9b174382/elements [39m[32m200[39m [90m640 ms - 12[39m
[35m[HTTP][39m [90m[39m
[35m[HTTP][39m [37m-->[39m [37mPOST[39m [37m/wd/hub/session/3eaec2e4-1189-40f3-8a9c-2bfb9b174382/elements[39m
[35m[HTTP][39m [90m{"using":"-android uiautomator","value":"new UiSelector().className(\"android.widget.TextView\").text(\"Bannerghatta Main Road, BTM Layout, 2nd Stage, 2nd Main Road, No 18, First Floor, Bengaluru, Karnataka 560076, India\")"}[39m
[35m[HTTP][39m [37m<-- POST /wd/hub/session/3eaec2e4-1189-40f3-8a9c-2bfb9b174382/elements [39m[32m200[39m [90m70 ms - 12[39m
[35m[HTTP][39m [90m[39m
[35m[HTTP][39m [37m-->[39m [37mPOST[39m [37m/wd/hub/session/3eaec2e4-1189-40f3-8a9c-2bfb9b174382/elements[39m
[35m[HTTP][39m [90m{"using":"-android uiautomator","value":"new UiSelector().className(\"android.widget.TextView\").text(\"Bannerghatta Main Road, BTM Layout, 2nd Stage, 2nd Main Road, No 18, First Floor, Bengaluru, Karnataka 560076, India\")"}[39m
[35m[HTTP][39m [37m<-- POST /wd/hub/session/3eaec2e4-1189-40f3-8a9c-2bfb9b174382/elements [39m[32m200[39m [90m51 ms - 12[39m
[35m[HTTP][39m [90m[39m
[35m[HTTP][39m [37m-->[39m [37mPOST[39m [37m/wd/hub/session/3eaec2e4-1189-40f3-8a9c-2bfb9b174382/elements[39m
[35m[HTTP][39m [90m{"using":"-android uiautomator","value":"new UiSelector().className(\"android.widget.TextView\").text(\"Bannerghatta Main Road, BTM Layout, 2nd Stage, 2nd Main Road, No 18, First Floor, Bengaluru, Karnataka 560076, India\")"}[39m
[35m[HTTP][39m [37m<-- POST /wd/hub/session/3eaec2e4-1189-40f3-8a9c-2bfb9b174382/elements [39m[32m200[39m [90m649 ms - 12[39m
[35m[HTTP][39m [90m[39m
[35m[HTTP][39m [37m-->[39m [37mPOST[39m [37m/wd/hub/session/3eaec2e4-1189-40f3-8a9c-2bfb9b174382/elements[39m
[35m[HTTP][39m [90m{"using":"-android uiautomator","value":"new UiSelector().className(\"android.widget.TextView\").text(\"Bannerghatta Main Road, BTM Layout, 2nd Stage, 2nd Main Road, No 18, First Floor, Bengaluru, Karnataka 560076, India\")"}[39m
[35m[HTTP][39m [37m<-- POST /wd/hub/session/3eaec2e4-1189-40f3-8a9c-2bfb9b174382/elements [39m[32m200[39m [90m83 ms - 12[39m
[35m[HTTP][39m [90m[39m
[35m[HTTP][39m [37m-->[39m [37mPOST[39m [37m/wd/hub/session/3eaec2e4-1189-40f3-8a9c-2bfb9b174382/elements[39m
[35m[HTTP][39m [90m{"using":"-android uiautomator","value":"new UiSelector().className(\"android.widget.TextView\").text(\"Bannerghatta Main Road, BTM Layout, 2nd Stage, 2nd Main Road, No 18, First Floor, Bengaluru, Karnataka 560076, India\")"}[39m
[35m[HTTP][39m [37m<-- POST /wd/hub/session/3eaec2e4-1189-40f3-8a9c-2bfb9b174382/elements [39m[32m200[39m [90m70 ms - 12[39m
[35m[HTTP][39m [90m[39m
[35m[HTTP][39m [37m-->[39m [37mPOST[39m [37m/wd/hub/session/3eaec2e4-1189-40f3-8a9c-2bfb9b174382/elements[39m
[35m[HTTP][39m [90m{"using":"-android uiautomator","value":"new UiSelector().className(\"android.widget.TextView\").text(\"Bannerghatta Main Road, BTM Layout, 2nd Stage, 2nd Main Road, No 18, First Floor, Bengaluru, Karnataka 560076, India\")"}[39m
[35m[HTTP][39m [37m<-- POST /wd/hub/session/3eaec2e4-1189-40f3-8a9c-2bfb9b174382/elements [39m[32m200[39m [90m57 ms - 12[39m
[35m[HTTP][39m [90m[39m
[35m[HTTP][39m [37m-->[39m [37mPOST[39m [37m/wd/hub/session/3eaec2e4-1189-40f3-8a9c-2bfb9b174382/elements[39m
[35m[HTTP][39m [90m{"using":"-android uiautomator","value":"new UiSelector().className(\"android.widget.TextView\").text(\"Bannerghatta Main Road, BTM Layout, 2nd Stage, 2nd Main Road, No 18, First Floor, Bengaluru, Karnataka 560076, India\")"}[39m
[35m[HTTP][39m [37m<-- POST /wd/hub/session/3eaec2e4-1189-40f3-8a9c-2bfb9b174382/elements [39m[32m200[39m [90m69 ms - 12[39m
[35m[HTTP][39m [90m[39m
[35m[HTTP][39m [37m-->[39m [37mPOST[39m [37m/wd/hub/session/3eaec2e4-1189-40f3-8a9c-2bfb9b174382/elements[39m
[35m[HTTP][39m [90m{"using":"-android uiautomator","value":"new UiSelector().className(\"android.widget.TextView\").text(\"Bannerghatta Main Road, BTM Layout, 2nd Stage, 2nd Main Road, No 18, First Floor, Bengaluru, Karnataka 560076, India\")"}[39m
[35m[HTTP][39m [37m<-- POST /wd/hub/session/3eaec2e4-1189-40f3-8a9c-2bfb9b174382/elements [39m[32m200[39m [90m66 ms - 12[39m
[35m[HTTP][39m [90m[39m
[35m[HTTP][39m [37m-->[39m [37mPOST[39m [37m/wd/hub/session/3eaec2e4-1189-40f3-8a9c-2bfb9b174382/elements[39m
[35m[HTTP][39m [90m{"using":"-android uiautomator","value":"new UiSelector().className(\"android.widget.TextView\").text(\"Bannerghatta Main Road, BTM Layout, 2nd Stage, 2nd Main Road, No 18, First Floor, Bengaluru, Karnataka 560076, India\")"}[39m
[35m[HTTP][39m [37m<-- POST /wd/hub/session/3eaec2e4-1189-40f3-8a9c-2bfb9b174382/elements [39m[32m200[39m [90m622 ms - 12[39m
[35m[HTTP][39m [90m[39m
[35m[HTTP][39m [37m-->[39m [37mPOST[39m [37m/wd/hub/session/3eaec2e4-1189-40f3-8a9c-2bfb9b174382/elements[39m
[35m[HTTP][39m [90m{"using":"-android uiautomator","value":"new UiSelector().className(\"android.widget.TextView\").text(\"Bannerghatta Main Road, BTM Layout, 2nd Stage, 2nd Main Road, No 18, First Floor, Bengaluru, Karnataka 560076, India\")"}[39m
[35m[HTTP][39m [37m<-- POST /wd/hub/session/3eaec2e4-1189-40f3-8a9c-2bfb9b174382/elements [39m[32m200[39m [90m56 ms - 12[39m
[35m[HTTP][39m [90m[39m
[35m[HTTP][39m [37m-->[39m [37mPOST[39m [37m/wd/hub/session/3eaec2e4-1189-40f3-8a9c-2bfb9b174382/elements[39m
[35m[HTTP][39m [90m{"using":"-android uiautomator","value":"new UiSelector().className(\"android.widget.TextView\").text(\"Bannerghatta Main Road, BTM Layout, 2nd Stage, 2nd Main Road, No 18, First Floor, Bengaluru, Karnataka 560076, India\")"}[39m
[35m[HTTP][39m [37m<-- POST /wd/hub/session/3eaec2e4-1189-40f3-8a9c-2bfb9b174382/elements [39m[32m200[39m [90m60 ms - 12[39m
[35m[HTTP][39m [90m[39m
[35m[HTTP][39m [37m-->[39m [37mPOST[39m [37m/wd/hub/session/3eaec2e4-1189-40f3-8a9c-2bfb9b174382/elements[39m
[35m[HTTP][39m [90m{"using":"-android uiautomator","value":"new UiSelector().className(\"android.widget.TextView\").text(\"Bannerghatta Main Road, BTM Layout, 2nd Stage, 2nd Main Road, No 18, First Floor, Bengaluru, Karnataka 560076, India\")"}[39m
[35m[HTTP][39m [37m<-- POST /wd/hub/session/3eaec2e4-1189-40f3-8a9c-2bfb9b174382/elements [39m[32m200[39m [90m85 ms - 12[39m
[35m[HTTP][39m [90m[39m
[35m[HTTP][39m [37m-->[39m [37mPOST[39m [37m/wd/hub/session/3eaec2e4-1189-40f3-8a9c-2bfb9b174382/elements[39m
[35m[HTTP][39m [90m{"using":"-android uiautomator","value":"new UiSelector().className(\"android.widget.TextView\").text(\"Bannerghatta Main Road, BTM Layout, 2nd Stage, 2nd Main Road, No 18, First Floor, Bengaluru, Karnataka 560076, India\")"}[39m
[35m[HTTP][39m [37m<-- POST /wd/hub/session/3eaec2e4-1189-40f3-8a9c-2bfb9b174382/elements [39m[32m200[39m [90m63 ms - 12[39m
[35m[HTTP][39m [90m[39m
[35m[HTTP][39m [37m-->[39m [37mPOST[39m [37m/wd/hub/session/3eaec2e4-1189-40f3-8a9c-2bfb9b174382/elements[39m
[35m[HTTP][39m [90m{"using":"-android uiautomator","value":"new UiSelector().className(\"android.widget.TextView\").text(\"Bannerghatta Main Road, BTM Layout, 2nd Stage, 2nd Main Road, No 18, First Floor, Bengaluru, Karnataka 560076, India\")"}[39m
[35m[HTTP][39m [37m<-- POST /wd/hub/session/3eaec2e4-1189-40f3-8a9c-2bfb9b174382/elements [39m[32m200[39m [90m601 ms - 12[39m
[35m[HTTP][39m [90m[39m
[35m[HTTP][39m [37m-->[39m [37mPOST[39m [37m/wd/hub/session/3eaec2e4-1189-40f3-8a9c-2bfb9b174382/elements[39m
[35m[HTTP][39m [90m{"using":"-android uiautomator","value":"new UiSelector().className(\"android.widget.TextView\").text(\"Bannerghatta Main Road, BTM Layout, 2nd Stage, 2nd Main Road, No 18, First Floor, Bengaluru, Karnataka 560076, India\")"}[39m
[35m[HTTP][39m [37m<-- POST /wd/hub/session/3eaec2e4-1189-40f3-8a9c-2bfb9b174382/elements [39m[32m200[39m [90m609 ms - 12[39m
[35m[HTTP][39m [90m[39m
[35m[HTTP][39m [37m-->[39m [37mPOST[39m [37m/wd/hub/session/3eaec2e4-1189-40f3-8a9c-2bfb9b174382/elements[39m
[35m[HTTP][39m [90m{"using":"-android uiautomator","value":"new UiSelector().className(\"android.widget.TextView\").text(\"Bannerghatta Main Road, BTM Layout, 2nd Stage, 2nd Main Road, No 18, First Floor, Bengaluru, Karnataka 560076, India\")"}[39m
[35m[HTTP][39m [37m<-- POST /wd/hub/session/3eaec2e4-1189-40f3-8a9c-2bfb9b174382/elements [39m[32m200[39m [90m64 ms - 12[39m
[35m[HTTP][39m [90m[39m
[35m[HTTP][39m [37m-->[39m [37mPOST[39m [37m/wd/hub/session/3eaec2e4-1189-40f3-8a9c-2bfb9b174382/elements[39m
[35m[HTTP][39m [90m{"using":"-android uiautomator","value":"new UiSelector().className(\"android.widget.TextView\").text(\"Bannerghatta Main Road, BTM Layout, 2nd Stage, 2nd Main Road, No 18, First Floor, Bengaluru, Karnataka 560076, India\")"}[39m
[35m[HTTP][39m [37m<-- POST /wd/hub/session/3eaec2e4-1189-40f3-8a9c-2bfb9b174382/elements [39m[32m200[39m [90m70 ms - 12[39m
[35m[HTTP][39m [90m[39m
[35m[HTTP][39m [37m-->[39m [37mPOST[39m [37m/wd/hub/session/3eaec2e4-1189-40f3-8a9c-2bfb9b174382/elements[39m
[35m[HTTP][39m [90m{"using":"-android uiautomator","value":"new UiSelector().className(\"android.widget.TextView\").text(\"Bannerghatta Main Road, BTM Layout, 2nd Stage, 2nd Main Road, No 18, First Floor, Bengaluru, Karnataka 560076, India\")"}[39m
[35m[HTTP][39m [37m<-- POST /wd/hub/session/3eaec2e4-1189-40f3-8a9c-2bfb9b174382/elements [39m[32m200[39m [90m65 ms - 12[39m
[35m[HTTP][39m [90m[39m
[35m[HTTP][39m [37m-->[39m [37mPOST[39m [37m/wd/hub/session/3eaec2e4-1189-40f3-8a9c-2bfb9b174382/elements[39m
[35m[HTTP][39m [90m{"using":"-android uiautomator","value":"new UiSelector().className(\"android.widget.TextView\").text(\"Bannerghatta Main Road, BTM Layout, 2nd Stage, 2nd Main Road, No 18, First Floor, Bengaluru, Karnataka 560076, India\")"}[39m
[35m[HTTP][39m [37m<-- POST /wd/hub/session/3eaec2e4-1189-40f3-8a9c-2bfb9b174382/elements [39m[32m200[39m [90m73 ms - 12[39m
[35m[HTTP][39m [90m[39m
[35m[HTTP][39m [37m-->[39m [37mPOST[39m [37m/wd/hub/session/3eaec2e4-1189-40f3-8a9c-2bfb9b174382/elements[39m
[35m[HTTP][39m [90m{"using":"-android uiautomator","value":"new UiSelector().className(\"android.widget.TextView\").text(\"Bannerghatta Main Road, BTM Layout, 2nd Stage, 2nd Main Road, No 18, First Floor, Bengaluru, Karnataka 560076, India\")"}[39m
[35m[HTTP][39m [37m<-- POST /wd/hub/session/3eaec2e4-1189-40f3-8a9c-2bfb9b174382/elements [39m[32m200[39m [90m80 ms - 12[39m
[35m[HTTP][39m [90m[39m
[35m[HTTP][39m [37m-->[39m [37mPOST[39m [37m/wd/hub/session/3eaec2e4-1189-40f3-8a9c-2bfb9b174382/elements[39m
[35m[HTTP][39m [90m{"using":"-android uiautomator","value":"new UiSelector().className(\"android.widget.TextView\").text(\"Bannerghatta Main Road, BTM Layout, 2nd Stage, 2nd Main Road, No 18, First Floor, Bengaluru, Karnataka 560076, India\")"}[39m
[35m[HTTP][39m [37m<-- POST /wd/hub/session/3eaec2e4-1189-40f3-8a9c-2bfb9b174382/elements [39m[32m200[39m [90m580 ms - 12[39m
[35m[HTTP][39m [90m[39m
[35m[HTTP][39m [37m-->[39m [37mPOST[39m [37m/wd/hub/session/3eaec2e4-1189-40f3-8a9c-2bfb9b174382/elements[39m
[35m[HTTP][39m [90m{"using":"-android uiautomator","value":"new UiSelector().className(\"android.widget.TextView\").text(\"Bannerghatta Main Road, BTM Layout, 2nd Stage, 2nd Main Road, No 18, First Floor, Bengaluru, Karnataka 560076, India\")"}[39m
[35m[HTTP][39m [37m<-- POST /wd/hub/session/3eaec2e4-1189-40f3-8a9c-2bfb9b174382/elements [39m[32m200[39m [90m613 ms - 12[39m
[35m[HTTP][39m [90m[39m
[35m[HTTP][39m [37m-->[39m [37mPOST[39m [37m/wd/hub/session/3eaec2e4-1189-40f3-8a9c-2bfb9b174382/elements[39m
[35m[HTTP][39m [90m{"using":"-android uiautomator","value":"new UiSelector().className(\"android.widget.TextView\").text(\"Bannerghatta Main Road, BTM Layout, 2nd Stage, 2nd Main Road, No 18, First Floor, Bengaluru, Karnataka 560076, India\")"}[39m
[35m[HTTP][39m [37m<-- POST /wd/hub/session/3eaec2e4-1189-40f3-8a9c-2bfb9b174382/elements [39m[32m200[39m [90m66 ms - 12[39m
[35m[HTTP][39m [90m[39m
[35m[HTTP][39m [37m-->[39m [37mPOST[39m [37m/wd/hub/session/3eaec2e4-1189-40f3-8a9c-2bfb9b174382/elements[39m
[35m[HTTP][39m [90m{"using":"-android uiautomator","value":"new UiSelector().className(\"android.widget.TextView\").text(\"Bannerghatta Main Road, BTM Layout, 2nd Stage, 2nd Main Road, No 18, First Floor, Bengaluru, Karnataka 560076, India\")"}[39m
[35m[HTTP][39m [37m<-- POST /wd/hub/session/3eaec2e4-1189-40f3-8a9c-2bfb9b174382/elements [39m[32m200[39m [90m62 ms - 12[39m
[35m[HTTP][39m [90m[39m
[35m[HTTP][39m [37m-->[39m [37mPOST[39m [37m/wd/hub/session/3eaec2e4-1189-40f3-8a9c-2bfb9b174382/elements[39m
[35m[HTTP][39m [90m{"using":"-android uiautomator","value":"new UiSelector().className(\"android.widget.TextView\").text(\"Bannerghatta Main Road, BTM Layout, 2nd Stage, 2nd Main Road, No 18, First Floor, Bengaluru, Karnataka 560076, India\")"}[39m
[35m[HTTP][39m [37m<-- POST /wd/hub/session/3eaec2e4-1189-40f3-8a9c-2bfb9b174382/elements [39m[32m200[39m [90m80 ms - 12[39m
[35m[HTTP][39m [90m[39m
[35m[HTTP][39m [37m-->[39m [37mPOST[39m [37m/wd/hub/session/3eaec2e4-1189-40f3-8a9c-2bfb9b174382/elements[39m
[35m[HTTP][39m [90m{"using":"-android uiautomator","value":"new UiSelector().className(\"android.widget.TextView\").text(\"Bannerghatta Main Road, BTM Layout, 2nd Stage, 2nd Main Road, No 18, First Floor, Bengaluru, Karnataka 560076, India\")"}[39m
[35m[HTTP][39m [37m<-- POST /wd/hub/session/3eaec2e4-1189-40f3-8a9c-2bfb9b174382/elements [39m[32m200[39m [90m634 ms - 12[39m
[35m[HTTP][39m [90m[39m
[35m[HTTP][39m [37m-->[39m [37mPOST[39m [37m/wd/hub/session/3eaec2e4-1189-40f3-8a9c-2bfb9b174382/elements[39m
[35m[HTTP][39m [90m{"using":"-android uiautomator","value":"new UiSelector().className(\"android.widget.TextView\").text(\"Bannerghatta Main Road, BTM Layout, 2nd Stage, 2nd Main Road, No 18, First Floor, Bengaluru, Karnataka 560076, India\")"}[39m
[35m[HTTP][39m [37m<-- POST /wd/hub/session/3eaec2e4-1189-40f3-8a9c-2bfb9b174382/elements [39m[32m200[39m [90m60 ms - 12[39m
[35m[HTTP][39m [90m[39m
[35m[HTTP][39m [37m-->[39m [37mPOST[39m [37m/wd/hub/session/3eaec2e4-1189-40f3-8a9c-2bfb9b174382/elements[39m
[35m[HTTP][39m [90m{"using":"-android uiautomator","value":"new UiSelector().className(\"android.widget.TextView\").text(\"Bannerghatta Main Road, BTM Layout, 2nd Stage, 2nd Main Road, No 18, First Floor, Bengaluru, Karnataka 560076, India\")"}[39m
[35m[HTTP][39m [37m<-- POST /wd/hub/session/3eaec2e4-1189-40f3-8a9c-2bfb9b174382/elements [39m[32m200[39m [90m640 ms - 12[39m
[35m[HTTP][39m [90m[39m
[35m[HTTP][39m [37m-->[39m [37mPOST[39m [37m/wd/hub/session/3eaec2e4-1189-40f3-8a9c-2bfb9b174382/elements[39m
[35m[HTTP][39m [90m{"using":"-android uiautomator","value":"new UiSelector().className(\"android.widget.TextView\").text(\"Bannerghatta Main Road, BTM Layout, 2nd Stage, 2nd Main Road, No 18, First Floor, Bengaluru, Karnataka 560076, India\")"}[39m
[35m[HTTP][39m [37m<-- POST /wd/hub/session/3eaec2e4-1189-40f3-8a9c-2bfb9b174382/elements [39m[32m200[39m [90m122 ms - 12[39m
[35m[HTTP][39m [90m[39m
[35m[HTTP][39m [37m-->[39m [37mPOST[39m [37m/wd/hub/session/3eaec2e4-1189-40f3-8a9c-2bfb9b174382/elements[39m
[35m[HTTP][39m [90m{"using":"-android uiautomator","value":"new UiSelector().className(\"android.widget.TextView\").text(\"Bannerghatta Main Road, BTM Layout, 2nd Stage, 2nd Main Road, No 18, First Floor, Bengaluru, Karnataka 560076, India\")"}[39m
[35m[HTTP][39m [37m<-- POST /wd/hub/session/3eaec2e4-1189-40f3-8a9c-2bfb9b174382/elements [39m[32m200[39m [90m78 ms - 12[39m
[35m[HTTP][39m [90m[39m
[35m[HTTP][39m [37m-->[39m [37mPOST[39m [37m/wd/hub/session/3eaec2e4-1189-40f3-8a9c-2bfb9b174382/elements[39m
[35m[HTTP][39m [90m{"using":"-android uiautomator","value":"new UiSelector().className(\"android.widget.TextView\").text(\"Bannerghatta Main Road, BTM Layout, 2nd Stage, 2nd Main Road, No 18, First Floor, Bengaluru, Karnataka 560076, India\")"}[39m
[35m[HTTP][39m [37m<-- POST /wd/hub/session/3eaec2e4-1189-40f3-8a9c-2bfb9b174382/elements [39m[32m200[39m [90m82 ms - 12[39m
[35m[HTTP][39m [90m[39m
[35m[HTTP][39m [37m-->[39m [37mPOST[39m [37m/wd/hub/session/3eaec2e4-1189-40f3-8a9c-2bfb9b174382/elements[39m
[35m[HTTP][39m [90m{"using":"-android uiautomator","value":"new UiSelector().className(\"android.widget.TextView\").text(\"Bannerghatta Main Road, BTM Layout, 2nd Stage, 2nd Main Road, No 18, First Floor, Bengaluru, Karnataka 560076, India\")"}[39m
[35m[HTTP][39m [37m<-- POST /wd/hub/session/3eaec2e4-1189-40f3-8a9c-2bfb9b174382/elements [39m[32m200[39m [90m62 ms - 12[39m
[35m[HTTP][39m [90m[39m
[35m[HTTP][39m [37m-->[39m [37mPOST[39m [37m/wd/hub/session/3eaec2e4-1189-40f3-8a9c-2bfb9b174382/elements[39m
[35m[HTTP][39m [90m{"using":"-android uiautomator","value":"new UiSelector().className(\"android.widget.TextView\").text(\"Bannerghatta Main Road, BTM Layout, 2nd Stage, 2nd Main Road, No 18, First Floor, Bengaluru, Karnataka 560076, India\")"}[39m
[35m[HTTP][39m [37m<-- POST /wd/hub/session/3eaec2e4-1189-40f3-8a9c-2bfb9b174382/elements [39m[32m200[39m [90m643 ms - 12[39m
[35m[HTTP][39m [90m[39m
[35m[HTTP][39m [37m-->[39m [37mPOST[39m [37m/wd/hub/session/3eaec2e4-1189-40f3-8a9c-2bfb9b174382/elements[39m
[35m[HTTP][39m [90m{"using":"-android uiautomator","value":"new UiSelector().className(\"android.widget.TextView\").text(\"Bannerghatta Main Road, BTM Layout, 2nd Stage, 2nd Main Road, No 18, First Floor, Bengaluru, Karnataka 560076, India\")"}[39m
[35m[HTTP][39m [37m<-- POST /wd/hub/session/3eaec2e4-1189-40f3-8a9c-2bfb9b174382/elements [39m[32m200[39m [90m89 ms - 12[39m
[35m[HTTP][39m [90m[39m
[35m[HTTP][39m [37m-->[39m [37mPOST[39m [37m/wd/hub/session/3eaec2e4-1189-40f3-8a9c-2bfb9b174382/elements[39m
[35m[HTTP][39m [90m{"using":"-android uiautomator","value":"new UiSelector().className(\"android.widget.TextView\").text(\"Bannerghatta Main Road, BTM Layout, 2nd Stage, 2nd Main Road, No 18, First Floor, Bengaluru, Karnataka 560076, India\")"}[39m
[35m[HTTP][39m [37m<-- POST /wd/hub/session/3eaec2e4-1189-40f3-8a9c-2bfb9b174382/elements [39m[32m200[39m [90m65 ms - 12[39m
[35m[HTTP][39m [90m[39m
[35m[HTTP][39m [37m-->[39m [37mPOST[39m [37m/wd/hub/session/3eaec2e4-1189-40f3-8a9c-2bfb9b174382/elements[39m
[35m[HTTP][39m [90m{"using":"-android uiautomator","value":"new UiSelector().className(\"android.widget.TextView\").text(\"Bannerghatta Main Road, BTM Layout, 2nd Stage, 2nd Main Road, No 18, First Floor, Bengaluru, Karnataka 560076, India\")"}[39m
[35m[HTTP][39m [37m<-- POST /wd/hub/session/3eaec2e4-1189-40f3-8a9c-2bfb9b174382/elements [39m[32m200[39m [90m63 ms - 12[39m
[35m[HTTP][39m [90m[39m
[35m[HTTP][39m [37m-->[39m [37mPOST[39m [37m/wd/hub/session/3eaec2e4-1189-40f3-8a9c-2bfb9b174382/elements[39m
[35m[HTTP][39m [90m{"using":"-android uiautomator","value":"new UiSelector().className(\"android.widget.TextView\").text(\"Bannerghatta Main Road, BTM Layout, 2nd Stage, 2nd Main Road, No 18, First Floor, Bengaluru, Karnataka 560076, India\")"}[39m
[35m[HTTP][39m [37m<-- POST /wd/hub/session/3eaec2e4-1189-40f3-8a9c-2bfb9b174382/elements [39m[32m200[39m [90m55 ms - 12[39m
[35m[HTTP][39m [90m[39m
[35m[HTTP][39m [37m-->[39m [37mPOST[39m [37m/wd/hub/session/3eaec2e4-1189-40f3-8a9c-2bfb9b174382/elements[39m
[35m[HTTP][39m [90m{"using":"-android uiautomator","value":"new UiSelector().className(\"android.widget.TextView\").text(\"Bannerghatta Main Road, BTM Layout, 2nd Stage, 2nd Main Road, No 18, First Floor, Bengaluru, Karnataka 560076, India\")"}[39m
[35m[HTTP][39m [37m<-- POST /wd/hub/session/3eaec2e4-1189-40f3-8a9c-2bfb9b174382/elements [39m[32m200[39m [90m61 ms - 12[39m
[35m[HTTP][39m [90m[39m
[35m[HTTP][39m [37m-->[39m [37mPOST[39m [37m/wd/hub/session/3eaec2e4-1189-40f3-8a9c-2bfb9b174382/elements[39m
[35m[HTTP][39m [90m{"using":"-android uiautomator","value":"new UiSelector().className(\"android.widget.TextView\").text(\"Bannerghatta Main Road, BTM Layout, 2nd Stage, 2nd Main Road, No 18, First Floor, Bengaluru, Karnataka 560076, India\")"}[39m
[35m[HTTP][39m [37m<-- POST /wd/hub/session/3eaec2e4-1189-40f3-8a9c-2bfb9b174382/elements [39m[32m200[39m [90m633 ms - 12[39m
[35m[HTTP][39m [90m[39m
[35m[HTTP][39m [37m-->[39m [37mPOST[39m [37m/wd/hub/session/3eaec2e4-1189-40f3-8a9c-2bfb9b174382/elements[39m
[35m[HTTP][39m [90m{"using":"-android uiautomator","value":"new UiSelector().className(\"android.widget.TextView\").text(\"Bannerghatta Main Road, BTM Layout, 2nd Stage, 2nd Main Road, No 18, First Floor, Bengaluru, Karnataka 560076, India\")"}[39m
[35m[HTTP][39m [37m<-- POST /wd/hub/session/3eaec2e4-1189-40f3-8a9c-2bfb9b174382/elements [39m[32m200[39m [90m55 ms - 12[39m
[35m[HTTP][39m [90m[39m
[35m[HTTP][39m [37m-->[39m [37mPOST[39m [37m/wd/hub/session/3eaec2e4-1189-40f3-8a9c-2bfb9b174382/elements[39m
[35m[HTTP][39m [90m{"using":"-android uiautomator","value":"new UiSelector().className(\"android.widget.TextView\").text(\"Bannerghatta Main Road, BTM Layout, 2nd Stage, 2nd Main Road, No 18, First Floor, Bengaluru, Karnataka 560076, India\")"}[39m
[35m[HTTP][39m [37m<-- POST /wd/hub/session/3eaec2e4-1189-40f3-8a9c-2bfb9b174382/elements [39m[32m200[39m [90m668 ms - 12[39m
[35m[HTTP][39m [90m[39m
[35m[HTTP][39m [37m-->[39m [37mPOST[39m [37m/wd/hub/session/3eaec2e4-1189-40f3-8a9c-2bfb9b174382/elements[39m
[35m[HTTP][39m [90m{"using":"-android uiautomator","value":"new UiSelector().className(\"android.widget.TextView\").text(\"Bannerghatta Main Road, BTM Layout, 2nd Stage, 2nd Main Road, No 18, First Floor, Bengaluru, Karnataka 560076, India\")"}[39m
[35m[HTTP][39m [37m<-- POST /wd/hub/session/3eaec2e4-1189-40f3-8a9c-2bfb9b174382/elements [39m[32m200[39m [90m62 ms - 12[39m
[35m[HTTP][39m [90m[39m
[35m[HTTP][39m [37m-->[39m [37mPOST[39m [37m/wd/hub/session/3eaec2e4-1189-40f3-8a9c-2bfb9b174382/elements[39m
[35m[HTTP][39m [90m{"using":"-android uiautomator","value":"new UiSelector().className(\"android.widget.TextView\").text(\"Bannerghatta Main Road, BTM Layout, 2nd Stage, 2nd Main Road, No 18, First Floor, Bengaluru, Karnataka 560076, India\")"}[39m
[35m[HTTP][39m [37m<-- POST /wd/hub/session/3eaec2e4-1189-40f3-8a9c-2bfb9b174382/elements [39m[32m200[39m [90m54 ms - 12[39m
[35m[HTTP][39m [90m[39m
[35m[HTTP][39m [37m-->[39m [37mPOST[39m [37m/wd/hub/session/3eaec2e4-1189-40f3-8a9c-2bfb9b174382/elements[39m
[35m[HTTP][39m [90m{"using":"-android uiautomator","value":"new UiSelector().className(\"android.widget.TextView\").text(\"Bannerghatta Main Road, BTM Layout, 2nd Stage, 2nd Main Road, No 18, First Floor, Bengaluru, Karnataka 560076, India\")"}[39m
[35m[HTTP][39m [37m<-- POST /wd/hub/session/3eaec2e4-1189-40f3-8a9c-2bfb9b174382/elements [39m[32m200[39m [90m58 ms - 12[39m
[35m[HTTP][39m [90m[39m
[35m[HTTP][39m [37m-->[39m [37mPOST[39m [37m/wd/hub/session/3eaec2e4-1189-40f3-8a9c-2bfb9b174382/elements[39m
[35m[HTTP][39m [90m{"using":"-android uiautomator","value":"new UiSelector().className(\"android.widget.TextView\").text(\"Bannerghatta Main Road, BTM Layout, 2nd Stage, 2nd Main Road, No 18, First Floor, Bengaluru, Karnataka 560076, India\")"}[39m
[35m[HTTP][39m [37m<-- POST /wd/hub/session/3eaec2e4-1189-40f3-8a9c-2bfb9b174382/elements [39m[32m200[39m [90m74 ms - 12[39m
[35m[HTTP][39m [90m[39m
[35m[HTTP][39m [37m-->[39m [37mPOST[39m [37m/wd/hub/session/3eaec2e4-1189-40f3-8a9c-2bfb9b174382/elements[39m
[35m[HTTP][39m [90m{"using":"-android uiautomator","value":"new UiSelector().className(\"android.widget.TextView\").text(\"Bannerghatta Main Road, BTM Layout, 2nd Stage, 2nd Main Road, No 18, First Floor, Bengaluru, Karnataka 560076, India\")"}[39m
[35m[HTTP][39m [37m<-- POST /wd/hub/session/3eaec2e4-1189-40f3-8a9c-2bfb9b174382/elements [39m[32m200[39m [90m59 ms - 12[39m
[35m[HTTP][39m [90m[39m
[35m[HTTP][39m [37m-->[39m [37mPOST[39m [37m/wd/hub/session/3eaec2e4-1189-40f3-8a9c-2bfb9b174382/elements[39m
[35m[HTTP][39m [90m{"using":"-android uiautomator","value":"new UiSelector().className(\"android.widget.TextView\").text(\"Bannerghatta Main Road, BTM Layout, 2nd Stage, 2nd Main Road, No 18, First Floor, Bengaluru, Karnataka 560076, India\")"}[39m
[35m[HTTP][39m [37m<-- POST /wd/hub/session/3eaec2e4-1189-40f3-8a9c-2bfb9b174382/elements [39m[32m200[39m [90m59 ms - 12[39m
[35m[HTTP][39m [90m[39m
[35m[HTTP][39m [37m-->[39m [37mPOST[39m [37m/wd/hub/session/3eaec2e4-1189-40f3-8a9c-2bfb9b174382/elements[39m
[35m[HTTP][39m [90m{"using":"-android uiautomator","value":"new UiSelector().className(\"android.widget.TextView\").text(\"Bannerghatta Main Road, BTM Layout, 2nd Stage, 2nd Main Road, No 18, First Floor, Bengaluru, Karnataka 560076, India\")"}[39m
[35m[HTTP][39m [37m<-- POST /wd/hub/session/3eaec2e4-1189-40f3-8a9c-2bfb9b174382/elements [39m[32m200[39m [90m61 ms - 12[39m
[35m[HTTP][39m [90m[39m
[35m[HTTP][39m [37m-->[39m [37mPOST[39m [37m/wd/hub/session/3eaec2e4-1189-40f3-8a9c-2bfb9b174382/elements[39m
[35m[HTTP][39m [90m{"using":"-android uiautomator","value":"new UiSelector().className(\"android.widget.TextView\").text(\"Bannerghatta Main Road, BTM Layout, 2nd Stage, 2nd Main Road, No 18, First Floor, Bengaluru, Karnataka 560076, India\")"}[39m
[35m[HTTP][39m [37m<-- POST /wd/hub/session/3eaec2e4-1189-40f3-8a9c-2bfb9b174382/elements [39m[32m200[39m [90m624 ms - 12[39m
[35m[HTTP][39m [90m[39m
[35m[HTTP][39m [37m-->[39m [37mPOST[39m [37m/wd/hub/session/3eaec2e4-1189-40f3-8a9c-2bfb9b174382/elements[39m
[35m[HTTP][39m [90m{"using":"-android uiautomator","value":"new UiSelector().className(\"android.widget.TextView\").text(\"Bannerghatta Main Road, BTM Layout, 2nd Stage, 2nd Main Road, No 18, First Floor, Bengaluru, Karnataka 560076, India\")"}[39m
[35m[HTTP][39m [37m<-- POST /wd/hub/session/3eaec2e4-1189-40f3-8a9c-2bfb9b174382/elements [39m[32m200[39m [90m60 ms - 12[39m
[35m[HTTP][39m [90m[39m
[35m[HTTP][39m [37m-->[39m [37mPOST[39m [37m/wd/hub/session/3eaec2e4-1189-40f3-8a9c-2bfb9b174382/elements[39m
[35m[HTTP][39m [90m{"using":"-android uiautomator","value":"new UiSelector().className(\"android.widget.TextView\").text(\"Bannerghatta Main Road, BTM Layout, 2nd Stage, 2nd Main Road, No 18, First Floor, Bengaluru, Karnataka 560076, India\")"}[39m
[35m[HTTP][39m [37m<-- POST /wd/hub/session/3eaec2e4-1189-40f3-8a9c-2bfb9b174382/elements [39m[32m200[39m [90m618 ms - 12[39m
[35m[HTTP][39m [90m[39m
[35m[HTTP][39m [37m-->[39m [37mPOST[39m [37m/wd/hub/session/3eaec2e4-1189-40f3-8a9c-2bfb9b174382/elements[39m
[35m[HTTP][39m [90m{"using":"-android uiautomator","value":"new UiSelector().className(\"android.widget.TextView\").text(\"Bannerghatta Main Road, BTM Layout, 2nd Stage, 2nd Main Road, No 18, First Floor, Bengaluru, Karnataka 560076, India\")"}[39m
[35m[HTTP][39m [37m<-- POST /wd/hub/session/3eaec2e4-1189-40f3-8a9c-2bfb9b174382/elements [39m[32m200[39m [90m67 ms - 12[39m
[35m[HTTP][39m [90m[39m
[35m[HTTP][39m [37m-->[39m [37mPOST[39m [37m/wd/hub/session/3eaec2e4-1189-40f3-8a9c-2bfb9b174382/elements[39m
[35m[HTTP][39m [90m{"using":"-android uiautomator","value":"new UiSelector().className(\"android.widget.TextView\").text(\"Bannerghatta Main Road, BTM Layout, 2nd Stage, 2nd Main Road, No 18, First Floor, Bengaluru, Karnataka 560076, India\")"}[39m
[35m[HTTP][39m [37m<-- POST /wd/hub/session/3eaec2e4-1189-40f3-8a9c-2bfb9b174382/elements [39m[32m200[39m [90m58 ms - 12[39m
[35m[HTTP][39m [90m[39m
[35m[HTTP][39m [37m-->[39m [37mPOST[39m [37m/wd/hub/session/3eaec2e4-1189-40f3-8a9c-2bfb9b174382/elements[39m
[35m[HTTP][39m [90m{"using":"-android uiautomator","value":"new UiSelector().className(\"android.widget.TextView\").text(\"Bannerghatta Main Road, BTM Layout, 2nd Stage, 2nd Main Road, No 18, First Floor, Bengaluru, Karnataka 560076, India\")"}[39m
[35m[HTTP][39m [37m<-- POST /wd/hub/session/3eaec2e4-1189-40f3-8a9c-2bfb9b174382/elements [39m[32m200[39m [90m609 ms - 12[39m
[35m[HTTP][39m [90m[39m
[35m[HTTP][39m [37m-->[39m [37mPOST[39m [37m/wd/hub/session/3eaec2e4-1189-40f3-8a9c-2bfb9b174382/elements[39m
[35m[HTTP][39m [90m{"using":"-android uiautomator","value":"new UiSelector().className(\"android.widget.TextView\").text(\"Bannerghatta Main Road, BTM Layout, 2nd Stage, 2nd Main Road, No 18, First Floor, Bengaluru, Karnataka 560076, India\")"}[39m
[35m[HTTP][39m [37m<-- POST /wd/hub/session/3eaec2e4-1189-40f3-8a9c-2bfb9b174382/elements [39m[32m200[39m [90m60 ms - 12[39m
[35m[HTTP][39m [90m[39m
[35m[HTTP][39m [37m-->[39m [37mPOST[39m [37m/wd/hub/session/3eaec2e4-1189-40f3-8a9c-2bfb9b174382/elements[39m
[35m[HTTP][39m [90m{"using":"-android uiautomator","value":"new UiSelector().className(\"android.widget.TextView\").text(\"Bannerghatta Main Road, BTM Layout, 2nd Stage, 2nd Main Road, No 18, First Floor, Bengaluru, Karnataka 560076, India\")"}[39m
[35m[HTTP][39m [37m<-- POST /wd/hub/session/3eaec2e4-1189-40f3-8a9c-2bfb9b174382/elements [39m[32m200[39m [90m608 ms - 12[39m
[35m[HTTP][39m [90m[39m
[35m[HTTP][39m [37m-->[39m [37mPOST[39m [37m/wd/hub/session/3eaec2e4-1189-40f3-8a9c-2bfb9b174382/elements[39m
[35m[HTTP][39m [90m{"using":"-android uiautomator","value":"new UiSelector().className(\"android.widget.TextView\").text(\"Bannerghatta Main Road, BTM Layout, 2nd Stage, 2nd Main Road, No 18, First Floor, Bengaluru, Karnataka 560076, India\")"}[39m
[35m[HTTP][39m [37m<-- POST /wd/hub/session/3eaec2e4-1189-40f3-8a9c-2bfb9b174382/elements [39m[32m200[39m [90m66 ms - 12[39m
[35m[HTTP][39m [90m[39m
[35m[HTTP][39m [37m-->[39m [37mPOST[39m [37m/wd/hub/session/3eaec2e4-1189-40f3-8a9c-2bfb9b174382/elements[39m
[35m[HTTP][39m [90m{"using":"-android uiautomator","value":"new UiSelector().className(\"android.widget.TextView\").text(\"Bannerghatta Main Road, BTM Layout, 2nd Stage, 2nd Main Road, No 18, First Floor, Bengaluru, Karnataka 560076, India\")"}[39m
[35m[HTTP][39m [37m<-- POST /wd/hub/session/3eaec2e4-1189-40f3-8a9c-2bfb9b174382/elements [39m[32m200[39m [90m60 ms - 12[39m
[35m[HTTP][39m [90m[39m
[35m[HTTP][39m [37m-->[39m [37mPOST[39m [37m/wd/hub/session/3eaec2e4-1189-40f3-8a9c-2bfb9b174382/elements[39m
[35m[HTTP][39m [90m{"using":"-android uiautomator","value":"new UiSelector().className(\"android.widget.TextView\").text(\"Bannerghatta Main Road, BTM Layout, 2nd Stage, 2nd Main Road, No 18, First Floor, Bengaluru, Karnataka 560076, India\")"}[39m
[35m[HTTP][39m [37m<-- POST /wd/hub/session/3eaec2e4-1189-40f3-8a9c-2bfb9b174382/elements [39m[32m200[39m [90m63 ms - 12[39m
[35m[HTTP][39m [90m[39m
[35m[HTTP][39m [37m-->[39m [37mPOST[39m [37m/wd/hub/session/3eaec2e4-1189-40f3-8a9c-2bfb9b174382/elements[39m
[35m[HTTP][39m [90m{"using":"-android uiautomator","value":"new UiSelector().className(\"android.widget.TextView\").text(\"Bannerghatta Main Road, BTM Layout, 2nd Stage, 2nd Main Road, No 18, First Floor, Bengaluru, Karnataka 560076, India\")"}[39m
[35m[HTTP][39m [37m<-- POST /wd/hub/session/3eaec2e4-1189-40f3-8a9c-2bfb9b174382/elements [39m[32m200[39m [90m56 ms - 12[39m
[35m[HTTP][39m [90m[39m
[35m[HTTP][39m [37m-->[39m [37mPOST[39m [37m/wd/hub/session/3eaec2e4-1189-40f3-8a9c-2bfb9b174382/elements[39m
[35m[HTTP][39m [90m{"using":"-android uiautomator","value":"new UiSelector().className(\"android.widget.TextView\").text(\"Bannerghatta Main Road, BTM Layout, 2nd Stage, 2nd Main Road, No 18, First Floor, Bengaluru, Karnataka 560076, India\")"}[39m
[35m[HTTP][39m [37m<-- POST /wd/hub/session/3eaec2e4-1189-40f3-8a9c-2bfb9b174382/elements [39m[32m200[39m [90m676 ms - 12[39m
[35m[HTTP][39m [90m[39m
[35m[HTTP][39m [37m-->[39m [37mPOST[39m [37m/wd/hub/session/3eaec2e4-1189-40f3-8a9c-2bfb9b174382/elements[39m
[35m[HTTP][39m [90m{"using":"-android uiautomator","value":"new UiSelector().className(\"android.widget.TextView\").text(\"Bannerghatta Main Road, BTM Layout, 2nd Stage, 2nd Main Road, No 18, First Floor, Bengaluru, Karnataka 560076, India\")"}[39m
[35m[HTTP][39m [37m<-- POST /wd/hub/session/3eaec2e4-1189-40f3-8a9c-2bfb9b174382/elements [39m[32m200[39m [90m106 ms - 12[39m
[35m[HTTP][39m [90m[39m
[35m[HTTP][39m [37m-->[39m [37mPOST[39m [37m/wd/hub/session/3eaec2e4-1189-40f3-8a9c-2bfb9b174382/elements[39m
[35m[HTTP][39m [90m{"using":"-android uiautomator","value":"new UiSelector().className(\"android.widget.TextView\").text(\"Bannerghatta Main Road, BTM Layout, 2nd Stage, 2nd Main Road, No 18, First Floor, Bengaluru, Karnataka 560076, India\")"}[39m
[35m[HTTP][39m [37m<-- POST /wd/hub/session/3eaec2e4-1189-40f3-8a9c-2bfb9b174382/elements [39m[32m200[39m [90m54 ms - 12[39m
[35m[HTTP][39m [90m[39m
[35m[HTTP][39m [37m-->[39m [37mPOST[39m [37m/wd/hub/session/3eaec2e4-1189-40f3-8a9c-2bfb9b174382/elements[39m
[35m[HTTP][39m [90m{"using":"-android uiautomator","value":"new UiSelector().className(\"android.widget.TextView\").text(\"Bannerghatta Main Road, BTM Layout, 2nd Stage, 2nd Main Road, No 18, First Floor, Bengaluru, Karnataka 560076, India\")"}[39m
[35m[HTTP][39m [37m<-- POST /wd/hub/session/3eaec2e4-1189-40f3-8a9c-2bfb9b174382/elements [39m[32m200[39m [90m1078 ms - 12[39m
[35m[HTTP][39m [90m[39m
[35m[HTTP][39m [37m-->[39m [37mPOST[39m [37m/wd/hub/session/3eaec2e4-1189-40f3-8a9c-2bfb9b174382/elements[39m
[35m[HTTP][39m [90m{"using":"-android uiautomator","value":"new UiSelector().className(\"android.widget.TextView\").text(\"Bannerghatta Main Road, BTM Layout, 2nd Stage, 2nd Main Road, No 18, First Floor, Bengaluru, Karnataka 560076, India\")"}[39m
[35m[HTTP][39m [37m<-- POST /wd/hub/session/3eaec2e4-1189-40f3-8a9c-2bfb9b174382/elements [39m[32m200[39m [90m71 ms - 12[39m
[35m[HTTP][39m [90m[39m
[35m[HTTP][39m [37m-->[39m [37mPOST[39m [37m/wd/hub/session/3eaec2e4-1189-40f3-8a9c-2bfb9b174382/elements[39m
[35m[HTTP][39m [90m{"using":"-android uiautomator","value":"new UiSelector().className(\"android.widget.TextView\").text(\"Bannerghatta Main Road, BTM Layout, 2nd Stage, 2nd Main Road, No 18, First Floor, Bengaluru, Karnataka 560076, India\")"}[39m
[35m[HTTP][39m [37m<-- POST /wd/hub/session/3eaec2e4-1189-40f3-8a9c-2bfb9b174382/elements [39m[32m200[39m [90m63 ms - 12[39m
[35m[HTTP][39m [90m[39m
[35m[HTTP][39m [37m-->[39m [37mPOST[39m [37m/wd/hub/session/3eaec2e4-1189-40f3-8a9c-2bfb9b174382/elements[39m
[35m[HTTP][39m [90m{"using":"-android uiautomator","value":"new UiSelector().className(\"android.widget.TextView\").text(\"Bannerghatta Main Road, BTM Layout, 2nd Stage, 2nd Main Road, No 18, First Floor, Bengaluru, Karnataka 560076, India\")"}[39m
[35m[HTTP][39m [37m<-- POST /wd/hub/session/3eaec2e4-1189-40f3-8a9c-2bfb9b174382/elements [39m[32m200[39m [90m55 ms - 12[39m
[35m[HTTP][39m [90m[39m
[35m[HTTP][39m [37m-->[39m [37mPOST[39m [37m/wd/hub/session/3eaec2e4-1189-40f3-8a9c-2bfb9b174382/elements[39m
[35m[HTTP][39m [90m{"using":"-android uiautomator","value":"new UiSelector().className(\"android.widget.TextView\").text(\"Bannerghatta Main Road, BTM Layout, 2nd Stage, 2nd Main Road, No 18, First Floor, Bengaluru, Karnataka 560076, India\")"}[39m
[35m[HTTP][39m [37m<-- POST /wd/hub/session/3eaec2e4-1189-40f3-8a9c-2bfb9b174382/elements [39m[32m200[39m [90m69 ms - 12[39m
[35m[HTTP][39m [90m[39m
[35m[HTTP][39m [37m-->[39m [37mPOST[39m [37m/wd/hub/session/3eaec2e4-1189-40f3-8a9c-2bfb9b174382/elements[39m
[35m[HTTP][39m [90m{"using":"-android uiautomator","value":"new UiSelector().className(\"android.widget.TextView\").text(\"Bannerghatta Main Road, BTM Layout, 2nd Stage, 2nd Main Road, No 18, First Floor, Bengaluru, Karnataka 560076, India\")"}[39m
[35m[HTTP][39m [37m<-- POST /wd/hub/session/3eaec2e4-1189-40f3-8a9c-2bfb9b174382/elements [39m[32m200[39m [90m59 ms - 12[39m
[35m[HTTP][39m [90m[39m
[35m[HTTP][39m [37m-->[39m [37mPOST[39m [37m/wd/hub/session/3eaec2e4-1189-40f3-8a9c-2bfb9b174382/elements[39m
[35m[HTTP][39m [90m{"using":"-android uiautomator","value":"new UiSelector().className(\"android.widget.TextView\").text(\"Bannerghatta Main Road, BTM Layout, 2nd Stage, 2nd Main Road, No 18, First Floor, Bengaluru, Karnataka 560076, India\")"}[39m
[35m[HTTP][39m [37m<-- POST /wd/hub/session/3eaec2e4-1189-40f3-8a9c-2bfb9b174382/elements [39m[32m200[39m [90m65 ms - 12[39m
[35m[HTTP][39m [90m[39m
[35m[HTTP][39m [37m-->[39m [37mPOST[39m [37m/wd/hub/session/3eaec2e4-1189-40f3-8a9c-2bfb9b174382/elements[39m
[35m[HTTP][39m [90m{"using":"-android uiautomator","value":"new UiSelector().className(\"android.widget.TextView\").text(\"Bannerghatta Main Road, BTM Layout, 2nd Stage, 2nd Main Road, No 18, First Floor, Bengaluru, Karnataka 560076, India\")"}[39m
[35m[HTTP][39m [37m<-- POST /wd/hub/session/3eaec2e4-1189-40f3-8a9c-2bfb9b174382/elements [39m[32m200[39m [90m88 ms - 12[39m
[35m[HTTP][39m [90m[39m
[35m[HTTP][39m [37m-->[39m [37mPOST[39m [37m/wd/hub/session/3eaec2e4-1189-40f3-8a9c-2bfb9b174382/elements[39m
[35m[HTTP][39m [90m{"using":"-android uiautomator","value":"new UiSelector().className(\"android.widget.TextView\").text(\"Bannerghatta Main Road, BTM Layout, 2nd Stage, 2nd Main Road, No 18, First Floor, Bengaluru, Karnataka 560076, India\")"}[39m
[35m[HTTP][39m [37m<-- POST /wd/hub/session/3eaec2e4-1189-40f3-8a9c-2bfb9b174382/elements [39m[32m200[39m [90m67 ms - 12[39m
[35m[HTTP][39m [90m[39m
[35m[HTTP][39m [37m-->[39m [37mPOST[39m [37m/wd/hub/session/3eaec2e4-1189-40f3-8a9c-2bfb9b174382/elements[39m
[35m[HTTP][39m [90m{"using":"-android uiautomator","value":"new UiSelector().className(\"android.widget.TextView\").text(\"Bannerghatta Main Road, BTM Layout, 2nd Stage, 2nd Main Road, No 18, First Floor, Bengaluru, Karnataka 560076, India\")"}[39m
[35m[HTTP][39m [37m<-- POST /wd/hub/session/3eaec2e4-1189-40f3-8a9c-2bfb9b174382/elements [39m[32m200[39m [90m57 ms - 12[39m
[35m[HTTP][39m [90m[39m
[35m[HTTP][39m [37m-->[39m [37mPOST[39m [37m/wd/hub/session/3eaec2e4-1189-40f3-8a9c-2bfb9b174382/elements[39m
[35m[HTTP][39m [90m{"using":"-android uiautomator","value":"new UiSelector().className(\"android.widget.TextView\").text(\"Bannerghatta Main Road, BTM Layout, 2nd Stage, 2nd Main Road, No 18, First Floor, Bengaluru, Karnataka 560076, India\")"}[39m
[35m[HTTP][39m [37m<-- POST /wd/hub/session/3eaec2e4-1189-40f3-8a9c-2bfb9b174382/elements [39m[32m200[39m [90m53 ms - 12[39m
[35m[HTTP][39m [90m[39m
[35m[HTTP][39m [37m-->[39m [37mPOST[39m [37m/wd/hub/session/3eaec2e4-1189-40f3-8a9c-2bfb9b174382/elements[39m
[35m[HTTP][39m [90m{"using":"-android uiautomator","value":"new UiSelector().className(\"android.widget.TextView\").text(\"Bannerghatta Main Road, BTM Layout, 2nd Stage, 2nd Main Road, No 18, First Floor, Bengaluru, Karnataka 560076, India\")"}[39m
[35m[HTTP][39m [37m<-- POST /wd/hub/session/3eaec2e4-1189-40f3-8a9c-2bfb9b174382/elements [39m[32m200[39m [90m618 ms - 12[39m
[35m[HTTP][39m [90m[39m
[35m[HTTP][39m [37m-->[39m [37mPOST[39m [37m/wd/hub/session/3eaec2e4-1189-40f3-8a9c-2bfb9b174382/elements[39m
[35m[HTTP][39m [90m{"using":"-android uiautomator","value":"new UiSelector().className(\"android.widget.TextView\").text(\"Bannerghatta Main Road, BTM Layout, 2nd Stage, 2nd Main Road, No 18, First Floor, Bengaluru, Karnataka 560076, India\")"}[39m
[35m[HTTP][39m [37m<-- POST /wd/hub/session/3eaec2e4-1189-40f3-8a9c-2bfb9b174382/elements [39m[32m200[39m [90m65 ms - 12[39m
[35m[HTTP][39m [90m[39m
[35m[HTTP][39m [37m-->[39m [37mPOST[39m [37m/wd/hub/session/3eaec2e4-1189-40f3-8a9c-2bfb9b174382/elements[39m
[35m[HTTP][39m [90m{"using":"-android uiautomator","value":"new UiSelector().className(\"android.widget.TextView\").text(\"Bannerghatta Main Road, BTM Layout, 2nd Stage, 2nd Main Road, No 18, First Floor, Bengaluru, Karnataka 560076, India\")"}[39m
[35m[HTTP][39m [37m<-- POST /wd/hub/session/3eaec2e4-1189-40f3-8a9c-2bfb9b174382/elements [39m[32m200[39m [90m589 ms - 12[39m
[35m[HTTP][39m [90m[39m
[35m[HTTP][39m [37m-->[39m [37mPOST[39m [37m/wd/hub/session/3eaec2e4-1189-40f3-8a9c-2bfb9b174382/elements[39m
[35m[HTTP][39m [90m{"using":"-android uiautomator","value":"new UiSelector().className(\"android.widget.TextView\").text(\"Bannerghatta Main Road, BTM Layout, 2nd Stage, 2nd Main Road, No 18, First Floor, Bengaluru, Karnataka 560076, India\")"}[39m
[35m[HTTP][39m [37m<-- POST /wd/hub/session/3eaec2e4-1189-40f3-8a9c-2bfb9b174382/elements [39m[32m200[39m [90m656 ms - 12[39m
[35m[HTTP][39m [90m[39m
[35m[HTTP][39m [37m-->[39m [37mPOST[39m [37m/wd/hub/session/3eaec2e4-1189-40f3-8a9c-2bfb9b174382/elements[39m
[35m[HTTP][39m [90m{"using":"-android uiautomator","value":"new UiSelector().className(\"android.widget.TextView\").text(\"Bannerghatta Main Road, BTM Layout, 2nd Stage, 2nd Main Road, No 18, First Floor, Bengaluru, Karnataka 560076, India\")"}[39m
[35m[HTTP][39m [37m<-- POST /wd/hub/session/3eaec2e4-1189-40f3-8a9c-2bfb9b174382/elements [39m[32m200[39m [90m80 ms - 12[39m
[35m[HTTP][39m [90m[39m
[35m[HTTP][39m [37m-->[39m [37mPOST[39m [37m/wd/hub/session/3eaec2e4-1189-40f3-8a9c-2bfb9b174382/elements[39m
[35m[HTTP][39m [90m{"using":"-android uiautomator","value":"new UiSelector().className(\"android.widget.TextView\").text(\"Bannerghatta Main Road, BTM Layout, 2nd Stage, 2nd Main Road, No 18, First Floor, Bengaluru, Karnataka 560076, India\")"}[39m
[35m[HTTP][39m [37m<-- POST /wd/hub/session/3eaec2e4-1189-40f3-8a9c-2bfb9b174382/elements [39m[32m200[39m [90m602 ms - 12[39m
[35m[HTTP][39m [90m[39m
[35m[HTTP][39m [37m-->[39m [37mPOST[39m [37m/wd/hub/session/3eaec2e4-1189-40f3-8a9c-2bfb9b174382/elements[39m
[35m[HTTP][39m [90m{"using":"-android uiautomator","value":"new UiSelector().className(\"android.widget.TextView\").text(\"Bannerghatta Main Road, BTM Layout, 2nd Stage, 2nd Main Road, No 18, First Floor, Bengaluru, Karnataka 560076, India\")"}[39m
[35m[HTTP][39m [37m<-- POST /wd/hub/session/3eaec2e4-1189-40f3-8a9c-2bfb9b174382/elements [39m[32m200[39m [90m63 ms - 12[39m
[35m[HTTP][39m [90m[39m
[35m[HTTP][39m [37m-->[39m [37mPOST[39m [37m/wd/hub/session/3eaec2e4-1189-40f3-8a9c-2bfb9b174382/elements[39m
[35m[HTTP][39m [90m{"using":"-android uiautomator","value":"new UiSelector().className(\"android.widget.TextView\").text(\"Bannerghatta Main Road, BTM Layout, 2nd Stage, 2nd Main Road, No 18, First Floor, Bengaluru, Karnataka 560076, India\")"}[39m
[35m[HTTP][39m [37m<-- POST /wd/hub/session/3eaec2e4-1189-40f3-8a9c-2bfb9b174382/elements [39m[32m200[39m [90m60 ms - 12[39m
[35m[HTTP][39m [90m[39m
[35m[HTTP][39m [37m-->[39m [37mPOST[39m [37m/wd/hub/session/3eaec2e4-1189-40f3-8a9c-2bfb9b174382/elements[39m
[35m[HTTP][39m [90m{"using":"-android uiautomator","value":"new UiSelector().className(\"android.widget.TextView\").text(\"Bannerghatta Main Road, BTM Layout, 2nd Stage, 2nd Main Road, No 18, First Floor, Bengaluru, Karnataka 560076, India\")"}[39m
[35m[HTTP][39m [37m<-- POST /wd/hub/session/3eaec2e4-1189-40f3-8a9c-2bfb9b174382/elements [39m[32m200[39m [90m636 ms - 12[39m
[35m[HTTP][39m [90m[39m
[35m[HTTP][39m [37m-->[39m [37mPOST[39m [37m/wd/hub/session/3eaec2e4-1189-40f3-8a9c-2bfb9b174382/elements[39m
[35m[HTTP][39m [90m{"using":"-android uiautomator","value":"new UiSelector().className(\"android.widget.TextView\").text(\"Bannerghatta Main Road, BTM Layout, 2nd Stage, 2nd Main Road, No 18, First Floor, Bengaluru, Karnataka 560076, India\")"}[39m
[35m[HTTP][39m [37m<-- POST /wd/hub/session/3eaec2e4-1189-40f3-8a9c-2bfb9b174382/elements [39m[32m200[39m [90m613 ms - 12[39m
[35m[HTTP][39m [90m[39m
[35m[HTTP][39m [37m-->[39m [37mPOST[39m [37m/wd/hub/session/3eaec2e4-1189-40f3-8a9c-2bfb9b174382/elements[39m
[35m[HTTP][39m [90m{"using":"-android uiautomator","value":"new UiSelector().className(\"android.widget.TextView\").text(\"Bannerghatta Main Road, BTM Layout, 2nd Stage, 2nd Main Road, No 18, First Floor, Bengaluru, Karnataka 560076, India\")"}[39m
[35m[HTTP][39m [37m<-- POST /wd/hub/session/3eaec2e4-1189-40f3-8a9c-2bfb9b174382/elements [39m[32m200[39m [90m61 ms - 12[39m
[35m[HTTP][39m [90m[39m
[35m[HTTP][39m [37m-->[39m [37mPOST[39m [37m/wd/hub/session/3eaec2e4-1189-40f3-8a9c-2bfb9b174382/elements[39m
[35m[HTTP][39m [90m{"using":"-android uiautomator","value":"new UiSelector().className(\"android.widget.TextView\").text(\"Bannerghatta Main Road, BTM Layout, 2nd Stage, 2nd Main Road, No 18, First Floor, Bengaluru, Karnataka 560076, India\")"}[39m
[35m[HTTP][39m [37m<-- POST /wd/hub/session/3eaec2e4-1189-40f3-8a9c-2bfb9b174382/elements [39m[32m200[39m [90m87 ms - 12[39m
[35m[HTTP][39m [90m[39m
[35m[HTTP][39m [37m-->[39m [37mPOST[39m [37m/wd/hub/session/3eaec2e4-1189-40f3-8a9c-2bfb9b174382/elements[39m
[35m[HTTP][39m [90m{"using":"-android uiautomator","value":"new UiSelector().className(\"android.widget.TextView\").text(\"Bannerghatta Main Road, BTM Layout, 2nd Stage, 2nd Main Road, No 18, First Floor, Bengaluru, Karnataka 560076, India\")"}[39m
[35m[HTTP][39m [37m<-- POST /wd/hub/session/3eaec2e4-1189-40f3-8a9c-2bfb9b174382/elements [39m[32m200[39m [90m68 ms - 12[39m
[35m[HTTP][39m [90m[39m
[35m[HTTP][39m [37m-->[39m [37mPOST[39m [37m/wd/hub/session/3eaec2e4-1189-40f3-8a9c-2bfb9b174382/elements[39m
[35m[HTTP][39m [90m{"using":"-android uiautomator","value":"new UiSelector().className(\"android.widget.TextView\").text(\"Bannerghatta Main Road, BTM Layout, 2nd Stage, 2nd Main Road, No 18, First Floor, Bengaluru, Karnataka 560076, India\")"}[39m
[35m[HTTP][39m [37m<-- POST /wd/hub/session/3eaec2e4-1189-40f3-8a9c-2bfb9b174382/elements [39m[32m200[39m [90m636 ms - 12[39m
[35m[HTTP][39m [90m[39m
[35m[HTTP][39m [37m-->[39m [37mPOST[39m [37m/wd/hub/session/3eaec2e4-1189-40f3-8a9c-2bfb9b174382/elements[39m
[35m[HTTP][39m [90m{"using":"-android uiautomator","value":"new UiSelector().className(\"android.widget.TextView\").text(\"Bannerghatta Main Road, BTM Layout, 2nd Stage, 2nd Main Road, No 18, First Floor, Bengaluru, Karnataka 560076, India\")"}[39m
[35m[HTTP][39m [37m<-- POST /wd/hub/session/3eaec2e4-1189-40f3-8a9c-2bfb9b174382/elements [39m[32m200[39m [90m89 ms - 12[39m
[35m[HTTP][39m [90m[39m
[35m[HTTP][39m [37m-->[39m [37mPOST[39m [37m/wd/hub/session/3eaec2e4-1189-40f3-8a9c-2bfb9b174382/elements[39m
[35m[HTTP][39m [90m{"using":"-android uiautomator","value":"new UiSelector().className(\"android.widget.TextView\").text(\"Bannerghatta Main Road, BTM Layout, 2nd Stage, 2nd Main Road, No 18, First Floor, Bengaluru, Karnataka 560076, India\")"}[39m
[35m[HTTP][39m [37m<-- POST /wd/hub/session/3eaec2e4-1189-40f3-8a9c-2bfb9b174382/elements [39m[32m200[39m [90m63 ms - 12[39m
[35m[HTTP][39m [90m[39m
[35m[HTTP][39m [37m-->[39m [37mPOST[39m [37m/wd/hub/session/3eaec2e4-1189-40f3-8a9c-2bfb9b174382/elements[39m
[35m[HTTP][39m [90m{"using":"-android uiautomator","value":"new UiSelector().className(\"android.widget.TextView\").text(\"Bannerghatta Main Road, BTM Layout, 2nd Stage, 2nd Main Road, No 18, First Floor, Bengaluru, Karnataka 560076, India\")"}[39m
[35m[HTTP][39m [37m<-- POST /wd/hub/session/3eaec2e4-1189-40f3-8a9c-2bfb9b174382/elements [39m[32m200[39m [90m59 ms - 12[39m
[35m[HTTP][39m [90m[39m
[35m[HTTP][39m [37m-->[39m [37mPOST[39m [37m/wd/hub/session/3eaec2e4-1189-40f3-8a9c-2bfb9b174382/elements[39m
[35m[HTTP][39m [90m{"using":"-android uiautomator","value":"new UiSelector().className(\"android.widget.TextView\").text(\"Bannerghatta Main Road, BTM Layout, 2nd Stage, 2nd Main Road, No 18, First Floor, Bengaluru, Karnataka 560076, India\")"}[39m
[35m[HTTP][39m [37m<-- POST /wd/hub/session/3eaec2e4-1189-40f3-8a9c-2bfb9b174382/elements [39m[32m200[39m [90m653 ms - 12[39m
[35m[HTTP][39m [90m[39m
[35m[HTTP][39m [37m-->[39m [37mPOST[39m [37m/wd/hub/session/3eaec2e4-1189-40f3-8a9c-2bfb9b174382/timeouts[39m
[35m[HTTP][39m [90m{"implicit":30000}[39m
[35m[HTTP][39m [37m<-- POST /wd/hub/session/3eaec2e4-1189-40f3-8a9c-2bfb9b174382/timeouts [39m[32m200[39m [90m2 ms - 14[39m
[35m[HTTP][39m [90m[39m
[35m[HTTP][39m [37m-->[39m [37mGET[39m [37m/wd/hub/session/3eaec2e4-1189-40f3-8a9c-2bfb9b174382/context[39m
[35m[HTTP][39m [90m{}[39m
[35m[HTTP][39m [37m<-- GET /wd/hub/session/3eaec2e4-1189-40f3-8a9c-2bfb9b174382/context [39m[32m200[39m [90m2 ms - 22[39m
[35m[HTTP][39m [90m[39m
[35m[HTTP][39m [37m-->[39m [37mGET[39m [37m/wd/hub/session/3eaec2e4-1189-40f3-8a9c-2bfb9b174382/contexts[39m
[35m[HTTP][39m [90m{}[39m
[35m[HTTP][39m [37m<-- GET /wd/hub/session/3eaec2e4-1189-40f3-8a9c-2bfb9b174382/contexts [39m[32m200[39m [90m102 ms - 24[39m
[35m[HTTP][39m [90m[39m
[35m[HTTP][39m [37m-->[39m [37mPOST[39m [37m/wd/hub/session/3eaec2e4-1189-40f3-8a9c-2bfb9b174382/context[39m
[35m[HTTP][39m [90m{"name":"NATIVE_APP"}[39m
[35m[HTTP][39m [37m<-- POST /wd/hub/session/3eaec2e4-1189-40f3-8a9c-2bfb9b174382/context [39m[32m200[39m [90m3 ms - 14[39m
[35m[HTTP][39m [90m[39m
[35m[HTTP][39m [37m-->[39m [37mGET[39m [37m/wd/hub/session/3eaec2e4-1189-40f3-8a9c-2bfb9b174382/screenshot[39m
[35m[HTTP][39m [90m{}[39m
[35m[HTTP][39m [37m<-- GET /wd/hub/session/3eaec2e4-1189-40f3-8a9c-2bfb9b174382/screenshot [39m[32m200[39m [90m756 ms - 708134[39m
[35m[HTTP][39m [90m[39m
[35m[HTTP][39m [37m-->[39m [37mPOST[39m [37m/wd/hub/session/3eaec2e4-1189-40f3-8a9c-2bfb9b174382/context[39m
[35m[HTTP][39m [90m{"name":"NATIVE_APP"}[39m
[35m[HTTP][39m [37m<-- POST /wd/hub/session/3eaec2e4-1189-40f3-8a9c-2bfb9b174382/context [39m[32m200[39m [90m3 ms - 14[39m
[35m[HTTP][39m [90m[39m
[35m[HTTP][39m [37m-->[39m [37mGET[39m [37m/wd/hub/session/3eaec2e4-1189-40f3-8a9c-2bfb9b174382/context[39m
[35m[HTTP][39m [90m{}[39m
[35m[HTTP][39m [37m<-- GET /wd/hub/session/3eaec2e4-1189-40f3-8a9c-2bfb9b174382/context [39m[32m200[39m [90m3 ms - 22[39m
[35m[HTTP][39m [90m[39m
[35m[HTTP][39m [37m-->[39m [37mGET[39m [37m/wd/hub/session/3eaec2e4-1189-40f3-8a9c-2bfb9b174382/contexts[39m
[35m[HTTP][39m [90m{}[39m
[35m[HTTP][39m [37m<-- GET /wd/hub/session/3eaec2e4-1189-40f3-8a9c-2bfb9b174382/contexts [39m[32m200[39m [90m72 ms - 24[39m
[35m[HTTP][39m [90m[39m
[35m[HTTP][39m [37m-->[39m [37mPOST[39m [37m/wd/hub/session/3eaec2e4-1189-40f3-8a9c-2bfb9b174382/context[39m
[35m[HTTP][39m [90m{"name":"NATIVE_APP"}[39m
[35m[HTTP][39m [37m<-- POST /wd/hub/session/3eaec2e4-1189-40f3-8a9c-2bfb9b174382/context [39m[32m200[39m [90m3 ms - 14[39m
[35m[HTTP][39m [90m[39m
[35m[HTTP][39m [37m-->[39m [37mGET[39m [37m/wd/hub/session/3eaec2e4-1189-40f3-8a9c-2bfb9b174382/screenshot[39m
[35m[HTTP][39m [90m{}[39m
[35m[HTTP][39m [37m<-- GET /wd/hub/session/3eaec2e4-1189-40f3-8a9c-2bfb9b174382/screenshot [39m[32m200[39m [90m754 ms - 708134[39m
[35m[HTTP][39m [90m[39m
[35m[HTTP][39m [37m-->[39m [37mPOST[39m [37m/wd/hub/session/3eaec2e4-1189-40f3-8a9c-2bfb9b174382/context[39m
[35m[HTTP][39m [90m{"name":"NATIVE_APP"}[39m
[35m[HTTP][39m [37m<-- POST /wd/hub/session/3eaec2e4-1189-40f3-8a9c-2bfb9b174382/context [39m[32m200[39m [90m3 ms - 14[39m
[35m[HTTP][39m [90m[39m
[35m[HTTP][39m [37m-->[39m [37mDELETE[39m [37m/wd/hub/session/3eaec2e4-1189-40f3-8a9c-2bfb9b174382[39m
[35m[HTTP][39m [90m{}[39m
[35m[Appium][39m Removing session 3eaec2e4-1189-40f3-8a9c-2bfb9b174382 from our master session list
[35m[ADB][39m io.nativebase.market.geekyants.taxiapprider was successfully uninstalled
[35m[UiAutomator2][39m Restoring hidden api policy to the device default configuration
[35m[HTTP][39m [37m<-- DELETE /wd/hub/session/3eaec2e4-1189-40f3-8a9c-2bfb9b174382 [39m[32m200[39m [90m1407 ms - 14[39m
[35m[HTTP][39m [90m[39m
