[35m[Appium][39m Welcome to Appium v1.14.0
[35m[Appium][39m Non-default server args:
[35m[Appium][39m   port: 62172
[35m[Appium][39m   loglevel: info
[35m[Appium][39m   chromeDriverPort: 62177
[35m[Appium][39m   tmpDir: /var/folders/38/x4crs4qx0hn0r3_szny2t9sw0000gn/T//Katalon/Appium/Temp1566215121322
[35m[Appium][39m Appium REST http interface listener started on 0.0.0.0:62172
[35m[HTTP][39m [37m-->[39m [37mGET[39m [37m/wd/hub/status[39m
[35m[HTTP][39m [90m{}[39m
[35m[HTTP][39m [37m<-- GET /wd/hub/status [39m[32m200[39m [90m8 ms - 68[39m
[35m[HTTP][39m [90m[39m
[35m[HTTP][39m [37m-->[39m [37mPOST[39m [37m/wd/hub/session[39m
[35m[HTTP][39m [90m{"desiredCapabilities":{"app":"/Users/sumittulsyan/Downloads/app-release (1).apk","noReset":false,"deviceName":"Google Pixel (Android 9)","fullReset":true,"platform":"ANDROID","newCommandTimeout":1800,"platformVersion":"9","automationName":"uiautomator2","autoGrantPermissions":true,"platformName":"Android","udid":"FA6AW0302799","systemPort":62171},"capabilities":{"firstMatch":[{"appium:app":"/Users/sumittulsyan/Downloads/app-release (1).apk","appium:autoGrantPermissions":true,"appium:automationName":"uiautomator2","appium:deviceName":"Google Pixel (Android 9)","appium:fullReset":true,"appium:newCommandTimeout":1800,"appium:noReset":false,"platform":"ANDROID","platformName":"android","appium:platformVersion":"9","appium:systemPort":62171,"appium:udid":"FA6AW0302799"}]}}[39m
[35m[BaseDriver][39m The capabilities ["platform"] are not standard capabilities and should have an extension prefix
[35m[Appium][39m Appium v1.14.0 creating new AndroidUiautomator2Driver (v1.33.1) session
[35m[Appium][39m Capabilities:
[35m[Appium][39m   platform: ANDROID
[35m[Appium][39m   platformName: android
[35m[Appium][39m   app: /Users/sumittulsyan/Downloads/app-release (1).apk
[35m[Appium][39m   autoGrantPermissions: true
[35m[Appium][39m   automationName: uiautomator2
[35m[Appium][39m   deviceName: Google Pixel (Android 9)
[35m[Appium][39m   fullReset: true
[35m[Appium][39m   newCommandTimeout: 1800
[35m[Appium][39m   noReset: false
[35m[Appium][39m   platformVersion: 9
[35m[Appium][39m   systemPort: 62171
[35m[Appium][39m   udid: FA6AW0302799
[35m[BaseDriver][39m The following capabilities were provided, but are not recognized by Appium:
[35m[BaseDriver][39m   platform
[35m[BaseDriver][39m Session created with session id: 5f11a170-6d6e-4919-9fb9-521000c30064
[35m[BaseDriver][39m Using local app '/Users/sumittulsyan/Downloads/app-release (1).apk'
[35m[ADB][39m Found 1 'build-tools' folders under '/Users/sumittulsyan/.katalon/tools/android_sdk' (newest first):
[35m[ADB][39m     /Users/sumittulsyan/.katalon/tools/android_sdk/build-tools/29.0.1
[35m[ADB][39m Using 'adb' from '/Users/sumittulsyan/.katalon/tools/android_sdk/platform-tools/adb'
[35m[AndroidDriver][39m Retrieving device list
[35m[AndroidDriver][39m Using device: FA6AW0302799
[35m[ADB][39m Using 'adb' from '/Users/sumittulsyan/.katalon/tools/android_sdk/platform-tools/adb'
[35m[UiAutomator2][39m Relaxing hidden api policy
[35m[ADB][39m Using 'apkanalyzer' from '/Users/sumittulsyan/.katalon/tools/android_sdk/tools/bin/apkanalyzer'
[35m[ADB][39m Using the alternative activity name detection method because of: Command '/Users/sumittulsyan/.katalon/tools/android_sdk/tools/bin/apkanalyzer -h manifest print '/Users/sumittulsyan/Downloads/app-release (1).apk'' exited with code 2
[35m[ADB][39m Using 'aapt' from '/Users/sumittulsyan/.katalon/tools/android_sdk/build-tools/29.0.1/aapt'
[35m[ADB][39m Extracting package and launch activity from manifest
[35m[ADB][39m Package name: 'io.nativebase.market.geekyants.taxiapprider'
[35m[ADB][39m Main activity name: 'io.nativebase.market.geekyants.taxiapprider.MainActivity'
[35m[ADB][39m Using 'apksigner' from '/Users/sumittulsyan/.katalon/tools/android_sdk/build-tools/29.0.1/apksigner'
[35m[UiAutomator2][39m Server packages are not going to be (re)installed
[35m[ADB][39m io.nativebase.market.geekyants.taxiapprider was not uninstalled, because it was not present on the device
[35m[ADB][39m The application at '/Users/sumittulsyan/Downloads/app-release (1).apk' is already cached to '/data/local/tmp/appium_cache/319121ffd2a4e89e1742e996fe8df850b3a56b9f.apk'
[35m[ADB][39m The installation of 'app-release (1).apk' took 4.782s
[35m[UiAutomator2][39m Starting UIAutomator2 server 3.7.0
[35m[UiAutomator2][39m Using UIAutomator2 server from '/Users/sumittulsyan/Downloads/appium-mobile-test/node_modules/appium-uiautomator2-server/apks/appium-uiautomator2-server-v3.7.0.apk' and test from '/Users/sumittulsyan/Downloads/appium-mobile-test/node_modules/appium-uiautomator2-server/apks/appium-uiautomator2-server-debug-androidTest.apk'
[35m[UiAutomator2][39m Waiting up to 30000ms for UiAutomator2 to be online...
[35m[WD Proxy][39m Got an unexpected response: {"code":"ECONNRESET"}
[35m[WD Proxy][39m Got an unexpected response: {"code":"ECONNRESET"}
[35m[WD Proxy][39m Got an unexpected response: {"code":"ECONNRESET"}
[35m[AndroidDriver][39m Screen already unlocked, doing nothing
[35m[UiAutomator2][39m UiAutomator2 did not start the activity we were waiting for, 'io.nativebase.market.geekyants.taxiapprider/io.nativebase.market.geekyants.taxiapprider.MainActivity'. Starting it ourselves
[35m[Appium][39m New AndroidUiautomator2Driver session created successfully, session 5f11a170-6d6e-4919-9fb9-521000c30064 added to master session list
[35m[HTTP][39m [37m<-- POST /wd/hub/session [39m[32m200[39m [90m17280 ms - 1220[39m
[35m[HTTP][39m [90m[39m
[35m[HTTP][39m [37m-->[39m [37mGET[39m [37m/wd/hub/session/5f11a170-6d6e-4919-9fb9-521000c30064[39m
[35m[HTTP][39m [90m{}[39m
[35m[HTTP][39m [37m<-- GET /wd/hub/session/5f11a170-6d6e-4919-9fb9-521000c30064 [39m[32m200[39m [90m69 ms - 1152[39m
[35m[HTTP][39m [90m[39m
[35m[HTTP][39m [37m-->[39m [37mGET[39m [37m/wd/hub/session/5f11a170-6d6e-4919-9fb9-521000c30064[39m
[35m[HTTP][39m [90m{}[39m
[35m[HTTP][39m [37m<-- GET /wd/hub/session/5f11a170-6d6e-4919-9fb9-521000c30064 [39m[32m200[39m [90m33 ms - 1152[39m
[35m[HTTP][39m [90m[39m
[35m[HTTP][39m [37m-->[39m [37mGET[39m [37m/wd/hub/status[39m
[35m[HTTP][39m [90m{}[39m
[35m[HTTP][39m [37m<-- GET /wd/hub/status [39m[32m200[39m [90m2 ms - 68[39m
[35m[HTTP][39m [90m[39m
[35m[HTTP][39m [37m-->[39m [37mPOST[39m [37m/wd/hub/session/5f11a170-6d6e-4919-9fb9-521000c30064/timeouts[39m
[35m[HTTP][39m [90m{"implicit":30000}[39m
[35m[HTTP][39m [37m<-- POST /wd/hub/session/5f11a170-6d6e-4919-9fb9-521000c30064/timeouts [39m[32m200[39m [90m4 ms - 14[39m
[35m[HTTP][39m [90m[39m
[35m[HTTP][39m [37m-->[39m [37mPOST[39m [37m/wd/hub/session/5f11a170-6d6e-4919-9fb9-521000c30064/timeouts[39m
[35m[HTTP][39m [90m{"implicit":50}[39m
[35m[HTTP][39m [37m<-- POST /wd/hub/session/5f11a170-6d6e-4919-9fb9-521000c30064/timeouts [39m[32m200[39m [90m2 ms - 14[39m
[35m[HTTP][39m [90m[39m
[35m[HTTP][39m [37m-->[39m [37mGET[39m [37m/wd/hub/session/5f11a170-6d6e-4919-9fb9-521000c30064/window/rect[39m
[35m[HTTP][39m [90m{}[39m
[35m[HTTP][39m [37m<-- GET /wd/hub/session/5f11a170-6d6e-4919-9fb9-521000c30064/window/rect [39m[32m200[39m [90m48 ms - 50[39m
[35m[HTTP][39m [90m[39m
[35m[HTTP][39m [37m-->[39m [37mPOST[39m [37m/wd/hub/session/5f11a170-6d6e-4919-9fb9-521000c30064/elements[39m
[35m[HTTP][39m [90m{"using":"-android uiautomator","value":"new UiSelector().className(\"android.widget.TextView\").text(\"Sign In\")"}[39m
[35m[HTTP][39m [37m<-- POST /wd/hub/session/5f11a170-6d6e-4919-9fb9-521000c30064/elements [39m[32m200[39m [90m1223 ms - 139[39m
[35m[HTTP][39m [90m[39m
[35m[HTTP][39m [37m-->[39m [37mGET[39m [37m/wd/hub/session/5f11a170-6d6e-4919-9fb9-521000c30064/element/1e250528-e207-402d-8c07-6ce749377a1f/location[39m
[35m[HTTP][39m [90m{}[39m
[35m[W3C (5f11a170)][39m Driver proxy active, passing request on via HTTP proxy
[35m[WD Proxy][39m Replacing sessionId b2f32345-63e2-4183-a26e-643a99ebe047 with 5f11a170-6d6e-4919-9fb9-521000c30064
[35m[HTTP][39m [37m<-- GET /wd/hub/session/5f11a170-6d6e-4919-9fb9-521000c30064/element/1e250528-e207-402d-8c07-6ce749377a1f/location [39m[32m200[39m [90m200 ms - 90[39m
[35m[HTTP][39m [90m[39m
[35m[HTTP][39m [37m-->[39m [37mPOST[39m [37m/wd/hub/session/5f11a170-6d6e-4919-9fb9-521000c30064/timeouts[39m
[35m[HTTP][39m [90m{"implicit":30000}[39m
[35m[HTTP][39m [37m<-- POST /wd/hub/session/5f11a170-6d6e-4919-9fb9-521000c30064/timeouts [39m[32m200[39m [90m4 ms - 14[39m
[35m[HTTP][39m [90m[39m
[35m[HTTP][39m [37m-->[39m [37mPOST[39m [37m/wd/hub/session/5f11a170-6d6e-4919-9fb9-521000c30064/touch/perform[39m
[35m[HTTP][39m [90m{"actions":[{"action":"tap","options":{"x":1,"y":1,"element":"1e250528-e207-402d-8c07-6ce749377a1f"}},{"action":"release","options":{}}]}[39m
[35m[UiAutomator2][39m calling get location: 1e250528-e207-402d-8c07-6ce749377a1f
[35m[HTTP][39m [37m<-- POST /wd/hub/session/5f11a170-6d6e-4919-9fb9-521000c30064/touch/perform [39m[32m200[39m [90m1506 ms - 14[39m
[35m[HTTP][39m [90m[39m
[35m[HTTP][39m [37m-->[39m [37mPOST[39m [37m/wd/hub/session/5f11a170-6d6e-4919-9fb9-521000c30064/timeouts[39m
[35m[HTTP][39m [90m{"implicit":50}[39m
[35m[HTTP][39m [37m<-- POST /wd/hub/session/5f11a170-6d6e-4919-9fb9-521000c30064/timeouts [39m[32m200[39m [90m4 ms - 14[39m
[35m[HTTP][39m [90m[39m
[35m[HTTP][39m [37m-->[39m [37mGET[39m [37m/wd/hub/session/5f11a170-6d6e-4919-9fb9-521000c30064/window/rect[39m
[35m[HTTP][39m [90m{}[39m
[35m[HTTP][39m [37m<-- GET /wd/hub/session/5f11a170-6d6e-4919-9fb9-521000c30064/window/rect [39m[32m200[39m [90m40 ms - 50[39m
[35m[HTTP][39m [90m[39m
[35m[HTTP][39m [37m-->[39m [37mPOST[39m [37m/wd/hub/session/5f11a170-6d6e-4919-9fb9-521000c30064/elements[39m
[35m[HTTP][39m [90m{"using":"-android uiautomator","value":"new UiSelector().className(\"android.widget.EditText\").text(\"Email\")"}[39m
[35m[HTTP][39m [37m<-- POST /wd/hub/session/5f11a170-6d6e-4919-9fb9-521000c30064/elements [39m[32m200[39m [90m130 ms - 139[39m
[35m[HTTP][39m [90m[39m
[35m[HTTP][39m [37m-->[39m [37mGET[39m [37m/wd/hub/session/5f11a170-6d6e-4919-9fb9-521000c30064/element/c160e878-1589-4450-bf45-32af2a432c78/location[39m
[35m[HTTP][39m [90m{}[39m
[35m[W3C (5f11a170)][39m Driver proxy active, passing request on via HTTP proxy
[35m[WD Proxy][39m Replacing sessionId b2f32345-63e2-4183-a26e-643a99ebe047 with 5f11a170-6d6e-4919-9fb9-521000c30064
[35m[HTTP][39m [37m<-- GET /wd/hub/session/5f11a170-6d6e-4919-9fb9-521000c30064/element/c160e878-1589-4450-bf45-32af2a432c78/location [39m[32m200[39m [90m70 ms - 89[39m
[35m[HTTP][39m [90m[39m
[35m[HTTP][39m [37m-->[39m [37mPOST[39m [37m/wd/hub/session/5f11a170-6d6e-4919-9fb9-521000c30064/timeouts[39m
[35m[HTTP][39m [90m{"implicit":30000}[39m
[35m[HTTP][39m [37m<-- POST /wd/hub/session/5f11a170-6d6e-4919-9fb9-521000c30064/timeouts [39m[32m200[39m [90m3 ms - 14[39m
[35m[HTTP][39m [90m[39m
[35m[HTTP][39m [37m-->[39m [37mPOST[39m [37m/wd/hub/session/5f11a170-6d6e-4919-9fb9-521000c30064/element/c160e878-1589-4450-bf45-32af2a432c78/clear[39m
[35m[HTTP][39m [90m{"id":"c160e878-1589-4450-bf45-32af2a432c78"}[39m
[35m[HTTP][39m [37m<-- POST /wd/hub/session/5f11a170-6d6e-4919-9fb9-521000c30064/element/c160e878-1589-4450-bf45-32af2a432c78/clear [39m[32m200[39m [90m99 ms - 27[39m
[35m[HTTP][39m [90m[39m
[35m[HTTP][39m [37m-->[39m [37mPOST[39m [37m/wd/hub/session/5f11a170-6d6e-4919-9fb9-521000c30064/element/c160e878-1589-4450-bf45-32af2a432c78/value[39m
[35m[HTTP][39m [90m{"id":"c160e878-1589-4450-bf45-32af2a432c78","text":"taxirider@gmail.com","value":["t","a","x","i","r","i","d","e","r","@","g","m","a","i","l",".","c","o","m"]}[39m
[35m[HTTP][39m [37m<-- POST /wd/hub/session/5f11a170-6d6e-4919-9fb9-521000c30064/element/c160e878-1589-4450-bf45-32af2a432c78/value [39m[32m200[39m [90m1160 ms - 12[39m
[35m[HTTP][39m [90m[39m
[35m[HTTP][39m [37m-->[39m [37mPOST[39m [37m/wd/hub/session/5f11a170-6d6e-4919-9fb9-521000c30064/timeouts[39m
[35m[HTTP][39m [90m{"implicit":50}[39m
[35m[HTTP][39m [37m<-- POST /wd/hub/session/5f11a170-6d6e-4919-9fb9-521000c30064/timeouts [39m[32m200[39m [90m3 ms - 14[39m
[35m[HTTP][39m [90m[39m
[35m[HTTP][39m [37m-->[39m [37mGET[39m [37m/wd/hub/session/5f11a170-6d6e-4919-9fb9-521000c30064/window/rect[39m
[35m[HTTP][39m [90m{}[39m
[35m[HTTP][39m [37m<-- GET /wd/hub/session/5f11a170-6d6e-4919-9fb9-521000c30064/window/rect [39m[32m200[39m [90m29 ms - 50[39m
[35m[HTTP][39m [90m[39m
[35m[HTTP][39m [37m-->[39m [37mPOST[39m [37m/wd/hub/session/5f11a170-6d6e-4919-9fb9-521000c30064/elements[39m
[35m[HTTP][39m [90m{"using":"-android uiautomator","value":"new UiSelector().className(\"android.widget.EditText\").text(\"Password\")"}[39m
[35m[HTTP][39m [37m<-- POST /wd/hub/session/5f11a170-6d6e-4919-9fb9-521000c30064/elements [39m[32m200[39m [90m448 ms - 139[39m
[35m[HTTP][39m [90m[39m
[35m[HTTP][39m [37m-->[39m [37mGET[39m [37m/wd/hub/session/5f11a170-6d6e-4919-9fb9-521000c30064/element/165a19cf-26f5-4d91-a4af-ddca34e2915e/location[39m
[35m[HTTP][39m [90m{}[39m
[35m[W3C (5f11a170)][39m Driver proxy active, passing request on via HTTP proxy
[35m[WD Proxy][39m Replacing sessionId b2f32345-63e2-4183-a26e-643a99ebe047 with 5f11a170-6d6e-4919-9fb9-521000c30064
[35m[HTTP][39m [37m<-- GET /wd/hub/session/5f11a170-6d6e-4919-9fb9-521000c30064/element/165a19cf-26f5-4d91-a4af-ddca34e2915e/location [39m[32m200[39m [90m64 ms - 90[39m
[35m[HTTP][39m [90m[39m
[35m[HTTP][39m [37m-->[39m [37mPOST[39m [37m/wd/hub/session/5f11a170-6d6e-4919-9fb9-521000c30064/timeouts[39m
[35m[HTTP][39m [90m{"implicit":30000}[39m
[35m[HTTP][39m [37m<-- POST /wd/hub/session/5f11a170-6d6e-4919-9fb9-521000c30064/timeouts [39m[32m200[39m [90m2 ms - 14[39m
[35m[HTTP][39m [90m[39m
[35m[HTTP][39m [37m-->[39m [37mPOST[39m [37m/wd/hub/session/5f11a170-6d6e-4919-9fb9-521000c30064/element/165a19cf-26f5-4d91-a4af-ddca34e2915e/clear[39m
[35m[HTTP][39m [90m{"id":"165a19cf-26f5-4d91-a4af-ddca34e2915e"}[39m
[35m[HTTP][39m [37m<-- POST /wd/hub/session/5f11a170-6d6e-4919-9fb9-521000c30064/element/165a19cf-26f5-4d91-a4af-ddca34e2915e/clear [39m[32m200[39m [90m65 ms - 27[39m
[35m[HTTP][39m [90m[39m
[35m[HTTP][39m [37m-->[39m [37mPOST[39m [37m/wd/hub/session/5f11a170-6d6e-4919-9fb9-521000c30064/element/165a19cf-26f5-4d91-a4af-ddca34e2915e/value[39m
[35m[HTTP][39m [90m{"id":"165a19cf-26f5-4d91-a4af-ddca34e2915e","text":"123456","value":["1","2","3","4","5","6"]}[39m
[35m[HTTP][39m [37m<-- POST /wd/hub/session/5f11a170-6d6e-4919-9fb9-521000c30064/element/165a19cf-26f5-4d91-a4af-ddca34e2915e/value [39m[32m200[39m [90m1101 ms - 12[39m
[35m[HTTP][39m [90m[39m
[35m[HTTP][39m [37m-->[39m [37mPOST[39m [37m/wd/hub/session/5f11a170-6d6e-4919-9fb9-521000c30064/timeouts[39m
[35m[HTTP][39m [90m{"implicit":50}[39m
[35m[HTTP][39m [37m<-- POST /wd/hub/session/5f11a170-6d6e-4919-9fb9-521000c30064/timeouts [39m[32m200[39m [90m3 ms - 14[39m
[35m[HTTP][39m [90m[39m
[35m[HTTP][39m [37m-->[39m [37mGET[39m [37m/wd/hub/session/5f11a170-6d6e-4919-9fb9-521000c30064/window/rect[39m
[35m[HTTP][39m [90m{}[39m
[35m[HTTP][39m [37m<-- GET /wd/hub/session/5f11a170-6d6e-4919-9fb9-521000c30064/window/rect [39m[32m200[39m [90m27 ms - 50[39m
[35m[HTTP][39m [90m[39m
[35m[HTTP][39m [37m-->[39m [37mPOST[39m [37m/wd/hub/session/5f11a170-6d6e-4919-9fb9-521000c30064/elements[39m
[35m[HTTP][39m [90m{"using":"xpath","value":"//hierarchy/android.widget.FrameLayout[1]/android.widget.LinearLayout[1]/android.widget.FrameLayout[1]/android.widget.LinearLayout[1]/android.widget.FrameLayout[1]/android.widget.FrameLayout[1]/android.view.ViewGroup[1]/android.view.ViewGroup[1]/android.view.ViewGroup[1]/android.view.ViewGroup[1]/android.support.v4.widget.DrawerLayout[1]/android.view.ViewGroup[1]/android.view.ViewGroup[1]/android.view.ViewGroup[1]/android.view.ViewGroup[1]/android.view.ViewGroup[1]/android.view.ViewGroup[1]/android.widget.ScrollView[1]/android.view.ViewGroup[1]/android.view.ViewGroup[7]/android.widget.TextView[1]"}[39m
[35m[HTTP][39m [37m<-- POST /wd/hub/session/5f11a170-6d6e-4919-9fb9-521000c30064/elements [39m[32m200[39m [90m795 ms - 139[39m
[35m[HTTP][39m [90m[39m
[35m[HTTP][39m [37m-->[39m [37mGET[39m [37m/wd/hub/session/5f11a170-6d6e-4919-9fb9-521000c30064/element/c423cc9f-6290-4d21-bea9-8e84e6cff32a/location[39m
[35m[HTTP][39m [90m{}[39m
[35m[W3C (5f11a170)][39m Driver proxy active, passing request on via HTTP proxy
[35m[WD Proxy][39m Replacing sessionId b2f32345-63e2-4183-a26e-643a99ebe047 with 5f11a170-6d6e-4919-9fb9-521000c30064
[35m[HTTP][39m [37m<-- GET /wd/hub/session/5f11a170-6d6e-4919-9fb9-521000c30064/element/c423cc9f-6290-4d21-bea9-8e84e6cff32a/location [39m[32m200[39m [90m27 ms - 90[39m
[35m[HTTP][39m [90m[39m
[35m[HTTP][39m [37m-->[39m [37mPOST[39m [37m/wd/hub/session/5f11a170-6d6e-4919-9fb9-521000c30064/timeouts[39m
[35m[HTTP][39m [90m{"implicit":30000}[39m
[35m[HTTP][39m [37m<-- POST /wd/hub/session/5f11a170-6d6e-4919-9fb9-521000c30064/timeouts [39m[32m200[39m [90m2 ms - 14[39m
[35m[HTTP][39m [90m[39m
[35m[HTTP][39m [37m-->[39m [37mPOST[39m [37m/wd/hub/session/5f11a170-6d6e-4919-9fb9-521000c30064/touch/perform[39m
[35m[HTTP][39m [90m{"actions":[{"action":"tap","options":{"x":1,"y":1,"element":"c423cc9f-6290-4d21-bea9-8e84e6cff32a"}},{"action":"release","options":{}}]}[39m
[35m[UiAutomator2][39m calling get location: c423cc9f-6290-4d21-bea9-8e84e6cff32a
[35m[HTTP][39m [37m<-- POST /wd/hub/session/5f11a170-6d6e-4919-9fb9-521000c30064/touch/perform [39m[32m200[39m [90m91 ms - 14[39m
[35m[HTTP][39m [90m[39m
[35m[HTTP][39m [37m-->[39m [37mPOST[39m [37m/wd/hub/session/5f11a170-6d6e-4919-9fb9-521000c30064/timeouts[39m
[35m[HTTP][39m [90m{"implicit":50}[39m
[35m[HTTP][39m [37m<-- POST /wd/hub/session/5f11a170-6d6e-4919-9fb9-521000c30064/timeouts [39m[32m200[39m [90m6 ms - 14[39m
[35m[HTTP][39m [90m[39m
[35m[HTTP][39m [37m-->[39m [37mGET[39m [37m/wd/hub/session/5f11a170-6d6e-4919-9fb9-521000c30064/window/rect[39m
[35m[HTTP][39m [90m{}[39m
[35m[HTTP][39m [37m<-- GET /wd/hub/session/5f11a170-6d6e-4919-9fb9-521000c30064/window/rect [39m[32m200[39m [90m28 ms - 50[39m
[35m[HTTP][39m [90m[39m
[35m[HTTP][39m [37m-->[39m [37mPOST[39m [37m/wd/hub/session/5f11a170-6d6e-4919-9fb9-521000c30064/elements[39m
[35m[HTTP][39m [90m{"using":"-android uiautomator","value":"new UiSelector().className(\"android.widget.TextView\").text(\"4, Ranka Colony Rd, Munivenkatppa Layout, Bilekahalli, Bengaluru, Karnataka 560076, India\")"}[39m
[35m[HTTP][39m [37m<-- POST /wd/hub/session/5f11a170-6d6e-4919-9fb9-521000c30064/elements [39m[32m200[39m [90m708 ms - 12[39m
[35m[HTTP][39m [90m[39m
[35m[HTTP][39m [37m-->[39m [37mPOST[39m [37m/wd/hub/session/5f11a170-6d6e-4919-9fb9-521000c30064/elements[39m
[35m[HTTP][39m [90m{"using":"-android uiautomator","value":"new UiSelector().className(\"android.widget.TextView\").text(\"4, Ranka Colony Rd, Munivenkatppa Layout, Bilekahalli, Bengaluru, Karnataka 560076, India\")"}[39m
[35m[HTTP][39m [37m<-- POST /wd/hub/session/5f11a170-6d6e-4919-9fb9-521000c30064/elements [39m[32m200[39m [90m66 ms - 12[39m
[35m[HTTP][39m [90m[39m
[35m[HTTP][39m [37m-->[39m [37mPOST[39m [37m/wd/hub/session/5f11a170-6d6e-4919-9fb9-521000c30064/elements[39m
[35m[HTTP][39m [90m{"using":"-android uiautomator","value":"new UiSelector().className(\"android.widget.TextView\").text(\"4, Ranka Colony Rd, Munivenkatppa Layout, Bilekahalli, Bengaluru, Karnataka 560076, India\")"}[39m
[35m[HTTP][39m [37m<-- POST /wd/hub/session/5f11a170-6d6e-4919-9fb9-521000c30064/elements [39m[32m200[39m [90m758 ms - 12[39m
[35m[HTTP][39m [90m[39m
[35m[HTTP][39m [37m-->[39m [37mPOST[39m [37m/wd/hub/session/5f11a170-6d6e-4919-9fb9-521000c30064/elements[39m
[35m[HTTP][39m [90m{"using":"-android uiautomator","value":"new UiSelector().className(\"android.widget.TextView\").text(\"4, Ranka Colony Rd, Munivenkatppa Layout, Bilekahalli, Bengaluru, Karnataka 560076, India\")"}[39m
[35m[HTTP][39m [37m<-- POST /wd/hub/session/5f11a170-6d6e-4919-9fb9-521000c30064/elements [39m[32m200[39m [90m849 ms - 12[39m
[35m[HTTP][39m [90m[39m
[35m[HTTP][39m [37m-->[39m [37mPOST[39m [37m/wd/hub/session/5f11a170-6d6e-4919-9fb9-521000c30064/elements[39m
[35m[HTTP][39m [90m{"using":"-android uiautomator","value":"new UiSelector().className(\"android.widget.TextView\").text(\"4, Ranka Colony Rd, Munivenkatppa Layout, Bilekahalli, Bengaluru, Karnataka 560076, India\")"}[39m
[35m[HTTP][39m [37m<-- POST /wd/hub/session/5f11a170-6d6e-4919-9fb9-521000c30064/elements [39m[32m200[39m [90m121 ms - 12[39m
[35m[HTTP][39m [90m[39m
[35m[HTTP][39m [37m-->[39m [37mPOST[39m [37m/wd/hub/session/5f11a170-6d6e-4919-9fb9-521000c30064/elements[39m
[35m[HTTP][39m [90m{"using":"-android uiautomator","value":"new UiSelector().className(\"android.widget.TextView\").text(\"4, Ranka Colony Rd, Munivenkatppa Layout, Bilekahalli, Bengaluru, Karnataka 560076, India\")"}[39m
[35m[HTTP][39m [37m<-- POST /wd/hub/session/5f11a170-6d6e-4919-9fb9-521000c30064/elements [39m[32m200[39m [90m105 ms - 12[39m
[35m[HTTP][39m [90m[39m
[35m[HTTP][39m [37m-->[39m [37mPOST[39m [37m/wd/hub/session/5f11a170-6d6e-4919-9fb9-521000c30064/elements[39m
[35m[HTTP][39m [90m{"using":"-android uiautomator","value":"new UiSelector().className(\"android.widget.TextView\").text(\"4, Ranka Colony Rd, Munivenkatppa Layout, Bilekahalli, Bengaluru, Karnataka 560076, India\")"}[39m
[35m[HTTP][39m [37m<-- POST /wd/hub/session/5f11a170-6d6e-4919-9fb9-521000c30064/elements [39m[32m200[39m [90m101 ms - 12[39m
[35m[HTTP][39m [90m[39m
[35m[HTTP][39m [37m-->[39m [37mPOST[39m [37m/wd/hub/session/5f11a170-6d6e-4919-9fb9-521000c30064/elements[39m
[35m[HTTP][39m [90m{"using":"-android uiautomator","value":"new UiSelector().className(\"android.widget.TextView\").text(\"4, Ranka Colony Rd, Munivenkatppa Layout, Bilekahalli, Bengaluru, Karnataka 560076, India\")"}[39m
[35m[HTTP][39m [37m<-- POST /wd/hub/session/5f11a170-6d6e-4919-9fb9-521000c30064/elements [39m[32m200[39m [90m93 ms - 12[39m
[35m[HTTP][39m [90m[39m
[35m[HTTP][39m [37m-->[39m [37mPOST[39m [37m/wd/hub/session/5f11a170-6d6e-4919-9fb9-521000c30064/elements[39m
[35m[HTTP][39m [90m{"using":"-android uiautomator","value":"new UiSelector().className(\"android.widget.TextView\").text(\"4, Ranka Colony Rd, Munivenkatppa Layout, Bilekahalli, Bengaluru, Karnataka 560076, India\")"}[39m
[35m[HTTP][39m [37m<-- POST /wd/hub/session/5f11a170-6d6e-4919-9fb9-521000c30064/elements [39m[32m200[39m [90m101 ms - 12[39m
[35m[HTTP][39m [90m[39m
[35m[HTTP][39m [37m-->[39m [37mPOST[39m [37m/wd/hub/session/5f11a170-6d6e-4919-9fb9-521000c30064/elements[39m
[35m[HTTP][39m [90m{"using":"-android uiautomator","value":"new UiSelector().className(\"android.widget.TextView\").text(\"4, Ranka Colony Rd, Munivenkatppa Layout, Bilekahalli, Bengaluru, Karnataka 560076, India\")"}[39m
[35m[HTTP][39m [37m<-- POST /wd/hub/session/5f11a170-6d6e-4919-9fb9-521000c30064/elements [39m[32m200[39m [90m130 ms - 12[39m
[35m[HTTP][39m [90m[39m
[35m[HTTP][39m [37m-->[39m [37mPOST[39m [37m/wd/hub/session/5f11a170-6d6e-4919-9fb9-521000c30064/elements[39m
[35m[HTTP][39m [90m{"using":"-android uiautomator","value":"new UiSelector().className(\"android.widget.TextView\").text(\"4, Ranka Colony Rd, Munivenkatppa Layout, Bilekahalli, Bengaluru, Karnataka 560076, India\")"}[39m
[35m[HTTP][39m [37m<-- POST /wd/hub/session/5f11a170-6d6e-4919-9fb9-521000c30064/elements [39m[32m200[39m [90m124 ms - 12[39m
[35m[HTTP][39m [90m[39m
[35m[HTTP][39m [37m-->[39m [37mPOST[39m [37m/wd/hub/session/5f11a170-6d6e-4919-9fb9-521000c30064/elements[39m
[35m[HTTP][39m [90m{"using":"-android uiautomator","value":"new UiSelector().className(\"android.widget.TextView\").text(\"4, Ranka Colony Rd, Munivenkatppa Layout, Bilekahalli, Bengaluru, Karnataka 560076, India\")"}[39m
[35m[HTTP][39m [37m<-- POST /wd/hub/session/5f11a170-6d6e-4919-9fb9-521000c30064/elements [39m[32m200[39m [90m143 ms - 12[39m
[35m[HTTP][39m [90m[39m
[35m[HTTP][39m [37m-->[39m [37mPOST[39m [37m/wd/hub/session/5f11a170-6d6e-4919-9fb9-521000c30064/elements[39m
[35m[HTTP][39m [90m{"using":"-android uiautomator","value":"new UiSelector().className(\"android.widget.TextView\").text(\"4, Ranka Colony Rd, Munivenkatppa Layout, Bilekahalli, Bengaluru, Karnataka 560076, India\")"}[39m
[35m[HTTP][39m [37m<-- POST /wd/hub/session/5f11a170-6d6e-4919-9fb9-521000c30064/elements [39m[32m200[39m [90m64 ms - 12[39m
[35m[HTTP][39m [90m[39m
[35m[HTTP][39m [37m-->[39m [37mPOST[39m [37m/wd/hub/session/5f11a170-6d6e-4919-9fb9-521000c30064/elements[39m
[35m[HTTP][39m [90m{"using":"-android uiautomator","value":"new UiSelector().className(\"android.widget.TextView\").text(\"4, Ranka Colony Rd, Munivenkatppa Layout, Bilekahalli, Bengaluru, Karnataka 560076, India\")"}[39m
[35m[HTTP][39m [37m<-- POST /wd/hub/session/5f11a170-6d6e-4919-9fb9-521000c30064/elements [39m[32m200[39m [90m73 ms - 12[39m
[35m[HTTP][39m [90m[39m
[35m[HTTP][39m [37m-->[39m [37mPOST[39m [37m/wd/hub/session/5f11a170-6d6e-4919-9fb9-521000c30064/elements[39m
[35m[HTTP][39m [90m{"using":"-android uiautomator","value":"new UiSelector().className(\"android.widget.TextView\").text(\"4, Ranka Colony Rd, Munivenkatppa Layout, Bilekahalli, Bengaluru, Karnataka 560076, India\")"}[39m
[35m[HTTP][39m [37m<-- POST /wd/hub/session/5f11a170-6d6e-4919-9fb9-521000c30064/elements [39m[32m200[39m [90m80 ms - 12[39m
[35m[HTTP][39m [90m[39m
[35m[HTTP][39m [37m-->[39m [37mPOST[39m [37m/wd/hub/session/5f11a170-6d6e-4919-9fb9-521000c30064/elements[39m
[35m[HTTP][39m [90m{"using":"-android uiautomator","value":"new UiSelector().className(\"android.widget.TextView\").text(\"4, Ranka Colony Rd, Munivenkatppa Layout, Bilekahalli, Bengaluru, Karnataka 560076, India\")"}[39m
[35m[HTTP][39m [37m<-- POST /wd/hub/session/5f11a170-6d6e-4919-9fb9-521000c30064/elements [39m[32m200[39m [90m93 ms - 12[39m
[35m[HTTP][39m [90m[39m
[35m[HTTP][39m [37m-->[39m [37mPOST[39m [37m/wd/hub/session/5f11a170-6d6e-4919-9fb9-521000c30064/elements[39m
[35m[HTTP][39m [90m{"using":"-android uiautomator","value":"new UiSelector().className(\"android.widget.TextView\").text(\"4, Ranka Colony Rd, Munivenkatppa Layout, Bilekahalli, Bengaluru, Karnataka 560076, India\")"}[39m
[35m[HTTP][39m [37m<-- POST /wd/hub/session/5f11a170-6d6e-4919-9fb9-521000c30064/elements [39m[32m200[39m [90m79 ms - 12[39m
[35m[HTTP][39m [90m[39m
[35m[HTTP][39m [37m-->[39m [37mPOST[39m [37m/wd/hub/session/5f11a170-6d6e-4919-9fb9-521000c30064/elements[39m
[35m[HTTP][39m [90m{"using":"-android uiautomator","value":"new UiSelector().className(\"android.widget.TextView\").text(\"4, Ranka Colony Rd, Munivenkatppa Layout, Bilekahalli, Bengaluru, Karnataka 560076, India\")"}[39m
[35m[HTTP][39m [37m<-- POST /wd/hub/session/5f11a170-6d6e-4919-9fb9-521000c30064/elements [39m[32m200[39m [90m89 ms - 12[39m
[35m[HTTP][39m [90m[39m
[35m[HTTP][39m [37m-->[39m [37mPOST[39m [37m/wd/hub/session/5f11a170-6d6e-4919-9fb9-521000c30064/elements[39m
[35m[HTTP][39m [90m{"using":"-android uiautomator","value":"new UiSelector().className(\"android.widget.TextView\").text(\"4, Ranka Colony Rd, Munivenkatppa Layout, Bilekahalli, Bengaluru, Karnataka 560076, India\")"}[39m
[35m[HTTP][39m [37m<-- POST /wd/hub/session/5f11a170-6d6e-4919-9fb9-521000c30064/elements [39m[32m200[39m [90m101 ms - 12[39m
[35m[HTTP][39m [90m[39m
[35m[HTTP][39m [37m-->[39m [37mPOST[39m [37m/wd/hub/session/5f11a170-6d6e-4919-9fb9-521000c30064/elements[39m
[35m[HTTP][39m [90m{"using":"-android uiautomator","value":"new UiSelector().className(\"android.widget.TextView\").text(\"4, Ranka Colony Rd, Munivenkatppa Layout, Bilekahalli, Bengaluru, Karnataka 560076, India\")"}[39m
[35m[HTTP][39m [37m<-- POST /wd/hub/session/5f11a170-6d6e-4919-9fb9-521000c30064/elements [39m[32m200[39m [90m84 ms - 12[39m
[35m[HTTP][39m [90m[39m
[35m[HTTP][39m [37m-->[39m [37mPOST[39m [37m/wd/hub/session/5f11a170-6d6e-4919-9fb9-521000c30064/elements[39m
[35m[HTTP][39m [90m{"using":"-android uiautomator","value":"new UiSelector().className(\"android.widget.TextView\").text(\"4, Ranka Colony Rd, Munivenkatppa Layout, Bilekahalli, Bengaluru, Karnataka 560076, India\")"}[39m
[35m[HTTP][39m [37m<-- POST /wd/hub/session/5f11a170-6d6e-4919-9fb9-521000c30064/elements [39m[32m200[39m [90m74 ms - 12[39m
[35m[HTTP][39m [90m[39m
[35m[HTTP][39m [37m-->[39m [37mPOST[39m [37m/wd/hub/session/5f11a170-6d6e-4919-9fb9-521000c30064/elements[39m
[35m[HTTP][39m [90m{"using":"-android uiautomator","value":"new UiSelector().className(\"android.widget.TextView\").text(\"4, Ranka Colony Rd, Munivenkatppa Layout, Bilekahalli, Bengaluru, Karnataka 560076, India\")"}[39m
[35m[HTTP][39m [37m<-- POST /wd/hub/session/5f11a170-6d6e-4919-9fb9-521000c30064/elements [39m[32m200[39m [90m85 ms - 12[39m
[35m[HTTP][39m [90m[39m
[35m[HTTP][39m [37m-->[39m [37mPOST[39m [37m/wd/hub/session/5f11a170-6d6e-4919-9fb9-521000c30064/elements[39m
[35m[HTTP][39m [90m{"using":"-android uiautomator","value":"new UiSelector().className(\"android.widget.TextView\").text(\"4, Ranka Colony Rd, Munivenkatppa Layout, Bilekahalli, Bengaluru, Karnataka 560076, India\")"}[39m
[35m[HTTP][39m [37m<-- POST /wd/hub/session/5f11a170-6d6e-4919-9fb9-521000c30064/elements [39m[32m200[39m [90m91 ms - 12[39m
[35m[HTTP][39m [90m[39m
[35m[HTTP][39m [37m-->[39m [37mPOST[39m [37m/wd/hub/session/5f11a170-6d6e-4919-9fb9-521000c30064/elements[39m
[35m[HTTP][39m [90m{"using":"-android uiautomator","value":"new UiSelector().className(\"android.widget.TextView\").text(\"4, Ranka Colony Rd, Munivenkatppa Layout, Bilekahalli, Bengaluru, Karnataka 560076, India\")"}[39m
[35m[HTTP][39m [37m<-- POST /wd/hub/session/5f11a170-6d6e-4919-9fb9-521000c30064/elements [39m[32m200[39m [90m194 ms - 12[39m
[35m[HTTP][39m [90m[39m
[35m[HTTP][39m [37m-->[39m [37mPOST[39m [37m/wd/hub/session/5f11a170-6d6e-4919-9fb9-521000c30064/elements[39m
[35m[HTTP][39m [90m{"using":"-android uiautomator","value":"new UiSelector().className(\"android.widget.TextView\").text(\"4, Ranka Colony Rd, Munivenkatppa Layout, Bilekahalli, Bengaluru, Karnataka 560076, India\")"}[39m
[35m[HTTP][39m [37m<-- POST /wd/hub/session/5f11a170-6d6e-4919-9fb9-521000c30064/elements [39m[32m200[39m [90m83 ms - 12[39m
[35m[HTTP][39m [90m[39m
[35m[HTTP][39m [37m-->[39m [37mPOST[39m [37m/wd/hub/session/5f11a170-6d6e-4919-9fb9-521000c30064/elements[39m
[35m[HTTP][39m [90m{"using":"-android uiautomator","value":"new UiSelector().className(\"android.widget.TextView\").text(\"4, Ranka Colony Rd, Munivenkatppa Layout, Bilekahalli, Bengaluru, Karnataka 560076, India\")"}[39m
[35m[HTTP][39m [37m<-- POST /wd/hub/session/5f11a170-6d6e-4919-9fb9-521000c30064/elements [39m[32m200[39m [90m100 ms - 12[39m
[35m[HTTP][39m [90m[39m
[35m[HTTP][39m [37m-->[39m [37mPOST[39m [37m/wd/hub/session/5f11a170-6d6e-4919-9fb9-521000c30064/elements[39m
[35m[HTTP][39m [90m{"using":"-android uiautomator","value":"new UiSelector().className(\"android.widget.TextView\").text(\"4, Ranka Colony Rd, Munivenkatppa Layout, Bilekahalli, Bengaluru, Karnataka 560076, India\")"}[39m
[35m[HTTP][39m [37m<-- POST /wd/hub/session/5f11a170-6d6e-4919-9fb9-521000c30064/elements [39m[32m200[39m [90m118 ms - 12[39m
[35m[HTTP][39m [90m[39m
[35m[HTTP][39m [37m-->[39m [37mPOST[39m [37m/wd/hub/session/5f11a170-6d6e-4919-9fb9-521000c30064/elements[39m
[35m[HTTP][39m [90m{"using":"-android uiautomator","value":"new UiSelector().className(\"android.widget.TextView\").text(\"4, Ranka Colony Rd, Munivenkatppa Layout, Bilekahalli, Bengaluru, Karnataka 560076, India\")"}[39m
[35m[HTTP][39m [37m<-- POST /wd/hub/session/5f11a170-6d6e-4919-9fb9-521000c30064/elements [39m[32m200[39m [90m77 ms - 12[39m
[35m[HTTP][39m [90m[39m
[35m[HTTP][39m [37m-->[39m [37mPOST[39m [37m/wd/hub/session/5f11a170-6d6e-4919-9fb9-521000c30064/elements[39m
[35m[HTTP][39m [90m{"using":"-android uiautomator","value":"new UiSelector().className(\"android.widget.TextView\").text(\"4, Ranka Colony Rd, Munivenkatppa Layout, Bilekahalli, Bengaluru, Karnataka 560076, India\")"}[39m
[35m[HTTP][39m [37m<-- POST /wd/hub/session/5f11a170-6d6e-4919-9fb9-521000c30064/elements [39m[32m200[39m [90m83 ms - 12[39m
[35m[HTTP][39m [90m[39m
[35m[HTTP][39m [37m-->[39m [37mPOST[39m [37m/wd/hub/session/5f11a170-6d6e-4919-9fb9-521000c30064/elements[39m
[35m[HTTP][39m [90m{"using":"-android uiautomator","value":"new UiSelector().className(\"android.widget.TextView\").text(\"4, Ranka Colony Rd, Munivenkatppa Layout, Bilekahalli, Bengaluru, Karnataka 560076, India\")"}[39m
[35m[HTTP][39m [37m<-- POST /wd/hub/session/5f11a170-6d6e-4919-9fb9-521000c30064/elements [39m[32m200[39m [90m79 ms - 12[39m
[35m[HTTP][39m [90m[39m
[35m[HTTP][39m [37m-->[39m [37mPOST[39m [37m/wd/hub/session/5f11a170-6d6e-4919-9fb9-521000c30064/elements[39m
[35m[HTTP][39m [90m{"using":"-android uiautomator","value":"new UiSelector().className(\"android.widget.TextView\").text(\"4, Ranka Colony Rd, Munivenkatppa Layout, Bilekahalli, Bengaluru, Karnataka 560076, India\")"}[39m
[35m[HTTP][39m [37m<-- POST /wd/hub/session/5f11a170-6d6e-4919-9fb9-521000c30064/elements [39m[32m200[39m [90m74 ms - 12[39m
[35m[HTTP][39m [90m[39m
[35m[HTTP][39m [37m-->[39m [37mPOST[39m [37m/wd/hub/session/5f11a170-6d6e-4919-9fb9-521000c30064/elements[39m
[35m[HTTP][39m [90m{"using":"-android uiautomator","value":"new UiSelector().className(\"android.widget.TextView\").text(\"4, Ranka Colony Rd, Munivenkatppa Layout, Bilekahalli, Bengaluru, Karnataka 560076, India\")"}[39m
[35m[HTTP][39m [37m<-- POST /wd/hub/session/5f11a170-6d6e-4919-9fb9-521000c30064/elements [39m[32m200[39m [90m67 ms - 12[39m
[35m[HTTP][39m [90m[39m
[35m[HTTP][39m [37m-->[39m [37mPOST[39m [37m/wd/hub/session/5f11a170-6d6e-4919-9fb9-521000c30064/elements[39m
[35m[HTTP][39m [90m{"using":"-android uiautomator","value":"new UiSelector().className(\"android.widget.TextView\").text(\"4, Ranka Colony Rd, Munivenkatppa Layout, Bilekahalli, Bengaluru, Karnataka 560076, India\")"}[39m
[35m[HTTP][39m [37m<-- POST /wd/hub/session/5f11a170-6d6e-4919-9fb9-521000c30064/elements [39m[32m200[39m [90m78 ms - 12[39m
[35m[HTTP][39m [90m[39m
[35m[HTTP][39m [37m-->[39m [37mPOST[39m [37m/wd/hub/session/5f11a170-6d6e-4919-9fb9-521000c30064/elements[39m
[35m[HTTP][39m [90m{"using":"-android uiautomator","value":"new UiSelector().className(\"android.widget.TextView\").text(\"4, Ranka Colony Rd, Munivenkatppa Layout, Bilekahalli, Bengaluru, Karnataka 560076, India\")"}[39m
[35m[HTTP][39m [37m<-- POST /wd/hub/session/5f11a170-6d6e-4919-9fb9-521000c30064/elements [39m[32m200[39m [90m93 ms - 12[39m
[35m[HTTP][39m [90m[39m
[35m[HTTP][39m [37m-->[39m [37mPOST[39m [37m/wd/hub/session/5f11a170-6d6e-4919-9fb9-521000c30064/elements[39m
[35m[HTTP][39m [90m{"using":"-android uiautomator","value":"new UiSelector().className(\"android.widget.TextView\").text(\"4, Ranka Colony Rd, Munivenkatppa Layout, Bilekahalli, Bengaluru, Karnataka 560076, India\")"}[39m
[35m[HTTP][39m [37m<-- POST /wd/hub/session/5f11a170-6d6e-4919-9fb9-521000c30064/elements [39m[32m200[39m [90m78 ms - 12[39m
[35m[HTTP][39m [90m[39m
[35m[HTTP][39m [37m-->[39m [37mPOST[39m [37m/wd/hub/session/5f11a170-6d6e-4919-9fb9-521000c30064/elements[39m
[35m[HTTP][39m [90m{"using":"-android uiautomator","value":"new UiSelector().className(\"android.widget.TextView\").text(\"4, Ranka Colony Rd, Munivenkatppa Layout, Bilekahalli, Bengaluru, Karnataka 560076, India\")"}[39m
[35m[HTTP][39m [37m<-- POST /wd/hub/session/5f11a170-6d6e-4919-9fb9-521000c30064/elements [39m[32m200[39m [90m71 ms - 12[39m
[35m[HTTP][39m [90m[39m
[35m[HTTP][39m [37m-->[39m [37mPOST[39m [37m/wd/hub/session/5f11a170-6d6e-4919-9fb9-521000c30064/elements[39m
[35m[HTTP][39m [90m{"using":"-android uiautomator","value":"new UiSelector().className(\"android.widget.TextView\").text(\"4, Ranka Colony Rd, Munivenkatppa Layout, Bilekahalli, Bengaluru, Karnataka 560076, India\")"}[39m
[35m[HTTP][39m [37m<-- POST /wd/hub/session/5f11a170-6d6e-4919-9fb9-521000c30064/elements [39m[32m200[39m [90m63 ms - 12[39m
[35m[HTTP][39m [90m[39m
[35m[HTTP][39m [37m-->[39m [37mPOST[39m [37m/wd/hub/session/5f11a170-6d6e-4919-9fb9-521000c30064/elements[39m
[35m[HTTP][39m [90m{"using":"-android uiautomator","value":"new UiSelector().className(\"android.widget.TextView\").text(\"4, Ranka Colony Rd, Munivenkatppa Layout, Bilekahalli, Bengaluru, Karnataka 560076, India\")"}[39m
[35m[HTTP][39m [37m<-- POST /wd/hub/session/5f11a170-6d6e-4919-9fb9-521000c30064/elements [39m[32m200[39m [90m93 ms - 12[39m
[35m[HTTP][39m [90m[39m
[35m[HTTP][39m [37m-->[39m [37mPOST[39m [37m/wd/hub/session/5f11a170-6d6e-4919-9fb9-521000c30064/elements[39m
[35m[HTTP][39m [90m{"using":"-android uiautomator","value":"new UiSelector().className(\"android.widget.TextView\").text(\"4, Ranka Colony Rd, Munivenkatppa Layout, Bilekahalli, Bengaluru, Karnataka 560076, India\")"}[39m
[35m[HTTP][39m [37m<-- POST /wd/hub/session/5f11a170-6d6e-4919-9fb9-521000c30064/elements [39m[32m200[39m [90m62 ms - 12[39m
[35m[HTTP][39m [90m[39m
[35m[HTTP][39m [37m-->[39m [37mPOST[39m [37m/wd/hub/session/5f11a170-6d6e-4919-9fb9-521000c30064/elements[39m
[35m[HTTP][39m [90m{"using":"-android uiautomator","value":"new UiSelector().className(\"android.widget.TextView\").text(\"4, Ranka Colony Rd, Munivenkatppa Layout, Bilekahalli, Bengaluru, Karnataka 560076, India\")"}[39m
[35m[HTTP][39m [37m<-- POST /wd/hub/session/5f11a170-6d6e-4919-9fb9-521000c30064/elements [39m[32m200[39m [90m81 ms - 12[39m
[35m[HTTP][39m [90m[39m
[35m[HTTP][39m [37m-->[39m [37mPOST[39m [37m/wd/hub/session/5f11a170-6d6e-4919-9fb9-521000c30064/elements[39m
[35m[HTTP][39m [90m{"using":"-android uiautomator","value":"new UiSelector().className(\"android.widget.TextView\").text(\"4, Ranka Colony Rd, Munivenkatppa Layout, Bilekahalli, Bengaluru, Karnataka 560076, India\")"}[39m
[35m[HTTP][39m [37m<-- POST /wd/hub/session/5f11a170-6d6e-4919-9fb9-521000c30064/elements [39m[32m200[39m [90m78 ms - 12[39m
[35m[HTTP][39m [90m[39m
[35m[HTTP][39m [37m-->[39m [37mPOST[39m [37m/wd/hub/session/5f11a170-6d6e-4919-9fb9-521000c30064/elements[39m
[35m[HTTP][39m [90m{"using":"-android uiautomator","value":"new UiSelector().className(\"android.widget.TextView\").text(\"4, Ranka Colony Rd, Munivenkatppa Layout, Bilekahalli, Bengaluru, Karnataka 560076, India\")"}[39m
[35m[HTTP][39m [37m<-- POST /wd/hub/session/5f11a170-6d6e-4919-9fb9-521000c30064/elements [39m[32m200[39m [90m101 ms - 12[39m
[35m[HTTP][39m [90m[39m
[35m[HTTP][39m [37m-->[39m [37mPOST[39m [37m/wd/hub/session/5f11a170-6d6e-4919-9fb9-521000c30064/elements[39m
[35m[HTTP][39m [90m{"using":"-android uiautomator","value":"new UiSelector().className(\"android.widget.TextView\").text(\"4, Ranka Colony Rd, Munivenkatppa Layout, Bilekahalli, Bengaluru, Karnataka 560076, India\")"}[39m
[35m[HTTP][39m [37m<-- POST /wd/hub/session/5f11a170-6d6e-4919-9fb9-521000c30064/elements [39m[32m200[39m [90m88 ms - 12[39m
[35m[HTTP][39m [90m[39m
[35m[HTTP][39m [37m-->[39m [37mPOST[39m [37m/wd/hub/session/5f11a170-6d6e-4919-9fb9-521000c30064/elements[39m
[35m[HTTP][39m [90m{"using":"-android uiautomator","value":"new UiSelector().className(\"android.widget.TextView\").text(\"4, Ranka Colony Rd, Munivenkatppa Layout, Bilekahalli, Bengaluru, Karnataka 560076, India\")"}[39m
[35m[HTTP][39m [37m<-- POST /wd/hub/session/5f11a170-6d6e-4919-9fb9-521000c30064/elements [39m[32m200[39m [90m76 ms - 12[39m
[35m[HTTP][39m [90m[39m
[35m[HTTP][39m [37m-->[39m [37mPOST[39m [37m/wd/hub/session/5f11a170-6d6e-4919-9fb9-521000c30064/elements[39m
[35m[HTTP][39m [90m{"using":"-android uiautomator","value":"new UiSelector().className(\"android.widget.TextView\").text(\"4, Ranka Colony Rd, Munivenkatppa Layout, Bilekahalli, Bengaluru, Karnataka 560076, India\")"}[39m
[35m[HTTP][39m [37m<-- POST /wd/hub/session/5f11a170-6d6e-4919-9fb9-521000c30064/elements [39m[32m200[39m [90m71 ms - 12[39m
[35m[HTTP][39m [90m[39m
[35m[HTTP][39m [37m-->[39m [37mPOST[39m [37m/wd/hub/session/5f11a170-6d6e-4919-9fb9-521000c30064/elements[39m
[35m[HTTP][39m [90m{"using":"-android uiautomator","value":"new UiSelector().className(\"android.widget.TextView\").text(\"4, Ranka Colony Rd, Munivenkatppa Layout, Bilekahalli, Bengaluru, Karnataka 560076, India\")"}[39m
[35m[HTTP][39m [37m<-- POST /wd/hub/session/5f11a170-6d6e-4919-9fb9-521000c30064/elements [39m[32m200[39m [90m76 ms - 12[39m
[35m[HTTP][39m [90m[39m
[35m[HTTP][39m [37m-->[39m [37mPOST[39m [37m/wd/hub/session/5f11a170-6d6e-4919-9fb9-521000c30064/elements[39m
[35m[HTTP][39m [90m{"using":"-android uiautomator","value":"new UiSelector().className(\"android.widget.TextView\").text(\"4, Ranka Colony Rd, Munivenkatppa Layout, Bilekahalli, Bengaluru, Karnataka 560076, India\")"}[39m
[35m[HTTP][39m [37m<-- POST /wd/hub/session/5f11a170-6d6e-4919-9fb9-521000c30064/elements [39m[32m200[39m [90m82 ms - 12[39m
[35m[HTTP][39m [90m[39m
[35m[HTTP][39m [37m-->[39m [37mPOST[39m [37m/wd/hub/session/5f11a170-6d6e-4919-9fb9-521000c30064/elements[39m
[35m[HTTP][39m [90m{"using":"-android uiautomator","value":"new UiSelector().className(\"android.widget.TextView\").text(\"4, Ranka Colony Rd, Munivenkatppa Layout, Bilekahalli, Bengaluru, Karnataka 560076, India\")"}[39m
[35m[HTTP][39m [37m<-- POST /wd/hub/session/5f11a170-6d6e-4919-9fb9-521000c30064/elements [39m[32m200[39m [90m72 ms - 12[39m
[35m[HTTP][39m [90m[39m
[35m[HTTP][39m [37m-->[39m [37mPOST[39m [37m/wd/hub/session/5f11a170-6d6e-4919-9fb9-521000c30064/elements[39m
[35m[HTTP][39m [90m{"using":"-android uiautomator","value":"new UiSelector().className(\"android.widget.TextView\").text(\"4, Ranka Colony Rd, Munivenkatppa Layout, Bilekahalli, Bengaluru, Karnataka 560076, India\")"}[39m
[35m[HTTP][39m [37m<-- POST /wd/hub/session/5f11a170-6d6e-4919-9fb9-521000c30064/elements [39m[32m200[39m [90m98 ms - 12[39m
[35m[HTTP][39m [90m[39m
[35m[HTTP][39m [37m-->[39m [37mPOST[39m [37m/wd/hub/session/5f11a170-6d6e-4919-9fb9-521000c30064/elements[39m
[35m[HTTP][39m [90m{"using":"-android uiautomator","value":"new UiSelector().className(\"android.widget.TextView\").text(\"4, Ranka Colony Rd, Munivenkatppa Layout, Bilekahalli, Bengaluru, Karnataka 560076, India\")"}[39m
[35m[HTTP][39m [37m<-- POST /wd/hub/session/5f11a170-6d6e-4919-9fb9-521000c30064/elements [39m[32m200[39m [90m96 ms - 12[39m
[35m[HTTP][39m [90m[39m
[35m[HTTP][39m [37m-->[39m [37mPOST[39m [37m/wd/hub/session/5f11a170-6d6e-4919-9fb9-521000c30064/elements[39m
[35m[HTTP][39m [90m{"using":"-android uiautomator","value":"new UiSelector().className(\"android.widget.TextView\").text(\"4, Ranka Colony Rd, Munivenkatppa Layout, Bilekahalli, Bengaluru, Karnataka 560076, India\")"}[39m
[35m[HTTP][39m [37m<-- POST /wd/hub/session/5f11a170-6d6e-4919-9fb9-521000c30064/elements [39m[32m200[39m [90m103 ms - 12[39m
[35m[HTTP][39m [90m[39m
[35m[HTTP][39m [37m-->[39m [37mPOST[39m [37m/wd/hub/session/5f11a170-6d6e-4919-9fb9-521000c30064/elements[39m
[35m[HTTP][39m [90m{"using":"-android uiautomator","value":"new UiSelector().className(\"android.widget.TextView\").text(\"4, Ranka Colony Rd, Munivenkatppa Layout, Bilekahalli, Bengaluru, Karnataka 560076, India\")"}[39m
[35m[HTTP][39m [37m<-- POST /wd/hub/session/5f11a170-6d6e-4919-9fb9-521000c30064/elements [39m[32m200[39m [90m98 ms - 12[39m
[35m[HTTP][39m [90m[39m
[35m[HTTP][39m [37m-->[39m [37mPOST[39m [37m/wd/hub/session/5f11a170-6d6e-4919-9fb9-521000c30064/elements[39m
[35m[HTTP][39m [90m{"using":"-android uiautomator","value":"new UiSelector().className(\"android.widget.TextView\").text(\"4, Ranka Colony Rd, Munivenkatppa Layout, Bilekahalli, Bengaluru, Karnataka 560076, India\")"}[39m
[35m[HTTP][39m [37m<-- POST /wd/hub/session/5f11a170-6d6e-4919-9fb9-521000c30064/elements [39m[32m200[39m [90m134 ms - 12[39m
[35m[HTTP][39m [90m[39m
[35m[HTTP][39m [37m-->[39m [37mPOST[39m [37m/wd/hub/session/5f11a170-6d6e-4919-9fb9-521000c30064/elements[39m
[35m[HTTP][39m [90m{"using":"-android uiautomator","value":"new UiSelector().className(\"android.widget.TextView\").text(\"4, Ranka Colony Rd, Munivenkatppa Layout, Bilekahalli, Bengaluru, Karnataka 560076, India\")"}[39m
[35m[HTTP][39m [37m<-- POST /wd/hub/session/5f11a170-6d6e-4919-9fb9-521000c30064/elements [39m[32m200[39m [90m1515 ms - 139[39m
[35m[HTTP][39m [90m[39m
[35m[HTTP][39m [37m-->[39m [37mGET[39m [37m/wd/hub/session/5f11a170-6d6e-4919-9fb9-521000c30064/element/be813ee2-c340-4e41-b2f7-4ad452b6a67e/location[39m
[35m[HTTP][39m [90m{}[39m
[35m[W3C (5f11a170)][39m Driver proxy active, passing request on via HTTP proxy
[35m[WD Proxy][39m Replacing sessionId b2f32345-63e2-4183-a26e-643a99ebe047 with 5f11a170-6d6e-4919-9fb9-521000c30064
[35m[HTTP][39m [37m<-- GET /wd/hub/session/5f11a170-6d6e-4919-9fb9-521000c30064/element/be813ee2-c340-4e41-b2f7-4ad452b6a67e/location [39m[32m200[39m [90m67 ms - 89[39m
[35m[HTTP][39m [90m[39m
[35m[HTTP][39m [37m-->[39m [37mPOST[39m [37m/wd/hub/session/5f11a170-6d6e-4919-9fb9-521000c30064/timeouts[39m
[35m[HTTP][39m [90m{"implicit":30000}[39m
[35m[HTTP][39m [37m<-- POST /wd/hub/session/5f11a170-6d6e-4919-9fb9-521000c30064/timeouts [39m[32m200[39m [90m2 ms - 14[39m
[35m[HTTP][39m [90m[39m
[35m[HTTP][39m [37m-->[39m [37mPOST[39m [37m/wd/hub/session/5f11a170-6d6e-4919-9fb9-521000c30064/touch/perform[39m
[35m[HTTP][39m [90m{"actions":[{"action":"tap","options":{"x":1,"y":1,"element":"be813ee2-c340-4e41-b2f7-4ad452b6a67e"}},{"action":"release","options":{}}]}[39m
[35m[UiAutomator2][39m calling get location: be813ee2-c340-4e41-b2f7-4ad452b6a67e
[35m[HTTP][39m [37m<-- POST /wd/hub/session/5f11a170-6d6e-4919-9fb9-521000c30064/touch/perform [39m[32m200[39m [90m1275 ms - 14[39m
[35m[HTTP][39m [90m[39m
[35m[HTTP][39m [37m-->[39m [37mPOST[39m [37m/wd/hub/session/5f11a170-6d6e-4919-9fb9-521000c30064/timeouts[39m
[35m[HTTP][39m [90m{"implicit":50}[39m
[35m[HTTP][39m [37m<-- POST /wd/hub/session/5f11a170-6d6e-4919-9fb9-521000c30064/timeouts [39m[32m200[39m [90m2 ms - 14[39m
[35m[HTTP][39m [90m[39m
[35m[HTTP][39m [37m-->[39m [37mGET[39m [37m/wd/hub/session/5f11a170-6d6e-4919-9fb9-521000c30064/window/rect[39m
[35m[HTTP][39m [90m{}[39m
[35m[HTTP][39m [37m<-- GET /wd/hub/session/5f11a170-6d6e-4919-9fb9-521000c30064/window/rect [39m[32m200[39m [90m34 ms - 50[39m
[35m[HTTP][39m [90m[39m
[35m[HTTP][39m [37m-->[39m [37mPOST[39m [37m/wd/hub/session/5f11a170-6d6e-4919-9fb9-521000c30064/elements[39m
[35m[HTTP][39m [90m{"using":"-android uiautomator","value":"new UiSelector().className(\"android.widget.EditText\").text(\"Search for locality or place\")"}[39m
[35m[HTTP][39m [37m<-- POST /wd/hub/session/5f11a170-6d6e-4919-9fb9-521000c30064/elements [39m[32m200[39m [90m69 ms - 139[39m
[35m[HTTP][39m [90m[39m
[35m[HTTP][39m [37m-->[39m [37mGET[39m [37m/wd/hub/session/5f11a170-6d6e-4919-9fb9-521000c30064/element/475622cd-cc3f-467e-ae54-fa197c239836/location[39m
[35m[HTTP][39m [90m{}[39m
[35m[W3C (5f11a170)][39m Driver proxy active, passing request on via HTTP proxy
[35m[WD Proxy][39m Replacing sessionId b2f32345-63e2-4183-a26e-643a99ebe047 with 5f11a170-6d6e-4919-9fb9-521000c30064
[35m[HTTP][39m [37m<-- GET /wd/hub/session/5f11a170-6d6e-4919-9fb9-521000c30064/element/475622cd-cc3f-467e-ae54-fa197c239836/location [39m[32m200[39m [90m41 ms - 88[39m
[35m[HTTP][39m [90m[39m
[35m[HTTP][39m [37m-->[39m [37mPOST[39m [37m/wd/hub/session/5f11a170-6d6e-4919-9fb9-521000c30064/timeouts[39m
[35m[HTTP][39m [90m{"implicit":30000}[39m
[35m[HTTP][39m [37m<-- POST /wd/hub/session/5f11a170-6d6e-4919-9fb9-521000c30064/timeouts [39m[32m200[39m [90m4 ms - 14[39m
[35m[HTTP][39m [90m[39m
[35m[HTTP][39m [37m-->[39m [37mPOST[39m [37m/wd/hub/session/5f11a170-6d6e-4919-9fb9-521000c30064/element/475622cd-cc3f-467e-ae54-fa197c239836/clear[39m
[35m[HTTP][39m [90m{"id":"475622cd-cc3f-467e-ae54-fa197c239836"}[39m
[35m[HTTP][39m [37m<-- POST /wd/hub/session/5f11a170-6d6e-4919-9fb9-521000c30064/element/475622cd-cc3f-467e-ae54-fa197c239836/clear [39m[32m200[39m [90m69 ms - 27[39m
[35m[HTTP][39m [90m[39m
[35m[HTTP][39m [37m-->[39m [37mPOST[39m [37m/wd/hub/session/5f11a170-6d6e-4919-9fb9-521000c30064/element/475622cd-cc3f-467e-ae54-fa197c239836/value[39m
[35m[HTTP][39m [90m{"id":"475622cd-cc3f-467e-ae54-fa197c239836","text":"Ranka colony","value":["R","a","n","k","a"," ","c","o","l","o","n","y"]}[39m
[35m[HTTP][39m [37m<-- POST /wd/hub/session/5f11a170-6d6e-4919-9fb9-521000c30064/element/475622cd-cc3f-467e-ae54-fa197c239836/value [39m[32m200[39m [90m1261 ms - 12[39m
[35m[HTTP][39m [90m[39m
[35m[HTTP][39m [37m-->[39m [37mPOST[39m [37m/wd/hub/session/5f11a170-6d6e-4919-9fb9-521000c30064/timeouts[39m
[35m[HTTP][39m [90m{"implicit":50}[39m
[35m[HTTP][39m [37m<-- POST /wd/hub/session/5f11a170-6d6e-4919-9fb9-521000c30064/timeouts [39m[32m200[39m [90m2 ms - 14[39m
[35m[HTTP][39m [90m[39m
[35m[HTTP][39m [37m-->[39m [37mGET[39m [37m/wd/hub/session/5f11a170-6d6e-4919-9fb9-521000c30064/window/rect[39m
[35m[HTTP][39m [90m{}[39m
[35m[HTTP][39m [37m<-- GET /wd/hub/session/5f11a170-6d6e-4919-9fb9-521000c30064/window/rect [39m[32m200[39m [90m27 ms - 50[39m
[35m[HTTP][39m [90m[39m
[35m[HTTP][39m [37m-->[39m [37mPOST[39m [37m/wd/hub/session/5f11a170-6d6e-4919-9fb9-521000c30064/elements[39m
[35m[HTTP][39m [90m{"using":"-android uiautomator","value":"new UiSelector().className(\"android.widget.TextView\").text(\"Ranka Colony, Bilekahalli, Bengaluru, Karnataka, India\")"}[39m
[35m[HTTP][39m [37m<-- POST /wd/hub/session/5f11a170-6d6e-4919-9fb9-521000c30064/elements [39m[32m200[39m [90m714 ms - 139[39m
[35m[HTTP][39m [90m[39m
[35m[HTTP][39m [37m-->[39m [37mGET[39m [37m/wd/hub/session/5f11a170-6d6e-4919-9fb9-521000c30064/element/067f462a-bb48-4efb-a798-e57494069036/location[39m
[35m[HTTP][39m [90m{}[39m
[35m[W3C (5f11a170)][39m Driver proxy active, passing request on via HTTP proxy
[35m[WD Proxy][39m Replacing sessionId b2f32345-63e2-4183-a26e-643a99ebe047 with 5f11a170-6d6e-4919-9fb9-521000c30064
[35m[HTTP][39m [37m<-- GET /wd/hub/session/5f11a170-6d6e-4919-9fb9-521000c30064/element/067f462a-bb48-4efb-a798-e57494069036/location [39m[32m200[39m [90m61 ms - 88[39m
[35m[HTTP][39m [90m[39m
[35m[HTTP][39m [37m-->[39m [37mPOST[39m [37m/wd/hub/session/5f11a170-6d6e-4919-9fb9-521000c30064/timeouts[39m
[35m[HTTP][39m [90m{"implicit":30000}[39m
[35m[HTTP][39m [37m<-- POST /wd/hub/session/5f11a170-6d6e-4919-9fb9-521000c30064/timeouts [39m[32m200[39m [90m2 ms - 14[39m
[35m[HTTP][39m [90m[39m
[35m[HTTP][39m [37m-->[39m [37mPOST[39m [37m/wd/hub/session/5f11a170-6d6e-4919-9fb9-521000c30064/touch/perform[39m
[35m[HTTP][39m [90m{"actions":[{"action":"tap","options":{"x":1,"y":1,"element":"067f462a-bb48-4efb-a798-e57494069036"}},{"action":"release","options":{}}]}[39m
[35m[UiAutomator2][39m calling get location: 067f462a-bb48-4efb-a798-e57494069036
[35m[HTTP][39m [37m<-- POST /wd/hub/session/5f11a170-6d6e-4919-9fb9-521000c30064/touch/perform [39m[32m200[39m [90m1210 ms - 14[39m
[35m[HTTP][39m [90m[39m
[35m[HTTP][39m [37m-->[39m [37mPOST[39m [37m/wd/hub/session/5f11a170-6d6e-4919-9fb9-521000c30064/timeouts[39m
[35m[HTTP][39m [90m{"implicit":50}[39m
[35m[HTTP][39m [37m<-- POST /wd/hub/session/5f11a170-6d6e-4919-9fb9-521000c30064/timeouts [39m[32m200[39m [90m3 ms - 14[39m
[35m[HTTP][39m [90m[39m
[35m[HTTP][39m [37m-->[39m [37mGET[39m [37m/wd/hub/session/5f11a170-6d6e-4919-9fb9-521000c30064/window/rect[39m
[35m[HTTP][39m [90m{}[39m
[35m[HTTP][39m [37m<-- GET /wd/hub/session/5f11a170-6d6e-4919-9fb9-521000c30064/window/rect [39m[32m200[39m [90m28 ms - 50[39m
[35m[HTTP][39m [90m[39m
[35m[HTTP][39m [37m-->[39m [37mPOST[39m [37m/wd/hub/session/5f11a170-6d6e-4919-9fb9-521000c30064/elements[39m
[35m[HTTP][39m [90m{"using":"-android uiautomator","value":"new UiSelector().className(\"android.widget.TextView\").text(\"Enter Drop Location\")"}[39m
[35m[HTTP][39m [37m<-- POST /wd/hub/session/5f11a170-6d6e-4919-9fb9-521000c30064/elements [39m[32m200[39m [90m96 ms - 139[39m
[35m[HTTP][39m [90m[39m
[35m[HTTP][39m [37m-->[39m [37mGET[39m [37m/wd/hub/session/5f11a170-6d6e-4919-9fb9-521000c30064/element/ed466d60-34e4-49ef-92bc-fc6e2ee028bc/location[39m
[35m[HTTP][39m [90m{}[39m
[35m[W3C (5f11a170)][39m Driver proxy active, passing request on via HTTP proxy
[35m[WD Proxy][39m Replacing sessionId b2f32345-63e2-4183-a26e-643a99ebe047 with 5f11a170-6d6e-4919-9fb9-521000c30064
[35m[HTTP][39m [37m<-- GET /wd/hub/session/5f11a170-6d6e-4919-9fb9-521000c30064/element/ed466d60-34e4-49ef-92bc-fc6e2ee028bc/location [39m[32m200[39m [90m52 ms - 89[39m
[35m[HTTP][39m [90m[39m
[35m[HTTP][39m [37m-->[39m [37mPOST[39m [37m/wd/hub/session/5f11a170-6d6e-4919-9fb9-521000c30064/timeouts[39m
[35m[HTTP][39m [90m{"implicit":30000}[39m
[35m[HTTP][39m [37m<-- POST /wd/hub/session/5f11a170-6d6e-4919-9fb9-521000c30064/timeouts [39m[32m200[39m [90m3 ms - 14[39m
[35m[HTTP][39m [90m[39m
[35m[HTTP][39m [37m-->[39m [37mPOST[39m [37m/wd/hub/session/5f11a170-6d6e-4919-9fb9-521000c30064/touch/perform[39m
[35m[HTTP][39m [90m{"actions":[{"action":"tap","options":{"x":1,"y":1,"element":"ed466d60-34e4-49ef-92bc-fc6e2ee028bc"}},{"action":"release","options":{}}]}[39m
[35m[UiAutomator2][39m calling get location: ed466d60-34e4-49ef-92bc-fc6e2ee028bc
[35m[HTTP][39m [37m<-- POST /wd/hub/session/5f11a170-6d6e-4919-9fb9-521000c30064/touch/perform [39m[32m200[39m [90m1226 ms - 14[39m
[35m[HTTP][39m [90m[39m
[35m[HTTP][39m [37m-->[39m [37mPOST[39m [37m/wd/hub/session/5f11a170-6d6e-4919-9fb9-521000c30064/timeouts[39m
[35m[HTTP][39m [90m{"implicit":50}[39m
[35m[HTTP][39m [37m<-- POST /wd/hub/session/5f11a170-6d6e-4919-9fb9-521000c30064/timeouts [39m[32m200[39m [90m2 ms - 14[39m
[35m[HTTP][39m [90m[39m
[35m[HTTP][39m [37m-->[39m [37mGET[39m [37m/wd/hub/session/5f11a170-6d6e-4919-9fb9-521000c30064/window/rect[39m
[35m[HTTP][39m [90m{}[39m
[35m[HTTP][39m [37m<-- GET /wd/hub/session/5f11a170-6d6e-4919-9fb9-521000c30064/window/rect [39m[32m200[39m [90m31 ms - 50[39m
[35m[HTTP][39m [90m[39m
[35m[HTTP][39m [37m-->[39m [37mPOST[39m [37m/wd/hub/session/5f11a170-6d6e-4919-9fb9-521000c30064/elements[39m
[35m[HTTP][39m [90m{"using":"-android uiautomator","value":"new UiSelector().className(\"android.widget.EditText\").text(\"Search for locality or place\")"}[39m
[35m[HTTP][39m [37m<-- POST /wd/hub/session/5f11a170-6d6e-4919-9fb9-521000c30064/elements [39m[32m200[39m [90m74 ms - 139[39m
[35m[HTTP][39m [90m[39m
[35m[HTTP][39m [37m-->[39m [37mGET[39m [37m/wd/hub/session/5f11a170-6d6e-4919-9fb9-521000c30064/element/9a3741c8-8d04-42d3-9297-c348bfac3340/location[39m
[35m[HTTP][39m [90m{}[39m
[35m[W3C (5f11a170)][39m Driver proxy active, passing request on via HTTP proxy
[35m[WD Proxy][39m Replacing sessionId b2f32345-63e2-4183-a26e-643a99ebe047 with 5f11a170-6d6e-4919-9fb9-521000c30064
[35m[HTTP][39m [37m<-- GET /wd/hub/session/5f11a170-6d6e-4919-9fb9-521000c30064/element/9a3741c8-8d04-42d3-9297-c348bfac3340/location [39m[32m200[39m [90m51 ms - 88[39m
[35m[HTTP][39m [90m[39m
[35m[HTTP][39m [37m-->[39m [37mPOST[39m [37m/wd/hub/session/5f11a170-6d6e-4919-9fb9-521000c30064/timeouts[39m
[35m[HTTP][39m [90m{"implicit":30000}[39m
[35m[HTTP][39m [37m<-- POST /wd/hub/session/5f11a170-6d6e-4919-9fb9-521000c30064/timeouts [39m[32m200[39m [90m3 ms - 14[39m
[35m[HTTP][39m [90m[39m
[35m[HTTP][39m [37m-->[39m [37mPOST[39m [37m/wd/hub/session/5f11a170-6d6e-4919-9fb9-521000c30064/element/9a3741c8-8d04-42d3-9297-c348bfac3340/clear[39m
[35m[HTTP][39m [90m{"id":"9a3741c8-8d04-42d3-9297-c348bfac3340"}[39m
[35m[HTTP][39m [37m<-- POST /wd/hub/session/5f11a170-6d6e-4919-9fb9-521000c30064/element/9a3741c8-8d04-42d3-9297-c348bfac3340/clear [39m[32m200[39m [90m57 ms - 27[39m
[35m[HTTP][39m [90m[39m
[35m[HTTP][39m [37m-->[39m [37mPOST[39m [37m/wd/hub/session/5f11a170-6d6e-4919-9fb9-521000c30064/element/9a3741c8-8d04-42d3-9297-c348bfac3340/value[39m
[35m[HTTP][39m [90m{"id":"9a3741c8-8d04-42d3-9297-c348bfac3340","text":"silk board","value":["s","i","l","k"," ","b","o","a","r","d"]}[39m
[35m[HTTP][39m [37m<-- POST /wd/hub/session/5f11a170-6d6e-4919-9fb9-521000c30064/element/9a3741c8-8d04-42d3-9297-c348bfac3340/value [39m[32m200[39m [90m1271 ms - 12[39m
[35m[HTTP][39m [90m[39m
[35m[HTTP][39m [37m-->[39m [37mPOST[39m [37m/wd/hub/session/5f11a170-6d6e-4919-9fb9-521000c30064/timeouts[39m
[35m[HTTP][39m [90m{"implicit":50}[39m
[35m[HTTP][39m [37m<-- POST /wd/hub/session/5f11a170-6d6e-4919-9fb9-521000c30064/timeouts [39m[32m200[39m [90m2 ms - 14[39m
[35m[HTTP][39m [90m[39m
[35m[HTTP][39m [37m-->[39m [37mGET[39m [37m/wd/hub/session/5f11a170-6d6e-4919-9fb9-521000c30064/window/rect[39m
[35m[HTTP][39m [90m{}[39m
[35m[HTTP][39m [37m<-- GET /wd/hub/session/5f11a170-6d6e-4919-9fb9-521000c30064/window/rect [39m[32m200[39m [90m27 ms - 50[39m
[35m[HTTP][39m [90m[39m
[35m[HTTP][39m [37m-->[39m [37mPOST[39m [37m/wd/hub/session/5f11a170-6d6e-4919-9fb9-521000c30064/elements[39m
[35m[HTTP][39m [90m{"using":"-android uiautomator","value":"new UiSelector().className(\"android.widget.TextView\").text(\"Silk board bus stand, Central Silk Board Colony, Stage 2, BTM Layout, Bengaluru, Karnataka, India\")"}[39m
[35m[HTTP][39m [37m<-- POST /wd/hub/session/5f11a170-6d6e-4919-9fb9-521000c30064/elements [39m[32m200[39m [90m826 ms - 139[39m
[35m[HTTP][39m [90m[39m
[35m[HTTP][39m [37m-->[39m [37mGET[39m [37m/wd/hub/session/5f11a170-6d6e-4919-9fb9-521000c30064/element/eb8cef3f-6edc-42cc-ad76-4f92baa7d417/location[39m
[35m[HTTP][39m [90m{}[39m
[35m[W3C (5f11a170)][39m Driver proxy active, passing request on via HTTP proxy
[35m[WD Proxy][39m Replacing sessionId b2f32345-63e2-4183-a26e-643a99ebe047 with 5f11a170-6d6e-4919-9fb9-521000c30064
[35m[HTTP][39m [37m<-- GET /wd/hub/session/5f11a170-6d6e-4919-9fb9-521000c30064/element/eb8cef3f-6edc-42cc-ad76-4f92baa7d417/location [39m[32m200[39m [90m36 ms - 88[39m
[35m[HTTP][39m [90m[39m
[35m[HTTP][39m [37m-->[39m [37mPOST[39m [37m/wd/hub/session/5f11a170-6d6e-4919-9fb9-521000c30064/timeouts[39m
[35m[HTTP][39m [90m{"implicit":30000}[39m
[35m[HTTP][39m [37m<-- POST /wd/hub/session/5f11a170-6d6e-4919-9fb9-521000c30064/timeouts [39m[32m200[39m [90m1 ms - 14[39m
[35m[HTTP][39m [90m[39m
[35m[HTTP][39m [37m-->[39m [37mPOST[39m [37m/wd/hub/session/5f11a170-6d6e-4919-9fb9-521000c30064/touch/perform[39m
[35m[HTTP][39m [90m{"actions":[{"action":"tap","options":{"x":1,"y":1,"element":"eb8cef3f-6edc-42cc-ad76-4f92baa7d417"}},{"action":"release","options":{}}]}[39m
[35m[UiAutomator2][39m calling get location: eb8cef3f-6edc-42cc-ad76-4f92baa7d417
[35m[HTTP][39m [37m<-- POST /wd/hub/session/5f11a170-6d6e-4919-9fb9-521000c30064/touch/perform [39m[32m200[39m [90m1108 ms - 14[39m
[35m[HTTP][39m [90m[39m
[35m[HTTP][39m [37m-->[39m [37mPOST[39m [37m/wd/hub/session/5f11a170-6d6e-4919-9fb9-521000c30064/timeouts[39m
[35m[HTTP][39m [90m{"implicit":50}[39m
[35m[HTTP][39m [37m<-- POST /wd/hub/session/5f11a170-6d6e-4919-9fb9-521000c30064/timeouts [39m[32m200[39m [90m5 ms - 14[39m
[35m[HTTP][39m [90m[39m
[35m[HTTP][39m [37m-->[39m [37mGET[39m [37m/wd/hub/session/5f11a170-6d6e-4919-9fb9-521000c30064/window/rect[39m
[35m[HTTP][39m [90m{}[39m
[35m[HTTP][39m [37m<-- GET /wd/hub/session/5f11a170-6d6e-4919-9fb9-521000c30064/window/rect [39m[32m200[39m [90m29 ms - 50[39m
[35m[HTTP][39m [90m[39m
[35m[HTTP][39m [37m-->[39m [37mPOST[39m [37m/wd/hub/session/5f11a170-6d6e-4919-9fb9-521000c30064/elements[39m
[35m[HTTP][39m [90m{"using":"-android uiautomator","value":"new UiSelector().className(\"android.widget.TextView\").text(\"Book Ride\")"}[39m
[35m[HTTP][39m [37m<-- POST /wd/hub/session/5f11a170-6d6e-4919-9fb9-521000c30064/elements [39m[32m200[39m [90m86 ms - 139[39m
[35m[HTTP][39m [90m[39m
[35m[HTTP][39m [37m-->[39m [37mGET[39m [37m/wd/hub/session/5f11a170-6d6e-4919-9fb9-521000c30064/element/95d3c47b-eeb9-44a1-b052-f593fa74df5a/location[39m
[35m[HTTP][39m [90m{}[39m
[35m[W3C (5f11a170)][39m Driver proxy active, passing request on via HTTP proxy
[35m[WD Proxy][39m Replacing sessionId b2f32345-63e2-4183-a26e-643a99ebe047 with 5f11a170-6d6e-4919-9fb9-521000c30064
[35m[HTTP][39m [37m<-- GET /wd/hub/session/5f11a170-6d6e-4919-9fb9-521000c30064/element/95d3c47b-eeb9-44a1-b052-f593fa74df5a/location [39m[32m200[39m [90m52 ms - 90[39m
[35m[HTTP][39m [90m[39m
[35m[HTTP][39m [37m-->[39m [37mPOST[39m [37m/wd/hub/session/5f11a170-6d6e-4919-9fb9-521000c30064/timeouts[39m
[35m[HTTP][39m [90m{"implicit":30000}[39m
[35m[HTTP][39m [37m<-- POST /wd/hub/session/5f11a170-6d6e-4919-9fb9-521000c30064/timeouts [39m[32m200[39m [90m2 ms - 14[39m
[35m[HTTP][39m [90m[39m
[35m[HTTP][39m [37m-->[39m [37mPOST[39m [37m/wd/hub/session/5f11a170-6d6e-4919-9fb9-521000c30064/touch/perform[39m
[35m[HTTP][39m [90m{"actions":[{"action":"tap","options":{"x":1,"y":1,"element":"95d3c47b-eeb9-44a1-b052-f593fa74df5a"}},{"action":"release","options":{}}]}[39m
[35m[UiAutomator2][39m calling get location: 95d3c47b-eeb9-44a1-b052-f593fa74df5a
[35m[HTTP][39m [37m<-- POST /wd/hub/session/5f11a170-6d6e-4919-9fb9-521000c30064/touch/perform [39m[32m200[39m [90m1095 ms - 14[39m
[35m[HTTP][39m [90m[39m
[35m[HTTP][39m [37m-->[39m [37mPOST[39m [37m/wd/hub/session/5f11a170-6d6e-4919-9fb9-521000c30064/timeouts[39m
[35m[HTTP][39m [90m{"implicit":50}[39m
[35m[HTTP][39m [37m<-- POST /wd/hub/session/5f11a170-6d6e-4919-9fb9-521000c30064/timeouts [39m[32m200[39m [90m2 ms - 14[39m
[35m[HTTP][39m [90m[39m
[35m[HTTP][39m [37m-->[39m [37mGET[39m [37m/wd/hub/session/5f11a170-6d6e-4919-9fb9-521000c30064/window/rect[39m
[35m[HTTP][39m [90m{}[39m
[35m[HTTP][39m [37m<-- GET /wd/hub/session/5f11a170-6d6e-4919-9fb9-521000c30064/window/rect [39m[32m200[39m [90m30 ms - 50[39m
[35m[HTTP][39m [90m[39m
[35m[HTTP][39m [37m-->[39m [37mPOST[39m [37m/wd/hub/session/5f11a170-6d6e-4919-9fb9-521000c30064/elements[39m
[35m[HTTP][39m [90m{"using":"-android uiautomator","value":"new UiSelector().className(\"android.widget.TextView\").text(\"Request Taxi\")"}[39m
[35m[HTTP][39m [37m<-- POST /wd/hub/session/5f11a170-6d6e-4919-9fb9-521000c30064/elements [39m[32m200[39m [90m118 ms - 139[39m
[35m[HTTP][39m [90m[39m
[35m[HTTP][39m [37m-->[39m [37mGET[39m [37m/wd/hub/session/5f11a170-6d6e-4919-9fb9-521000c30064/element/bf4dd17b-559f-4f52-82f3-6b67cd035b8f/location[39m
[35m[HTTP][39m [90m{}[39m
[35m[W3C (5f11a170)][39m Driver proxy active, passing request on via HTTP proxy
[35m[WD Proxy][39m Replacing sessionId b2f32345-63e2-4183-a26e-643a99ebe047 with 5f11a170-6d6e-4919-9fb9-521000c30064
[35m[HTTP][39m [37m<-- GET /wd/hub/session/5f11a170-6d6e-4919-9fb9-521000c30064/element/bf4dd17b-559f-4f52-82f3-6b67cd035b8f/location [39m[32m200[39m [90m67 ms - 90[39m
[35m[HTTP][39m [90m[39m
[35m[HTTP][39m [37m-->[39m [37mPOST[39m [37m/wd/hub/session/5f11a170-6d6e-4919-9fb9-521000c30064/timeouts[39m
[35m[HTTP][39m [90m{"implicit":30000}[39m
[35m[HTTP][39m [37m<-- POST /wd/hub/session/5f11a170-6d6e-4919-9fb9-521000c30064/timeouts [39m[32m200[39m [90m3 ms - 14[39m
[35m[HTTP][39m [90m[39m
[35m[HTTP][39m [37m-->[39m [37mPOST[39m [37m/wd/hub/session/5f11a170-6d6e-4919-9fb9-521000c30064/touch/perform[39m
[35m[HTTP][39m [90m{"actions":[{"action":"tap","options":{"x":1,"y":1,"element":"bf4dd17b-559f-4f52-82f3-6b67cd035b8f"}},{"action":"release","options":{}}]}[39m
[35m[UiAutomator2][39m calling get location: bf4dd17b-559f-4f52-82f3-6b67cd035b8f
[35m[HTTP][39m [37m<-- POST /wd/hub/session/5f11a170-6d6e-4919-9fb9-521000c30064/touch/perform [39m[32m200[39m [90m991 ms - 14[39m
[35m[HTTP][39m [90m[39m
[35m[HTTP][39m [37m-->[39m [37mDELETE[39m [37m/wd/hub/session/5f11a170-6d6e-4919-9fb9-521000c30064[39m
[35m[HTTP][39m [90m{}[39m
[35m[Appium][39m Removing session 5f11a170-6d6e-4919-9fb9-521000c30064 from our master session list
[35m[ADB][39m io.nativebase.market.geekyants.taxiapprider was successfully uninstalled
[35m[UiAutomator2][39m Restoring hidden api policy to the device default configuration
[35m[HTTP][39m [37m<-- DELETE /wd/hub/session/5f11a170-6d6e-4919-9fb9-521000c30064 [39m[32m200[39m [90m1387 ms - 14[39m
[35m[HTTP][39m [90m[39m
