[35m[Appium][39m Welcome to Appium v1.14.0
[35m[Appium][39m Non-default server args:
[35m[Appium][39m   port: 53426
[35m[Appium][39m   loglevel: info
[35m[Appium][39m   chromeDriverPort: 53430
[35m[Appium][39m   tmpDir: /var/folders/38/x4crs4qx0hn0r3_szny2t9sw0000gn/T//Katalon/Appium/Temp1565939028573
[35m[Appium][39m Appium REST http interface listener started on 0.0.0.0:53426
[35m[HTTP][39m [37m-->[39m [37mGET[39m [37m/wd/hub/status[39m
[35m[HTTP][39m [90m{}[39m
[35m[HTTP][39m [37m<-- GET /wd/hub/status [39m[32m200[39m [90m11 ms - 68[39m
[35m[HTTP][39m [90m[39m
[35m[HTTP][39m [37m-->[39m [37mPOST[39m [37m/wd/hub/session[39m
[35m[HTTP][39m [90m{"desiredCapabilities":{"app":"/Users/sumittulsyan/Downloads/app-release.apk","noReset":false,"deviceName":"emulator-5556 (Android SDK built for x86 - Android 9)","fullReset":true,"platform":"ANDROID","newCommandTimeout":1800,"platformVersion":"9","automationName":"uiautomator2","autoGrantPermissions":true,"platformName":"Android","udid":"emulator-5556","systemPort":53425},"capabilities":{"firstMatch":[{"appium:app":"/Users/sumittulsyan/Downloads/app-release.apk","appium:autoGrantPermissions":true,"appium:automationName":"uiautomator2","appium:deviceName":"emulator-5556 (Android SDK built for x86 - Android 9)","appium:fullReset":true,"appium:newCommandTimeout":1800,"appium:noReset":false,"platform":"ANDROID","platformName":"android","appium:platformVersion":"9","appium:systemPort":53425,"appium:udid":"emulator-5556"}]}}[39m
[35m[BaseDriver][39m The capabilities ["platform"] are not standard capabilities and should have an extension prefix
[35m[Appium][39m Appium v1.14.0 creating new AndroidUiautomator2Driver (v1.33.1) session
[35m[Appium][39m Capabilities:
[35m[Appium][39m   platform: ANDROID
[35m[Appium][39m   platformName: android
[35m[Appium][39m   app: /Users/sumittulsyan/Downloads/app-release.apk
[35m[Appium][39m   autoGrantPermissions: true
[35m[Appium][39m   automationName: uiautomator2
[35m[Appium][39m   deviceName: emulator-5556 (Android SDK built for x86 - Android 9)
[35m[Appium][39m   fullReset: true
[35m[Appium][39m   newCommandTimeout: 1800
[35m[Appium][39m   noReset: false
[35m[Appium][39m   platformVersion: 9
[35m[Appium][39m   systemPort: 53425
[35m[Appium][39m   udid: emulator-5556
[35m[BaseDriver][39m The following capabilities were provided, but are not recognized by Appium:
[35m[BaseDriver][39m   platform
[35m[BaseDriver][39m Session created with session id: b9068ae2-dde5-4296-a66a-1ab8b75c9178
[35m[BaseDriver][39m Using local app '/Users/sumittulsyan/Downloads/app-release.apk'
[35m[ADB][39m Found 1 'build-tools' folders under '/Users/sumittulsyan/.katalon/tools/android_sdk' (newest first):
[35m[ADB][39m     /Users/sumittulsyan/.katalon/tools/android_sdk/build-tools/29.0.1
[35m[ADB][39m Using 'adb' from '/Users/sumittulsyan/.katalon/tools/android_sdk/platform-tools/adb'
[35m[AndroidDriver][39m Retrieving device list
[35m[AndroidDriver][39m Using device: emulator-5556
[35m[ADB][39m Using 'adb' from '/Users/sumittulsyan/.katalon/tools/android_sdk/platform-tools/adb'
[35m[UiAutomator2][39m Relaxing hidden api policy
[35m[ADB][39m Using 'apkanalyzer' from '/Users/sumittulsyan/.katalon/tools/android_sdk/tools/bin/apkanalyzer'
[35m[ADB][39m Package name: 'io.nativebase.market.geekyants.taxiappdriver'
[35m[ADB][39m Main activity name: 'io.nativebase.market.geekyants.taxiappdriver.MainActivity'
[35m[ADB][39m Using 'aapt' from '/Users/sumittulsyan/.katalon/tools/android_sdk/build-tools/29.0.1/aapt'
[35m[ADB][39m Using 'apksigner' from '/Users/sumittulsyan/.katalon/tools/android_sdk/build-tools/29.0.1/apksigner'
[35m[UiAutomator2][39m Server packages are not going to be (re)installed
[35m[ADB][39m io.nativebase.market.geekyants.taxiappdriver was successfully uninstalled
[35m[ADB][39m The application at '/Users/sumittulsyan/Downloads/app-release.apk' is already cached to '/data/local/tmp/appium_cache/0a4c298d81fa9fed8129162356ad8641ab361e22.apk'
[35m[ADB][39m The installation of 'app-release.apk' took 8.111s
[35m[UiAutomator2][39m Starting UIAutomator2 server 3.7.0
[35m[UiAutomator2][39m Using UIAutomator2 server from '/Users/sumittulsyan/Downloads/appium-mobile-test/node_modules/appium-uiautomator2-server/apks/appium-uiautomator2-server-v3.7.0.apk' and test from '/Users/sumittulsyan/Downloads/appium-mobile-test/node_modules/appium-uiautomator2-server/apks/appium-uiautomator2-server-debug-androidTest.apk'
[35m[UiAutomator2][39m Waiting up to 30000ms for UiAutomator2 to be online...
[35m[WD Proxy][39m Got an unexpected response: {"code":"ECONNRESET"}
[35m[WD Proxy][39m Got an unexpected response: {"code":"ECONNRESET"}
[35m[AndroidDriver][39m Screen already unlocked, doing nothing
[35m[UiAutomator2][39m UiAutomator2 did not start the activity we were waiting for, 'io.nativebase.market.geekyants.taxiappdriver/io.nativebase.market.geekyants.taxiappdriver.MainActivity'. Starting it ourselves
[35m[Appium][39m New AndroidUiautomator2Driver session created successfully, session b9068ae2-dde5-4296-a66a-1ab8b75c9178 added to master session list
[35m[HTTP][39m [37m<-- POST /wd/hub/session [39m[32m200[39m [90m28410 ms - 1264[39m
[35m[HTTP][39m [90m[39m
[35m[HTTP][39m [37m-->[39m [37mGET[39m [37m/wd/hub/session/b9068ae2-dde5-4296-a66a-1ab8b75c9178[39m
[35m[HTTP][39m [90m{}[39m
[35m[HTTP][39m [37m<-- GET /wd/hub/session/b9068ae2-dde5-4296-a66a-1ab8b75c9178 [39m[32m200[39m [90m102 ms - 1196[39m
[35m[HTTP][39m [90m[39m
[35m[HTTP][39m [37m-->[39m [37mGET[39m [37m/wd/hub/session/b9068ae2-dde5-4296-a66a-1ab8b75c9178[39m
[35m[HTTP][39m [90m{}[39m
[35m[HTTP][39m [37m<-- GET /wd/hub/session/b9068ae2-dde5-4296-a66a-1ab8b75c9178 [39m[32m200[39m [90m46 ms - 1196[39m
[35m[HTTP][39m [90m[39m
[35m[HTTP][39m [37m-->[39m [37mGET[39m [37m/wd/hub/status[39m
[35m[HTTP][39m [90m{}[39m
[35m[HTTP][39m [37m<-- GET /wd/hub/status [39m[32m200[39m [90m2 ms - 68[39m
[35m[HTTP][39m [90m[39m
[35m[HTTP][39m [37m-->[39m [37mPOST[39m [37m/wd/hub/session/b9068ae2-dde5-4296-a66a-1ab8b75c9178/timeouts[39m
[35m[HTTP][39m [90m{"implicit":30000}[39m
[35m[HTTP][39m [37m<-- POST /wd/hub/session/b9068ae2-dde5-4296-a66a-1ab8b75c9178/timeouts [39m[32m200[39m [90m3 ms - 14[39m
[35m[HTTP][39m [90m[39m
[35m[HTTP][39m [37m-->[39m [37mPOST[39m [37m/wd/hub/session/b9068ae2-dde5-4296-a66a-1ab8b75c9178/timeouts[39m
[35m[HTTP][39m [90m{"implicit":50}[39m
[35m[HTTP][39m [37m<-- POST /wd/hub/session/b9068ae2-dde5-4296-a66a-1ab8b75c9178/timeouts [39m[32m200[39m [90m2 ms - 14[39m
[35m[HTTP][39m [90m[39m
[35m[HTTP][39m [37m-->[39m [37mGET[39m [37m/wd/hub/session/b9068ae2-dde5-4296-a66a-1ab8b75c9178/window/rect[39m
[35m[HTTP][39m [90m{}[39m
[35m[HTTP][39m [37m<-- GET /wd/hub/session/b9068ae2-dde5-4296-a66a-1ab8b75c9178/window/rect [39m[32m200[39m [90m215 ms - 50[39m
[35m[HTTP][39m [90m[39m
[35m[HTTP][39m [37m-->[39m [37mPOST[39m [37m/wd/hub/session/b9068ae2-dde5-4296-a66a-1ab8b75c9178/elements[39m
[35m[HTTP][39m [90m{"using":"-android uiautomator","value":"new UiSelector().className(\"android.widget.TextView\").text(\"Sign In\")"}[39m
[35m[HTTP][39m [37m<-- POST /wd/hub/session/b9068ae2-dde5-4296-a66a-1ab8b75c9178/elements [39m[32m200[39m [90m903 ms - 12[39m
[35m[HTTP][39m [90m[39m
[35m[HTTP][39m [37m-->[39m [37mPOST[39m [37m/wd/hub/session/b9068ae2-dde5-4296-a66a-1ab8b75c9178/elements[39m
[35m[HTTP][39m [90m{"using":"-android uiautomator","value":"new UiSelector().className(\"android.widget.TextView\").text(\"Sign In\")"}[39m
[35m[HTTP][39m [37m<-- POST /wd/hub/session/b9068ae2-dde5-4296-a66a-1ab8b75c9178/elements [39m[32m200[39m [90m1512 ms - 12[39m
[35m[HTTP][39m [90m[39m
[35m[HTTP][39m [37m-->[39m [37mPOST[39m [37m/wd/hub/session/b9068ae2-dde5-4296-a66a-1ab8b75c9178/elements[39m
[35m[HTTP][39m [90m{"using":"-android uiautomator","value":"new UiSelector().className(\"android.widget.TextView\").text(\"Sign In\")"}[39m
[35m[HTTP][39m [37m<-- POST /wd/hub/session/b9068ae2-dde5-4296-a66a-1ab8b75c9178/elements [39m[32m200[39m [90m75 ms - 12[39m
[35m[HTTP][39m [90m[39m
[35m[HTTP][39m [37m-->[39m [37mPOST[39m [37m/wd/hub/session/b9068ae2-dde5-4296-a66a-1ab8b75c9178/elements[39m
[35m[HTTP][39m [90m{"using":"-android uiautomator","value":"new UiSelector().className(\"android.widget.TextView\").text(\"Sign In\")"}[39m
[35m[HTTP][39m [37m<-- POST /wd/hub/session/b9068ae2-dde5-4296-a66a-1ab8b75c9178/elements [39m[32m200[39m [90m630 ms - 12[39m
[35m[HTTP][39m [90m[39m
[35m[HTTP][39m [37m-->[39m [37mPOST[39m [37m/wd/hub/session/b9068ae2-dde5-4296-a66a-1ab8b75c9178/elements[39m
[35m[HTTP][39m [90m{"using":"-android uiautomator","value":"new UiSelector().className(\"android.widget.TextView\").text(\"Sign In\")"}[39m
[35m[HTTP][39m [37m<-- POST /wd/hub/session/b9068ae2-dde5-4296-a66a-1ab8b75c9178/elements [39m[32m200[39m [90m86 ms - 12[39m
[35m[HTTP][39m [90m[39m
[35m[HTTP][39m [37m-->[39m [37mPOST[39m [37m/wd/hub/session/b9068ae2-dde5-4296-a66a-1ab8b75c9178/elements[39m
[35m[HTTP][39m [90m{"using":"-android uiautomator","value":"new UiSelector().className(\"android.widget.TextView\").text(\"Sign In\")"}[39m
[35m[HTTP][39m [37m<-- POST /wd/hub/session/b9068ae2-dde5-4296-a66a-1ab8b75c9178/elements [39m[32m200[39m [90m62 ms - 12[39m
[35m[HTTP][39m [90m[39m
[35m[HTTP][39m [37m-->[39m [37mPOST[39m [37m/wd/hub/session/b9068ae2-dde5-4296-a66a-1ab8b75c9178/elements[39m
[35m[HTTP][39m [90m{"using":"-android uiautomator","value":"new UiSelector().className(\"android.widget.TextView\").text(\"Sign In\")"}[39m
[35m[HTTP][39m [37m<-- POST /wd/hub/session/b9068ae2-dde5-4296-a66a-1ab8b75c9178/elements [39m[32m200[39m [90m1085 ms - 12[39m
[35m[HTTP][39m [90m[39m
[35m[HTTP][39m [37m-->[39m [37mPOST[39m [37m/wd/hub/session/b9068ae2-dde5-4296-a66a-1ab8b75c9178/elements[39m
[35m[HTTP][39m [90m{"using":"-android uiautomator","value":"new UiSelector().className(\"android.widget.TextView\").text(\"Sign In\")"}[39m
[35m[HTTP][39m [37m<-- POST /wd/hub/session/b9068ae2-dde5-4296-a66a-1ab8b75c9178/elements [39m[32m200[39m [90m223 ms - 12[39m
[35m[HTTP][39m [90m[39m
[35m[HTTP][39m [37m-->[39m [37mPOST[39m [37m/wd/hub/session/b9068ae2-dde5-4296-a66a-1ab8b75c9178/elements[39m
[35m[HTTP][39m [90m{"using":"-android uiautomator","value":"new UiSelector().className(\"android.widget.TextView\").text(\"Sign In\")"}[39m
[35m[HTTP][39m [37m<-- POST /wd/hub/session/b9068ae2-dde5-4296-a66a-1ab8b75c9178/elements [39m[32m200[39m [90m734 ms - 139[39m
[35m[HTTP][39m [90m[39m
[35m[HTTP][39m [37m-->[39m [37mGET[39m [37m/wd/hub/session/b9068ae2-dde5-4296-a66a-1ab8b75c9178/element/c75c5405-fbd1-4a46-9868-d1293eeb5ac0/location[39m
[35m[HTTP][39m [90m{}[39m
[35m[W3C (b9068ae2)][39m Driver proxy active, passing request on via HTTP proxy
[35m[WD Proxy][39m Replacing sessionId 48b8a285-b83f-41eb-bca5-fea6f96c8439 with b9068ae2-dde5-4296-a66a-1ab8b75c9178
[35m[HTTP][39m [37m<-- GET /wd/hub/session/b9068ae2-dde5-4296-a66a-1ab8b75c9178/element/c75c5405-fbd1-4a46-9868-d1293eeb5ac0/location [39m[32m200[39m [90m91 ms - 90[39m
[35m[HTTP][39m [90m[39m
[35m[HTTP][39m [37m-->[39m [37mPOST[39m [37m/wd/hub/session/b9068ae2-dde5-4296-a66a-1ab8b75c9178/timeouts[39m
[35m[HTTP][39m [90m{"implicit":30000}[39m
[35m[HTTP][39m [37m<-- POST /wd/hub/session/b9068ae2-dde5-4296-a66a-1ab8b75c9178/timeouts [39m[32m200[39m [90m2 ms - 14[39m
[35m[HTTP][39m [90m[39m
[35m[HTTP][39m [37m-->[39m [37mPOST[39m [37m/wd/hub/session/b9068ae2-dde5-4296-a66a-1ab8b75c9178/touch/perform[39m
[35m[HTTP][39m [90m{"actions":[{"action":"tap","options":{"x":1,"y":1,"element":"c75c5405-fbd1-4a46-9868-d1293eeb5ac0"}},{"action":"release","options":{}}]}[39m
[35m[UiAutomator2][39m calling get location: c75c5405-fbd1-4a46-9868-d1293eeb5ac0
[35m[HTTP][39m [37m<-- POST /wd/hub/session/b9068ae2-dde5-4296-a66a-1ab8b75c9178/touch/perform [39m[32m200[39m [90m1166 ms - 14[39m
[35m[HTTP][39m [90m[39m
[35m[HTTP][39m [37m-->[39m [37mPOST[39m [37m/wd/hub/session/b9068ae2-dde5-4296-a66a-1ab8b75c9178/timeouts[39m
[35m[HTTP][39m [90m{"implicit":50}[39m
[35m[HTTP][39m [37m<-- POST /wd/hub/session/b9068ae2-dde5-4296-a66a-1ab8b75c9178/timeouts [39m[32m200[39m [90m2 ms - 14[39m
[35m[HTTP][39m [90m[39m
[35m[HTTP][39m [37m-->[39m [37mGET[39m [37m/wd/hub/session/b9068ae2-dde5-4296-a66a-1ab8b75c9178/window/rect[39m
[35m[HTTP][39m [90m{}[39m
[35m[HTTP][39m [37m<-- GET /wd/hub/session/b9068ae2-dde5-4296-a66a-1ab8b75c9178/window/rect [39m[32m200[39m [90m99 ms - 50[39m
[35m[HTTP][39m [90m[39m
[35m[HTTP][39m [37m-->[39m [37mPOST[39m [37m/wd/hub/session/b9068ae2-dde5-4296-a66a-1ab8b75c9178/elements[39m
[35m[HTTP][39m [90m{"using":"-android uiautomator","value":"new UiSelector().className(\"android.widget.EditText\").text(\"Email\")"}[39m
[35m[HTTP][39m [37m<-- POST /wd/hub/session/b9068ae2-dde5-4296-a66a-1ab8b75c9178/elements [39m[32m200[39m [90m92 ms - 139[39m
[35m[HTTP][39m [90m[39m
[35m[HTTP][39m [37m-->[39m [37mGET[39m [37m/wd/hub/session/b9068ae2-dde5-4296-a66a-1ab8b75c9178/element/a085a1fd-607d-4e2e-bc67-d7f5cc211c6c/location[39m
[35m[HTTP][39m [90m{}[39m
[35m[W3C (b9068ae2)][39m Driver proxy active, passing request on via HTTP proxy
[35m[WD Proxy][39m Replacing sessionId 48b8a285-b83f-41eb-bca5-fea6f96c8439 with b9068ae2-dde5-4296-a66a-1ab8b75c9178
[35m[HTTP][39m [37m<-- GET /wd/hub/session/b9068ae2-dde5-4296-a66a-1ab8b75c9178/element/a085a1fd-607d-4e2e-bc67-d7f5cc211c6c/location [39m[32m200[39m [90m63 ms - 90[39m
[35m[HTTP][39m [90m[39m
[35m[HTTP][39m [37m-->[39m [37mPOST[39m [37m/wd/hub/session/b9068ae2-dde5-4296-a66a-1ab8b75c9178/timeouts[39m
[35m[HTTP][39m [90m{"implicit":30000}[39m
[35m[HTTP][39m [37m<-- POST /wd/hub/session/b9068ae2-dde5-4296-a66a-1ab8b75c9178/timeouts [39m[32m200[39m [90m3 ms - 14[39m
[35m[HTTP][39m [90m[39m
[35m[HTTP][39m [37m-->[39m [37mPOST[39m [37m/wd/hub/session/b9068ae2-dde5-4296-a66a-1ab8b75c9178/element/a085a1fd-607d-4e2e-bc67-d7f5cc211c6c/clear[39m
[35m[HTTP][39m [90m{"id":"a085a1fd-607d-4e2e-bc67-d7f5cc211c6c"}[39m
[35m[HTTP][39m [37m<-- POST /wd/hub/session/b9068ae2-dde5-4296-a66a-1ab8b75c9178/element/a085a1fd-607d-4e2e-bc67-d7f5cc211c6c/clear [39m[32m200[39m [90m60 ms - 27[39m
[35m[HTTP][39m [90m[39m
[35m[HTTP][39m [37m-->[39m [37mPOST[39m [37m/wd/hub/session/b9068ae2-dde5-4296-a66a-1ab8b75c9178/element/a085a1fd-607d-4e2e-bc67-d7f5cc211c6c/value[39m
[35m[HTTP][39m [90m{"id":"a085a1fd-607d-4e2e-bc67-d7f5cc211c6c","text":"taxidriver@gmail.com","value":["t","a","x","i","d","r","i","v","e","r","@","g","m","a","i","l",".","c","o","m"]}[39m
[35m[HTTP][39m [37m<-- POST /wd/hub/session/b9068ae2-dde5-4296-a66a-1ab8b75c9178/element/a085a1fd-607d-4e2e-bc67-d7f5cc211c6c/value [39m[32m200[39m [90m1365 ms - 12[39m
[35m[HTTP][39m [90m[39m
[35m[HTTP][39m [37m-->[39m [37mPOST[39m [37m/wd/hub/session/b9068ae2-dde5-4296-a66a-1ab8b75c9178/timeouts[39m
[35m[HTTP][39m [90m{"implicit":50}[39m
[35m[HTTP][39m [37m<-- POST /wd/hub/session/b9068ae2-dde5-4296-a66a-1ab8b75c9178/timeouts [39m[32m200[39m [90m3 ms - 14[39m
[35m[HTTP][39m [90m[39m
[35m[HTTP][39m [37m-->[39m [37mGET[39m [37m/wd/hub/session/b9068ae2-dde5-4296-a66a-1ab8b75c9178/window/rect[39m
[35m[HTTP][39m [90m{}[39m
[35m[HTTP][39m [37m<-- GET /wd/hub/session/b9068ae2-dde5-4296-a66a-1ab8b75c9178/window/rect [39m[32m200[39m [90m26 ms - 50[39m
[35m[HTTP][39m [90m[39m
[35m[HTTP][39m [37m-->[39m [37mPOST[39m [37m/wd/hub/session/b9068ae2-dde5-4296-a66a-1ab8b75c9178/elements[39m
[35m[HTTP][39m [90m{"using":"-android uiautomator","value":"new UiSelector().className(\"android.widget.EditText\").text(\"Password\")"}[39m
[35m[HTTP][39m [37m<-- POST /wd/hub/session/b9068ae2-dde5-4296-a66a-1ab8b75c9178/elements [39m[32m200[39m [90m393 ms - 139[39m
[35m[HTTP][39m [90m[39m
[35m[HTTP][39m [37m-->[39m [37mGET[39m [37m/wd/hub/session/b9068ae2-dde5-4296-a66a-1ab8b75c9178/element/b7e72e37-5e44-400f-af7b-3066e9323ce4/location[39m
[35m[HTTP][39m [90m{}[39m
[35m[W3C (b9068ae2)][39m Driver proxy active, passing request on via HTTP proxy
[35m[WD Proxy][39m Replacing sessionId 48b8a285-b83f-41eb-bca5-fea6f96c8439 with b9068ae2-dde5-4296-a66a-1ab8b75c9178
[35m[HTTP][39m [37m<-- GET /wd/hub/session/b9068ae2-dde5-4296-a66a-1ab8b75c9178/element/b7e72e37-5e44-400f-af7b-3066e9323ce4/location [39m[32m200[39m [90m44 ms - 90[39m
[35m[HTTP][39m [90m[39m
[35m[HTTP][39m [37m-->[39m [37mPOST[39m [37m/wd/hub/session/b9068ae2-dde5-4296-a66a-1ab8b75c9178/timeouts[39m
[35m[HTTP][39m [90m{"implicit":30000}[39m
[35m[HTTP][39m [37m<-- POST /wd/hub/session/b9068ae2-dde5-4296-a66a-1ab8b75c9178/timeouts [39m[32m200[39m [90m4 ms - 14[39m
[35m[HTTP][39m [90m[39m
[35m[HTTP][39m [37m-->[39m [37mPOST[39m [37m/wd/hub/session/b9068ae2-dde5-4296-a66a-1ab8b75c9178/element/b7e72e37-5e44-400f-af7b-3066e9323ce4/clear[39m
[35m[HTTP][39m [90m{"id":"b7e72e37-5e44-400f-af7b-3066e9323ce4"}[39m
[35m[HTTP][39m [37m<-- POST /wd/hub/session/b9068ae2-dde5-4296-a66a-1ab8b75c9178/element/b7e72e37-5e44-400f-af7b-3066e9323ce4/clear [39m[32m200[39m [90m48 ms - 27[39m
[35m[HTTP][39m [90m[39m
[35m[HTTP][39m [37m-->[39m [37mPOST[39m [37m/wd/hub/session/b9068ae2-dde5-4296-a66a-1ab8b75c9178/element/b7e72e37-5e44-400f-af7b-3066e9323ce4/value[39m
[35m[HTTP][39m [90m{"id":"b7e72e37-5e44-400f-af7b-3066e9323ce4","text":"123456","value":["1","2","3","4","5","6"]}[39m
[35m[HTTP][39m [37m<-- POST /wd/hub/session/b9068ae2-dde5-4296-a66a-1ab8b75c9178/element/b7e72e37-5e44-400f-af7b-3066e9323ce4/value [39m[32m200[39m [90m1077 ms - 12[39m
[35m[HTTP][39m [90m[39m
[35m[HTTP][39m [37m-->[39m [37mPOST[39m [37m/wd/hub/session/b9068ae2-dde5-4296-a66a-1ab8b75c9178/timeouts[39m
[35m[HTTP][39m [90m{"implicit":50}[39m
[35m[HTTP][39m [37m<-- POST /wd/hub/session/b9068ae2-dde5-4296-a66a-1ab8b75c9178/timeouts [39m[32m200[39m [90m3 ms - 14[39m
[35m[HTTP][39m [90m[39m
[35m[HTTP][39m [37m-->[39m [37mGET[39m [37m/wd/hub/session/b9068ae2-dde5-4296-a66a-1ab8b75c9178/window/rect[39m
[35m[HTTP][39m [90m{}[39m
[35m[HTTP][39m [37m<-- GET /wd/hub/session/b9068ae2-dde5-4296-a66a-1ab8b75c9178/window/rect [39m[32m200[39m [90m35 ms - 50[39m
[35m[HTTP][39m [90m[39m
[35m[HTTP][39m [37m-->[39m [37mPOST[39m [37m/wd/hub/session/b9068ae2-dde5-4296-a66a-1ab8b75c9178/elements[39m
[35m[HTTP][39m [90m{"using":"xpath","value":"//hierarchy/android.widget.FrameLayout[1]/android.widget.LinearLayout[1]/android.widget.FrameLayout[1]/android.widget.LinearLayout[1]/android.widget.FrameLayout[1]/android.widget.FrameLayout[1]/android.view.ViewGroup[1]/android.view.ViewGroup[1]/android.view.ViewGroup[1]/android.view.ViewGroup[1]/android.support.v4.widget.DrawerLayout[1]/android.view.ViewGroup[1]/android.view.ViewGroup[1]/android.view.ViewGroup[1]/android.view.ViewGroup[1]/android.view.ViewGroup[1]/android.view.ViewGroup[1]/android.widget.ScrollView[1]/android.view.ViewGroup[1]/android.view.ViewGroup[7]/android.widget.TextView[1]"}[39m
[35m[HTTP][39m [37m<-- POST /wd/hub/session/b9068ae2-dde5-4296-a66a-1ab8b75c9178/elements [39m[32m200[39m [90m966 ms - 139[39m
[35m[HTTP][39m [90m[39m
[35m[HTTP][39m [37m-->[39m [37mGET[39m [37m/wd/hub/session/b9068ae2-dde5-4296-a66a-1ab8b75c9178/element/b59926e8-168c-4b2f-9d33-0bdbf6fc9287/location[39m
[35m[HTTP][39m [90m{}[39m
[35m[W3C (b9068ae2)][39m Driver proxy active, passing request on via HTTP proxy
[35m[WD Proxy][39m Replacing sessionId 48b8a285-b83f-41eb-bca5-fea6f96c8439 with b9068ae2-dde5-4296-a66a-1ab8b75c9178
[35m[HTTP][39m [37m<-- GET /wd/hub/session/b9068ae2-dde5-4296-a66a-1ab8b75c9178/element/b59926e8-168c-4b2f-9d33-0bdbf6fc9287/location [39m[32m200[39m [90m42 ms - 90[39m
[35m[HTTP][39m [90m[39m
[35m[HTTP][39m [37m-->[39m [37mPOST[39m [37m/wd/hub/session/b9068ae2-dde5-4296-a66a-1ab8b75c9178/timeouts[39m
[35m[HTTP][39m [90m{"implicit":30000}[39m
[35m[HTTP][39m [37m<-- POST /wd/hub/session/b9068ae2-dde5-4296-a66a-1ab8b75c9178/timeouts [39m[32m200[39m [90m2 ms - 14[39m
[35m[HTTP][39m [90m[39m
[35m[HTTP][39m [37m-->[39m [37mPOST[39m [37m/wd/hub/session/b9068ae2-dde5-4296-a66a-1ab8b75c9178/touch/perform[39m
[35m[HTTP][39m [90m{"actions":[{"action":"tap","options":{"x":1,"y":1,"element":"b59926e8-168c-4b2f-9d33-0bdbf6fc9287"}},{"action":"release","options":{}}]}[39m
[35m[UiAutomator2][39m calling get location: b59926e8-168c-4b2f-9d33-0bdbf6fc9287
[35m[HTTP][39m [37m<-- POST /wd/hub/session/b9068ae2-dde5-4296-a66a-1ab8b75c9178/touch/perform [39m[32m200[39m [90m119 ms - 14[39m
[35m[HTTP][39m [90m[39m
[35m[HTTP][39m [37m-->[39m [37mDELETE[39m [37m/wd/hub/session/b9068ae2-dde5-4296-a66a-1ab8b75c9178[39m
[35m[HTTP][39m [90m{}[39m
[35m[Appium][39m Removing session b9068ae2-dde5-4296-a66a-1ab8b75c9178 from our master session list
[35m[WD Proxy][39m Got an unexpected response: {"code":"ECONNRESET"}
[35m[UiAutomator2][39m Did not get confirmation UiAutomator2 deleteSession worked; Error was: UnknownError: An unknown server-side error occurred while processing the command. Original error: Could not proxy command to remote server. Original error: Error: socket hang up
[35m[ADB][39m io.nativebase.market.geekyants.taxiappdriver was not uninstalled, because it was not present on the device
[35m[UiAutomator2][39m Restoring hidden api policy to the device default configuration
[35m[HTTP][39m [37m<-- DELETE /wd/hub/session/b9068ae2-dde5-4296-a66a-1ab8b75c9178 [39m[32m200[39m [90m261 ms - 14[39m
[35m[HTTP][39m [90m[39m
