[35m[Appium][39m Welcome to Appium v1.14.0
[35m[Appium][39m Non-default server args:
[35m[Appium][39m   port: 50321
[35m[Appium][39m   loglevel: info
[35m[Appium][39m   chromeDriverPort: 50324
[35m[Appium][39m   tmpDir: /var/folders/38/x4crs4qx0hn0r3_szny2t9sw0000gn/T//Katalon/Appium/Temp1565759161288
[35m[Appium][39m Appium REST http interface listener started on 0.0.0.0:50321
[35m[HTTP][39m [37m-->[39m [37mGET[39m [37m/wd/hub/status[39m
[35m[HTTP][39m [90m{}[39m
[35m[HTTP][39m [37m<-- GET /wd/hub/status [39m[32m200[39m [90m6 ms - 68[39m
[35m[HTTP][39m [90m[39m
[35m[HTTP][39m [37m-->[39m [37mPOST[39m [37m/wd/hub/session[39m
[35m[HTTP][39m [90m{"desiredCapabilities":{"app":"/Users/sumittulsyan/Downloads/app-release (1).apk","noReset":false,"deviceName":"emulator-5554 (Android SDK built for x86 - Android 9)","fullReset":true,"platform":"ANDROID","newCommandTimeout":1800,"platformVersion":"9","automationName":"uiautomator2","autoGrantPermissions":true,"platformName":"Android","udid":"emulator-5554","systemPort":50320},"capabilities":{"firstMatch":[{"appium:app":"/Users/sumittulsyan/Downloads/app-release (1).apk","appium:autoGrantPermissions":true,"appium:automationName":"uiautomator2","appium:deviceName":"emulator-5554 (Android SDK built for x86 - Android 9)","appium:fullReset":true,"appium:newCommandTimeout":1800,"appium:noReset":false,"platform":"ANDROID","platformName":"android","appium:platformVersion":"9","appium:systemPort":50320,"appium:udid":"emulator-5554"}]}}[39m
[35m[BaseDriver][39m The capabilities ["platform"] are not standard capabilities and should have an extension prefix
[35m[Appium][39m Appium v1.14.0 creating new AndroidUiautomator2Driver (v1.33.1) session
[35m[Appium][39m Capabilities:
[35m[Appium][39m   platform: ANDROID
[35m[Appium][39m   platformName: android
[35m[Appium][39m   app: /Users/sumittulsyan/Downloads/app-release (1).apk
[35m[Appium][39m   autoGrantPermissions: true
[35m[Appium][39m   automationName: uiautomator2
[35m[Appium][39m   deviceName: emulator-5554 (Android SDK built for x86 - Android 9)
[35m[Appium][39m   fullReset: true
[35m[Appium][39m   newCommandTimeout: 1800
[35m[Appium][39m   noReset: false
[35m[Appium][39m   platformVersion: 9
[35m[Appium][39m   systemPort: 50320
[35m[Appium][39m   udid: emulator-5554
[35m[BaseDriver][39m The following capabilities were provided, but are not recognized by Appium:
[35m[BaseDriver][39m   platform
[35m[BaseDriver][39m Session created with session id: 4cb0a493-801f-47e4-99f3-5a50eb98668f
[35m[BaseDriver][39m Using local app '/Users/sumittulsyan/Downloads/app-release (1).apk'
[35m[ADB][39m Found 1 'build-tools' folders under '/Users/sumittulsyan/.katalon/tools/android_sdk' (newest first):
[35m[ADB][39m     /Users/sumittulsyan/.katalon/tools/android_sdk/build-tools/29.0.1
[35m[ADB][39m Using 'adb' from '/Users/sumittulsyan/.katalon/tools/android_sdk/platform-tools/adb'
[35m[AndroidDriver][39m Retrieving device list
[35m[AndroidDriver][39m Using device: emulator-5554
[35m[ADB][39m Using 'adb' from '/Users/sumittulsyan/.katalon/tools/android_sdk/platform-tools/adb'
[35m[UiAutomator2][39m Relaxing hidden api policy
[35m[ADB][39m Using 'apkanalyzer' from '/Users/sumittulsyan/.katalon/tools/android_sdk/tools/bin/apkanalyzer'
[35m[ADB][39m Using the alternative activity name detection method because of: Command '/Users/sumittulsyan/.katalon/tools/android_sdk/tools/bin/apkanalyzer -h manifest print '/Users/sumittulsyan/Downloads/app-release (1).apk'' exited with code 2
[35m[ADB][39m Using 'aapt' from '/Users/sumittulsyan/.katalon/tools/android_sdk/build-tools/29.0.1/aapt'
[35m[ADB][39m Extracting package and launch activity from manifest
[35m[ADB][39m Package name: 'io.nativebase.market.geekyants.taxiapprider'
[35m[ADB][39m Main activity name: 'io.nativebase.market.geekyants.taxiapprider.MainActivity'
[35m[ADB][39m Using 'apksigner' from '/Users/sumittulsyan/.katalon/tools/android_sdk/build-tools/29.0.1/apksigner'
[35m[UiAutomator2][39m Server packages are not going to be (re)installed
[35m[ADB][39m io.nativebase.market.geekyants.taxiapprider was not uninstalled, because it was not present on the device
[35m[ADB][39m The application at '/Users/sumittulsyan/Downloads/app-release (1).apk' is already cached to '/data/local/tmp/appium_cache/319121ffd2a4e89e1742e996fe8df850b3a56b9f.apk'
[35m[ADB][39m The installation of 'app-release (1).apk' took 8.952s
[35m[UiAutomator2][39m Starting UIAutomator2 server 3.7.0
[35m[UiAutomator2][39m Using UIAutomator2 server from '/Users/sumittulsyan/Downloads/appium-mobile-test/node_modules/appium-uiautomator2-server/apks/appium-uiautomator2-server-v3.7.0.apk' and test from '/Users/sumittulsyan/Downloads/appium-mobile-test/node_modules/appium-uiautomator2-server/apks/appium-uiautomator2-server-debug-androidTest.apk'
[35m[UiAutomator2][39m Waiting up to 30000ms for UiAutomator2 to be online...
[35m[WD Proxy][39m Got an unexpected response: {"code":"ECONNRESET"}
[35m[WD Proxy][39m Got an unexpected response: {"code":"ECONNRESET"}
[35m[WD Proxy][39m Got an unexpected response: {"code":"ECONNRESET"}
[35m[AndroidDriver][39m Screen already unlocked, doing nothing
[35m[UiAutomator2][39m UiAutomator2 did not start the activity we were waiting for, 'io.nativebase.market.geekyants.taxiapprider/io.nativebase.market.geekyants.taxiapprider.MainActivity'. Starting it ourselves
[35m[Appium][39m New AndroidUiautomator2Driver session created successfully, session 4cb0a493-801f-47e4-99f3-5a50eb98668f added to master session list
[35m[HTTP][39m [37m<-- POST /wd/hub/session [39m[32m200[39m [90m23888 ms - 1271[39m
[35m[HTTP][39m [90m[39m
[35m[HTTP][39m [37m-->[39m [37mGET[39m [37m/wd/hub/session/4cb0a493-801f-47e4-99f3-5a50eb98668f[39m
[35m[HTTP][39m [90m{}[39m
[35m[HTTP][39m [37m<-- GET /wd/hub/session/4cb0a493-801f-47e4-99f3-5a50eb98668f [39m[32m200[39m [90m57 ms - 1203[39m
[35m[HTTP][39m [90m[39m
[35m[HTTP][39m [37m-->[39m [37mGET[39m [37m/wd/hub/session/4cb0a493-801f-47e4-99f3-5a50eb98668f[39m
[35m[HTTP][39m [90m{}[39m
[35m[HTTP][39m [37m<-- GET /wd/hub/session/4cb0a493-801f-47e4-99f3-5a50eb98668f [39m[32m200[39m [90m14 ms - 1203[39m
[35m[HTTP][39m [90m[39m
[35m[HTTP][39m [37m-->[39m [37mGET[39m [37m/wd/hub/status[39m
[35m[HTTP][39m [90m{}[39m
[35m[HTTP][39m [37m<-- GET /wd/hub/status [39m[32m200[39m [90m1 ms - 68[39m
[35m[HTTP][39m [90m[39m
[35m[HTTP][39m [37m-->[39m [37mPOST[39m [37m/wd/hub/session/4cb0a493-801f-47e4-99f3-5a50eb98668f/timeouts[39m
[35m[HTTP][39m [90m{"implicit":30000}[39m
[35m[HTTP][39m [37m<-- POST /wd/hub/session/4cb0a493-801f-47e4-99f3-5a50eb98668f/timeouts [39m[32m200[39m [90m5 ms - 14[39m
[35m[HTTP][39m [90m[39m
[35m[HTTP][39m [37m-->[39m [37mPOST[39m [37m/wd/hub/session/4cb0a493-801f-47e4-99f3-5a50eb98668f/timeouts[39m
[35m[HTTP][39m [90m{"implicit":50}[39m
[35m[HTTP][39m [37m<-- POST /wd/hub/session/4cb0a493-801f-47e4-99f3-5a50eb98668f/timeouts [39m[32m200[39m [90m3 ms - 14[39m
[35m[HTTP][39m [90m[39m
[35m[HTTP][39m [37m-->[39m [37mGET[39m [37m/wd/hub/session/4cb0a493-801f-47e4-99f3-5a50eb98668f/window/rect[39m
[35m[HTTP][39m [90m{}[39m
[35m[HTTP][39m [37m<-- GET /wd/hub/session/4cb0a493-801f-47e4-99f3-5a50eb98668f/window/rect [39m[32m200[39m [90m28 ms - 50[39m
[35m[HTTP][39m [90m[39m
[35m[HTTP][39m [37m-->[39m [37mPOST[39m [37m/wd/hub/session/4cb0a493-801f-47e4-99f3-5a50eb98668f/elements[39m
[35m[HTTP][39m [90m{"using":"-android uiautomator","value":"new UiSelector().className(\"android.widget.TextView\").text(\"Sign In\")"}[39m
[35m[HTTP][39m [37m<-- POST /wd/hub/session/4cb0a493-801f-47e4-99f3-5a50eb98668f/elements [39m[32m200[39m [90m139 ms - 12[39m
[35m[HTTP][39m [90m[39m
[35m[HTTP][39m [37m-->[39m [37mPOST[39m [37m/wd/hub/session/4cb0a493-801f-47e4-99f3-5a50eb98668f/elements[39m
[35m[HTTP][39m [90m{"using":"-android uiautomator","value":"new UiSelector().className(\"android.widget.TextView\").text(\"Sign In\")"}[39m
[35m[HTTP][39m [37m<-- POST /wd/hub/session/4cb0a493-801f-47e4-99f3-5a50eb98668f/elements [39m[32m200[39m [90m581 ms - 12[39m
[35m[HTTP][39m [90m[39m
[35m[HTTP][39m [37m-->[39m [37mPOST[39m [37m/wd/hub/session/4cb0a493-801f-47e4-99f3-5a50eb98668f/elements[39m
[35m[HTTP][39m [90m{"using":"-android uiautomator","value":"new UiSelector().className(\"android.widget.TextView\").text(\"Sign In\")"}[39m
[35m[HTTP][39m [37m<-- POST /wd/hub/session/4cb0a493-801f-47e4-99f3-5a50eb98668f/elements [39m[32m200[39m [90m567 ms - 12[39m
[35m[HTTP][39m [90m[39m
[35m[HTTP][39m [37m-->[39m [37mPOST[39m [37m/wd/hub/session/4cb0a493-801f-47e4-99f3-5a50eb98668f/elements[39m
[35m[HTTP][39m [90m{"using":"-android uiautomator","value":"new UiSelector().className(\"android.widget.TextView\").text(\"Sign In\")"}[39m
[35m[HTTP][39m [37m<-- POST /wd/hub/session/4cb0a493-801f-47e4-99f3-5a50eb98668f/elements [39m[32m200[39m [90m1869 ms - 139[39m
[35m[HTTP][39m [90m[39m
[35m[HTTP][39m [37m-->[39m [37mGET[39m [37m/wd/hub/session/4cb0a493-801f-47e4-99f3-5a50eb98668f/element/d4fe1402-99a0-4a2d-a2c8-c8ebd3f13b1f/location[39m
[35m[HTTP][39m [90m{}[39m
[35m[W3C (4cb0a493)][39m Driver proxy active, passing request on via HTTP proxy
[35m[WD Proxy][39m Replacing sessionId 0bfb9901-4357-470f-bc0a-24e70dd304b5 with 4cb0a493-801f-47e4-99f3-5a50eb98668f
[35m[HTTP][39m [37m<-- GET /wd/hub/session/4cb0a493-801f-47e4-99f3-5a50eb98668f/element/d4fe1402-99a0-4a2d-a2c8-c8ebd3f13b1f/location [39m[32m200[39m [90m42 ms - 90[39m
[35m[HTTP][39m [90m[39m
[35m[HTTP][39m [37m-->[39m [37mPOST[39m [37m/wd/hub/session/4cb0a493-801f-47e4-99f3-5a50eb98668f/timeouts[39m
[35m[HTTP][39m [90m{"implicit":30000}[39m
[35m[HTTP][39m [37m<-- POST /wd/hub/session/4cb0a493-801f-47e4-99f3-5a50eb98668f/timeouts [39m[32m200[39m [90m2 ms - 14[39m
[35m[HTTP][39m [90m[39m
[35m[HTTP][39m [37m-->[39m [37mPOST[39m [37m/wd/hub/session/4cb0a493-801f-47e4-99f3-5a50eb98668f/touch/perform[39m
[35m[HTTP][39m [90m{"actions":[{"action":"tap","options":{"x":1,"y":1,"element":"d4fe1402-99a0-4a2d-a2c8-c8ebd3f13b1f"}},{"action":"release","options":{}}]}[39m
[35m[UiAutomator2][39m calling get location: d4fe1402-99a0-4a2d-a2c8-c8ebd3f13b1f
[35m[HTTP][39m [37m<-- POST /wd/hub/session/4cb0a493-801f-47e4-99f3-5a50eb98668f/touch/perform [39m[32m200[39m [90m1057 ms - 14[39m
[35m[HTTP][39m [90m[39m
[35m[HTTP][39m [37m-->[39m [37mPOST[39m [37m/wd/hub/session/4cb0a493-801f-47e4-99f3-5a50eb98668f/timeouts[39m
[35m[HTTP][39m [90m{"implicit":50}[39m
[35m[HTTP][39m [37m<-- POST /wd/hub/session/4cb0a493-801f-47e4-99f3-5a50eb98668f/timeouts [39m[32m200[39m [90m2 ms - 14[39m
[35m[HTTP][39m [90m[39m
[35m[HTTP][39m [37m-->[39m [37mGET[39m [37m/wd/hub/session/4cb0a493-801f-47e4-99f3-5a50eb98668f/window/rect[39m
[35m[HTTP][39m [90m{}[39m
[35m[HTTP][39m [37m<-- GET /wd/hub/session/4cb0a493-801f-47e4-99f3-5a50eb98668f/window/rect [39m[32m200[39m [90m19 ms - 50[39m
[35m[HTTP][39m [90m[39m
[35m[HTTP][39m [37m-->[39m [37mPOST[39m [37m/wd/hub/session/4cb0a493-801f-47e4-99f3-5a50eb98668f/elements[39m
[35m[HTTP][39m [90m{"using":"-android uiautomator","value":"new UiSelector().className(\"android.widget.EditText\").text(\"Email\")"}[39m
[35m[HTTP][39m [37m<-- POST /wd/hub/session/4cb0a493-801f-47e4-99f3-5a50eb98668f/elements [39m[32m200[39m [90m88 ms - 139[39m
[35m[HTTP][39m [90m[39m
[35m[HTTP][39m [37m-->[39m [37mGET[39m [37m/wd/hub/session/4cb0a493-801f-47e4-99f3-5a50eb98668f/element/f6d3e7ea-614c-4eca-8814-d3b74922ffb4/location[39m
[35m[HTTP][39m [90m{}[39m
[35m[W3C (4cb0a493)][39m Driver proxy active, passing request on via HTTP proxy
[35m[WD Proxy][39m Replacing sessionId 0bfb9901-4357-470f-bc0a-24e70dd304b5 with 4cb0a493-801f-47e4-99f3-5a50eb98668f
[35m[HTTP][39m [37m<-- GET /wd/hub/session/4cb0a493-801f-47e4-99f3-5a50eb98668f/element/f6d3e7ea-614c-4eca-8814-d3b74922ffb4/location [39m[32m200[39m [90m52 ms - 90[39m
[35m[HTTP][39m [90m[39m
[35m[HTTP][39m [37m-->[39m [37mPOST[39m [37m/wd/hub/session/4cb0a493-801f-47e4-99f3-5a50eb98668f/timeouts[39m
[35m[HTTP][39m [90m{"implicit":30000}[39m
[35m[HTTP][39m [37m<-- POST /wd/hub/session/4cb0a493-801f-47e4-99f3-5a50eb98668f/timeouts [39m[32m200[39m [90m2 ms - 14[39m
[35m[HTTP][39m [90m[39m
[35m[HTTP][39m [37m-->[39m [37mPOST[39m [37m/wd/hub/session/4cb0a493-801f-47e4-99f3-5a50eb98668f/element/f6d3e7ea-614c-4eca-8814-d3b74922ffb4/clear[39m
[35m[HTTP][39m [90m{"id":"f6d3e7ea-614c-4eca-8814-d3b74922ffb4"}[39m
[35m[HTTP][39m [37m<-- POST /wd/hub/session/4cb0a493-801f-47e4-99f3-5a50eb98668f/element/f6d3e7ea-614c-4eca-8814-d3b74922ffb4/clear [39m[32m200[39m [90m65 ms - 27[39m
[35m[HTTP][39m [90m[39m
[35m[HTTP][39m [37m-->[39m [37mPOST[39m [37m/wd/hub/session/4cb0a493-801f-47e4-99f3-5a50eb98668f/element/f6d3e7ea-614c-4eca-8814-d3b74922ffb4/value[39m
[35m[HTTP][39m [90m{"id":"f6d3e7ea-614c-4eca-8814-d3b74922ffb4","text":"taxirider@gmail.com","value":["t","a","x","i","r","i","d","e","r","@","g","m","a","i","l",".","c","o","m"]}[39m
[35m[HTTP][39m [37m<-- POST /wd/hub/session/4cb0a493-801f-47e4-99f3-5a50eb98668f/element/f6d3e7ea-614c-4eca-8814-d3b74922ffb4/value [39m[32m200[39m [90m1080 ms - 12[39m
[35m[HTTP][39m [90m[39m
[35m[HTTP][39m [37m-->[39m [37mPOST[39m [37m/wd/hub/session/4cb0a493-801f-47e4-99f3-5a50eb98668f/timeouts[39m
[35m[HTTP][39m [90m{"implicit":50}[39m
[35m[HTTP][39m [37m<-- POST /wd/hub/session/4cb0a493-801f-47e4-99f3-5a50eb98668f/timeouts [39m[32m200[39m [90m5 ms - 14[39m
[35m[HTTP][39m [90m[39m
[35m[HTTP][39m [37m-->[39m [37mGET[39m [37m/wd/hub/session/4cb0a493-801f-47e4-99f3-5a50eb98668f/window/rect[39m
[35m[HTTP][39m [90m{}[39m
[35m[HTTP][39m [37m<-- GET /wd/hub/session/4cb0a493-801f-47e4-99f3-5a50eb98668f/window/rect [39m[32m200[39m [90m33 ms - 50[39m
[35m[HTTP][39m [90m[39m
[35m[HTTP][39m [37m-->[39m [37mPOST[39m [37m/wd/hub/session/4cb0a493-801f-47e4-99f3-5a50eb98668f/elements[39m
[35m[HTTP][39m [90m{"using":"-android uiautomator","value":"new UiSelector().className(\"android.widget.EditText\").text(\"Password\")"}[39m
[35m[HTTP][39m [37m<-- POST /wd/hub/session/4cb0a493-801f-47e4-99f3-5a50eb98668f/elements [39m[32m200[39m [90m402 ms - 139[39m
[35m[HTTP][39m [90m[39m
[35m[HTTP][39m [37m-->[39m [37mGET[39m [37m/wd/hub/session/4cb0a493-801f-47e4-99f3-5a50eb98668f/element/c4ede2c6-15d6-4820-877e-ae47fede2d00/location[39m
[35m[HTTP][39m [90m{}[39m
[35m[W3C (4cb0a493)][39m Driver proxy active, passing request on via HTTP proxy
[35m[WD Proxy][39m Replacing sessionId 0bfb9901-4357-470f-bc0a-24e70dd304b5 with 4cb0a493-801f-47e4-99f3-5a50eb98668f
[35m[HTTP][39m [37m<-- GET /wd/hub/session/4cb0a493-801f-47e4-99f3-5a50eb98668f/element/c4ede2c6-15d6-4820-877e-ae47fede2d00/location [39m[32m200[39m [90m62 ms - 90[39m
[35m[HTTP][39m [90m[39m
[35m[HTTP][39m [37m-->[39m [37mPOST[39m [37m/wd/hub/session/4cb0a493-801f-47e4-99f3-5a50eb98668f/timeouts[39m
[35m[HTTP][39m [90m{"implicit":30000}[39m
[35m[HTTP][39m [37m<-- POST /wd/hub/session/4cb0a493-801f-47e4-99f3-5a50eb98668f/timeouts [39m[32m200[39m [90m2 ms - 14[39m
[35m[HTTP][39m [90m[39m
[35m[HTTP][39m [37m-->[39m [37mPOST[39m [37m/wd/hub/session/4cb0a493-801f-47e4-99f3-5a50eb98668f/element/c4ede2c6-15d6-4820-877e-ae47fede2d00/clear[39m
[35m[HTTP][39m [90m{"id":"c4ede2c6-15d6-4820-877e-ae47fede2d00"}[39m
[35m[HTTP][39m [37m<-- POST /wd/hub/session/4cb0a493-801f-47e4-99f3-5a50eb98668f/element/c4ede2c6-15d6-4820-877e-ae47fede2d00/clear [39m[32m200[39m [90m45 ms - 27[39m
[35m[HTTP][39m [90m[39m
[35m[HTTP][39m [37m-->[39m [37mPOST[39m [37m/wd/hub/session/4cb0a493-801f-47e4-99f3-5a50eb98668f/element/c4ede2c6-15d6-4820-877e-ae47fede2d00/value[39m
[35m[HTTP][39m [90m{"id":"c4ede2c6-15d6-4820-877e-ae47fede2d00","text":"123456","value":["1","2","3","4","5","6"]}[39m
[35m[HTTP][39m [37m<-- POST /wd/hub/session/4cb0a493-801f-47e4-99f3-5a50eb98668f/element/c4ede2c6-15d6-4820-877e-ae47fede2d00/value [39m[32m200[39m [90m1050 ms - 12[39m
[35m[HTTP][39m [90m[39m
[35m[HTTP][39m [37m-->[39m [37mPOST[39m [37m/wd/hub/session/4cb0a493-801f-47e4-99f3-5a50eb98668f/timeouts[39m
[35m[HTTP][39m [90m{"implicit":50}[39m
[35m[HTTP][39m [37m<-- POST /wd/hub/session/4cb0a493-801f-47e4-99f3-5a50eb98668f/timeouts [39m[32m200[39m [90m4 ms - 14[39m
[35m[HTTP][39m [90m[39m
[35m[HTTP][39m [37m-->[39m [37mGET[39m [37m/wd/hub/session/4cb0a493-801f-47e4-99f3-5a50eb98668f/window/rect[39m
[35m[HTTP][39m [90m{}[39m
[35m[HTTP][39m [37m<-- GET /wd/hub/session/4cb0a493-801f-47e4-99f3-5a50eb98668f/window/rect [39m[32m200[39m [90m36 ms - 50[39m
[35m[HTTP][39m [90m[39m
[35m[HTTP][39m [37m-->[39m [37mPOST[39m [37m/wd/hub/session/4cb0a493-801f-47e4-99f3-5a50eb98668f/elements[39m
[35m[HTTP][39m [90m{"using":"xpath","value":"//hierarchy/android.widget.FrameLayout[1]/android.widget.LinearLayout[1]/android.widget.FrameLayout[1]/android.widget.LinearLayout[1]/android.widget.FrameLayout[1]/android.widget.FrameLayout[1]/android.view.ViewGroup[1]/android.view.ViewGroup[1]/android.view.ViewGroup[1]/android.view.ViewGroup[1]/android.support.v4.widget.DrawerLayout[1]/android.view.ViewGroup[1]/android.view.ViewGroup[1]/android.view.ViewGroup[1]/android.view.ViewGroup[1]/android.view.ViewGroup[1]/android.view.ViewGroup[1]/android.widget.ScrollView[1]/android.view.ViewGroup[1]/android.view.ViewGroup[7]/android.widget.TextView[1]"}[39m
[35m[HTTP][39m [37m<-- POST /wd/hub/session/4cb0a493-801f-47e4-99f3-5a50eb98668f/elements [39m[32m200[39m [90m647 ms - 139[39m
[35m[HTTP][39m [90m[39m
[35m[HTTP][39m [37m-->[39m [37mGET[39m [37m/wd/hub/session/4cb0a493-801f-47e4-99f3-5a50eb98668f/element/71f39164-bba4-445e-834e-04f38d8d07bc/location[39m
[35m[HTTP][39m [90m{}[39m
[35m[W3C (4cb0a493)][39m Driver proxy active, passing request on via HTTP proxy
[35m[WD Proxy][39m Replacing sessionId 0bfb9901-4357-470f-bc0a-24e70dd304b5 with 4cb0a493-801f-47e4-99f3-5a50eb98668f
[35m[HTTP][39m [37m<-- GET /wd/hub/session/4cb0a493-801f-47e4-99f3-5a50eb98668f/element/71f39164-bba4-445e-834e-04f38d8d07bc/location [39m[32m200[39m [90m23 ms - 90[39m
[35m[HTTP][39m [90m[39m
[35m[HTTP][39m [37m-->[39m [37mPOST[39m [37m/wd/hub/session/4cb0a493-801f-47e4-99f3-5a50eb98668f/timeouts[39m
[35m[HTTP][39m [90m{"implicit":30000}[39m
[35m[HTTP][39m [37m<-- POST /wd/hub/session/4cb0a493-801f-47e4-99f3-5a50eb98668f/timeouts [39m[32m200[39m [90m2 ms - 14[39m
[35m[HTTP][39m [90m[39m
[35m[HTTP][39m [37m-->[39m [37mPOST[39m [37m/wd/hub/session/4cb0a493-801f-47e4-99f3-5a50eb98668f/touch/perform[39m
[35m[HTTP][39m [90m{"actions":[{"action":"tap","options":{"x":1,"y":1,"element":"71f39164-bba4-445e-834e-04f38d8d07bc"}},{"action":"release","options":{}}]}[39m
[35m[UiAutomator2][39m calling get location: 71f39164-bba4-445e-834e-04f38d8d07bc
[35m[HTTP][39m [37m<-- POST /wd/hub/session/4cb0a493-801f-47e4-99f3-5a50eb98668f/touch/perform [39m[32m200[39m [90m51 ms - 14[39m
[35m[HTTP][39m [90m[39m
[35m[HTTP][39m [37m-->[39m [37mPOST[39m [37m/wd/hub/session/4cb0a493-801f-47e4-99f3-5a50eb98668f/timeouts[39m
[35m[HTTP][39m [90m{"implicit":50}[39m
[35m[HTTP][39m [37m<-- POST /wd/hub/session/4cb0a493-801f-47e4-99f3-5a50eb98668f/timeouts [39m[32m200[39m [90m2 ms - 14[39m
[35m[HTTP][39m [90m[39m
[35m[HTTP][39m [37m-->[39m [37mGET[39m [37m/wd/hub/session/4cb0a493-801f-47e4-99f3-5a50eb98668f/window/rect[39m
[35m[HTTP][39m [90m{}[39m
[35m[HTTP][39m [37m<-- GET /wd/hub/session/4cb0a493-801f-47e4-99f3-5a50eb98668f/window/rect [39m[32m200[39m [90m20 ms - 50[39m
[35m[HTTP][39m [90m[39m
[35m[HTTP][39m [37m-->[39m [37mPOST[39m [37m/wd/hub/session/4cb0a493-801f-47e4-99f3-5a50eb98668f/elements[39m
[35m[HTTP][39m [90m{"using":"-android uiautomator","value":"new UiSelector().className(\"android.widget.TextView\").text(\"10, 10th Cross Rd, Mahadeshwara Nagar, Stage 2, BTM Layout, Bengaluru, Karnataka 560076, India\")"}[39m
[35m[HTTP][39m [37m<-- POST /wd/hub/session/4cb0a493-801f-47e4-99f3-5a50eb98668f/elements [39m[32m200[39m [90m745 ms - 12[39m
[35m[HTTP][39m [90m[39m
[35m[HTTP][39m [37m-->[39m [37mPOST[39m [37m/wd/hub/session/4cb0a493-801f-47e4-99f3-5a50eb98668f/elements[39m
[35m[HTTP][39m [90m{"using":"-android uiautomator","value":"new UiSelector().className(\"android.widget.TextView\").text(\"10, 10th Cross Rd, Mahadeshwara Nagar, Stage 2, BTM Layout, Bengaluru, Karnataka 560076, India\")"}[39m
[35m[HTTP][39m [37m<-- POST /wd/hub/session/4cb0a493-801f-47e4-99f3-5a50eb98668f/elements [39m[32m200[39m [90m227 ms - 12[39m
[35m[HTTP][39m [90m[39m
[35m[HTTP][39m [37m-->[39m [37mPOST[39m [37m/wd/hub/session/4cb0a493-801f-47e4-99f3-5a50eb98668f/elements[39m
[35m[HTTP][39m [90m{"using":"-android uiautomator","value":"new UiSelector().className(\"android.widget.TextView\").text(\"10, 10th Cross Rd, Mahadeshwara Nagar, Stage 2, BTM Layout, Bengaluru, Karnataka 560076, India\")"}[39m
[35m[HTTP][39m [37m<-- POST /wd/hub/session/4cb0a493-801f-47e4-99f3-5a50eb98668f/elements [39m[32m200[39m [90m183 ms - 12[39m
[35m[HTTP][39m [90m[39m
[35m[HTTP][39m [37m-->[39m [37mPOST[39m [37m/wd/hub/session/4cb0a493-801f-47e4-99f3-5a50eb98668f/elements[39m
[35m[HTTP][39m [90m{"using":"-android uiautomator","value":"new UiSelector().className(\"android.widget.TextView\").text(\"10, 10th Cross Rd, Mahadeshwara Nagar, Stage 2, BTM Layout, Bengaluru, Karnataka 560076, India\")"}[39m
[35m[HTTP][39m [37m<-- POST /wd/hub/session/4cb0a493-801f-47e4-99f3-5a50eb98668f/elements [39m[32m200[39m [90m153 ms - 12[39m
[35m[HTTP][39m [90m[39m
[35m[HTTP][39m [37m-->[39m [37mPOST[39m [37m/wd/hub/session/4cb0a493-801f-47e4-99f3-5a50eb98668f/elements[39m
[35m[HTTP][39m [90m{"using":"-android uiautomator","value":"new UiSelector().className(\"android.widget.TextView\").text(\"10, 10th Cross Rd, Mahadeshwara Nagar, Stage 2, BTM Layout, Bengaluru, Karnataka 560076, India\")"}[39m
[35m[HTTP][39m [37m<-- POST /wd/hub/session/4cb0a493-801f-47e4-99f3-5a50eb98668f/elements [39m[32m200[39m [90m601 ms - 12[39m
[35m[HTTP][39m [90m[39m
[35m[HTTP][39m [37m-->[39m [37mPOST[39m [37m/wd/hub/session/4cb0a493-801f-47e4-99f3-5a50eb98668f/elements[39m
[35m[HTTP][39m [90m{"using":"-android uiautomator","value":"new UiSelector().className(\"android.widget.TextView\").text(\"10, 10th Cross Rd, Mahadeshwara Nagar, Stage 2, BTM Layout, Bengaluru, Karnataka 560076, India\")"}[39m
[35m[HTTP][39m [37m<-- POST /wd/hub/session/4cb0a493-801f-47e4-99f3-5a50eb98668f/elements [39m[32m200[39m [90m156 ms - 12[39m
[35m[HTTP][39m [90m[39m
[35m[HTTP][39m [37m-->[39m [37mPOST[39m [37m/wd/hub/session/4cb0a493-801f-47e4-99f3-5a50eb98668f/elements[39m
[35m[HTTP][39m [90m{"using":"-android uiautomator","value":"new UiSelector().className(\"android.widget.TextView\").text(\"10, 10th Cross Rd, Mahadeshwara Nagar, Stage 2, BTM Layout, Bengaluru, Karnataka 560076, India\")"}[39m
[35m[HTTP][39m [37m<-- POST /wd/hub/session/4cb0a493-801f-47e4-99f3-5a50eb98668f/elements [39m[32m200[39m [90m117 ms - 12[39m
[35m[HTTP][39m [90m[39m
[35m[HTTP][39m [37m-->[39m [37mPOST[39m [37m/wd/hub/session/4cb0a493-801f-47e4-99f3-5a50eb98668f/elements[39m
[35m[HTTP][39m [90m{"using":"-android uiautomator","value":"new UiSelector().className(\"android.widget.TextView\").text(\"10, 10th Cross Rd, Mahadeshwara Nagar, Stage 2, BTM Layout, Bengaluru, Karnataka 560076, India\")"}[39m
[35m[HTTP][39m [37m<-- POST /wd/hub/session/4cb0a493-801f-47e4-99f3-5a50eb98668f/elements [39m[32m200[39m [90m121 ms - 12[39m
[35m[HTTP][39m [90m[39m
[35m[HTTP][39m [37m-->[39m [37mPOST[39m [37m/wd/hub/session/4cb0a493-801f-47e4-99f3-5a50eb98668f/elements[39m
[35m[HTTP][39m [90m{"using":"-android uiautomator","value":"new UiSelector().className(\"android.widget.TextView\").text(\"10, 10th Cross Rd, Mahadeshwara Nagar, Stage 2, BTM Layout, Bengaluru, Karnataka 560076, India\")"}[39m
[35m[HTTP][39m [37m<-- POST /wd/hub/session/4cb0a493-801f-47e4-99f3-5a50eb98668f/elements [39m[32m200[39m [90m94 ms - 12[39m
[35m[HTTP][39m [90m[39m
[35m[HTTP][39m [37m-->[39m [37mPOST[39m [37m/wd/hub/session/4cb0a493-801f-47e4-99f3-5a50eb98668f/elements[39m
[35m[HTTP][39m [90m{"using":"-android uiautomator","value":"new UiSelector().className(\"android.widget.TextView\").text(\"10, 10th Cross Rd, Mahadeshwara Nagar, Stage 2, BTM Layout, Bengaluru, Karnataka 560076, India\")"}[39m
[35m[HTTP][39m [37m<-- POST /wd/hub/session/4cb0a493-801f-47e4-99f3-5a50eb98668f/elements [39m[32m200[39m [90m181 ms - 12[39m
[35m[HTTP][39m [90m[39m
[35m[HTTP][39m [37m-->[39m [37mPOST[39m [37m/wd/hub/session/4cb0a493-801f-47e4-99f3-5a50eb98668f/elements[39m
[35m[HTTP][39m [90m{"using":"-android uiautomator","value":"new UiSelector().className(\"android.widget.TextView\").text(\"10, 10th Cross Rd, Mahadeshwara Nagar, Stage 2, BTM Layout, Bengaluru, Karnataka 560076, India\")"}[39m
[35m[HTTP][39m [37m<-- POST /wd/hub/session/4cb0a493-801f-47e4-99f3-5a50eb98668f/elements [39m[32m200[39m [90m123 ms - 12[39m
[35m[HTTP][39m [90m[39m
[35m[HTTP][39m [37m-->[39m [37mPOST[39m [37m/wd/hub/session/4cb0a493-801f-47e4-99f3-5a50eb98668f/elements[39m
[35m[HTTP][39m [90m{"using":"-android uiautomator","value":"new UiSelector().className(\"android.widget.TextView\").text(\"10, 10th Cross Rd, Mahadeshwara Nagar, Stage 2, BTM Layout, Bengaluru, Karnataka 560076, India\")"}[39m
[35m[HTTP][39m [37m<-- POST /wd/hub/session/4cb0a493-801f-47e4-99f3-5a50eb98668f/elements [39m[32m200[39m [90m202 ms - 12[39m
[35m[HTTP][39m [90m[39m
[35m[HTTP][39m [37m-->[39m [37mPOST[39m [37m/wd/hub/session/4cb0a493-801f-47e4-99f3-5a50eb98668f/elements[39m
[35m[HTTP][39m [90m{"using":"-android uiautomator","value":"new UiSelector().className(\"android.widget.TextView\").text(\"10, 10th Cross Rd, Mahadeshwara Nagar, Stage 2, BTM Layout, Bengaluru, Karnataka 560076, India\")"}[39m
[35m[HTTP][39m [37m<-- POST /wd/hub/session/4cb0a493-801f-47e4-99f3-5a50eb98668f/elements [39m[32m200[39m [90m1928 ms - 12[39m
[35m[HTTP][39m [90m[39m
[35m[HTTP][39m [37m-->[39m [37mPOST[39m [37m/wd/hub/session/4cb0a493-801f-47e4-99f3-5a50eb98668f/elements[39m
[35m[HTTP][39m [90m{"using":"-android uiautomator","value":"new UiSelector().className(\"android.widget.TextView\").text(\"10, 10th Cross Rd, Mahadeshwara Nagar, Stage 2, BTM Layout, Bengaluru, Karnataka 560076, India\")"}[39m
[35m[HTTP][39m [37m<-- POST /wd/hub/session/4cb0a493-801f-47e4-99f3-5a50eb98668f/elements [39m[32m200[39m [90m601 ms - 12[39m
[35m[HTTP][39m [90m[39m
[35m[HTTP][39m [37m-->[39m [37mPOST[39m [37m/wd/hub/session/4cb0a493-801f-47e4-99f3-5a50eb98668f/elements[39m
[35m[HTTP][39m [90m{"using":"-android uiautomator","value":"new UiSelector().className(\"android.widget.TextView\").text(\"10, 10th Cross Rd, Mahadeshwara Nagar, Stage 2, BTM Layout, Bengaluru, Karnataka 560076, India\")"}[39m
[35m[HTTP][39m [37m<-- POST /wd/hub/session/4cb0a493-801f-47e4-99f3-5a50eb98668f/elements [39m[32m200[39m [90m63 ms - 12[39m
[35m[HTTP][39m [90m[39m
[35m[HTTP][39m [37m-->[39m [37mPOST[39m [37m/wd/hub/session/4cb0a493-801f-47e4-99f3-5a50eb98668f/elements[39m
[35m[HTTP][39m [90m{"using":"-android uiautomator","value":"new UiSelector().className(\"android.widget.TextView\").text(\"10, 10th Cross Rd, Mahadeshwara Nagar, Stage 2, BTM Layout, Bengaluru, Karnataka 560076, India\")"}[39m
[35m[HTTP][39m [37m<-- POST /wd/hub/session/4cb0a493-801f-47e4-99f3-5a50eb98668f/elements [39m[32m200[39m [90m55 ms - 12[39m
[35m[HTTP][39m [90m[39m
[35m[HTTP][39m [37m-->[39m [37mPOST[39m [37m/wd/hub/session/4cb0a493-801f-47e4-99f3-5a50eb98668f/elements[39m
[35m[HTTP][39m [90m{"using":"-android uiautomator","value":"new UiSelector().className(\"android.widget.TextView\").text(\"10, 10th Cross Rd, Mahadeshwara Nagar, Stage 2, BTM Layout, Bengaluru, Karnataka 560076, India\")"}[39m
[35m[HTTP][39m [37m<-- POST /wd/hub/session/4cb0a493-801f-47e4-99f3-5a50eb98668f/elements [39m[32m200[39m [90m2178 ms - 12[39m
[35m[HTTP][39m [90m[39m
[35m[HTTP][39m [37m-->[39m [37mPOST[39m [37m/wd/hub/session/4cb0a493-801f-47e4-99f3-5a50eb98668f/elements[39m
[35m[HTTP][39m [90m{"using":"-android uiautomator","value":"new UiSelector().className(\"android.widget.TextView\").text(\"10, 10th Cross Rd, Mahadeshwara Nagar, Stage 2, BTM Layout, Bengaluru, Karnataka 560076, India\")"}[39m
[35m[HTTP][39m [37m<-- POST /wd/hub/session/4cb0a493-801f-47e4-99f3-5a50eb98668f/elements [39m[32m200[39m [90m739 ms - 12[39m
[35m[HTTP][39m [90m[39m
[35m[HTTP][39m [37m-->[39m [37mPOST[39m [37m/wd/hub/session/4cb0a493-801f-47e4-99f3-5a50eb98668f/elements[39m
[35m[HTTP][39m [90m{"using":"-android uiautomator","value":"new UiSelector().className(\"android.widget.TextView\").text(\"10, 10th Cross Rd, Mahadeshwara Nagar, Stage 2, BTM Layout, Bengaluru, Karnataka 560076, India\")"}[39m
[35m[HTTP][39m [37m<-- POST /wd/hub/session/4cb0a493-801f-47e4-99f3-5a50eb98668f/elements [39m[32m200[39m [90m279 ms - 12[39m
[35m[HTTP][39m [90m[39m
[35m[HTTP][39m [37m-->[39m [37mPOST[39m [37m/wd/hub/session/4cb0a493-801f-47e4-99f3-5a50eb98668f/elements[39m
[35m[HTTP][39m [90m{"using":"-android uiautomator","value":"new UiSelector().className(\"android.widget.TextView\").text(\"10, 10th Cross Rd, Mahadeshwara Nagar, Stage 2, BTM Layout, Bengaluru, Karnataka 560076, India\")"}[39m
[35m[HTTP][39m [37m<-- POST /wd/hub/session/4cb0a493-801f-47e4-99f3-5a50eb98668f/elements [39m[32m200[39m [90m738 ms - 12[39m
[35m[HTTP][39m [90m[39m
[35m[HTTP][39m [37m-->[39m [37mPOST[39m [37m/wd/hub/session/4cb0a493-801f-47e4-99f3-5a50eb98668f/elements[39m
[35m[HTTP][39m [90m{"using":"-android uiautomator","value":"new UiSelector().className(\"android.widget.TextView\").text(\"10, 10th Cross Rd, Mahadeshwara Nagar, Stage 2, BTM Layout, Bengaluru, Karnataka 560076, India\")"}[39m
[35m[HTTP][39m [37m<-- POST /wd/hub/session/4cb0a493-801f-47e4-99f3-5a50eb98668f/elements [39m[32m200[39m [90m660 ms - 12[39m
[35m[HTTP][39m [90m[39m
[35m[HTTP][39m [37m-->[39m [37mPOST[39m [37m/wd/hub/session/4cb0a493-801f-47e4-99f3-5a50eb98668f/elements[39m
[35m[HTTP][39m [90m{"using":"-android uiautomator","value":"new UiSelector().className(\"android.widget.TextView\").text(\"10, 10th Cross Rd, Mahadeshwara Nagar, Stage 2, BTM Layout, Bengaluru, Karnataka 560076, India\")"}[39m
[35m[HTTP][39m [37m<-- POST /wd/hub/session/4cb0a493-801f-47e4-99f3-5a50eb98668f/elements [39m[32m200[39m [90m613 ms - 12[39m
[35m[HTTP][39m [90m[39m
[35m[HTTP][39m [37m-->[39m [37mPOST[39m [37m/wd/hub/session/4cb0a493-801f-47e4-99f3-5a50eb98668f/elements[39m
[35m[HTTP][39m [90m{"using":"-android uiautomator","value":"new UiSelector().className(\"android.widget.TextView\").text(\"10, 10th Cross Rd, Mahadeshwara Nagar, Stage 2, BTM Layout, Bengaluru, Karnataka 560076, India\")"}[39m
[35m[HTTP][39m [37m<-- POST /wd/hub/session/4cb0a493-801f-47e4-99f3-5a50eb98668f/elements [39m[32m200[39m [90m1011 ms - 12[39m
[35m[HTTP][39m [90m[39m
[35m[HTTP][39m [37m-->[39m [37mPOST[39m [37m/wd/hub/session/4cb0a493-801f-47e4-99f3-5a50eb98668f/elements[39m
[35m[HTTP][39m [90m{"using":"-android uiautomator","value":"new UiSelector().className(\"android.widget.TextView\").text(\"10, 10th Cross Rd, Mahadeshwara Nagar, Stage 2, BTM Layout, Bengaluru, Karnataka 560076, India\")"}[39m
[35m[HTTP][39m [37m<-- POST /wd/hub/session/4cb0a493-801f-47e4-99f3-5a50eb98668f/elements [39m[32m200[39m [90m2048 ms - 12[39m
[35m[HTTP][39m [90m[39m
[35m[HTTP][39m [37m-->[39m [37mPOST[39m [37m/wd/hub/session/4cb0a493-801f-47e4-99f3-5a50eb98668f/elements[39m
[35m[HTTP][39m [90m{"using":"-android uiautomator","value":"new UiSelector().className(\"android.widget.TextView\").text(\"10, 10th Cross Rd, Mahadeshwara Nagar, Stage 2, BTM Layout, Bengaluru, Karnataka 560076, India\")"}[39m
[35m[HTTP][39m [37m<-- POST /wd/hub/session/4cb0a493-801f-47e4-99f3-5a50eb98668f/elements [39m[32m200[39m [90m3374 ms - 12[39m
[35m[HTTP][39m [90m[39m
[35m[HTTP][39m [37m-->[39m [37mPOST[39m [37m/wd/hub/session/4cb0a493-801f-47e4-99f3-5a50eb98668f/elements[39m
[35m[HTTP][39m [90m{"using":"-android uiautomator","value":"new UiSelector().className(\"android.widget.TextView\").text(\"10, 10th Cross Rd, Mahadeshwara Nagar, Stage 2, BTM Layout, Bengaluru, Karnataka 560076, India\")"}[39m
[35m[HTTP][39m [37m<-- POST /wd/hub/session/4cb0a493-801f-47e4-99f3-5a50eb98668f/elements [39m[32m200[39m [90m150 ms - 12[39m
[35m[HTTP][39m [90m[39m
[35m[HTTP][39m [37m-->[39m [37mPOST[39m [37m/wd/hub/session/4cb0a493-801f-47e4-99f3-5a50eb98668f/elements[39m
[35m[HTTP][39m [90m{"using":"-android uiautomator","value":"new UiSelector().className(\"android.widget.TextView\").text(\"10, 10th Cross Rd, Mahadeshwara Nagar, Stage 2, BTM Layout, Bengaluru, Karnataka 560076, India\")"}[39m
[35m[HTTP][39m [37m<-- POST /wd/hub/session/4cb0a493-801f-47e4-99f3-5a50eb98668f/elements [39m[32m200[39m [90m163 ms - 12[39m
[35m[HTTP][39m [90m[39m
[35m[HTTP][39m [37m-->[39m [37mPOST[39m [37m/wd/hub/session/4cb0a493-801f-47e4-99f3-5a50eb98668f/elements[39m
[35m[HTTP][39m [90m{"using":"-android uiautomator","value":"new UiSelector().className(\"android.widget.TextView\").text(\"10, 10th Cross Rd, Mahadeshwara Nagar, Stage 2, BTM Layout, Bengaluru, Karnataka 560076, India\")"}[39m
[35m[HTTP][39m [37m<-- POST /wd/hub/session/4cb0a493-801f-47e4-99f3-5a50eb98668f/elements [39m[32m200[39m [90m126 ms - 12[39m
[35m[HTTP][39m [90m[39m
[35m[HTTP][39m [37m-->[39m [37mPOST[39m [37m/wd/hub/session/4cb0a493-801f-47e4-99f3-5a50eb98668f/elements[39m
[35m[HTTP][39m [90m{"using":"-android uiautomator","value":"new UiSelector().className(\"android.widget.TextView\").text(\"10, 10th Cross Rd, Mahadeshwara Nagar, Stage 2, BTM Layout, Bengaluru, Karnataka 560076, India\")"}[39m
[35m[HTTP][39m [37m<-- POST /wd/hub/session/4cb0a493-801f-47e4-99f3-5a50eb98668f/elements [39m[32m200[39m [90m187 ms - 12[39m
[35m[HTTP][39m [90m[39m
[35m[HTTP][39m [37m-->[39m [37mPOST[39m [37m/wd/hub/session/4cb0a493-801f-47e4-99f3-5a50eb98668f/elements[39m
[35m[HTTP][39m [90m{"using":"-android uiautomator","value":"new UiSelector().className(\"android.widget.TextView\").text(\"10, 10th Cross Rd, Mahadeshwara Nagar, Stage 2, BTM Layout, Bengaluru, Karnataka 560076, India\")"}[39m
[35m[HTTP][39m [37m<-- POST /wd/hub/session/4cb0a493-801f-47e4-99f3-5a50eb98668f/elements [39m[32m200[39m [90m129 ms - 12[39m
[35m[HTTP][39m [90m[39m
[35m[HTTP][39m [37m-->[39m [37mPOST[39m [37m/wd/hub/session/4cb0a493-801f-47e4-99f3-5a50eb98668f/elements[39m
[35m[HTTP][39m [90m{"using":"-android uiautomator","value":"new UiSelector().className(\"android.widget.TextView\").text(\"10, 10th Cross Rd, Mahadeshwara Nagar, Stage 2, BTM Layout, Bengaluru, Karnataka 560076, India\")"}[39m
[35m[HTTP][39m [37m<-- POST /wd/hub/session/4cb0a493-801f-47e4-99f3-5a50eb98668f/elements [39m[32m200[39m [90m90 ms - 12[39m
[35m[HTTP][39m [90m[39m
[35m[HTTP][39m [37m-->[39m [37mPOST[39m [37m/wd/hub/session/4cb0a493-801f-47e4-99f3-5a50eb98668f/elements[39m
[35m[HTTP][39m [90m{"using":"-android uiautomator","value":"new UiSelector().className(\"android.widget.TextView\").text(\"10, 10th Cross Rd, Mahadeshwara Nagar, Stage 2, BTM Layout, Bengaluru, Karnataka 560076, India\")"}[39m
[35m[HTTP][39m [37m<-- POST /wd/hub/session/4cb0a493-801f-47e4-99f3-5a50eb98668f/elements [39m[32m200[39m [90m174 ms - 12[39m
[35m[HTTP][39m [90m[39m
[35m[HTTP][39m [37m-->[39m [37mPOST[39m [37m/wd/hub/session/4cb0a493-801f-47e4-99f3-5a50eb98668f/elements[39m
[35m[HTTP][39m [90m{"using":"-android uiautomator","value":"new UiSelector().className(\"android.widget.TextView\").text(\"10, 10th Cross Rd, Mahadeshwara Nagar, Stage 2, BTM Layout, Bengaluru, Karnataka 560076, India\")"}[39m
[35m[HTTP][39m [37m<-- POST /wd/hub/session/4cb0a493-801f-47e4-99f3-5a50eb98668f/elements [39m[32m200[39m [90m155 ms - 12[39m
[35m[HTTP][39m [90m[39m
[35m[HTTP][39m [37m-->[39m [37mPOST[39m [37m/wd/hub/session/4cb0a493-801f-47e4-99f3-5a50eb98668f/elements[39m
[35m[HTTP][39m [90m{"using":"-android uiautomator","value":"new UiSelector().className(\"android.widget.TextView\").text(\"10, 10th Cross Rd, Mahadeshwara Nagar, Stage 2, BTM Layout, Bengaluru, Karnataka 560076, India\")"}[39m
[35m[HTTP][39m [37m<-- POST /wd/hub/session/4cb0a493-801f-47e4-99f3-5a50eb98668f/elements [39m[32m200[39m [90m222 ms - 12[39m
[35m[HTTP][39m [90m[39m
[35m[HTTP][39m [37m-->[39m [37mPOST[39m [37m/wd/hub/session/4cb0a493-801f-47e4-99f3-5a50eb98668f/elements[39m
[35m[HTTP][39m [90m{"using":"-android uiautomator","value":"new UiSelector().className(\"android.widget.TextView\").text(\"10, 10th Cross Rd, Mahadeshwara Nagar, Stage 2, BTM Layout, Bengaluru, Karnataka 560076, India\")"}[39m
[35m[HTTP][39m [37m<-- POST /wd/hub/session/4cb0a493-801f-47e4-99f3-5a50eb98668f/elements [39m[32m200[39m [90m296 ms - 12[39m
[35m[HTTP][39m [90m[39m
[35m[HTTP][39m [37m-->[39m [37mPOST[39m [37m/wd/hub/session/4cb0a493-801f-47e4-99f3-5a50eb98668f/elements[39m
[35m[HTTP][39m [90m{"using":"-android uiautomator","value":"new UiSelector().className(\"android.widget.TextView\").text(\"10, 10th Cross Rd, Mahadeshwara Nagar, Stage 2, BTM Layout, Bengaluru, Karnataka 560076, India\")"}[39m
[35m[HTTP][39m [37m<-- POST /wd/hub/session/4cb0a493-801f-47e4-99f3-5a50eb98668f/elements [39m[32m200[39m [90m160 ms - 12[39m
[35m[HTTP][39m [90m[39m
[35m[HTTP][39m [37m-->[39m [37mPOST[39m [37m/wd/hub/session/4cb0a493-801f-47e4-99f3-5a50eb98668f/elements[39m
[35m[HTTP][39m [90m{"using":"-android uiautomator","value":"new UiSelector().className(\"android.widget.TextView\").text(\"10, 10th Cross Rd, Mahadeshwara Nagar, Stage 2, BTM Layout, Bengaluru, Karnataka 560076, India\")"}[39m
[35m[HTTP][39m [37m<-- POST /wd/hub/session/4cb0a493-801f-47e4-99f3-5a50eb98668f/elements [39m[32m200[39m [90m378 ms - 12[39m
[35m[HTTP][39m [90m[39m
[35m[HTTP][39m [37m-->[39m [37mPOST[39m [37m/wd/hub/session/4cb0a493-801f-47e4-99f3-5a50eb98668f/elements[39m
[35m[HTTP][39m [90m{"using":"-android uiautomator","value":"new UiSelector().className(\"android.widget.TextView\").text(\"10, 10th Cross Rd, Mahadeshwara Nagar, Stage 2, BTM Layout, Bengaluru, Karnataka 560076, India\")"}[39m
[35m[HTTP][39m [37m<-- POST /wd/hub/session/4cb0a493-801f-47e4-99f3-5a50eb98668f/elements [39m[32m200[39m [90m185 ms - 12[39m
[35m[HTTP][39m [90m[39m
[35m[HTTP][39m [37m-->[39m [37mPOST[39m [37m/wd/hub/session/4cb0a493-801f-47e4-99f3-5a50eb98668f/elements[39m
[35m[HTTP][39m [90m{"using":"-android uiautomator","value":"new UiSelector().className(\"android.widget.TextView\").text(\"10, 10th Cross Rd, Mahadeshwara Nagar, Stage 2, BTM Layout, Bengaluru, Karnataka 560076, India\")"}[39m
[35m[HTTP][39m [37m<-- POST /wd/hub/session/4cb0a493-801f-47e4-99f3-5a50eb98668f/elements [39m[32m200[39m [90m147 ms - 12[39m
[35m[HTTP][39m [90m[39m
[35m[HTTP][39m [37m-->[39m [37mPOST[39m [37m/wd/hub/session/4cb0a493-801f-47e4-99f3-5a50eb98668f/elements[39m
[35m[HTTP][39m [90m{"using":"-android uiautomator","value":"new UiSelector().className(\"android.widget.TextView\").text(\"10, 10th Cross Rd, Mahadeshwara Nagar, Stage 2, BTM Layout, Bengaluru, Karnataka 560076, India\")"}[39m
[35m[HTTP][39m [37m<-- POST /wd/hub/session/4cb0a493-801f-47e4-99f3-5a50eb98668f/elements [39m[32m200[39m [90m555 ms - 12[39m
[35m[HTTP][39m [90m[39m
[35m[HTTP][39m [37m-->[39m [37mPOST[39m [37m/wd/hub/session/4cb0a493-801f-47e4-99f3-5a50eb98668f/elements[39m
[35m[HTTP][39m [90m{"using":"-android uiautomator","value":"new UiSelector().className(\"android.widget.TextView\").text(\"10, 10th Cross Rd, Mahadeshwara Nagar, Stage 2, BTM Layout, Bengaluru, Karnataka 560076, India\")"}[39m
[35m[HTTP][39m [37m<-- POST /wd/hub/session/4cb0a493-801f-47e4-99f3-5a50eb98668f/elements [39m[32m200[39m [90m6304 ms - 12[39m
[35m[HTTP][39m [90m[39m
[35m[HTTP][39m [37m-->[39m [37mPOST[39m [37m/wd/hub/session/4cb0a493-801f-47e4-99f3-5a50eb98668f/elements[39m
[35m[HTTP][39m [90m{"using":"-android uiautomator","value":"new UiSelector().className(\"android.widget.TextView\").text(\"10, 10th Cross Rd, Mahadeshwara Nagar, Stage 2, BTM Layout, Bengaluru, Karnataka 560076, India\")"}[39m
[35m[HTTP][39m [37m<-- POST /wd/hub/session/4cb0a493-801f-47e4-99f3-5a50eb98668f/elements [39m[32m200[39m [90m4784 ms - 12[39m
[35m[HTTP][39m [90m[39m
[35m[HTTP][39m [37m-->[39m [37mPOST[39m [37m/wd/hub/session/4cb0a493-801f-47e4-99f3-5a50eb98668f/timeouts[39m
[35m[HTTP][39m [90m{"implicit":30000}[39m
[35m[HTTP][39m [37m<-- POST /wd/hub/session/4cb0a493-801f-47e4-99f3-5a50eb98668f/timeouts [39m[32m200[39m [90m2 ms - 14[39m
[35m[HTTP][39m [90m[39m
[35m[HTTP][39m [37m-->[39m [37mGET[39m [37m/wd/hub/session/4cb0a493-801f-47e4-99f3-5a50eb98668f/context[39m
[35m[HTTP][39m [90m{}[39m
[35m[HTTP][39m [37m<-- GET /wd/hub/session/4cb0a493-801f-47e4-99f3-5a50eb98668f/context [39m[32m200[39m [90m2 ms - 22[39m
[35m[HTTP][39m [90m[39m
[35m[HTTP][39m [37m-->[39m [37mGET[39m [37m/wd/hub/session/4cb0a493-801f-47e4-99f3-5a50eb98668f/contexts[39m
[35m[HTTP][39m [90m{}[39m
[35m[HTTP][39m [37m<-- GET /wd/hub/session/4cb0a493-801f-47e4-99f3-5a50eb98668f/contexts [39m[32m200[39m [90m69 ms - 24[39m
[35m[HTTP][39m [90m[39m
[35m[HTTP][39m [37m-->[39m [37mPOST[39m [37m/wd/hub/session/4cb0a493-801f-47e4-99f3-5a50eb98668f/context[39m
[35m[HTTP][39m [90m{"name":"NATIVE_APP"}[39m
[35m[HTTP][39m [37m<-- POST /wd/hub/session/4cb0a493-801f-47e4-99f3-5a50eb98668f/context [39m[32m200[39m [90m2 ms - 14[39m
[35m[HTTP][39m [90m[39m
[35m[HTTP][39m [37m-->[39m [37mGET[39m [37m/wd/hub/session/4cb0a493-801f-47e4-99f3-5a50eb98668f/screenshot[39m
[35m[HTTP][39m [90m{}[39m
[35m[HTTP][39m [37m<-- GET /wd/hub/session/4cb0a493-801f-47e4-99f3-5a50eb98668f/screenshot [39m[32m200[39m [90m587 ms - 229628[39m
[35m[HTTP][39m [90m[39m
[35m[HTTP][39m [37m-->[39m [37mPOST[39m [37m/wd/hub/session/4cb0a493-801f-47e4-99f3-5a50eb98668f/context[39m
[35m[HTTP][39m [90m{"name":"NATIVE_APP"}[39m
[35m[HTTP][39m [37m<-- POST /wd/hub/session/4cb0a493-801f-47e4-99f3-5a50eb98668f/context [39m[32m200[39m [90m2 ms - 14[39m
[35m[HTTP][39m [90m[39m
[35m[HTTP][39m [37m-->[39m [37mGET[39m [37m/wd/hub/session/4cb0a493-801f-47e4-99f3-5a50eb98668f/context[39m
[35m[HTTP][39m [90m{}[39m
[35m[HTTP][39m [37m<-- GET /wd/hub/session/4cb0a493-801f-47e4-99f3-5a50eb98668f/context [39m[32m200[39m [90m4 ms - 22[39m
[35m[HTTP][39m [90m[39m
[35m[HTTP][39m [37m-->[39m [37mGET[39m [37m/wd/hub/session/4cb0a493-801f-47e4-99f3-5a50eb98668f/contexts[39m
[35m[HTTP][39m [90m{}[39m
[35m[HTTP][39m [37m<-- GET /wd/hub/session/4cb0a493-801f-47e4-99f3-5a50eb98668f/contexts [39m[32m200[39m [90m40 ms - 24[39m
[35m[HTTP][39m [90m[39m
[35m[HTTP][39m [37m-->[39m [37mPOST[39m [37m/wd/hub/session/4cb0a493-801f-47e4-99f3-5a50eb98668f/context[39m
[35m[HTTP][39m [90m{"name":"NATIVE_APP"}[39m
[35m[HTTP][39m [37m<-- POST /wd/hub/session/4cb0a493-801f-47e4-99f3-5a50eb98668f/context [39m[32m200[39m [90m3 ms - 14[39m
[35m[HTTP][39m [90m[39m
[35m[HTTP][39m [37m-->[39m [37mGET[39m [37m/wd/hub/session/4cb0a493-801f-47e4-99f3-5a50eb98668f/screenshot[39m
[35m[HTTP][39m [90m{}[39m
[35m[HTTP][39m [37m<-- GET /wd/hub/session/4cb0a493-801f-47e4-99f3-5a50eb98668f/screenshot [39m[32m200[39m [90m515 ms - 229628[39m
[35m[HTTP][39m [90m[39m
[35m[HTTP][39m [37m-->[39m [37mPOST[39m [37m/wd/hub/session/4cb0a493-801f-47e4-99f3-5a50eb98668f/context[39m
[35m[HTTP][39m [90m{"name":"NATIVE_APP"}[39m
[35m[HTTP][39m [37m<-- POST /wd/hub/session/4cb0a493-801f-47e4-99f3-5a50eb98668f/context [39m[32m200[39m [90m2 ms - 14[39m
[35m[HTTP][39m [90m[39m
[35m[HTTP][39m [37m-->[39m [37mDELETE[39m [37m/wd/hub/session/4cb0a493-801f-47e4-99f3-5a50eb98668f[39m
[35m[HTTP][39m [90m{}[39m
[35m[Appium][39m Removing session 4cb0a493-801f-47e4-99f3-5a50eb98668f from our master session list
[35m[ADB][39m io.nativebase.market.geekyants.taxiapprider was successfully uninstalled
[35m[UiAutomator2][39m Restoring hidden api policy to the device default configuration
[35m[HTTP][39m [37m<-- DELETE /wd/hub/session/4cb0a493-801f-47e4-99f3-5a50eb98668f [39m[32m200[39m [90m1958 ms - 14[39m
[35m[HTTP][39m [90m[39m
