[35m[Appium][39m Welcome to Appium v1.14.0
[35m[Appium][39m Non-default server args:
[35m[Appium][39m   port: 50949
[35m[Appium][39m   loglevel: info
[35m[Appium][39m   chromeDriverPort: 50953
[35m[Appium][39m   tmpDir: /var/folders/38/x4crs4qx0hn0r3_szny2t9sw0000gn/T//Katalon/Appium/Temp1565769109604
[35m[Appium][39m Appium REST http interface listener started on 0.0.0.0:50949
[35m[HTTP][39m [37m-->[39m [37mGET[39m [37m/wd/hub/status[39m
[35m[HTTP][39m [90m{}[39m
[35m[HTTP][39m [37m<-- GET /wd/hub/status [39m[32m200[39m [90m8 ms - 68[39m
[35m[HTTP][39m [90m[39m
[35m[HTTP][39m [37m-->[39m [37mPOST[39m [37m/wd/hub/session[39m
[35m[HTTP][39m [90m{"desiredCapabilities":{"app":"/Users/sumittulsyan/Downloads/app-release.apk","noReset":false,"deviceName":"emulator-5556 (Android SDK built for x86 - Android 7.0)","fullReset":true,"platform":"ANDROID","newCommandTimeout":1800,"platformVersion":"7.0","automationName":"uiautomator2","autoGrantPermissions":true,"platformName":"Android","udid":"emulator-5556","systemPort":50948},"capabilities":{"firstMatch":[{"appium:app":"/Users/sumittulsyan/Downloads/app-release.apk","appium:autoGrantPermissions":true,"appium:automationName":"uiautomator2","appium:deviceName":"emulator-5556 (Android SDK built for x86 - Android 7.0)","appium:fullReset":true,"appium:newCommandTimeout":1800,"appium:noReset":false,"platform":"ANDROID","platformName":"android","appium:platformVersion":"7.0","appium:systemPort":50948,"appium:udid":"emulator-5556"}]}}[39m
[35m[BaseDriver][39m The capabilities ["platform"] are not standard capabilities and should have an extension prefix
[35m[Appium][39m Appium v1.14.0 creating new AndroidUiautomator2Driver (v1.33.1) session
[35m[Appium][39m Capabilities:
[35m[Appium][39m   platform: ANDROID
[35m[Appium][39m   platformName: android
[35m[Appium][39m   app: /Users/sumittulsyan/Downloads/app-release.apk
[35m[Appium][39m   autoGrantPermissions: true
[35m[Appium][39m   automationName: uiautomator2
[35m[Appium][39m   deviceName: emulator-5556 (Android SDK built for x86 - Android 7.0)
[35m[Appium][39m   fullReset: true
[35m[Appium][39m   newCommandTimeout: 1800
[35m[Appium][39m   noReset: false
[35m[Appium][39m   platformVersion: 7.0
[35m[Appium][39m   systemPort: 50948
[35m[Appium][39m   udid: emulator-5556
[35m[BaseDriver][39m The following capabilities were provided, but are not recognized by Appium:
[35m[BaseDriver][39m   platform
[35m[BaseDriver][39m Session created with session id: 9d727351-41c0-49f2-b311-7068f911f0d1
[35m[BaseDriver][39m Using local app '/Users/sumittulsyan/Downloads/app-release.apk'
[35m[ADB][39m Found 1 'build-tools' folders under '/Users/sumittulsyan/.katalon/tools/android_sdk' (newest first):
[35m[ADB][39m     /Users/sumittulsyan/.katalon/tools/android_sdk/build-tools/29.0.1
[35m[ADB][39m Using 'adb' from '/Users/sumittulsyan/.katalon/tools/android_sdk/platform-tools/adb'
[35m[AndroidDriver][39m Retrieving device list
[35m[AndroidDriver][39m Using device: emulator-5556
[35m[ADB][39m Using 'adb' from '/Users/sumittulsyan/.katalon/tools/android_sdk/platform-tools/adb'
[35m[ADB][39m Using 'apkanalyzer' from '/Users/sumittulsyan/.katalon/tools/android_sdk/tools/bin/apkanalyzer'
[35m[ADB][39m Package name: 'io.nativebase.market.geekyants.taxiappdriver'
[35m[ADB][39m Main activity name: 'io.nativebase.market.geekyants.taxiappdriver.MainActivity'
[35m[ADB][39m Using 'aapt' from '/Users/sumittulsyan/.katalon/tools/android_sdk/build-tools/29.0.1/aapt'
[35m[ADB][39m Using 'apksigner' from '/Users/sumittulsyan/.katalon/tools/android_sdk/build-tools/29.0.1/apksigner'
[35m[UiAutomator2][39m Server packages are not going to be (re)installed
[35m[ADB][39m io.nativebase.market.geekyants.taxiappdriver was not uninstalled, because it was not present on the device
[35m[ADB][39m The application at '/Users/sumittulsyan/Downloads/app-release.apk' is already cached to '/data/local/tmp/appium_cache/0a4c298d81fa9fed8129162356ad8641ab361e22.apk'
[35m[ADB][39m The installation of 'app-release.apk' took 10.051s
[35m[UiAutomator2][39m Starting UIAutomator2 server 3.7.0
[35m[UiAutomator2][39m Using UIAutomator2 server from '/Users/sumittulsyan/Downloads/appium-mobile-test/node_modules/appium-uiautomator2-server/apks/appium-uiautomator2-server-v3.7.0.apk' and test from '/Users/sumittulsyan/Downloads/appium-mobile-test/node_modules/appium-uiautomator2-server/apks/appium-uiautomator2-server-debug-androidTest.apk'
[35m[UiAutomator2][39m Waiting up to 30000ms for UiAutomator2 to be online...
[35m[WD Proxy][39m Got an unexpected response: {"code":"ECONNRESET"}
[35m[WD Proxy][39m Got an unexpected response: {"code":"ECONNRESET"}
[35m[AndroidDriver][39m Screen already unlocked, doing nothing
[35m[UiAutomator2][39m UiAutomator2 did not start the activity we were waiting for, 'io.nativebase.market.geekyants.taxiappdriver/io.nativebase.market.geekyants.taxiappdriver.MainActivity'. Starting it ourselves
[35m[Appium][39m New AndroidUiautomator2Driver session created successfully, session 9d727351-41c0-49f2-b311-7068f911f0d1 added to master session list
[35m[HTTP][39m [37m<-- POST /wd/hub/session [39m[32m200[39m [90m31314 ms - 1272[39m
[35m[HTTP][39m [90m[39m
[35m[HTTP][39m [37m-->[39m [37mGET[39m [37m/wd/hub/session/9d727351-41c0-49f2-b311-7068f911f0d1[39m
[35m[HTTP][39m [90m{}[39m
[35m[HTTP][39m [37m<-- GET /wd/hub/session/9d727351-41c0-49f2-b311-7068f911f0d1 [39m[32m200[39m [90m145 ms - 1204[39m
[35m[HTTP][39m [90m[39m
[35m[HTTP][39m [37m-->[39m [37mGET[39m [37m/wd/hub/session/9d727351-41c0-49f2-b311-7068f911f0d1[39m
[35m[HTTP][39m [90m{}[39m
[35m[HTTP][39m [37m<-- GET /wd/hub/session/9d727351-41c0-49f2-b311-7068f911f0d1 [39m[32m200[39m [90m67 ms - 1204[39m
[35m[HTTP][39m [90m[39m
[35m[HTTP][39m [37m-->[39m [37mGET[39m [37m/wd/hub/status[39m
[35m[HTTP][39m [90m{}[39m
[35m[HTTP][39m [37m<-- GET /wd/hub/status [39m[32m200[39m [90m1 ms - 68[39m
[35m[HTTP][39m [90m[39m
[35m[HTTP][39m [37m-->[39m [37mPOST[39m [37m/wd/hub/session/9d727351-41c0-49f2-b311-7068f911f0d1/timeouts[39m
[35m[HTTP][39m [90m{"implicit":30000}[39m
[35m[HTTP][39m [37m<-- POST /wd/hub/session/9d727351-41c0-49f2-b311-7068f911f0d1/timeouts [39m[32m200[39m [90m5 ms - 14[39m
[35m[HTTP][39m [90m[39m
[35m[HTTP][39m [37m-->[39m [37mPOST[39m [37m/wd/hub/session/9d727351-41c0-49f2-b311-7068f911f0d1/timeouts[39m
[35m[HTTP][39m [90m{"implicit":50}[39m
[35m[HTTP][39m [37m<-- POST /wd/hub/session/9d727351-41c0-49f2-b311-7068f911f0d1/timeouts [39m[32m200[39m [90m3 ms - 14[39m
[35m[HTTP][39m [90m[39m
[35m[HTTP][39m [37m-->[39m [37mGET[39m [37m/wd/hub/session/9d727351-41c0-49f2-b311-7068f911f0d1/window/rect[39m
[35m[HTTP][39m [90m{}[39m
[35m[HTTP][39m [37m<-- GET /wd/hub/session/9d727351-41c0-49f2-b311-7068f911f0d1/window/rect [39m[32m200[39m [90m45 ms - 50[39m
[35m[HTTP][39m [90m[39m
[35m[HTTP][39m [37m-->[39m [37mPOST[39m [37m/wd/hub/session/9d727351-41c0-49f2-b311-7068f911f0d1/elements[39m
[35m[HTTP][39m [90m{"using":"-android uiautomator","value":"new UiSelector().className(\"android.widget.TextView\").text(\"Sign In\")"}[39m
[35m[HTTP][39m [37m<-- POST /wd/hub/session/9d727351-41c0-49f2-b311-7068f911f0d1/elements [39m[32m200[39m [90m117 ms - 12[39m
[35m[HTTP][39m [90m[39m
[35m[HTTP][39m [37m-->[39m [37mPOST[39m [37m/wd/hub/session/9d727351-41c0-49f2-b311-7068f911f0d1/elements[39m
[35m[HTTP][39m [90m{"using":"-android uiautomator","value":"new UiSelector().className(\"android.widget.TextView\").text(\"Sign In\")"}[39m
[35m[HTTP][39m [37m<-- POST /wd/hub/session/9d727351-41c0-49f2-b311-7068f911f0d1/elements [39m[32m200[39m [90m138 ms - 12[39m
[35m[HTTP][39m [90m[39m
[35m[HTTP][39m [37m-->[39m [37mPOST[39m [37m/wd/hub/session/9d727351-41c0-49f2-b311-7068f911f0d1/elements[39m
[35m[HTTP][39m [90m{"using":"-android uiautomator","value":"new UiSelector().className(\"android.widget.TextView\").text(\"Sign In\")"}[39m
[35m[HTTP][39m [37m<-- POST /wd/hub/session/9d727351-41c0-49f2-b311-7068f911f0d1/elements [39m[32m200[39m [90m82 ms - 12[39m
[35m[HTTP][39m [90m[39m
[35m[HTTP][39m [37m-->[39m [37mPOST[39m [37m/wd/hub/session/9d727351-41c0-49f2-b311-7068f911f0d1/elements[39m
[35m[HTTP][39m [90m{"using":"-android uiautomator","value":"new UiSelector().className(\"android.widget.TextView\").text(\"Sign In\")"}[39m
[35m[HTTP][39m [37m<-- POST /wd/hub/session/9d727351-41c0-49f2-b311-7068f911f0d1/elements [39m[32m200[39m [90m614 ms - 12[39m
[35m[HTTP][39m [90m[39m
[35m[HTTP][39m [37m-->[39m [37mPOST[39m [37m/wd/hub/session/9d727351-41c0-49f2-b311-7068f911f0d1/elements[39m
[35m[HTTP][39m [90m{"using":"-android uiautomator","value":"new UiSelector().className(\"android.widget.TextView\").text(\"Sign In\")"}[39m
[35m[HTTP][39m [37m<-- POST /wd/hub/session/9d727351-41c0-49f2-b311-7068f911f0d1/elements [39m[32m200[39m [90m66 ms - 12[39m
[35m[HTTP][39m [90m[39m
[35m[HTTP][39m [37m-->[39m [37mPOST[39m [37m/wd/hub/session/9d727351-41c0-49f2-b311-7068f911f0d1/elements[39m
[35m[HTTP][39m [90m{"using":"-android uiautomator","value":"new UiSelector().className(\"android.widget.TextView\").text(\"Sign In\")"}[39m
[35m[HTTP][39m [37m<-- POST /wd/hub/session/9d727351-41c0-49f2-b311-7068f911f0d1/elements [39m[32m200[39m [90m140 ms - 12[39m
[35m[HTTP][39m [90m[39m
[35m[HTTP][39m [37m-->[39m [37mPOST[39m [37m/wd/hub/session/9d727351-41c0-49f2-b311-7068f911f0d1/elements[39m
[35m[HTTP][39m [90m{"using":"-android uiautomator","value":"new UiSelector().className(\"android.widget.TextView\").text(\"Sign In\")"}[39m
[35m[HTTP][39m [37m<-- POST /wd/hub/session/9d727351-41c0-49f2-b311-7068f911f0d1/elements [39m[32m200[39m [90m580 ms - 12[39m
[35m[HTTP][39m [90m[39m
[35m[HTTP][39m [37m-->[39m [37mPOST[39m [37m/wd/hub/session/9d727351-41c0-49f2-b311-7068f911f0d1/elements[39m
[35m[HTTP][39m [90m{"using":"-android uiautomator","value":"new UiSelector().className(\"android.widget.TextView\").text(\"Sign In\")"}[39m
[35m[HTTP][39m [37m<-- POST /wd/hub/session/9d727351-41c0-49f2-b311-7068f911f0d1/elements [39m[32m200[39m [90m544 ms - 12[39m
[35m[HTTP][39m [90m[39m
[35m[HTTP][39m [37m-->[39m [37mPOST[39m [37m/wd/hub/session/9d727351-41c0-49f2-b311-7068f911f0d1/elements[39m
[35m[HTTP][39m [90m{"using":"-android uiautomator","value":"new UiSelector().className(\"android.widget.TextView\").text(\"Sign In\")"}[39m
[35m[HTTP][39m [37m<-- POST /wd/hub/session/9d727351-41c0-49f2-b311-7068f911f0d1/elements [39m[32m200[39m [90m561 ms - 12[39m
[35m[HTTP][39m [90m[39m
[35m[HTTP][39m [37m-->[39m [37mPOST[39m [37m/wd/hub/session/9d727351-41c0-49f2-b311-7068f911f0d1/elements[39m
[35m[HTTP][39m [90m{"using":"-android uiautomator","value":"new UiSelector().className(\"android.widget.TextView\").text(\"Sign In\")"}[39m
[35m[HTTP][39m [37m<-- POST /wd/hub/session/9d727351-41c0-49f2-b311-7068f911f0d1/elements [39m[32m200[39m [90m582 ms - 12[39m
[35m[HTTP][39m [90m[39m
[35m[HTTP][39m [37m-->[39m [37mPOST[39m [37m/wd/hub/session/9d727351-41c0-49f2-b311-7068f911f0d1/elements[39m
[35m[HTTP][39m [90m{"using":"-android uiautomator","value":"new UiSelector().className(\"android.widget.TextView\").text(\"Sign In\")"}[39m
[35m[HTTP][39m [37m<-- POST /wd/hub/session/9d727351-41c0-49f2-b311-7068f911f0d1/elements [39m[32m200[39m [90m1561 ms - 139[39m
[35m[HTTP][39m [90m[39m
[35m[HTTP][39m [37m-->[39m [37mGET[39m [37m/wd/hub/session/9d727351-41c0-49f2-b311-7068f911f0d1/element/e259b213-0be0-4009-8527-0d0613476361/location[39m
[35m[HTTP][39m [90m{}[39m
[35m[W3C (9d727351)][39m Driver proxy active, passing request on via HTTP proxy
[35m[WD Proxy][39m Replacing sessionId 19037e46-cc45-4cad-8398-1371b62ed849 with 9d727351-41c0-49f2-b311-7068f911f0d1
[35m[HTTP][39m [37m<-- GET /wd/hub/session/9d727351-41c0-49f2-b311-7068f911f0d1/element/e259b213-0be0-4009-8527-0d0613476361/location [39m[32m200[39m [90m47 ms - 90[39m
[35m[HTTP][39m [90m[39m
[35m[HTTP][39m [37m-->[39m [37mPOST[39m [37m/wd/hub/session/9d727351-41c0-49f2-b311-7068f911f0d1/timeouts[39m
[35m[HTTP][39m [90m{"implicit":30000}[39m
[35m[HTTP][39m [37m<-- POST /wd/hub/session/9d727351-41c0-49f2-b311-7068f911f0d1/timeouts [39m[32m200[39m [90m4 ms - 14[39m
[35m[HTTP][39m [90m[39m
[35m[HTTP][39m [37m-->[39m [37mPOST[39m [37m/wd/hub/session/9d727351-41c0-49f2-b311-7068f911f0d1/touch/perform[39m
[35m[HTTP][39m [90m{"actions":[{"action":"tap","options":{"x":1,"y":1,"element":"e259b213-0be0-4009-8527-0d0613476361"}},{"action":"release","options":{}}]}[39m
[35m[UiAutomator2][39m calling get location: e259b213-0be0-4009-8527-0d0613476361
[35m[HTTP][39m [37m<-- POST /wd/hub/session/9d727351-41c0-49f2-b311-7068f911f0d1/touch/perform [39m[32m200[39m [90m1547 ms - 14[39m
[35m[HTTP][39m [90m[39m
[35m[HTTP][39m [37m-->[39m [37mPOST[39m [37m/wd/hub/session/9d727351-41c0-49f2-b311-7068f911f0d1/timeouts[39m
[35m[HTTP][39m [90m{"implicit":50}[39m
[35m[HTTP][39m [37m<-- POST /wd/hub/session/9d727351-41c0-49f2-b311-7068f911f0d1/timeouts [39m[32m200[39m [90m3 ms - 14[39m
[35m[HTTP][39m [90m[39m
[35m[HTTP][39m [37m-->[39m [37mGET[39m [37m/wd/hub/session/9d727351-41c0-49f2-b311-7068f911f0d1/window/rect[39m
[35m[HTTP][39m [90m{}[39m
[35m[HTTP][39m [37m<-- GET /wd/hub/session/9d727351-41c0-49f2-b311-7068f911f0d1/window/rect [39m[32m200[39m [90m153 ms - 50[39m
[35m[HTTP][39m [90m[39m
[35m[HTTP][39m [37m-->[39m [37mPOST[39m [37m/wd/hub/session/9d727351-41c0-49f2-b311-7068f911f0d1/elements[39m
[35m[HTTP][39m [90m{"using":"-android uiautomator","value":"new UiSelector().className(\"android.widget.EditText\").text(\"Email\")"}[39m
[35m[HTTP][39m [37m<-- POST /wd/hub/session/9d727351-41c0-49f2-b311-7068f911f0d1/elements [39m[32m200[39m [90m213 ms - 139[39m
[35m[HTTP][39m [90m[39m
[35m[HTTP][39m [37m-->[39m [37mGET[39m [37m/wd/hub/session/9d727351-41c0-49f2-b311-7068f911f0d1/element/707a9ac3-14a8-4c4a-b1d9-ad7dc74d28ae/location[39m
[35m[HTTP][39m [90m{}[39m
[35m[W3C (9d727351)][39m Driver proxy active, passing request on via HTTP proxy
[35m[WD Proxy][39m Replacing sessionId 19037e46-cc45-4cad-8398-1371b62ed849 with 9d727351-41c0-49f2-b311-7068f911f0d1
[35m[HTTP][39m [37m<-- GET /wd/hub/session/9d727351-41c0-49f2-b311-7068f911f0d1/element/707a9ac3-14a8-4c4a-b1d9-ad7dc74d28ae/location [39m[32m200[39m [90m299 ms - 89[39m
[35m[HTTP][39m [90m[39m
[35m[HTTP][39m [37m-->[39m [37mPOST[39m [37m/wd/hub/session/9d727351-41c0-49f2-b311-7068f911f0d1/timeouts[39m
[35m[HTTP][39m [90m{"implicit":30000}[39m
[35m[HTTP][39m [37m<-- POST /wd/hub/session/9d727351-41c0-49f2-b311-7068f911f0d1/timeouts [39m[32m200[39m [90m2 ms - 14[39m
[35m[HTTP][39m [90m[39m
[35m[HTTP][39m [37m-->[39m [37mPOST[39m [37m/wd/hub/session/9d727351-41c0-49f2-b311-7068f911f0d1/element/707a9ac3-14a8-4c4a-b1d9-ad7dc74d28ae/clear[39m
[35m[HTTP][39m [90m{"id":"707a9ac3-14a8-4c4a-b1d9-ad7dc74d28ae"}[39m
[35m[HTTP][39m [37m<-- POST /wd/hub/session/9d727351-41c0-49f2-b311-7068f911f0d1/element/707a9ac3-14a8-4c4a-b1d9-ad7dc74d28ae/clear [39m[32m200[39m [90m75 ms - 27[39m
[35m[HTTP][39m [90m[39m
[35m[HTTP][39m [37m-->[39m [37mPOST[39m [37m/wd/hub/session/9d727351-41c0-49f2-b311-7068f911f0d1/element/707a9ac3-14a8-4c4a-b1d9-ad7dc74d28ae/value[39m
[35m[HTTP][39m [90m{"id":"707a9ac3-14a8-4c4a-b1d9-ad7dc74d28ae","text":"taxidriver@gmail.com","value":["t","a","x","i","d","r","i","v","e","r","@","g","m","a","i","l",".","c","o","m"]}[39m
[35m[HTTP][39m [37m<-- POST /wd/hub/session/9d727351-41c0-49f2-b311-7068f911f0d1/element/707a9ac3-14a8-4c4a-b1d9-ad7dc74d28ae/value [39m[32m200[39m [90m1075 ms - 12[39m
[35m[HTTP][39m [90m[39m
[35m[HTTP][39m [37m-->[39m [37mPOST[39m [37m/wd/hub/session/9d727351-41c0-49f2-b311-7068f911f0d1/timeouts[39m
[35m[HTTP][39m [90m{"implicit":50}[39m
[35m[HTTP][39m [37m<-- POST /wd/hub/session/9d727351-41c0-49f2-b311-7068f911f0d1/timeouts [39m[32m200[39m [90m3 ms - 14[39m
[35m[HTTP][39m [90m[39m
[35m[HTTP][39m [37m-->[39m [37mGET[39m [37m/wd/hub/session/9d727351-41c0-49f2-b311-7068f911f0d1/window/rect[39m
[35m[HTTP][39m [90m{}[39m
[35m[HTTP][39m [37m<-- GET /wd/hub/session/9d727351-41c0-49f2-b311-7068f911f0d1/window/rect [39m[32m200[39m [90m22 ms - 50[39m
[35m[HTTP][39m [90m[39m
[35m[HTTP][39m [37m-->[39m [37mPOST[39m [37m/wd/hub/session/9d727351-41c0-49f2-b311-7068f911f0d1/elements[39m
[35m[HTTP][39m [90m{"using":"-android uiautomator","value":"new UiSelector().className(\"android.widget.EditText\").text(\"Password\")"}[39m
[35m[HTTP][39m [37m<-- POST /wd/hub/session/9d727351-41c0-49f2-b311-7068f911f0d1/elements [39m[32m200[39m [90m424 ms - 139[39m
[35m[HTTP][39m [90m[39m
[35m[HTTP][39m [37m-->[39m [37mGET[39m [37m/wd/hub/session/9d727351-41c0-49f2-b311-7068f911f0d1/element/0b7196da-1b07-4b56-93bc-93fa5efc38a7/location[39m
[35m[HTTP][39m [90m{}[39m
[35m[W3C (9d727351)][39m Driver proxy active, passing request on via HTTP proxy
[35m[WD Proxy][39m Replacing sessionId 19037e46-cc45-4cad-8398-1371b62ed849 with 9d727351-41c0-49f2-b311-7068f911f0d1
[35m[HTTP][39m [37m<-- GET /wd/hub/session/9d727351-41c0-49f2-b311-7068f911f0d1/element/0b7196da-1b07-4b56-93bc-93fa5efc38a7/location [39m[32m200[39m [90m40 ms - 90[39m
[35m[HTTP][39m [90m[39m
[35m[HTTP][39m [37m-->[39m [37mPOST[39m [37m/wd/hub/session/9d727351-41c0-49f2-b311-7068f911f0d1/timeouts[39m
[35m[HTTP][39m [90m{"implicit":30000}[39m
[35m[HTTP][39m [37m<-- POST /wd/hub/session/9d727351-41c0-49f2-b311-7068f911f0d1/timeouts [39m[32m200[39m [90m6 ms - 14[39m
[35m[HTTP][39m [90m[39m
[35m[HTTP][39m [37m-->[39m [37mPOST[39m [37m/wd/hub/session/9d727351-41c0-49f2-b311-7068f911f0d1/element/0b7196da-1b07-4b56-93bc-93fa5efc38a7/clear[39m
[35m[HTTP][39m [90m{"id":"0b7196da-1b07-4b56-93bc-93fa5efc38a7"}[39m
[35m[HTTP][39m [37m<-- POST /wd/hub/session/9d727351-41c0-49f2-b311-7068f911f0d1/element/0b7196da-1b07-4b56-93bc-93fa5efc38a7/clear [39m[32m200[39m [90m45 ms - 27[39m
[35m[HTTP][39m [90m[39m
[35m[HTTP][39m [37m-->[39m [37mPOST[39m [37m/wd/hub/session/9d727351-41c0-49f2-b311-7068f911f0d1/element/0b7196da-1b07-4b56-93bc-93fa5efc38a7/value[39m
[35m[HTTP][39m [90m{"id":"0b7196da-1b07-4b56-93bc-93fa5efc38a7","text":"123456","value":["1","2","3","4","5","6"]}[39m
[35m[HTTP][39m [37m<-- POST /wd/hub/session/9d727351-41c0-49f2-b311-7068f911f0d1/element/0b7196da-1b07-4b56-93bc-93fa5efc38a7/value [39m[32m200[39m [90m1084 ms - 12[39m
[35m[HTTP][39m [90m[39m
[35m[HTTP][39m [37m-->[39m [37mPOST[39m [37m/wd/hub/session/9d727351-41c0-49f2-b311-7068f911f0d1/timeouts[39m
[35m[HTTP][39m [90m{"implicit":50}[39m
[35m[HTTP][39m [37m<-- POST /wd/hub/session/9d727351-41c0-49f2-b311-7068f911f0d1/timeouts [39m[32m200[39m [90m2 ms - 14[39m
[35m[HTTP][39m [90m[39m
[35m[HTTP][39m [37m-->[39m [37mGET[39m [37m/wd/hub/session/9d727351-41c0-49f2-b311-7068f911f0d1/window/rect[39m
[35m[HTTP][39m [90m{}[39m
[35m[HTTP][39m [37m<-- GET /wd/hub/session/9d727351-41c0-49f2-b311-7068f911f0d1/window/rect [39m[32m200[39m [90m18 ms - 50[39m
[35m[HTTP][39m [90m[39m
[35m[HTTP][39m [37m-->[39m [37mPOST[39m [37m/wd/hub/session/9d727351-41c0-49f2-b311-7068f911f0d1/elements[39m
[35m[HTTP][39m [90m{"using":"xpath","value":"//hierarchy/android.widget.FrameLayout[1]/android.widget.LinearLayout[1]/android.widget.FrameLayout[1]/android.widget.LinearLayout[1]/android.widget.FrameLayout[1]/android.widget.FrameLayout[1]/android.view.ViewGroup[1]/android.view.ViewGroup[1]/android.view.ViewGroup[1]/android.view.ViewGroup[1]/android.support.v4.widget.DrawerLayout[1]/android.view.ViewGroup[1]/android.view.ViewGroup[1]/android.view.ViewGroup[1]/android.view.ViewGroup[1]/android.view.ViewGroup[1]/android.view.ViewGroup[1]/android.widget.ScrollView[1]/android.view.ViewGroup[1]/android.view.ViewGroup[7]/android.widget.TextView[1]"}[39m
[35m[HTTP][39m [37m<-- POST /wd/hub/session/9d727351-41c0-49f2-b311-7068f911f0d1/elements [39m[32m200[39m [90m690 ms - 139[39m
[35m[HTTP][39m [90m[39m
[35m[HTTP][39m [37m-->[39m [37mGET[39m [37m/wd/hub/session/9d727351-41c0-49f2-b311-7068f911f0d1/element/f9aa87d9-1f59-4f6a-9795-a30be70c8e00/location[39m
[35m[HTTP][39m [90m{}[39m
[35m[W3C (9d727351)][39m Driver proxy active, passing request on via HTTP proxy
[35m[WD Proxy][39m Replacing sessionId 19037e46-cc45-4cad-8398-1371b62ed849 with 9d727351-41c0-49f2-b311-7068f911f0d1
[35m[HTTP][39m [37m<-- GET /wd/hub/session/9d727351-41c0-49f2-b311-7068f911f0d1/element/f9aa87d9-1f59-4f6a-9795-a30be70c8e00/location [39m[32m200[39m [90m20 ms - 90[39m
[35m[HTTP][39m [90m[39m
[35m[HTTP][39m [37m-->[39m [37mPOST[39m [37m/wd/hub/session/9d727351-41c0-49f2-b311-7068f911f0d1/timeouts[39m
[35m[HTTP][39m [90m{"implicit":30000}[39m
[35m[HTTP][39m [37m<-- POST /wd/hub/session/9d727351-41c0-49f2-b311-7068f911f0d1/timeouts [39m[32m200[39m [90m2 ms - 14[39m
[35m[HTTP][39m [90m[39m
[35m[HTTP][39m [37m-->[39m [37mPOST[39m [37m/wd/hub/session/9d727351-41c0-49f2-b311-7068f911f0d1/touch/perform[39m
[35m[HTTP][39m [90m{"actions":[{"action":"tap","options":{"x":1,"y":1,"element":"f9aa87d9-1f59-4f6a-9795-a30be70c8e00"}},{"action":"release","options":{}}]}[39m
[35m[UiAutomator2][39m calling get location: f9aa87d9-1f59-4f6a-9795-a30be70c8e00
[35m[HTTP][39m [37m<-- POST /wd/hub/session/9d727351-41c0-49f2-b311-7068f911f0d1/touch/perform [39m[32m200[39m [90m54 ms - 14[39m
[35m[HTTP][39m [90m[39m
[35m[HTTP][39m [37m-->[39m [37mDELETE[39m [37m/wd/hub/session/9d727351-41c0-49f2-b311-7068f911f0d1[39m
[35m[HTTP][39m [90m{}[39m
[35m[Appium][39m Removing session 9d727351-41c0-49f2-b311-7068f911f0d1 from our master session list
[35m[ADB][39m io.nativebase.market.geekyants.taxiappdriver was successfully uninstalled
[35m[HTTP][39m [37m<-- DELETE /wd/hub/session/9d727351-41c0-49f2-b311-7068f911f0d1 [39m[32m200[39m [90m2810 ms - 14[39m
[35m[HTTP][39m [90m[39m
